Processing datasets for vleo with 10 minutes and 800 random systems.
GPU is available
Training data location: C:/Users/hu650776/GMAT-Thrust-Data/data/classification/vleo/10min-800
Test data location: C:/Users/hu650776/GMAT-Thrust-Data/data/classification/vleo/10min-800

Entering Decision Trees Training Loop

	Elapsed time is 0.2095 seconds.

==========================================================================================
Total parameters: NaN
Total memory (bytes): 359243
Total memory (MB): 0.34260082244873047
==========================================================================================

Decision Trees Validation
Validation Loss: 1.3895, Validation Accuracy: 25.78%

Per-Class Validation Accuracy:
  No Thrust: 19.38% (31/160)
  Chemical: 13.12% (21/160)
  Electric: 27.50% (44/160)
  Impulsive: 43.12% (69/160)

Classification Report:
              precision    recall  f1-score   support

   No Thrust     0.2605    0.1938    0.2222       160
    Chemical     0.2500    0.1313    0.1721       160
    Electric     0.2543    0.2750    0.2643       160
   Impulsive     0.2614    0.4313    0.3255       160

    accuracy                         0.2578       640
   macro avg     0.2566    0.2578    0.2460       640
weighted avg     0.2566    0.2578    0.2460       640


Confusion Matrix (rows = true, cols = predicted):
             P_No Thrust  P_Chemical  P_Electric  P_Impulsive
T_No Thrust           31          20          44           65
T_Chemical            31          21          43           65
T_Electric            31          20          44           65
T_Impulsive           26          23          42           69

Decision Trees Inference Time	Elapsed time is 0.0144 seconds.

Entering LSTM Training Loop
Epoch [1/100], Training Loss: 1.3905
Validation Loss: 1.3870, Validation Accuracy: 25.00%

Per-Class Validation Accuracy:
  No Thrust: 0.00% (0/160)
  Chemical: 100.00% (160/160)
  Electric: 0.00% (0/160)
  Impulsive: 0.00% (0/160)
Epoch [2/100], Training Loss: 1.3892
Validation Loss: 1.3863, Validation Accuracy: 25.00%

Per-Class Validation Accuracy:
  No Thrust: 0.00% (0/160)
  Chemical: 100.00% (160/160)
  Electric: 0.00% (0/160)
  Impulsive: 0.00% (0/160)
Epoch [3/100], Training Loss: 1.3893
Validation Loss: 1.3864, Validation Accuracy: 25.00%

Per-Class Validation Accuracy:
  No Thrust: 0.00% (0/160)
  Chemical: 100.00% (160/160)
  Electric: 0.00% (0/160)
  Impulsive: 0.00% (0/160)
Epoch [4/100], Training Loss: 1.3872
Validation Loss: 1.3865, Validation Accuracy: 25.00%

Per-Class Validation Accuracy:
  No Thrust: 0.00% (0/160)
  Chemical: 100.00% (160/160)
  Electric: 0.00% (0/160)
  Impulsive: 0.00% (0/160)
Epoch [5/100], Training Loss: 1.3874
Validation Loss: 1.3864, Validation Accuracy: 25.00%

Per-Class Validation Accuracy:
  No Thrust: 0.00% (0/160)
  Chemical: 0.00% (0/160)
  Electric: 100.00% (160/160)
  Impulsive: 0.00% (0/160)
Epoch [6/100], Training Loss: 1.3876
Validation Loss: 1.3864, Validation Accuracy: 25.00%

Per-Class Validation Accuracy:
  No Thrust: 0.00% (0/160)
  Chemical: 0.00% (0/160)
  Electric: 100.00% (160/160)
  Impulsive: 0.00% (0/160)
Epoch [7/100], Training Loss: 1.3878
Validation Loss: 1.3863, Validation Accuracy: 25.00%

Per-Class Validation Accuracy:
  No Thrust: 40.00% (64/160)
  Chemical: 40.00% (64/160)
  Electric: 10.00% (16/160)
  Impulsive: 10.00% (16/160)
Epoch [8/100], Training Loss: 1.3869
Validation Loss: 1.3863, Validation Accuracy: 25.00%

Per-Class Validation Accuracy:
  No Thrust: 0.00% (0/160)
  Chemical: 100.00% (160/160)
  Electric: 0.00% (0/160)
  Impulsive: 0.00% (0/160)
Epoch [9/100], Training Loss: 1.3875
Validation Loss: 1.3865, Validation Accuracy: 25.00%

Per-Class Validation Accuracy:
  No Thrust: 0.00% (0/160)
  Chemical: 100.00% (160/160)
  Electric: 0.00% (0/160)
  Impulsive: 0.00% (0/160)
Epoch [10/100], Training Loss: 1.3871
Validation Loss: 1.3863, Validation Accuracy: 25.00%

Per-Class Validation Accuracy:
  No Thrust: 60.00% (96/160)
  Chemical: 10.00% (16/160)
  Electric: 10.00% (16/160)
  Impulsive: 20.00% (32/160)
Epoch [11/100], Training Loss: 1.3866
Validation Loss: 1.3863, Validation Accuracy: 25.00%

Per-Class Validation Accuracy:
  No Thrust: 0.00% (0/160)
  Chemical: 0.00% (0/160)
  Electric: 100.00% (160/160)
  Impulsive: 0.00% (0/160)
Epoch [12/100], Training Loss: 1.3877
Validation Loss: 1.3863, Validation Accuracy: 26.56%

Per-Class Validation Accuracy:
  No Thrust: 20.00% (32/160)
  Chemical: 0.00% (0/160)
  Electric: 76.25% (122/160)
  Impulsive: 10.00% (16/160)
Epoch [13/100], Training Loss: 1.3868
Validation Loss: 1.3863, Validation Accuracy: 25.00%

Per-Class Validation Accuracy:
  No Thrust: 20.00% (32/160)
  Chemical: 10.00% (16/160)
  Electric: 60.00% (96/160)
  Impulsive: 10.00% (16/160)
Epoch [14/100], Training Loss: 1.3869
Validation Loss: 1.3863, Validation Accuracy: 25.16%

Per-Class Validation Accuracy:
  No Thrust: 0.00% (0/160)
  Chemical: 98.12% (157/160)
  Electric: 0.00% (0/160)
  Impulsive: 2.50% (4/160)
Epoch [15/100], Training Loss: 1.3859
Validation Loss: 1.3863, Validation Accuracy: 25.00%

Per-Class Validation Accuracy:
  No Thrust: 10.00% (16/160)
  Chemical: 40.00% (64/160)
  Electric: 40.00% (64/160)
  Impulsive: 10.00% (16/160)
Epoch [16/100], Training Loss: 1.3871
Validation Loss: 1.3863, Validation Accuracy: 25.00%

Per-Class Validation Accuracy:
  No Thrust: 0.00% (0/160)
  Chemical: 80.00% (128/160)
  Electric: 10.00% (16/160)
  Impulsive: 10.00% (16/160)
Epoch [17/100], Training Loss: 1.3881
Validation Loss: 1.3863, Validation Accuracy: 25.00%

Per-Class Validation Accuracy:
  No Thrust: 0.00% (0/160)
  Chemical: 80.00% (128/160)
  Electric: 20.00% (32/160)
  Impulsive: 0.00% (0/160)
Epoch [18/100], Training Loss: 1.3868
Validation Loss: 1.3863, Validation Accuracy: 25.00%

Per-Class Validation Accuracy:
  No Thrust: 0.00% (0/160)
  Chemical: 90.00% (144/160)
  Electric: 0.00% (0/160)
  Impulsive: 10.00% (16/160)
Epoch [19/100], Training Loss: 1.3864
Validation Loss: 1.3863, Validation Accuracy: 25.00%

Per-Class Validation Accuracy:
  No Thrust: 0.00% (0/160)
  Chemical: 40.00% (64/160)
  Electric: 50.00% (80/160)
  Impulsive: 10.00% (16/160)
Epoch [20/100], Training Loss: 1.3875
Validation Loss: 1.3863, Validation Accuracy: 25.00%

Per-Class Validation Accuracy:
  No Thrust: 31.25% (50/160)
  Chemical: 38.75% (62/160)
  Electric: 20.00% (32/160)
  Impulsive: 10.00% (16/160)
Early stopping triggered.

	Elapsed time is 7.7129 seconds.

==========================================================================================
Total parameters: 18004
Total memory (bytes): 144032
Total memory (MB): 0.137359619140625
==========================================================================================

LSTM Validation
Validation Loss: 1.3863, Validation Accuracy: 25.00%

Per-Class Validation Accuracy:
  No Thrust: 31.25% (50/160)
  Chemical: 38.75% (62/160)
  Electric: 20.00% (32/160)
  Impulsive: 10.00% (16/160)

Classification Report:
              precision    recall  f1-score   support

   No Thrust     0.2427    0.3125    0.2732       160
    Chemical     0.2562    0.3875    0.3085       160
    Electric     0.2500    0.2000    0.2222       160
   Impulsive     0.2500    0.1000    0.1429       160

    accuracy                         0.2500       640
   macro avg     0.2497    0.2500    0.2367       640
weighted avg     0.2497    0.2500    0.2367       640


Confusion Matrix (rows = true, cols = predicted):
             P_No Thrust  P_Chemical  P_Electric  P_Impulsive
T_No Thrust           50          62          32           16
T_Chemical            50          62          32           16
T_Electric            50          62          32           16
T_Impulsive           56          56          32           16

LSTM Inference Time	Elapsed time is 0.2216 seconds.

Entering Mamba Training Loop
Epoch [1/100], Training Loss: 1.3917
Validation Loss: 1.3887, Validation Accuracy: 25.00%

Per-Class Validation Accuracy:
  No Thrust: 0.00% (0/160)
  Chemical: 13.12% (21/160)
  Electric: 81.88% (131/160)
  Impulsive: 5.00% (8/160)
Epoch [2/100], Training Loss: 1.3898
Validation Loss: 1.3882, Validation Accuracy: 25.00%

Per-Class Validation Accuracy:
  No Thrust: 0.00% (0/160)
  Chemical: 15.62% (25/160)
  Electric: 75.00% (120/160)
  Impulsive: 9.38% (15/160)
Epoch [3/100], Training Loss: 1.3897
Validation Loss: 1.3877, Validation Accuracy: 24.84%

Per-Class Validation Accuracy:
  No Thrust: 0.00% (0/160)
  Chemical: 10.00% (16/160)
  Electric: 77.50% (124/160)
  Impulsive: 11.88% (19/160)
Epoch [4/100], Training Loss: 1.3888
Validation Loss: 1.3875, Validation Accuracy: 25.00%

Per-Class Validation Accuracy:
  No Thrust: 0.00% (0/160)
  Chemical: 16.88% (27/160)
  Electric: 66.25% (106/160)
  Impulsive: 16.88% (27/160)
Epoch [5/100], Training Loss: 1.3889
Validation Loss: 1.3872, Validation Accuracy: 25.00%

Per-Class Validation Accuracy:
  No Thrust: 0.00% (0/160)
  Chemical: 13.12% (21/160)
  Electric: 78.75% (126/160)
  Impulsive: 8.12% (13/160)
Epoch [6/100], Training Loss: 1.3871
Validation Loss: 1.3871, Validation Accuracy: 25.00%

Per-Class Validation Accuracy:
  No Thrust: 0.00% (0/160)
  Chemical: 17.50% (28/160)
  Electric: 62.50% (100/160)
  Impulsive: 20.00% (32/160)
Epoch [7/100], Training Loss: 1.3887
Validation Loss: 1.3869, Validation Accuracy: 24.84%

Per-Class Validation Accuracy:
  No Thrust: 0.00% (0/160)
  Chemical: 14.38% (23/160)
  Electric: 68.75% (110/160)
  Impulsive: 16.25% (26/160)
Epoch [8/100], Training Loss: 1.3876
Validation Loss: 1.3868, Validation Accuracy: 24.84%

Per-Class Validation Accuracy:
  No Thrust: 1.25% (2/160)
  Chemical: 25.62% (41/160)
  Electric: 53.12% (85/160)
  Impulsive: 19.38% (31/160)
Epoch [9/100], Training Loss: 1.3883
Validation Loss: 1.3867, Validation Accuracy: 25.00%

Per-Class Validation Accuracy:
  No Thrust: 0.62% (1/160)
  Chemical: 16.88% (27/160)
  Electric: 58.12% (93/160)
  Impulsive: 24.38% (39/160)
Epoch [10/100], Training Loss: 1.3883
Validation Loss: 1.3867, Validation Accuracy: 25.00%

Per-Class Validation Accuracy:
  No Thrust: 0.62% (1/160)
  Chemical: 22.50% (36/160)
  Electric: 56.25% (90/160)
  Impulsive: 20.62% (33/160)
Epoch [11/100], Training Loss: 1.3876
Validation Loss: 1.3867, Validation Accuracy: 25.00%

Per-Class Validation Accuracy:
  No Thrust: 0.62% (1/160)
  Chemical: 21.25% (34/160)
  Electric: 53.12% (85/160)
  Impulsive: 25.00% (40/160)
Epoch [12/100], Training Loss: 1.3866
Validation Loss: 1.3866, Validation Accuracy: 25.00%

Per-Class Validation Accuracy:
  No Thrust: 1.25% (2/160)
  Chemical: 18.75% (30/160)
  Electric: 57.50% (92/160)
  Impulsive: 22.50% (36/160)
Epoch [13/100], Training Loss: 1.3876
Validation Loss: 1.3866, Validation Accuracy: 25.00%

Per-Class Validation Accuracy:
  No Thrust: 1.88% (3/160)
  Chemical: 25.62% (41/160)
  Electric: 52.50% (84/160)
  Impulsive: 20.00% (32/160)
Epoch [14/100], Training Loss: 1.3873
Validation Loss: 1.3865, Validation Accuracy: 25.00%

Per-Class Validation Accuracy:
  No Thrust: 1.88% (3/160)
  Chemical: 23.12% (37/160)
  Electric: 48.12% (77/160)
  Impulsive: 26.88% (43/160)
Epoch [15/100], Training Loss: 1.3871
Validation Loss: 1.3865, Validation Accuracy: 24.84%

Per-Class Validation Accuracy:
  No Thrust: 4.38% (7/160)
  Chemical: 21.88% (35/160)
  Electric: 50.62% (81/160)
  Impulsive: 22.50% (36/160)
Epoch [16/100], Training Loss: 1.3878
Validation Loss: 1.3865, Validation Accuracy: 25.00%

Per-Class Validation Accuracy:
  No Thrust: 3.12% (5/160)
  Chemical: 28.12% (45/160)
  Electric: 45.00% (72/160)
  Impulsive: 23.75% (38/160)
Epoch [17/100], Training Loss: 1.3877
Validation Loss: 1.3865, Validation Accuracy: 25.00%

Per-Class Validation Accuracy:
  No Thrust: 5.62% (9/160)
  Chemical: 28.12% (45/160)
  Electric: 45.00% (72/160)
  Impulsive: 21.25% (34/160)
Epoch [18/100], Training Loss: 1.3870
Validation Loss: 1.3864, Validation Accuracy: 25.00%

Per-Class Validation Accuracy:
  No Thrust: 4.38% (7/160)
  Chemical: 19.38% (31/160)
  Electric: 54.38% (87/160)
  Impulsive: 21.88% (35/160)
Epoch [19/100], Training Loss: 1.3872
Validation Loss: 1.3864, Validation Accuracy: 25.00%

Per-Class Validation Accuracy:
  No Thrust: 7.50% (12/160)
  Chemical: 21.88% (35/160)
  Electric: 50.62% (81/160)
  Impulsive: 20.00% (32/160)
Epoch [20/100], Training Loss: 1.3868
Validation Loss: 1.3864, Validation Accuracy: 25.00%

Per-Class Validation Accuracy:
  No Thrust: 6.88% (11/160)
  Chemical: 26.25% (42/160)
  Electric: 45.62% (73/160)
  Impulsive: 21.25% (34/160)
Epoch [21/100], Training Loss: 1.3869
Validation Loss: 1.3864, Validation Accuracy: 24.84%

Per-Class Validation Accuracy:
  No Thrust: 0.62% (1/160)
  Chemical: 34.38% (55/160)
  Electric: 38.75% (62/160)
  Impulsive: 25.62% (41/160)
Epoch [22/100], Training Loss: 1.3871
Validation Loss: 1.3864, Validation Accuracy: 25.00%

Per-Class Validation Accuracy:
  No Thrust: 0.62% (1/160)
  Chemical: 28.12% (45/160)
  Electric: 50.62% (81/160)
  Impulsive: 20.62% (33/160)
Epoch [23/100], Training Loss: 1.3870
Validation Loss: 1.3864, Validation Accuracy: 25.00%

Per-Class Validation Accuracy:
  No Thrust: 1.25% (2/160)
  Chemical: 35.62% (57/160)
  Electric: 34.38% (55/160)
  Impulsive: 28.75% (46/160)
Epoch [24/100], Training Loss: 1.3868
Validation Loss: 1.3864, Validation Accuracy: 25.00%

Per-Class Validation Accuracy:
  No Thrust: 0.62% (1/160)
  Chemical: 29.38% (47/160)
  Electric: 47.50% (76/160)
  Impulsive: 22.50% (36/160)
Epoch [25/100], Training Loss: 1.3864
Validation Loss: 1.3864, Validation Accuracy: 25.00%

Per-Class Validation Accuracy:
  No Thrust: 0.62% (1/160)
  Chemical: 30.62% (49/160)
  Electric: 45.00% (72/160)
  Impulsive: 23.75% (38/160)
Epoch [26/100], Training Loss: 1.3868
Validation Loss: 1.3864, Validation Accuracy: 25.00%

Per-Class Validation Accuracy:
  No Thrust: 1.25% (2/160)
  Chemical: 27.50% (44/160)
  Electric: 44.38% (71/160)
  Impulsive: 26.88% (43/160)
Epoch [27/100], Training Loss: 1.3866
Validation Loss: 1.3864, Validation Accuracy: 25.00%

Per-Class Validation Accuracy:
  No Thrust: 1.25% (2/160)
  Chemical: 30.00% (48/160)
  Electric: 41.88% (67/160)
  Impulsive: 26.88% (43/160)
Epoch [28/100], Training Loss: 1.3863
Validation Loss: 1.3864, Validation Accuracy: 25.00%

Per-Class Validation Accuracy:
  No Thrust: 1.25% (2/160)
  Chemical: 31.25% (50/160)
  Electric: 41.25% (66/160)
  Impulsive: 26.25% (42/160)
Epoch [29/100], Training Loss: 1.3864
Validation Loss: 1.3864, Validation Accuracy: 24.84%

Per-Class Validation Accuracy:
  No Thrust: 1.25% (2/160)
  Chemical: 29.38% (47/160)
  Electric: 41.88% (67/160)
  Impulsive: 26.88% (43/160)
Epoch [30/100], Training Loss: 1.3858
Validation Loss: 1.3864, Validation Accuracy: 25.00%

Per-Class Validation Accuracy:
  No Thrust: 3.75% (6/160)
  Chemical: 28.12% (45/160)
  Electric: 41.25% (66/160)
  Impulsive: 26.88% (43/160)
Epoch [31/100], Training Loss: 1.3863
Validation Loss: 1.3864, Validation Accuracy: 25.00%

Per-Class Validation Accuracy:
  No Thrust: 2.50% (4/160)
  Chemical: 28.75% (46/160)
  Electric: 41.25% (66/160)
  Impulsive: 27.50% (44/160)
Epoch [32/100], Training Loss: 1.3868
Validation Loss: 1.3864, Validation Accuracy: 25.00%

Per-Class Validation Accuracy:
  No Thrust: 3.75% (6/160)
  Chemical: 28.12% (45/160)
  Electric: 41.25% (66/160)
  Impulsive: 26.88% (43/160)
Epoch [33/100], Training Loss: 1.3864
Validation Loss: 1.3864, Validation Accuracy: 25.00%

Per-Class Validation Accuracy:
  No Thrust: 3.12% (5/160)
  Chemical: 27.50% (44/160)
  Electric: 42.50% (68/160)
  Impulsive: 26.88% (43/160)
Epoch [34/100], Training Loss: 1.3869
Validation Loss: 1.3864, Validation Accuracy: 25.00%

Per-Class Validation Accuracy:
  No Thrust: 2.50% (4/160)
  Chemical: 28.12% (45/160)
  Electric: 41.88% (67/160)
  Impulsive: 27.50% (44/160)
Epoch [35/100], Training Loss: 1.3862
Validation Loss: 1.3864, Validation Accuracy: 25.00%

Per-Class Validation Accuracy:
  No Thrust: 2.50% (4/160)
  Chemical: 28.12% (45/160)
  Electric: 41.88% (67/160)
  Impulsive: 27.50% (44/160)
Epoch [36/100], Training Loss: 1.3868
Validation Loss: 1.3864, Validation Accuracy: 25.00%

Per-Class Validation Accuracy:
  No Thrust: 2.50% (4/160)
  Chemical: 27.50% (44/160)
  Electric: 43.12% (69/160)
  Impulsive: 26.88% (43/160)
Epoch [37/100], Training Loss: 1.3863
Validation Loss: 1.3864, Validation Accuracy: 25.00%

Per-Class Validation Accuracy:
  No Thrust: 3.12% (5/160)
  Chemical: 28.12% (45/160)
  Electric: 41.88% (67/160)
  Impulsive: 26.88% (43/160)
Epoch [38/100], Training Loss: 1.3865
Validation Loss: 1.3864, Validation Accuracy: 24.84%

Per-Class Validation Accuracy:
  No Thrust: 2.50% (4/160)
  Chemical: 26.25% (42/160)
  Electric: 42.50% (68/160)
  Impulsive: 28.12% (45/160)
Epoch [39/100], Training Loss: 1.3870
Validation Loss: 1.3864, Validation Accuracy: 25.00%

Per-Class Validation Accuracy:
  No Thrust: 3.12% (5/160)
  Chemical: 28.12% (45/160)
  Electric: 41.88% (67/160)
  Impulsive: 26.88% (43/160)
Epoch [40/100], Training Loss: 1.3864
Validation Loss: 1.3864, Validation Accuracy: 25.00%

Per-Class Validation Accuracy:
  No Thrust: 3.12% (5/160)
  Chemical: 28.12% (45/160)
  Electric: 41.88% (67/160)
  Impulsive: 26.88% (43/160)
Epoch [41/100], Training Loss: 1.3861
Validation Loss: 1.3864, Validation Accuracy: 25.16%

Per-Class Validation Accuracy:
  No Thrust: 3.12% (5/160)
  Chemical: 28.12% (45/160)
  Electric: 42.50% (68/160)
  Impulsive: 26.88% (43/160)
Epoch [42/100], Training Loss: 1.3867
Validation Loss: 1.3864, Validation Accuracy: 25.16%

Per-Class Validation Accuracy:
  No Thrust: 3.12% (5/160)
  Chemical: 28.12% (45/160)
  Electric: 42.50% (68/160)
  Impulsive: 26.88% (43/160)
Epoch [43/100], Training Loss: 1.3862
Validation Loss: 1.3864, Validation Accuracy: 25.00%

Per-Class Validation Accuracy:
  No Thrust: 3.75% (6/160)
  Chemical: 28.12% (45/160)
  Electric: 40.62% (65/160)
  Impulsive: 27.50% (44/160)
Epoch [44/100], Training Loss: 1.3864
Validation Loss: 1.3864, Validation Accuracy: 25.00%

Per-Class Validation Accuracy:
  No Thrust: 3.12% (5/160)
  Chemical: 28.12% (45/160)
  Electric: 42.50% (68/160)
  Impulsive: 26.25% (42/160)
Epoch [45/100], Training Loss: 1.3866
Validation Loss: 1.3864, Validation Accuracy: 24.84%

Per-Class Validation Accuracy:
  No Thrust: 3.75% (6/160)
  Chemical: 27.50% (44/160)
  Electric: 41.25% (66/160)
  Impulsive: 26.88% (43/160)
Epoch [46/100], Training Loss: 1.3864
Validation Loss: 1.3864, Validation Accuracy: 25.00%

Per-Class Validation Accuracy:
  No Thrust: 3.75% (6/160)
  Chemical: 28.12% (45/160)
  Electric: 40.62% (65/160)
  Impulsive: 27.50% (44/160)
Epoch [47/100], Training Loss: 1.3864
Validation Loss: 1.3864, Validation Accuracy: 25.00%

Per-Class Validation Accuracy:
  No Thrust: 3.75% (6/160)
  Chemical: 28.12% (45/160)
  Electric: 40.62% (65/160)
  Impulsive: 27.50% (44/160)
Epoch [48/100], Training Loss: 1.3861
Validation Loss: 1.3864, Validation Accuracy: 25.00%

Per-Class Validation Accuracy:
  No Thrust: 3.75% (6/160)
  Chemical: 28.12% (45/160)
  Electric: 40.62% (65/160)
  Impulsive: 27.50% (44/160)
Epoch [49/100], Training Loss: 1.3864
Validation Loss: 1.3864, Validation Accuracy: 25.00%

Per-Class Validation Accuracy:
  No Thrust: 3.75% (6/160)
  Chemical: 28.12% (45/160)
  Electric: 40.62% (65/160)
  Impulsive: 27.50% (44/160)
Epoch [50/100], Training Loss: 1.3864
Validation Loss: 1.3864, Validation Accuracy: 25.00%

Per-Class Validation Accuracy:
  No Thrust: 3.75% (6/160)
  Chemical: 28.12% (45/160)
  Electric: 40.62% (65/160)
  Impulsive: 27.50% (44/160)
Epoch [51/100], Training Loss: 1.3862
Validation Loss: 1.3864, Validation Accuracy: 25.00%

Per-Class Validation Accuracy:
  No Thrust: 3.75% (6/160)
  Chemical: 28.12% (45/160)
  Electric: 40.62% (65/160)
  Impulsive: 27.50% (44/160)
Epoch [52/100], Training Loss: 1.3864
Validation Loss: 1.3864, Validation Accuracy: 25.00%

Per-Class Validation Accuracy:
  No Thrust: 3.75% (6/160)
  Chemical: 28.12% (45/160)
  Electric: 40.62% (65/160)
  Impulsive: 27.50% (44/160)
Epoch [53/100], Training Loss: 1.3863
Validation Loss: 1.3864, Validation Accuracy: 25.00%

Per-Class Validation Accuracy:
  No Thrust: 3.75% (6/160)
  Chemical: 28.12% (45/160)
  Electric: 40.62% (65/160)
  Impulsive: 27.50% (44/160)
Epoch [54/100], Training Loss: 1.3863
Validation Loss: 1.3864, Validation Accuracy: 25.00%

Per-Class Validation Accuracy:
  No Thrust: 3.75% (6/160)
  Chemical: 28.12% (45/160)
  Electric: 40.62% (65/160)
  Impulsive: 27.50% (44/160)
Epoch [55/100], Training Loss: 1.3865
Validation Loss: 1.3864, Validation Accuracy: 25.00%

Per-Class Validation Accuracy:
  No Thrust: 3.75% (6/160)
  Chemical: 28.12% (45/160)
  Electric: 40.62% (65/160)
  Impulsive: 27.50% (44/160)
Epoch [56/100], Training Loss: 1.3865
Validation Loss: 1.3864, Validation Accuracy: 25.00%

Per-Class Validation Accuracy:
  No Thrust: 3.75% (6/160)
  Chemical: 28.12% (45/160)
  Electric: 40.62% (65/160)
  Impulsive: 27.50% (44/160)
Epoch [57/100], Training Loss: 1.3866
Validation Loss: 1.3864, Validation Accuracy: 25.00%

Per-Class Validation Accuracy:
  No Thrust: 3.75% (6/160)
  Chemical: 28.12% (45/160)
  Electric: 40.62% (65/160)
  Impulsive: 27.50% (44/160)
Epoch [58/100], Training Loss: 1.3860
Validation Loss: 1.3864, Validation Accuracy: 25.00%

Per-Class Validation Accuracy:
  No Thrust: 3.75% (6/160)
  Chemical: 28.12% (45/160)
  Electric: 40.62% (65/160)
  Impulsive: 27.50% (44/160)
Epoch [59/100], Training Loss: 1.3863
Validation Loss: 1.3864, Validation Accuracy: 25.00%

Per-Class Validation Accuracy:
  No Thrust: 3.75% (6/160)
  Chemical: 28.12% (45/160)
  Electric: 40.62% (65/160)
  Impulsive: 27.50% (44/160)
Epoch [60/100], Training Loss: 1.3864
Validation Loss: 1.3864, Validation Accuracy: 25.00%

Per-Class Validation Accuracy:
  No Thrust: 3.75% (6/160)
  Chemical: 28.12% (45/160)
  Electric: 40.62% (65/160)
  Impulsive: 27.50% (44/160)
Epoch [61/100], Training Loss: 1.3859
Validation Loss: 1.3864, Validation Accuracy: 25.00%

Per-Class Validation Accuracy:
  No Thrust: 3.75% (6/160)
  Chemical: 28.12% (45/160)
  Electric: 40.62% (65/160)
  Impulsive: 27.50% (44/160)
Epoch [62/100], Training Loss: 1.3865
Validation Loss: 1.3864, Validation Accuracy: 25.00%

Per-Class Validation Accuracy:
  No Thrust: 3.75% (6/160)
  Chemical: 28.12% (45/160)
  Electric: 40.62% (65/160)
  Impulsive: 27.50% (44/160)
Epoch [63/100], Training Loss: 1.3864
Validation Loss: 1.3864, Validation Accuracy: 25.00%

Per-Class Validation Accuracy:
  No Thrust: 3.75% (6/160)
  Chemical: 28.12% (45/160)
  Electric: 40.62% (65/160)
  Impulsive: 27.50% (44/160)
Epoch [64/100], Training Loss: 1.3866
Validation Loss: 1.3864, Validation Accuracy: 25.00%

Per-Class Validation Accuracy:
  No Thrust: 3.75% (6/160)
  Chemical: 28.12% (45/160)
  Electric: 40.62% (65/160)
  Impulsive: 27.50% (44/160)
Epoch [65/100], Training Loss: 1.3865
Validation Loss: 1.3864, Validation Accuracy: 25.00%

Per-Class Validation Accuracy:
  No Thrust: 3.75% (6/160)
  Chemical: 28.12% (45/160)
  Electric: 40.62% (65/160)
  Impulsive: 27.50% (44/160)
Epoch [66/100], Training Loss: 1.3866
Validation Loss: 1.3864, Validation Accuracy: 25.00%

Per-Class Validation Accuracy:
  No Thrust: 3.75% (6/160)
  Chemical: 28.12% (45/160)
  Electric: 40.62% (65/160)
  Impulsive: 27.50% (44/160)
Epoch [67/100], Training Loss: 1.3865
Validation Loss: 1.3864, Validation Accuracy: 25.00%

Per-Class Validation Accuracy:
  No Thrust: 3.75% (6/160)
  Chemical: 28.12% (45/160)
  Electric: 40.62% (65/160)
  Impulsive: 27.50% (44/160)
Epoch [68/100], Training Loss: 1.3866
Validation Loss: 1.3864, Validation Accuracy: 25.00%

Per-Class Validation Accuracy:
  No Thrust: 3.75% (6/160)
  Chemical: 28.12% (45/160)
  Electric: 40.62% (65/160)
  Impulsive: 27.50% (44/160)
Epoch [69/100], Training Loss: 1.3860
Validation Loss: 1.3864, Validation Accuracy: 25.00%

Per-Class Validation Accuracy:
  No Thrust: 3.75% (6/160)
  Chemical: 28.12% (45/160)
  Electric: 40.62% (65/160)
  Impulsive: 27.50% (44/160)
Epoch [70/100], Training Loss: 1.3861
Validation Loss: 1.3864, Validation Accuracy: 25.00%

Per-Class Validation Accuracy:
  No Thrust: 3.75% (6/160)
  Chemical: 28.12% (45/160)
  Electric: 40.62% (65/160)
  Impulsive: 27.50% (44/160)
Epoch [71/100], Training Loss: 1.3866
Validation Loss: 1.3864, Validation Accuracy: 25.00%

Per-Class Validation Accuracy:
  No Thrust: 3.75% (6/160)
  Chemical: 28.12% (45/160)
  Electric: 40.62% (65/160)
  Impulsive: 27.50% (44/160)
Epoch [72/100], Training Loss: 1.3866
Validation Loss: 1.3864, Validation Accuracy: 25.00%

Per-Class Validation Accuracy:
  No Thrust: 3.75% (6/160)
  Chemical: 28.12% (45/160)
  Electric: 40.62% (65/160)
  Impulsive: 27.50% (44/160)
Epoch [73/100], Training Loss: 1.3864
Validation Loss: 1.3864, Validation Accuracy: 25.00%

Per-Class Validation Accuracy:
  No Thrust: 3.75% (6/160)
  Chemical: 28.12% (45/160)
  Electric: 40.62% (65/160)
  Impulsive: 27.50% (44/160)
Epoch [74/100], Training Loss: 1.3864
Validation Loss: 1.3864, Validation Accuracy: 25.00%

Per-Class Validation Accuracy:
  No Thrust: 3.75% (6/160)
  Chemical: 28.12% (45/160)
  Electric: 40.62% (65/160)
  Impulsive: 27.50% (44/160)
Epoch [75/100], Training Loss: 1.3861
Validation Loss: 1.3864, Validation Accuracy: 25.00%

Per-Class Validation Accuracy:
  No Thrust: 3.75% (6/160)
  Chemical: 28.12% (45/160)
  Electric: 40.62% (65/160)
  Impulsive: 27.50% (44/160)
Epoch [76/100], Training Loss: 1.3864
Validation Loss: 1.3864, Validation Accuracy: 25.00%

Per-Class Validation Accuracy:
  No Thrust: 3.75% (6/160)
  Chemical: 28.12% (45/160)
  Electric: 40.62% (65/160)
  Impulsive: 27.50% (44/160)
Epoch [77/100], Training Loss: 1.3867
Validation Loss: 1.3864, Validation Accuracy: 25.00%

Per-Class Validation Accuracy:
  No Thrust: 3.75% (6/160)
  Chemical: 28.12% (45/160)
  Electric: 40.62% (65/160)
  Impulsive: 27.50% (44/160)
Epoch [78/100], Training Loss: 1.3864
Validation Loss: 1.3864, Validation Accuracy: 25.00%

Per-Class Validation Accuracy:
  No Thrust: 3.75% (6/160)
  Chemical: 28.12% (45/160)
  Electric: 40.62% (65/160)
  Impulsive: 27.50% (44/160)
Epoch [79/100], Training Loss: 1.3864
Validation Loss: 1.3864, Validation Accuracy: 25.00%

Per-Class Validation Accuracy:
  No Thrust: 3.75% (6/160)
  Chemical: 28.12% (45/160)
  Electric: 40.62% (65/160)
  Impulsive: 27.50% (44/160)
Epoch [80/100], Training Loss: 1.3865
Validation Loss: 1.3864, Validation Accuracy: 25.00%

Per-Class Validation Accuracy:
  No Thrust: 3.75% (6/160)
  Chemical: 28.12% (45/160)
  Electric: 40.62% (65/160)
  Impulsive: 27.50% (44/160)
Epoch [81/100], Training Loss: 1.3864
Validation Loss: 1.3864, Validation Accuracy: 25.00%

Per-Class Validation Accuracy:
  No Thrust: 3.75% (6/160)
  Chemical: 28.12% (45/160)
  Electric: 40.62% (65/160)
  Impulsive: 27.50% (44/160)
Epoch [82/100], Training Loss: 1.3869
Validation Loss: 1.3864, Validation Accuracy: 25.00%

Per-Class Validation Accuracy:
  No Thrust: 3.75% (6/160)
  Chemical: 28.12% (45/160)
  Electric: 40.62% (65/160)
  Impulsive: 27.50% (44/160)
Epoch [83/100], Training Loss: 1.3860
Validation Loss: 1.3864, Validation Accuracy: 25.00%

Per-Class Validation Accuracy:
  No Thrust: 3.75% (6/160)
  Chemical: 28.12% (45/160)
  Electric: 40.62% (65/160)
  Impulsive: 27.50% (44/160)
Epoch [84/100], Training Loss: 1.3864
Validation Loss: 1.3864, Validation Accuracy: 25.00%

Per-Class Validation Accuracy:
  No Thrust: 3.75% (6/160)
  Chemical: 28.12% (45/160)
  Electric: 40.62% (65/160)
  Impulsive: 27.50% (44/160)
Epoch [85/100], Training Loss: 1.3866
Validation Loss: 1.3864, Validation Accuracy: 25.00%

Per-Class Validation Accuracy:
  No Thrust: 3.75% (6/160)
  Chemical: 28.12% (45/160)
  Electric: 40.62% (65/160)
  Impulsive: 27.50% (44/160)
Epoch [86/100], Training Loss: 1.3862
Validation Loss: 1.3864, Validation Accuracy: 25.00%

Per-Class Validation Accuracy:
  No Thrust: 3.75% (6/160)
  Chemical: 28.12% (45/160)
  Electric: 40.62% (65/160)
  Impulsive: 27.50% (44/160)
Epoch [87/100], Training Loss: 1.3868
Validation Loss: 1.3864, Validation Accuracy: 25.00%

Per-Class Validation Accuracy:
  No Thrust: 3.75% (6/160)
  Chemical: 28.12% (45/160)
  Electric: 40.62% (65/160)
  Impulsive: 27.50% (44/160)
Epoch [88/100], Training Loss: 1.3861
Validation Loss: 1.3864, Validation Accuracy: 25.00%

Per-Class Validation Accuracy:
  No Thrust: 3.75% (6/160)
  Chemical: 28.12% (45/160)
  Electric: 40.62% (65/160)
  Impulsive: 27.50% (44/160)
Epoch [89/100], Training Loss: 1.3868
Validation Loss: 1.3864, Validation Accuracy: 25.00%

Per-Class Validation Accuracy:
  No Thrust: 3.75% (6/160)
  Chemical: 28.12% (45/160)
  Electric: 40.62% (65/160)
  Impulsive: 27.50% (44/160)
Epoch [90/100], Training Loss: 1.3861
Validation Loss: 1.3864, Validation Accuracy: 25.00%

Per-Class Validation Accuracy:
  No Thrust: 3.75% (6/160)
  Chemical: 28.12% (45/160)
  Electric: 40.62% (65/160)
  Impulsive: 27.50% (44/160)
Epoch [91/100], Training Loss: 1.3866
Validation Loss: 1.3864, Validation Accuracy: 25.00%

Per-Class Validation Accuracy:
  No Thrust: 3.75% (6/160)
  Chemical: 28.12% (45/160)
  Electric: 40.62% (65/160)
  Impulsive: 27.50% (44/160)
Epoch [92/100], Training Loss: 1.3861
Validation Loss: 1.3864, Validation Accuracy: 25.00%

Per-Class Validation Accuracy:
  No Thrust: 3.75% (6/160)
  Chemical: 28.12% (45/160)
  Electric: 40.62% (65/160)
  Impulsive: 27.50% (44/160)
Epoch [93/100], Training Loss: 1.3870
Validation Loss: 1.3864, Validation Accuracy: 25.00%

Per-Class Validation Accuracy:
  No Thrust: 3.75% (6/160)
  Chemical: 28.12% (45/160)
  Electric: 40.62% (65/160)
  Impulsive: 27.50% (44/160)
Epoch [94/100], Training Loss: 1.3862
Validation Loss: 1.3864, Validation Accuracy: 25.00%

Per-Class Validation Accuracy:
  No Thrust: 3.75% (6/160)
  Chemical: 28.12% (45/160)
  Electric: 40.62% (65/160)
  Impulsive: 27.50% (44/160)
Epoch [95/100], Training Loss: 1.3860
Validation Loss: 1.3864, Validation Accuracy: 25.00%

Per-Class Validation Accuracy:
  No Thrust: 3.75% (6/160)
  Chemical: 28.12% (45/160)
  Electric: 40.62% (65/160)
  Impulsive: 27.50% (44/160)
Epoch [96/100], Training Loss: 1.3864
Validation Loss: 1.3864, Validation Accuracy: 25.00%

Per-Class Validation Accuracy:
  No Thrust: 3.75% (6/160)
  Chemical: 28.12% (45/160)
  Electric: 40.62% (65/160)
  Impulsive: 27.50% (44/160)
Epoch [97/100], Training Loss: 1.3864
Validation Loss: 1.3864, Validation Accuracy: 25.00%

Per-Class Validation Accuracy:
  No Thrust: 3.75% (6/160)
  Chemical: 28.12% (45/160)
  Electric: 40.62% (65/160)
  Impulsive: 27.50% (44/160)
Epoch [98/100], Training Loss: 1.3868
Validation Loss: 1.3864, Validation Accuracy: 25.00%

Per-Class Validation Accuracy:
  No Thrust: 3.75% (6/160)
  Chemical: 28.12% (45/160)
  Electric: 40.62% (65/160)
  Impulsive: 27.50% (44/160)
Epoch [99/100], Training Loss: 1.3865
Validation Loss: 1.3864, Validation Accuracy: 25.00%

Per-Class Validation Accuracy:
  No Thrust: 3.75% (6/160)
  Chemical: 28.12% (45/160)
  Electric: 40.62% (65/160)
  Impulsive: 27.50% (44/160)
Epoch [100/100], Training Loss: 1.3864
Validation Loss: 1.3864, Validation Accuracy: 25.00%

Per-Class Validation Accuracy:
  No Thrust: 3.75% (6/160)
  Chemical: 28.12% (45/160)
  Electric: 40.62% (65/160)
  Impulsive: 27.50% (44/160)

	Elapsed time is 54.4220 seconds.

==========================================================================================
Total parameters: 6106
Total memory (bytes): 48848
Total memory (MB): 0.0465850830078125
==========================================================================================

Mamba Validation
Validation Loss: 1.3864, Validation Accuracy: 25.00%

Per-Class Validation Accuracy:
  No Thrust: 3.75% (6/160)
  Chemical: 28.12% (45/160)
  Electric: 40.62% (65/160)
  Impulsive: 27.50% (44/160)

Classification Report:
              precision    recall  f1-score   support

   No Thrust     0.2400    0.0375    0.0649       160
    Chemical     0.2500    0.2812    0.2647       160
    Electric     0.2510    0.4062    0.3103       160
   Impulsive     0.2500    0.2750    0.2619       160

    accuracy                         0.2500       640
   macro avg     0.2477    0.2500    0.2254       640
weighted avg     0.2477    0.2500    0.2254       640


Confusion Matrix (rows = true, cols = predicted):
             P_No Thrust  P_Chemical  P_Electric  P_Impulsive
T_No Thrust            6          45          65           44
T_Chemical             6          45          65           44
T_Electric             6          45          65           44
T_Impulsive            7          45          64           44

Mamba Inference Time	Elapsed time is 0.3337 seconds.
