Processing datasets for vleo with 10 minutes and 800 random systems.
GPU is available
Training data location: C:/Users/hu650776/GMAT-Thrust-Data/data/classification/vleo/10min-800
Test data location: C:/Users/hu650776/GMAT-Thrust-Data/data/classification/vleo/10min-800

Entering Decision Trees Training Loop

	Elapsed time is 0.1904 seconds.

==========================================================================================
Total parameters: NaN
Total memory (bytes): 351432
Total memory (MB): 0.33515167236328125
==========================================================================================

Decision Trees Validation
Validation Loss: 0.8259, Validation Accuracy: 62.34%

Per-Class Validation Accuracy:
  No Thrust: 43.75% (70/160)
  Chemical: 75.00% (120/160)
  Electric: 31.25% (50/160)
  Impulsive: 99.38% (159/160)

Classification Report:
              precision    recall  f1-score   support

   No Thrust     0.4348    0.4375    0.4361       160
    Chemical     0.6061    0.7500    0.6704       160
    Electric     0.4132    0.3125    0.3559       160
   Impulsive     0.9938    0.9938    0.9938       160

    accuracy                         0.6234       640
   macro avg     0.6120    0.6234    0.6140       640
weighted avg     0.6120    0.6234    0.6140       640


Confusion Matrix (rows = true, cols = predicted):
             P_No Thrust  P_Chemical  P_Electric  P_Impulsive
T_No Thrust           70          38          52            0
T_Chemical            20         120          19            1
T_Electric            71          39          50            0
T_Impulsive            0           1           0          159

Decision Trees Inference Time	Elapsed time is 0.0167 seconds.

Entering LSTM Training Loop
Epoch [1/100], Training Loss: 1.3893
Validation Loss: 1.3824, Validation Accuracy: 29.69%

Per-Class Validation Accuracy:
  No Thrust: 36.88% (59/160)
  Chemical: 59.38% (95/160)
  Electric: 22.50% (36/160)
  Impulsive: 0.00% (0/160)
Epoch [2/100], Training Loss: 1.3895
Validation Loss: 1.3784, Validation Accuracy: 42.03%

Per-Class Validation Accuracy:
  No Thrust: 0.00% (0/160)
  Chemical: 35.62% (57/160)
  Electric: 32.50% (52/160)
  Impulsive: 100.00% (160/160)
Epoch [3/100], Training Loss: 1.3712
Validation Loss: 1.3018, Validation Accuracy: 34.22%

Per-Class Validation Accuracy:
  No Thrust: 6.25% (10/160)
  Chemical: 3.12% (5/160)
  Electric: 61.88% (99/160)
  Impulsive: 65.62% (105/160)
Epoch [4/100], Training Loss: 1.2927
Validation Loss: 1.2209, Validation Accuracy: 47.97%

Per-Class Validation Accuracy:
  No Thrust: 10.00% (16/160)
  Chemical: 21.88% (35/160)
  Electric: 66.88% (107/160)
  Impulsive: 93.12% (149/160)
Epoch [5/100], Training Loss: 1.2365
Validation Loss: 1.1410, Validation Accuracy: 45.00%

Per-Class Validation Accuracy:
  No Thrust: 39.38% (63/160)
  Chemical: 10.00% (16/160)
  Electric: 39.38% (63/160)
  Impulsive: 91.25% (146/160)
Epoch [6/100], Training Loss: 1.2014
Validation Loss: 1.1030, Validation Accuracy: 46.56%

Per-Class Validation Accuracy:
  No Thrust: 76.25% (122/160)
  Chemical: 16.88% (27/160)
  Electric: 0.00% (0/160)
  Impulsive: 93.12% (149/160)
Epoch [7/100], Training Loss: 1.1647
Validation Loss: 1.0946, Validation Accuracy: 49.84%

Per-Class Validation Accuracy:
  No Thrust: 28.12% (45/160)
  Chemical: 37.50% (60/160)
  Electric: 48.12% (77/160)
  Impulsive: 85.62% (137/160)
Epoch [8/100], Training Loss: 1.1463
Validation Loss: 1.0552, Validation Accuracy: 50.78%

Per-Class Validation Accuracy:
  No Thrust: 1.25% (2/160)
  Chemical: 38.12% (61/160)
  Electric: 66.25% (106/160)
  Impulsive: 97.50% (156/160)
Epoch [9/100], Training Loss: 1.1058
Validation Loss: 1.0338, Validation Accuracy: 47.03%

Per-Class Validation Accuracy:
  No Thrust: 0.00% (0/160)
  Chemical: 31.25% (50/160)
  Electric: 58.75% (94/160)
  Impulsive: 98.12% (157/160)
Epoch [10/100], Training Loss: 1.0875
Validation Loss: 0.9949, Validation Accuracy: 50.47%

Per-Class Validation Accuracy:
  No Thrust: 63.12% (101/160)
  Chemical: 39.38% (63/160)
  Electric: 0.00% (0/160)
  Impulsive: 99.38% (159/160)
Epoch [11/100], Training Loss: 1.0572
Validation Loss: 0.9841, Validation Accuracy: 55.00%

Per-Class Validation Accuracy:
  No Thrust: 86.88% (139/160)
  Chemical: 35.00% (56/160)
  Electric: 0.00% (0/160)
  Impulsive: 98.12% (157/160)
Epoch [12/100], Training Loss: 1.0580
Validation Loss: 0.9905, Validation Accuracy: 48.44%

Per-Class Validation Accuracy:
  No Thrust: 60.00% (96/160)
  Chemical: 33.75% (54/160)
  Electric: 0.00% (0/160)
  Impulsive: 100.00% (160/160)
Epoch [13/100], Training Loss: 1.0551
Validation Loss: 1.0043, Validation Accuracy: 43.28%

Per-Class Validation Accuracy:
  No Thrust: 3.12% (5/160)
  Chemical: 32.50% (52/160)
  Electric: 37.50% (60/160)
  Impulsive: 100.00% (160/160)
Epoch [14/100], Training Loss: 1.0340
Validation Loss: 0.9323, Validation Accuracy: 53.59%

Per-Class Validation Accuracy:
  No Thrust: 0.00% (0/160)
  Chemical: 50.00% (80/160)
  Electric: 66.25% (106/160)
  Impulsive: 98.12% (157/160)
Epoch [15/100], Training Loss: 1.0385
Validation Loss: 0.9904, Validation Accuracy: 49.06%

Per-Class Validation Accuracy:
  No Thrust: 69.38% (111/160)
  Chemical: 26.88% (43/160)
  Electric: 0.00% (0/160)
  Impulsive: 100.00% (160/160)
Epoch [16/100], Training Loss: 1.0063
Validation Loss: 0.9719, Validation Accuracy: 46.09%

Per-Class Validation Accuracy:
  No Thrust: 0.00% (0/160)
  Chemical: 41.25% (66/160)
  Electric: 43.12% (69/160)
  Impulsive: 100.00% (160/160)
Epoch [17/100], Training Loss: 1.0001
Validation Loss: 0.9380, Validation Accuracy: 51.09%

Per-Class Validation Accuracy:
  No Thrust: 0.00% (0/160)
  Chemical: 41.88% (67/160)
  Electric: 63.75% (102/160)
  Impulsive: 98.75% (158/160)
Epoch [18/100], Training Loss: 1.0126
Validation Loss: 0.9302, Validation Accuracy: 53.12%

Per-Class Validation Accuracy:
  No Thrust: 0.00% (0/160)
  Chemical: 37.50% (60/160)
  Electric: 76.25% (122/160)
  Impulsive: 98.75% (158/160)
Epoch [19/100], Training Loss: 0.9999
Validation Loss: 0.9283, Validation Accuracy: 50.78%

Per-Class Validation Accuracy:
  No Thrust: 20.62% (33/160)
  Chemical: 33.75% (54/160)
  Electric: 49.38% (79/160)
  Impulsive: 99.38% (159/160)
Epoch [20/100], Training Loss: 1.0211
Validation Loss: 0.9327, Validation Accuracy: 54.22%

Per-Class Validation Accuracy:
  No Thrust: 75.62% (121/160)
  Chemical: 41.88% (67/160)
  Electric: 0.00% (0/160)
  Impulsive: 99.38% (159/160)
Epoch [21/100], Training Loss: 0.9740
Validation Loss: 0.9021, Validation Accuracy: 53.75%

Per-Class Validation Accuracy:
  No Thrust: 68.75% (110/160)
  Chemical: 46.88% (75/160)
  Electric: 0.00% (0/160)
  Impulsive: 99.38% (159/160)
Epoch [22/100], Training Loss: 1.0154
Validation Loss: 0.9165, Validation Accuracy: 55.00%

Per-Class Validation Accuracy:
  No Thrust: 30.62% (49/160)
  Chemical: 44.38% (71/160)
  Electric: 46.25% (74/160)
  Impulsive: 98.75% (158/160)
Epoch [23/100], Training Loss: 1.0138
Validation Loss: 0.9595, Validation Accuracy: 49.38%

Per-Class Validation Accuracy:
  No Thrust: 59.38% (95/160)
  Chemical: 38.12% (61/160)
  Electric: 0.00% (0/160)
  Impulsive: 100.00% (160/160)
Epoch [24/100], Training Loss: 0.9988
Validation Loss: 0.9193, Validation Accuracy: 53.75%

Per-Class Validation Accuracy:
  No Thrust: 12.50% (20/160)
  Chemical: 48.12% (77/160)
  Electric: 55.00% (88/160)
  Impulsive: 99.38% (159/160)
Epoch [25/100], Training Loss: 0.9713
Validation Loss: 0.8932, Validation Accuracy: 55.00%

Per-Class Validation Accuracy:
  No Thrust: 0.00% (0/160)
  Chemical: 46.25% (74/160)
  Electric: 75.00% (120/160)
  Impulsive: 98.75% (158/160)
Epoch [26/100], Training Loss: 0.9694
Validation Loss: 0.9347, Validation Accuracy: 50.16%

Per-Class Validation Accuracy:
  No Thrust: 0.00% (0/160)
  Chemical: 48.12% (77/160)
  Electric: 53.75% (86/160)
  Impulsive: 98.75% (158/160)
Epoch [27/100], Training Loss: 0.9708
Validation Loss: 0.9234, Validation Accuracy: 51.41%

Per-Class Validation Accuracy:
  No Thrust: 0.00% (0/160)
  Chemical: 41.25% (66/160)
  Electric: 64.38% (103/160)
  Impulsive: 100.00% (160/160)
Epoch [28/100], Training Loss: 0.9666
Validation Loss: 0.9174, Validation Accuracy: 53.12%

Per-Class Validation Accuracy:
  No Thrust: 33.12% (53/160)
  Chemical: 43.12% (69/160)
  Electric: 36.88% (59/160)
  Impulsive: 99.38% (159/160)
Epoch [29/100], Training Loss: 0.9767
Validation Loss: 0.9291, Validation Accuracy: 52.66%

Per-Class Validation Accuracy:
  No Thrust: 63.75% (102/160)
  Chemical: 48.12% (77/160)
  Electric: 0.00% (0/160)
  Impulsive: 98.75% (158/160)
Epoch [30/100], Training Loss: 0.9720
Validation Loss: 0.9270, Validation Accuracy: 52.50%

Per-Class Validation Accuracy:
  No Thrust: 0.00% (0/160)
  Chemical: 56.25% (90/160)
  Electric: 55.00% (88/160)
  Impulsive: 98.75% (158/160)
Epoch [31/100], Training Loss: 0.9623
Validation Loss: 0.9695, Validation Accuracy: 48.91%

Per-Class Validation Accuracy:
  No Thrust: 0.00% (0/160)
  Chemical: 35.00% (56/160)
  Electric: 61.25% (98/160)
  Impulsive: 99.38% (159/160)
Epoch [32/100], Training Loss: 0.9459
Validation Loss: 0.9467, Validation Accuracy: 49.06%

Per-Class Validation Accuracy:
  No Thrust: 0.00% (0/160)
  Chemical: 45.00% (72/160)
  Electric: 52.50% (84/160)
  Impulsive: 98.75% (158/160)
Epoch [33/100], Training Loss: 0.9372
Validation Loss: 0.9545, Validation Accuracy: 50.78%

Per-Class Validation Accuracy:
  No Thrust: 61.88% (99/160)
  Chemical: 42.50% (68/160)
  Electric: 0.00% (0/160)
  Impulsive: 98.75% (158/160)
Epoch [34/100], Training Loss: 0.9460
Validation Loss: 0.9890, Validation Accuracy: 48.28%

Per-Class Validation Accuracy:
  No Thrust: 0.00% (0/160)
  Chemical: 42.50% (68/160)
  Electric: 51.25% (82/160)
  Impulsive: 99.38% (159/160)
Epoch [35/100], Training Loss: 0.9466
Validation Loss: 0.9268, Validation Accuracy: 52.66%

Per-Class Validation Accuracy:
  No Thrust: 0.00% (0/160)
  Chemical: 45.00% (72/160)
  Electric: 66.88% (107/160)
  Impulsive: 98.75% (158/160)
Early stopping triggered.

	Elapsed time is 14.6860 seconds.

==========================================================================================
Total parameters: 18004
Total memory (bytes): 144032
Total memory (MB): 0.137359619140625
==========================================================================================

LSTM Validation
Validation Loss: 0.9268, Validation Accuracy: 52.66%

Per-Class Validation Accuracy:
  No Thrust: 0.00% (0/160)
  Chemical: 45.00% (72/160)
  Electric: 66.88% (107/160)
  Impulsive: 98.75% (158/160)

Classification Report:
              precision    recall  f1-score   support

   No Thrust     0.0000    0.0000    0.0000       160
    Chemical     0.4865    0.4500    0.4675       160
    Electric     0.3794    0.6687    0.4842       160
   Impulsive     0.7524    0.9875    0.8541       160

    accuracy                         0.5266       640
   macro avg     0.4046    0.5266    0.4514       640
weighted avg     0.4046    0.5266    0.4514       640


Confusion Matrix (rows = true, cols = predicted):
             P_No Thrust  P_Chemical  P_Electric  P_Impulsive
T_No Thrust            0          31         117           12
T_Chemical             0          72          58           30
T_Electric             0          43         107           10
T_Impulsive            0           2           0          158

LSTM Inference Time	Elapsed time is 0.2678 seconds.

Entering Mamba Training Loop
Epoch [1/100], Training Loss: 1.3855
Validation Loss: 1.3819, Validation Accuracy: 30.94%

Per-Class Validation Accuracy:
  No Thrust: 0.00% (0/160)
  Chemical: 0.00% (0/160)
  Electric: 42.50% (68/160)
  Impulsive: 81.25% (130/160)
Epoch [2/100], Training Loss: 1.3531
Validation Loss: 1.3456, Validation Accuracy: 30.16%

Per-Class Validation Accuracy:
  No Thrust: 11.25% (18/160)
  Chemical: 0.00% (0/160)
  Electric: 47.50% (76/160)
  Impulsive: 61.88% (99/160)
Epoch [3/100], Training Loss: 1.2804
Validation Loss: 1.3125, Validation Accuracy: 31.41%

Per-Class Validation Accuracy:
  No Thrust: 25.00% (40/160)
  Chemical: 2.50% (4/160)
  Electric: 50.62% (81/160)
  Impulsive: 47.50% (76/160)
Epoch [4/100], Training Loss: 1.2296
Validation Loss: 1.2730, Validation Accuracy: 33.59%

Per-Class Validation Accuracy:
  No Thrust: 14.38% (23/160)
  Chemical: 32.50% (52/160)
  Electric: 41.25% (66/160)
  Impulsive: 46.25% (74/160)
Epoch [5/100], Training Loss: 1.1879
Validation Loss: 1.2396, Validation Accuracy: 33.75%

Per-Class Validation Accuracy:
  No Thrust: 19.38% (31/160)
  Chemical: 26.25% (42/160)
  Electric: 39.38% (63/160)
  Impulsive: 50.00% (80/160)
Epoch [6/100], Training Loss: 1.1606
Validation Loss: 1.2357, Validation Accuracy: 36.88%

Per-Class Validation Accuracy:
  No Thrust: 37.50% (60/160)
  Chemical: 18.75% (30/160)
  Electric: 26.88% (43/160)
  Impulsive: 64.38% (103/160)
Epoch [7/100], Training Loss: 1.1404
Validation Loss: 1.2117, Validation Accuracy: 37.19%

Per-Class Validation Accuracy:
  No Thrust: 9.38% (15/160)
  Chemical: 26.88% (43/160)
  Electric: 46.88% (75/160)
  Impulsive: 65.62% (105/160)
Epoch [8/100], Training Loss: 1.1252
Validation Loss: 1.1939, Validation Accuracy: 39.22%

Per-Class Validation Accuracy:
  No Thrust: 32.50% (52/160)
  Chemical: 23.12% (37/160)
  Electric: 28.12% (45/160)
  Impulsive: 73.12% (117/160)
Epoch [9/100], Training Loss: 1.1207
Validation Loss: 1.1834, Validation Accuracy: 38.91%

Per-Class Validation Accuracy:
  No Thrust: 43.75% (70/160)
  Chemical: 18.12% (29/160)
  Electric: 20.00% (32/160)
  Impulsive: 73.75% (118/160)
Epoch [10/100], Training Loss: 1.1160
Validation Loss: 1.1781, Validation Accuracy: 39.84%

Per-Class Validation Accuracy:
  No Thrust: 36.25% (58/160)
  Chemical: 25.00% (40/160)
  Electric: 21.88% (35/160)
  Impulsive: 76.25% (122/160)
Epoch [11/100], Training Loss: 1.1047
Validation Loss: 1.1706, Validation Accuracy: 42.19%

Per-Class Validation Accuracy:
  No Thrust: 35.62% (57/160)
  Chemical: 25.62% (41/160)
  Electric: 24.38% (39/160)
  Impulsive: 83.12% (133/160)
Epoch [12/100], Training Loss: 1.1160
Validation Loss: 1.1708, Validation Accuracy: 41.72%

Per-Class Validation Accuracy:
  No Thrust: 10.00% (16/160)
  Chemical: 26.88% (43/160)
  Electric: 43.12% (69/160)
  Impulsive: 86.88% (139/160)
Epoch [13/100], Training Loss: 1.0982
Validation Loss: 1.1632, Validation Accuracy: 41.88%

Per-Class Validation Accuracy:
  No Thrust: 33.75% (54/160)
  Chemical: 26.88% (43/160)
  Electric: 23.75% (38/160)
  Impulsive: 83.12% (133/160)
Epoch [14/100], Training Loss: 1.0912
Validation Loss: 1.1749, Validation Accuracy: 41.25%

Per-Class Validation Accuracy:
  No Thrust: 8.75% (14/160)
  Chemical: 29.38% (47/160)
  Electric: 42.50% (68/160)
  Impulsive: 84.38% (135/160)
Epoch [15/100], Training Loss: 1.1026
Validation Loss: 1.1623, Validation Accuracy: 42.19%

Per-Class Validation Accuracy:
  No Thrust: 23.75% (38/160)
  Chemical: 28.12% (45/160)
  Electric: 30.00% (48/160)
  Impulsive: 86.88% (139/160)
Epoch [16/100], Training Loss: 1.0824
Validation Loss: 1.1643, Validation Accuracy: 42.19%

Per-Class Validation Accuracy:
  No Thrust: 4.38% (7/160)
  Chemical: 29.38% (47/160)
  Electric: 48.75% (78/160)
  Impulsive: 86.25% (138/160)
Epoch [17/100], Training Loss: 1.0824
Validation Loss: 1.1576, Validation Accuracy: 41.56%

Per-Class Validation Accuracy:
  No Thrust: 20.62% (33/160)
  Chemical: 30.00% (48/160)
  Electric: 35.00% (56/160)
  Impulsive: 80.62% (129/160)
Epoch [18/100], Training Loss: 1.0866
Validation Loss: 1.1589, Validation Accuracy: 42.50%

Per-Class Validation Accuracy:
  No Thrust: 17.50% (28/160)
  Chemical: 28.12% (45/160)
  Electric: 39.38% (63/160)
  Impulsive: 85.00% (136/160)
Epoch [19/100], Training Loss: 1.0788
Validation Loss: 1.1613, Validation Accuracy: 43.12%

Per-Class Validation Accuracy:
  No Thrust: 5.62% (9/160)
  Chemical: 35.00% (56/160)
  Electric: 43.75% (70/160)
  Impulsive: 88.12% (141/160)
Epoch [20/100], Training Loss: 1.0772
Validation Loss: 1.1537, Validation Accuracy: 42.50%

Per-Class Validation Accuracy:
  No Thrust: 19.38% (31/160)
  Chemical: 33.75% (54/160)
  Electric: 31.88% (51/160)
  Impulsive: 85.00% (136/160)
Epoch [21/100], Training Loss: 1.0785
Validation Loss: 1.1538, Validation Accuracy: 42.81%

Per-Class Validation Accuracy:
  No Thrust: 9.38% (15/160)
  Chemical: 31.88% (51/160)
  Electric: 48.12% (77/160)
  Impulsive: 81.88% (131/160)
Epoch [22/100], Training Loss: 1.0818
Validation Loss: 1.1633, Validation Accuracy: 43.28%

Per-Class Validation Accuracy:
  No Thrust: 16.25% (26/160)
  Chemical: 33.75% (54/160)
  Electric: 37.50% (60/160)
  Impulsive: 85.62% (137/160)
Epoch [23/100], Training Loss: 1.0698
Validation Loss: 1.1526, Validation Accuracy: 44.06%

Per-Class Validation Accuracy:
  No Thrust: 32.50% (52/160)
  Chemical: 36.25% (58/160)
  Electric: 21.88% (35/160)
  Impulsive: 85.62% (137/160)
Epoch [24/100], Training Loss: 1.0621
Validation Loss: 1.1535, Validation Accuracy: 43.28%

Per-Class Validation Accuracy:
  No Thrust: 5.62% (9/160)
  Chemical: 33.12% (53/160)
  Electric: 48.12% (77/160)
  Impulsive: 86.25% (138/160)
Epoch [25/100], Training Loss: 1.0630
Validation Loss: 1.1442, Validation Accuracy: 43.59%

Per-Class Validation Accuracy:
  No Thrust: 20.62% (33/160)
  Chemical: 33.12% (53/160)
  Electric: 33.12% (53/160)
  Impulsive: 87.50% (140/160)
Epoch [26/100], Training Loss: 1.0686
Validation Loss: 1.1526, Validation Accuracy: 44.53%

Per-Class Validation Accuracy:
  No Thrust: 25.00% (40/160)
  Chemical: 30.62% (49/160)
  Electric: 34.38% (55/160)
  Impulsive: 88.12% (141/160)
Epoch [27/100], Training Loss: 1.0564
Validation Loss: 1.1489, Validation Accuracy: 44.22%

Per-Class Validation Accuracy:
  No Thrust: 28.12% (45/160)
  Chemical: 35.62% (57/160)
  Electric: 26.88% (43/160)
  Impulsive: 86.25% (138/160)
Epoch [28/100], Training Loss: 1.0539
Validation Loss: 1.1482, Validation Accuracy: 44.53%

Per-Class Validation Accuracy:
  No Thrust: 22.50% (36/160)
  Chemical: 37.50% (60/160)
  Electric: 30.62% (49/160)
  Impulsive: 87.50% (140/160)
Epoch [29/100], Training Loss: 1.0528
Validation Loss: 1.1468, Validation Accuracy: 45.62%

Per-Class Validation Accuracy:
  No Thrust: 18.12% (29/160)
  Chemical: 41.25% (66/160)
  Electric: 31.88% (51/160)
  Impulsive: 91.25% (146/160)
Epoch [30/100], Training Loss: 1.0474
Validation Loss: 1.1412, Validation Accuracy: 45.31%

Per-Class Validation Accuracy:
  No Thrust: 16.88% (27/160)
  Chemical: 37.50% (60/160)
  Electric: 36.88% (59/160)
  Impulsive: 90.00% (144/160)
Epoch [31/100], Training Loss: 1.0309
Validation Loss: 1.1450, Validation Accuracy: 45.31%

Per-Class Validation Accuracy:
  No Thrust: 25.00% (40/160)
  Chemical: 36.88% (59/160)
  Electric: 28.75% (46/160)
  Impulsive: 90.62% (145/160)
Epoch [32/100], Training Loss: 1.0498
Validation Loss: 1.1484, Validation Accuracy: 45.47%

Per-Class Validation Accuracy:
  No Thrust: 21.25% (34/160)
  Chemical: 33.75% (54/160)
  Electric: 35.00% (56/160)
  Impulsive: 91.88% (147/160)
Epoch [33/100], Training Loss: 1.0434
Validation Loss: 1.1346, Validation Accuracy: 45.16%

Per-Class Validation Accuracy:
  No Thrust: 17.50% (28/160)
  Chemical: 38.12% (61/160)
  Electric: 37.50% (60/160)
  Impulsive: 87.50% (140/160)
Epoch [34/100], Training Loss: 1.0438
Validation Loss: 1.1361, Validation Accuracy: 46.56%

Per-Class Validation Accuracy:
  No Thrust: 31.88% (51/160)
  Chemical: 36.88% (59/160)
  Electric: 28.75% (46/160)
  Impulsive: 88.75% (142/160)
Epoch [35/100], Training Loss: 1.0225
Validation Loss: 1.1327, Validation Accuracy: 46.56%

Per-Class Validation Accuracy:
  No Thrust: 10.00% (16/160)
  Chemical: 42.50% (68/160)
  Electric: 43.75% (70/160)
  Impulsive: 90.00% (144/160)
Epoch [36/100], Training Loss: 1.0218
Validation Loss: 1.1379, Validation Accuracy: 45.94%

Per-Class Validation Accuracy:
  No Thrust: 20.00% (32/160)
  Chemical: 41.88% (67/160)
  Electric: 33.12% (53/160)
  Impulsive: 88.75% (142/160)
Epoch [37/100], Training Loss: 1.0189
Validation Loss: 1.1366, Validation Accuracy: 46.88%

Per-Class Validation Accuracy:
  No Thrust: 25.00% (40/160)
  Chemical: 36.25% (58/160)
  Electric: 36.25% (58/160)
  Impulsive: 90.00% (144/160)
Epoch [38/100], Training Loss: 1.0166
Validation Loss: 1.1446, Validation Accuracy: 46.88%

Per-Class Validation Accuracy:
  No Thrust: 32.50% (52/160)
  Chemical: 41.88% (67/160)
  Electric: 22.50% (36/160)
  Impulsive: 90.62% (145/160)
Epoch [39/100], Training Loss: 1.0162
Validation Loss: 1.1188, Validation Accuracy: 46.09%

Per-Class Validation Accuracy:
  No Thrust: 21.25% (34/160)
  Chemical: 44.38% (71/160)
  Electric: 27.50% (44/160)
  Impulsive: 91.25% (146/160)
Epoch [40/100], Training Loss: 1.0061
Validation Loss: 1.1354, Validation Accuracy: 47.34%

Per-Class Validation Accuracy:
  No Thrust: 21.25% (34/160)
  Chemical: 43.75% (70/160)
  Electric: 35.00% (56/160)
  Impulsive: 89.38% (143/160)
Epoch [41/100], Training Loss: 1.0194
Validation Loss: 1.1315, Validation Accuracy: 46.88%

Per-Class Validation Accuracy:
  No Thrust: 21.88% (35/160)
  Chemical: 38.75% (62/160)
  Electric: 36.25% (58/160)
  Impulsive: 90.62% (145/160)
Epoch [42/100], Training Loss: 0.9986
Validation Loss: 1.1166, Validation Accuracy: 48.75%

Per-Class Validation Accuracy:
  No Thrust: 33.75% (54/160)
  Chemical: 42.50% (68/160)
  Electric: 28.12% (45/160)
  Impulsive: 90.62% (145/160)
Epoch [43/100], Training Loss: 0.9979
Validation Loss: 1.1210, Validation Accuracy: 47.34%

Per-Class Validation Accuracy:
  No Thrust: 30.00% (48/160)
  Chemical: 42.50% (68/160)
  Electric: 26.25% (42/160)
  Impulsive: 90.62% (145/160)
Epoch [44/100], Training Loss: 0.9992
Validation Loss: 1.1179, Validation Accuracy: 47.34%

Per-Class Validation Accuracy:
  No Thrust: 10.00% (16/160)
  Chemical: 51.25% (82/160)
  Electric: 39.38% (63/160)
  Impulsive: 88.75% (142/160)
Epoch [45/100], Training Loss: 1.0043
Validation Loss: 1.1180, Validation Accuracy: 47.19%

Per-Class Validation Accuracy:
  No Thrust: 18.12% (29/160)
  Chemical: 45.00% (72/160)
  Electric: 35.00% (56/160)
  Impulsive: 90.62% (145/160)
Epoch [46/100], Training Loss: 0.9854
Validation Loss: 1.1011, Validation Accuracy: 47.81%

Per-Class Validation Accuracy:
  No Thrust: 21.88% (35/160)
  Chemical: 43.75% (70/160)
  Electric: 35.62% (57/160)
  Impulsive: 90.00% (144/160)
Epoch [47/100], Training Loss: 0.9882
Validation Loss: 1.1110, Validation Accuracy: 48.28%

Per-Class Validation Accuracy:
  No Thrust: 15.62% (25/160)
  Chemical: 40.00% (64/160)
  Electric: 46.88% (75/160)
  Impulsive: 90.62% (145/160)
Epoch [48/100], Training Loss: 0.9780
Validation Loss: 1.1131, Validation Accuracy: 47.19%

Per-Class Validation Accuracy:
  No Thrust: 26.88% (43/160)
  Chemical: 45.62% (73/160)
  Electric: 24.38% (39/160)
  Impulsive: 91.88% (147/160)
Epoch [49/100], Training Loss: 0.9939
Validation Loss: 1.1030, Validation Accuracy: 47.81%

Per-Class Validation Accuracy:
  No Thrust: 16.25% (26/160)
  Chemical: 45.62% (73/160)
  Electric: 40.00% (64/160)
  Impulsive: 89.38% (143/160)
Epoch [50/100], Training Loss: 0.9852
Validation Loss: 1.0848, Validation Accuracy: 48.59%

Per-Class Validation Accuracy:
  No Thrust: 44.38% (71/160)
  Chemical: 43.12% (69/160)
  Electric: 16.88% (27/160)
  Impulsive: 90.00% (144/160)
Epoch [51/100], Training Loss: 0.9740
Validation Loss: 1.0916, Validation Accuracy: 49.22%

Per-Class Validation Accuracy:
  No Thrust: 42.50% (68/160)
  Chemical: 48.12% (77/160)
  Electric: 15.62% (25/160)
  Impulsive: 90.62% (145/160)
Epoch [52/100], Training Loss: 0.9763
Validation Loss: 1.0850, Validation Accuracy: 49.53%

Per-Class Validation Accuracy:
  No Thrust: 33.75% (54/160)
  Chemical: 46.88% (75/160)
  Electric: 26.88% (43/160)
  Impulsive: 90.62% (145/160)
Epoch [53/100], Training Loss: 0.9822
Validation Loss: 1.0847, Validation Accuracy: 50.16%

Per-Class Validation Accuracy:
  No Thrust: 44.38% (71/160)
  Chemical: 45.62% (73/160)
  Electric: 20.00% (32/160)
  Impulsive: 90.62% (145/160)
Epoch [54/100], Training Loss: 0.9540
Validation Loss: 1.0873, Validation Accuracy: 50.31%

Per-Class Validation Accuracy:
  No Thrust: 30.00% (48/160)
  Chemical: 44.38% (71/160)
  Electric: 36.25% (58/160)
  Impulsive: 90.62% (145/160)
Epoch [55/100], Training Loss: 0.9566
Validation Loss: 1.1138, Validation Accuracy: 47.34%

Per-Class Validation Accuracy:
  No Thrust: 25.62% (41/160)
  Chemical: 45.62% (73/160)
  Electric: 27.50% (44/160)
  Impulsive: 90.62% (145/160)
Epoch [56/100], Training Loss: 0.9343
Validation Loss: 1.0923, Validation Accuracy: 48.59%

Per-Class Validation Accuracy:
  No Thrust: 14.38% (23/160)
  Chemical: 46.25% (74/160)
  Electric: 44.38% (71/160)
  Impulsive: 89.38% (143/160)
Epoch [57/100], Training Loss: 0.9454
Validation Loss: 1.0921, Validation Accuracy: 49.38%

Per-Class Validation Accuracy:
  No Thrust: 30.62% (49/160)
  Chemical: 51.25% (82/160)
  Electric: 26.88% (43/160)
  Impulsive: 88.75% (142/160)
Epoch [58/100], Training Loss: 0.9401
Validation Loss: 1.0709, Validation Accuracy: 50.16%

Per-Class Validation Accuracy:
  No Thrust: 20.00% (32/160)
  Chemical: 50.00% (80/160)
  Electric: 41.25% (66/160)
  Impulsive: 89.38% (143/160)
Epoch [59/100], Training Loss: 0.9383
Validation Loss: 1.0766, Validation Accuracy: 49.38%

Per-Class Validation Accuracy:
  No Thrust: 29.38% (47/160)
  Chemical: 47.50% (76/160)
  Electric: 30.00% (48/160)
  Impulsive: 90.62% (145/160)
Epoch [60/100], Training Loss: 0.9378
Validation Loss: 1.0486, Validation Accuracy: 51.25%

Per-Class Validation Accuracy:
  No Thrust: 43.75% (70/160)
  Chemical: 52.50% (84/160)
  Electric: 19.38% (31/160)
  Impulsive: 89.38% (143/160)
Epoch [61/100], Training Loss: 0.9318
Validation Loss: 1.0520, Validation Accuracy: 51.09%

Per-Class Validation Accuracy:
  No Thrust: 44.38% (71/160)
  Chemical: 50.62% (81/160)
  Electric: 18.12% (29/160)
  Impulsive: 91.25% (146/160)
Epoch [62/100], Training Loss: 0.9179
Validation Loss: 1.0366, Validation Accuracy: 51.25%

Per-Class Validation Accuracy:
  No Thrust: 40.62% (65/160)
  Chemical: 48.12% (77/160)
  Electric: 26.88% (43/160)
  Impulsive: 89.38% (143/160)
Epoch [63/100], Training Loss: 0.9302
Validation Loss: 1.0693, Validation Accuracy: 51.09%

Per-Class Validation Accuracy:
  No Thrust: 11.88% (19/160)
  Chemical: 49.38% (79/160)
  Electric: 53.75% (86/160)
  Impulsive: 89.38% (143/160)
Epoch [64/100], Training Loss: 0.9219
Validation Loss: 1.0575, Validation Accuracy: 51.41%

Per-Class Validation Accuracy:
  No Thrust: 33.75% (54/160)
  Chemical: 50.62% (81/160)
  Electric: 28.75% (46/160)
  Impulsive: 92.50% (148/160)
Epoch [65/100], Training Loss: 0.8950
Validation Loss: 1.0484, Validation Accuracy: 50.62%

Per-Class Validation Accuracy:
  No Thrust: 14.38% (23/160)
  Chemical: 53.75% (86/160)
  Electric: 41.25% (66/160)
  Impulsive: 93.12% (149/160)
Epoch [66/100], Training Loss: 0.9159
Validation Loss: 1.0569, Validation Accuracy: 49.53%

Per-Class Validation Accuracy:
  No Thrust: 23.12% (37/160)
  Chemical: 50.00% (80/160)
  Electric: 33.12% (53/160)
  Impulsive: 91.88% (147/160)
Epoch [67/100], Training Loss: 0.9095
Validation Loss: 1.0322, Validation Accuracy: 52.81%

Per-Class Validation Accuracy:
  No Thrust: 33.12% (53/160)
  Chemical: 54.38% (87/160)
  Electric: 31.25% (50/160)
  Impulsive: 92.50% (148/160)
Epoch [68/100], Training Loss: 0.8908
Validation Loss: 1.0234, Validation Accuracy: 52.66%

Per-Class Validation Accuracy:
  No Thrust: 19.38% (31/160)
  Chemical: 54.38% (87/160)
  Electric: 45.00% (72/160)
  Impulsive: 91.88% (147/160)
Epoch [69/100], Training Loss: 0.8883
Validation Loss: 1.0256, Validation Accuracy: 53.28%

Per-Class Validation Accuracy:
  No Thrust: 28.75% (46/160)
  Chemical: 53.75% (86/160)
  Electric: 39.38% (63/160)
  Impulsive: 91.25% (146/160)
Epoch [70/100], Training Loss: 0.8986
Validation Loss: 1.0174, Validation Accuracy: 52.34%

Per-Class Validation Accuracy:
  No Thrust: 45.62% (73/160)
  Chemical: 49.38% (79/160)
  Electric: 23.75% (38/160)
  Impulsive: 90.62% (145/160)
Epoch [71/100], Training Loss: 0.8983
Validation Loss: 1.0214, Validation Accuracy: 52.19%

Per-Class Validation Accuracy:
  No Thrust: 35.62% (57/160)
  Chemical: 51.25% (82/160)
  Electric: 29.38% (47/160)
  Impulsive: 92.50% (148/160)
Epoch [72/100], Training Loss: 0.8743
Validation Loss: 0.9941, Validation Accuracy: 52.97%

Per-Class Validation Accuracy:
  No Thrust: 16.25% (26/160)
  Chemical: 60.62% (97/160)
  Electric: 45.62% (73/160)
  Impulsive: 89.38% (143/160)
Epoch [73/100], Training Loss: 0.8555
Validation Loss: 1.0460, Validation Accuracy: 52.50%

Per-Class Validation Accuracy:
  No Thrust: 27.50% (44/160)
  Chemical: 57.50% (92/160)
  Electric: 31.88% (51/160)
  Impulsive: 93.12% (149/160)
Epoch [74/100], Training Loss: 0.8725
Validation Loss: 1.0166, Validation Accuracy: 53.28%

Per-Class Validation Accuracy:
  No Thrust: 38.12% (61/160)
  Chemical: 51.88% (83/160)
  Electric: 30.62% (49/160)
  Impulsive: 92.50% (148/160)
Epoch [75/100], Training Loss: 0.8641
Validation Loss: 1.0260, Validation Accuracy: 53.91%

Per-Class Validation Accuracy:
  No Thrust: 42.50% (68/160)
  Chemical: 48.12% (77/160)
  Electric: 33.12% (53/160)
  Impulsive: 91.88% (147/160)
Epoch [76/100], Training Loss: 0.8721
Validation Loss: 0.9792, Validation Accuracy: 53.75%

Per-Class Validation Accuracy:
  No Thrust: 40.62% (65/160)
  Chemical: 61.25% (98/160)
  Electric: 21.25% (34/160)
  Impulsive: 91.88% (147/160)
Epoch [77/100], Training Loss: 0.8592
Validation Loss: 0.9758, Validation Accuracy: 52.19%

Per-Class Validation Accuracy:
  No Thrust: 31.88% (51/160)
  Chemical: 56.88% (91/160)
  Electric: 26.88% (43/160)
  Impulsive: 93.12% (149/160)
Epoch [78/100], Training Loss: 0.8623
Validation Loss: 0.9848, Validation Accuracy: 53.75%

Per-Class Validation Accuracy:
  No Thrust: 36.25% (58/160)
  Chemical: 54.38% (87/160)
  Electric: 33.12% (53/160)
  Impulsive: 91.25% (146/160)
Epoch [79/100], Training Loss: 0.8400
Validation Loss: 0.9898, Validation Accuracy: 53.28%

Per-Class Validation Accuracy:
  No Thrust: 35.00% (56/160)
  Chemical: 56.88% (91/160)
  Electric: 28.75% (46/160)
  Impulsive: 92.50% (148/160)
Epoch [80/100], Training Loss: 0.8357
Validation Loss: 1.0064, Validation Accuracy: 54.06%

Per-Class Validation Accuracy:
  No Thrust: 45.62% (73/160)
  Chemical: 55.62% (89/160)
  Electric: 21.88% (35/160)
  Impulsive: 93.12% (149/160)
Epoch [81/100], Training Loss: 0.8462
Validation Loss: 0.9909, Validation Accuracy: 53.28%

Per-Class Validation Accuracy:
  No Thrust: 37.50% (60/160)
  Chemical: 50.62% (81/160)
  Electric: 31.88% (51/160)
  Impulsive: 93.12% (149/160)
Epoch [82/100], Training Loss: 0.8393
Validation Loss: 0.9655, Validation Accuracy: 54.53%

Per-Class Validation Accuracy:
  No Thrust: 38.75% (62/160)
  Chemical: 59.38% (95/160)
  Electric: 25.62% (41/160)
  Impulsive: 94.38% (151/160)
Epoch [83/100], Training Loss: 0.8284
Validation Loss: 0.9662, Validation Accuracy: 52.97%

Per-Class Validation Accuracy:
  No Thrust: 30.00% (48/160)
  Chemical: 42.50% (68/160)
  Electric: 45.00% (72/160)
  Impulsive: 94.38% (151/160)
Epoch [84/100], Training Loss: 0.8293
Validation Loss: 1.0176, Validation Accuracy: 52.97%

Per-Class Validation Accuracy:
  No Thrust: 36.25% (58/160)
  Chemical: 51.25% (82/160)
  Electric: 33.12% (53/160)
  Impulsive: 91.25% (146/160)
Epoch [85/100], Training Loss: 0.8285
Validation Loss: 0.9885, Validation Accuracy: 52.81%

Per-Class Validation Accuracy:
  No Thrust: 29.38% (47/160)
  Chemical: 59.38% (95/160)
  Electric: 28.12% (45/160)
  Impulsive: 94.38% (151/160)
Epoch [86/100], Training Loss: 0.8175
Validation Loss: 0.9614, Validation Accuracy: 53.12%

Per-Class Validation Accuracy:
  No Thrust: 37.50% (60/160)
  Chemical: 50.00% (80/160)
  Electric: 31.88% (51/160)
  Impulsive: 93.12% (149/160)
Epoch [87/100], Training Loss: 0.8234
Validation Loss: 0.9643, Validation Accuracy: 53.12%

Per-Class Validation Accuracy:
  No Thrust: 41.88% (67/160)
  Chemical: 54.38% (87/160)
  Electric: 23.12% (37/160)
  Impulsive: 93.12% (149/160)
Epoch [88/100], Training Loss: 0.8169
Validation Loss: 0.9513, Validation Accuracy: 53.12%

Per-Class Validation Accuracy:
  No Thrust: 31.88% (51/160)
  Chemical: 52.50% (84/160)
  Electric: 33.12% (53/160)
  Impulsive: 95.00% (152/160)
Epoch [89/100], Training Loss: 0.8227
Validation Loss: 0.9640, Validation Accuracy: 52.97%

Per-Class Validation Accuracy:
  No Thrust: 13.75% (22/160)
  Chemical: 48.12% (77/160)
  Electric: 55.62% (89/160)
  Impulsive: 94.38% (151/160)
Epoch [90/100], Training Loss: 0.8057
Validation Loss: 0.9998, Validation Accuracy: 54.38%

Per-Class Validation Accuracy:
  No Thrust: 41.25% (66/160)
  Chemical: 54.38% (87/160)
  Electric: 28.75% (46/160)
  Impulsive: 93.12% (149/160)
Epoch [91/100], Training Loss: 0.8040
Validation Loss: 0.9748, Validation Accuracy: 53.44%

Per-Class Validation Accuracy:
  No Thrust: 31.88% (51/160)
  Chemical: 60.00% (96/160)
  Electric: 28.12% (45/160)
  Impulsive: 93.75% (150/160)
Epoch [92/100], Training Loss: 0.7944
Validation Loss: 0.9761, Validation Accuracy: 54.06%

Per-Class Validation Accuracy:
  No Thrust: 50.62% (81/160)
  Chemical: 56.25% (90/160)
  Electric: 16.25% (26/160)
  Impulsive: 93.12% (149/160)
Epoch [93/100], Training Loss: 0.7987
Validation Loss: 0.9803, Validation Accuracy: 54.84%

Per-Class Validation Accuracy:
  No Thrust: 24.38% (39/160)
  Chemical: 60.00% (96/160)
  Electric: 41.25% (66/160)
  Impulsive: 93.75% (150/160)
Epoch [94/100], Training Loss: 0.7929
Validation Loss: 0.9959, Validation Accuracy: 54.06%

Per-Class Validation Accuracy:
  No Thrust: 42.50% (68/160)
  Chemical: 46.25% (74/160)
  Electric: 33.75% (54/160)
  Impulsive: 93.75% (150/160)
Epoch [95/100], Training Loss: 0.7842
Validation Loss: 1.0055, Validation Accuracy: 54.53%

Per-Class Validation Accuracy:
  No Thrust: 41.88% (67/160)
  Chemical: 55.62% (89/160)
  Electric: 26.88% (43/160)
  Impulsive: 93.75% (150/160)
Epoch [96/100], Training Loss: 0.7828
Validation Loss: 1.0054, Validation Accuracy: 52.81%

Per-Class Validation Accuracy:
  No Thrust: 23.75% (38/160)
  Chemical: 53.12% (85/160)
  Electric: 40.62% (65/160)
  Impulsive: 93.75% (150/160)
Epoch [97/100], Training Loss: 0.7921
Validation Loss: 0.9895, Validation Accuracy: 54.84%

Per-Class Validation Accuracy:
  No Thrust: 45.00% (72/160)
  Chemical: 58.75% (94/160)
  Electric: 20.00% (32/160)
  Impulsive: 95.62% (153/160)
Epoch [98/100], Training Loss: 0.7894
Validation Loss: 1.0056, Validation Accuracy: 54.69%

Per-Class Validation Accuracy:
  No Thrust: 35.00% (56/160)
  Chemical: 55.62% (89/160)
  Electric: 33.12% (53/160)
  Impulsive: 95.00% (152/160)
Early stopping triggered.

	Elapsed time is 52.0535 seconds.

==========================================================================================
Total parameters: 6106
Total memory (bytes): 48848
Total memory (MB): 0.0465850830078125
==========================================================================================

Mamba Validation
Validation Loss: 1.0056, Validation Accuracy: 54.69%

Per-Class Validation Accuracy:
  No Thrust: 35.00% (56/160)
  Chemical: 55.62% (89/160)
  Electric: 33.12% (53/160)
  Impulsive: 95.00% (152/160)

Classification Report:
              precision    recall  f1-score   support

   No Thrust     0.4088    0.3500    0.3771       160
    Chemical     0.4660    0.5563    0.5071       160
    Electric     0.3655    0.3312    0.3475       160
   Impulsive     0.9102    0.9500    0.9297       160

    accuracy                         0.5469       640
   macro avg     0.5376    0.5469    0.5404       640
weighted avg     0.5376    0.5469    0.5404       640


Confusion Matrix (rows = true, cols = predicted):
             P_No Thrust  P_Chemical  P_Electric  P_Impulsive
T_No Thrust           56          44          58            2
T_Chemical            29          89          31           11
T_Electric            50          55          53            2
T_Impulsive            2           3           3          152

Mamba Inference Time	Elapsed time is 0.3280 seconds.
