Processing datasets for geo with 10 minutes and 800 random systems.
GPU is available
Training data location: /home/hunter/git/GMAT-Thrust-Data/data/classification/geo/10min-800
Test data location: /home/hunter/git/GMAT-Thrust-Data/data/classification/geo/10min-800

Entering Decision Trees Training Loop

	Elapsed time is 0.1935 seconds.

==========================================================================================
Total parameters: NaN
Total memory (bytes): 358766
Total memory (MB): 0.3421459197998047
==========================================================================================

Decision Trees Validation
Validation Loss: 1.3826, Validation Accuracy: 27.81%

Per-Class Validation Accuracy:
  No Thrust: 11.88% (19/160)
  Chemical: 21.25% (34/160)
  Electric: 30.00% (48/160)
  Impulsive: 48.12% (77/160)

Classification Report:
              precision    recall  f1-score   support

   No Thrust     0.2568    0.1187    0.1624       160
    Chemical     0.2720    0.2125    0.2386       160
    Electric     0.2581    0.3000    0.2775       160
   Impulsive     0.3020    0.4813    0.3711       160

    accuracy                         0.2781       640
   macro avg     0.2722    0.2781    0.2624       640
weighted avg     0.2722    0.2781    0.2624       640


Confusion Matrix (rows = true, cols = predicted):
             P_No Thrust  P_Chemical  P_Electric  P_Impulsive
T_No Thrust           19          34          48           59
T_Chemical            18          34          48           60
T_Electric            19          34          48           59
T_Impulsive           18          23          42           77

Decision Trees Inference Time	Elapsed time is 0.0229 seconds.

Entering Nearest Neighbor Training Loop

	Elapsed time is 0.0635 seconds.

==========================================================================================
Total parameters: NaN (non-parametric model)
Total memory (bytes): 3591167
Total memory (MB): 3.4248
==========================================================================================

1-NN Validation
Validation Loss: NaN, Validation Accuracy: 25.16%

Per-Class Validation Accuracy:
  No Thrust: 26.88% (43/160)
  Chemical: 25.00% (40/160)
  Electric: 25.00% (40/160)
  Impulsive: 23.75% (38/160)

Classification Report:
              precision    recall  f1-score   support

   No Thrust     0.2515    0.2687    0.2598       160
    Chemical     0.2516    0.2500    0.2508       160
    Electric     0.2484    0.2500    0.2492       160
   Impulsive     0.2550    0.2375    0.2460       160

    accuracy                         0.2516       640
   macro avg     0.2516    0.2516    0.2514       640
weighted avg     0.2516    0.2516    0.2514       640


Confusion Matrix (rows = true, cols = predicted):
             P_No Thrust  P_Chemical  P_Electric  P_Impulsive
T_No Thrust           43          40          40           37
T_Chemical            43          40          40           37
T_Electric            43          40          40           37
T_Impulsive           42          39          41           38

1-NN Inference Time	Elapsed time is 0.7693 seconds.

Entering MiniRocket Training Loop

	Elapsed time is 4.0457 seconds.

==========================================================================================
Total parameters: 9996
Total memory (bytes): 606627
Total memory (MB): 0.5785
==========================================================================================

MiniRocket Validation
Validation Loss: NaN, Validation Accuracy: 47.34%

Per-Class Validation Accuracy:
  No Thrust: 41.88% (67/160)
  Chemical: 28.12% (45/160)
  Electric: 24.38% (39/160)
  Impulsive: 95.00% (152/160)

Classification Report:
              precision    recall  f1-score   support

   No Thrust     0.3384    0.4188    0.3743       160
    Chemical     0.2941    0.2812    0.2875       160
    Electric     0.3047    0.2437    0.2708       160
   Impulsive     0.9441    0.9500    0.9470       160

    accuracy                         0.4734       640
   macro avg     0.4703    0.4734    0.4699       640
weighted avg     0.4703    0.4734    0.4699       640


Confusion Matrix (rows = true, cols = predicted):
             P_No Thrust  P_Chemical  P_Electric  P_Impulsive
T_No Thrust           67          56          34            3
T_Chemical            59          45          54            2
T_Electric            69          48          39            4
T_Impulsive            3           4           1          152

MiniRocket Inference Time	Elapsed time is 1.2935 seconds.

Entering LSTM Training Loop
Epoch [1/100], Training Loss: 1.3921
Validation Loss: 1.3866, Validation Accuracy: 25.00%

Per-Class Validation Accuracy:
  No Thrust: 90.00% (144/160)
  Chemical: 0.00% (0/160)
  Electric: 0.00% (0/160)
  Impulsive: 10.00% (16/160)
Epoch [2/100], Training Loss: 1.3895
Validation Loss: 1.3866, Validation Accuracy: 25.00%

Per-Class Validation Accuracy:
  No Thrust: 43.75% (70/160)
  Chemical: 20.00% (32/160)
  Electric: 36.25% (58/160)
  Impulsive: 0.00% (0/160)
Epoch [3/100], Training Loss: 1.3887
Validation Loss: 1.3869, Validation Accuracy: 25.00%

Per-Class Validation Accuracy:
  No Thrust: 40.00% (64/160)
  Chemical: 50.00% (80/160)
  Electric: 10.00% (16/160)
  Impulsive: 0.00% (0/160)
Epoch [4/100], Training Loss: 1.3896
Validation Loss: 1.3868, Validation Accuracy: 25.00%

Per-Class Validation Accuracy:
  No Thrust: 50.00% (80/160)
  Chemical: 40.00% (64/160)
  Electric: 10.00% (16/160)
  Impulsive: 0.00% (0/160)
Epoch [5/100], Training Loss: 1.3891
Validation Loss: 1.3865, Validation Accuracy: 25.00%

Per-Class Validation Accuracy:
  No Thrust: 50.62% (81/160)
  Chemical: 20.62% (33/160)
  Electric: 20.00% (32/160)
  Impulsive: 8.75% (14/160)
Epoch [6/100], Training Loss: 1.3869
Validation Loss: 1.3868, Validation Accuracy: 25.00%

Per-Class Validation Accuracy:
  No Thrust: 72.50% (116/160)
  Chemical: 10.62% (17/160)
  Electric: 0.00% (0/160)
  Impulsive: 16.88% (27/160)
Epoch [7/100], Training Loss: 1.3893
Validation Loss: 1.3865, Validation Accuracy: 25.00%

Per-Class Validation Accuracy:
  No Thrust: 66.25% (106/160)
  Chemical: 17.50% (28/160)
  Electric: 0.00% (0/160)
  Impulsive: 16.25% (26/160)
Epoch [8/100], Training Loss: 1.3896
Validation Loss: 1.3867, Validation Accuracy: 25.00%

Per-Class Validation Accuracy:
  No Thrust: 95.00% (152/160)
  Chemical: 0.00% (0/160)
  Electric: 0.00% (0/160)
  Impulsive: 5.00% (8/160)
Epoch [9/100], Training Loss: 1.3895
Validation Loss: 1.3866, Validation Accuracy: 25.00%

Per-Class Validation Accuracy:
  No Thrust: 100.00% (160/160)
  Chemical: 0.00% (0/160)
  Electric: 0.00% (0/160)
  Impulsive: 0.00% (0/160)
Epoch [10/100], Training Loss: 1.3874
Validation Loss: 1.3866, Validation Accuracy: 25.00%

Per-Class Validation Accuracy:
  No Thrust: 20.00% (32/160)
  Chemical: 0.00% (0/160)
  Electric: 80.00% (128/160)
  Impulsive: 0.00% (0/160)
Epoch [11/100], Training Loss: 1.3882
Validation Loss: 1.3865, Validation Accuracy: 25.00%

Per-Class Validation Accuracy:
  No Thrust: 78.75% (126/160)
  Chemical: 21.25% (34/160)
  Electric: 0.00% (0/160)
  Impulsive: 0.00% (0/160)
Epoch [12/100], Training Loss: 1.3870
Validation Loss: 1.3864, Validation Accuracy: 25.00%

Per-Class Validation Accuracy:
  No Thrust: 70.00% (112/160)
  Chemical: 10.00% (16/160)
  Electric: 10.00% (16/160)
  Impulsive: 10.00% (16/160)
Epoch [13/100], Training Loss: 1.3879
Validation Loss: 1.3864, Validation Accuracy: 25.00%

Per-Class Validation Accuracy:
  No Thrust: 44.38% (71/160)
  Chemical: 14.38% (23/160)
  Electric: 30.00% (48/160)
  Impulsive: 11.25% (18/160)
Epoch [14/100], Training Loss: 1.3891
Validation Loss: 1.3864, Validation Accuracy: 25.00%

Per-Class Validation Accuracy:
  No Thrust: 68.12% (109/160)
  Chemical: 26.88% (43/160)
  Electric: 0.00% (0/160)
  Impulsive: 5.00% (8/160)
Epoch [15/100], Training Loss: 1.3862
Validation Loss: 1.3864, Validation Accuracy: 25.00%

Per-Class Validation Accuracy:
  No Thrust: 25.00% (40/160)
  Chemical: 10.00% (16/160)
  Electric: 55.00% (88/160)
  Impulsive: 10.00% (16/160)
Epoch [16/100], Training Loss: 1.3869
Validation Loss: 1.3865, Validation Accuracy: 25.00%

Per-Class Validation Accuracy:
  No Thrust: 0.00% (0/160)
  Chemical: 20.00% (32/160)
  Electric: 80.00% (128/160)
  Impulsive: 0.00% (0/160)
Epoch [17/100], Training Loss: 1.3876
Validation Loss: 1.3864, Validation Accuracy: 25.00%

Per-Class Validation Accuracy:
  No Thrust: 51.25% (82/160)
  Chemical: 20.00% (32/160)
  Electric: 28.75% (46/160)
  Impulsive: 0.00% (0/160)
Epoch [18/100], Training Loss: 1.3869
Validation Loss: 1.3864, Validation Accuracy: 25.00%

Per-Class Validation Accuracy:
  No Thrust: 80.00% (128/160)
  Chemical: 20.00% (32/160)
  Electric: 0.00% (0/160)
  Impulsive: 0.00% (0/160)
Epoch [19/100], Training Loss: 1.3877
Validation Loss: 1.3864, Validation Accuracy: 25.00%

Per-Class Validation Accuracy:
  No Thrust: 44.38% (71/160)
  Chemical: 33.12% (53/160)
  Electric: 22.50% (36/160)
  Impulsive: 0.00% (0/160)
Epoch [20/100], Training Loss: 1.3869
Validation Loss: 1.3864, Validation Accuracy: 25.00%

Per-Class Validation Accuracy:
  No Thrust: 76.25% (122/160)
  Chemical: 20.00% (32/160)
  Electric: 3.75% (6/160)
  Impulsive: 0.00% (0/160)
Epoch [21/100], Training Loss: 1.3867
Validation Loss: 1.3864, Validation Accuracy: 25.00%

Per-Class Validation Accuracy:
  No Thrust: 65.62% (105/160)
  Chemical: 16.25% (26/160)
  Electric: 18.12% (29/160)
  Impulsive: 0.00% (0/160)
Epoch [22/100], Training Loss: 1.3875
Validation Loss: 1.3864, Validation Accuracy: 25.00%

Per-Class Validation Accuracy:
  No Thrust: 82.50% (132/160)
  Chemical: 16.25% (26/160)
  Electric: 1.25% (2/160)
  Impulsive: 0.00% (0/160)
Epoch [23/100], Training Loss: 1.3863
Validation Loss: 1.3864, Validation Accuracy: 25.00%

Per-Class Validation Accuracy:
  No Thrust: 58.75% (94/160)
  Chemical: 21.25% (34/160)
  Electric: 20.00% (32/160)
  Impulsive: 0.00% (0/160)
Epoch [24/100], Training Loss: 1.3867
Validation Loss: 1.3864, Validation Accuracy: 25.00%

Per-Class Validation Accuracy:
  No Thrust: 66.25% (106/160)
  Chemical: 21.88% (35/160)
  Electric: 11.88% (19/160)
  Impulsive: 0.00% (0/160)
Epoch [25/100], Training Loss: 1.3864
Validation Loss: 1.3864, Validation Accuracy: 25.00%

Per-Class Validation Accuracy:
  No Thrust: 49.38% (79/160)
  Chemical: 30.62% (49/160)
  Electric: 19.38% (31/160)
  Impulsive: 0.62% (1/160)
Epoch [26/100], Training Loss: 1.3867
Validation Loss: 1.3864, Validation Accuracy: 25.00%

Per-Class Validation Accuracy:
  No Thrust: 30.00% (48/160)
  Chemical: 36.25% (58/160)
  Electric: 31.25% (50/160)
  Impulsive: 2.50% (4/160)
Epoch [27/100], Training Loss: 1.3862
Validation Loss: 1.3864, Validation Accuracy: 25.00%

Per-Class Validation Accuracy:
  No Thrust: 56.25% (90/160)
  Chemical: 21.88% (35/160)
  Electric: 21.88% (35/160)
  Impulsive: 0.00% (0/160)
Epoch [28/100], Training Loss: 1.3858
Validation Loss: 1.3864, Validation Accuracy: 25.00%

Per-Class Validation Accuracy:
  No Thrust: 80.00% (128/160)
  Chemical: 10.00% (16/160)
  Electric: 10.00% (16/160)
  Impulsive: 0.00% (0/160)
Epoch [29/100], Training Loss: 1.3871
Validation Loss: 1.3864, Validation Accuracy: 25.00%

Per-Class Validation Accuracy:
  No Thrust: 70.00% (112/160)
  Chemical: 20.00% (32/160)
  Electric: 10.00% (16/160)
  Impulsive: 0.00% (0/160)
Epoch [30/100], Training Loss: 1.3858
Validation Loss: 1.3864, Validation Accuracy: 25.00%

Per-Class Validation Accuracy:
  No Thrust: 79.38% (127/160)
  Chemical: 10.62% (17/160)
  Electric: 10.00% (16/160)
  Impulsive: 0.00% (0/160)
Epoch [31/100], Training Loss: 1.3869
Validation Loss: 1.3864, Validation Accuracy: 25.00%

Per-Class Validation Accuracy:
  No Thrust: 73.12% (117/160)
  Chemical: 16.88% (27/160)
  Electric: 10.00% (16/160)
  Impulsive: 0.00% (0/160)
Epoch [32/100], Training Loss: 1.3877
Validation Loss: 1.3863, Validation Accuracy: 25.00%

Per-Class Validation Accuracy:
  No Thrust: 70.00% (112/160)
  Chemical: 20.00% (32/160)
  Electric: 10.00% (16/160)
  Impulsive: 0.00% (0/160)
Epoch [33/100], Training Loss: 1.3866
Validation Loss: 1.3863, Validation Accuracy: 25.00%

Per-Class Validation Accuracy:
  No Thrust: 70.00% (112/160)
  Chemical: 20.00% (32/160)
  Electric: 10.00% (16/160)
  Impulsive: 0.00% (0/160)
Epoch [34/100], Training Loss: 1.3879
Validation Loss: 1.3863, Validation Accuracy: 25.00%

Per-Class Validation Accuracy:
  No Thrust: 70.00% (112/160)
  Chemical: 20.00% (32/160)
  Electric: 10.00% (16/160)
  Impulsive: 0.00% (0/160)
Epoch [35/100], Training Loss: 1.3857
Validation Loss: 1.3863, Validation Accuracy: 25.00%

Per-Class Validation Accuracy:
  No Thrust: 73.75% (118/160)
  Chemical: 16.25% (26/160)
  Electric: 10.00% (16/160)
  Impulsive: 0.00% (0/160)
Epoch [36/100], Training Loss: 1.3867
Validation Loss: 1.3863, Validation Accuracy: 25.00%

Per-Class Validation Accuracy:
  No Thrust: 72.50% (116/160)
  Chemical: 17.50% (28/160)
  Electric: 10.00% (16/160)
  Impulsive: 0.00% (0/160)
Epoch [37/100], Training Loss: 1.3876
Validation Loss: 1.3863, Validation Accuracy: 25.00%

Per-Class Validation Accuracy:
  No Thrust: 72.50% (116/160)
  Chemical: 17.50% (28/160)
  Electric: 10.00% (16/160)
  Impulsive: 0.00% (0/160)
Epoch [38/100], Training Loss: 1.3868
Validation Loss: 1.3863, Validation Accuracy: 25.00%

Per-Class Validation Accuracy:
  No Thrust: 71.88% (115/160)
  Chemical: 18.12% (29/160)
  Electric: 10.00% (16/160)
  Impulsive: 0.00% (0/160)
Epoch [39/100], Training Loss: 1.3866
Validation Loss: 1.3863, Validation Accuracy: 25.00%

Per-Class Validation Accuracy:
  No Thrust: 74.38% (119/160)
  Chemical: 15.62% (25/160)
  Electric: 10.00% (16/160)
  Impulsive: 0.00% (0/160)
Epoch [40/100], Training Loss: 1.3862
Validation Loss: 1.3863, Validation Accuracy: 25.00%

Per-Class Validation Accuracy:
  No Thrust: 73.75% (118/160)
  Chemical: 16.25% (26/160)
  Electric: 10.00% (16/160)
  Impulsive: 0.00% (0/160)
Epoch [41/100], Training Loss: 1.3861
Validation Loss: 1.3863, Validation Accuracy: 25.00%

Per-Class Validation Accuracy:
  No Thrust: 79.38% (127/160)
  Chemical: 10.62% (17/160)
  Electric: 10.00% (16/160)
  Impulsive: 0.00% (0/160)
Epoch [42/100], Training Loss: 1.3869
Validation Loss: 1.3863, Validation Accuracy: 25.00%

Per-Class Validation Accuracy:
  No Thrust: 74.38% (119/160)
  Chemical: 15.62% (25/160)
  Electric: 10.00% (16/160)
  Impulsive: 0.00% (0/160)
Epoch [43/100], Training Loss: 1.3868
Validation Loss: 1.3863, Validation Accuracy: 25.00%

Per-Class Validation Accuracy:
  No Thrust: 73.75% (118/160)
  Chemical: 16.25% (26/160)
  Electric: 10.00% (16/160)
  Impulsive: 0.00% (0/160)
Epoch [44/100], Training Loss: 1.3859
Validation Loss: 1.3863, Validation Accuracy: 25.00%

Per-Class Validation Accuracy:
  No Thrust: 73.75% (118/160)
  Chemical: 16.25% (26/160)
  Electric: 10.00% (16/160)
  Impulsive: 0.00% (0/160)
Epoch [45/100], Training Loss: 1.3867
Validation Loss: 1.3863, Validation Accuracy: 25.00%

Per-Class Validation Accuracy:
  No Thrust: 73.75% (118/160)
  Chemical: 16.25% (26/160)
  Electric: 10.00% (16/160)
  Impulsive: 0.00% (0/160)
Epoch [46/100], Training Loss: 1.3874
Validation Loss: 1.3863, Validation Accuracy: 25.00%

Per-Class Validation Accuracy:
  No Thrust: 73.75% (118/160)
  Chemical: 16.25% (26/160)
  Electric: 10.00% (16/160)
  Impulsive: 0.00% (0/160)
Epoch [47/100], Training Loss: 1.3858
Validation Loss: 1.3863, Validation Accuracy: 25.00%

Per-Class Validation Accuracy:
  No Thrust: 73.75% (118/160)
  Chemical: 16.25% (26/160)
  Electric: 10.00% (16/160)
  Impulsive: 0.00% (0/160)
Epoch [48/100], Training Loss: 1.3874
Validation Loss: 1.3863, Validation Accuracy: 25.00%

Per-Class Validation Accuracy:
  No Thrust: 74.38% (119/160)
  Chemical: 15.62% (25/160)
  Electric: 10.00% (16/160)
  Impulsive: 0.00% (0/160)
Epoch [49/100], Training Loss: 1.3858
Validation Loss: 1.3863, Validation Accuracy: 25.00%

Per-Class Validation Accuracy:
  No Thrust: 74.38% (119/160)
  Chemical: 15.62% (25/160)
  Electric: 10.00% (16/160)
  Impulsive: 0.00% (0/160)
Epoch [50/100], Training Loss: 1.3865
Validation Loss: 1.3863, Validation Accuracy: 25.00%

Per-Class Validation Accuracy:
  No Thrust: 74.38% (119/160)
  Chemical: 15.62% (25/160)
  Electric: 10.00% (16/160)
  Impulsive: 0.00% (0/160)
Epoch [51/100], Training Loss: 1.3865
Validation Loss: 1.3863, Validation Accuracy: 25.00%

Per-Class Validation Accuracy:
  No Thrust: 75.00% (120/160)
  Chemical: 15.00% (24/160)
  Electric: 10.00% (16/160)
  Impulsive: 0.00% (0/160)
Epoch [52/100], Training Loss: 1.3871
Validation Loss: 1.3863, Validation Accuracy: 25.00%

Per-Class Validation Accuracy:
  No Thrust: 78.12% (125/160)
  Chemical: 11.88% (19/160)
  Electric: 10.00% (16/160)
  Impulsive: 0.00% (0/160)
Epoch [53/100], Training Loss: 1.3864
Validation Loss: 1.3863, Validation Accuracy: 25.00%

Per-Class Validation Accuracy:
  No Thrust: 73.75% (118/160)
  Chemical: 16.25% (26/160)
  Electric: 10.00% (16/160)
  Impulsive: 0.00% (0/160)
Epoch [54/100], Training Loss: 1.3860
Validation Loss: 1.3863, Validation Accuracy: 25.00%

Per-Class Validation Accuracy:
  No Thrust: 73.75% (118/160)
  Chemical: 16.25% (26/160)
  Electric: 10.00% (16/160)
  Impulsive: 0.00% (0/160)
Epoch [55/100], Training Loss: 1.3871
Validation Loss: 1.3863, Validation Accuracy: 25.00%

Per-Class Validation Accuracy:
  No Thrust: 73.75% (118/160)
  Chemical: 16.25% (26/160)
  Electric: 10.00% (16/160)
  Impulsive: 0.00% (0/160)
Epoch [56/100], Training Loss: 1.3862
Validation Loss: 1.3863, Validation Accuracy: 25.00%

Per-Class Validation Accuracy:
  No Thrust: 73.75% (118/160)
  Chemical: 16.25% (26/160)
  Electric: 10.00% (16/160)
  Impulsive: 0.00% (0/160)
Epoch [57/100], Training Loss: 1.3872
Validation Loss: 1.3863, Validation Accuracy: 25.00%

Per-Class Validation Accuracy:
  No Thrust: 73.75% (118/160)
  Chemical: 16.25% (26/160)
  Electric: 10.00% (16/160)
  Impulsive: 0.00% (0/160)
Epoch [58/100], Training Loss: 1.3867
Validation Loss: 1.3863, Validation Accuracy: 25.00%

Per-Class Validation Accuracy:
  No Thrust: 73.75% (118/160)
  Chemical: 16.25% (26/160)
  Electric: 10.00% (16/160)
  Impulsive: 0.00% (0/160)
Epoch [59/100], Training Loss: 1.3853
Validation Loss: 1.3863, Validation Accuracy: 25.00%

Per-Class Validation Accuracy:
  No Thrust: 73.75% (118/160)
  Chemical: 16.25% (26/160)
  Electric: 10.00% (16/160)
  Impulsive: 0.00% (0/160)
Epoch [60/100], Training Loss: 1.3868
Validation Loss: 1.3863, Validation Accuracy: 25.00%

Per-Class Validation Accuracy:
  No Thrust: 73.75% (118/160)
  Chemical: 16.25% (26/160)
  Electric: 10.00% (16/160)
  Impulsive: 0.00% (0/160)
Epoch [61/100], Training Loss: 1.3870
Validation Loss: 1.3863, Validation Accuracy: 25.00%

Per-Class Validation Accuracy:
  No Thrust: 73.75% (118/160)
  Chemical: 16.25% (26/160)
  Electric: 10.00% (16/160)
  Impulsive: 0.00% (0/160)
Epoch [62/100], Training Loss: 1.3852
Validation Loss: 1.3863, Validation Accuracy: 25.00%

Per-Class Validation Accuracy:
  No Thrust: 73.75% (118/160)
  Chemical: 16.25% (26/160)
  Electric: 10.00% (16/160)
  Impulsive: 0.00% (0/160)
Epoch [63/100], Training Loss: 1.3864
Validation Loss: 1.3863, Validation Accuracy: 25.00%

Per-Class Validation Accuracy:
  No Thrust: 73.75% (118/160)
  Chemical: 16.25% (26/160)
  Electric: 10.00% (16/160)
  Impulsive: 0.00% (0/160)
Epoch [64/100], Training Loss: 1.3863
Validation Loss: 1.3863, Validation Accuracy: 25.00%

Per-Class Validation Accuracy:
  No Thrust: 73.75% (118/160)
  Chemical: 16.25% (26/160)
  Electric: 10.00% (16/160)
  Impulsive: 0.00% (0/160)
Epoch [65/100], Training Loss: 1.3868
Validation Loss: 1.3863, Validation Accuracy: 25.00%

Per-Class Validation Accuracy:
  No Thrust: 73.75% (118/160)
  Chemical: 16.25% (26/160)
  Electric: 10.00% (16/160)
  Impulsive: 0.00% (0/160)
Epoch [66/100], Training Loss: 1.3875
Validation Loss: 1.3863, Validation Accuracy: 25.00%

Per-Class Validation Accuracy:
  No Thrust: 73.75% (118/160)
  Chemical: 16.25% (26/160)
  Electric: 10.00% (16/160)
  Impulsive: 0.00% (0/160)
Epoch [67/100], Training Loss: 1.3865
Validation Loss: 1.3863, Validation Accuracy: 25.00%

Per-Class Validation Accuracy:
  No Thrust: 73.75% (118/160)
  Chemical: 16.25% (26/160)
  Electric: 10.00% (16/160)
  Impulsive: 0.00% (0/160)
Epoch [68/100], Training Loss: 1.3861
Validation Loss: 1.3863, Validation Accuracy: 25.00%

Per-Class Validation Accuracy:
  No Thrust: 73.75% (118/160)
  Chemical: 16.25% (26/160)
  Electric: 10.00% (16/160)
  Impulsive: 0.00% (0/160)
Epoch [69/100], Training Loss: 1.3860
Validation Loss: 1.3863, Validation Accuracy: 25.00%

Per-Class Validation Accuracy:
  No Thrust: 73.75% (118/160)
  Chemical: 16.25% (26/160)
  Electric: 10.00% (16/160)
  Impulsive: 0.00% (0/160)
Epoch [70/100], Training Loss: 1.3859
Validation Loss: 1.3863, Validation Accuracy: 25.00%

Per-Class Validation Accuracy:
  No Thrust: 73.75% (118/160)
  Chemical: 16.25% (26/160)
  Electric: 10.00% (16/160)
  Impulsive: 0.00% (0/160)
Epoch [71/100], Training Loss: 1.3867
Validation Loss: 1.3863, Validation Accuracy: 25.00%

Per-Class Validation Accuracy:
  No Thrust: 73.75% (118/160)
  Chemical: 16.25% (26/160)
  Electric: 10.00% (16/160)
  Impulsive: 0.00% (0/160)
Early stopping triggered.

	Elapsed time is 14.0788 seconds.

==========================================================================================
Total parameters: 18004
Total memory (bytes): 144032
Total memory (MB): 0.137359619140625
==========================================================================================

LSTM Validation
Validation Loss: 1.3863, Validation Accuracy: 25.00%

Per-Class Validation Accuracy:
  No Thrust: 73.75% (118/160)
  Chemical: 16.25% (26/160)
  Electric: 10.00% (16/160)
  Impulsive: 0.00% (0/160)

Classification Report:
              precision    recall  f1-score   support

   No Thrust     0.2500    0.7375    0.3734       160
    Chemical     0.2500    0.1625    0.1970       160
    Electric     0.2500    0.1000    0.1429       160
   Impulsive     0.0000    0.0000    0.0000       160

    accuracy                         0.2500       640
   macro avg     0.1875    0.2500    0.1783       640
weighted avg     0.1875    0.2500    0.1783       640


Confusion Matrix (rows = true, cols = predicted):
             P_No Thrust  P_Chemical  P_Electric  P_Impulsive
T_No Thrust          118          26          16            0
T_Chemical           118          26          16            0
T_Electric           118          26          16            0
T_Impulsive          118          26          16            0

LSTM Inference Time	Elapsed time is 0.0896 seconds.

Entering Mamba Training Loop
Epoch [1/100], Training Loss: 1.3929
Validation Loss: 1.3912, Validation Accuracy: 25.00%

Per-Class Validation Accuracy:
  No Thrust: 0.00% (0/160)
  Chemical: 0.00% (0/160)
  Electric: 28.12% (45/160)
  Impulsive: 71.88% (115/160)
Epoch [2/100], Training Loss: 1.3909
Validation Loss: 1.3898, Validation Accuracy: 25.00%

Per-Class Validation Accuracy:
  No Thrust: 0.00% (0/160)
  Chemical: 0.00% (0/160)
  Electric: 28.12% (45/160)
  Impulsive: 71.88% (115/160)
Epoch [3/100], Training Loss: 1.3910
Validation Loss: 1.3888, Validation Accuracy: 25.00%

Per-Class Validation Accuracy:
  No Thrust: 0.00% (0/160)
  Chemical: 0.00% (0/160)
  Electric: 25.00% (40/160)
  Impulsive: 75.00% (120/160)
Epoch [4/100], Training Loss: 1.3896
Validation Loss: 1.3881, Validation Accuracy: 25.00%

Per-Class Validation Accuracy:
  No Thrust: 0.00% (0/160)
  Chemical: 0.00% (0/160)
  Electric: 25.00% (40/160)
  Impulsive: 75.00% (120/160)
Epoch [5/100], Training Loss: 1.3882
Validation Loss: 1.3876, Validation Accuracy: 25.00%

Per-Class Validation Accuracy:
  No Thrust: 0.62% (1/160)
  Chemical: 0.00% (0/160)
  Electric: 28.75% (46/160)
  Impulsive: 70.62% (113/160)
Epoch [6/100], Training Loss: 1.3878
Validation Loss: 1.3872, Validation Accuracy: 25.00%

Per-Class Validation Accuracy:
  No Thrust: 3.75% (6/160)
  Chemical: 0.00% (0/160)
  Electric: 29.38% (47/160)
  Impulsive: 66.88% (107/160)
Epoch [7/100], Training Loss: 1.3884
Validation Loss: 1.3872, Validation Accuracy: 25.00%

Per-Class Validation Accuracy:
  No Thrust: 5.62% (9/160)
  Chemical: 0.00% (0/160)
  Electric: 31.88% (51/160)
  Impulsive: 62.50% (100/160)
Epoch [8/100], Training Loss: 1.3873
Validation Loss: 1.3869, Validation Accuracy: 25.00%

Per-Class Validation Accuracy:
  No Thrust: 6.88% (11/160)
  Chemical: 1.25% (2/160)
  Electric: 31.25% (50/160)
  Impulsive: 60.62% (97/160)
Epoch [9/100], Training Loss: 1.3874
Validation Loss: 1.3868, Validation Accuracy: 25.00%

Per-Class Validation Accuracy:
  No Thrust: 13.12% (21/160)
  Chemical: 3.12% (5/160)
  Electric: 25.62% (41/160)
  Impulsive: 58.12% (93/160)
Epoch [10/100], Training Loss: 1.3879
Validation Loss: 1.3867, Validation Accuracy: 25.00%

Per-Class Validation Accuracy:
  No Thrust: 11.25% (18/160)
  Chemical: 7.50% (12/160)
  Electric: 33.12% (53/160)
  Impulsive: 48.12% (77/160)
Epoch [11/100], Training Loss: 1.3880
Validation Loss: 1.3866, Validation Accuracy: 25.00%

Per-Class Validation Accuracy:
  No Thrust: 15.62% (25/160)
  Chemical: 9.38% (15/160)
  Electric: 30.00% (48/160)
  Impulsive: 45.00% (72/160)
Epoch [12/100], Training Loss: 1.3879
Validation Loss: 1.3866, Validation Accuracy: 25.00%

Per-Class Validation Accuracy:
  No Thrust: 15.00% (24/160)
  Chemical: 9.38% (15/160)
  Electric: 24.38% (39/160)
  Impulsive: 51.25% (82/160)
Epoch [13/100], Training Loss: 1.3872
Validation Loss: 1.3865, Validation Accuracy: 25.00%

Per-Class Validation Accuracy:
  No Thrust: 13.75% (22/160)
  Chemical: 6.88% (11/160)
  Electric: 29.38% (47/160)
  Impulsive: 50.00% (80/160)
Epoch [14/100], Training Loss: 1.3883
Validation Loss: 1.3865, Validation Accuracy: 25.00%

Per-Class Validation Accuracy:
  No Thrust: 13.75% (22/160)
  Chemical: 11.88% (19/160)
  Electric: 33.75% (54/160)
  Impulsive: 40.62% (65/160)
Epoch [15/100], Training Loss: 1.3879
Validation Loss: 1.3865, Validation Accuracy: 25.00%

Per-Class Validation Accuracy:
  No Thrust: 12.50% (20/160)
  Chemical: 10.00% (16/160)
  Electric: 30.00% (48/160)
  Impulsive: 47.50% (76/160)
Epoch [16/100], Training Loss: 1.3877
Validation Loss: 1.3865, Validation Accuracy: 25.00%

Per-Class Validation Accuracy:
  No Thrust: 13.75% (22/160)
  Chemical: 10.00% (16/160)
  Electric: 25.00% (40/160)
  Impulsive: 51.25% (82/160)
Epoch [17/100], Training Loss: 1.3873
Validation Loss: 1.3865, Validation Accuracy: 25.00%

Per-Class Validation Accuracy:
  No Thrust: 11.25% (18/160)
  Chemical: 12.50% (20/160)
  Electric: 23.12% (37/160)
  Impulsive: 53.12% (85/160)
Epoch [18/100], Training Loss: 1.3872
Validation Loss: 1.3864, Validation Accuracy: 25.00%

Per-Class Validation Accuracy:
  No Thrust: 14.38% (23/160)
  Chemical: 14.38% (23/160)
  Electric: 23.75% (38/160)
  Impulsive: 47.50% (76/160)
Epoch [19/100], Training Loss: 1.3867
Validation Loss: 1.3864, Validation Accuracy: 25.00%

Per-Class Validation Accuracy:
  No Thrust: 13.75% (22/160)
  Chemical: 10.62% (17/160)
  Electric: 21.25% (34/160)
  Impulsive: 54.38% (87/160)
Epoch [20/100], Training Loss: 1.3871
Validation Loss: 1.3864, Validation Accuracy: 25.00%

Per-Class Validation Accuracy:
  No Thrust: 14.38% (23/160)
  Chemical: 12.50% (20/160)
  Electric: 30.62% (49/160)
  Impulsive: 42.50% (68/160)
Epoch [21/100], Training Loss: 1.3867
Validation Loss: 1.3864, Validation Accuracy: 25.00%

Per-Class Validation Accuracy:
  No Thrust: 16.88% (27/160)
  Chemical: 15.00% (24/160)
  Electric: 20.62% (33/160)
  Impulsive: 47.50% (76/160)
Epoch [22/100], Training Loss: 1.3868
Validation Loss: 1.3864, Validation Accuracy: 25.00%

Per-Class Validation Accuracy:
  No Thrust: 15.00% (24/160)
  Chemical: 11.88% (19/160)
  Electric: 28.75% (46/160)
  Impulsive: 44.38% (71/160)
Epoch [23/100], Training Loss: 1.3860
Validation Loss: 1.3864, Validation Accuracy: 24.84%

Per-Class Validation Accuracy:
  No Thrust: 15.62% (25/160)
  Chemical: 15.62% (25/160)
  Electric: 30.62% (49/160)
  Impulsive: 37.50% (60/160)
Epoch [24/100], Training Loss: 1.3869
Validation Loss: 1.3864, Validation Accuracy: 25.00%

Per-Class Validation Accuracy:
  No Thrust: 16.88% (27/160)
  Chemical: 15.00% (24/160)
  Electric: 21.88% (35/160)
  Impulsive: 46.25% (74/160)
Epoch [25/100], Training Loss: 1.3867
Validation Loss: 1.3864, Validation Accuracy: 25.00%

Per-Class Validation Accuracy:
  No Thrust: 16.25% (26/160)
  Chemical: 15.62% (25/160)
  Electric: 26.25% (42/160)
  Impulsive: 41.88% (67/160)
Epoch [26/100], Training Loss: 1.3867
Validation Loss: 1.3864, Validation Accuracy: 25.00%

Per-Class Validation Accuracy:
  No Thrust: 16.88% (27/160)
  Chemical: 15.62% (25/160)
  Electric: 27.50% (44/160)
  Impulsive: 40.00% (64/160)
Epoch [27/100], Training Loss: 1.3869
Validation Loss: 1.3864, Validation Accuracy: 25.00%

Per-Class Validation Accuracy:
  No Thrust: 16.25% (26/160)
  Chemical: 15.00% (24/160)
  Electric: 28.12% (45/160)
  Impulsive: 40.62% (65/160)
Epoch [28/100], Training Loss: 1.3861
Validation Loss: 1.3864, Validation Accuracy: 25.00%

Per-Class Validation Accuracy:
  No Thrust: 16.88% (27/160)
  Chemical: 15.62% (25/160)
  Electric: 27.50% (44/160)
  Impulsive: 40.00% (64/160)
Epoch [29/100], Training Loss: 1.3871
Validation Loss: 1.3864, Validation Accuracy: 25.00%

Per-Class Validation Accuracy:
  No Thrust: 16.88% (27/160)
  Chemical: 15.62% (25/160)
  Electric: 25.62% (41/160)
  Impulsive: 41.88% (67/160)
Epoch [30/100], Training Loss: 1.3871
Validation Loss: 1.3864, Validation Accuracy: 25.00%

Per-Class Validation Accuracy:
  No Thrust: 16.88% (27/160)
  Chemical: 16.25% (26/160)
  Electric: 23.12% (37/160)
  Impulsive: 43.75% (70/160)
Epoch [31/100], Training Loss: 1.3870
Validation Loss: 1.3864, Validation Accuracy: 25.00%

Per-Class Validation Accuracy:
  No Thrust: 16.88% (27/160)
  Chemical: 15.62% (25/160)
  Electric: 21.88% (35/160)
  Impulsive: 45.62% (73/160)
Epoch [32/100], Training Loss: 1.3868
Validation Loss: 1.3864, Validation Accuracy: 25.00%

Per-Class Validation Accuracy:
  No Thrust: 16.88% (27/160)
  Chemical: 15.62% (25/160)
  Electric: 23.12% (37/160)
  Impulsive: 44.38% (71/160)
Epoch [33/100], Training Loss: 1.3868
Validation Loss: 1.3864, Validation Accuracy: 25.00%

Per-Class Validation Accuracy:
  No Thrust: 16.88% (27/160)
  Chemical: 16.25% (26/160)
  Electric: 23.75% (38/160)
  Impulsive: 43.12% (69/160)
Epoch [34/100], Training Loss: 1.3864
Validation Loss: 1.3864, Validation Accuracy: 25.00%

Per-Class Validation Accuracy:
  No Thrust: 16.88% (27/160)
  Chemical: 16.88% (27/160)
  Electric: 21.25% (34/160)
  Impulsive: 45.00% (72/160)
Epoch [35/100], Training Loss: 1.3865
Validation Loss: 1.3864, Validation Accuracy: 25.00%

Per-Class Validation Accuracy:
  No Thrust: 16.88% (27/160)
  Chemical: 16.25% (26/160)
  Electric: 22.50% (36/160)
  Impulsive: 44.38% (71/160)
Epoch [36/100], Training Loss: 1.3866
Validation Loss: 1.3864, Validation Accuracy: 25.00%

Per-Class Validation Accuracy:
  No Thrust: 16.88% (27/160)
  Chemical: 16.88% (27/160)
  Electric: 21.25% (34/160)
  Impulsive: 45.00% (72/160)
Epoch [37/100], Training Loss: 1.3866
Validation Loss: 1.3864, Validation Accuracy: 25.00%

Per-Class Validation Accuracy:
  No Thrust: 16.88% (27/160)
  Chemical: 16.25% (26/160)
  Electric: 23.12% (37/160)
  Impulsive: 43.75% (70/160)
Epoch [38/100], Training Loss: 1.3866
Validation Loss: 1.3864, Validation Accuracy: 25.00%

Per-Class Validation Accuracy:
  No Thrust: 16.88% (27/160)
  Chemical: 16.88% (27/160)
  Electric: 22.50% (36/160)
  Impulsive: 43.75% (70/160)
Epoch [39/100], Training Loss: 1.3865
Validation Loss: 1.3864, Validation Accuracy: 25.00%

Per-Class Validation Accuracy:
  No Thrust: 16.88% (27/160)
  Chemical: 16.88% (27/160)
  Electric: 21.88% (35/160)
  Impulsive: 44.38% (71/160)
Epoch [40/100], Training Loss: 1.3863
Validation Loss: 1.3864, Validation Accuracy: 25.00%

Per-Class Validation Accuracy:
  No Thrust: 16.88% (27/160)
  Chemical: 16.88% (27/160)
  Electric: 21.88% (35/160)
  Impulsive: 44.38% (71/160)
Epoch [41/100], Training Loss: 1.3867
Validation Loss: 1.3864, Validation Accuracy: 24.84%

Per-Class Validation Accuracy:
  No Thrust: 16.88% (27/160)
  Chemical: 16.88% (27/160)
  Electric: 21.88% (35/160)
  Impulsive: 43.75% (70/160)
Epoch [42/100], Training Loss: 1.3865
Validation Loss: 1.3864, Validation Accuracy: 25.00%

Per-Class Validation Accuracy:
  No Thrust: 16.88% (27/160)
  Chemical: 16.25% (26/160)
  Electric: 23.12% (37/160)
  Impulsive: 43.75% (70/160)
Epoch [43/100], Training Loss: 1.3859
Validation Loss: 1.3864, Validation Accuracy: 25.00%

Per-Class Validation Accuracy:
  No Thrust: 16.88% (27/160)
  Chemical: 16.88% (27/160)
  Electric: 22.50% (36/160)
  Impulsive: 43.75% (70/160)
Epoch [44/100], Training Loss: 1.3864
Validation Loss: 1.3864, Validation Accuracy: 25.00%

Per-Class Validation Accuracy:
  No Thrust: 16.88% (27/160)
  Chemical: 16.88% (27/160)
  Electric: 22.50% (36/160)
  Impulsive: 43.75% (70/160)
Epoch [45/100], Training Loss: 1.3869
Validation Loss: 1.3864, Validation Accuracy: 25.00%

Per-Class Validation Accuracy:
  No Thrust: 16.88% (27/160)
  Chemical: 16.88% (27/160)
  Electric: 22.50% (36/160)
  Impulsive: 43.75% (70/160)
Epoch [46/100], Training Loss: 1.3863
Validation Loss: 1.3864, Validation Accuracy: 25.00%

Per-Class Validation Accuracy:
  No Thrust: 16.88% (27/160)
  Chemical: 16.88% (27/160)
  Electric: 22.50% (36/160)
  Impulsive: 43.75% (70/160)
Epoch [47/100], Training Loss: 1.3869
Validation Loss: 1.3864, Validation Accuracy: 25.00%

Per-Class Validation Accuracy:
  No Thrust: 16.88% (27/160)
  Chemical: 16.88% (27/160)
  Electric: 22.50% (36/160)
  Impulsive: 43.75% (70/160)
Epoch [48/100], Training Loss: 1.3861
Validation Loss: 1.3864, Validation Accuracy: 25.00%

Per-Class Validation Accuracy:
  No Thrust: 16.88% (27/160)
  Chemical: 16.88% (27/160)
  Electric: 22.50% (36/160)
  Impulsive: 43.75% (70/160)
Epoch [49/100], Training Loss: 1.3867
Validation Loss: 1.3864, Validation Accuracy: 25.00%

Per-Class Validation Accuracy:
  No Thrust: 16.88% (27/160)
  Chemical: 16.88% (27/160)
  Electric: 22.50% (36/160)
  Impulsive: 43.75% (70/160)
Epoch [50/100], Training Loss: 1.3860
Validation Loss: 1.3864, Validation Accuracy: 25.00%

Per-Class Validation Accuracy:
  No Thrust: 16.88% (27/160)
  Chemical: 16.88% (27/160)
  Electric: 22.50% (36/160)
  Impulsive: 43.75% (70/160)
Epoch [51/100], Training Loss: 1.3863
Validation Loss: 1.3864, Validation Accuracy: 25.00%

Per-Class Validation Accuracy:
  No Thrust: 16.88% (27/160)
  Chemical: 16.88% (27/160)
  Electric: 22.50% (36/160)
  Impulsive: 43.75% (70/160)
Epoch [52/100], Training Loss: 1.3865
Validation Loss: 1.3864, Validation Accuracy: 25.00%

Per-Class Validation Accuracy:
  No Thrust: 16.88% (27/160)
  Chemical: 16.88% (27/160)
  Electric: 22.50% (36/160)
  Impulsive: 43.75% (70/160)
Epoch [53/100], Training Loss: 1.3872
Validation Loss: 1.3864, Validation Accuracy: 25.00%

Per-Class Validation Accuracy:
  No Thrust: 16.88% (27/160)
  Chemical: 16.88% (27/160)
  Electric: 22.50% (36/160)
  Impulsive: 43.75% (70/160)
Epoch [54/100], Training Loss: 1.3869
Validation Loss: 1.3864, Validation Accuracy: 25.00%

Per-Class Validation Accuracy:
  No Thrust: 16.88% (27/160)
  Chemical: 16.88% (27/160)
  Electric: 22.50% (36/160)
  Impulsive: 43.75% (70/160)
Epoch [55/100], Training Loss: 1.3864
Validation Loss: 1.3864, Validation Accuracy: 25.00%

Per-Class Validation Accuracy:
  No Thrust: 16.88% (27/160)
  Chemical: 16.88% (27/160)
  Electric: 22.50% (36/160)
  Impulsive: 43.75% (70/160)
Epoch [56/100], Training Loss: 1.3864
Validation Loss: 1.3864, Validation Accuracy: 25.00%

Per-Class Validation Accuracy:
  No Thrust: 16.88% (27/160)
  Chemical: 16.88% (27/160)
  Electric: 22.50% (36/160)
  Impulsive: 43.75% (70/160)
Epoch [57/100], Training Loss: 1.3866
Validation Loss: 1.3864, Validation Accuracy: 25.00%

Per-Class Validation Accuracy:
  No Thrust: 16.88% (27/160)
  Chemical: 16.88% (27/160)
  Electric: 22.50% (36/160)
  Impulsive: 43.75% (70/160)
Epoch [58/100], Training Loss: 1.3869
Validation Loss: 1.3864, Validation Accuracy: 25.00%

Per-Class Validation Accuracy:
  No Thrust: 16.88% (27/160)
  Chemical: 16.88% (27/160)
  Electric: 22.50% (36/160)
  Impulsive: 43.75% (70/160)
Epoch [59/100], Training Loss: 1.3861
Validation Loss: 1.3864, Validation Accuracy: 25.00%

Per-Class Validation Accuracy:
  No Thrust: 16.88% (27/160)
  Chemical: 16.88% (27/160)
  Electric: 22.50% (36/160)
  Impulsive: 43.75% (70/160)
Epoch [60/100], Training Loss: 1.3871
Validation Loss: 1.3864, Validation Accuracy: 25.00%

Per-Class Validation Accuracy:
  No Thrust: 16.88% (27/160)
  Chemical: 16.88% (27/160)
  Electric: 22.50% (36/160)
  Impulsive: 43.75% (70/160)
Epoch [61/100], Training Loss: 1.3863
Validation Loss: 1.3864, Validation Accuracy: 25.00%

Per-Class Validation Accuracy:
  No Thrust: 16.88% (27/160)
  Chemical: 16.88% (27/160)
  Electric: 22.50% (36/160)
  Impulsive: 43.75% (70/160)
Epoch [62/100], Training Loss: 1.3861
Validation Loss: 1.3864, Validation Accuracy: 25.00%

Per-Class Validation Accuracy:
  No Thrust: 16.88% (27/160)
  Chemical: 16.88% (27/160)
  Electric: 22.50% (36/160)
  Impulsive: 43.75% (70/160)
Epoch [63/100], Training Loss: 1.3859
Validation Loss: 1.3864, Validation Accuracy: 25.00%

Per-Class Validation Accuracy:
  No Thrust: 16.88% (27/160)
  Chemical: 16.88% (27/160)
  Electric: 22.50% (36/160)
  Impulsive: 43.75% (70/160)
Epoch [64/100], Training Loss: 1.3864
Validation Loss: 1.3864, Validation Accuracy: 25.00%

Per-Class Validation Accuracy:
  No Thrust: 16.88% (27/160)
  Chemical: 16.88% (27/160)
  Electric: 22.50% (36/160)
  Impulsive: 43.75% (70/160)
Epoch [65/100], Training Loss: 1.3863
Validation Loss: 1.3864, Validation Accuracy: 25.00%

Per-Class Validation Accuracy:
  No Thrust: 16.88% (27/160)
  Chemical: 16.88% (27/160)
  Electric: 22.50% (36/160)
  Impulsive: 43.75% (70/160)
Epoch [66/100], Training Loss: 1.3866
Validation Loss: 1.3864, Validation Accuracy: 25.00%

Per-Class Validation Accuracy:
  No Thrust: 16.88% (27/160)
  Chemical: 16.88% (27/160)
  Electric: 22.50% (36/160)
  Impulsive: 43.75% (70/160)
Epoch [67/100], Training Loss: 1.3860
Validation Loss: 1.3864, Validation Accuracy: 25.00%

Per-Class Validation Accuracy:
  No Thrust: 16.88% (27/160)
  Chemical: 16.88% (27/160)
  Electric: 22.50% (36/160)
  Impulsive: 43.75% (70/160)
Epoch [68/100], Training Loss: 1.3863
Validation Loss: 1.3864, Validation Accuracy: 25.00%

Per-Class Validation Accuracy:
  No Thrust: 16.88% (27/160)
  Chemical: 16.88% (27/160)
  Electric: 22.50% (36/160)
  Impulsive: 43.75% (70/160)
Epoch [69/100], Training Loss: 1.3858
Validation Loss: 1.3864, Validation Accuracy: 25.00%

Per-Class Validation Accuracy:
  No Thrust: 16.88% (27/160)
  Chemical: 16.88% (27/160)
  Electric: 22.50% (36/160)
  Impulsive: 43.75% (70/160)
Epoch [70/100], Training Loss: 1.3860
Validation Loss: 1.3864, Validation Accuracy: 25.00%

Per-Class Validation Accuracy:
  No Thrust: 16.88% (27/160)
  Chemical: 16.88% (27/160)
  Electric: 22.50% (36/160)
  Impulsive: 43.75% (70/160)
Epoch [71/100], Training Loss: 1.3862
Validation Loss: 1.3864, Validation Accuracy: 25.00%

Per-Class Validation Accuracy:
  No Thrust: 16.88% (27/160)
  Chemical: 16.88% (27/160)
  Electric: 22.50% (36/160)
  Impulsive: 43.75% (70/160)
Epoch [72/100], Training Loss: 1.3863
Validation Loss: 1.3864, Validation Accuracy: 25.00%

Per-Class Validation Accuracy:
  No Thrust: 16.88% (27/160)
  Chemical: 16.88% (27/160)
  Electric: 22.50% (36/160)
  Impulsive: 43.75% (70/160)
Epoch [73/100], Training Loss: 1.3864
Validation Loss: 1.3864, Validation Accuracy: 25.00%

Per-Class Validation Accuracy:
  No Thrust: 16.88% (27/160)
  Chemical: 16.88% (27/160)
  Electric: 22.50% (36/160)
  Impulsive: 43.75% (70/160)
Epoch [74/100], Training Loss: 1.3864
Validation Loss: 1.3864, Validation Accuracy: 25.00%

Per-Class Validation Accuracy:
  No Thrust: 16.88% (27/160)
  Chemical: 16.88% (27/160)
  Electric: 22.50% (36/160)
  Impulsive: 43.75% (70/160)
Epoch [75/100], Training Loss: 1.3863
Validation Loss: 1.3864, Validation Accuracy: 25.00%

Per-Class Validation Accuracy:
  No Thrust: 16.88% (27/160)
  Chemical: 16.88% (27/160)
  Electric: 22.50% (36/160)
  Impulsive: 43.75% (70/160)
Epoch [76/100], Training Loss: 1.3869
Validation Loss: 1.3864, Validation Accuracy: 25.00%

Per-Class Validation Accuracy:
  No Thrust: 16.88% (27/160)
  Chemical: 16.88% (27/160)
  Electric: 22.50% (36/160)
  Impulsive: 43.75% (70/160)
Epoch [77/100], Training Loss: 1.3865
Validation Loss: 1.3864, Validation Accuracy: 25.00%

Per-Class Validation Accuracy:
  No Thrust: 16.88% (27/160)
  Chemical: 16.88% (27/160)
  Electric: 22.50% (36/160)
  Impulsive: 43.75% (70/160)
Epoch [78/100], Training Loss: 1.3865
Validation Loss: 1.3864, Validation Accuracy: 25.00%

Per-Class Validation Accuracy:
  No Thrust: 16.88% (27/160)
  Chemical: 16.88% (27/160)
  Electric: 22.50% (36/160)
  Impulsive: 43.75% (70/160)
Epoch [79/100], Training Loss: 1.3859
Validation Loss: 1.3864, Validation Accuracy: 25.00%

Per-Class Validation Accuracy:
  No Thrust: 16.88% (27/160)
  Chemical: 16.88% (27/160)
  Electric: 22.50% (36/160)
  Impulsive: 43.75% (70/160)
Epoch [80/100], Training Loss: 1.3865
Validation Loss: 1.3864, Validation Accuracy: 25.00%

Per-Class Validation Accuracy:
  No Thrust: 16.88% (27/160)
  Chemical: 16.88% (27/160)
  Electric: 22.50% (36/160)
  Impulsive: 43.75% (70/160)
Epoch [81/100], Training Loss: 1.3862
Validation Loss: 1.3864, Validation Accuracy: 25.00%

Per-Class Validation Accuracy:
  No Thrust: 16.88% (27/160)
  Chemical: 16.88% (27/160)
  Electric: 22.50% (36/160)
  Impulsive: 43.75% (70/160)
Epoch [82/100], Training Loss: 1.3861
Validation Loss: 1.3864, Validation Accuracy: 25.00%

Per-Class Validation Accuracy:
  No Thrust: 16.88% (27/160)
  Chemical: 16.88% (27/160)
  Electric: 22.50% (36/160)
  Impulsive: 43.75% (70/160)
Epoch [83/100], Training Loss: 1.3869
Validation Loss: 1.3864, Validation Accuracy: 25.00%

Per-Class Validation Accuracy:
  No Thrust: 16.88% (27/160)
  Chemical: 16.88% (27/160)
  Electric: 22.50% (36/160)
  Impulsive: 43.75% (70/160)
Epoch [84/100], Training Loss: 1.3868
Validation Loss: 1.3864, Validation Accuracy: 25.00%

Per-Class Validation Accuracy:
  No Thrust: 16.88% (27/160)
  Chemical: 16.88% (27/160)
  Electric: 22.50% (36/160)
  Impulsive: 43.75% (70/160)
Epoch [85/100], Training Loss: 1.3866
Validation Loss: 1.3864, Validation Accuracy: 25.00%

Per-Class Validation Accuracy:
  No Thrust: 16.88% (27/160)
  Chemical: 16.88% (27/160)
  Electric: 22.50% (36/160)
  Impulsive: 43.75% (70/160)
Epoch [86/100], Training Loss: 1.3865
Validation Loss: 1.3864, Validation Accuracy: 25.00%

Per-Class Validation Accuracy:
  No Thrust: 16.88% (27/160)
  Chemical: 16.88% (27/160)
  Electric: 22.50% (36/160)
  Impulsive: 43.75% (70/160)
Epoch [87/100], Training Loss: 1.3867
Validation Loss: 1.3864, Validation Accuracy: 25.00%

Per-Class Validation Accuracy:
  No Thrust: 16.88% (27/160)
  Chemical: 16.88% (27/160)
  Electric: 22.50% (36/160)
  Impulsive: 43.75% (70/160)
Epoch [88/100], Training Loss: 1.3867
Validation Loss: 1.3864, Validation Accuracy: 25.00%

Per-Class Validation Accuracy:
  No Thrust: 16.88% (27/160)
  Chemical: 16.88% (27/160)
  Electric: 22.50% (36/160)
  Impulsive: 43.75% (70/160)
Epoch [89/100], Training Loss: 1.3865
Validation Loss: 1.3864, Validation Accuracy: 25.00%

Per-Class Validation Accuracy:
  No Thrust: 16.88% (27/160)
  Chemical: 16.88% (27/160)
  Electric: 22.50% (36/160)
  Impulsive: 43.75% (70/160)
Epoch [90/100], Training Loss: 1.3864
Validation Loss: 1.3864, Validation Accuracy: 25.00%

Per-Class Validation Accuracy:
  No Thrust: 16.88% (27/160)
  Chemical: 16.88% (27/160)
  Electric: 22.50% (36/160)
  Impulsive: 43.75% (70/160)
Epoch [91/100], Training Loss: 1.3862
Validation Loss: 1.3864, Validation Accuracy: 25.00%

Per-Class Validation Accuracy:
  No Thrust: 16.88% (27/160)
  Chemical: 16.88% (27/160)
  Electric: 22.50% (36/160)
  Impulsive: 43.75% (70/160)
Epoch [92/100], Training Loss: 1.3863
Validation Loss: 1.3864, Validation Accuracy: 25.00%

Per-Class Validation Accuracy:
  No Thrust: 16.88% (27/160)
  Chemical: 16.88% (27/160)
  Electric: 22.50% (36/160)
  Impulsive: 43.75% (70/160)
Epoch [93/100], Training Loss: 1.3864
Validation Loss: 1.3864, Validation Accuracy: 25.00%

Per-Class Validation Accuracy:
  No Thrust: 16.88% (27/160)
  Chemical: 16.88% (27/160)
  Electric: 22.50% (36/160)
  Impulsive: 43.75% (70/160)
Epoch [94/100], Training Loss: 1.3871
Validation Loss: 1.3864, Validation Accuracy: 25.00%

Per-Class Validation Accuracy:
  No Thrust: 16.88% (27/160)
  Chemical: 16.88% (27/160)
  Electric: 22.50% (36/160)
  Impulsive: 43.75% (70/160)
Epoch [95/100], Training Loss: 1.3866
Validation Loss: 1.3864, Validation Accuracy: 25.00%

Per-Class Validation Accuracy:
  No Thrust: 16.88% (27/160)
  Chemical: 16.88% (27/160)
  Electric: 22.50% (36/160)
  Impulsive: 43.75% (70/160)
Epoch [96/100], Training Loss: 1.3864
Validation Loss: 1.3864, Validation Accuracy: 25.00%

Per-Class Validation Accuracy:
  No Thrust: 16.88% (27/160)
  Chemical: 16.88% (27/160)
  Electric: 22.50% (36/160)
  Impulsive: 43.75% (70/160)
Epoch [97/100], Training Loss: 1.3863
Validation Loss: 1.3864, Validation Accuracy: 25.00%

Per-Class Validation Accuracy:
  No Thrust: 16.88% (27/160)
  Chemical: 16.88% (27/160)
  Electric: 22.50% (36/160)
  Impulsive: 43.75% (70/160)
Epoch [98/100], Training Loss: 1.3862
Validation Loss: 1.3864, Validation Accuracy: 25.00%

Per-Class Validation Accuracy:
  No Thrust: 16.88% (27/160)
  Chemical: 16.88% (27/160)
  Electric: 22.50% (36/160)
  Impulsive: 43.75% (70/160)
Epoch [99/100], Training Loss: 1.3870
Validation Loss: 1.3864, Validation Accuracy: 25.00%

Per-Class Validation Accuracy:
  No Thrust: 16.88% (27/160)
  Chemical: 16.88% (27/160)
  Electric: 22.50% (36/160)
  Impulsive: 43.75% (70/160)
Epoch [100/100], Training Loss: 1.3863
Validation Loss: 1.3864, Validation Accuracy: 25.00%

Per-Class Validation Accuracy:
  No Thrust: 16.88% (27/160)
  Chemical: 16.88% (27/160)
  Electric: 22.50% (36/160)
  Impulsive: 43.75% (70/160)

	Elapsed time is 34.5785 seconds.

==========================================================================================
Total parameters: 6106
Total memory (bytes): 48848
Total memory (MB): 0.0465850830078125
==========================================================================================

Mamba Validation
Validation Loss: 1.3864, Validation Accuracy: 25.00%

Per-Class Validation Accuracy:
  No Thrust: 16.88% (27/160)
  Chemical: 16.88% (27/160)
  Electric: 22.50% (36/160)
  Impulsive: 43.75% (70/160)

Classification Report:
              precision    recall  f1-score   support

   No Thrust     0.2500    0.1688    0.2015       160
    Chemical     0.2500    0.1688    0.2015       160
    Electric     0.2500    0.2250    0.2368       160
   Impulsive     0.2500    0.4375    0.3182       160

    accuracy                         0.2500       640
   macro avg     0.2500    0.2500    0.2395       640
weighted avg     0.2500    0.2500    0.2395       640


Confusion Matrix (rows = true, cols = predicted):
             P_No Thrust  P_Chemical  P_Electric  P_Impulsive
T_No Thrust           27          27          36           70
T_Chemical            27          27          36           70
T_Electric            27          27          36           70
T_Impulsive           27          27          36           70

Mamba Inference Time	Elapsed time is 0.1318 seconds.

Entering Transformer Training Loop
Epoch [1/100], Training Loss: 1.4588
Validation Loss: 1.4012, Validation Accuracy: 25.00%

Per-Class Validation Accuracy:
  No Thrust: 26.25% (42/160)
  Chemical: 0.00% (0/160)
  Electric: 57.50% (92/160)
  Impulsive: 16.25% (26/160)
Epoch [2/100], Training Loss: 1.4235
Validation Loss: 1.3935, Validation Accuracy: 25.00%

Per-Class Validation Accuracy:
  No Thrust: 4.38% (7/160)
  Chemical: 51.25% (82/160)
  Electric: 20.00% (32/160)
  Impulsive: 24.38% (39/160)
Epoch [3/100], Training Loss: 1.4105
Validation Loss: 1.3913, Validation Accuracy: 25.00%

Per-Class Validation Accuracy:
  No Thrust: 23.75% (38/160)
  Chemical: 30.62% (49/160)
  Electric: 11.88% (19/160)
  Impulsive: 33.75% (54/160)
Epoch [4/100], Training Loss: 1.4175
Validation Loss: 1.3922, Validation Accuracy: 25.00%

Per-Class Validation Accuracy:
  No Thrust: 37.50% (60/160)
  Chemical: 18.75% (30/160)
  Electric: 19.38% (31/160)
  Impulsive: 24.38% (39/160)
Epoch [5/100], Training Loss: 1.4106
Validation Loss: 1.3913, Validation Accuracy: 25.00%

Per-Class Validation Accuracy:
  No Thrust: 0.00% (0/160)
  Chemical: 15.00% (24/160)
  Electric: 48.12% (77/160)
  Impulsive: 36.88% (59/160)
Epoch [6/100], Training Loss: 1.4128
Validation Loss: 1.3882, Validation Accuracy: 25.00%

Per-Class Validation Accuracy:
  No Thrust: 26.25% (42/160)
  Chemical: 32.50% (52/160)
  Electric: 11.88% (19/160)
  Impulsive: 29.38% (47/160)
Epoch [7/100], Training Loss: 1.4036
Validation Loss: 1.3884, Validation Accuracy: 25.00%

Per-Class Validation Accuracy:
  No Thrust: 71.88% (115/160)
  Chemical: 3.12% (5/160)
  Electric: 13.12% (21/160)
  Impulsive: 11.88% (19/160)
Epoch [8/100], Training Loss: 1.4055
Validation Loss: 1.3875, Validation Accuracy: 25.00%

Per-Class Validation Accuracy:
  No Thrust: 30.00% (48/160)
  Chemical: 18.75% (30/160)
  Electric: 8.75% (14/160)
  Impulsive: 42.50% (68/160)
Epoch [9/100], Training Loss: 1.4072
Validation Loss: 1.3874, Validation Accuracy: 25.00%

Per-Class Validation Accuracy:
  No Thrust: 38.75% (62/160)
  Chemical: 20.00% (32/160)
  Electric: 26.25% (42/160)
  Impulsive: 15.00% (24/160)
Epoch [10/100], Training Loss: 1.3949
Validation Loss: 1.3905, Validation Accuracy: 25.00%

Per-Class Validation Accuracy:
  No Thrust: 55.62% (89/160)
  Chemical: 44.38% (71/160)
  Electric: 0.00% (0/160)
  Impulsive: 0.00% (0/160)
Epoch [11/100], Training Loss: 1.3991
Validation Loss: 1.3906, Validation Accuracy: 25.00%

Per-Class Validation Accuracy:
  No Thrust: 0.00% (0/160)
  Chemical: 0.00% (0/160)
  Electric: 100.00% (160/160)
  Impulsive: 0.00% (0/160)
Epoch [12/100], Training Loss: 1.4009
Validation Loss: 1.3883, Validation Accuracy: 25.00%

Per-Class Validation Accuracy:
  No Thrust: 34.38% (55/160)
  Chemical: 0.00% (0/160)
  Electric: 28.12% (45/160)
  Impulsive: 37.50% (60/160)
Epoch [13/100], Training Loss: 1.4013
Validation Loss: 1.3875, Validation Accuracy: 25.00%

Per-Class Validation Accuracy:
  No Thrust: 0.00% (0/160)
  Chemical: 1.88% (3/160)
  Electric: 7.50% (12/160)
  Impulsive: 90.62% (145/160)
Epoch [14/100], Training Loss: 1.4025
Validation Loss: 1.3890, Validation Accuracy: 25.00%

Per-Class Validation Accuracy:
  No Thrust: 88.12% (141/160)
  Chemical: 0.00% (0/160)
  Electric: 11.88% (19/160)
  Impulsive: 0.00% (0/160)
Epoch [15/100], Training Loss: 1.3888
Validation Loss: 1.3868, Validation Accuracy: 25.00%

Per-Class Validation Accuracy:
  No Thrust: 0.00% (0/160)
  Chemical: 0.00% (0/160)
  Electric: 27.50% (44/160)
  Impulsive: 72.50% (116/160)
Epoch [16/100], Training Loss: 1.3956
Validation Loss: 1.3868, Validation Accuracy: 25.00%

Per-Class Validation Accuracy:
  No Thrust: 0.00% (0/160)
  Chemical: 33.75% (54/160)
  Electric: 37.50% (60/160)
  Impulsive: 28.75% (46/160)
Epoch [17/100], Training Loss: 1.3953
Validation Loss: 1.3869, Validation Accuracy: 25.00%

Per-Class Validation Accuracy:
  No Thrust: 0.00% (0/160)
  Chemical: 4.38% (7/160)
  Electric: 95.62% (153/160)
  Impulsive: 0.00% (0/160)
Epoch [18/100], Training Loss: 1.3922
Validation Loss: 1.3872, Validation Accuracy: 25.00%

Per-Class Validation Accuracy:
  No Thrust: 0.00% (0/160)
  Chemical: 100.00% (160/160)
  Electric: 0.00% (0/160)
  Impulsive: 0.00% (0/160)
Epoch [19/100], Training Loss: 1.3988
Validation Loss: 1.3865, Validation Accuracy: 25.00%

Per-Class Validation Accuracy:
  No Thrust: 28.75% (46/160)
  Chemical: 44.38% (71/160)
  Electric: 0.62% (1/160)
  Impulsive: 26.25% (42/160)
Epoch [20/100], Training Loss: 1.3961
Validation Loss: 1.3874, Validation Accuracy: 25.00%

Per-Class Validation Accuracy:
  No Thrust: 0.00% (0/160)
  Chemical: 0.00% (0/160)
  Electric: 96.25% (154/160)
  Impulsive: 3.75% (6/160)
Epoch [21/100], Training Loss: 1.3900
Validation Loss: 1.3869, Validation Accuracy: 25.00%

Per-Class Validation Accuracy:
  No Thrust: 90.00% (144/160)
  Chemical: 0.00% (0/160)
  Electric: 0.00% (0/160)
  Impulsive: 10.00% (16/160)
Epoch [22/100], Training Loss: 1.4000
Validation Loss: 1.3866, Validation Accuracy: 25.16%

Per-Class Validation Accuracy:
  No Thrust: 36.25% (58/160)
  Chemical: 36.25% (58/160)
  Electric: 0.00% (0/160)
  Impulsive: 28.12% (45/160)
Epoch [23/100], Training Loss: 1.3917
Validation Loss: 1.3865, Validation Accuracy: 25.00%

Per-Class Validation Accuracy:
  No Thrust: 0.00% (0/160)
  Chemical: 45.00% (72/160)
  Electric: 52.50% (84/160)
  Impulsive: 2.50% (4/160)
Epoch [24/100], Training Loss: 1.3924
Validation Loss: 1.3869, Validation Accuracy: 25.00%

Per-Class Validation Accuracy:
  No Thrust: 0.00% (0/160)
  Chemical: 64.38% (103/160)
  Electric: 26.88% (43/160)
  Impulsive: 8.75% (14/160)
Epoch [25/100], Training Loss: 1.3928
Validation Loss: 1.3867, Validation Accuracy: 25.00%

Per-Class Validation Accuracy:
  No Thrust: 0.00% (0/160)
  Chemical: 0.00% (0/160)
  Electric: 44.38% (71/160)
  Impulsive: 55.62% (89/160)
Epoch [26/100], Training Loss: 1.3926
Validation Loss: 1.3865, Validation Accuracy: 25.00%

Per-Class Validation Accuracy:
  No Thrust: 98.75% (158/160)
  Chemical: 0.00% (0/160)
  Electric: 0.00% (0/160)
  Impulsive: 1.25% (2/160)
Epoch [27/100], Training Loss: 1.3867
Validation Loss: 1.3865, Validation Accuracy: 25.00%

Per-Class Validation Accuracy:
  No Thrust: 0.00% (0/160)
  Chemical: 1.25% (2/160)
  Electric: 98.75% (158/160)
  Impulsive: 0.00% (0/160)
Epoch [28/100], Training Loss: 1.3931
Validation Loss: 1.3864, Validation Accuracy: 25.00%

Per-Class Validation Accuracy:
  No Thrust: 3.12% (5/160)
  Chemical: 32.50% (52/160)
  Electric: 15.62% (25/160)
  Impulsive: 48.75% (78/160)
Epoch [29/100], Training Loss: 1.3897
Validation Loss: 1.3864, Validation Accuracy: 25.00%

Per-Class Validation Accuracy:
  No Thrust: 0.00% (0/160)
  Chemical: 0.62% (1/160)
  Electric: 84.38% (135/160)
  Impulsive: 15.00% (24/160)
Epoch [30/100], Training Loss: 1.3943
Validation Loss: 1.3864, Validation Accuracy: 25.00%

Per-Class Validation Accuracy:
  No Thrust: 1.25% (2/160)
  Chemical: 82.50% (132/160)
  Electric: 16.25% (26/160)
  Impulsive: 0.00% (0/160)
Epoch [31/100], Training Loss: 1.3878
Validation Loss: 1.3864, Validation Accuracy: 25.00%

Per-Class Validation Accuracy:
  No Thrust: 78.75% (126/160)
  Chemical: 0.00% (0/160)
  Electric: 20.00% (32/160)
  Impulsive: 1.25% (2/160)
Epoch [32/100], Training Loss: 1.3905
Validation Loss: 1.3864, Validation Accuracy: 25.00%

Per-Class Validation Accuracy:
  No Thrust: 1.88% (3/160)
  Chemical: 38.12% (61/160)
  Electric: 16.25% (26/160)
  Impulsive: 43.75% (70/160)
Epoch [33/100], Training Loss: 1.3928
Validation Loss: 1.3864, Validation Accuracy: 25.00%

Per-Class Validation Accuracy:
  No Thrust: 4.38% (7/160)
  Chemical: 1.25% (2/160)
  Electric: 33.12% (53/160)
  Impulsive: 61.25% (98/160)
Epoch [34/100], Training Loss: 1.3963
Validation Loss: 1.3864, Validation Accuracy: 25.00%

Per-Class Validation Accuracy:
  No Thrust: 71.25% (114/160)
  Chemical: 12.50% (20/160)
  Electric: 16.25% (26/160)
  Impulsive: 0.00% (0/160)
Epoch [35/100], Training Loss: 1.3857
Validation Loss: 1.3864, Validation Accuracy: 25.00%

Per-Class Validation Accuracy:
  No Thrust: 0.00% (0/160)
  Chemical: 24.38% (39/160)
  Electric: 1.88% (3/160)
  Impulsive: 73.75% (118/160)
Epoch [36/100], Training Loss: 1.3938
Validation Loss: 1.3864, Validation Accuracy: 24.84%

Per-Class Validation Accuracy:
  No Thrust: 1.25% (2/160)
  Chemical: 1.25% (2/160)
  Electric: 54.38% (87/160)
  Impulsive: 42.50% (68/160)
Epoch [37/100], Training Loss: 1.3908
Validation Loss: 1.3864, Validation Accuracy: 25.00%

Per-Class Validation Accuracy:
  No Thrust: 25.62% (41/160)
  Chemical: 74.38% (119/160)
  Electric: 0.00% (0/160)
  Impulsive: 0.00% (0/160)
Epoch [38/100], Training Loss: 1.3912
Validation Loss: 1.3864, Validation Accuracy: 25.00%

Per-Class Validation Accuracy:
  No Thrust: 0.00% (0/160)
  Chemical: 65.62% (105/160)
  Electric: 31.88% (51/160)
  Impulsive: 2.50% (4/160)
Epoch [39/100], Training Loss: 1.3883
Validation Loss: 1.3863, Validation Accuracy: 25.00%

Per-Class Validation Accuracy:
  No Thrust: 3.75% (6/160)
  Chemical: 14.38% (23/160)
  Electric: 47.50% (76/160)
  Impulsive: 34.38% (55/160)
Epoch [40/100], Training Loss: 1.3887
Validation Loss: 1.3864, Validation Accuracy: 25.00%

Per-Class Validation Accuracy:
  No Thrust: 45.00% (72/160)
  Chemical: 1.25% (2/160)
  Electric: 53.75% (86/160)
  Impulsive: 0.00% (0/160)
Epoch [41/100], Training Loss: 1.3897
Validation Loss: 1.3863, Validation Accuracy: 25.00%

Per-Class Validation Accuracy:
  No Thrust: 36.25% (58/160)
  Chemical: 37.50% (60/160)
  Electric: 23.12% (37/160)
  Impulsive: 3.12% (5/160)
Epoch [42/100], Training Loss: 1.3869
Validation Loss: 1.3863, Validation Accuracy: 25.00%

Per-Class Validation Accuracy:
  No Thrust: 81.25% (130/160)
  Chemical: 12.50% (20/160)
  Electric: 0.62% (1/160)
  Impulsive: 5.62% (9/160)
Epoch [43/100], Training Loss: 1.3899
Validation Loss: 1.3863, Validation Accuracy: 25.00%

Per-Class Validation Accuracy:
  No Thrust: 21.88% (35/160)
  Chemical: 16.25% (26/160)
  Electric: 28.12% (45/160)
  Impulsive: 33.75% (54/160)
Epoch [44/100], Training Loss: 1.3909
Validation Loss: 1.3863, Validation Accuracy: 25.00%

Per-Class Validation Accuracy:
  No Thrust: 16.25% (26/160)
  Chemical: 56.88% (91/160)
  Electric: 10.62% (17/160)
  Impulsive: 16.25% (26/160)
Epoch [45/100], Training Loss: 1.3851
Validation Loss: 1.3863, Validation Accuracy: 25.00%

Per-Class Validation Accuracy:
  No Thrust: 57.50% (92/160)
  Chemical: 20.00% (32/160)
  Electric: 22.50% (36/160)
  Impulsive: 0.00% (0/160)
Epoch [46/100], Training Loss: 1.3857
Validation Loss: 1.3863, Validation Accuracy: 25.00%

Per-Class Validation Accuracy:
  No Thrust: 16.88% (27/160)
  Chemical: 76.25% (122/160)
  Electric: 6.25% (10/160)
  Impulsive: 0.62% (1/160)
Epoch [47/100], Training Loss: 1.3863
Validation Loss: 1.3863, Validation Accuracy: 25.00%

Per-Class Validation Accuracy:
  No Thrust: 12.50% (20/160)
  Chemical: 76.25% (122/160)
  Electric: 10.00% (16/160)
  Impulsive: 1.25% (2/160)
Epoch [48/100], Training Loss: 1.3882
Validation Loss: 1.3863, Validation Accuracy: 25.00%

Per-Class Validation Accuracy:
  No Thrust: 16.88% (27/160)
  Chemical: 68.75% (110/160)
  Electric: 13.75% (22/160)
  Impulsive: 0.62% (1/160)
Epoch [49/100], Training Loss: 1.3876
Validation Loss: 1.3863, Validation Accuracy: 25.00%

Per-Class Validation Accuracy:
  No Thrust: 6.88% (11/160)
  Chemical: 59.38% (95/160)
  Electric: 15.00% (24/160)
  Impulsive: 18.75% (30/160)
Epoch [50/100], Training Loss: 1.3886
Validation Loss: 1.3863, Validation Accuracy: 25.00%

Per-Class Validation Accuracy:
  No Thrust: 14.38% (23/160)
  Chemical: 75.00% (120/160)
  Electric: 5.00% (8/160)
  Impulsive: 5.62% (9/160)
Epoch [51/100], Training Loss: 1.3905
Validation Loss: 1.3863, Validation Accuracy: 25.00%

Per-Class Validation Accuracy:
  No Thrust: 8.12% (13/160)
  Chemical: 62.50% (100/160)
  Electric: 15.00% (24/160)
  Impulsive: 14.38% (23/160)
Epoch [52/100], Training Loss: 1.3896
Validation Loss: 1.3863, Validation Accuracy: 25.00%

Per-Class Validation Accuracy:
  No Thrust: 7.50% (12/160)
  Chemical: 61.25% (98/160)
  Electric: 15.00% (24/160)
  Impulsive: 16.25% (26/160)
Epoch [53/100], Training Loss: 1.3897
Validation Loss: 1.3863, Validation Accuracy: 25.00%

Per-Class Validation Accuracy:
  No Thrust: 7.50% (12/160)
  Chemical: 63.75% (102/160)
  Electric: 16.88% (27/160)
  Impulsive: 11.88% (19/160)
Early stopping triggered.

	Elapsed time is 26.1581 seconds.

==========================================================================================
Total parameters: 41940
Total memory (bytes): 335520
Total memory (MB): 0.319976806640625
==========================================================================================

Transformer Validation
Validation Loss: 1.3863, Validation Accuracy: 25.00%

Per-Class Validation Accuracy:
  No Thrust: 7.50% (12/160)
  Chemical: 63.75% (102/160)
  Electric: 16.88% (27/160)
  Impulsive: 11.88% (19/160)

Classification Report:
              precision    recall  f1-score   support

   No Thrust     0.2500    0.0750    0.1154       160
    Chemical     0.2500    0.6375    0.3592       160
    Electric     0.2500    0.1688    0.2015       160
   Impulsive     0.2500    0.1187    0.1610       160

    accuracy                         0.2500       640
   macro avg     0.2500    0.2500    0.2093       640
weighted avg     0.2500    0.2500    0.2093       640


Confusion Matrix (rows = true, cols = predicted):
             P_No Thrust  P_Chemical  P_Electric  P_Impulsive
T_No Thrust           12         102          27           19
T_Chemical            12         102          27           19
T_Electric            12         102          27           19
T_Impulsive           12         102          27           19

Transformer Inference Time	Elapsed time is 0.1212 seconds.

Entering MLP Training Loop
Validation Loss: 0.2780, Validation Accuracy: 25.00%

Per-Class Validation Accuracy:
  No Thrust: 7.50% (12/160)
  Chemical: 42.50% (68/160)
  Electric: 48.75% (78/160)
  Impulsive: 1.25% (2/160)
Epoch [1/100], Training Loss: 0.2804
Validation Loss: 0.2746, Validation Accuracy: 25.00%

Per-Class Validation Accuracy:
  No Thrust: 15.00% (24/160)
  Chemical: 32.50% (52/160)
  Electric: 48.12% (77/160)
  Impulsive: 4.38% (7/160)
Epoch [2/100], Training Loss: 0.1423
Validation Loss: 0.2737, Validation Accuracy: 25.00%

Per-Class Validation Accuracy:
  No Thrust: 20.62% (33/160)
  Chemical: 26.88% (43/160)
  Electric: 44.38% (71/160)
  Impulsive: 8.12% (13/160)
Epoch [3/100], Training Loss: 0.0940
Validation Loss: 0.2746, Validation Accuracy: 25.00%

Per-Class Validation Accuracy:
  No Thrust: 23.75% (38/160)
  Chemical: 21.25% (34/160)
  Electric: 43.75% (70/160)
  Impulsive: 11.25% (18/160)
Epoch [4/100], Training Loss: 0.0696
Validation Loss: 0.2751, Validation Accuracy: 25.00%

Per-Class Validation Accuracy:
  No Thrust: 23.75% (38/160)
  Chemical: 18.75% (30/160)
  Electric: 43.12% (69/160)
  Impulsive: 14.38% (23/160)
Epoch [5/100], Training Loss: 0.0566
Validation Loss: 0.2763, Validation Accuracy: 25.00%

Per-Class Validation Accuracy:
  No Thrust: 23.75% (38/160)
  Chemical: 15.00% (24/160)
  Electric: 42.50% (68/160)
  Impulsive: 18.75% (30/160)
Epoch [6/100], Training Loss: 0.0465
Validation Loss: 0.2779, Validation Accuracy: 25.00%

Per-Class Validation Accuracy:
  No Thrust: 21.25% (34/160)
  Chemical: 10.62% (17/160)
  Electric: 39.38% (63/160)
  Impulsive: 28.75% (46/160)
Epoch [7/100], Training Loss: 0.0399
Validation Loss: 0.2797, Validation Accuracy: 25.00%

Per-Class Validation Accuracy:
  No Thrust: 16.88% (27/160)
  Chemical: 11.25% (18/160)
  Electric: 39.38% (63/160)
  Impulsive: 32.50% (52/160)
Epoch [8/100], Training Loss: 0.0347
Validation Loss: 0.2800, Validation Accuracy: 25.00%

Per-Class Validation Accuracy:
  No Thrust: 18.12% (29/160)
  Chemical: 9.38% (15/160)
  Electric: 38.12% (61/160)
  Impulsive: 34.38% (55/160)
Epoch [9/100], Training Loss: 0.0310
Validation Loss: 0.2806, Validation Accuracy: 25.00%

Per-Class Validation Accuracy:
  No Thrust: 15.00% (24/160)
  Chemical: 12.50% (20/160)
  Electric: 38.12% (61/160)
  Impulsive: 34.38% (55/160)
Epoch [10/100], Training Loss: 0.0280
Validation Loss: 0.2811, Validation Accuracy: 24.84%

Per-Class Validation Accuracy:
  No Thrust: 13.75% (22/160)
  Chemical: 12.50% (20/160)
  Electric: 38.75% (62/160)
  Impulsive: 34.38% (55/160)
Epoch [11/100], Training Loss: 0.0252
Validation Loss: 0.2814, Validation Accuracy: 24.84%

Per-Class Validation Accuracy:
  No Thrust: 15.00% (24/160)
  Chemical: 14.38% (23/160)
  Electric: 37.50% (60/160)
  Impulsive: 32.50% (52/160)
Epoch [12/100], Training Loss: 0.0233
Validation Loss: 0.2800, Validation Accuracy: 24.84%

Per-Class Validation Accuracy:
  No Thrust: 18.75% (30/160)
  Chemical: 13.12% (21/160)
  Electric: 33.12% (53/160)
  Impulsive: 34.38% (55/160)
Epoch [13/100], Training Loss: 0.0214
Validation Loss: 0.2790, Validation Accuracy: 25.00%

Per-Class Validation Accuracy:
  No Thrust: 21.25% (34/160)
  Chemical: 13.75% (22/160)
  Electric: 30.00% (48/160)
  Impulsive: 35.00% (56/160)
Epoch [14/100], Training Loss: 0.0198
Validation Loss: 0.2785, Validation Accuracy: 25.00%

Per-Class Validation Accuracy:
  No Thrust: 21.25% (34/160)
  Chemical: 15.00% (24/160)
  Electric: 30.00% (48/160)
  Impulsive: 33.75% (54/160)
Epoch [15/100], Training Loss: 0.0185
Validation Loss: 0.2785, Validation Accuracy: 25.00%

Per-Class Validation Accuracy:
  No Thrust: 23.12% (37/160)
  Chemical: 16.25% (26/160)
  Electric: 33.12% (53/160)
  Impulsive: 27.50% (44/160)
Epoch [16/100], Training Loss: 0.0173
Validation Loss: 0.2796, Validation Accuracy: 24.84%

Per-Class Validation Accuracy:
  No Thrust: 20.62% (33/160)
  Chemical: 13.75% (22/160)
  Electric: 33.75% (54/160)
  Impulsive: 31.25% (50/160)
Epoch [17/100], Training Loss: 0.0164
Validation Loss: 0.2799, Validation Accuracy: 25.00%

Per-Class Validation Accuracy:
  No Thrust: 21.25% (34/160)
  Chemical: 19.38% (31/160)
  Electric: 30.62% (49/160)
  Impulsive: 28.75% (46/160)
Epoch [18/100], Training Loss: 0.0155
Validation Loss: 0.2781, Validation Accuracy: 24.84%

Per-Class Validation Accuracy:
  No Thrust: 22.50% (36/160)
  Chemical: 20.62% (33/160)
  Electric: 28.12% (45/160)
  Impulsive: 28.12% (45/160)
Epoch [19/100], Training Loss: 0.0147
Validation Loss: 0.2777, Validation Accuracy: 24.84%

Per-Class Validation Accuracy:
  No Thrust: 23.75% (38/160)
  Chemical: 18.12% (29/160)
  Electric: 31.88% (51/160)
  Impulsive: 25.62% (41/160)
Epoch [20/100], Training Loss: 0.0139
Validation Loss: 0.2778, Validation Accuracy: 24.84%

Per-Class Validation Accuracy:
  No Thrust: 23.75% (38/160)
  Chemical: 17.50% (28/160)
  Electric: 31.88% (51/160)
  Impulsive: 26.25% (42/160)
Epoch [21/100], Training Loss: 0.0132
Validation Loss: 0.2786, Validation Accuracy: 24.69%

Per-Class Validation Accuracy:
  No Thrust: 22.50% (36/160)
  Chemical: 16.88% (27/160)
  Electric: 33.75% (54/160)
  Impulsive: 25.62% (41/160)
Epoch [22/100], Training Loss: 0.0126
Validation Loss: 0.2781, Validation Accuracy: 24.69%

Per-Class Validation Accuracy:
  No Thrust: 22.50% (36/160)
  Chemical: 16.25% (26/160)
  Electric: 33.12% (53/160)
  Impulsive: 26.88% (43/160)
Epoch [23/100], Training Loss: 0.0121
Validation Loss: 0.2779, Validation Accuracy: 24.84%

Per-Class Validation Accuracy:
  No Thrust: 22.50% (36/160)
  Chemical: 18.12% (29/160)
  Electric: 31.25% (50/160)
  Impulsive: 27.50% (44/160)
Epoch [24/100], Training Loss: 0.0115
Validation Loss: 0.2790, Validation Accuracy: 25.00%

Per-Class Validation Accuracy:
  No Thrust: 21.88% (35/160)
  Chemical: 17.50% (28/160)
  Electric: 30.00% (48/160)
  Impulsive: 30.62% (49/160)
Epoch [25/100], Training Loss: 0.0111
Validation Loss: 0.2788, Validation Accuracy: 24.84%

Per-Class Validation Accuracy:
  No Thrust: 22.50% (36/160)
  Chemical: 17.50% (28/160)
  Electric: 28.12% (45/160)
  Impulsive: 31.25% (50/160)
Epoch [26/100], Training Loss: 0.0106
Validation Loss: 0.2792, Validation Accuracy: 24.84%

Per-Class Validation Accuracy:
  No Thrust: 22.50% (36/160)
  Chemical: 17.50% (28/160)
  Electric: 30.00% (48/160)
  Impulsive: 29.38% (47/160)
Epoch [27/100], Training Loss: 0.0103
Validation Loss: 0.2798, Validation Accuracy: 24.69%

Per-Class Validation Accuracy:
  No Thrust: 21.88% (35/160)
  Chemical: 16.25% (26/160)
  Electric: 26.25% (42/160)
  Impulsive: 34.38% (55/160)
Epoch [28/100], Training Loss: 0.0099
Validation Loss: 0.2795, Validation Accuracy: 25.00%

Per-Class Validation Accuracy:
  No Thrust: 22.50% (36/160)
  Chemical: 16.88% (27/160)
  Electric: 25.62% (41/160)
  Impulsive: 35.00% (56/160)
Epoch [29/100], Training Loss: 0.0095
Validation Loss: 0.2789, Validation Accuracy: 25.00%

Per-Class Validation Accuracy:
  No Thrust: 23.75% (38/160)
  Chemical: 18.12% (29/160)
  Electric: 28.75% (46/160)
  Impulsive: 29.38% (47/160)
Epoch [30/100], Training Loss: 0.0092
Validation Loss: 0.2791, Validation Accuracy: 25.00%

Per-Class Validation Accuracy:
  No Thrust: 23.75% (38/160)
  Chemical: 19.38% (31/160)
  Electric: 29.38% (47/160)
  Impulsive: 27.50% (44/160)
Epoch [31/100], Training Loss: 0.0089
Validation Loss: 0.2797, Validation Accuracy: 24.69%

Per-Class Validation Accuracy:
  No Thrust: 21.88% (35/160)
  Chemical: 20.62% (33/160)
  Electric: 28.75% (46/160)
  Impulsive: 27.50% (44/160)
Epoch [32/100], Training Loss: 0.0087
Validation Loss: 0.2794, Validation Accuracy: 24.69%

Per-Class Validation Accuracy:
  No Thrust: 23.75% (38/160)
  Chemical: 20.00% (32/160)
  Electric: 26.88% (43/160)
  Impulsive: 28.12% (45/160)
Epoch [33/100], Training Loss: 0.0085
Validation Loss: 0.2802, Validation Accuracy: 24.84%

Per-Class Validation Accuracy:
  No Thrust: 20.62% (33/160)
  Chemical: 17.50% (28/160)
  Electric: 28.12% (45/160)
  Impulsive: 33.12% (53/160)
Epoch [34/100], Training Loss: 0.0082
Validation Loss: 0.2788, Validation Accuracy: 25.00%

Per-Class Validation Accuracy:
  No Thrust: 23.75% (38/160)
  Chemical: 18.75% (30/160)
  Electric: 30.62% (49/160)
  Impulsive: 26.88% (43/160)
Epoch [35/100], Training Loss: 0.0079
Validation Loss: 0.2778, Validation Accuracy: 25.00%

Per-Class Validation Accuracy:
  No Thrust: 24.38% (39/160)
  Chemical: 18.75% (30/160)
  Electric: 30.62% (49/160)
  Impulsive: 26.25% (42/160)
Epoch [36/100], Training Loss: 0.0077
Validation Loss: 0.2776, Validation Accuracy: 24.84%

Per-Class Validation Accuracy:
  No Thrust: 25.62% (41/160)
  Chemical: 19.38% (31/160)
  Electric: 29.38% (47/160)
  Impulsive: 25.00% (40/160)
Epoch [37/100], Training Loss: 0.0075
Validation Loss: 0.2775, Validation Accuracy: 25.00%

Per-Class Validation Accuracy:
  No Thrust: 25.00% (40/160)
  Chemical: 19.38% (31/160)
  Electric: 30.00% (48/160)
  Impulsive: 25.62% (41/160)
Epoch [38/100], Training Loss: 0.0073
Validation Loss: 0.2769, Validation Accuracy: 24.69%

Per-Class Validation Accuracy:
  No Thrust: 25.62% (41/160)
  Chemical: 16.88% (27/160)
  Electric: 30.62% (49/160)
  Impulsive: 25.62% (41/160)
Epoch [39/100], Training Loss: 0.0071
Validation Loss: 0.2770, Validation Accuracy: 24.84%

Per-Class Validation Accuracy:
  No Thrust: 25.00% (40/160)
  Chemical: 18.12% (29/160)
  Electric: 31.88% (51/160)
  Impulsive: 24.38% (39/160)
Epoch [40/100], Training Loss: 0.0070
Validation Loss: 0.2771, Validation Accuracy: 25.00%

Per-Class Validation Accuracy:
  No Thrust: 25.00% (40/160)
  Chemical: 18.12% (29/160)
  Electric: 31.88% (51/160)
  Impulsive: 25.00% (40/160)
Epoch [41/100], Training Loss: 0.0068
Validation Loss: 0.2770, Validation Accuracy: 24.84%

Per-Class Validation Accuracy:
  No Thrust: 25.62% (41/160)
  Chemical: 17.50% (28/160)
  Electric: 29.38% (47/160)
  Impulsive: 26.88% (43/160)
Epoch [42/100], Training Loss: 0.0066
Validation Loss: 0.2780, Validation Accuracy: 24.84%

Per-Class Validation Accuracy:
  No Thrust: 24.38% (39/160)
  Chemical: 17.50% (28/160)
  Electric: 31.25% (50/160)
  Impulsive: 26.25% (42/160)
Epoch [43/100], Training Loss: 0.0065
Validation Loss: 0.2789, Validation Accuracy: 24.69%

Per-Class Validation Accuracy:
  No Thrust: 23.12% (37/160)
  Chemical: 18.12% (29/160)
  Electric: 30.00% (48/160)
  Impulsive: 27.50% (44/160)
Epoch [44/100], Training Loss: 0.0063
Validation Loss: 0.2790, Validation Accuracy: 25.00%

Per-Class Validation Accuracy:
  No Thrust: 23.12% (37/160)
  Chemical: 21.25% (34/160)
  Electric: 30.00% (48/160)
  Impulsive: 25.62% (41/160)
Epoch [45/100], Training Loss: 0.0062
Validation Loss: 0.2790, Validation Accuracy: 24.84%

Per-Class Validation Accuracy:
  No Thrust: 23.12% (37/160)
  Chemical: 20.00% (32/160)
  Electric: 33.12% (53/160)
  Impulsive: 23.12% (37/160)
Epoch [46/100], Training Loss: 0.0060
Validation Loss: 0.2796, Validation Accuracy: 24.84%

Per-Class Validation Accuracy:
  No Thrust: 21.88% (35/160)
  Chemical: 20.00% (32/160)
  Electric: 36.25% (58/160)
  Impulsive: 21.25% (34/160)
Epoch [47/100], Training Loss: 0.0059
Validation Loss: 0.2800, Validation Accuracy: 25.00%

Per-Class Validation Accuracy:
  No Thrust: 20.00% (32/160)
  Chemical: 21.88% (35/160)
  Electric: 37.50% (60/160)
  Impulsive: 20.62% (33/160)
Epoch [48/100], Training Loss: 0.0058
Validation Loss: 0.2797, Validation Accuracy: 25.00%

Per-Class Validation Accuracy:
  No Thrust: 20.62% (33/160)
  Chemical: 21.88% (35/160)
  Electric: 36.88% (59/160)
  Impulsive: 20.62% (33/160)
Epoch [49/100], Training Loss: 0.0057
Validation Loss: 0.2792, Validation Accuracy: 25.00%

Per-Class Validation Accuracy:
  No Thrust: 22.50% (36/160)
  Chemical: 21.25% (34/160)
  Electric: 35.00% (56/160)
  Impulsive: 21.25% (34/160)
Epoch [50/100], Training Loss: 0.0056
Validation Loss: 0.2793, Validation Accuracy: 24.69%

Per-Class Validation Accuracy:
  No Thrust: 22.50% (36/160)
  Chemical: 20.62% (33/160)
  Electric: 35.00% (56/160)
  Impulsive: 20.62% (33/160)
Epoch [51/100], Training Loss: 0.0054
Validation Loss: 0.2782, Validation Accuracy: 24.84%

Per-Class Validation Accuracy:
  No Thrust: 24.38% (39/160)
  Chemical: 21.88% (35/160)
  Electric: 30.62% (49/160)
  Impulsive: 22.50% (36/160)
Epoch [52/100], Training Loss: 0.0053
Validation Loss: 0.2782, Validation Accuracy: 24.84%

Per-Class Validation Accuracy:
  No Thrust: 24.38% (39/160)
  Chemical: 21.25% (34/160)
  Electric: 30.62% (49/160)
  Impulsive: 23.12% (37/160)
Epoch [53/100], Training Loss: 0.0052
Validation Loss: 0.2780, Validation Accuracy: 24.84%

Per-Class Validation Accuracy:
  No Thrust: 25.00% (40/160)
  Chemical: 21.88% (35/160)
  Electric: 29.38% (47/160)
  Impulsive: 23.12% (37/160)
Epoch [54/100], Training Loss: 0.0052
Validation Loss: 0.2784, Validation Accuracy: 24.84%

Per-Class Validation Accuracy:
  No Thrust: 24.38% (39/160)
  Chemical: 20.00% (32/160)
  Electric: 30.00% (48/160)
  Impulsive: 25.00% (40/160)
Epoch [55/100], Training Loss: 0.0050
Validation Loss: 0.2786, Validation Accuracy: 25.00%

Per-Class Validation Accuracy:
  No Thrust: 24.38% (39/160)
  Chemical: 21.88% (35/160)
  Electric: 28.12% (45/160)
  Impulsive: 25.62% (41/160)
Epoch [56/100], Training Loss: 0.0050
Validation Loss: 0.2788, Validation Accuracy: 25.00%

Per-Class Validation Accuracy:
  No Thrust: 23.75% (38/160)
  Chemical: 19.38% (31/160)
  Electric: 31.88% (51/160)
  Impulsive: 25.00% (40/160)
Epoch [57/100], Training Loss: 0.0049
Validation Loss: 0.2790, Validation Accuracy: 25.00%

Per-Class Validation Accuracy:
  No Thrust: 22.50% (36/160)
  Chemical: 19.38% (31/160)
  Electric: 35.62% (57/160)
  Impulsive: 22.50% (36/160)
Epoch [58/100], Training Loss: 0.0048
Validation Loss: 0.2789, Validation Accuracy: 25.00%

Per-Class Validation Accuracy:
  No Thrust: 22.50% (36/160)
  Chemical: 19.38% (31/160)
  Electric: 33.75% (54/160)
  Impulsive: 24.38% (39/160)
Epoch [59/100], Training Loss: 0.0047
Validation Loss: 0.2786, Validation Accuracy: 24.84%

Per-Class Validation Accuracy:
  No Thrust: 23.75% (38/160)
  Chemical: 19.38% (31/160)
  Electric: 33.12% (53/160)
  Impulsive: 23.12% (37/160)
Epoch [60/100], Training Loss: 0.0046
Validation Loss: 0.2787, Validation Accuracy: 25.00%

Per-Class Validation Accuracy:
  No Thrust: 23.75% (38/160)
  Chemical: 19.38% (31/160)
  Electric: 32.50% (52/160)
  Impulsive: 24.38% (39/160)
Epoch [61/100], Training Loss: 0.0046
Validation Loss: 0.2786, Validation Accuracy: 24.84%

Per-Class Validation Accuracy:
  No Thrust: 23.75% (38/160)
  Chemical: 18.75% (30/160)
  Electric: 31.88% (51/160)
  Impulsive: 25.00% (40/160)
Epoch [62/100], Training Loss: 0.0045
Validation Loss: 0.2790, Validation Accuracy: 25.00%

Per-Class Validation Accuracy:
  No Thrust: 23.12% (37/160)
  Chemical: 19.38% (31/160)
  Electric: 32.50% (52/160)
  Impulsive: 25.00% (40/160)
Epoch [63/100], Training Loss: 0.0044
Validation Loss: 0.2795, Validation Accuracy: 24.84%

Per-Class Validation Accuracy:
  No Thrust: 22.50% (36/160)
  Chemical: 19.38% (31/160)
  Electric: 33.75% (54/160)
  Impulsive: 23.75% (38/160)
Epoch [64/100], Training Loss: 0.0043
Validation Loss: 0.2791, Validation Accuracy: 25.00%

Per-Class Validation Accuracy:
  No Thrust: 23.12% (37/160)
  Chemical: 20.00% (32/160)
  Electric: 34.38% (55/160)
  Impulsive: 22.50% (36/160)
Epoch [65/100], Training Loss: 0.0043
Validation Loss: 0.2789, Validation Accuracy: 25.16%

Per-Class Validation Accuracy:
  No Thrust: 23.12% (37/160)
  Chemical: 20.00% (32/160)
  Electric: 35.00% (56/160)
  Impulsive: 22.50% (36/160)
Epoch [66/100], Training Loss: 0.0042
Validation Loss: 0.2785, Validation Accuracy: 25.00%

Per-Class Validation Accuracy:
  No Thrust: 24.38% (39/160)
  Chemical: 20.00% (32/160)
  Electric: 33.12% (53/160)
  Impulsive: 22.50% (36/160)
Epoch [67/100], Training Loss: 0.0041
Validation Loss: 0.2786, Validation Accuracy: 25.00%

Per-Class Validation Accuracy:
  No Thrust: 23.12% (37/160)
  Chemical: 20.00% (32/160)
  Electric: 34.38% (55/160)
  Impulsive: 22.50% (36/160)
Epoch [68/100], Training Loss: 0.0041
Validation Loss: 0.2784, Validation Accuracy: 25.00%

Per-Class Validation Accuracy:
  No Thrust: 24.38% (39/160)
  Chemical: 19.38% (31/160)
  Electric: 33.12% (53/160)
  Impulsive: 23.12% (37/160)
Epoch [69/100], Training Loss: 0.0040
Validation Loss: 0.2784, Validation Accuracy: 25.00%

Per-Class Validation Accuracy:
  No Thrust: 23.75% (38/160)
  Chemical: 20.00% (32/160)
  Electric: 33.75% (54/160)
  Impulsive: 22.50% (36/160)
Epoch [70/100], Training Loss: 0.0040
Validation Loss: 0.2786, Validation Accuracy: 25.00%

Per-Class Validation Accuracy:
  No Thrust: 24.38% (39/160)
  Chemical: 20.00% (32/160)
  Electric: 33.12% (53/160)
  Impulsive: 22.50% (36/160)
Epoch [71/100], Training Loss: 0.0039
Validation Loss: 0.2788, Validation Accuracy: 25.00%

Per-Class Validation Accuracy:
  No Thrust: 23.12% (37/160)
  Chemical: 20.62% (33/160)
  Electric: 34.38% (55/160)
  Impulsive: 21.88% (35/160)
Epoch [72/100], Training Loss: 0.0039
Validation Loss: 0.2785, Validation Accuracy: 25.00%

Per-Class Validation Accuracy:
  No Thrust: 23.12% (37/160)
  Chemical: 20.62% (33/160)
  Electric: 34.38% (55/160)
  Impulsive: 21.88% (35/160)
Epoch [73/100], Training Loss: 0.0038
Validation Loss: 0.2784, Validation Accuracy: 25.00%

Per-Class Validation Accuracy:
  No Thrust: 23.75% (38/160)
  Chemical: 20.62% (33/160)
  Electric: 33.75% (54/160)
  Impulsive: 21.88% (35/160)
Epoch [74/100], Training Loss: 0.0038
Validation Loss: 0.2783, Validation Accuracy: 25.00%

Per-Class Validation Accuracy:
  No Thrust: 24.38% (39/160)
  Chemical: 20.00% (32/160)
  Electric: 33.12% (53/160)
  Impulsive: 22.50% (36/160)
Epoch [75/100], Training Loss: 0.0037
Validation Loss: 0.2785, Validation Accuracy: 25.00%

Per-Class Validation Accuracy:
  No Thrust: 24.38% (39/160)
  Chemical: 20.00% (32/160)
  Electric: 33.12% (53/160)
  Impulsive: 22.50% (36/160)
Epoch [76/100], Training Loss: 0.0036
Validation Loss: 0.2784, Validation Accuracy: 25.00%

Per-Class Validation Accuracy:
  No Thrust: 24.38% (39/160)
  Chemical: 20.00% (32/160)
  Electric: 33.12% (53/160)
  Impulsive: 22.50% (36/160)
Epoch [77/100], Training Loss: 0.0036
Validation Loss: 0.2785, Validation Accuracy: 25.00%

Per-Class Validation Accuracy:
  No Thrust: 23.12% (37/160)
  Chemical: 20.00% (32/160)
  Electric: 34.38% (55/160)
  Impulsive: 22.50% (36/160)
Epoch [78/100], Training Loss: 0.0036
Validation Loss: 0.2783, Validation Accuracy: 25.00%

Per-Class Validation Accuracy:
  No Thrust: 23.75% (38/160)
  Chemical: 20.00% (32/160)
  Electric: 33.75% (54/160)
  Impulsive: 22.50% (36/160)
Epoch [79/100], Training Loss: 0.0035
Validation Loss: 0.2783, Validation Accuracy: 25.00%

Per-Class Validation Accuracy:
  No Thrust: 23.75% (38/160)
  Chemical: 20.00% (32/160)
  Electric: 33.75% (54/160)
  Impulsive: 22.50% (36/160)
Epoch [80/100], Training Loss: 0.0035
Validation Loss: 0.2783, Validation Accuracy: 25.00%

Per-Class Validation Accuracy:
  No Thrust: 23.75% (38/160)
  Chemical: 20.00% (32/160)
  Electric: 33.75% (54/160)
  Impulsive: 22.50% (36/160)
Epoch [81/100], Training Loss: 0.0034
Validation Loss: 0.2783, Validation Accuracy: 25.00%

Per-Class Validation Accuracy:
  No Thrust: 23.75% (38/160)
  Chemical: 20.00% (32/160)
  Electric: 33.75% (54/160)
  Impulsive: 22.50% (36/160)
Epoch [82/100], Training Loss: 0.0034
Validation Loss: 0.2784, Validation Accuracy: 25.00%

Per-Class Validation Accuracy:
  No Thrust: 23.75% (38/160)
  Chemical: 20.00% (32/160)
  Electric: 33.75% (54/160)
  Impulsive: 22.50% (36/160)
Epoch [83/100], Training Loss: 0.0033
Validation Loss: 0.2784, Validation Accuracy: 25.00%

Per-Class Validation Accuracy:
  No Thrust: 23.75% (38/160)
  Chemical: 20.00% (32/160)
  Electric: 33.75% (54/160)
  Impulsive: 22.50% (36/160)
Epoch [84/100], Training Loss: 0.0033
Validation Loss: 0.2784, Validation Accuracy: 25.00%

Per-Class Validation Accuracy:
  No Thrust: 23.75% (38/160)
  Chemical: 20.00% (32/160)
  Electric: 33.75% (54/160)
  Impulsive: 22.50% (36/160)
Epoch [85/100], Training Loss: 0.0033
Validation Loss: 0.2784, Validation Accuracy: 25.00%

Per-Class Validation Accuracy:
  No Thrust: 23.75% (38/160)
  Chemical: 20.00% (32/160)
  Electric: 33.75% (54/160)
  Impulsive: 22.50% (36/160)
Epoch [86/100], Training Loss: 0.0032
Validation Loss: 0.2784, Validation Accuracy: 25.00%

Per-Class Validation Accuracy:
  No Thrust: 23.75% (38/160)
  Chemical: 20.00% (32/160)
  Electric: 33.75% (54/160)
  Impulsive: 22.50% (36/160)
Epoch [87/100], Training Loss: 0.0032
Validation Loss: 0.2784, Validation Accuracy: 25.00%

Per-Class Validation Accuracy:
  No Thrust: 23.75% (38/160)
  Chemical: 20.00% (32/160)
  Electric: 33.75% (54/160)
  Impulsive: 22.50% (36/160)
Epoch [88/100], Training Loss: 0.0032
Validation Loss: 0.2784, Validation Accuracy: 25.00%

Per-Class Validation Accuracy:
  No Thrust: 23.75% (38/160)
  Chemical: 20.00% (32/160)
  Electric: 33.75% (54/160)
  Impulsive: 22.50% (36/160)
Epoch [89/100], Training Loss: 0.0031
Validation Loss: 0.2784, Validation Accuracy: 25.00%

Per-Class Validation Accuracy:
  No Thrust: 23.75% (38/160)
  Chemical: 20.00% (32/160)
  Electric: 33.75% (54/160)
  Impulsive: 22.50% (36/160)
Epoch [90/100], Training Loss: 0.0031
Validation Loss: 0.2784, Validation Accuracy: 25.00%

Per-Class Validation Accuracy:
  No Thrust: 23.75% (38/160)
  Chemical: 20.00% (32/160)
  Electric: 33.75% (54/160)
  Impulsive: 22.50% (36/160)
Epoch [91/100], Training Loss: 0.0030
Validation Loss: 0.2784, Validation Accuracy: 25.00%

Per-Class Validation Accuracy:
  No Thrust: 23.75% (38/160)
  Chemical: 20.00% (32/160)
  Electric: 33.75% (54/160)
  Impulsive: 22.50% (36/160)
Epoch [92/100], Training Loss: 0.0030
Validation Loss: 0.2784, Validation Accuracy: 25.00%

Per-Class Validation Accuracy:
  No Thrust: 23.75% (38/160)
  Chemical: 20.00% (32/160)
  Electric: 33.75% (54/160)
  Impulsive: 22.50% (36/160)
Epoch [93/100], Training Loss: 0.0030
Validation Loss: 0.2784, Validation Accuracy: 25.00%

Per-Class Validation Accuracy:
  No Thrust: 23.75% (38/160)
  Chemical: 20.00% (32/160)
  Electric: 33.75% (54/160)
  Impulsive: 22.50% (36/160)
Epoch [94/100], Training Loss: 0.0030
Validation Loss: 0.2784, Validation Accuracy: 25.00%

Per-Class Validation Accuracy:
  No Thrust: 23.75% (38/160)
  Chemical: 20.00% (32/160)
  Electric: 33.75% (54/160)
  Impulsive: 22.50% (36/160)
Epoch [95/100], Training Loss: 0.0029
Validation Loss: 0.2784, Validation Accuracy: 25.00%

Per-Class Validation Accuracy:
  No Thrust: 23.75% (38/160)
  Chemical: 20.00% (32/160)
  Electric: 33.75% (54/160)
  Impulsive: 22.50% (36/160)
Epoch [96/100], Training Loss: 0.0029
Validation Loss: 0.2784, Validation Accuracy: 25.00%

Per-Class Validation Accuracy:
  No Thrust: 23.75% (38/160)
  Chemical: 20.00% (32/160)
  Electric: 33.75% (54/160)
  Impulsive: 22.50% (36/160)
Epoch [97/100], Training Loss: 0.0029
Validation Loss: 0.2784, Validation Accuracy: 25.00%

Per-Class Validation Accuracy:
  No Thrust: 23.75% (38/160)
  Chemical: 20.00% (32/160)
  Electric: 33.75% (54/160)
  Impulsive: 22.50% (36/160)
Epoch [98/100], Training Loss: 0.0028
Validation Loss: 0.2784, Validation Accuracy: 25.00%

Per-Class Validation Accuracy:
  No Thrust: 23.75% (38/160)
  Chemical: 20.00% (32/160)
  Electric: 33.75% (54/160)
  Impulsive: 22.50% (36/160)
Epoch [99/100], Training Loss: 0.0028
Validation Loss: 0.2784, Validation Accuracy: 25.00%

Per-Class Validation Accuracy:
  No Thrust: 23.75% (38/160)
  Chemical: 20.00% (32/160)
  Electric: 33.75% (54/160)
  Impulsive: 22.50% (36/160)
Epoch [100/100], Training Loss: 0.0028

	Elapsed time is 5.9657 seconds.

==========================================================================================
Total parameters: 708
Total memory (bytes): 5664
Total memory (MB): 0.005401611328125
==========================================================================================

MLP Validation
Validation Loss: 0.2784, Validation Accuracy: 25.00%

Per-Class Validation Accuracy:
  No Thrust: 23.75% (38/160)
  Chemical: 20.00% (32/160)
  Electric: 33.75% (54/160)
  Impulsive: 22.50% (36/160)

MLP Inference Time	Elapsed time is 0.0516 seconds.

Classification Report:
              precision    recall  f1-score   support

           0     0.2500    0.2375    0.2436       160
           1     0.2500    0.2000    0.2222       160
           2     0.2500    0.3375    0.2872       160
           3     0.2500    0.2250    0.2368       160

    accuracy                         0.2500       640
   macro avg     0.2500    0.2500    0.2475       640
weighted avg     0.2500    0.2500    0.2475       640


Confusion Matrix (rows = true, cols = predicted):
             P_No Thrust  P_Chemical  P_Electric  P_Impulsive
T_No Thrust           38          32          54           36
T_Chemical            38          32          54           36
T_Electric            38          32          54           36
T_Impulsive           38          32          54           36
