Processing datasets for vleo with 30 minutes and 800 random systems.
GPU is available
Training data location: /home/hunter/git/GMAT-Thrust-Data/data/classification/vleo/30min-800
Test data location: /home/hunter/git/GMAT-Thrust-Data/data/classification/vleo/30min-800

Entering Decision Trees Training Loop

	Elapsed time is 0.2759 seconds.

==========================================================================================
Total parameters: NaN
Total memory (bytes): 366629
Total memory (MB): 0.34964466094970703
==========================================================================================

Decision Trees Validation
Validation Loss: 0.6403, Validation Accuracy: 69.53%

Per-Class Validation Accuracy:
  No Thrust: 42.50% (68/160)
  Chemical: 96.25% (154/160)
  Electric: 40.62% (65/160)
  Impulsive: 98.75% (158/160)

Classification Report:
              precision    recall  f1-score   support

   No Thrust     0.4626    0.4250    0.4430       160
    Chemical     0.8324    0.9625    0.8928       160
    Electric     0.4422    0.4062    0.4235       160
   Impulsive     0.9814    0.9875    0.9844       160

    accuracy                         0.6953       640
   macro avg     0.6796    0.6953    0.6859       640
weighted avg     0.6796    0.6953    0.6859       640


Confusion Matrix (rows = true, cols = predicted):
             P_No Thrust  P_Chemical  P_Electric  P_Impulsive
T_No Thrust           68          14          78            0
T_Chemical             1         154           2            3
T_Electric            78          17          65            0
T_Impulsive            0           0           2          158

Decision Trees Inference Time	Elapsed time is 0.0202 seconds.

Entering Nearest Neighbor Training Loop

	Elapsed time is 0.0623 seconds.

==========================================================================================
Total parameters: NaN (non-parametric model)
Total memory (bytes): 4205567
Total memory (MB): 4.0107
==========================================================================================

1-NN Validation
Validation Loss: NaN, Validation Accuracy: 47.03%

Per-Class Validation Accuracy:
  No Thrust: 36.88% (59/160)
  Chemical: 63.75% (102/160)
  Electric: 25.62% (41/160)
  Impulsive: 61.88% (99/160)

Classification Report:
              precision    recall  f1-score   support

   No Thrust     0.4097    0.3688    0.3882       160
    Chemical     0.4359    0.6375    0.5178       160
    Electric     0.3534    0.2562    0.2971       160
   Impulsive     0.6781    0.6188    0.6471       160

    accuracy                         0.4703       640
   macro avg     0.4693    0.4703    0.4625       640
weighted avg     0.4693    0.4703    0.4625       640


Confusion Matrix (rows = true, cols = predicted):
             P_No Thrust  P_Chemical  P_Electric  P_Impulsive
T_No Thrust           59          43          47           11
T_Chemical            17         102          17           24
T_Electric            59          48          41           12
T_Impulsive            9          41          11           99

1-NN Inference Time	Elapsed time is 2.6509 seconds.

Entering MiniRocket Training Loop

	Elapsed time is 4.2985 seconds.

==========================================================================================
Total parameters: 9996
Total memory (bytes): 609176
Total memory (MB): 0.5810
==========================================================================================

MiniRocket Validation
Validation Loss: NaN, Validation Accuracy: 75.94%

Per-Class Validation Accuracy:
  No Thrust: 52.50% (84/160)
  Chemical: 98.75% (158/160)
  Electric: 52.50% (84/160)
  Impulsive: 100.00% (160/160)

Classification Report:
              precision    recall  f1-score   support

   No Thrust     0.5350    0.5250    0.5300       160
    Chemical     0.9576    0.9875    0.9723       160
    Electric     0.5316    0.5250    0.5283       160
   Impulsive     1.0000    1.0000    1.0000       160

    accuracy                         0.7594       640
   macro avg     0.7561    0.7594    0.7576       640
weighted avg     0.7561    0.7594    0.7576       640


Confusion Matrix (rows = true, cols = predicted):
             P_No Thrust  P_Chemical  P_Electric  P_Impulsive
T_No Thrust           84           3          73            0
T_Chemical             1         158           1            0
T_Electric            72           4          84            0
T_Impulsive            0           0           0          160

MiniRocket Inference Time	Elapsed time is 1.4088 seconds.

Entering LSTM Training Loop
Epoch [1/100], Training Loss: 1.3895
Validation Loss: 1.3809, Validation Accuracy: 30.00%

Per-Class Validation Accuracy:
  No Thrust: 10.00% (16/160)
  Chemical: 10.00% (16/160)
  Electric: 0.00% (0/160)
  Impulsive: 100.00% (160/160)
Epoch [2/100], Training Loss: 1.3875
Validation Loss: 1.3665, Validation Accuracy: 44.22%

Per-Class Validation Accuracy:
  No Thrust: 43.75% (70/160)
  Chemical: 92.50% (148/160)
  Electric: 40.62% (65/160)
  Impulsive: 0.00% (0/160)
Epoch [3/100], Training Loss: 1.3286
Validation Loss: 1.2297, Validation Accuracy: 39.53%

Per-Class Validation Accuracy:
  No Thrust: 0.00% (0/160)
  Chemical: 1.88% (3/160)
  Electric: 61.88% (99/160)
  Impulsive: 94.38% (151/160)
Epoch [4/100], Training Loss: 1.2440
Validation Loss: 1.1958, Validation Accuracy: 40.00%

Per-Class Validation Accuracy:
  No Thrust: 55.62% (89/160)
  Chemical: 3.12% (5/160)
  Electric: 2.50% (4/160)
  Impulsive: 98.75% (158/160)
Epoch [5/100], Training Loss: 1.2139
Validation Loss: 1.1616, Validation Accuracy: 43.59%

Per-Class Validation Accuracy:
  No Thrust: 61.25% (98/160)
  Chemical: 10.00% (16/160)
  Electric: 5.00% (8/160)
  Impulsive: 98.12% (157/160)
Epoch [6/100], Training Loss: 1.1967
Validation Loss: 1.1641, Validation Accuracy: 43.59%

Per-Class Validation Accuracy:
  No Thrust: 44.38% (71/160)
  Chemical: 9.38% (15/160)
  Electric: 21.88% (35/160)
  Impulsive: 98.75% (158/160)
Epoch [7/100], Training Loss: 1.1852
Validation Loss: 1.1314, Validation Accuracy: 45.00%

Per-Class Validation Accuracy:
  No Thrust: 63.75% (102/160)
  Chemical: 11.25% (18/160)
  Electric: 5.00% (8/160)
  Impulsive: 100.00% (160/160)
Epoch [8/100], Training Loss: 1.1667
Validation Loss: 1.1521, Validation Accuracy: 45.47%

Per-Class Validation Accuracy:
  No Thrust: 0.00% (0/160)
  Chemical: 21.25% (34/160)
  Electric: 60.62% (97/160)
  Impulsive: 100.00% (160/160)
Epoch [9/100], Training Loss: 1.1489
Validation Loss: 1.1394, Validation Accuracy: 43.59%

Per-Class Validation Accuracy:
  No Thrust: 60.62% (97/160)
  Chemical: 13.75% (22/160)
  Electric: 0.00% (0/160)
  Impulsive: 100.00% (160/160)
Epoch [10/100], Training Loss: 1.1508
Validation Loss: 1.1293, Validation Accuracy: 43.12%

Per-Class Validation Accuracy:
  No Thrust: 38.12% (61/160)
  Chemical: 7.50% (12/160)
  Electric: 26.88% (43/160)
  Impulsive: 100.00% (160/160)
Epoch [11/100], Training Loss: 1.1595
Validation Loss: 1.1289, Validation Accuracy: 43.75%

Per-Class Validation Accuracy:
  No Thrust: 0.00% (0/160)
  Chemical: 16.25% (26/160)
  Electric: 58.75% (94/160)
  Impulsive: 100.00% (160/160)
Epoch [12/100], Training Loss: 1.1427
Validation Loss: 1.1097, Validation Accuracy: 47.81%

Per-Class Validation Accuracy:
  No Thrust: 35.00% (56/160)
  Chemical: 31.25% (50/160)
  Electric: 25.00% (40/160)
  Impulsive: 100.00% (160/160)
Epoch [13/100], Training Loss: 1.1402
Validation Loss: 1.1098, Validation Accuracy: 55.78%

Per-Class Validation Accuracy:
  No Thrust: 60.00% (96/160)
  Chemical: 65.00% (104/160)
  Electric: 3.75% (6/160)
  Impulsive: 94.38% (151/160)
Epoch [14/100], Training Loss: 1.1329
Validation Loss: 1.0582, Validation Accuracy: 43.44%

Per-Class Validation Accuracy:
  No Thrust: 61.88% (99/160)
  Chemical: 11.88% (19/160)
  Electric: 0.00% (0/160)
  Impulsive: 100.00% (160/160)
Epoch [15/100], Training Loss: 1.1140
Validation Loss: 1.0553, Validation Accuracy: 51.56%

Per-Class Validation Accuracy:
  No Thrust: 0.00% (0/160)
  Chemical: 49.38% (79/160)
  Electric: 61.25% (98/160)
  Impulsive: 95.62% (153/160)
Epoch [16/100], Training Loss: 1.1198
Validation Loss: 1.0740, Validation Accuracy: 44.22%

Per-Class Validation Accuracy:
  No Thrust: 0.00% (0/160)
  Chemical: 18.75% (30/160)
  Electric: 58.12% (93/160)
  Impulsive: 100.00% (160/160)
Epoch [17/100], Training Loss: 1.0965
Validation Loss: 1.0511, Validation Accuracy: 55.31%

Per-Class Validation Accuracy:
  No Thrust: 68.12% (109/160)
  Chemical: 63.75% (102/160)
  Electric: 0.62% (1/160)
  Impulsive: 88.75% (142/160)
Epoch [18/100], Training Loss: 1.0684
Validation Loss: 1.0463, Validation Accuracy: 50.62%

Per-Class Validation Accuracy:
  No Thrust: 0.62% (1/160)
  Chemical: 33.75% (54/160)
  Electric: 68.12% (109/160)
  Impulsive: 100.00% (160/160)
Epoch [19/100], Training Loss: 1.0817
Validation Loss: 1.0475, Validation Accuracy: 44.69%

Per-Class Validation Accuracy:
  No Thrust: 59.38% (95/160)
  Chemical: 14.38% (23/160)
  Electric: 5.00% (8/160)
  Impulsive: 100.00% (160/160)
Epoch [20/100], Training Loss: 1.0758
Validation Loss: 1.0528, Validation Accuracy: 52.03%

Per-Class Validation Accuracy:
  No Thrust: 0.00% (0/160)
  Chemical: 67.50% (108/160)
  Electric: 66.25% (106/160)
  Impulsive: 74.38% (119/160)
Epoch [21/100], Training Loss: 1.0705
Validation Loss: 1.0612, Validation Accuracy: 50.00%

Per-Class Validation Accuracy:
  No Thrust: 0.00% (0/160)
  Chemical: 68.12% (109/160)
  Electric: 66.88% (107/160)
  Impulsive: 65.00% (104/160)
Epoch [22/100], Training Loss: 1.0696
Validation Loss: 1.0311, Validation Accuracy: 48.91%

Per-Class Validation Accuracy:
  No Thrust: 66.25% (106/160)
  Chemical: 68.12% (109/160)
  Electric: 1.88% (3/160)
  Impulsive: 59.38% (95/160)
Epoch [23/100], Training Loss: 1.0607
Validation Loss: 1.0212, Validation Accuracy: 49.53%

Per-Class Validation Accuracy:
  No Thrust: 0.00% (0/160)
  Chemical: 70.00% (112/160)
  Electric: 63.75% (102/160)
  Impulsive: 64.38% (103/160)
Epoch [24/100], Training Loss: 1.0458
Validation Loss: 0.9984, Validation Accuracy: 51.41%

Per-Class Validation Accuracy:
  No Thrust: 61.88% (99/160)
  Chemical: 47.50% (76/160)
  Electric: 8.75% (14/160)
  Impulsive: 87.50% (140/160)
Epoch [25/100], Training Loss: 1.0328
Validation Loss: 1.0150, Validation Accuracy: 50.94%

Per-Class Validation Accuracy:
  No Thrust: 60.62% (97/160)
  Chemical: 73.75% (118/160)
  Electric: 10.00% (16/160)
  Impulsive: 59.38% (95/160)
Epoch [26/100], Training Loss: 1.0218
Validation Loss: 1.0090, Validation Accuracy: 45.00%

Per-Class Validation Accuracy:
  No Thrust: 61.88% (99/160)
  Chemical: 30.00% (48/160)
  Electric: 0.00% (0/160)
  Impulsive: 88.12% (141/160)
Epoch [27/100], Training Loss: 1.0497
Validation Loss: 1.0247, Validation Accuracy: 47.66%

Per-Class Validation Accuracy:
  No Thrust: 65.00% (104/160)
  Chemical: 55.62% (89/160)
  Electric: 0.62% (1/160)
  Impulsive: 69.38% (111/160)
Epoch [28/100], Training Loss: 1.0365
Validation Loss: 1.0015, Validation Accuracy: 49.38%

Per-Class Validation Accuracy:
  No Thrust: 63.12% (101/160)
  Chemical: 57.50% (92/160)
  Electric: 0.00% (0/160)
  Impulsive: 76.88% (123/160)
Epoch [29/100], Training Loss: 1.0283
Validation Loss: 0.9741, Validation Accuracy: 50.31%

Per-Class Validation Accuracy:
  No Thrust: 65.00% (104/160)
  Chemical: 61.25% (98/160)
  Electric: 0.00% (0/160)
  Impulsive: 75.00% (120/160)
Epoch [30/100], Training Loss: 1.0197
Validation Loss: 0.9438, Validation Accuracy: 52.66%

Per-Class Validation Accuracy:
  No Thrust: 0.00% (0/160)
  Chemical: 56.25% (90/160)
  Electric: 68.75% (110/160)
  Impulsive: 85.62% (137/160)
Epoch [31/100], Training Loss: 1.0088
Validation Loss: 0.9720, Validation Accuracy: 47.50%

Per-Class Validation Accuracy:
  No Thrust: 28.75% (46/160)
  Chemical: 42.50% (68/160)
  Electric: 26.25% (42/160)
  Impulsive: 92.50% (148/160)
Epoch [32/100], Training Loss: 0.9880
Validation Loss: 0.9452, Validation Accuracy: 52.66%

Per-Class Validation Accuracy:
  No Thrust: 64.38% (103/160)
  Chemical: 64.38% (103/160)
  Electric: 0.00% (0/160)
  Impulsive: 81.88% (131/160)
Epoch [33/100], Training Loss: 0.9827
Validation Loss: 0.9521, Validation Accuracy: 50.00%

Per-Class Validation Accuracy:
  No Thrust: 16.88% (27/160)
  Chemical: 48.75% (78/160)
  Electric: 49.38% (79/160)
  Impulsive: 85.00% (136/160)
Epoch [34/100], Training Loss: 0.9797
Validation Loss: 0.9455, Validation Accuracy: 47.81%

Per-Class Validation Accuracy:
  No Thrust: 36.25% (58/160)
  Chemical: 47.50% (76/160)
  Electric: 20.62% (33/160)
  Impulsive: 86.88% (139/160)
Epoch [35/100], Training Loss: 1.0010
Validation Loss: 0.9673, Validation Accuracy: 53.75%

Per-Class Validation Accuracy:
  No Thrust: 65.62% (105/160)
  Chemical: 78.12% (125/160)
  Electric: 0.00% (0/160)
  Impulsive: 71.25% (114/160)
Epoch [36/100], Training Loss: 0.9781
Validation Loss: 0.9348, Validation Accuracy: 52.03%

Per-Class Validation Accuracy:
  No Thrust: 60.00% (96/160)
  Chemical: 59.38% (95/160)
  Electric: 8.12% (13/160)
  Impulsive: 80.62% (129/160)
Epoch [37/100], Training Loss: 0.9689
Validation Loss: 0.9179, Validation Accuracy: 51.41%

Per-Class Validation Accuracy:
  No Thrust: 2.50% (4/160)
  Chemical: 57.50% (92/160)
  Electric: 62.50% (100/160)
  Impulsive: 83.12% (133/160)
Epoch [38/100], Training Loss: 0.9458
Validation Loss: 0.8824, Validation Accuracy: 54.84%

Per-Class Validation Accuracy:
  No Thrust: 25.00% (40/160)
  Chemical: 61.25% (98/160)
  Electric: 43.12% (69/160)
  Impulsive: 90.00% (144/160)
Epoch [39/100], Training Loss: 0.9855
Validation Loss: 0.9473, Validation Accuracy: 52.66%

Per-Class Validation Accuracy:
  No Thrust: 0.00% (0/160)
  Chemical: 78.12% (125/160)
  Electric: 70.62% (113/160)
  Impulsive: 61.88% (99/160)
Epoch [40/100], Training Loss: 0.9640
Validation Loss: 0.9023, Validation Accuracy: 56.88%

Per-Class Validation Accuracy:
  No Thrust: 75.62% (121/160)
  Chemical: 71.88% (115/160)
  Electric: 3.75% (6/160)
  Impulsive: 76.25% (122/160)
Epoch [41/100], Training Loss: 0.9575
Validation Loss: 0.9166, Validation Accuracy: 52.97%

Per-Class Validation Accuracy:
  No Thrust: 2.50% (4/160)
  Chemical: 70.00% (112/160)
  Electric: 65.00% (104/160)
  Impulsive: 74.38% (119/160)
Epoch [42/100], Training Loss: 0.9194
Validation Loss: 0.8713, Validation Accuracy: 56.09%

Per-Class Validation Accuracy:
  No Thrust: 5.62% (9/160)
  Chemical: 63.75% (102/160)
  Electric: 66.88% (107/160)
  Impulsive: 88.12% (141/160)
Epoch [43/100], Training Loss: 0.9201
Validation Loss: 0.8820, Validation Accuracy: 53.91%

Per-Class Validation Accuracy:
  No Thrust: 66.88% (107/160)
  Chemical: 57.50% (92/160)
  Electric: 0.00% (0/160)
  Impulsive: 91.25% (146/160)
Epoch [44/100], Training Loss: 0.9217
Validation Loss: 0.8750, Validation Accuracy: 57.03%

Per-Class Validation Accuracy:
  No Thrust: 71.88% (115/160)
  Chemical: 70.62% (113/160)
  Electric: 0.00% (0/160)
  Impulsive: 85.62% (137/160)
Epoch [45/100], Training Loss: 0.9236
Validation Loss: 0.8819, Validation Accuracy: 55.47%

Per-Class Validation Accuracy:
  No Thrust: 0.00% (0/160)
  Chemical: 67.50% (108/160)
  Electric: 67.50% (108/160)
  Impulsive: 86.88% (139/160)
Epoch [46/100], Training Loss: 0.9149
Validation Loss: 0.8900, Validation Accuracy: 56.25%

Per-Class Validation Accuracy:
  No Thrust: 63.75% (102/160)
  Chemical: 70.00% (112/160)
  Electric: 0.62% (1/160)
  Impulsive: 90.62% (145/160)
Epoch [47/100], Training Loss: 0.9193
Validation Loss: 0.8832, Validation Accuracy: 56.09%

Per-Class Validation Accuracy:
  No Thrust: 63.75% (102/160)
  Chemical: 83.12% (133/160)
  Electric: 5.00% (8/160)
  Impulsive: 72.50% (116/160)
Epoch [48/100], Training Loss: 0.9342
Validation Loss: 0.9075, Validation Accuracy: 56.41%

Per-Class Validation Accuracy:
  No Thrust: 65.62% (105/160)
  Chemical: 83.75% (134/160)
  Electric: 4.38% (7/160)
  Impulsive: 71.88% (115/160)
Epoch [49/100], Training Loss: 0.9246
Validation Loss: 0.8532, Validation Accuracy: 56.09%

Per-Class Validation Accuracy:
  No Thrust: 65.62% (105/160)
  Chemical: 63.75% (102/160)
  Electric: 3.12% (5/160)
  Impulsive: 91.88% (147/160)
Epoch [50/100], Training Loss: 0.8826
Validation Loss: 0.8616, Validation Accuracy: 57.97%

Per-Class Validation Accuracy:
  No Thrust: 26.25% (42/160)
  Chemical: 73.75% (118/160)
  Electric: 48.12% (77/160)
  Impulsive: 83.75% (134/160)
Epoch [51/100], Training Loss: 0.8925
Validation Loss: 0.8597, Validation Accuracy: 59.06%

Per-Class Validation Accuracy:
  No Thrust: 0.00% (0/160)
  Chemical: 81.88% (131/160)
  Electric: 73.12% (117/160)
  Impulsive: 81.25% (130/160)
Epoch [52/100], Training Loss: 0.8743
Validation Loss: 0.8408, Validation Accuracy: 60.16%

Per-Class Validation Accuracy:
  No Thrust: 20.00% (32/160)
  Chemical: 82.50% (132/160)
  Electric: 53.12% (85/160)
  Impulsive: 85.00% (136/160)
Epoch [53/100], Training Loss: 0.8705
Validation Loss: 0.8346, Validation Accuracy: 57.81%

Per-Class Validation Accuracy:
  No Thrust: 0.00% (0/160)
  Chemical: 72.50% (116/160)
  Electric: 67.50% (108/160)
  Impulsive: 91.25% (146/160)
Epoch [54/100], Training Loss: 0.8594
Validation Loss: 0.8362, Validation Accuracy: 56.72%

Per-Class Validation Accuracy:
  No Thrust: 61.88% (99/160)
  Chemical: 65.62% (105/160)
  Electric: 6.25% (10/160)
  Impulsive: 93.12% (149/160)
Epoch [55/100], Training Loss: 0.8839
Validation Loss: 0.8603, Validation Accuracy: 57.81%

Per-Class Validation Accuracy:
  No Thrust: 50.62% (81/160)
  Chemical: 76.25% (122/160)
  Electric: 16.88% (27/160)
  Impulsive: 87.50% (140/160)
Epoch [56/100], Training Loss: 0.8419
Validation Loss: 0.8492, Validation Accuracy: 58.59%

Per-Class Validation Accuracy:
  No Thrust: 0.00% (0/160)
  Chemical: 82.50% (132/160)
  Electric: 76.25% (122/160)
  Impulsive: 75.62% (121/160)
Epoch [57/100], Training Loss: 0.8495
Validation Loss: 0.8367, Validation Accuracy: 59.53%

Per-Class Validation Accuracy:
  No Thrust: 35.62% (57/160)
  Chemical: 78.75% (126/160)
  Electric: 37.50% (60/160)
  Impulsive: 86.25% (138/160)
Epoch [58/100], Training Loss: 0.8417
Validation Loss: 0.8245, Validation Accuracy: 60.31%

Per-Class Validation Accuracy:
  No Thrust: 8.75% (14/160)
  Chemical: 81.25% (130/160)
  Electric: 66.25% (106/160)
  Impulsive: 85.00% (136/160)
Epoch [59/100], Training Loss: 0.8379
Validation Loss: 0.8544, Validation Accuracy: 58.91%

Per-Class Validation Accuracy:
  No Thrust: 30.62% (49/160)
  Chemical: 76.25% (122/160)
  Electric: 43.75% (70/160)
  Impulsive: 85.00% (136/160)
Epoch [60/100], Training Loss: 0.8471
Validation Loss: 0.8541, Validation Accuracy: 58.28%

Per-Class Validation Accuracy:
  No Thrust: 9.38% (15/160)
  Chemical: 72.50% (116/160)
  Electric: 61.88% (99/160)
  Impulsive: 89.38% (143/160)
Epoch [61/100], Training Loss: 0.8654
Validation Loss: 0.8496, Validation Accuracy: 58.91%

Per-Class Validation Accuracy:
  No Thrust: 22.50% (36/160)
  Chemical: 73.12% (117/160)
  Electric: 48.75% (78/160)
  Impulsive: 91.25% (146/160)
Epoch [62/100], Training Loss: 0.8352
Validation Loss: 0.8396, Validation Accuracy: 60.78%

Per-Class Validation Accuracy:
  No Thrust: 43.75% (70/160)
  Chemical: 83.75% (134/160)
  Electric: 33.12% (53/160)
  Impulsive: 82.50% (132/160)
Epoch [63/100], Training Loss: 0.8503
Validation Loss: 0.8962, Validation Accuracy: 56.56%

Per-Class Validation Accuracy:
  No Thrust: 43.75% (70/160)
  Chemical: 86.25% (138/160)
  Electric: 24.38% (39/160)
  Impulsive: 71.88% (115/160)
Epoch [64/100], Training Loss: 0.8596
Validation Loss: 0.8623, Validation Accuracy: 58.12%

Per-Class Validation Accuracy:
  No Thrust: 70.62% (113/160)
  Chemical: 80.00% (128/160)
  Electric: 0.00% (0/160)
  Impulsive: 81.88% (131/160)
Epoch [65/100], Training Loss: 0.8100
Validation Loss: 0.8707, Validation Accuracy: 56.41%

Per-Class Validation Accuracy:
  No Thrust: 61.88% (99/160)
  Chemical: 70.62% (113/160)
  Electric: 6.25% (10/160)
  Impulsive: 86.88% (139/160)
Epoch [66/100], Training Loss: 0.8077
Validation Loss: 0.8400, Validation Accuracy: 58.59%

Per-Class Validation Accuracy:
  No Thrust: 56.88% (91/160)
  Chemical: 76.25% (122/160)
  Electric: 11.88% (19/160)
  Impulsive: 89.38% (143/160)
Epoch [67/100], Training Loss: 0.8078
Validation Loss: 0.8407, Validation Accuracy: 58.59%

Per-Class Validation Accuracy:
  No Thrust: 65.62% (105/160)
  Chemical: 76.88% (123/160)
  Electric: 5.62% (9/160)
  Impulsive: 86.25% (138/160)
Epoch [68/100], Training Loss: 0.8039
Validation Loss: 0.8485, Validation Accuracy: 58.59%

Per-Class Validation Accuracy:
  No Thrust: 31.88% (51/160)
  Chemical: 77.50% (124/160)
  Electric: 39.38% (63/160)
  Impulsive: 85.62% (137/160)
Early stopping triggered.

	Elapsed time is 19.8947 seconds.

==========================================================================================
Total parameters: 18004
Total memory (bytes): 144032
Total memory (MB): 0.137359619140625
==========================================================================================

LSTM Validation
Validation Loss: 0.8485, Validation Accuracy: 58.59%

Per-Class Validation Accuracy:
  No Thrust: 31.88% (51/160)
  Chemical: 77.50% (124/160)
  Electric: 39.38% (63/160)
  Impulsive: 85.62% (137/160)

Classification Report:
              precision    recall  f1-score   support

   No Thrust     0.4595    0.3187    0.3764       160
    Chemical     0.5188    0.7750    0.6216       160
    Electric     0.4701    0.3937    0.4286       160
   Impulsive     0.8782    0.8562    0.8671       160

    accuracy                         0.5859       640
   macro avg     0.5817    0.5859    0.5734       640
weighted avg     0.5817    0.5859    0.5734       640


Confusion Matrix (rows = true, cols = predicted):
             P_No Thrust  P_Chemical  P_Electric  P_Impulsive
T_No Thrust           51          47          62            0
T_Chemical             8         124           9           19
T_Electric            52          45          63            0
T_Impulsive            0          23           0          137

LSTM Inference Time	Elapsed time is 0.1245 seconds.

Entering Mamba Training Loop
Epoch [1/100], Training Loss: 1.3857
Validation Loss: 1.3760, Validation Accuracy: 25.62%

Per-Class Validation Accuracy:
  No Thrust: 93.75% (150/160)
  Chemical: 0.00% (0/160)
  Electric: 0.00% (0/160)
  Impulsive: 8.75% (14/160)
Epoch [2/100], Training Loss: 1.3606
Validation Loss: 1.3450, Validation Accuracy: 33.59%

Per-Class Validation Accuracy:
  No Thrust: 79.38% (127/160)
  Chemical: 0.00% (0/160)
  Electric: 0.00% (0/160)
  Impulsive: 55.00% (88/160)
Epoch [3/100], Training Loss: 1.2801
Validation Loss: 1.2261, Validation Accuracy: 37.81%

Per-Class Validation Accuracy:
  No Thrust: 55.62% (89/160)
  Chemical: 16.25% (26/160)
  Electric: 15.00% (24/160)
  Impulsive: 64.38% (103/160)
Epoch [4/100], Training Loss: 1.1654
Validation Loss: 1.1949, Validation Accuracy: 40.78%

Per-Class Validation Accuracy:
  No Thrust: 49.38% (79/160)
  Chemical: 29.38% (47/160)
  Electric: 8.12% (13/160)
  Impulsive: 76.25% (122/160)
Epoch [5/100], Training Loss: 1.1528
Validation Loss: 1.1883, Validation Accuracy: 41.41%

Per-Class Validation Accuracy:
  No Thrust: 7.50% (12/160)
  Chemical: 30.62% (49/160)
  Electric: 51.25% (82/160)
  Impulsive: 76.25% (122/160)
Epoch [6/100], Training Loss: 1.1417
Validation Loss: 1.1812, Validation Accuracy: 40.78%

Per-Class Validation Accuracy:
  No Thrust: 40.00% (64/160)
  Chemical: 27.50% (44/160)
  Electric: 15.62% (25/160)
  Impulsive: 80.00% (128/160)
Epoch [7/100], Training Loss: 1.1308
Validation Loss: 1.1800, Validation Accuracy: 40.62%

Per-Class Validation Accuracy:
  No Thrust: 30.00% (48/160)
  Chemical: 27.50% (44/160)
  Electric: 25.00% (40/160)
  Impulsive: 80.00% (128/160)
Epoch [8/100], Training Loss: 1.1241
Validation Loss: 1.1738, Validation Accuracy: 40.78%

Per-Class Validation Accuracy:
  No Thrust: 35.62% (57/160)
  Chemical: 28.75% (46/160)
  Electric: 19.38% (31/160)
  Impulsive: 79.38% (127/160)
Epoch [9/100], Training Loss: 1.1110
Validation Loss: 1.1673, Validation Accuracy: 42.19%

Per-Class Validation Accuracy:
  No Thrust: 36.88% (59/160)
  Chemical: 36.25% (58/160)
  Electric: 20.00% (32/160)
  Impulsive: 75.62% (121/160)
Epoch [10/100], Training Loss: 1.1088
Validation Loss: 1.1655, Validation Accuracy: 40.16%

Per-Class Validation Accuracy:
  No Thrust: 50.00% (80/160)
  Chemical: 19.38% (31/160)
  Electric: 12.50% (20/160)
  Impulsive: 78.75% (126/160)
Epoch [11/100], Training Loss: 1.0966
Validation Loss: 1.1583, Validation Accuracy: 39.69%

Per-Class Validation Accuracy:
  No Thrust: 40.62% (65/160)
  Chemical: 26.25% (42/160)
  Electric: 20.00% (32/160)
  Impulsive: 71.88% (115/160)
Epoch [12/100], Training Loss: 1.1002
Validation Loss: 1.1568, Validation Accuracy: 40.16%

Per-Class Validation Accuracy:
  No Thrust: 33.12% (53/160)
  Chemical: 23.12% (37/160)
  Electric: 30.00% (48/160)
  Impulsive: 74.38% (119/160)
Epoch [13/100], Training Loss: 1.0974
Validation Loss: 1.1574, Validation Accuracy: 40.16%

Per-Class Validation Accuracy:
  No Thrust: 40.00% (64/160)
  Chemical: 23.12% (37/160)
  Electric: 24.38% (39/160)
  Impulsive: 73.12% (117/160)
Epoch [14/100], Training Loss: 1.0801
Validation Loss: 1.1556, Validation Accuracy: 41.56%

Per-Class Validation Accuracy:
  No Thrust: 33.75% (54/160)
  Chemical: 29.38% (47/160)
  Electric: 28.75% (46/160)
  Impulsive: 74.38% (119/160)
Epoch [15/100], Training Loss: 1.0809
Validation Loss: 1.1565, Validation Accuracy: 40.31%

Per-Class Validation Accuracy:
  No Thrust: 26.25% (42/160)
  Chemical: 21.25% (34/160)
  Electric: 35.62% (57/160)
  Impulsive: 78.12% (125/160)
Epoch [16/100], Training Loss: 1.0727
Validation Loss: 1.1602, Validation Accuracy: 40.62%

Per-Class Validation Accuracy:
  No Thrust: 49.38% (79/160)
  Chemical: 25.00% (40/160)
  Electric: 11.88% (19/160)
  Impulsive: 76.25% (122/160)
Epoch [17/100], Training Loss: 1.0791
Validation Loss: 1.1504, Validation Accuracy: 42.19%

Per-Class Validation Accuracy:
  No Thrust: 43.75% (70/160)
  Chemical: 26.25% (42/160)
  Electric: 21.88% (35/160)
  Impulsive: 76.88% (123/160)
Epoch [18/100], Training Loss: 1.0712
Validation Loss: 1.1529, Validation Accuracy: 42.19%

Per-Class Validation Accuracy:
  No Thrust: 30.00% (48/160)
  Chemical: 29.38% (47/160)
  Electric: 32.50% (52/160)
  Impulsive: 76.88% (123/160)
Epoch [19/100], Training Loss: 1.0633
Validation Loss: 1.1529, Validation Accuracy: 42.97%

Per-Class Validation Accuracy:
  No Thrust: 40.62% (65/160)
  Chemical: 26.25% (42/160)
  Electric: 25.00% (40/160)
  Impulsive: 80.00% (128/160)
Epoch [20/100], Training Loss: 1.0605
Validation Loss: 1.1512, Validation Accuracy: 42.50%

Per-Class Validation Accuracy:
  No Thrust: 53.12% (85/160)
  Chemical: 26.25% (42/160)
  Electric: 11.88% (19/160)
  Impulsive: 78.75% (126/160)
Epoch [21/100], Training Loss: 1.0540
Validation Loss: 1.1515, Validation Accuracy: 43.12%

Per-Class Validation Accuracy:
  No Thrust: 60.62% (97/160)
  Chemical: 25.62% (41/160)
  Electric: 7.50% (12/160)
  Impulsive: 78.75% (126/160)
Epoch [22/100], Training Loss: 1.0496
Validation Loss: 1.1527, Validation Accuracy: 43.75%

Per-Class Validation Accuracy:
  No Thrust: 58.12% (93/160)
  Chemical: 26.88% (43/160)
  Electric: 12.50% (20/160)
  Impulsive: 77.50% (124/160)
Epoch [23/100], Training Loss: 1.0339
Validation Loss: 1.1626, Validation Accuracy: 43.59%

Per-Class Validation Accuracy:
  No Thrust: 26.88% (43/160)
  Chemical: 26.25% (42/160)
  Electric: 41.88% (67/160)
  Impulsive: 79.38% (127/160)
Epoch [24/100], Training Loss: 1.0502
Validation Loss: 1.1534, Validation Accuracy: 43.12%

Per-Class Validation Accuracy:
  No Thrust: 50.62% (81/160)
  Chemical: 25.62% (41/160)
  Electric: 15.62% (25/160)
  Impulsive: 80.62% (129/160)
Epoch [25/100], Training Loss: 1.0312
Validation Loss: 1.1556, Validation Accuracy: 42.34%

Per-Class Validation Accuracy:
  No Thrust: 43.12% (69/160)
  Chemical: 27.50% (44/160)
  Electric: 19.38% (31/160)
  Impulsive: 79.38% (127/160)
Epoch [26/100], Training Loss: 1.0255
Validation Loss: 1.1572, Validation Accuracy: 43.91%

Per-Class Validation Accuracy:
  No Thrust: 59.38% (95/160)
  Chemical: 28.75% (46/160)
  Electric: 8.75% (14/160)
  Impulsive: 78.75% (126/160)
Epoch [27/100], Training Loss: 1.0250
Validation Loss: 1.1625, Validation Accuracy: 44.38%

Per-Class Validation Accuracy:
  No Thrust: 57.50% (92/160)
  Chemical: 27.50% (44/160)
  Electric: 11.25% (18/160)
  Impulsive: 81.25% (130/160)
Early stopping triggered.

	Elapsed time is 10.0204 seconds.

==========================================================================================
Total parameters: 6106
Total memory (bytes): 48848
Total memory (MB): 0.0465850830078125
==========================================================================================

Mamba Validation
Validation Loss: 1.1625, Validation Accuracy: 44.38%

Per-Class Validation Accuracy:
  No Thrust: 57.50% (92/160)
  Chemical: 27.50% (44/160)
  Electric: 11.25% (18/160)
  Impulsive: 81.25% (130/160)

Classification Report:
              precision    recall  f1-score   support

   No Thrust     0.4360    0.5750    0.4960       160
    Chemical     0.3964    0.2750    0.3247       160
    Electric     0.4000    0.1125    0.1756       160
   Impulsive     0.4762    0.8125    0.6005       160

    accuracy                         0.4437       640
   macro avg     0.4272    0.4437    0.3992       640
weighted avg     0.4272    0.4437    0.3992       640


Confusion Matrix (rows = true, cols = predicted):
             P_No Thrust  P_Chemical  P_Electric  P_Impulsive
T_No Thrust           92          21          18           29
T_Chemical            26          44           4           86
T_Electric            87          27          18           28
T_Impulsive            6          19           5          130

Mamba Inference Time	Elapsed time is 0.1403 seconds.

Entering Transformer Training Loop
Epoch [1/100], Training Loss: 1.3618
Validation Loss: 1.2799, Validation Accuracy: 36.25%

Per-Class Validation Accuracy:
  No Thrust: 15.62% (25/160)
  Chemical: 21.25% (34/160)
  Electric: 61.25% (98/160)
  Impulsive: 46.88% (75/160)
Epoch [2/100], Training Loss: 1.2386
Validation Loss: 1.2396, Validation Accuracy: 37.81%

Per-Class Validation Accuracy:
  No Thrust: 51.88% (83/160)
  Chemical: 7.50% (12/160)
  Electric: 10.00% (16/160)
  Impulsive: 81.88% (131/160)
Epoch [3/100], Training Loss: 1.1742
Validation Loss: 1.2030, Validation Accuracy: 43.28%

Per-Class Validation Accuracy:
  No Thrust: 50.62% (81/160)
  Chemical: 28.12% (45/160)
  Electric: 12.50% (20/160)
  Impulsive: 81.88% (131/160)
Epoch [4/100], Training Loss: 1.1269
Validation Loss: 1.1695, Validation Accuracy: 42.50%

Per-Class Validation Accuracy:
  No Thrust: 37.50% (60/160)
  Chemical: 23.75% (38/160)
  Electric: 25.00% (40/160)
  Impulsive: 83.75% (134/160)
Epoch [5/100], Training Loss: 1.0850
Validation Loss: 1.1537, Validation Accuracy: 43.75%

Per-Class Validation Accuracy:
  No Thrust: 65.62% (105/160)
  Chemical: 66.88% (107/160)
  Electric: 1.25% (2/160)
  Impulsive: 41.25% (66/160)
Epoch [6/100], Training Loss: 1.0630
Validation Loss: 1.2387, Validation Accuracy: 39.84%

Per-Class Validation Accuracy:
  No Thrust: 5.62% (9/160)
  Chemical: 36.25% (58/160)
  Electric: 41.88% (67/160)
  Impulsive: 75.62% (121/160)
Epoch [7/100], Training Loss: 1.0464
Validation Loss: 1.1204, Validation Accuracy: 46.09%

Per-Class Validation Accuracy:
  No Thrust: 44.38% (71/160)
  Chemical: 71.88% (115/160)
  Electric: 12.50% (20/160)
  Impulsive: 55.62% (89/160)
Epoch [8/100], Training Loss: 1.0533
Validation Loss: 1.0905, Validation Accuracy: 48.75%

Per-Class Validation Accuracy:
  No Thrust: 23.12% (37/160)
  Chemical: 72.50% (116/160)
  Electric: 42.50% (68/160)
  Impulsive: 56.88% (91/160)
Epoch [9/100], Training Loss: 0.9941
Validation Loss: 1.0796, Validation Accuracy: 49.06%

Per-Class Validation Accuracy:
  No Thrust: 61.25% (98/160)
  Chemical: 67.50% (108/160)
  Electric: 1.88% (3/160)
  Impulsive: 65.62% (105/160)
Epoch [10/100], Training Loss: 1.0133
Validation Loss: 1.0977, Validation Accuracy: 47.50%

Per-Class Validation Accuracy:
  No Thrust: 60.00% (96/160)
  Chemical: 59.38% (95/160)
  Electric: 0.00% (0/160)
  Impulsive: 70.62% (113/160)
Epoch [11/100], Training Loss: 0.9552
Validation Loss: 1.0859, Validation Accuracy: 47.81%

Per-Class Validation Accuracy:
  No Thrust: 16.25% (26/160)
  Chemical: 61.25% (98/160)
  Electric: 40.62% (65/160)
  Impulsive: 73.12% (117/160)
Epoch [12/100], Training Loss: 0.9782
Validation Loss: 1.0806, Validation Accuracy: 48.44%

Per-Class Validation Accuracy:
  No Thrust: 44.38% (71/160)
  Chemical: 50.62% (81/160)
  Electric: 21.25% (34/160)
  Impulsive: 77.50% (124/160)
Epoch [13/100], Training Loss: 0.9590
Validation Loss: 1.0844, Validation Accuracy: 47.66%

Per-Class Validation Accuracy:
  No Thrust: 11.25% (18/160)
  Chemical: 74.38% (119/160)
  Electric: 43.12% (69/160)
  Impulsive: 61.88% (99/160)
Epoch [14/100], Training Loss: 0.9247
Validation Loss: 1.0354, Validation Accuracy: 53.44%

Per-Class Validation Accuracy:
  No Thrust: 60.62% (97/160)
  Chemical: 70.00% (112/160)
  Electric: 5.00% (8/160)
  Impulsive: 78.12% (125/160)
Epoch [15/100], Training Loss: 0.9197
Validation Loss: 1.0799, Validation Accuracy: 51.41%

Per-Class Validation Accuracy:
  No Thrust: 50.62% (81/160)
  Chemical: 55.00% (88/160)
  Electric: 18.12% (29/160)
  Impulsive: 81.88% (131/160)
Epoch [16/100], Training Loss: 0.9092
Validation Loss: 1.0828, Validation Accuracy: 50.78%

Per-Class Validation Accuracy:
  No Thrust: 61.25% (98/160)
  Chemical: 50.00% (80/160)
  Electric: 1.88% (3/160)
  Impulsive: 90.00% (144/160)
Epoch [17/100], Training Loss: 0.9086
Validation Loss: 1.0492, Validation Accuracy: 49.38%

Per-Class Validation Accuracy:
  No Thrust: 3.75% (6/160)
  Chemical: 59.38% (95/160)
  Electric: 55.00% (88/160)
  Impulsive: 79.38% (127/160)
Epoch [18/100], Training Loss: 0.8550
Validation Loss: 1.0767, Validation Accuracy: 51.09%

Per-Class Validation Accuracy:
  No Thrust: 66.25% (106/160)
  Chemical: 64.38% (103/160)
  Electric: 1.25% (2/160)
  Impulsive: 72.50% (116/160)
Epoch [19/100], Training Loss: 0.8585
Validation Loss: 1.0281, Validation Accuracy: 52.34%

Per-Class Validation Accuracy:
  No Thrust: 65.62% (105/160)
  Chemical: 71.88% (115/160)
  Electric: 3.75% (6/160)
  Impulsive: 68.12% (109/160)
Epoch [20/100], Training Loss: 0.8349
Validation Loss: 0.9963, Validation Accuracy: 55.16%

Per-Class Validation Accuracy:
  No Thrust: 71.88% (115/160)
  Chemical: 68.75% (110/160)
  Electric: 3.12% (5/160)
  Impulsive: 76.88% (123/160)
Epoch [21/100], Training Loss: 0.8298
Validation Loss: 1.0125, Validation Accuracy: 53.44%

Per-Class Validation Accuracy:
  No Thrust: 28.75% (46/160)
  Chemical: 71.88% (115/160)
  Electric: 46.88% (75/160)
  Impulsive: 66.25% (106/160)
Epoch [22/100], Training Loss: 0.7963
Validation Loss: 1.0001, Validation Accuracy: 54.22%

Per-Class Validation Accuracy:
  No Thrust: 20.62% (33/160)
  Chemical: 63.12% (101/160)
  Electric: 54.38% (87/160)
  Impulsive: 78.75% (126/160)
Epoch [23/100], Training Loss: 0.8148
Validation Loss: 1.0216, Validation Accuracy: 53.75%

Per-Class Validation Accuracy:
  No Thrust: 73.12% (117/160)
  Chemical: 74.38% (119/160)
  Electric: 4.38% (7/160)
  Impulsive: 63.12% (101/160)
Epoch [24/100], Training Loss: 0.7617
Validation Loss: 1.0403, Validation Accuracy: 53.28%

Per-Class Validation Accuracy:
  No Thrust: 54.38% (87/160)
  Chemical: 72.50% (116/160)
  Electric: 16.25% (26/160)
  Impulsive: 70.00% (112/160)
Epoch [25/100], Training Loss: 0.7576
Validation Loss: 1.0476, Validation Accuracy: 54.53%

Per-Class Validation Accuracy:
  No Thrust: 62.50% (100/160)
  Chemical: 60.62% (97/160)
  Electric: 12.50% (20/160)
  Impulsive: 82.50% (132/160)
Epoch [26/100], Training Loss: 0.7678
Validation Loss: 0.9817, Validation Accuracy: 55.62%

Per-Class Validation Accuracy:
  No Thrust: 48.75% (78/160)
  Chemical: 70.00% (112/160)
  Electric: 26.88% (43/160)
  Impulsive: 76.88% (123/160)
Epoch [27/100], Training Loss: 0.8065
Validation Loss: 0.9746, Validation Accuracy: 56.56%

Per-Class Validation Accuracy:
  No Thrust: 24.38% (39/160)
  Chemical: 65.62% (105/160)
  Electric: 57.50% (92/160)
  Impulsive: 78.75% (126/160)
Epoch [28/100], Training Loss: 0.7325
Validation Loss: 0.9880, Validation Accuracy: 57.34%

Per-Class Validation Accuracy:
  No Thrust: 36.25% (58/160)
  Chemical: 68.12% (109/160)
  Electric: 46.88% (75/160)
  Impulsive: 78.12% (125/160)
Epoch [29/100], Training Loss: 0.7072
Validation Loss: 0.9820, Validation Accuracy: 54.53%

Per-Class Validation Accuracy:
  No Thrust: 8.12% (13/160)
  Chemical: 66.88% (107/160)
  Electric: 75.62% (121/160)
  Impulsive: 67.50% (108/160)
Epoch [30/100], Training Loss: 0.7264
Validation Loss: 1.0916, Validation Accuracy: 56.25%

Per-Class Validation Accuracy:
  No Thrust: 16.25% (26/160)
  Chemical: 72.50% (116/160)
  Electric: 59.38% (95/160)
  Impulsive: 76.88% (123/160)
Epoch [31/100], Training Loss: 0.7432
Validation Loss: 0.9841, Validation Accuracy: 56.25%

Per-Class Validation Accuracy:
  No Thrust: 69.38% (111/160)
  Chemical: 68.75% (110/160)
  Electric: 6.25% (10/160)
  Impulsive: 80.62% (129/160)
Epoch [32/100], Training Loss: 0.7158
Validation Loss: 0.9444, Validation Accuracy: 56.88%

Per-Class Validation Accuracy:
  No Thrust: 8.75% (14/160)
  Chemical: 77.50% (124/160)
  Electric: 66.88% (107/160)
  Impulsive: 74.38% (119/160)
Epoch [33/100], Training Loss: 0.6626
Validation Loss: 0.9809, Validation Accuracy: 57.19%

Per-Class Validation Accuracy:
  No Thrust: 66.25% (106/160)
  Chemical: 72.50% (116/160)
  Electric: 9.38% (15/160)
  Impulsive: 80.62% (129/160)
Epoch [34/100], Training Loss: 0.6682
Validation Loss: 1.0698, Validation Accuracy: 55.47%

Per-Class Validation Accuracy:
  No Thrust: 52.50% (84/160)
  Chemical: 64.38% (103/160)
  Electric: 21.88% (35/160)
  Impulsive: 83.12% (133/160)
Epoch [35/100], Training Loss: 0.7033
Validation Loss: 1.0353, Validation Accuracy: 55.47%

Per-Class Validation Accuracy:
  No Thrust: 18.12% (29/160)
  Chemical: 71.25% (114/160)
  Electric: 48.12% (77/160)
  Impulsive: 84.38% (135/160)
Epoch [36/100], Training Loss: 0.6892
Validation Loss: 0.9462, Validation Accuracy: 57.03%

Per-Class Validation Accuracy:
  No Thrust: 34.38% (55/160)
  Chemical: 73.12% (117/160)
  Electric: 41.88% (67/160)
  Impulsive: 78.75% (126/160)
Epoch [37/100], Training Loss: 0.6489
Validation Loss: 1.0018, Validation Accuracy: 55.62%

Per-Class Validation Accuracy:
  No Thrust: 32.50% (52/160)
  Chemical: 75.00% (120/160)
  Electric: 43.12% (69/160)
  Impulsive: 71.88% (115/160)
Epoch [38/100], Training Loss: 0.6530
Validation Loss: 1.0443, Validation Accuracy: 55.16%

Per-Class Validation Accuracy:
  No Thrust: 18.75% (30/160)
  Chemical: 75.00% (120/160)
  Electric: 60.00% (96/160)
  Impulsive: 66.88% (107/160)
Epoch [39/100], Training Loss: 0.6391
Validation Loss: 0.9761, Validation Accuracy: 59.22%

Per-Class Validation Accuracy:
  No Thrust: 46.88% (75/160)
  Chemical: 82.50% (132/160)
  Electric: 34.38% (55/160)
  Impulsive: 73.12% (117/160)
Epoch [40/100], Training Loss: 0.5906
Validation Loss: 0.9635, Validation Accuracy: 58.28%

Per-Class Validation Accuracy:
  No Thrust: 49.38% (79/160)
  Chemical: 76.25% (122/160)
  Electric: 30.00% (48/160)
  Impulsive: 77.50% (124/160)
Epoch [41/100], Training Loss: 0.5822
Validation Loss: 0.9962, Validation Accuracy: 57.50%

Per-Class Validation Accuracy:
  No Thrust: 38.12% (61/160)
  Chemical: 74.38% (119/160)
  Electric: 38.12% (61/160)
  Impulsive: 79.38% (127/160)
Epoch [42/100], Training Loss: 0.5922
Validation Loss: 0.9622, Validation Accuracy: 58.12%

Per-Class Validation Accuracy:
  No Thrust: 24.38% (39/160)
  Chemical: 73.75% (118/160)
  Electric: 53.75% (86/160)
  Impulsive: 80.62% (129/160)
Early stopping triggered.

	Elapsed time is 20.4346 seconds.

==========================================================================================
Total parameters: 41940
Total memory (bytes): 335520
Total memory (MB): 0.319976806640625
==========================================================================================

Transformer Validation
Validation Loss: 0.9622, Validation Accuracy: 58.12%

Per-Class Validation Accuracy:
  No Thrust: 24.38% (39/160)
  Chemical: 73.75% (118/160)
  Electric: 53.75% (86/160)
  Impulsive: 80.62% (129/160)

Classification Report:
              precision    recall  f1-score   support

   No Thrust     0.4149    0.2437    0.3071       160
    Chemical     0.6860    0.7375    0.7108       160
    Electric     0.4216    0.5375    0.4725       160
   Impulsive     0.7588    0.8063    0.7818       160

    accuracy                         0.5813       640
   macro avg     0.5703    0.5813    0.5681       640
weighted avg     0.5703    0.5813    0.5681       640


Confusion Matrix (rows = true, cols = predicted):
             P_No Thrust  P_Chemical  P_Electric  P_Impulsive
T_No Thrust           39          17          93           11
T_Chemical             3         118          18           21
T_Electric            45          20          86            9
T_Impulsive            7          17           7          129

Transformer Inference Time	Elapsed time is 0.1298 seconds.

Entering MLP Training Loop
Validation Loss: 0.2832, Validation Accuracy: 21.88%

Per-Class Validation Accuracy:
  No Thrust: 10.62% (17/160)
  Chemical: 8.12% (13/160)
  Electric: 31.25% (50/160)
  Impulsive: 37.50% (60/160)
Epoch [1/100], Training Loss: 0.2785
Validation Loss: 0.2783, Validation Accuracy: 27.66%

Per-Class Validation Accuracy:
  No Thrust: 18.75% (30/160)
  Chemical: 8.12% (13/160)
  Electric: 27.50% (44/160)
  Impulsive: 56.25% (90/160)
Epoch [2/100], Training Loss: 0.1346
Validation Loss: 0.2733, Validation Accuracy: 33.75%

Per-Class Validation Accuracy:
  No Thrust: 34.38% (55/160)
  Chemical: 8.75% (14/160)
  Electric: 24.38% (39/160)
  Impulsive: 67.50% (108/160)
Epoch [3/100], Training Loss: 0.0908
Validation Loss: 0.2702, Validation Accuracy: 37.03%

Per-Class Validation Accuracy:
  No Thrust: 41.25% (66/160)
  Chemical: 12.50% (20/160)
  Electric: 21.88% (35/160)
  Impulsive: 72.50% (116/160)
Epoch [4/100], Training Loss: 0.0669
Validation Loss: 0.2670, Validation Accuracy: 39.53%

Per-Class Validation Accuracy:
  No Thrust: 47.50% (76/160)
  Chemical: 13.75% (22/160)
  Electric: 20.62% (33/160)
  Impulsive: 76.25% (122/160)
Epoch [5/100], Training Loss: 0.0530
Validation Loss: 0.2639, Validation Accuracy: 40.78%

Per-Class Validation Accuracy:
  No Thrust: 50.62% (81/160)
  Chemical: 15.62% (25/160)
  Electric: 17.50% (28/160)
  Impulsive: 79.38% (127/160)
Epoch [6/100], Training Loss: 0.0434
Validation Loss: 0.2612, Validation Accuracy: 41.72%

Per-Class Validation Accuracy:
  No Thrust: 55.62% (89/160)
  Chemical: 16.88% (27/160)
  Electric: 14.38% (23/160)
  Impulsive: 80.00% (128/160)
Epoch [7/100], Training Loss: 0.0376
Validation Loss: 0.2592, Validation Accuracy: 42.03%

Per-Class Validation Accuracy:
  No Thrust: 53.12% (85/160)
  Chemical: 21.25% (34/160)
  Electric: 15.00% (24/160)
  Impulsive: 78.75% (126/160)
Epoch [8/100], Training Loss: 0.0318
Validation Loss: 0.2573, Validation Accuracy: 42.19%

Per-Class Validation Accuracy:
  No Thrust: 52.50% (84/160)
  Chemical: 22.50% (36/160)
  Electric: 15.62% (25/160)
  Impulsive: 78.12% (125/160)
Epoch [9/100], Training Loss: 0.0280
Validation Loss: 0.2559, Validation Accuracy: 42.97%

Per-Class Validation Accuracy:
  No Thrust: 50.62% (81/160)
  Chemical: 26.25% (42/160)
  Electric: 17.50% (28/160)
  Impulsive: 77.50% (124/160)
Epoch [10/100], Training Loss: 0.0253
Validation Loss: 0.2535, Validation Accuracy: 43.59%

Per-Class Validation Accuracy:
  No Thrust: 53.12% (85/160)
  Chemical: 28.12% (45/160)
  Electric: 15.62% (25/160)
  Impulsive: 77.50% (124/160)
Epoch [11/100], Training Loss: 0.0222
Validation Loss: 0.2514, Validation Accuracy: 43.91%

Per-Class Validation Accuracy:
  No Thrust: 53.75% (86/160)
  Chemical: 30.00% (48/160)
  Electric: 15.00% (24/160)
  Impulsive: 76.88% (123/160)
Epoch [12/100], Training Loss: 0.0196
Validation Loss: 0.2495, Validation Accuracy: 44.84%

Per-Class Validation Accuracy:
  No Thrust: 55.00% (88/160)
  Chemical: 33.12% (53/160)
  Electric: 15.00% (24/160)
  Impulsive: 76.25% (122/160)
Epoch [13/100], Training Loss: 0.0180
Validation Loss: 0.2474, Validation Accuracy: 45.16%

Per-Class Validation Accuracy:
  No Thrust: 55.62% (89/160)
  Chemical: 33.75% (54/160)
  Electric: 15.62% (25/160)
  Impulsive: 75.62% (121/160)
Epoch [14/100], Training Loss: 0.0169
Validation Loss: 0.2468, Validation Accuracy: 45.00%

Per-Class Validation Accuracy:
  No Thrust: 51.88% (83/160)
  Chemical: 36.25% (58/160)
  Electric: 16.88% (27/160)
  Impulsive: 75.00% (120/160)
Epoch [15/100], Training Loss: 0.0161
Validation Loss: 0.2459, Validation Accuracy: 45.31%

Per-Class Validation Accuracy:
  No Thrust: 51.88% (83/160)
  Chemical: 38.12% (61/160)
  Electric: 16.88% (27/160)
  Impulsive: 74.38% (119/160)
Epoch [16/100], Training Loss: 0.0152
Validation Loss: 0.2449, Validation Accuracy: 45.47%

Per-Class Validation Accuracy:
  No Thrust: 51.88% (83/160)
  Chemical: 39.38% (63/160)
  Electric: 16.88% (27/160)
  Impulsive: 73.75% (118/160)
Epoch [17/100], Training Loss: 0.0137
Validation Loss: 0.2431, Validation Accuracy: 45.62%

Per-Class Validation Accuracy:
  No Thrust: 51.88% (83/160)
  Chemical: 40.00% (64/160)
  Electric: 16.88% (27/160)
  Impulsive: 73.75% (118/160)
Epoch [18/100], Training Loss: 0.0132
Validation Loss: 0.2419, Validation Accuracy: 45.47%

Per-Class Validation Accuracy:
  No Thrust: 51.88% (83/160)
  Chemical: 38.75% (62/160)
  Electric: 17.50% (28/160)
  Impulsive: 73.75% (118/160)
Epoch [19/100], Training Loss: 0.0125
Validation Loss: 0.2414, Validation Accuracy: 45.16%

Per-Class Validation Accuracy:
  No Thrust: 51.25% (82/160)
  Chemical: 38.75% (62/160)
  Electric: 17.50% (28/160)
  Impulsive: 73.12% (117/160)
Epoch [20/100], Training Loss: 0.0117
Validation Loss: 0.2409, Validation Accuracy: 45.47%

Per-Class Validation Accuracy:
  No Thrust: 48.12% (77/160)
  Chemical: 40.00% (64/160)
  Electric: 21.25% (34/160)
  Impulsive: 72.50% (116/160)
Epoch [21/100], Training Loss: 0.0110
Validation Loss: 0.2402, Validation Accuracy: 45.47%

Per-Class Validation Accuracy:
  No Thrust: 46.88% (75/160)
  Chemical: 41.25% (66/160)
  Electric: 21.88% (35/160)
  Impulsive: 71.88% (115/160)
Epoch [22/100], Training Loss: 0.0103
Validation Loss: 0.2390, Validation Accuracy: 45.47%

Per-Class Validation Accuracy:
  No Thrust: 46.25% (74/160)
  Chemical: 41.25% (66/160)
  Electric: 22.50% (36/160)
  Impulsive: 71.88% (115/160)
Epoch [23/100], Training Loss: 0.0091
Validation Loss: 0.2395, Validation Accuracy: 45.16%

Per-Class Validation Accuracy:
  No Thrust: 45.00% (72/160)
  Chemical: 42.50% (68/160)
  Electric: 22.50% (36/160)
  Impulsive: 70.62% (113/160)
Epoch [24/100], Training Loss: 0.0092
Validation Loss: 0.2385, Validation Accuracy: 45.00%

Per-Class Validation Accuracy:
  No Thrust: 45.00% (72/160)
  Chemical: 43.12% (69/160)
  Electric: 21.88% (35/160)
  Impulsive: 70.00% (112/160)
Epoch [25/100], Training Loss: 0.0089
Validation Loss: 0.2380, Validation Accuracy: 44.84%

Per-Class Validation Accuracy:
  No Thrust: 44.38% (71/160)
  Chemical: 43.12% (69/160)
  Electric: 21.88% (35/160)
  Impulsive: 70.00% (112/160)
Epoch [26/100], Training Loss: 0.0090
Validation Loss: 0.2376, Validation Accuracy: 45.00%

Per-Class Validation Accuracy:
  No Thrust: 44.38% (71/160)
  Chemical: 43.12% (69/160)
  Electric: 22.50% (36/160)
  Impulsive: 70.00% (112/160)
Epoch [27/100], Training Loss: 0.0085
Validation Loss: 0.2363, Validation Accuracy: 45.00%

Per-Class Validation Accuracy:
  No Thrust: 44.38% (71/160)
  Chemical: 43.12% (69/160)
  Electric: 22.50% (36/160)
  Impulsive: 70.00% (112/160)
Epoch [28/100], Training Loss: 0.0080
Validation Loss: 0.2361, Validation Accuracy: 45.31%

Per-Class Validation Accuracy:
  No Thrust: 43.75% (70/160)
  Chemical: 44.38% (71/160)
  Electric: 23.12% (37/160)
  Impulsive: 70.00% (112/160)
Epoch [29/100], Training Loss: 0.0079
Validation Loss: 0.2363, Validation Accuracy: 45.31%

Per-Class Validation Accuracy:
  No Thrust: 43.75% (70/160)
  Chemical: 44.38% (71/160)
  Electric: 23.12% (37/160)
  Impulsive: 70.00% (112/160)
Epoch [30/100], Training Loss: 0.0075
Validation Loss: 0.2358, Validation Accuracy: 45.16%

Per-Class Validation Accuracy:
  No Thrust: 43.75% (70/160)
  Chemical: 44.38% (71/160)
  Electric: 22.50% (36/160)
  Impulsive: 70.00% (112/160)
Epoch [31/100], Training Loss: 0.0072
Validation Loss: 0.2357, Validation Accuracy: 45.16%

Per-Class Validation Accuracy:
  No Thrust: 43.12% (69/160)
  Chemical: 45.62% (73/160)
  Electric: 22.50% (36/160)
  Impulsive: 69.38% (111/160)
Epoch [32/100], Training Loss: 0.0068
Validation Loss: 0.2357, Validation Accuracy: 45.62%

Per-Class Validation Accuracy:
  No Thrust: 43.75% (70/160)
  Chemical: 46.25% (74/160)
  Electric: 23.12% (37/160)
  Impulsive: 69.38% (111/160)
Epoch [33/100], Training Loss: 0.0069
Validation Loss: 0.2350, Validation Accuracy: 45.62%

Per-Class Validation Accuracy:
  No Thrust: 43.75% (70/160)
  Chemical: 46.25% (74/160)
  Electric: 23.12% (37/160)
  Impulsive: 69.38% (111/160)
Epoch [34/100], Training Loss: 0.0069
Validation Loss: 0.2345, Validation Accuracy: 45.31%

Per-Class Validation Accuracy:
  No Thrust: 43.12% (69/160)
  Chemical: 46.25% (74/160)
  Electric: 23.12% (37/160)
  Impulsive: 68.75% (110/160)
Epoch [35/100], Training Loss: 0.0065
Validation Loss: 0.2352, Validation Accuracy: 45.47%

Per-Class Validation Accuracy:
  No Thrust: 41.25% (66/160)
  Chemical: 46.25% (74/160)
  Electric: 25.62% (41/160)
  Impulsive: 68.75% (110/160)
Epoch [36/100], Training Loss: 0.0065
Validation Loss: 0.2351, Validation Accuracy: 45.62%

Per-Class Validation Accuracy:
  No Thrust: 41.88% (67/160)
  Chemical: 46.25% (74/160)
  Electric: 25.62% (41/160)
  Impulsive: 68.75% (110/160)
Epoch [37/100], Training Loss: 0.0061
Validation Loss: 0.2343, Validation Accuracy: 45.31%

Per-Class Validation Accuracy:
  No Thrust: 43.12% (69/160)
  Chemical: 46.25% (74/160)
  Electric: 23.12% (37/160)
  Impulsive: 68.75% (110/160)
Epoch [38/100], Training Loss: 0.0063
Validation Loss: 0.2348, Validation Accuracy: 45.16%

Per-Class Validation Accuracy:
  No Thrust: 41.25% (66/160)
  Chemical: 46.88% (75/160)
  Electric: 23.75% (38/160)
  Impulsive: 68.75% (110/160)
Epoch [39/100], Training Loss: 0.0057
Validation Loss: 0.2344, Validation Accuracy: 45.31%

Per-Class Validation Accuracy:
  No Thrust: 42.50% (68/160)
  Chemical: 47.50% (76/160)
  Electric: 22.50% (36/160)
  Impulsive: 68.75% (110/160)
Epoch [40/100], Training Loss: 0.0055
Validation Loss: 0.2345, Validation Accuracy: 45.47%

Per-Class Validation Accuracy:
  No Thrust: 41.25% (66/160)
  Chemical: 46.88% (75/160)
  Electric: 25.00% (40/160)
  Impulsive: 68.75% (110/160)
Epoch [41/100], Training Loss: 0.0054
Validation Loss: 0.2345, Validation Accuracy: 45.47%

Per-Class Validation Accuracy:
  No Thrust: 39.38% (63/160)
  Chemical: 46.88% (75/160)
  Electric: 26.88% (43/160)
  Impulsive: 68.75% (110/160)
Epoch [42/100], Training Loss: 0.0054
Validation Loss: 0.2345, Validation Accuracy: 45.94%

Per-Class Validation Accuracy:
  No Thrust: 38.75% (62/160)
  Chemical: 48.12% (77/160)
  Electric: 28.12% (45/160)
  Impulsive: 68.75% (110/160)
Epoch [43/100], Training Loss: 0.0051
Validation Loss: 0.2341, Validation Accuracy: 45.78%

Per-Class Validation Accuracy:
  No Thrust: 38.12% (61/160)
  Chemical: 48.12% (77/160)
  Electric: 28.12% (45/160)
  Impulsive: 68.75% (110/160)
Epoch [44/100], Training Loss: 0.0048
Validation Loss: 0.2340, Validation Accuracy: 45.62%

Per-Class Validation Accuracy:
  No Thrust: 38.75% (62/160)
  Chemical: 48.12% (77/160)
  Electric: 27.50% (44/160)
  Impulsive: 68.12% (109/160)
Epoch [45/100], Training Loss: 0.0051
Validation Loss: 0.2335, Validation Accuracy: 45.47%

Per-Class Validation Accuracy:
  No Thrust: 39.38% (63/160)
  Chemical: 48.12% (77/160)
  Electric: 26.25% (42/160)
  Impulsive: 68.12% (109/160)
Epoch [46/100], Training Loss: 0.0048
Validation Loss: 0.2337, Validation Accuracy: 45.62%

Per-Class Validation Accuracy:
  No Thrust: 38.75% (62/160)
  Chemical: 48.75% (78/160)
  Electric: 26.88% (43/160)
  Impulsive: 68.12% (109/160)
Epoch [47/100], Training Loss: 0.0046
Validation Loss: 0.2337, Validation Accuracy: 45.62%

Per-Class Validation Accuracy:
  No Thrust: 38.75% (62/160)
  Chemical: 48.75% (78/160)
  Electric: 26.88% (43/160)
  Impulsive: 68.12% (109/160)
Epoch [48/100], Training Loss: 0.0047
Validation Loss: 0.2335, Validation Accuracy: 45.47%

Per-Class Validation Accuracy:
  No Thrust: 38.12% (61/160)
  Chemical: 48.75% (78/160)
  Electric: 26.88% (43/160)
  Impulsive: 68.12% (109/160)
Epoch [49/100], Training Loss: 0.0048
Validation Loss: 0.2330, Validation Accuracy: 45.62%

Per-Class Validation Accuracy:
  No Thrust: 39.38% (63/160)
  Chemical: 48.75% (78/160)
  Electric: 26.25% (42/160)
  Impulsive: 68.12% (109/160)
Epoch [50/100], Training Loss: 0.0043
Validation Loss: 0.2328, Validation Accuracy: 45.31%

Per-Class Validation Accuracy:
  No Thrust: 38.75% (62/160)
  Chemical: 48.75% (78/160)
  Electric: 25.62% (41/160)
  Impulsive: 68.12% (109/160)
Epoch [51/100], Training Loss: 0.0047
Validation Loss: 0.2333, Validation Accuracy: 45.47%

Per-Class Validation Accuracy:
  No Thrust: 38.12% (61/160)
  Chemical: 48.75% (78/160)
  Electric: 26.88% (43/160)
  Impulsive: 68.12% (109/160)
Epoch [52/100], Training Loss: 0.0043
Validation Loss: 0.2334, Validation Accuracy: 45.47%

Per-Class Validation Accuracy:
  No Thrust: 37.50% (60/160)
  Chemical: 48.75% (78/160)
  Electric: 27.50% (44/160)
  Impulsive: 68.12% (109/160)
Epoch [53/100], Training Loss: 0.0041
Validation Loss: 0.2335, Validation Accuracy: 45.47%

Per-Class Validation Accuracy:
  No Thrust: 37.50% (60/160)
  Chemical: 48.75% (78/160)
  Electric: 27.50% (44/160)
  Impulsive: 68.12% (109/160)
Epoch [54/100], Training Loss: 0.0040
Validation Loss: 0.2337, Validation Accuracy: 45.62%

Per-Class Validation Accuracy:
  No Thrust: 37.50% (60/160)
  Chemical: 48.75% (78/160)
  Electric: 28.12% (45/160)
  Impulsive: 68.12% (109/160)
Epoch [55/100], Training Loss: 0.0040
Validation Loss: 0.2340, Validation Accuracy: 45.62%

Per-Class Validation Accuracy:
  No Thrust: 36.25% (58/160)
  Chemical: 48.75% (78/160)
  Electric: 29.38% (47/160)
  Impulsive: 68.12% (109/160)
Epoch [56/100], Training Loss: 0.0041
Validation Loss: 0.2334, Validation Accuracy: 45.94%

Per-Class Validation Accuracy:
  No Thrust: 37.50% (60/160)
  Chemical: 49.38% (79/160)
  Electric: 28.75% (46/160)
  Impulsive: 68.12% (109/160)
Epoch [57/100], Training Loss: 0.0041
Validation Loss: 0.2335, Validation Accuracy: 45.62%

Per-Class Validation Accuracy:
  No Thrust: 36.25% (58/160)
  Chemical: 49.38% (79/160)
  Electric: 28.75% (46/160)
  Impulsive: 68.12% (109/160)
Epoch [58/100], Training Loss: 0.0037
Validation Loss: 0.2335, Validation Accuracy: 45.47%

Per-Class Validation Accuracy:
  No Thrust: 35.62% (57/160)
  Chemical: 49.38% (79/160)
  Electric: 28.75% (46/160)
  Impulsive: 68.12% (109/160)
Epoch [59/100], Training Loss: 0.0035
Validation Loss: 0.2327, Validation Accuracy: 45.47%

Per-Class Validation Accuracy:
  No Thrust: 37.50% (60/160)
  Chemical: 48.12% (77/160)
  Electric: 28.12% (45/160)
  Impulsive: 68.12% (109/160)
Epoch [60/100], Training Loss: 0.0035
Validation Loss: 0.2328, Validation Accuracy: 45.47%

Per-Class Validation Accuracy:
  No Thrust: 37.50% (60/160)
  Chemical: 48.12% (77/160)
  Electric: 28.12% (45/160)
  Impulsive: 68.12% (109/160)
Epoch [61/100], Training Loss: 0.0037
Validation Loss: 0.2326, Validation Accuracy: 45.62%

Per-Class Validation Accuracy:
  No Thrust: 38.12% (61/160)
  Chemical: 48.75% (78/160)
  Electric: 27.50% (44/160)
  Impulsive: 68.12% (109/160)
Epoch [62/100], Training Loss: 0.0035
Validation Loss: 0.2326, Validation Accuracy: 45.62%

Per-Class Validation Accuracy:
  No Thrust: 38.12% (61/160)
  Chemical: 48.75% (78/160)
  Electric: 27.50% (44/160)
  Impulsive: 68.12% (109/160)
Epoch [63/100], Training Loss: 0.0037
Validation Loss: 0.2328, Validation Accuracy: 45.16%

Per-Class Validation Accuracy:
  No Thrust: 37.50% (60/160)
  Chemical: 48.75% (78/160)
  Electric: 27.50% (44/160)
  Impulsive: 66.88% (107/160)
Epoch [64/100], Training Loss: 0.0035
Validation Loss: 0.2329, Validation Accuracy: 45.31%

Per-Class Validation Accuracy:
  No Thrust: 37.50% (60/160)
  Chemical: 49.38% (79/160)
  Electric: 27.50% (44/160)
  Impulsive: 66.88% (107/160)
Epoch [65/100], Training Loss: 0.0036
Validation Loss: 0.2326, Validation Accuracy: 45.31%

Per-Class Validation Accuracy:
  No Thrust: 37.50% (60/160)
  Chemical: 48.75% (78/160)
  Electric: 28.12% (45/160)
  Impulsive: 66.88% (107/160)
Epoch [66/100], Training Loss: 0.0035
Validation Loss: 0.2326, Validation Accuracy: 45.31%

Per-Class Validation Accuracy:
  No Thrust: 38.12% (61/160)
  Chemical: 48.75% (78/160)
  Electric: 27.50% (44/160)
  Impulsive: 66.88% (107/160)
Epoch [67/100], Training Loss: 0.0035
Validation Loss: 0.2325, Validation Accuracy: 44.84%

Per-Class Validation Accuracy:
  No Thrust: 37.50% (60/160)
  Chemical: 48.75% (78/160)
  Electric: 26.88% (43/160)
  Impulsive: 66.25% (106/160)
Epoch [68/100], Training Loss: 0.0033
Validation Loss: 0.2329, Validation Accuracy: 45.16%

Per-Class Validation Accuracy:
  No Thrust: 37.50% (60/160)
  Chemical: 49.38% (79/160)
  Electric: 27.50% (44/160)
  Impulsive: 66.25% (106/160)
Epoch [69/100], Training Loss: 0.0031
Validation Loss: 0.2332, Validation Accuracy: 45.00%

Per-Class Validation Accuracy:
  No Thrust: 35.62% (57/160)
  Chemical: 49.38% (79/160)
  Electric: 28.75% (46/160)
  Impulsive: 66.25% (106/160)
Epoch [70/100], Training Loss: 0.0031
Validation Loss: 0.2331, Validation Accuracy: 44.84%

Per-Class Validation Accuracy:
  No Thrust: 35.62% (57/160)
  Chemical: 49.38% (79/160)
  Electric: 28.12% (45/160)
  Impulsive: 66.25% (106/160)
Epoch [71/100], Training Loss: 0.0032
Validation Loss: 0.2330, Validation Accuracy: 44.84%

Per-Class Validation Accuracy:
  No Thrust: 36.25% (58/160)
  Chemical: 48.75% (78/160)
  Electric: 28.12% (45/160)
  Impulsive: 66.25% (106/160)
Epoch [72/100], Training Loss: 0.0030
Validation Loss: 0.2331, Validation Accuracy: 44.84%

Per-Class Validation Accuracy:
  No Thrust: 36.25% (58/160)
  Chemical: 48.75% (78/160)
  Electric: 28.12% (45/160)
  Impulsive: 66.25% (106/160)
Epoch [73/100], Training Loss: 0.0032
Validation Loss: 0.2330, Validation Accuracy: 44.84%

Per-Class Validation Accuracy:
  No Thrust: 36.25% (58/160)
  Chemical: 48.75% (78/160)
  Electric: 28.12% (45/160)
  Impulsive: 66.25% (106/160)
Epoch [74/100], Training Loss: 0.0032
Validation Loss: 0.2330, Validation Accuracy: 44.84%

Per-Class Validation Accuracy:
  No Thrust: 36.25% (58/160)
  Chemical: 48.75% (78/160)
  Electric: 28.12% (45/160)
  Impulsive: 66.25% (106/160)
Epoch [75/100], Training Loss: 0.0030
Validation Loss: 0.2328, Validation Accuracy: 44.84%

Per-Class Validation Accuracy:
  No Thrust: 36.25% (58/160)
  Chemical: 48.75% (78/160)
  Electric: 28.12% (45/160)
  Impulsive: 66.25% (106/160)
Epoch [76/100], Training Loss: 0.0029
Validation Loss: 0.2329, Validation Accuracy: 44.84%

Per-Class Validation Accuracy:
  No Thrust: 36.25% (58/160)
  Chemical: 48.75% (78/160)
  Electric: 28.12% (45/160)
  Impulsive: 66.25% (106/160)
Epoch [77/100], Training Loss: 0.0030
Validation Loss: 0.2329, Validation Accuracy: 45.00%

Per-Class Validation Accuracy:
  No Thrust: 36.25% (58/160)
  Chemical: 49.38% (79/160)
  Electric: 28.12% (45/160)
  Impulsive: 66.25% (106/160)
Epoch [78/100], Training Loss: 0.0028
Validation Loss: 0.2328, Validation Accuracy: 44.84%

Per-Class Validation Accuracy:
  No Thrust: 36.25% (58/160)
  Chemical: 48.75% (78/160)
  Electric: 28.12% (45/160)
  Impulsive: 66.25% (106/160)
Epoch [79/100], Training Loss: 0.0028
Validation Loss: 0.2329, Validation Accuracy: 45.00%

Per-Class Validation Accuracy:
  No Thrust: 36.25% (58/160)
  Chemical: 49.38% (79/160)
  Electric: 28.12% (45/160)
  Impulsive: 66.25% (106/160)
Epoch [80/100], Training Loss: 0.0027
Validation Loss: 0.2329, Validation Accuracy: 44.69%

Per-Class Validation Accuracy:
  No Thrust: 35.62% (57/160)
  Chemical: 48.75% (78/160)
  Electric: 28.12% (45/160)
  Impulsive: 66.25% (106/160)
Epoch [81/100], Training Loss: 0.0028
Validation Loss: 0.2330, Validation Accuracy: 44.69%

Per-Class Validation Accuracy:
  No Thrust: 34.38% (55/160)
  Chemical: 48.75% (78/160)
  Electric: 29.38% (47/160)
  Impulsive: 66.25% (106/160)
Epoch [82/100], Training Loss: 0.0026
Validation Loss: 0.2329, Validation Accuracy: 44.69%

Per-Class Validation Accuracy:
  No Thrust: 35.00% (56/160)
  Chemical: 48.75% (78/160)
  Electric: 28.75% (46/160)
  Impulsive: 66.25% (106/160)
Epoch [83/100], Training Loss: 0.0025
Validation Loss: 0.2329, Validation Accuracy: 44.69%

Per-Class Validation Accuracy:
  No Thrust: 35.00% (56/160)
  Chemical: 48.75% (78/160)
  Electric: 28.75% (46/160)
  Impulsive: 66.25% (106/160)
Epoch [84/100], Training Loss: 0.0027
Validation Loss: 0.2329, Validation Accuracy: 45.00%

Per-Class Validation Accuracy:
  No Thrust: 35.62% (57/160)
  Chemical: 49.38% (79/160)
  Electric: 28.75% (46/160)
  Impulsive: 66.25% (106/160)
Epoch [85/100], Training Loss: 0.0029
Validation Loss: 0.2329, Validation Accuracy: 44.53%

Per-Class Validation Accuracy:
  No Thrust: 34.38% (55/160)
  Chemical: 48.75% (78/160)
  Electric: 28.75% (46/160)
  Impulsive: 66.25% (106/160)
Epoch [86/100], Training Loss: 0.0028
Validation Loss: 0.2328, Validation Accuracy: 45.00%

Per-Class Validation Accuracy:
  No Thrust: 35.62% (57/160)
  Chemical: 49.38% (79/160)
  Electric: 28.75% (46/160)
  Impulsive: 66.25% (106/160)
Epoch [87/100], Training Loss: 0.0026
Validation Loss: 0.2328, Validation Accuracy: 45.00%

Per-Class Validation Accuracy:
  No Thrust: 35.62% (57/160)
  Chemical: 49.38% (79/160)
  Electric: 28.75% (46/160)
  Impulsive: 66.25% (106/160)
Epoch [88/100], Training Loss: 0.0026
Validation Loss: 0.2328, Validation Accuracy: 45.00%

Per-Class Validation Accuracy:
  No Thrust: 35.62% (57/160)
  Chemical: 49.38% (79/160)
  Electric: 28.75% (46/160)
  Impulsive: 66.25% (106/160)
Epoch [89/100], Training Loss: 0.0026
Validation Loss: 0.2328, Validation Accuracy: 45.00%

Per-Class Validation Accuracy:
  No Thrust: 35.62% (57/160)
  Chemical: 49.38% (79/160)
  Electric: 28.75% (46/160)
  Impulsive: 66.25% (106/160)
Epoch [90/100], Training Loss: 0.0027
Validation Loss: 0.2328, Validation Accuracy: 45.00%

Per-Class Validation Accuracy:
  No Thrust: 35.62% (57/160)
  Chemical: 49.38% (79/160)
  Electric: 28.75% (46/160)
  Impulsive: 66.25% (106/160)
Epoch [91/100], Training Loss: 0.0023
Validation Loss: 0.2328, Validation Accuracy: 45.00%

Per-Class Validation Accuracy:
  No Thrust: 35.62% (57/160)
  Chemical: 49.38% (79/160)
  Electric: 28.75% (46/160)
  Impulsive: 66.25% (106/160)
Epoch [92/100], Training Loss: 0.0025
Validation Loss: 0.2329, Validation Accuracy: 44.69%

Per-Class Validation Accuracy:
  No Thrust: 34.38% (55/160)
  Chemical: 49.38% (79/160)
  Electric: 28.75% (46/160)
  Impulsive: 66.25% (106/160)
Epoch [93/100], Training Loss: 0.0023
Validation Loss: 0.2328, Validation Accuracy: 45.00%

Per-Class Validation Accuracy:
  No Thrust: 35.62% (57/160)
  Chemical: 49.38% (79/160)
  Electric: 28.75% (46/160)
  Impulsive: 66.25% (106/160)
Epoch [94/100], Training Loss: 0.0023
Validation Loss: 0.2328, Validation Accuracy: 45.00%

Per-Class Validation Accuracy:
  No Thrust: 35.62% (57/160)
  Chemical: 49.38% (79/160)
  Electric: 28.75% (46/160)
  Impulsive: 66.25% (106/160)
Epoch [95/100], Training Loss: 0.0023
Validation Loss: 0.2328, Validation Accuracy: 45.00%

Per-Class Validation Accuracy:
  No Thrust: 35.62% (57/160)
  Chemical: 49.38% (79/160)
  Electric: 28.75% (46/160)
  Impulsive: 66.25% (106/160)
Epoch [96/100], Training Loss: 0.0023
Validation Loss: 0.2328, Validation Accuracy: 45.00%

Per-Class Validation Accuracy:
  No Thrust: 35.62% (57/160)
  Chemical: 49.38% (79/160)
  Electric: 28.75% (46/160)
  Impulsive: 66.25% (106/160)
Epoch [97/100], Training Loss: 0.0022
Validation Loss: 0.2328, Validation Accuracy: 45.00%

Per-Class Validation Accuracy:
  No Thrust: 35.62% (57/160)
  Chemical: 49.38% (79/160)
  Electric: 28.75% (46/160)
  Impulsive: 66.25% (106/160)
Epoch [98/100], Training Loss: 0.0024
Validation Loss: 0.2328, Validation Accuracy: 45.00%

Per-Class Validation Accuracy:
  No Thrust: 35.62% (57/160)
  Chemical: 49.38% (79/160)
  Electric: 28.75% (46/160)
  Impulsive: 66.25% (106/160)
Epoch [99/100], Training Loss: 0.0022
Validation Loss: 0.2328, Validation Accuracy: 45.00%

Per-Class Validation Accuracy:
  No Thrust: 35.62% (57/160)
  Chemical: 49.38% (79/160)
  Electric: 28.75% (46/160)
  Impulsive: 66.25% (106/160)
Epoch [100/100], Training Loss: 0.0023

	Elapsed time is 6.4731 seconds.

==========================================================================================
Total parameters: 644
Total memory (bytes): 5152
Total memory (MB): 0.004913330078125
==========================================================================================

MLP Validation
Validation Loss: 0.2328, Validation Accuracy: 45.00%

Per-Class Validation Accuracy:
  No Thrust: 35.62% (57/160)
  Chemical: 49.38% (79/160)
  Electric: 28.75% (46/160)
  Impulsive: 66.25% (106/160)

MLP Inference Time	Elapsed time is 0.0548 seconds.

Classification Report:
              precision    recall  f1-score   support

           0     0.3585    0.3563    0.3574       160
           1     0.4115    0.4938    0.4489       160
           2     0.3538    0.2875    0.3172       160
           3     0.6667    0.6625    0.6646       160

    accuracy                         0.4500       640
   macro avg     0.4476    0.4500    0.4470       640
weighted avg     0.4476    0.4500    0.4470       640


Confusion Matrix (rows = true, cols = predicted):
             P_No Thrust  P_Chemical  P_Electric  P_Impulsive
T_No Thrust           57          42          47           14
T_Chemical            31          79          25           25
T_Electric            57          43          46           14
T_Impulsive           14          28          12          106
