Processing datasets for vleo with 30 minutes and 800 random systems.
GPU is available
Training data location: C:/Users/hu650776/GMAT-Thrust-Data/data/classification/vleo/30min-800
Test data location: C:/Users/hu650776/GMAT-Thrust-Data/data/classification/vleo/30min-800

Entering Decision Trees Training Loop

	Elapsed time is 0.3228 seconds.

==========================================================================================
Total parameters: NaN
Total memory (bytes): 437496
Total memory (MB): 0.41722869873046875
==========================================================================================

Decision Trees Validation
Validation Loss: 1.3842, Validation Accuracy: 26.88%

Per-Class Validation Accuracy:
  No Thrust: 15.83% (19/120)
  Chemical: 25.83% (31/120)
  Electric: 25.83% (31/120)
  Impulsive: 40.00% (48/120)

Classification Report:
              precision    recall  f1-score   support

   No Thrust     0.2754    0.1583    0.2011       120
    Chemical     0.2541    0.2583    0.2562       120
    Electric     0.2650    0.2583    0.2616       120
   Impulsive     0.2791    0.4000    0.3288       120

    accuracy                         0.2687       480
   macro avg     0.2684    0.2688    0.2619       480
weighted avg     0.2684    0.2687    0.2619       480


Confusion Matrix (rows = true, cols = predicted):
             P_No Thrust  P_Chemical  P_Electric  P_Impulsive
T_No Thrust           19          30          31           40
T_Chemical            16          31          29           44
T_Electric            19          30          31           40
T_Impulsive           15          31          26           48

Decision Trees Inference Time	Elapsed time is 0.0116 seconds.

Entering LSTM Training Loop
Epoch [1/100], Training Loss: 1.3893
Validation Loss: 1.3867, Validation Accuracy: 25.00%

Per-Class Validation Accuracy:
  No Thrust: 0.00% (0/120)
  Chemical: 0.00% (0/120)
  Electric: 100.00% (120/120)
  Impulsive: 0.00% (0/120)
Epoch [2/100], Training Loss: 1.3881
Validation Loss: 1.3864, Validation Accuracy: 25.00%

Per-Class Validation Accuracy:
  No Thrust: 100.00% (120/120)
  Chemical: 0.00% (0/120)
  Electric: 0.00% (0/120)
  Impulsive: 0.00% (0/120)
Epoch [3/100], Training Loss: 1.3882
Validation Loss: 1.3870, Validation Accuracy: 25.00%

Per-Class Validation Accuracy:
  No Thrust: 0.00% (0/120)
  Chemical: 0.00% (0/120)
  Electric: 0.00% (0/120)
  Impulsive: 100.00% (120/120)
Epoch [4/100], Training Loss: 1.3878
Validation Loss: 1.3864, Validation Accuracy: 25.00%

Per-Class Validation Accuracy:
  No Thrust: 40.00% (48/120)
  Chemical: 0.00% (0/120)
  Electric: 60.00% (72/120)
  Impulsive: 0.00% (0/120)
Epoch [5/100], Training Loss: 1.3874
Validation Loss: 1.3863, Validation Accuracy: 25.00%

Per-Class Validation Accuracy:
  No Thrust: 100.00% (120/120)
  Chemical: 0.00% (0/120)
  Electric: 0.00% (0/120)
  Impulsive: 0.00% (0/120)
Epoch [6/100], Training Loss: 1.3873
Validation Loss: 1.3864, Validation Accuracy: 31.67%

Per-Class Validation Accuracy:
  No Thrust: 26.67% (32/120)
  Chemical: 0.00% (0/120)
  Electric: 73.33% (88/120)
  Impulsive: 26.67% (32/120)
Epoch [7/100], Training Loss: 1.3879
Validation Loss: 1.3862, Validation Accuracy: 25.00%

Per-Class Validation Accuracy:
  No Thrust: 0.00% (0/120)
  Chemical: 0.00% (0/120)
  Electric: 0.00% (0/120)
  Impulsive: 100.00% (120/120)
Epoch [8/100], Training Loss: 1.3872
Validation Loss: 1.3863, Validation Accuracy: 25.00%

Per-Class Validation Accuracy:
  No Thrust: 0.00% (0/120)
  Chemical: 100.00% (120/120)
  Electric: 0.00% (0/120)
  Impulsive: 0.00% (0/120)
Epoch [9/100], Training Loss: 1.3872
Validation Loss: 1.3863, Validation Accuracy: 25.00%

Per-Class Validation Accuracy:
  No Thrust: 80.00% (96/120)
  Chemical: 0.00% (0/120)
  Electric: 20.00% (24/120)
  Impulsive: 0.00% (0/120)
Epoch [10/100], Training Loss: 1.3870
Validation Loss: 1.3864, Validation Accuracy: 23.75%

Per-Class Validation Accuracy:
  No Thrust: 88.33% (106/120)
  Chemical: 6.67% (8/120)
  Electric: 0.00% (0/120)
  Impulsive: 0.00% (0/120)
Epoch [11/100], Training Loss: 1.3871
Validation Loss: 1.3863, Validation Accuracy: 25.00%

Per-Class Validation Accuracy:
  No Thrust: 100.00% (120/120)
  Chemical: 0.00% (0/120)
  Electric: 0.00% (0/120)
  Impulsive: 0.00% (0/120)
Epoch [12/100], Training Loss: 1.3869
Validation Loss: 1.3862, Validation Accuracy: 25.00%

Per-Class Validation Accuracy:
  No Thrust: 0.00% (0/120)
  Chemical: 0.00% (0/120)
  Electric: 100.00% (120/120)
  Impulsive: 0.00% (0/120)
Epoch [13/100], Training Loss: 1.3875
Validation Loss: 1.3864, Validation Accuracy: 21.67%

Per-Class Validation Accuracy:
  No Thrust: 73.33% (88/120)
  Chemical: 0.00% (0/120)
  Electric: 0.00% (0/120)
  Impulsive: 13.33% (16/120)
Epoch [14/100], Training Loss: 1.3871
Validation Loss: 1.3863, Validation Accuracy: 21.67%

Per-Class Validation Accuracy:
  No Thrust: 86.67% (104/120)
  Chemical: 0.00% (0/120)
  Electric: 0.00% (0/120)
  Impulsive: 0.00% (0/120)
Epoch [15/100], Training Loss: 1.3866
Validation Loss: 1.3862, Validation Accuracy: 16.25%

Per-Class Validation Accuracy:
  No Thrust: 31.67% (38/120)
  Chemical: 6.67% (8/120)
  Electric: 0.00% (0/120)
  Impulsive: 26.67% (32/120)
Epoch [16/100], Training Loss: 1.3865
Validation Loss: 1.3864, Validation Accuracy: 28.33%

Per-Class Validation Accuracy:
  No Thrust: 73.33% (88/120)
  Chemical: 0.00% (0/120)
  Electric: 0.00% (0/120)
  Impulsive: 40.00% (48/120)
Epoch [17/100], Training Loss: 1.3869
Validation Loss: 1.3863, Validation Accuracy: 25.00%

Per-Class Validation Accuracy:
  No Thrust: 86.67% (104/120)
  Chemical: 0.00% (0/120)
  Electric: 0.00% (0/120)
  Impulsive: 13.33% (16/120)
Early stopping triggered.

	Elapsed time is 15.3979 seconds.

==========================================================================================
Total parameters: 18004
Total memory (bytes): 144032
Total memory (MB): 0.137359619140625
==========================================================================================

LSTM Validation
Validation Loss: 1.3863, Validation Accuracy: 25.00%

Per-Class Validation Accuracy:
  No Thrust: 86.67% (104/120)
  Chemical: 0.00% (0/120)
  Electric: 0.00% (0/120)
  Impulsive: 13.33% (16/120)

Classification Report:
              precision    recall  f1-score   support

   No Thrust     0.2500    0.8667    0.3881       120
    Chemical     0.0000    0.0000    0.0000       120
    Electric     0.0000    0.0000    0.0000       120
   Impulsive     0.2500    0.1333    0.1739       120

    accuracy                         0.2500       480
   macro avg     0.1250    0.2500    0.1405       480
weighted avg     0.1250    0.2500    0.1405       480


Confusion Matrix (rows = true, cols = predicted):
             P_No Thrust  P_Chemical  P_Electric  P_Impulsive
T_No Thrust          104           0           0           16
T_Chemical           104           0           0           16
T_Electric           104           0           0           16
T_Impulsive          104           0           0           16

LSTM Inference Time	Elapsed time is 0.1748 seconds.

Entering Mamba Training Loop
Epoch [1/100], Training Loss: 1.3907
Validation Loss: 1.3880, Validation Accuracy: 25.00%

Per-Class Validation Accuracy:
  No Thrust: 89.17% (107/120)
  Chemical: 0.00% (0/120)
  Electric: 10.83% (13/120)
  Impulsive: 0.00% (0/120)
Epoch [2/100], Training Loss: 1.3881
Validation Loss: 1.3870, Validation Accuracy: 25.00%

Per-Class Validation Accuracy:
  No Thrust: 75.00% (90/120)
  Chemical: 0.00% (0/120)
  Electric: 25.00% (30/120)
  Impulsive: 0.00% (0/120)
Epoch [3/100], Training Loss: 1.3875
Validation Loss: 1.3866, Validation Accuracy: 25.00%

Per-Class Validation Accuracy:
  No Thrust: 65.00% (78/120)
  Chemical: 0.00% (0/120)
  Electric: 34.17% (41/120)
  Impulsive: 0.83% (1/120)
Epoch [4/100], Training Loss: 1.3873
Validation Loss: 1.3865, Validation Accuracy: 25.00%

Per-Class Validation Accuracy:
  No Thrust: 64.17% (77/120)
  Chemical: 2.50% (3/120)
  Electric: 30.83% (37/120)
  Impulsive: 2.50% (3/120)
Epoch [5/100], Training Loss: 1.3874
Validation Loss: 1.3864, Validation Accuracy: 25.00%

Per-Class Validation Accuracy:
  No Thrust: 82.50% (99/120)
  Chemical: 1.67% (2/120)
  Electric: 14.17% (17/120)
  Impulsive: 1.67% (2/120)
Epoch [6/100], Training Loss: 1.3873
Validation Loss: 1.3864, Validation Accuracy: 25.00%

Per-Class Validation Accuracy:
  No Thrust: 85.00% (102/120)
  Chemical: 0.83% (1/120)
  Electric: 11.67% (14/120)
  Impulsive: 2.50% (3/120)
Epoch [7/100], Training Loss: 1.3870
Validation Loss: 1.3864, Validation Accuracy: 25.00%

Per-Class Validation Accuracy:
  No Thrust: 85.00% (102/120)
  Chemical: 0.83% (1/120)
  Electric: 10.83% (13/120)
  Impulsive: 3.33% (4/120)
Epoch [8/100], Training Loss: 1.3871
Validation Loss: 1.3863, Validation Accuracy: 25.21%

Per-Class Validation Accuracy:
  No Thrust: 63.33% (76/120)
  Chemical: 6.67% (8/120)
  Electric: 25.00% (30/120)
  Impulsive: 5.83% (7/120)
Epoch [9/100], Training Loss: 1.3867
Validation Loss: 1.3863, Validation Accuracy: 24.79%

Per-Class Validation Accuracy:
  No Thrust: 25.00% (30/120)
  Chemical: 10.00% (12/120)
  Electric: 24.17% (29/120)
  Impulsive: 40.00% (48/120)
Epoch [10/100], Training Loss: 1.3871
Validation Loss: 1.3863, Validation Accuracy: 25.21%

Per-Class Validation Accuracy:
  No Thrust: 54.17% (65/120)
  Chemical: 23.33% (28/120)
  Electric: 15.00% (18/120)
  Impulsive: 8.33% (10/120)
Epoch [11/100], Training Loss: 1.3870
Validation Loss: 1.3863, Validation Accuracy: 25.00%

Per-Class Validation Accuracy:
  No Thrust: 56.67% (68/120)
  Chemical: 18.33% (22/120)
  Electric: 19.17% (23/120)
  Impulsive: 5.83% (7/120)
Epoch [12/100], Training Loss: 1.3866
Validation Loss: 1.3863, Validation Accuracy: 25.00%

Per-Class Validation Accuracy:
  No Thrust: 42.50% (51/120)
  Chemical: 11.67% (14/120)
  Electric: 30.83% (37/120)
  Impulsive: 15.00% (18/120)
Epoch [13/100], Training Loss: 1.3866
Validation Loss: 1.3863, Validation Accuracy: 24.79%

Per-Class Validation Accuracy:
  No Thrust: 49.17% (59/120)
  Chemical: 14.17% (17/120)
  Electric: 28.33% (34/120)
  Impulsive: 7.50% (9/120)
Epoch [14/100], Training Loss: 1.3865
Validation Loss: 1.3863, Validation Accuracy: 25.00%

Per-Class Validation Accuracy:
  No Thrust: 50.83% (61/120)
  Chemical: 22.50% (27/120)
  Electric: 19.17% (23/120)
  Impulsive: 7.50% (9/120)
Epoch [15/100], Training Loss: 1.3866
Validation Loss: 1.3863, Validation Accuracy: 25.00%

Per-Class Validation Accuracy:
  No Thrust: 69.17% (83/120)
  Chemical: 10.83% (13/120)
  Electric: 14.17% (17/120)
  Impulsive: 5.83% (7/120)
Epoch [16/100], Training Loss: 1.3866
Validation Loss: 1.3863, Validation Accuracy: 25.00%

Per-Class Validation Accuracy:
  No Thrust: 55.83% (67/120)
  Chemical: 13.33% (16/120)
  Electric: 26.67% (32/120)
  Impulsive: 4.17% (5/120)
Epoch [17/100], Training Loss: 1.3866
Validation Loss: 1.3863, Validation Accuracy: 25.00%

Per-Class Validation Accuracy:
  No Thrust: 60.00% (72/120)
  Chemical: 14.17% (17/120)
  Electric: 17.50% (21/120)
  Impulsive: 8.33% (10/120)
Epoch [18/100], Training Loss: 1.3864
Validation Loss: 1.3863, Validation Accuracy: 25.00%

Per-Class Validation Accuracy:
  No Thrust: 51.67% (62/120)
  Chemical: 14.17% (17/120)
  Electric: 26.67% (32/120)
  Impulsive: 7.50% (9/120)
Epoch [19/100], Training Loss: 1.3865
Validation Loss: 1.3863, Validation Accuracy: 24.79%

Per-Class Validation Accuracy:
  No Thrust: 51.67% (62/120)
  Chemical: 18.33% (22/120)
  Electric: 18.33% (22/120)
  Impulsive: 10.83% (13/120)
Epoch [20/100], Training Loss: 1.3864
Validation Loss: 1.3863, Validation Accuracy: 25.00%

Per-Class Validation Accuracy:
  No Thrust: 49.17% (59/120)
  Chemical: 12.50% (15/120)
  Electric: 31.67% (38/120)
  Impulsive: 6.67% (8/120)
Epoch [21/100], Training Loss: 1.3866
Validation Loss: 1.3863, Validation Accuracy: 25.00%

Per-Class Validation Accuracy:
  No Thrust: 64.17% (77/120)
  Chemical: 11.67% (14/120)
  Electric: 14.17% (17/120)
  Impulsive: 10.00% (12/120)
Epoch [22/100], Training Loss: 1.3864
Validation Loss: 1.3863, Validation Accuracy: 25.21%

Per-Class Validation Accuracy:
  No Thrust: 55.00% (66/120)
  Chemical: 15.00% (18/120)
  Electric: 20.83% (25/120)
  Impulsive: 10.00% (12/120)
Epoch [23/100], Training Loss: 1.3865
Validation Loss: 1.3863, Validation Accuracy: 25.00%

Per-Class Validation Accuracy:
  No Thrust: 50.83% (61/120)
  Chemical: 15.83% (19/120)
  Electric: 20.83% (25/120)
  Impulsive: 12.50% (15/120)
Epoch [24/100], Training Loss: 1.3864
Validation Loss: 1.3863, Validation Accuracy: 25.00%

Per-Class Validation Accuracy:
  No Thrust: 47.50% (57/120)
  Chemical: 18.33% (22/120)
  Electric: 21.67% (26/120)
  Impulsive: 12.50% (15/120)
Epoch [25/100], Training Loss: 1.3863
Validation Loss: 1.3863, Validation Accuracy: 25.00%

Per-Class Validation Accuracy:
  No Thrust: 44.17% (53/120)
  Chemical: 19.17% (23/120)
  Electric: 24.17% (29/120)
  Impulsive: 12.50% (15/120)
Epoch [26/100], Training Loss: 1.3865
Validation Loss: 1.3863, Validation Accuracy: 25.00%

Per-Class Validation Accuracy:
  No Thrust: 45.83% (55/120)
  Chemical: 17.50% (21/120)
  Electric: 26.67% (32/120)
  Impulsive: 10.00% (12/120)
Epoch [27/100], Training Loss: 1.3863
Validation Loss: 1.3863, Validation Accuracy: 25.00%

Per-Class Validation Accuracy:
  No Thrust: 45.00% (54/120)
  Chemical: 20.83% (25/120)
  Electric: 22.50% (27/120)
  Impulsive: 11.67% (14/120)
Epoch [28/100], Training Loss: 1.3863
Validation Loss: 1.3863, Validation Accuracy: 24.79%

Per-Class Validation Accuracy:
  No Thrust: 45.00% (54/120)
  Chemical: 19.17% (23/120)
  Electric: 25.00% (30/120)
  Impulsive: 10.00% (12/120)
Epoch [29/100], Training Loss: 1.3864
Validation Loss: 1.3863, Validation Accuracy: 25.00%

Per-Class Validation Accuracy:
  No Thrust: 45.00% (54/120)
  Chemical: 18.33% (22/120)
  Electric: 24.17% (29/120)
  Impulsive: 12.50% (15/120)
Epoch [30/100], Training Loss: 1.3864
Validation Loss: 1.3863, Validation Accuracy: 25.00%

Per-Class Validation Accuracy:
  No Thrust: 45.83% (55/120)
  Chemical: 15.83% (19/120)
  Electric: 25.00% (30/120)
  Impulsive: 13.33% (16/120)
Epoch [31/100], Training Loss: 1.3864
Validation Loss: 1.3863, Validation Accuracy: 24.79%

Per-Class Validation Accuracy:
  No Thrust: 48.33% (58/120)
  Chemical: 16.67% (20/120)
  Electric: 21.67% (26/120)
  Impulsive: 12.50% (15/120)
Epoch [32/100], Training Loss: 1.3865
Validation Loss: 1.3863, Validation Accuracy: 24.58%

Per-Class Validation Accuracy:
  No Thrust: 48.33% (58/120)
  Chemical: 16.67% (20/120)
  Electric: 20.83% (25/120)
  Impulsive: 12.50% (15/120)
Epoch [33/100], Training Loss: 1.3864
Validation Loss: 1.3863, Validation Accuracy: 25.00%

Per-Class Validation Accuracy:
  No Thrust: 54.17% (65/120)
  Chemical: 15.00% (18/120)
  Electric: 17.50% (21/120)
  Impulsive: 13.33% (16/120)
Epoch [34/100], Training Loss: 1.3863
Validation Loss: 1.3863, Validation Accuracy: 25.21%

Per-Class Validation Accuracy:
  No Thrust: 53.33% (64/120)
  Chemical: 14.17% (17/120)
  Electric: 21.67% (26/120)
  Impulsive: 11.67% (14/120)
Epoch [35/100], Training Loss: 1.3864
Validation Loss: 1.3863, Validation Accuracy: 25.21%

Per-Class Validation Accuracy:
  No Thrust: 54.17% (65/120)
  Chemical: 14.17% (17/120)
  Electric: 21.67% (26/120)
  Impulsive: 10.83% (13/120)
Epoch [36/100], Training Loss: 1.3864
Validation Loss: 1.3863, Validation Accuracy: 25.00%

Per-Class Validation Accuracy:
  No Thrust: 55.00% (66/120)
  Chemical: 14.17% (17/120)
  Electric: 20.00% (24/120)
  Impulsive: 10.83% (13/120)
Epoch [37/100], Training Loss: 1.3863
Validation Loss: 1.3863, Validation Accuracy: 25.00%

Per-Class Validation Accuracy:
  No Thrust: 52.50% (63/120)
  Chemical: 14.17% (17/120)
  Electric: 21.67% (26/120)
  Impulsive: 11.67% (14/120)
Epoch [38/100], Training Loss: 1.3864
Validation Loss: 1.3863, Validation Accuracy: 25.00%

Per-Class Validation Accuracy:
  No Thrust: 53.33% (64/120)
  Chemical: 15.00% (18/120)
  Electric: 21.67% (26/120)
  Impulsive: 10.00% (12/120)
Epoch [39/100], Training Loss: 1.3862
Validation Loss: 1.3863, Validation Accuracy: 25.62%

Per-Class Validation Accuracy:
  No Thrust: 52.50% (63/120)
  Chemical: 14.17% (17/120)
  Electric: 21.67% (26/120)
  Impulsive: 14.17% (17/120)
Epoch [40/100], Training Loss: 1.3863
Validation Loss: 1.3863, Validation Accuracy: 25.00%

Per-Class Validation Accuracy:
  No Thrust: 52.50% (63/120)
  Chemical: 14.17% (17/120)
  Electric: 20.83% (25/120)
  Impulsive: 12.50% (15/120)
Epoch [41/100], Training Loss: 1.3863
Validation Loss: 1.3863, Validation Accuracy: 25.42%

Per-Class Validation Accuracy:
  No Thrust: 51.67% (62/120)
  Chemical: 14.17% (17/120)
  Electric: 21.67% (26/120)
  Impulsive: 14.17% (17/120)
Epoch [42/100], Training Loss: 1.3863
Validation Loss: 1.3863, Validation Accuracy: 25.42%

Per-Class Validation Accuracy:
  No Thrust: 51.67% (62/120)
  Chemical: 15.00% (18/120)
  Electric: 22.50% (27/120)
  Impulsive: 12.50% (15/120)
Epoch [43/100], Training Loss: 1.3864
Validation Loss: 1.3863, Validation Accuracy: 25.42%

Per-Class Validation Accuracy:
  No Thrust: 53.33% (64/120)
  Chemical: 14.17% (17/120)
  Electric: 21.67% (26/120)
  Impulsive: 12.50% (15/120)
Epoch [44/100], Training Loss: 1.3863
Validation Loss: 1.3863, Validation Accuracy: 25.62%

Per-Class Validation Accuracy:
  No Thrust: 52.50% (63/120)
  Chemical: 14.17% (17/120)
  Electric: 21.67% (26/120)
  Impulsive: 14.17% (17/120)
Epoch [45/100], Training Loss: 1.3864
Validation Loss: 1.3863, Validation Accuracy: 25.62%

Per-Class Validation Accuracy:
  No Thrust: 53.33% (64/120)
  Chemical: 14.17% (17/120)
  Electric: 21.67% (26/120)
  Impulsive: 13.33% (16/120)
Epoch [46/100], Training Loss: 1.3862
Validation Loss: 1.3863, Validation Accuracy: 25.62%

Per-Class Validation Accuracy:
  No Thrust: 53.33% (64/120)
  Chemical: 14.17% (17/120)
  Electric: 21.67% (26/120)
  Impulsive: 13.33% (16/120)
Epoch [47/100], Training Loss: 1.3862
Validation Loss: 1.3863, Validation Accuracy: 25.42%

Per-Class Validation Accuracy:
  No Thrust: 53.33% (64/120)
  Chemical: 14.17% (17/120)
  Electric: 21.67% (26/120)
  Impulsive: 12.50% (15/120)
Epoch [48/100], Training Loss: 1.3864
Validation Loss: 1.3863, Validation Accuracy: 25.42%

Per-Class Validation Accuracy:
  No Thrust: 53.33% (64/120)
  Chemical: 14.17% (17/120)
  Electric: 20.83% (25/120)
  Impulsive: 13.33% (16/120)
Epoch [49/100], Training Loss: 1.3862
Validation Loss: 1.3863, Validation Accuracy: 25.21%

Per-Class Validation Accuracy:
  No Thrust: 52.50% (63/120)
  Chemical: 14.17% (17/120)
  Electric: 20.83% (25/120)
  Impulsive: 13.33% (16/120)
Epoch [50/100], Training Loss: 1.3863
Validation Loss: 1.3863, Validation Accuracy: 25.42%

Per-Class Validation Accuracy:
  No Thrust: 52.50% (63/120)
  Chemical: 14.17% (17/120)
  Electric: 20.83% (25/120)
  Impulsive: 14.17% (17/120)
Epoch [51/100], Training Loss: 1.3864
Validation Loss: 1.3863, Validation Accuracy: 25.21%

Per-Class Validation Accuracy:
  No Thrust: 50.00% (60/120)
  Chemical: 15.83% (19/120)
  Electric: 21.67% (26/120)
  Impulsive: 13.33% (16/120)
Epoch [52/100], Training Loss: 1.3863
Validation Loss: 1.3863, Validation Accuracy: 25.42%

Per-Class Validation Accuracy:
  No Thrust: 49.17% (59/120)
  Chemical: 15.00% (18/120)
  Electric: 22.50% (27/120)
  Impulsive: 15.00% (18/120)
Epoch [53/100], Training Loss: 1.3864
Validation Loss: 1.3863, Validation Accuracy: 25.42%

Per-Class Validation Accuracy:
  No Thrust: 49.17% (59/120)
  Chemical: 15.83% (19/120)
  Electric: 21.67% (26/120)
  Impulsive: 15.00% (18/120)
Epoch [54/100], Training Loss: 1.3863
Validation Loss: 1.3863, Validation Accuracy: 25.42%

Per-Class Validation Accuracy:
  No Thrust: 49.17% (59/120)
  Chemical: 15.00% (18/120)
  Electric: 22.50% (27/120)
  Impulsive: 15.00% (18/120)
Epoch [55/100], Training Loss: 1.3863
Validation Loss: 1.3863, Validation Accuracy: 25.21%

Per-Class Validation Accuracy:
  No Thrust: 49.17% (59/120)
  Chemical: 15.00% (18/120)
  Electric: 22.50% (27/120)
  Impulsive: 14.17% (17/120)
Epoch [56/100], Training Loss: 1.3863
Validation Loss: 1.3863, Validation Accuracy: 25.21%

Per-Class Validation Accuracy:
  No Thrust: 49.17% (59/120)
  Chemical: 15.83% (19/120)
  Electric: 21.67% (26/120)
  Impulsive: 14.17% (17/120)
Epoch [57/100], Training Loss: 1.3864
Validation Loss: 1.3863, Validation Accuracy: 25.62%

Per-Class Validation Accuracy:
  No Thrust: 50.00% (60/120)
  Chemical: 15.83% (19/120)
  Electric: 21.67% (26/120)
  Impulsive: 15.00% (18/120)
Epoch [58/100], Training Loss: 1.3863
Validation Loss: 1.3863, Validation Accuracy: 25.62%

Per-Class Validation Accuracy:
  No Thrust: 51.67% (62/120)
  Chemical: 15.00% (18/120)
  Electric: 20.83% (25/120)
  Impulsive: 15.00% (18/120)
Epoch [59/100], Training Loss: 1.3863
Validation Loss: 1.3863, Validation Accuracy: 25.42%

Per-Class Validation Accuracy:
  No Thrust: 50.00% (60/120)
  Chemical: 15.00% (18/120)
  Electric: 21.67% (26/120)
  Impulsive: 15.00% (18/120)
Epoch [60/100], Training Loss: 1.3863
Validation Loss: 1.3863, Validation Accuracy: 25.21%

Per-Class Validation Accuracy:
  No Thrust: 48.33% (58/120)
  Chemical: 15.83% (19/120)
  Electric: 21.67% (26/120)
  Impulsive: 15.00% (18/120)
Epoch [61/100], Training Loss: 1.3863
Validation Loss: 1.3863, Validation Accuracy: 25.42%

Per-Class Validation Accuracy:
  No Thrust: 50.00% (60/120)
  Chemical: 15.83% (19/120)
  Electric: 20.83% (25/120)
  Impulsive: 15.00% (18/120)
Epoch [62/100], Training Loss: 1.3863
Validation Loss: 1.3863, Validation Accuracy: 25.00%

Per-Class Validation Accuracy:
  No Thrust: 48.33% (58/120)
  Chemical: 15.83% (19/120)
  Electric: 20.83% (25/120)
  Impulsive: 15.00% (18/120)
Epoch [63/100], Training Loss: 1.3864
Validation Loss: 1.3863, Validation Accuracy: 25.62%

Per-Class Validation Accuracy:
  No Thrust: 50.00% (60/120)
  Chemical: 15.83% (19/120)
  Electric: 21.67% (26/120)
  Impulsive: 15.00% (18/120)
Epoch [64/100], Training Loss: 1.3862
Validation Loss: 1.3863, Validation Accuracy: 25.21%

Per-Class Validation Accuracy:
  No Thrust: 49.17% (59/120)
  Chemical: 15.83% (19/120)
  Electric: 20.83% (25/120)
  Impulsive: 15.00% (18/120)
Epoch [65/100], Training Loss: 1.3863
Validation Loss: 1.3863, Validation Accuracy: 25.42%

Per-Class Validation Accuracy:
  No Thrust: 50.00% (60/120)
  Chemical: 15.83% (19/120)
  Electric: 20.83% (25/120)
  Impulsive: 15.00% (18/120)
Epoch [66/100], Training Loss: 1.3863
Validation Loss: 1.3863, Validation Accuracy: 25.00%

Per-Class Validation Accuracy:
  No Thrust: 48.33% (58/120)
  Chemical: 15.83% (19/120)
  Electric: 20.83% (25/120)
  Impulsive: 15.00% (18/120)
Epoch [67/100], Training Loss: 1.3863
Validation Loss: 1.3863, Validation Accuracy: 25.00%

Per-Class Validation Accuracy:
  No Thrust: 48.33% (58/120)
  Chemical: 15.83% (19/120)
  Electric: 20.83% (25/120)
  Impulsive: 15.00% (18/120)
Epoch [68/100], Training Loss: 1.3863
Validation Loss: 1.3863, Validation Accuracy: 25.42%

Per-Class Validation Accuracy:
  No Thrust: 50.00% (60/120)
  Chemical: 15.83% (19/120)
  Electric: 20.83% (25/120)
  Impulsive: 15.00% (18/120)
Epoch [69/100], Training Loss: 1.3862
Validation Loss: 1.3863, Validation Accuracy: 25.21%

Per-Class Validation Accuracy:
  No Thrust: 49.17% (59/120)
  Chemical: 15.83% (19/120)
  Electric: 20.83% (25/120)
  Impulsive: 15.00% (18/120)
Epoch [70/100], Training Loss: 1.3864
Validation Loss: 1.3863, Validation Accuracy: 25.42%

Per-Class Validation Accuracy:
  No Thrust: 50.00% (60/120)
  Chemical: 15.83% (19/120)
  Electric: 20.83% (25/120)
  Impulsive: 15.00% (18/120)
Epoch [71/100], Training Loss: 1.3864
Validation Loss: 1.3863, Validation Accuracy: 25.42%

Per-Class Validation Accuracy:
  No Thrust: 50.00% (60/120)
  Chemical: 15.83% (19/120)
  Electric: 20.83% (25/120)
  Impulsive: 15.00% (18/120)
Epoch [72/100], Training Loss: 1.3864
Validation Loss: 1.3863, Validation Accuracy: 25.42%

Per-Class Validation Accuracy:
  No Thrust: 50.00% (60/120)
  Chemical: 15.83% (19/120)
  Electric: 20.83% (25/120)
  Impulsive: 15.00% (18/120)
Epoch [73/100], Training Loss: 1.3863
Validation Loss: 1.3863, Validation Accuracy: 25.21%

Per-Class Validation Accuracy:
  No Thrust: 49.17% (59/120)
  Chemical: 15.83% (19/120)
  Electric: 20.83% (25/120)
  Impulsive: 15.00% (18/120)
Epoch [74/100], Training Loss: 1.3863
Validation Loss: 1.3863, Validation Accuracy: 25.21%

Per-Class Validation Accuracy:
  No Thrust: 49.17% (59/120)
  Chemical: 15.83% (19/120)
  Electric: 20.83% (25/120)
  Impulsive: 15.00% (18/120)
Epoch [75/100], Training Loss: 1.3863
Validation Loss: 1.3863, Validation Accuracy: 25.21%

Per-Class Validation Accuracy:
  No Thrust: 49.17% (59/120)
  Chemical: 15.83% (19/120)
  Electric: 20.83% (25/120)
  Impulsive: 15.00% (18/120)
Epoch [76/100], Training Loss: 1.3864
Validation Loss: 1.3863, Validation Accuracy: 25.42%

Per-Class Validation Accuracy:
  No Thrust: 50.00% (60/120)
  Chemical: 15.83% (19/120)
  Electric: 20.83% (25/120)
  Impulsive: 15.00% (18/120)
Epoch [77/100], Training Loss: 1.3861
Validation Loss: 1.3863, Validation Accuracy: 25.00%

Per-Class Validation Accuracy:
  No Thrust: 48.33% (58/120)
  Chemical: 15.83% (19/120)
  Electric: 20.83% (25/120)
  Impulsive: 15.00% (18/120)
Epoch [78/100], Training Loss: 1.3862
Validation Loss: 1.3863, Validation Accuracy: 25.00%

Per-Class Validation Accuracy:
  No Thrust: 48.33% (58/120)
  Chemical: 15.83% (19/120)
  Electric: 20.83% (25/120)
  Impulsive: 15.00% (18/120)
Epoch [79/100], Training Loss: 1.3863
Validation Loss: 1.3863, Validation Accuracy: 25.00%

Per-Class Validation Accuracy:
  No Thrust: 48.33% (58/120)
  Chemical: 15.83% (19/120)
  Electric: 20.83% (25/120)
  Impulsive: 15.00% (18/120)
Epoch [80/100], Training Loss: 1.3862
Validation Loss: 1.3863, Validation Accuracy: 25.00%

Per-Class Validation Accuracy:
  No Thrust: 48.33% (58/120)
  Chemical: 15.83% (19/120)
  Electric: 20.83% (25/120)
  Impulsive: 15.00% (18/120)
Epoch [81/100], Training Loss: 1.3862
Validation Loss: 1.3863, Validation Accuracy: 25.00%

Per-Class Validation Accuracy:
  No Thrust: 48.33% (58/120)
  Chemical: 15.83% (19/120)
  Electric: 20.83% (25/120)
  Impulsive: 15.00% (18/120)
Epoch [82/100], Training Loss: 1.3864
Validation Loss: 1.3863, Validation Accuracy: 25.00%

Per-Class Validation Accuracy:
  No Thrust: 48.33% (58/120)
  Chemical: 15.83% (19/120)
  Electric: 20.83% (25/120)
  Impulsive: 15.00% (18/120)
Epoch [83/100], Training Loss: 1.3864
Validation Loss: 1.3863, Validation Accuracy: 25.00%

Per-Class Validation Accuracy:
  No Thrust: 48.33% (58/120)
  Chemical: 15.83% (19/120)
  Electric: 20.83% (25/120)
  Impulsive: 15.00% (18/120)
Epoch [84/100], Training Loss: 1.3863
Validation Loss: 1.3863, Validation Accuracy: 25.00%

Per-Class Validation Accuracy:
  No Thrust: 48.33% (58/120)
  Chemical: 15.83% (19/120)
  Electric: 20.83% (25/120)
  Impulsive: 15.00% (18/120)
Epoch [85/100], Training Loss: 1.3863
Validation Loss: 1.3863, Validation Accuracy: 25.00%

Per-Class Validation Accuracy:
  No Thrust: 48.33% (58/120)
  Chemical: 15.83% (19/120)
  Electric: 20.83% (25/120)
  Impulsive: 15.00% (18/120)
Epoch [86/100], Training Loss: 1.3863
Validation Loss: 1.3863, Validation Accuracy: 25.00%

Per-Class Validation Accuracy:
  No Thrust: 48.33% (58/120)
  Chemical: 15.83% (19/120)
  Electric: 20.83% (25/120)
  Impulsive: 15.00% (18/120)
Epoch [87/100], Training Loss: 1.3862
Validation Loss: 1.3863, Validation Accuracy: 25.00%

Per-Class Validation Accuracy:
  No Thrust: 48.33% (58/120)
  Chemical: 15.83% (19/120)
  Electric: 20.83% (25/120)
  Impulsive: 15.00% (18/120)
Epoch [88/100], Training Loss: 1.3863
Validation Loss: 1.3863, Validation Accuracy: 25.00%

Per-Class Validation Accuracy:
  No Thrust: 48.33% (58/120)
  Chemical: 15.83% (19/120)
  Electric: 20.83% (25/120)
  Impulsive: 15.00% (18/120)
Epoch [89/100], Training Loss: 1.3863
Validation Loss: 1.3863, Validation Accuracy: 25.00%

Per-Class Validation Accuracy:
  No Thrust: 48.33% (58/120)
  Chemical: 15.83% (19/120)
  Electric: 20.83% (25/120)
  Impulsive: 15.00% (18/120)
Epoch [90/100], Training Loss: 1.3863
Validation Loss: 1.3863, Validation Accuracy: 25.00%

Per-Class Validation Accuracy:
  No Thrust: 48.33% (58/120)
  Chemical: 15.83% (19/120)
  Electric: 20.83% (25/120)
  Impulsive: 15.00% (18/120)
Epoch [91/100], Training Loss: 1.3863
Validation Loss: 1.3863, Validation Accuracy: 25.00%

Per-Class Validation Accuracy:
  No Thrust: 48.33% (58/120)
  Chemical: 15.83% (19/120)
  Electric: 20.83% (25/120)
  Impulsive: 15.00% (18/120)
Epoch [92/100], Training Loss: 1.3863
Validation Loss: 1.3863, Validation Accuracy: 25.00%

Per-Class Validation Accuracy:
  No Thrust: 48.33% (58/120)
  Chemical: 15.83% (19/120)
  Electric: 20.83% (25/120)
  Impulsive: 15.00% (18/120)
Epoch [93/100], Training Loss: 1.3863
Validation Loss: 1.3863, Validation Accuracy: 25.00%

Per-Class Validation Accuracy:
  No Thrust: 48.33% (58/120)
  Chemical: 15.83% (19/120)
  Electric: 20.83% (25/120)
  Impulsive: 15.00% (18/120)
Epoch [94/100], Training Loss: 1.3863
Validation Loss: 1.3863, Validation Accuracy: 25.00%

Per-Class Validation Accuracy:
  No Thrust: 48.33% (58/120)
  Chemical: 15.83% (19/120)
  Electric: 20.83% (25/120)
  Impulsive: 15.00% (18/120)
Epoch [95/100], Training Loss: 1.3863
Validation Loss: 1.3863, Validation Accuracy: 25.00%

Per-Class Validation Accuracy:
  No Thrust: 48.33% (58/120)
  Chemical: 15.83% (19/120)
  Electric: 20.83% (25/120)
  Impulsive: 15.00% (18/120)
Epoch [96/100], Training Loss: 1.3863
Validation Loss: 1.3863, Validation Accuracy: 25.00%

Per-Class Validation Accuracy:
  No Thrust: 48.33% (58/120)
  Chemical: 15.83% (19/120)
  Electric: 20.83% (25/120)
  Impulsive: 15.00% (18/120)
Epoch [97/100], Training Loss: 1.3863
Validation Loss: 1.3863, Validation Accuracy: 25.00%

Per-Class Validation Accuracy:
  No Thrust: 48.33% (58/120)
  Chemical: 15.83% (19/120)
  Electric: 20.83% (25/120)
  Impulsive: 15.00% (18/120)
Epoch [98/100], Training Loss: 1.3863
Validation Loss: 1.3863, Validation Accuracy: 25.00%

Per-Class Validation Accuracy:
  No Thrust: 48.33% (58/120)
  Chemical: 15.83% (19/120)
  Electric: 20.83% (25/120)
  Impulsive: 15.00% (18/120)
Epoch [99/100], Training Loss: 1.3863
Validation Loss: 1.3863, Validation Accuracy: 25.00%

Per-Class Validation Accuracy:
  No Thrust: 48.33% (58/120)
  Chemical: 15.83% (19/120)
  Electric: 20.83% (25/120)
  Impulsive: 15.00% (18/120)
Epoch [100/100], Training Loss: 1.3863
Validation Loss: 1.3863, Validation Accuracy: 25.00%

Per-Class Validation Accuracy:
  No Thrust: 48.33% (58/120)
  Chemical: 15.83% (19/120)
  Electric: 20.83% (25/120)
  Impulsive: 15.00% (18/120)

	Elapsed time is 102.5138 seconds.

==========================================================================================
Total parameters: 6106
Total memory (bytes): 48848
Total memory (MB): 0.0465850830078125
==========================================================================================

Mamba Validation
Validation Loss: 1.3863, Validation Accuracy: 25.00%

Per-Class Validation Accuracy:
  No Thrust: 48.33% (58/120)
  Chemical: 15.83% (19/120)
  Electric: 20.83% (25/120)
  Impulsive: 15.00% (18/120)

Classification Report:
              precision    recall  f1-score   support

   No Thrust     0.2544    0.4833    0.3333       120
    Chemical     0.2500    0.1583    0.1939       120
    Electric     0.2404    0.2083    0.2232       120
   Impulsive     0.2500    0.1500    0.1875       120

    accuracy                         0.2500       480
   macro avg     0.2487    0.2500    0.2345       480
weighted avg     0.2487    0.2500    0.2345       480


Confusion Matrix (rows = true, cols = predicted):
             P_No Thrust  P_Chemical  P_Electric  P_Impulsive
T_No Thrust           58          19          25           18
T_Chemical            56          19          27           18
T_Electric            58          19          25           18
T_Impulsive           56          19          27           18

Mamba Inference Time	Elapsed time is 0.1952 seconds.
