Processing datasets for vleo with 30 minutes and 800 random systems.
GPU is available
Training data location: C:/Users/hu650776/GMAT-Thrust-Data/data/classification/vleo/30min-800
Test data location: C:/Users/hu650776/GMAT-Thrust-Data/data/classification/vleo/30min-800

Entering Decision Trees Training Loop

	Elapsed time is 0.3156 seconds.

==========================================================================================
Total parameters: NaN
Total memory (bytes): 421960
Total memory (MB): 0.40241241455078125
==========================================================================================

Decision Trees Validation
Validation Loss: 0.5615, Validation Accuracy: 72.29%

Per-Class Validation Accuracy:
  No Thrust: 47.50% (57/120)
  Chemical: 95.00% (114/120)
  Electric: 47.50% (57/120)
  Impulsive: 99.17% (119/120)

Classification Report:
              precision    recall  f1-score   support

   No Thrust     0.4914    0.4750    0.4831       120
    Chemical     0.9048    0.9500    0.9268       120
    Electric     0.4831    0.4750    0.4790       120
   Impulsive     0.9917    0.9917    0.9917       120

    accuracy                         0.7229       480
   macro avg     0.7177    0.7229    0.7201       480
weighted avg     0.7177    0.7229    0.7201       480


Confusion Matrix (rows = true, cols = predicted):
             P_No Thrust  P_Chemical  P_Electric  P_Impulsive
T_No Thrust           57           7          56            0
T_Chemical             0         114           5            1
T_Electric            59           4          57            0
T_Impulsive            0           1           0          119

Decision Trees Inference Time	Elapsed time is 0.0111 seconds.

Entering LSTM Training Loop
Epoch [1/100], Training Loss: 1.3770
Validation Loss: 1.2474, Validation Accuracy: 37.29%

Per-Class Validation Accuracy:
  No Thrust: 58.33% (70/120)
  Chemical: 0.00% (0/120)
  Electric: 0.00% (0/120)
  Impulsive: 90.83% (109/120)
Epoch [2/100], Training Loss: 1.2559
Validation Loss: 1.1734, Validation Accuracy: 40.42%

Per-Class Validation Accuracy:
  No Thrust: 59.17% (71/120)
  Chemical: 4.17% (5/120)
  Electric: 0.00% (0/120)
  Impulsive: 98.33% (118/120)
Epoch [3/100], Training Loss: 1.2044
Validation Loss: 1.0309, Validation Accuracy: 49.58%

Per-Class Validation Accuracy:
  No Thrust: 0.00% (0/120)
  Chemical: 35.00% (42/120)
  Electric: 66.67% (80/120)
  Impulsive: 96.67% (116/120)
Epoch [4/100], Training Loss: 1.1579
Validation Loss: 1.0175, Validation Accuracy: 52.71%

Per-Class Validation Accuracy:
  No Thrust: 0.00% (0/120)
  Chemical: 46.67% (56/120)
  Electric: 71.67% (86/120)
  Impulsive: 92.50% (111/120)
Epoch [5/100], Training Loss: 1.1490
Validation Loss: 1.0298, Validation Accuracy: 48.12%

Per-Class Validation Accuracy:
  No Thrust: 63.33% (76/120)
  Chemical: 31.67% (38/120)
  Electric: 0.83% (1/120)
  Impulsive: 96.67% (116/120)
Epoch [6/100], Training Loss: 1.1235
Validation Loss: 0.9934, Validation Accuracy: 47.92%

Per-Class Validation Accuracy:
  No Thrust: 0.00% (0/120)
  Chemical: 23.33% (28/120)
  Electric: 71.67% (86/120)
  Impulsive: 96.67% (116/120)
Epoch [7/100], Training Loss: 1.1007
Validation Loss: 0.9664, Validation Accuracy: 49.79%

Per-Class Validation Accuracy:
  No Thrust: 0.00% (0/120)
  Chemical: 30.00% (36/120)
  Electric: 70.83% (85/120)
  Impulsive: 98.33% (118/120)
Epoch [8/100], Training Loss: 1.0923
Validation Loss: 0.9463, Validation Accuracy: 52.92%

Per-Class Validation Accuracy:
  No Thrust: 0.00% (0/120)
  Chemical: 41.67% (50/120)
  Electric: 79.17% (95/120)
  Impulsive: 90.83% (109/120)
Epoch [9/100], Training Loss: 1.0831
Validation Loss: 0.9326, Validation Accuracy: 58.54%

Per-Class Validation Accuracy:
  No Thrust: 78.33% (94/120)
  Chemical: 68.33% (82/120)
  Electric: 0.00% (0/120)
  Impulsive: 87.50% (105/120)
Epoch [10/100], Training Loss: 1.0904
Validation Loss: 0.9467, Validation Accuracy: 56.67%

Per-Class Validation Accuracy:
  No Thrust: 77.50% (93/120)
  Chemical: 57.50% (69/120)
  Electric: 0.00% (0/120)
  Impulsive: 91.67% (110/120)
Epoch [11/100], Training Loss: 1.0617
Validation Loss: 0.9517, Validation Accuracy: 53.12%

Per-Class Validation Accuracy:
  No Thrust: 0.00% (0/120)
  Chemical: 72.50% (87/120)
  Electric: 74.17% (89/120)
  Impulsive: 65.83% (79/120)
Epoch [12/100], Training Loss: 1.0503
Validation Loss: 0.9467, Validation Accuracy: 54.58%

Per-Class Validation Accuracy:
  No Thrust: 4.17% (5/120)
  Chemical: 74.17% (89/120)
  Electric: 70.00% (84/120)
  Impulsive: 70.00% (84/120)
Epoch [13/100], Training Loss: 1.0630
Validation Loss: 0.9361, Validation Accuracy: 56.46%

Per-Class Validation Accuracy:
  No Thrust: 82.50% (99/120)
  Chemical: 70.00% (84/120)
  Electric: 0.00% (0/120)
  Impulsive: 73.33% (88/120)
Epoch [14/100], Training Loss: 1.0473
Validation Loss: 0.9067, Validation Accuracy: 58.12%

Per-Class Validation Accuracy:
  No Thrust: 78.33% (94/120)
  Chemical: 76.67% (92/120)
  Electric: 0.00% (0/120)
  Impulsive: 77.50% (93/120)
Epoch [15/100], Training Loss: 1.0361
Validation Loss: 0.9155, Validation Accuracy: 58.75%

Per-Class Validation Accuracy:
  No Thrust: 85.00% (102/120)
  Chemical: 70.00% (84/120)
  Electric: 0.00% (0/120)
  Impulsive: 80.00% (96/120)
Epoch [16/100], Training Loss: 1.0269
Validation Loss: 0.8909, Validation Accuracy: 57.92%

Per-Class Validation Accuracy:
  No Thrust: 81.67% (98/120)
  Chemical: 78.33% (94/120)
  Electric: 0.00% (0/120)
  Impulsive: 71.67% (86/120)
Epoch [17/100], Training Loss: 1.0192
Validation Loss: 0.8977, Validation Accuracy: 57.08%

Per-Class Validation Accuracy:
  No Thrust: 0.00% (0/120)
  Chemical: 67.50% (81/120)
  Electric: 70.00% (84/120)
  Impulsive: 90.83% (109/120)
Epoch [18/100], Training Loss: 1.0528
Validation Loss: 1.0750, Validation Accuracy: 51.67%

Per-Class Validation Accuracy:
  No Thrust: 0.00% (0/120)
  Chemical: 53.33% (64/120)
  Electric: 68.33% (82/120)
  Impulsive: 85.00% (102/120)
Epoch [19/100], Training Loss: 1.0589
Validation Loss: 0.9541, Validation Accuracy: 56.46%

Per-Class Validation Accuracy:
  No Thrust: 0.00% (0/120)
  Chemical: 72.50% (87/120)
  Electric: 72.50% (87/120)
  Impulsive: 80.83% (97/120)
Epoch [20/100], Training Loss: 1.0841
Validation Loss: 0.9603, Validation Accuracy: 49.17%

Per-Class Validation Accuracy:
  No Thrust: 0.00% (0/120)
  Chemical: 30.83% (37/120)
  Electric: 74.17% (89/120)
  Impulsive: 91.67% (110/120)
Epoch [21/100], Training Loss: 1.0377
Validation Loss: 0.8785, Validation Accuracy: 54.58%

Per-Class Validation Accuracy:
  No Thrust: 0.00% (0/120)
  Chemical: 44.17% (53/120)
  Electric: 83.33% (100/120)
  Impulsive: 90.83% (109/120)
Epoch [22/100], Training Loss: 1.0136
Validation Loss: 0.8795, Validation Accuracy: 53.12%

Per-Class Validation Accuracy:
  No Thrust: 0.00% (0/120)
  Chemical: 56.67% (68/120)
  Electric: 81.67% (98/120)
  Impulsive: 74.17% (89/120)
Epoch [23/100], Training Loss: 0.9962
Validation Loss: 0.8665, Validation Accuracy: 55.42%

Per-Class Validation Accuracy:
  No Thrust: 0.00% (0/120)
  Chemical: 63.33% (76/120)
  Electric: 80.83% (97/120)
  Impulsive: 77.50% (93/120)
Epoch [24/100], Training Loss: 0.9826
Validation Loss: 0.8254, Validation Accuracy: 56.04%

Per-Class Validation Accuracy:
  No Thrust: 84.17% (101/120)
  Chemical: 64.17% (77/120)
  Electric: 0.00% (0/120)
  Impulsive: 75.83% (91/120)
Epoch [25/100], Training Loss: 0.9678
Validation Loss: 0.8225, Validation Accuracy: 59.38%

Per-Class Validation Accuracy:
  No Thrust: 0.00% (0/120)
  Chemical: 65.83% (79/120)
  Electric: 80.83% (97/120)
  Impulsive: 90.83% (109/120)
Epoch [26/100], Training Loss: 0.9444
Validation Loss: 0.7954, Validation Accuracy: 54.17%

Per-Class Validation Accuracy:
  No Thrust: 6.67% (8/120)
  Chemical: 66.67% (80/120)
  Electric: 63.33% (76/120)
  Impulsive: 80.00% (96/120)
Epoch [27/100], Training Loss: 0.9881
Validation Loss: 0.9083, Validation Accuracy: 56.46%

Per-Class Validation Accuracy:
  No Thrust: 82.50% (99/120)
  Chemical: 73.33% (88/120)
  Electric: 0.83% (1/120)
  Impulsive: 69.17% (83/120)
Epoch [28/100], Training Loss: 0.9607
Validation Loss: 0.8478, Validation Accuracy: 55.00%

Per-Class Validation Accuracy:
  No Thrust: 80.00% (96/120)
  Chemical: 62.50% (75/120)
  Electric: 0.00% (0/120)
  Impulsive: 77.50% (93/120)
Epoch [29/100], Training Loss: 0.9325
Validation Loss: 0.8273, Validation Accuracy: 56.67%

Per-Class Validation Accuracy:
  No Thrust: 0.00% (0/120)
  Chemical: 60.00% (72/120)
  Electric: 81.67% (98/120)
  Impulsive: 85.00% (102/120)
Epoch [30/100], Training Loss: 0.9264
Validation Loss: 0.7831, Validation Accuracy: 60.00%

Per-Class Validation Accuracy:
  No Thrust: 0.00% (0/120)
  Chemical: 66.67% (80/120)
  Electric: 87.50% (105/120)
  Impulsive: 85.83% (103/120)
Epoch [31/100], Training Loss: 0.9068
Validation Loss: 0.8323, Validation Accuracy: 58.96%

Per-Class Validation Accuracy:
  No Thrust: 0.00% (0/120)
  Chemical: 75.00% (90/120)
  Electric: 78.33% (94/120)
  Impulsive: 82.50% (99/120)
Epoch [32/100], Training Loss: 0.9133
Validation Loss: 0.7631, Validation Accuracy: 62.08%

Per-Class Validation Accuracy:
  No Thrust: 0.00% (0/120)
  Chemical: 80.00% (96/120)
  Electric: 94.17% (113/120)
  Impulsive: 74.17% (89/120)
Epoch [33/100], Training Loss: 0.8714
Validation Loss: 0.7316, Validation Accuracy: 62.29%

Per-Class Validation Accuracy:
  No Thrust: 91.67% (110/120)
  Chemical: 82.50% (99/120)
  Electric: 0.00% (0/120)
  Impulsive: 75.00% (90/120)
Epoch [34/100], Training Loss: 0.8751
Validation Loss: 0.7427, Validation Accuracy: 62.08%

Per-Class Validation Accuracy:
  No Thrust: 0.00% (0/120)
  Chemical: 66.67% (80/120)
  Electric: 92.50% (111/120)
  Impulsive: 89.17% (107/120)
Epoch [35/100], Training Loss: 0.8921
Validation Loss: 0.7691, Validation Accuracy: 60.62%

Per-Class Validation Accuracy:
  No Thrust: 90.83% (109/120)
  Chemical: 67.50% (81/120)
  Electric: 0.00% (0/120)
  Impulsive: 84.17% (101/120)
Epoch [36/100], Training Loss: 0.8778
Validation Loss: 0.7650, Validation Accuracy: 59.17%

Per-Class Validation Accuracy:
  No Thrust: 91.67% (110/120)
  Chemical: 60.00% (72/120)
  Electric: 0.00% (0/120)
  Impulsive: 85.00% (102/120)
Epoch [37/100], Training Loss: 1.1120
Validation Loss: 1.1221, Validation Accuracy: 46.46%

Per-Class Validation Accuracy:
  No Thrust: 58.33% (70/120)
  Chemical: 26.67% (32/120)
  Electric: 3.33% (4/120)
  Impulsive: 97.50% (117/120)
Epoch [38/100], Training Loss: 1.1701
Validation Loss: 1.0326, Validation Accuracy: 52.50%

Per-Class Validation Accuracy:
  No Thrust: 42.50% (51/120)
  Chemical: 41.67% (50/120)
  Electric: 34.17% (41/120)
  Impulsive: 91.67% (110/120)
Epoch [39/100], Training Loss: 1.1286
Validation Loss: 0.9833, Validation Accuracy: 56.25%

Per-Class Validation Accuracy:
  No Thrust: 57.50% (69/120)
  Chemical: 56.67% (68/120)
  Electric: 21.67% (26/120)
  Impulsive: 89.17% (107/120)
Epoch [40/100], Training Loss: 1.0577
Validation Loss: 0.9562, Validation Accuracy: 57.29%

Per-Class Validation Accuracy:
  No Thrust: 74.17% (89/120)
  Chemical: 65.00% (78/120)
  Electric: 0.00% (0/120)
  Impulsive: 90.00% (108/120)
Epoch [41/100], Training Loss: 1.0912
Validation Loss: 1.0705, Validation Accuracy: 54.58%

Per-Class Validation Accuracy:
  No Thrust: 65.00% (78/120)
  Chemical: 58.33% (70/120)
  Electric: 0.00% (0/120)
  Impulsive: 95.00% (114/120)
Epoch [42/100], Training Loss: 1.0996
Validation Loss: 0.9937, Validation Accuracy: 52.92%

Per-Class Validation Accuracy:
  No Thrust: 61.67% (74/120)
  Chemical: 45.00% (54/120)
  Electric: 9.17% (11/120)
  Impulsive: 95.83% (115/120)
Epoch [43/100], Training Loss: 1.0721
Validation Loss: 0.9594, Validation Accuracy: 55.21%

Per-Class Validation Accuracy:
  No Thrust: 70.00% (84/120)
  Chemical: 59.17% (71/120)
  Electric: 0.00% (0/120)
  Impulsive: 91.67% (110/120)
Early stopping triggered.

	Elapsed time is 43.8799 seconds.

==========================================================================================
Total parameters: 18004
Total memory (bytes): 144032
Total memory (MB): 0.137359619140625
==========================================================================================

LSTM Validation
Validation Loss: 0.9594, Validation Accuracy: 55.21%

Per-Class Validation Accuracy:
  No Thrust: 70.00% (84/120)
  Chemical: 59.17% (71/120)
  Electric: 0.00% (0/120)
  Impulsive: 91.67% (110/120)

Classification Report:
              precision    recall  f1-score   support

   No Thrust     0.4667    0.7000    0.5600       120
    Chemical     0.6893    0.5917    0.6368       120
    Electric     0.0000    0.0000    0.0000       120
   Impulsive     0.5584    0.9167    0.6940       120

    accuracy                         0.5521       480
   macro avg     0.4286    0.5521    0.4727       480
weighted avg     0.4286    0.5521    0.4727       480


Confusion Matrix (rows = true, cols = predicted):
             P_No Thrust  P_Chemical  P_Electric  P_Impulsive
T_No Thrust           84          10           0           26
T_Chemical            14          71           0           35
T_Electric            82          12           0           26
T_Impulsive            0          10           0          110

LSTM Inference Time	Elapsed time is 0.2180 seconds.

Entering Mamba Training Loop
Epoch [1/100], Training Loss: 1.3262
Validation Loss: 1.2351, Validation Accuracy: 37.50%

Per-Class Validation Accuracy:
  No Thrust: 47.50% (57/120)
  Chemical: 21.67% (26/120)
  Electric: 12.50% (15/120)
  Impulsive: 68.33% (82/120)
Epoch [2/100], Training Loss: 1.1982
Validation Loss: 1.1957, Validation Accuracy: 40.00%

Per-Class Validation Accuracy:
  No Thrust: 35.83% (43/120)
  Chemical: 30.00% (36/120)
  Electric: 21.67% (26/120)
  Impulsive: 72.50% (87/120)
Epoch [3/100], Training Loss: 1.1807
Validation Loss: 1.1869, Validation Accuracy: 39.58%

Per-Class Validation Accuracy:
  No Thrust: 53.33% (64/120)
  Chemical: 25.00% (30/120)
  Electric: 9.17% (11/120)
  Impulsive: 70.83% (85/120)
Epoch [4/100], Training Loss: 1.1648
Validation Loss: 1.1645, Validation Accuracy: 41.88%

Per-Class Validation Accuracy:
  No Thrust: 56.67% (68/120)
  Chemical: 36.67% (44/120)
  Electric: 10.00% (12/120)
  Impulsive: 64.17% (77/120)
Epoch [5/100], Training Loss: 1.1445
Validation Loss: 1.1392, Validation Accuracy: 41.88%

Per-Class Validation Accuracy:
  No Thrust: 55.83% (67/120)
  Chemical: 35.00% (42/120)
  Electric: 14.17% (17/120)
  Impulsive: 62.50% (75/120)
Epoch [6/100], Training Loss: 1.1291
Validation Loss: 1.1364, Validation Accuracy: 43.33%

Per-Class Validation Accuracy:
  No Thrust: 54.17% (65/120)
  Chemical: 30.00% (36/120)
  Electric: 14.17% (17/120)
  Impulsive: 75.00% (90/120)
Epoch [7/100], Training Loss: 1.1227
Validation Loss: 1.1180, Validation Accuracy: 45.21%

Per-Class Validation Accuracy:
  No Thrust: 65.83% (79/120)
  Chemical: 45.00% (54/120)
  Electric: 5.83% (7/120)
  Impulsive: 64.17% (77/120)
Epoch [8/100], Training Loss: 1.1186
Validation Loss: 1.1027, Validation Accuracy: 46.46%

Per-Class Validation Accuracy:
  No Thrust: 64.17% (77/120)
  Chemical: 41.67% (50/120)
  Electric: 8.33% (10/120)
  Impulsive: 71.67% (86/120)
Epoch [9/100], Training Loss: 1.1004
Validation Loss: 1.0836, Validation Accuracy: 45.42%

Per-Class Validation Accuracy:
  No Thrust: 48.33% (58/120)
  Chemical: 31.67% (38/120)
  Electric: 26.67% (32/120)
  Impulsive: 75.00% (90/120)
Epoch [10/100], Training Loss: 1.0849
Validation Loss: 1.0707, Validation Accuracy: 47.50%

Per-Class Validation Accuracy:
  No Thrust: 12.50% (15/120)
  Chemical: 30.83% (37/120)
  Electric: 60.83% (73/120)
  Impulsive: 85.83% (103/120)
Epoch [11/100], Training Loss: 1.0736
Validation Loss: 1.0469, Validation Accuracy: 50.42%

Per-Class Validation Accuracy:
  No Thrust: 17.50% (21/120)
  Chemical: 60.83% (73/120)
  Electric: 55.00% (66/120)
  Impulsive: 68.33% (82/120)
Epoch [12/100], Training Loss: 1.0610
Validation Loss: 1.0338, Validation Accuracy: 51.25%

Per-Class Validation Accuracy:
  No Thrust: 35.83% (43/120)
  Chemical: 68.33% (82/120)
  Electric: 29.17% (35/120)
  Impulsive: 71.67% (86/120)
Epoch [13/100], Training Loss: 1.0314
Validation Loss: 1.0265, Validation Accuracy: 50.83%

Per-Class Validation Accuracy:
  No Thrust: 35.00% (42/120)
  Chemical: 40.00% (48/120)
  Electric: 36.67% (44/120)
  Impulsive: 91.67% (110/120)
Epoch [14/100], Training Loss: 1.0284
Validation Loss: 0.9815, Validation Accuracy: 54.58%

Per-Class Validation Accuracy:
  No Thrust: 15.83% (19/120)
  Chemical: 70.00% (84/120)
  Electric: 56.67% (68/120)
  Impulsive: 75.83% (91/120)
Epoch [15/100], Training Loss: 0.9960
Validation Loss: 0.9452, Validation Accuracy: 54.38%

Per-Class Validation Accuracy:
  No Thrust: 57.50% (69/120)
  Chemical: 75.83% (91/120)
  Electric: 15.83% (19/120)
  Impulsive: 68.33% (82/120)
Epoch [16/100], Training Loss: 0.9655
Validation Loss: 0.9229, Validation Accuracy: 55.83%

Per-Class Validation Accuracy:
  No Thrust: 22.50% (27/120)
  Chemical: 80.83% (97/120)
  Electric: 52.50% (63/120)
  Impulsive: 67.50% (81/120)
Epoch [17/100], Training Loss: 0.9551
Validation Loss: 0.8854, Validation Accuracy: 57.92%

Per-Class Validation Accuracy:
  No Thrust: 17.50% (21/120)
  Chemical: 66.67% (80/120)
  Electric: 65.83% (79/120)
  Impulsive: 81.67% (98/120)
Epoch [18/100], Training Loss: 0.9076
Validation Loss: 0.8229, Validation Accuracy: 60.00%

Per-Class Validation Accuracy:
  No Thrust: 23.33% (28/120)
  Chemical: 76.67% (92/120)
  Electric: 57.50% (69/120)
  Impulsive: 82.50% (99/120)
Epoch [19/100], Training Loss: 0.8850
Validation Loss: 0.8455, Validation Accuracy: 56.46%

Per-Class Validation Accuracy:
  No Thrust: 64.17% (77/120)
  Chemical: 53.33% (64/120)
  Electric: 14.17% (17/120)
  Impulsive: 94.17% (113/120)
Epoch [20/100], Training Loss: 0.8552
Validation Loss: 0.7840, Validation Accuracy: 62.29%

Per-Class Validation Accuracy:
  No Thrust: 35.83% (43/120)
  Chemical: 78.33% (94/120)
  Electric: 47.50% (57/120)
  Impulsive: 87.50% (105/120)
Epoch [21/100], Training Loss: 0.8408
Validation Loss: 0.7536, Validation Accuracy: 64.17%

Per-Class Validation Accuracy:
  No Thrust: 35.00% (42/120)
  Chemical: 75.83% (91/120)
  Electric: 59.17% (71/120)
  Impulsive: 86.67% (104/120)
Epoch [22/100], Training Loss: 0.8360
Validation Loss: 0.7493, Validation Accuracy: 62.71%

Per-Class Validation Accuracy:
  No Thrust: 75.00% (90/120)
  Chemical: 70.83% (85/120)
  Electric: 13.33% (16/120)
  Impulsive: 91.67% (110/120)
Epoch [23/100], Training Loss: 0.8038
Validation Loss: 0.7442, Validation Accuracy: 63.12%

Per-Class Validation Accuracy:
  No Thrust: 78.33% (94/120)
  Chemical: 70.83% (85/120)
  Electric: 9.17% (11/120)
  Impulsive: 94.17% (113/120)
Epoch [24/100], Training Loss: 0.7812
Validation Loss: 0.7017, Validation Accuracy: 64.58%

Per-Class Validation Accuracy:
  No Thrust: 40.83% (49/120)
  Chemical: 79.17% (95/120)
  Electric: 42.50% (51/120)
  Impulsive: 95.83% (115/120)
Epoch [25/100], Training Loss: 0.7639
Validation Loss: 0.6993, Validation Accuracy: 64.79%

Per-Class Validation Accuracy:
  No Thrust: 5.83% (7/120)
  Chemical: 80.00% (96/120)
  Electric: 80.00% (96/120)
  Impulsive: 93.33% (112/120)
Epoch [26/100], Training Loss: 0.7738
Validation Loss: 0.7076, Validation Accuracy: 65.83%

Per-Class Validation Accuracy:
  No Thrust: 55.83% (67/120)
  Chemical: 84.17% (101/120)
  Electric: 30.00% (36/120)
  Impulsive: 93.33% (112/120)
Epoch [27/100], Training Loss: 0.7460
Validation Loss: 0.6929, Validation Accuracy: 65.62%

Per-Class Validation Accuracy:
  No Thrust: 83.33% (100/120)
  Chemical: 73.33% (88/120)
  Electric: 13.33% (16/120)
  Impulsive: 92.50% (111/120)
Epoch [28/100], Training Loss: 0.7431
Validation Loss: 0.6979, Validation Accuracy: 65.62%

Per-Class Validation Accuracy:
  No Thrust: 23.33% (28/120)
  Chemical: 85.00% (102/120)
  Electric: 62.50% (75/120)
  Impulsive: 91.67% (110/120)
Epoch [29/100], Training Loss: 0.7290
Validation Loss: 0.7021, Validation Accuracy: 64.17%

Per-Class Validation Accuracy:
  No Thrust: 1.67% (2/120)
  Chemical: 81.67% (98/120)
  Electric: 86.67% (104/120)
  Impulsive: 86.67% (104/120)
Epoch [30/100], Training Loss: 0.7221
Validation Loss: 0.6781, Validation Accuracy: 65.21%

Per-Class Validation Accuracy:
  No Thrust: 26.67% (32/120)
  Chemical: 80.00% (96/120)
  Electric: 58.33% (70/120)
  Impulsive: 95.83% (115/120)
Epoch [31/100], Training Loss: 0.7172
Validation Loss: 0.6829, Validation Accuracy: 66.67%

Per-Class Validation Accuracy:
  No Thrust: 69.17% (83/120)
  Chemical: 82.50% (99/120)
  Electric: 23.33% (28/120)
  Impulsive: 91.67% (110/120)
Epoch [32/100], Training Loss: 0.6978
Validation Loss: 0.6393, Validation Accuracy: 66.46%

Per-Class Validation Accuracy:
  No Thrust: 34.17% (41/120)
  Chemical: 86.67% (104/120)
  Electric: 53.33% (64/120)
  Impulsive: 91.67% (110/120)
Epoch [33/100], Training Loss: 0.6861
Validation Loss: 0.7187, Validation Accuracy: 65.00%

Per-Class Validation Accuracy:
  No Thrust: 41.67% (50/120)
  Chemical: 85.00% (102/120)
  Electric: 48.33% (58/120)
  Impulsive: 85.00% (102/120)
Epoch [34/100], Training Loss: 0.6974
Validation Loss: 0.6863, Validation Accuracy: 64.17%

Per-Class Validation Accuracy:
  No Thrust: 42.50% (51/120)
  Chemical: 80.83% (97/120)
  Electric: 45.83% (55/120)
  Impulsive: 87.50% (105/120)
Epoch [35/100], Training Loss: 0.6858
Validation Loss: 0.6785, Validation Accuracy: 64.17%

Per-Class Validation Accuracy:
  No Thrust: 14.17% (17/120)
  Chemical: 80.83% (97/120)
  Electric: 67.50% (81/120)
  Impulsive: 94.17% (113/120)
Epoch [36/100], Training Loss: 0.6690
Validation Loss: 0.6468, Validation Accuracy: 66.46%

Per-Class Validation Accuracy:
  No Thrust: 52.50% (63/120)
  Chemical: 85.83% (103/120)
  Electric: 35.83% (43/120)
  Impulsive: 91.67% (110/120)
Epoch [37/100], Training Loss: 0.6639
Validation Loss: 0.6687, Validation Accuracy: 66.67%

Per-Class Validation Accuracy:
  No Thrust: 61.67% (74/120)
  Chemical: 79.17% (95/120)
  Electric: 34.17% (41/120)
  Impulsive: 91.67% (110/120)
Epoch [38/100], Training Loss: 0.6571
Validation Loss: 0.6563, Validation Accuracy: 67.29%

Per-Class Validation Accuracy:
  No Thrust: 79.17% (95/120)
  Chemical: 83.33% (100/120)
  Electric: 14.17% (17/120)
  Impulsive: 92.50% (111/120)
Epoch [39/100], Training Loss: 0.6431
Validation Loss: 0.6460, Validation Accuracy: 66.46%

Per-Class Validation Accuracy:
  No Thrust: 49.17% (59/120)
  Chemical: 85.83% (103/120)
  Electric: 39.17% (47/120)
  Impulsive: 91.67% (110/120)
Epoch [40/100], Training Loss: 0.6296
Validation Loss: 0.6354, Validation Accuracy: 66.04%

Per-Class Validation Accuracy:
  No Thrust: 17.50% (21/120)
  Chemical: 82.50% (99/120)
  Electric: 70.00% (84/120)
  Impulsive: 94.17% (113/120)
Epoch [41/100], Training Loss: 0.6288
Validation Loss: 0.6537, Validation Accuracy: 65.42%

Per-Class Validation Accuracy:
  No Thrust: 15.83% (19/120)
  Chemical: 83.33% (100/120)
  Electric: 71.67% (86/120)
  Impulsive: 90.83% (109/120)
Epoch [42/100], Training Loss: 0.6347
Validation Loss: 0.6299, Validation Accuracy: 67.71%

Per-Class Validation Accuracy:
  No Thrust: 64.17% (77/120)
  Chemical: 85.83% (103/120)
  Electric: 29.17% (35/120)
  Impulsive: 91.67% (110/120)
Epoch [43/100], Training Loss: 0.6339
Validation Loss: 0.6374, Validation Accuracy: 68.54%

Per-Class Validation Accuracy:
  No Thrust: 76.67% (92/120)
  Chemical: 84.17% (101/120)
  Electric: 21.67% (26/120)
  Impulsive: 91.67% (110/120)
Epoch [44/100], Training Loss: 0.6270
Validation Loss: 0.6270, Validation Accuracy: 68.12%

Per-Class Validation Accuracy:
  No Thrust: 61.67% (74/120)
  Chemical: 84.17% (101/120)
  Electric: 31.67% (38/120)
  Impulsive: 95.00% (114/120)
Epoch [45/100], Training Loss: 0.6136
Validation Loss: 0.6386, Validation Accuracy: 67.29%

Per-Class Validation Accuracy:
  No Thrust: 65.83% (79/120)
  Chemical: 87.50% (105/120)
  Electric: 23.33% (28/120)
  Impulsive: 92.50% (111/120)
Epoch [46/100], Training Loss: 0.6249
Validation Loss: 0.6205, Validation Accuracy: 67.08%

Per-Class Validation Accuracy:
  No Thrust: 30.00% (36/120)
  Chemical: 85.83% (103/120)
  Electric: 60.00% (72/120)
  Impulsive: 92.50% (111/120)
Epoch [47/100], Training Loss: 0.6247
Validation Loss: 0.6246, Validation Accuracy: 66.25%

Per-Class Validation Accuracy:
  No Thrust: 28.33% (34/120)
  Chemical: 87.50% (105/120)
  Electric: 58.33% (70/120)
  Impulsive: 90.83% (109/120)
Epoch [48/100], Training Loss: 0.6162
Validation Loss: 0.6268, Validation Accuracy: 66.67%

Per-Class Validation Accuracy:
  No Thrust: 25.83% (31/120)
  Chemical: 88.33% (106/120)
  Electric: 61.67% (74/120)
  Impulsive: 90.83% (109/120)
Epoch [49/100], Training Loss: 0.6135
Validation Loss: 0.6539, Validation Accuracy: 67.92%

Per-Class Validation Accuracy:
  No Thrust: 64.17% (77/120)
  Chemical: 84.17% (101/120)
  Electric: 30.83% (37/120)
  Impulsive: 92.50% (111/120)
Epoch [50/100], Training Loss: 0.6110
Validation Loss: 0.6314, Validation Accuracy: 67.71%

Per-Class Validation Accuracy:
  No Thrust: 85.83% (103/120)
  Chemical: 85.83% (103/120)
  Electric: 9.17% (11/120)
  Impulsive: 90.00% (108/120)
Epoch [51/100], Training Loss: 0.6169
Validation Loss: 0.6230, Validation Accuracy: 67.92%

Per-Class Validation Accuracy:
  No Thrust: 52.50% (63/120)
  Chemical: 87.50% (105/120)
  Electric: 39.17% (47/120)
  Impulsive: 92.50% (111/120)
Epoch [52/100], Training Loss: 0.6035
Validation Loss: 0.6196, Validation Accuracy: 66.67%

Per-Class Validation Accuracy:
  No Thrust: 37.50% (45/120)
  Chemical: 84.17% (101/120)
  Electric: 52.50% (63/120)
  Impulsive: 92.50% (111/120)
Epoch [53/100], Training Loss: 0.5987
Validation Loss: 0.6289, Validation Accuracy: 66.25%

Per-Class Validation Accuracy:
  No Thrust: 21.67% (26/120)
  Chemical: 88.33% (106/120)
  Electric: 63.33% (76/120)
  Impulsive: 91.67% (110/120)
Epoch [54/100], Training Loss: 0.6007
Validation Loss: 0.6350, Validation Accuracy: 67.50%

Per-Class Validation Accuracy:
  No Thrust: 44.17% (53/120)
  Chemical: 88.33% (106/120)
  Electric: 42.50% (51/120)
  Impulsive: 95.00% (114/120)
Epoch [55/100], Training Loss: 0.6094
Validation Loss: 0.6285, Validation Accuracy: 68.75%

Per-Class Validation Accuracy:
  No Thrust: 65.00% (78/120)
  Chemical: 84.17% (101/120)
  Electric: 31.67% (38/120)
  Impulsive: 94.17% (113/120)
Epoch [56/100], Training Loss: 0.5958
Validation Loss: 0.6521, Validation Accuracy: 67.50%

Per-Class Validation Accuracy:
  No Thrust: 51.67% (62/120)
  Chemical: 85.00% (102/120)
  Electric: 44.17% (53/120)
  Impulsive: 89.17% (107/120)
Epoch [57/100], Training Loss: 0.5938
Validation Loss: 0.6330, Validation Accuracy: 68.12%

Per-Class Validation Accuracy:
  No Thrust: 71.67% (86/120)
  Chemical: 86.67% (104/120)
  Electric: 22.50% (27/120)
  Impulsive: 91.67% (110/120)
Epoch [58/100], Training Loss: 0.5975
Validation Loss: 0.6110, Validation Accuracy: 66.88%

Per-Class Validation Accuracy:
  No Thrust: 30.83% (37/120)
  Chemical: 89.17% (107/120)
  Electric: 55.83% (67/120)
  Impulsive: 91.67% (110/120)
Epoch [59/100], Training Loss: 0.5781
Validation Loss: 0.6226, Validation Accuracy: 65.83%

Per-Class Validation Accuracy:
  No Thrust: 19.17% (23/120)
  Chemical: 88.33% (106/120)
  Electric: 62.50% (75/120)
  Impulsive: 93.33% (112/120)
Epoch [60/100], Training Loss: 0.5953
Validation Loss: 0.6476, Validation Accuracy: 68.33%

Per-Class Validation Accuracy:
  No Thrust: 67.50% (81/120)
  Chemical: 84.17% (101/120)
  Electric: 29.17% (35/120)
  Impulsive: 92.50% (111/120)
Epoch [61/100], Training Loss: 0.5948
Validation Loss: 0.6128, Validation Accuracy: 67.08%

Per-Class Validation Accuracy:
  No Thrust: 60.00% (72/120)
  Chemical: 87.50% (105/120)
  Electric: 28.33% (34/120)
  Impulsive: 92.50% (111/120)
Epoch [62/100], Training Loss: 0.5763
Validation Loss: 0.6143, Validation Accuracy: 68.33%

Per-Class Validation Accuracy:
  No Thrust: 45.00% (54/120)
  Chemical: 87.50% (105/120)
  Electric: 49.17% (59/120)
  Impulsive: 91.67% (110/120)
Epoch [63/100], Training Loss: 0.5884
Validation Loss: 0.6117, Validation Accuracy: 68.75%

Per-Class Validation Accuracy:
  No Thrust: 52.50% (63/120)
  Chemical: 86.67% (104/120)
  Electric: 41.67% (50/120)
  Impulsive: 94.17% (113/120)
Epoch [64/100], Training Loss: 0.5807
Validation Loss: 0.6275, Validation Accuracy: 69.79%

Per-Class Validation Accuracy:
  No Thrust: 28.33% (34/120)
  Chemical: 85.00% (102/120)
  Electric: 70.00% (84/120)
  Impulsive: 95.83% (115/120)
Epoch [65/100], Training Loss: 0.5718
Validation Loss: 0.6332, Validation Accuracy: 69.79%

Per-Class Validation Accuracy:
  No Thrust: 39.17% (47/120)
  Chemical: 87.50% (105/120)
  Electric: 61.67% (74/120)
  Impulsive: 90.83% (109/120)
Epoch [66/100], Training Loss: 0.5602
Validation Loss: 0.6473, Validation Accuracy: 69.17%

Per-Class Validation Accuracy:
  No Thrust: 55.00% (66/120)
  Chemical: 85.83% (103/120)
  Electric: 41.67% (50/120)
  Impulsive: 94.17% (113/120)
Epoch [67/100], Training Loss: 0.5703
Validation Loss: 0.6098, Validation Accuracy: 67.71%

Per-Class Validation Accuracy:
  No Thrust: 30.00% (36/120)
  Chemical: 87.50% (105/120)
  Electric: 61.67% (74/120)
  Impulsive: 91.67% (110/120)
Epoch [68/100], Training Loss: 0.5648
Validation Loss: 0.6196, Validation Accuracy: 68.33%

Per-Class Validation Accuracy:
  No Thrust: 50.00% (60/120)
  Chemical: 88.33% (106/120)
  Electric: 40.00% (48/120)
  Impulsive: 95.00% (114/120)
Epoch [69/100], Training Loss: 0.5554
Validation Loss: 0.6156, Validation Accuracy: 68.75%

Per-Class Validation Accuracy:
  No Thrust: 54.17% (65/120)
  Chemical: 88.33% (106/120)
  Electric: 41.67% (50/120)
  Impulsive: 90.83% (109/120)
Epoch [70/100], Training Loss: 0.5632
Validation Loss: 0.6181, Validation Accuracy: 70.42%

Per-Class Validation Accuracy:
  No Thrust: 47.50% (57/120)
  Chemical: 85.83% (103/120)
  Electric: 53.33% (64/120)
  Impulsive: 95.00% (114/120)
Epoch [71/100], Training Loss: 0.5684
Validation Loss: 0.6289, Validation Accuracy: 69.58%

Per-Class Validation Accuracy:
  No Thrust: 53.33% (64/120)
  Chemical: 85.00% (102/120)
  Electric: 46.67% (56/120)
  Impulsive: 93.33% (112/120)
Epoch [72/100], Training Loss: 0.5613
Validation Loss: 0.6257, Validation Accuracy: 69.58%

Per-Class Validation Accuracy:
  No Thrust: 62.50% (75/120)
  Chemical: 88.33% (106/120)
  Electric: 34.17% (41/120)
  Impulsive: 93.33% (112/120)
Epoch [73/100], Training Loss: 0.5729
Validation Loss: 0.6236, Validation Accuracy: 70.00%

Per-Class Validation Accuracy:
  No Thrust: 42.50% (51/120)
  Chemical: 87.50% (105/120)
  Electric: 58.33% (70/120)
  Impulsive: 91.67% (110/120)
Epoch [74/100], Training Loss: 0.5525
Validation Loss: 0.6166, Validation Accuracy: 69.58%

Per-Class Validation Accuracy:
  No Thrust: 47.50% (57/120)
  Chemical: 86.67% (104/120)
  Electric: 50.00% (60/120)
  Impulsive: 94.17% (113/120)
Epoch [75/100], Training Loss: 0.5491
Validation Loss: 0.6143, Validation Accuracy: 68.96%

Per-Class Validation Accuracy:
  No Thrust: 44.17% (53/120)
  Chemical: 87.50% (105/120)
  Electric: 50.00% (60/120)
  Impulsive: 94.17% (113/120)
Epoch [76/100], Training Loss: 0.5539
Validation Loss: 0.6156, Validation Accuracy: 67.92%

Per-Class Validation Accuracy:
  No Thrust: 40.00% (48/120)
  Chemical: 86.67% (104/120)
  Electric: 52.50% (63/120)
  Impulsive: 92.50% (111/120)
Epoch [77/100], Training Loss: 0.5643
Validation Loss: 0.6198, Validation Accuracy: 68.96%

Per-Class Validation Accuracy:
  No Thrust: 43.33% (52/120)
  Chemical: 86.67% (104/120)
  Electric: 51.67% (62/120)
  Impulsive: 94.17% (113/120)
Early stopping triggered.

	Elapsed time is 75.6148 seconds.

==========================================================================================
Total parameters: 6106
Total memory (bytes): 48848
Total memory (MB): 0.0465850830078125
==========================================================================================

Mamba Validation
Validation Loss: 0.6198, Validation Accuracy: 68.96%

Per-Class Validation Accuracy:
  No Thrust: 43.33% (52/120)
  Chemical: 86.67% (104/120)
  Electric: 51.67% (62/120)
  Impulsive: 94.17% (113/120)

Classification Report:
              precision    recall  f1-score   support

   No Thrust     0.4860    0.4333    0.4581       120
    Chemical     0.8455    0.8667    0.8560       120
    Electric     0.4697    0.5167    0.4921       120
   Impulsive     0.9576    0.9417    0.9496       120

    accuracy                         0.6896       480
   macro avg     0.6897    0.6896    0.6889       480
weighted avg     0.6897    0.6896    0.6889       480


Confusion Matrix (rows = true, cols = predicted):
             P_No Thrust  P_Chemical  P_Electric  P_Impulsive
T_No Thrust           52           7          60            1
T_Chemical             4         104           9            3
T_Electric            50           7          62            1
T_Impulsive            1           5           1          113

Mamba Inference Time	Elapsed time is 0.2260 seconds.
