Processing datasets for geo with 100 minutes and 800 random systems.
GPU is available
Training data location: /home/hunter/git/GMAT-Thrust-Data/data/classification/geo/100min-800
Test data location: /home/hunter/git/GMAT-Thrust-Data/data/classification/geo/100min-800

Entering Decision Trees Training Loop

	Elapsed time is 0.9229 seconds.

==========================================================================================
Total parameters: NaN
Total memory (bytes): 379274
Total memory (MB): 0.36170387268066406
==========================================================================================

Decision Trees Validation
Validation Loss: 0.5154, Validation Accuracy: 72.34%

Per-Class Validation Accuracy:
  No Thrust: 38.12% (61/160)
  Chemical: 100.00% (160/160)
  Electric: 51.25% (82/160)
  Impulsive: 100.00% (160/160)

Classification Report:
              precision    recall  f1-score   support

   No Thrust     0.4420    0.3812    0.4094       160
    Chemical     0.9938    1.0000    0.9969       160
    Electric     0.4530    0.5125    0.4809       160
   Impulsive     1.0000    1.0000    1.0000       160

    accuracy                         0.7234       640
   macro avg     0.7222    0.7234    0.7218       640
weighted avg     0.7222    0.7234    0.7218       640


Confusion Matrix (rows = true, cols = predicted):
             P_No Thrust  P_Chemical  P_Electric  P_Impulsive
T_No Thrust           61           0          99            0
T_Chemical             0         160           0            0
T_Electric            77           1          82            0
T_Impulsive            0           0           0          160

Decision Trees Inference Time	Elapsed time is 0.0228 seconds.

Entering Nearest Neighbor Training Loop

	Elapsed time is 0.0618 seconds.

==========================================================================================
Total parameters: NaN (non-parametric model)
Total memory (bytes): 6355967
Total memory (MB): 6.0615
==========================================================================================

1-NN Validation
Validation Loss: NaN, Validation Accuracy: 57.19%

Per-Class Validation Accuracy:
  No Thrust: 38.75% (62/160)
  Chemical: 90.62% (145/160)
  Electric: 45.00% (72/160)
  Impulsive: 54.38% (87/160)

Classification Report:
              precision    recall  f1-score   support

   No Thrust     0.4921    0.3875    0.4336       160
    Chemical     0.6621    0.9062    0.7652       160
    Electric     0.4675    0.4500    0.4586       160
   Impulsive     0.6170    0.5437    0.5781       160

    accuracy                         0.5719       640
   macro avg     0.5597    0.5719    0.5589       640
weighted avg     0.5597    0.5719    0.5589       640


Confusion Matrix (rows = true, cols = predicted):
             P_No Thrust  P_Chemical  P_Electric  P_Impulsive
T_No Thrust           62          10          71           17
T_Chemical             0         145           0           15
T_Electric            53          13          72           22
T_Impulsive           11          51          11           87

1-NN Inference Time	Elapsed time is 22.8058 seconds.

Entering MiniRocket Training Loop

	Elapsed time is 5.5450 seconds.

==========================================================================================
Total parameters: 9996
Total memory (bytes): 619845
Total memory (MB): 0.5911
==========================================================================================

MiniRocket Validation
Validation Loss: NaN, Validation Accuracy: 74.22%

Per-Class Validation Accuracy:
  No Thrust: 53.12% (85/160)
  Chemical: 99.38% (159/160)
  Electric: 45.62% (73/160)
  Impulsive: 98.75% (158/160)

Classification Report:
              precision    recall  f1-score   support

   No Thrust     0.4913    0.5312    0.5105       160
    Chemical     1.0000    0.9938    0.9969       160
    Electric     0.4867    0.4562    0.4710       160
   Impulsive     1.0000    0.9875    0.9937       160

    accuracy                         0.7422       640
   macro avg     0.7445    0.7422    0.7430       640
weighted avg     0.7445    0.7422    0.7430       640


Confusion Matrix (rows = true, cols = predicted):
             P_No Thrust  P_Chemical  P_Electric  P_Impulsive
T_No Thrust           85           0          75            0
T_Chemical             0         159           1            0
T_Electric            87           0          73            0
T_Impulsive            1           0           1          158

MiniRocket Inference Time	Elapsed time is 1.9834 seconds.

Entering LSTM Training Loop
Epoch [1/100], Training Loss: 1.3954
Validation Loss: 1.3850, Validation Accuracy: 25.00%

Per-Class Validation Accuracy:
  No Thrust: 0.00% (0/160)
  Chemical: 100.00% (160/160)
  Electric: 0.00% (0/160)
  Impulsive: 0.00% (0/160)
Epoch [2/100], Training Loss: 1.3930
Validation Loss: 1.3867, Validation Accuracy: 25.00%

Per-Class Validation Accuracy:
  No Thrust: 0.00% (0/160)
  Chemical: 0.00% (0/160)
  Electric: 100.00% (160/160)
  Impulsive: 0.00% (0/160)
Epoch [3/100], Training Loss: 1.3903
Validation Loss: 1.3836, Validation Accuracy: 25.00%

Per-Class Validation Accuracy:
  No Thrust: 0.00% (0/160)
  Chemical: 0.00% (0/160)
  Electric: 100.00% (160/160)
  Impulsive: 0.00% (0/160)
Epoch [4/100], Training Loss: 1.3879
Validation Loss: 1.3827, Validation Accuracy: 22.50%

Per-Class Validation Accuracy:
  No Thrust: 0.00% (0/160)
  Chemical: 20.00% (32/160)
  Electric: 0.00% (0/160)
  Impulsive: 70.00% (112/160)
Epoch [5/100], Training Loss: 1.3880
Validation Loss: 1.3803, Validation Accuracy: 40.00%

Per-Class Validation Accuracy:
  No Thrust: 100.00% (160/160)
  Chemical: 0.00% (0/160)
  Electric: 0.00% (0/160)
  Impulsive: 60.00% (96/160)
Epoch [6/100], Training Loss: 1.3894
Validation Loss: 1.3733, Validation Accuracy: 25.00%

Per-Class Validation Accuracy:
  No Thrust: 0.00% (0/160)
  Chemical: 100.00% (160/160)
  Electric: 0.00% (0/160)
  Impulsive: 0.00% (0/160)
Epoch [7/100], Training Loss: 1.3527
Validation Loss: 1.2572, Validation Accuracy: 34.06%

Per-Class Validation Accuracy:
  No Thrust: 0.00% (0/160)
  Chemical: 0.00% (0/160)
  Electric: 98.75% (158/160)
  Impulsive: 37.50% (60/160)
Epoch [8/100], Training Loss: 1.2650
Validation Loss: 1.2092, Validation Accuracy: 35.16%

Per-Class Validation Accuracy:
  No Thrust: 100.00% (160/160)
  Chemical: 0.00% (0/160)
  Electric: 0.00% (0/160)
  Impulsive: 40.62% (65/160)
Epoch [9/100], Training Loss: 1.2136
Validation Loss: 1.1037, Validation Accuracy: 40.00%

Per-Class Validation Accuracy:
  No Thrust: 85.00% (136/160)
  Chemical: 51.25% (82/160)
  Electric: 18.75% (30/160)
  Impulsive: 5.00% (8/160)
Epoch [10/100], Training Loss: 1.1241
Validation Loss: 0.8361, Validation Accuracy: 49.06%

Per-Class Validation Accuracy:
  No Thrust: 0.00% (0/160)
  Chemical: 100.00% (160/160)
  Electric: 96.25% (154/160)
  Impulsive: 0.00% (0/160)
Epoch [11/100], Training Loss: 0.8721
Validation Loss: 0.7717, Validation Accuracy: 49.69%

Per-Class Validation Accuracy:
  No Thrust: 0.00% (0/160)
  Chemical: 100.00% (160/160)
  Electric: 98.75% (158/160)
  Impulsive: 0.00% (0/160)
Epoch [12/100], Training Loss: 0.8356
Validation Loss: 0.7536, Validation Accuracy: 49.38%

Per-Class Validation Accuracy:
  No Thrust: 78.12% (125/160)
  Chemical: 100.00% (160/160)
  Electric: 19.38% (31/160)
  Impulsive: 0.00% (0/160)
Epoch [13/100], Training Loss: 0.8123
Validation Loss: 0.7500, Validation Accuracy: 50.31%

Per-Class Validation Accuracy:
  No Thrust: 0.00% (0/160)
  Chemical: 68.12% (109/160)
  Electric: 97.50% (156/160)
  Impulsive: 35.62% (57/160)
Epoch [14/100], Training Loss: 0.7818
Validation Loss: 0.7340, Validation Accuracy: 48.91%

Per-Class Validation Accuracy:
  No Thrust: 96.25% (154/160)
  Chemical: 0.00% (0/160)
  Electric: 3.12% (5/160)
  Impulsive: 96.25% (154/160)
Epoch [15/100], Training Loss: 0.7610
Validation Loss: 0.7311, Validation Accuracy: 50.16%

Per-Class Validation Accuracy:
  No Thrust: 0.00% (0/160)
  Chemical: 100.00% (160/160)
  Electric: 100.00% (160/160)
  Impulsive: 0.62% (1/160)
Epoch [16/100], Training Loss: 0.7534
Validation Loss: 0.7408, Validation Accuracy: 50.31%

Per-Class Validation Accuracy:
  No Thrust: 98.75% (158/160)
  Chemical: 80.62% (129/160)
  Electric: 1.25% (2/160)
  Impulsive: 20.62% (33/160)
Epoch [17/100], Training Loss: 0.7683
Validation Loss: 0.7326, Validation Accuracy: 50.16%

Per-Class Validation Accuracy:
  No Thrust: 0.00% (0/160)
  Chemical: 100.00% (160/160)
  Electric: 100.00% (160/160)
  Impulsive: 0.62% (1/160)
Epoch [18/100], Training Loss: 0.7582
Validation Loss: 0.7596, Validation Accuracy: 48.28%

Per-Class Validation Accuracy:
  No Thrust: 95.62% (153/160)
  Chemical: 0.00% (0/160)
  Electric: 1.25% (2/160)
  Impulsive: 96.25% (154/160)
Epoch [19/100], Training Loss: 0.7605
Validation Loss: 0.7307, Validation Accuracy: 49.53%

Per-Class Validation Accuracy:
  No Thrust: 95.00% (152/160)
  Chemical: 100.00% (160/160)
  Electric: 3.12% (5/160)
  Impulsive: 0.00% (0/160)
Epoch [20/100], Training Loss: 0.7464
Validation Loss: 0.8052, Validation Accuracy: 47.34%

Per-Class Validation Accuracy:
  No Thrust: 0.00% (0/160)
  Chemical: 0.00% (0/160)
  Electric: 93.12% (149/160)
  Impulsive: 96.25% (154/160)
Epoch [21/100], Training Loss: 0.7916
Validation Loss: 0.7318, Validation Accuracy: 49.06%

Per-Class Validation Accuracy:
  No Thrust: 96.25% (154/160)
  Chemical: 0.00% (0/160)
  Electric: 3.75% (6/160)
  Impulsive: 96.25% (154/160)
Epoch [22/100], Training Loss: 0.7551
Validation Loss: 0.7186, Validation Accuracy: 50.94%

Per-Class Validation Accuracy:
  No Thrust: 90.62% (145/160)
  Chemical: 100.00% (160/160)
  Electric: 13.12% (21/160)
  Impulsive: 0.00% (0/160)
Epoch [23/100], Training Loss: 0.7411
Validation Loss: 0.7189, Validation Accuracy: 49.06%

Per-Class Validation Accuracy:
  No Thrust: 0.00% (0/160)
  Chemical: 0.00% (0/160)
  Electric: 100.00% (160/160)
  Impulsive: 96.25% (154/160)
Epoch [24/100], Training Loss: 0.7354
Validation Loss: 0.7134, Validation Accuracy: 49.69%

Per-Class Validation Accuracy:
  No Thrust: 0.00% (0/160)
  Chemical: 0.00% (0/160)
  Electric: 100.00% (160/160)
  Impulsive: 98.75% (158/160)
Epoch [25/100], Training Loss: 0.7379
Validation Loss: 0.7155, Validation Accuracy: 52.03%

Per-Class Validation Accuracy:
  No Thrust: 70.62% (113/160)
  Chemical: 98.12% (157/160)
  Electric: 30.62% (49/160)
  Impulsive: 8.75% (14/160)
Epoch [26/100], Training Loss: 0.7474
Validation Loss: 0.7176, Validation Accuracy: 48.75%

Per-Class Validation Accuracy:
  No Thrust: 96.88% (155/160)
  Chemical: 26.25% (42/160)
  Electric: 1.88% (3/160)
  Impulsive: 70.00% (112/160)
Epoch [27/100], Training Loss: 0.7325
Validation Loss: 0.7168, Validation Accuracy: 48.59%

Per-Class Validation Accuracy:
  No Thrust: 0.00% (0/160)
  Chemical: 20.62% (33/160)
  Electric: 100.00% (160/160)
  Impulsive: 73.75% (118/160)
Epoch [28/100], Training Loss: 0.7269
Validation Loss: 0.7216, Validation Accuracy: 49.38%

Per-Class Validation Accuracy:
  No Thrust: 0.00% (0/160)
  Chemical: 0.00% (0/160)
  Electric: 100.00% (160/160)
  Impulsive: 97.50% (156/160)
Epoch [29/100], Training Loss: 0.7244
Validation Loss: 0.7112, Validation Accuracy: 50.16%

Per-Class Validation Accuracy:
  No Thrust: 96.25% (154/160)
  Chemical: 0.00% (0/160)
  Electric: 6.25% (10/160)
  Impulsive: 98.12% (157/160)
Epoch [30/100], Training Loss: 0.7205
Validation Loss: 0.7231, Validation Accuracy: 50.47%

Per-Class Validation Accuracy:
  No Thrust: 99.38% (159/160)
  Chemical: 99.38% (159/160)
  Electric: 0.62% (1/160)
  Impulsive: 2.50% (4/160)
Epoch [31/100], Training Loss: 0.7416
Validation Loss: 0.7244, Validation Accuracy: 49.38%

Per-Class Validation Accuracy:
  No Thrust: 99.38% (159/160)
  Chemical: 0.00% (0/160)
  Electric: 0.62% (1/160)
  Impulsive: 97.50% (156/160)
Epoch [32/100], Training Loss: 0.7252
Validation Loss: 0.7146, Validation Accuracy: 50.78%

Per-Class Validation Accuracy:
  No Thrust: 0.00% (0/160)
  Chemical: 100.00% (160/160)
  Electric: 100.00% (160/160)
  Impulsive: 3.12% (5/160)
Epoch [33/100], Training Loss: 0.7247
Validation Loss: 0.7146, Validation Accuracy: 50.16%

Per-Class Validation Accuracy:
  No Thrust: 96.25% (154/160)
  Chemical: 99.38% (159/160)
  Electric: 2.50% (4/160)
  Impulsive: 2.50% (4/160)
Epoch [34/100], Training Loss: 0.7190
Validation Loss: 0.7138, Validation Accuracy: 49.53%

Per-Class Validation Accuracy:
  No Thrust: 96.25% (154/160)
  Chemical: 0.00% (0/160)
  Electric: 3.75% (6/160)
  Impulsive: 98.12% (157/160)
Epoch [35/100], Training Loss: 0.7431
Validation Loss: 0.7251, Validation Accuracy: 49.22%

Per-Class Validation Accuracy:
  No Thrust: 95.62% (153/160)
  Chemical: 0.00% (0/160)
  Electric: 3.12% (5/160)
  Impulsive: 98.12% (157/160)
Epoch [36/100], Training Loss: 0.7236
Validation Loss: 0.7164, Validation Accuracy: 48.12%

Per-Class Validation Accuracy:
  No Thrust: 80.62% (129/160)
  Chemical: 81.88% (131/160)
  Electric: 10.62% (17/160)
  Impulsive: 19.38% (31/160)
Epoch [37/100], Training Loss: 0.7160
Validation Loss: 0.7151, Validation Accuracy: 51.25%

Per-Class Validation Accuracy:
  No Thrust: 95.62% (153/160)
  Chemical: 99.38% (159/160)
  Electric: 5.00% (8/160)
  Impulsive: 5.00% (8/160)
Epoch [38/100], Training Loss: 0.7094
Validation Loss: 0.7189, Validation Accuracy: 52.81%

Per-Class Validation Accuracy:
  No Thrust: 96.25% (154/160)
  Chemical: 18.12% (29/160)
  Electric: 5.62% (9/160)
  Impulsive: 91.25% (146/160)
Epoch [39/100], Training Loss: 0.7090
Validation Loss: 0.7155, Validation Accuracy: 50.31%

Per-Class Validation Accuracy:
  No Thrust: 81.25% (130/160)
  Chemical: 99.38% (159/160)
  Electric: 15.00% (24/160)
  Impulsive: 5.62% (9/160)
Early stopping triggered.

	Elapsed time is 26.8798 seconds.

==========================================================================================
Total parameters: 18004
Total memory (bytes): 144032
Total memory (MB): 0.137359619140625
==========================================================================================

LSTM Validation
Validation Loss: 0.7155, Validation Accuracy: 50.31%

Per-Class Validation Accuracy:
  No Thrust: 81.25% (130/160)
  Chemical: 99.38% (159/160)
  Electric: 15.00% (24/160)
  Impulsive: 5.62% (9/160)

Classification Report:
              precision    recall  f1-score   support

   No Thrust     0.4887    0.8125    0.6103       160
    Chemical     0.5179    0.9938    0.6809       160
    Electric     0.4211    0.1500    0.2212       160
   Impulsive     0.9000    0.0563    0.1059       160

    accuracy                         0.5031       640
   macro avg     0.5819    0.5031    0.4046       640
weighted avg     0.5819    0.5031    0.4046       640


Confusion Matrix (rows = true, cols = predicted):
             P_No Thrust  P_Chemical  P_Electric  P_Impulsive
T_No Thrust          130           0          30            0
T_Chemical             0         159           0            1
T_Electric           136           0          24            0
T_Impulsive            0         148           3            9

LSTM Inference Time	Elapsed time is 0.2141 seconds.

Entering Mamba Training Loop
Epoch [1/100], Training Loss: 1.3901
Validation Loss: 1.3868, Validation Accuracy: 25.00%

Per-Class Validation Accuracy:
  No Thrust: 0.00% (0/160)
  Chemical: 100.00% (160/160)
  Electric: 0.00% (0/160)
  Impulsive: 0.00% (0/160)
Epoch [2/100], Training Loss: 1.3833
Validation Loss: 1.3794, Validation Accuracy: 25.00%

Per-Class Validation Accuracy:
  No Thrust: 0.00% (0/160)
  Chemical: 95.62% (153/160)
  Electric: 0.00% (0/160)
  Impulsive: 4.38% (7/160)
Epoch [3/100], Training Loss: 1.3643
Validation Loss: 1.3450, Validation Accuracy: 30.16%

Per-Class Validation Accuracy:
  No Thrust: 48.75% (78/160)
  Chemical: 10.62% (17/160)
  Electric: 12.50% (20/160)
  Impulsive: 48.75% (78/160)
Epoch [4/100], Training Loss: 1.3196
Validation Loss: 1.3011, Validation Accuracy: 34.22%

Per-Class Validation Accuracy:
  No Thrust: 48.75% (78/160)
  Chemical: 25.62% (41/160)
  Electric: 28.75% (46/160)
  Impulsive: 33.75% (54/160)
Epoch [5/100], Training Loss: 1.2663
Validation Loss: 1.2396, Validation Accuracy: 35.00%

Per-Class Validation Accuracy:
  No Thrust: 37.50% (60/160)
  Chemical: 55.62% (89/160)
  Electric: 43.75% (70/160)
  Impulsive: 3.12% (5/160)
Epoch [6/100], Training Loss: 1.1912
Validation Loss: 1.1421, Validation Accuracy: 39.69%

Per-Class Validation Accuracy:
  No Thrust: 55.00% (88/160)
  Chemical: 22.50% (36/160)
  Electric: 42.50% (68/160)
  Impulsive: 38.75% (62/160)
Epoch [7/100], Training Loss: 1.1173
Validation Loss: 1.0377, Validation Accuracy: 47.66%

Per-Class Validation Accuracy:
  No Thrust: 41.88% (67/160)
  Chemical: 70.62% (113/160)
  Electric: 37.50% (60/160)
  Impulsive: 40.62% (65/160)
Epoch [8/100], Training Loss: 1.0203
Validation Loss: 0.9409, Validation Accuracy: 50.62%

Per-Class Validation Accuracy:
  No Thrust: 41.88% (67/160)
  Chemical: 86.88% (139/160)
  Electric: 44.38% (71/160)
  Impulsive: 29.38% (47/160)
Epoch [9/100], Training Loss: 0.9370
Validation Loss: 0.8482, Validation Accuracy: 52.97%

Per-Class Validation Accuracy:
  No Thrust: 32.50% (52/160)
  Chemical: 86.88% (139/160)
  Electric: 55.62% (89/160)
  Impulsive: 36.88% (59/160)
Epoch [10/100], Training Loss: 0.8976
Validation Loss: 0.8445, Validation Accuracy: 51.41%

Per-Class Validation Accuracy:
  No Thrust: 58.75% (94/160)
  Chemical: 28.75% (46/160)
  Electric: 35.00% (56/160)
  Impulsive: 83.12% (133/160)
Epoch [11/100], Training Loss: 0.8718
Validation Loss: 0.8152, Validation Accuracy: 54.84%

Per-Class Validation Accuracy:
  No Thrust: 73.75% (118/160)
  Chemical: 96.88% (155/160)
  Electric: 25.00% (40/160)
  Impulsive: 23.75% (38/160)
Epoch [12/100], Training Loss: 0.8391
Validation Loss: 0.8242, Validation Accuracy: 53.91%

Per-Class Validation Accuracy:
  No Thrust: 25.00% (40/160)
  Chemical: 97.50% (156/160)
  Electric: 64.38% (103/160)
  Impulsive: 28.75% (46/160)
Epoch [13/100], Training Loss: 0.8274
Validation Loss: 0.7970, Validation Accuracy: 56.25%

Per-Class Validation Accuracy:
  No Thrust: 61.25% (98/160)
  Chemical: 98.12% (157/160)
  Electric: 30.62% (49/160)
  Impulsive: 35.00% (56/160)
Epoch [14/100], Training Loss: 0.8095
Validation Loss: 0.7987, Validation Accuracy: 51.88%

Per-Class Validation Accuracy:
  No Thrust: 74.38% (119/160)
  Chemical: 98.12% (157/160)
  Electric: 16.25% (26/160)
  Impulsive: 18.75% (30/160)
Epoch [15/100], Training Loss: 0.7802
Validation Loss: 0.7477, Validation Accuracy: 59.22%

Per-Class Validation Accuracy:
  No Thrust: 50.62% (81/160)
  Chemical: 96.88% (155/160)
  Electric: 39.38% (63/160)
  Impulsive: 50.00% (80/160)
Epoch [16/100], Training Loss: 0.7854
Validation Loss: 0.7531, Validation Accuracy: 66.09%

Per-Class Validation Accuracy:
  No Thrust: 32.50% (52/160)
  Chemical: 96.88% (155/160)
  Electric: 55.00% (88/160)
  Impulsive: 80.00% (128/160)
Epoch [17/100], Training Loss: 0.7644
Validation Loss: 0.7352, Validation Accuracy: 64.38%

Per-Class Validation Accuracy:
  No Thrust: 42.50% (68/160)
  Chemical: 96.88% (155/160)
  Electric: 45.00% (72/160)
  Impulsive: 73.12% (117/160)
Epoch [18/100], Training Loss: 0.7035
Validation Loss: 0.6852, Validation Accuracy: 68.91%

Per-Class Validation Accuracy:
  No Thrust: 84.38% (135/160)
  Chemical: 94.38% (151/160)
  Electric: 9.38% (15/160)
  Impulsive: 87.50% (140/160)
Epoch [19/100], Training Loss: 0.6963
Validation Loss: 0.6729, Validation Accuracy: 62.03%

Per-Class Validation Accuracy:
  No Thrust: 63.12% (101/160)
  Chemical: 98.12% (157/160)
  Electric: 36.25% (58/160)
  Impulsive: 50.62% (81/160)
Epoch [20/100], Training Loss: 0.6578
Validation Loss: 0.6297, Validation Accuracy: 71.41%

Per-Class Validation Accuracy:
  No Thrust: 85.00% (136/160)
  Chemical: 94.38% (151/160)
  Electric: 13.12% (21/160)
  Impulsive: 93.12% (149/160)
Epoch [21/100], Training Loss: 0.5961
Validation Loss: 0.5747, Validation Accuracy: 72.03%

Per-Class Validation Accuracy:
  No Thrust: 86.88% (139/160)
  Chemical: 98.12% (157/160)
  Electric: 10.00% (16/160)
  Impulsive: 93.12% (149/160)
Epoch [22/100], Training Loss: 0.5873
Validation Loss: 0.5508, Validation Accuracy: 73.59%

Per-Class Validation Accuracy:
  No Thrust: 55.00% (88/160)
  Chemical: 98.12% (157/160)
  Electric: 46.88% (75/160)
  Impulsive: 94.38% (151/160)
Epoch [23/100], Training Loss: 0.5664
Validation Loss: 0.5364, Validation Accuracy: 71.41%

Per-Class Validation Accuracy:
  No Thrust: 89.38% (143/160)
  Chemical: 98.12% (157/160)
  Electric: 5.62% (9/160)
  Impulsive: 92.50% (148/160)
Epoch [24/100], Training Loss: 0.5183
Validation Loss: 0.4871, Validation Accuracy: 71.25%

Per-Class Validation Accuracy:
  No Thrust: 71.88% (115/160)
  Chemical: 98.12% (157/160)
  Electric: 20.00% (32/160)
  Impulsive: 95.00% (152/160)
Epoch [25/100], Training Loss: 0.5165
Validation Loss: 0.4651, Validation Accuracy: 71.25%

Per-Class Validation Accuracy:
  No Thrust: 68.75% (110/160)
  Chemical: 98.12% (157/160)
  Electric: 21.88% (35/160)
  Impulsive: 96.25% (154/160)
Epoch [26/100], Training Loss: 0.4598
Validation Loss: 0.4656, Validation Accuracy: 72.34%

Per-Class Validation Accuracy:
  No Thrust: 53.12% (85/160)
  Chemical: 98.12% (157/160)
  Electric: 42.50% (68/160)
  Impulsive: 95.62% (153/160)
Epoch [27/100], Training Loss: 0.4532
Validation Loss: 0.4491, Validation Accuracy: 70.31%

Per-Class Validation Accuracy:
  No Thrust: 61.88% (99/160)
  Chemical: 98.12% (157/160)
  Electric: 25.00% (40/160)
  Impulsive: 96.25% (154/160)
Epoch [28/100], Training Loss: 0.4494
Validation Loss: 0.4404, Validation Accuracy: 72.50%

Per-Class Validation Accuracy:
  No Thrust: 29.38% (47/160)
  Chemical: 98.12% (157/160)
  Electric: 65.62% (105/160)
  Impulsive: 96.88% (155/160)
Epoch [29/100], Training Loss: 0.4268
Validation Loss: 0.4585, Validation Accuracy: 72.81%

Per-Class Validation Accuracy:
  No Thrust: 59.38% (95/160)
  Chemical: 98.12% (157/160)
  Electric: 36.88% (59/160)
  Impulsive: 96.88% (155/160)
Epoch [30/100], Training Loss: 0.4225
Validation Loss: 0.4719, Validation Accuracy: 71.41%

Per-Class Validation Accuracy:
  No Thrust: 34.38% (55/160)
  Chemical: 98.12% (157/160)
  Electric: 56.25% (90/160)
  Impulsive: 96.88% (155/160)
Epoch [31/100], Training Loss: 0.4245
Validation Loss: 0.4291, Validation Accuracy: 72.50%

Per-Class Validation Accuracy:
  No Thrust: 77.50% (124/160)
  Chemical: 98.12% (157/160)
  Electric: 18.12% (29/160)
  Impulsive: 96.25% (154/160)
Epoch [32/100], Training Loss: 0.4034
Validation Loss: 0.4596, Validation Accuracy: 72.81%

Per-Class Validation Accuracy:
  No Thrust: 25.00% (40/160)
  Chemical: 98.12% (157/160)
  Electric: 71.88% (115/160)
  Impulsive: 96.25% (154/160)
Epoch [33/100], Training Loss: 0.4340
Validation Loss: 0.4379, Validation Accuracy: 71.09%

Per-Class Validation Accuracy:
  No Thrust: 33.75% (54/160)
  Chemical: 98.12% (157/160)
  Electric: 56.25% (90/160)
  Impulsive: 96.25% (154/160)
Epoch [34/100], Training Loss: 0.3945
Validation Loss: 0.4491, Validation Accuracy: 71.41%

Per-Class Validation Accuracy:
  No Thrust: 41.88% (67/160)
  Chemical: 98.12% (157/160)
  Electric: 48.75% (78/160)
  Impulsive: 96.88% (155/160)
Epoch [35/100], Training Loss: 0.3922
Validation Loss: 0.4066, Validation Accuracy: 73.75%

Per-Class Validation Accuracy:
  No Thrust: 63.75% (102/160)
  Chemical: 98.12% (157/160)
  Electric: 35.00% (56/160)
  Impulsive: 98.12% (157/160)
Epoch [36/100], Training Loss: 0.3921
Validation Loss: 0.4107, Validation Accuracy: 72.66%

Per-Class Validation Accuracy:
  No Thrust: 86.88% (139/160)
  Chemical: 98.12% (157/160)
  Electric: 8.12% (13/160)
  Impulsive: 97.50% (156/160)
Epoch [37/100], Training Loss: 0.3906
Validation Loss: 0.4167, Validation Accuracy: 73.91%

Per-Class Validation Accuracy:
  No Thrust: 22.50% (36/160)
  Chemical: 98.12% (157/160)
  Electric: 77.50% (124/160)
  Impulsive: 97.50% (156/160)
Epoch [38/100], Training Loss: 0.3769
Validation Loss: 0.4073, Validation Accuracy: 75.00%

Per-Class Validation Accuracy:
  No Thrust: 69.38% (111/160)
  Chemical: 98.12% (157/160)
  Electric: 34.38% (55/160)
  Impulsive: 98.12% (157/160)
Epoch [39/100], Training Loss: 0.3892
Validation Loss: 0.4272, Validation Accuracy: 70.78%

Per-Class Validation Accuracy:
  No Thrust: 40.62% (65/160)
  Chemical: 98.12% (157/160)
  Electric: 46.88% (75/160)
  Impulsive: 97.50% (156/160)
Epoch [40/100], Training Loss: 0.3747
Validation Loss: 0.4293, Validation Accuracy: 71.72%

Per-Class Validation Accuracy:
  No Thrust: 40.62% (65/160)
  Chemical: 98.12% (157/160)
  Electric: 50.00% (80/160)
  Impulsive: 98.12% (157/160)
Epoch [41/100], Training Loss: 0.3719
Validation Loss: 0.4307, Validation Accuracy: 73.75%

Per-Class Validation Accuracy:
  No Thrust: 20.00% (32/160)
  Chemical: 98.12% (157/160)
  Electric: 78.75% (126/160)
  Impulsive: 98.12% (157/160)
Epoch [42/100], Training Loss: 0.3683
Validation Loss: 0.4111, Validation Accuracy: 71.41%

Per-Class Validation Accuracy:
  No Thrust: 61.88% (99/160)
  Chemical: 98.12% (157/160)
  Electric: 27.50% (44/160)
  Impulsive: 98.12% (157/160)
Epoch [43/100], Training Loss: 0.3676
Validation Loss: 0.4144, Validation Accuracy: 71.41%

Per-Class Validation Accuracy:
  No Thrust: 52.50% (84/160)
  Chemical: 98.12% (157/160)
  Electric: 36.88% (59/160)
  Impulsive: 98.12% (157/160)
Epoch [44/100], Training Loss: 0.3599
Validation Loss: 0.4064, Validation Accuracy: 70.78%

Per-Class Validation Accuracy:
  No Thrust: 67.50% (108/160)
  Chemical: 98.12% (157/160)
  Electric: 19.38% (31/160)
  Impulsive: 98.12% (157/160)
Epoch [45/100], Training Loss: 0.3600
Validation Loss: 0.4158, Validation Accuracy: 70.62%

Per-Class Validation Accuracy:
  No Thrust: 63.12% (101/160)
  Chemical: 98.12% (157/160)
  Electric: 23.12% (37/160)
  Impulsive: 98.12% (157/160)
Epoch [46/100], Training Loss: 0.3582
Validation Loss: 0.4145, Validation Accuracy: 71.09%

Per-Class Validation Accuracy:
  No Thrust: 74.38% (119/160)
  Chemical: 98.12% (157/160)
  Electric: 13.75% (22/160)
  Impulsive: 98.12% (157/160)
Epoch [47/100], Training Loss: 0.3587
Validation Loss: 0.4154, Validation Accuracy: 72.66%

Per-Class Validation Accuracy:
  No Thrust: 43.75% (70/160)
  Chemical: 98.12% (157/160)
  Electric: 50.62% (81/160)
  Impulsive: 98.12% (157/160)
Epoch [48/100], Training Loss: 0.3559
Validation Loss: 0.4283, Validation Accuracy: 69.06%

Per-Class Validation Accuracy:
  No Thrust: 28.75% (46/160)
  Chemical: 98.12% (157/160)
  Electric: 51.25% (82/160)
  Impulsive: 98.12% (157/160)
Epoch [49/100], Training Loss: 0.3595
Validation Loss: 0.4193, Validation Accuracy: 72.50%

Per-Class Validation Accuracy:
  No Thrust: 36.88% (59/160)
  Chemical: 98.12% (157/160)
  Electric: 56.88% (91/160)
  Impulsive: 98.12% (157/160)
Epoch [50/100], Training Loss: 0.3587
Validation Loss: 0.4192, Validation Accuracy: 72.97%

Per-Class Validation Accuracy:
  No Thrust: 92.50% (148/160)
  Chemical: 98.12% (157/160)
  Electric: 3.12% (5/160)
  Impulsive: 98.12% (157/160)
Epoch [51/100], Training Loss: 0.3664
Validation Loss: 0.4084, Validation Accuracy: 71.25%

Per-Class Validation Accuracy:
  No Thrust: 55.62% (89/160)
  Chemical: 98.12% (157/160)
  Electric: 33.12% (53/160)
  Impulsive: 98.12% (157/160)
Epoch [52/100], Training Loss: 0.3452
Validation Loss: 0.4115, Validation Accuracy: 70.78%

Per-Class Validation Accuracy:
  No Thrust: 53.12% (85/160)
  Chemical: 98.12% (157/160)
  Electric: 33.75% (54/160)
  Impulsive: 98.12% (157/160)
Epoch [53/100], Training Loss: 0.3527
Validation Loss: 0.4127, Validation Accuracy: 72.03%

Per-Class Validation Accuracy:
  No Thrust: 46.88% (75/160)
  Chemical: 98.12% (157/160)
  Electric: 45.00% (72/160)
  Impulsive: 98.12% (157/160)
Epoch [54/100], Training Loss: 0.3499
Validation Loss: 0.4105, Validation Accuracy: 70.47%

Per-Class Validation Accuracy:
  No Thrust: 49.38% (79/160)
  Chemical: 98.12% (157/160)
  Electric: 36.25% (58/160)
  Impulsive: 98.12% (157/160)
Early stopping triggered.

	Elapsed time is 26.1789 seconds.

==========================================================================================
Total parameters: 6106
Total memory (bytes): 48848
Total memory (MB): 0.0465850830078125
==========================================================================================

Mamba Validation
Validation Loss: 0.4105, Validation Accuracy: 70.47%

Per-Class Validation Accuracy:
  No Thrust: 49.38% (79/160)
  Chemical: 98.12% (157/160)
  Electric: 36.25% (58/160)
  Impulsive: 98.12% (157/160)

Classification Report:
              precision    recall  f1-score   support

   No Thrust     0.4317    0.4938    0.4606       160
    Chemical     0.9937    0.9812    0.9874       160
    Electric     0.4085    0.3625    0.3841       160
   Impulsive     1.0000    0.9812    0.9905       160

    accuracy                         0.7047       640
   macro avg     0.7085    0.7047    0.7057       640
weighted avg     0.7085    0.7047    0.7057       640


Confusion Matrix (rows = true, cols = predicted):
             P_No Thrust  P_Chemical  P_Electric  P_Impulsive
T_No Thrust           79           0          81            0
T_Chemical             2         157           1            0
T_Electric           101           1          58            0
T_Impulsive            1           0           2          157

Mamba Inference Time	Elapsed time is 0.1814 seconds.

Entering Transformer Training Loop
Epoch [1/100], Training Loss: 1.3703
Validation Loss: 1.3134, Validation Accuracy: 30.94%

Per-Class Validation Accuracy:
  No Thrust: 99.38% (159/160)
  Chemical: 11.88% (19/160)
  Electric: 0.00% (0/160)
  Impulsive: 12.50% (20/160)
Epoch [2/100], Training Loss: 1.1749
Validation Loss: 1.0863, Validation Accuracy: 47.34%

Per-Class Validation Accuracy:
  No Thrust: 35.00% (56/160)
  Chemical: 97.50% (156/160)
  Electric: 26.25% (42/160)
  Impulsive: 30.62% (49/160)
Epoch [3/100], Training Loss: 1.0241
Validation Loss: 0.9402, Validation Accuracy: 50.78%

Per-Class Validation Accuracy:
  No Thrust: 32.50% (52/160)
  Chemical: 88.12% (141/160)
  Electric: 54.38% (87/160)
  Impulsive: 28.12% (45/160)
Epoch [4/100], Training Loss: 0.9374
Validation Loss: 0.8971, Validation Accuracy: 52.19%

Per-Class Validation Accuracy:
  No Thrust: 36.25% (58/160)
  Chemical: 92.50% (148/160)
  Electric: 50.62% (81/160)
  Impulsive: 29.38% (47/160)
Epoch [5/100], Training Loss: 0.9104
Validation Loss: 0.8615, Validation Accuracy: 56.56%

Per-Class Validation Accuracy:
  No Thrust: 83.75% (134/160)
  Chemical: 79.38% (127/160)
  Electric: 2.50% (4/160)
  Impulsive: 60.62% (97/160)
Epoch [6/100], Training Loss: 0.8504
Validation Loss: 0.8740, Validation Accuracy: 54.38%

Per-Class Validation Accuracy:
  No Thrust: 75.62% (121/160)
  Chemical: 78.75% (126/160)
  Electric: 11.88% (19/160)
  Impulsive: 51.25% (82/160)
Epoch [7/100], Training Loss: 0.8186
Validation Loss: 0.7846, Validation Accuracy: 58.12%

Per-Class Validation Accuracy:
  No Thrust: 48.12% (77/160)
  Chemical: 91.25% (146/160)
  Electric: 39.38% (63/160)
  Impulsive: 53.75% (86/160)
Epoch [8/100], Training Loss: 0.7743
Validation Loss: 0.7708, Validation Accuracy: 57.34%

Per-Class Validation Accuracy:
  No Thrust: 25.62% (41/160)
  Chemical: 98.75% (158/160)
  Electric: 58.75% (94/160)
  Impulsive: 46.25% (74/160)
Epoch [9/100], Training Loss: 0.7972
Validation Loss: 0.7896, Validation Accuracy: 56.88%

Per-Class Validation Accuracy:
  No Thrust: 75.62% (121/160)
  Chemical: 62.50% (100/160)
  Electric: 5.62% (9/160)
  Impulsive: 83.75% (134/160)
Epoch [10/100], Training Loss: 0.7716
Validation Loss: 0.7242, Validation Accuracy: 60.94%

Per-Class Validation Accuracy:
  No Thrust: 78.75% (126/160)
  Chemical: 93.75% (150/160)
  Electric: 5.00% (8/160)
  Impulsive: 66.25% (106/160)
Epoch [11/100], Training Loss: 0.7416
Validation Loss: 0.8101, Validation Accuracy: 56.56%

Per-Class Validation Accuracy:
  No Thrust: 82.50% (132/160)
  Chemical: 61.88% (99/160)
  Electric: 0.62% (1/160)
  Impulsive: 81.25% (130/160)
Epoch [12/100], Training Loss: 0.7511
Validation Loss: 0.7604, Validation Accuracy: 57.97%

Per-Class Validation Accuracy:
  No Thrust: 11.25% (18/160)
  Chemical: 64.38% (103/160)
  Electric: 71.88% (115/160)
  Impulsive: 84.38% (135/160)
Epoch [13/100], Training Loss: 0.7000
Validation Loss: 0.6812, Validation Accuracy: 62.34%

Per-Class Validation Accuracy:
  No Thrust: 89.38% (143/160)
  Chemical: 82.50% (132/160)
  Electric: 0.00% (0/160)
  Impulsive: 77.50% (124/160)
Epoch [14/100], Training Loss: 0.6954
Validation Loss: 0.7238, Validation Accuracy: 58.44%

Per-Class Validation Accuracy:
  No Thrust: 74.38% (119/160)
  Chemical: 90.62% (145/160)
  Electric: 16.25% (26/160)
  Impulsive: 52.50% (84/160)
Epoch [15/100], Training Loss: 0.6824
Validation Loss: 0.6934, Validation Accuracy: 60.78%

Per-Class Validation Accuracy:
  No Thrust: 51.25% (82/160)
  Chemical: 94.38% (151/160)
  Electric: 30.00% (48/160)
  Impulsive: 67.50% (108/160)
Epoch [16/100], Training Loss: 0.7038
Validation Loss: 0.7238, Validation Accuracy: 58.28%

Per-Class Validation Accuracy:
  No Thrust: 39.38% (63/160)
  Chemical: 86.25% (138/160)
  Electric: 44.38% (71/160)
  Impulsive: 63.12% (101/160)
Epoch [17/100], Training Loss: 0.6495
Validation Loss: 0.6730, Validation Accuracy: 62.66%

Per-Class Validation Accuracy:
  No Thrust: 26.88% (43/160)
  Chemical: 83.75% (134/160)
  Electric: 63.12% (101/160)
  Impulsive: 76.88% (123/160)
Epoch [18/100], Training Loss: 0.6493
Validation Loss: 0.6860, Validation Accuracy: 60.94%

Per-Class Validation Accuracy:
  No Thrust: 53.12% (85/160)
  Chemical: 75.00% (120/160)
  Electric: 31.88% (51/160)
  Impulsive: 83.75% (134/160)
Epoch [19/100], Training Loss: 0.6324
Validation Loss: 0.6237, Validation Accuracy: 63.28%

Per-Class Validation Accuracy:
  No Thrust: 43.75% (70/160)
  Chemical: 89.38% (143/160)
  Electric: 49.38% (79/160)
  Impulsive: 70.62% (113/160)
Epoch [20/100], Training Loss: 0.6885
Validation Loss: 0.6835, Validation Accuracy: 60.31%

Per-Class Validation Accuracy:
  No Thrust: 80.00% (128/160)
  Chemical: 73.12% (117/160)
  Electric: 8.12% (13/160)
  Impulsive: 80.00% (128/160)
Epoch [21/100], Training Loss: 0.6165
Validation Loss: 0.6861, Validation Accuracy: 62.66%

Per-Class Validation Accuracy:
  No Thrust: 9.38% (15/160)
  Chemical: 94.38% (151/160)
  Electric: 87.50% (140/160)
  Impulsive: 59.38% (95/160)
Epoch [22/100], Training Loss: 0.6456
Validation Loss: 0.6694, Validation Accuracy: 62.81%

Per-Class Validation Accuracy:
  No Thrust: 36.88% (59/160)
  Chemical: 92.50% (148/160)
  Electric: 56.25% (90/160)
  Impulsive: 65.62% (105/160)
Epoch [23/100], Training Loss: 0.6248
Validation Loss: 0.7363, Validation Accuracy: 60.62%

Per-Class Validation Accuracy:
  No Thrust: 33.12% (53/160)
  Chemical: 78.75% (126/160)
  Electric: 56.88% (91/160)
  Impulsive: 73.75% (118/160)
Epoch [24/100], Training Loss: 0.5816
Validation Loss: 0.6035, Validation Accuracy: 65.00%

Per-Class Validation Accuracy:
  No Thrust: 30.00% (48/160)
  Chemical: 84.38% (135/160)
  Electric: 63.75% (102/160)
  Impulsive: 81.88% (131/160)
Epoch [25/100], Training Loss: 0.5681
Validation Loss: 0.6528, Validation Accuracy: 64.06%

Per-Class Validation Accuracy:
  No Thrust: 49.38% (79/160)
  Chemical: 86.25% (138/160)
  Electric: 48.75% (78/160)
  Impulsive: 71.88% (115/160)
Epoch [26/100], Training Loss: 0.5562
Validation Loss: 0.5849, Validation Accuracy: 65.00%

Per-Class Validation Accuracy:
  No Thrust: 40.62% (65/160)
  Chemical: 84.38% (135/160)
  Electric: 51.25% (82/160)
  Impulsive: 83.75% (134/160)
Epoch [27/100], Training Loss: 0.5376
Validation Loss: 0.6265, Validation Accuracy: 62.66%

Per-Class Validation Accuracy:
  No Thrust: 39.38% (63/160)
  Chemical: 77.50% (124/160)
  Electric: 47.50% (76/160)
  Impulsive: 86.25% (138/160)
Epoch [28/100], Training Loss: 0.5283
Validation Loss: 0.6412, Validation Accuracy: 63.12%

Per-Class Validation Accuracy:
  No Thrust: 48.75% (78/160)
  Chemical: 81.25% (130/160)
  Electric: 42.50% (68/160)
  Impulsive: 80.00% (128/160)
Epoch [29/100], Training Loss: 0.5392
Validation Loss: 0.6559, Validation Accuracy: 63.75%

Per-Class Validation Accuracy:
  No Thrust: 18.12% (29/160)
  Chemical: 81.25% (130/160)
  Electric: 78.75% (126/160)
  Impulsive: 76.88% (123/160)
Epoch [30/100], Training Loss: 0.6192
Validation Loss: 0.5966, Validation Accuracy: 67.03%

Per-Class Validation Accuracy:
  No Thrust: 53.75% (86/160)
  Chemical: 88.12% (141/160)
  Electric: 41.25% (66/160)
  Impulsive: 85.00% (136/160)
Epoch [31/100], Training Loss: 0.5472
Validation Loss: 0.5760, Validation Accuracy: 65.00%

Per-Class Validation Accuracy:
  No Thrust: 21.25% (34/160)
  Chemical: 90.62% (145/160)
  Electric: 70.62% (113/160)
  Impulsive: 77.50% (124/160)
Epoch [32/100], Training Loss: 0.5801
Validation Loss: 0.5598, Validation Accuracy: 67.81%

Per-Class Validation Accuracy:
  No Thrust: 47.50% (76/160)
  Chemical: 90.62% (145/160)
  Electric: 45.62% (73/160)
  Impulsive: 87.50% (140/160)
Epoch [33/100], Training Loss: 0.5111
Validation Loss: 0.5943, Validation Accuracy: 66.25%

Per-Class Validation Accuracy:
  No Thrust: 46.25% (74/160)
  Chemical: 85.00% (136/160)
  Electric: 48.75% (78/160)
  Impulsive: 85.00% (136/160)
Epoch [34/100], Training Loss: 0.5087
Validation Loss: 0.6545, Validation Accuracy: 65.47%

Per-Class Validation Accuracy:
  No Thrust: 94.38% (151/160)
  Chemical: 85.00% (136/160)
  Electric: 2.50% (4/160)
  Impulsive: 80.00% (128/160)
Epoch [35/100], Training Loss: 0.4977
Validation Loss: 0.5670, Validation Accuracy: 68.75%

Per-Class Validation Accuracy:
  No Thrust: 11.25% (18/160)
  Chemical: 91.88% (147/160)
  Electric: 83.75% (134/160)
  Impulsive: 88.12% (141/160)
Epoch [36/100], Training Loss: 0.5066
Validation Loss: 0.6461, Validation Accuracy: 63.91%

Per-Class Validation Accuracy:
  No Thrust: 80.00% (128/160)
  Chemical: 80.00% (128/160)
  Electric: 13.75% (22/160)
  Impulsive: 81.88% (131/160)
Epoch [37/100], Training Loss: 0.4823
Validation Loss: 0.5766, Validation Accuracy: 65.94%

Per-Class Validation Accuracy:
  No Thrust: 1.88% (3/160)
  Chemical: 82.50% (132/160)
  Electric: 91.25% (146/160)
  Impulsive: 88.12% (141/160)
Epoch [38/100], Training Loss: 0.5401
Validation Loss: 0.5900, Validation Accuracy: 64.22%

Per-Class Validation Accuracy:
  No Thrust: 16.88% (27/160)
  Chemical: 69.38% (111/160)
  Electric: 78.12% (125/160)
  Impulsive: 92.50% (148/160)
Epoch [39/100], Training Loss: 0.4631
Validation Loss: 0.5627, Validation Accuracy: 67.50%

Per-Class Validation Accuracy:
  No Thrust: 50.00% (80/160)
  Chemical: 88.12% (141/160)
  Electric: 42.50% (68/160)
  Impulsive: 89.38% (143/160)
Epoch [40/100], Training Loss: 0.4308
Validation Loss: 0.5526, Validation Accuracy: 68.59%

Per-Class Validation Accuracy:
  No Thrust: 35.00% (56/160)
  Chemical: 93.12% (149/160)
  Electric: 60.62% (97/160)
  Impulsive: 85.62% (137/160)
Epoch [41/100], Training Loss: 0.4100
Validation Loss: 0.5496, Validation Accuracy: 68.44%

Per-Class Validation Accuracy:
  No Thrust: 37.50% (60/160)
  Chemical: 83.75% (134/160)
  Electric: 59.38% (95/160)
  Impulsive: 93.12% (149/160)
Epoch [42/100], Training Loss: 0.4110
Validation Loss: 0.5787, Validation Accuracy: 67.97%

Per-Class Validation Accuracy:
  No Thrust: 61.25% (98/160)
  Chemical: 83.75% (134/160)
  Electric: 39.38% (63/160)
  Impulsive: 87.50% (140/160)
Epoch [43/100], Training Loss: 0.3930
Validation Loss: 0.5536, Validation Accuracy: 67.50%

Per-Class Validation Accuracy:
  No Thrust: 53.75% (86/160)
  Chemical: 86.25% (138/160)
  Electric: 41.88% (67/160)
  Impulsive: 88.12% (141/160)
Epoch [44/100], Training Loss: 0.3940
Validation Loss: 0.5820, Validation Accuracy: 67.50%

Per-Class Validation Accuracy:
  No Thrust: 54.38% (87/160)
  Chemical: 84.38% (135/160)
  Electric: 41.88% (67/160)
  Impulsive: 89.38% (143/160)
Epoch [45/100], Training Loss: 0.3997
Validation Loss: 0.5185, Validation Accuracy: 68.91%

Per-Class Validation Accuracy:
  No Thrust: 55.62% (89/160)
  Chemical: 86.88% (139/160)
  Electric: 41.25% (66/160)
  Impulsive: 91.88% (147/160)
Epoch [46/100], Training Loss: 0.4248
Validation Loss: 0.5315, Validation Accuracy: 70.00%

Per-Class Validation Accuracy:
  No Thrust: 33.12% (53/160)
  Chemical: 91.25% (146/160)
  Electric: 68.12% (109/160)
  Impulsive: 87.50% (140/160)
Epoch [47/100], Training Loss: 0.4106
Validation Loss: 0.5467, Validation Accuracy: 68.59%

Per-Class Validation Accuracy:
  No Thrust: 78.12% (125/160)
  Chemical: 86.25% (138/160)
  Electric: 21.25% (34/160)
  Impulsive: 88.75% (142/160)
Epoch [48/100], Training Loss: 0.3872
Validation Loss: 0.6036, Validation Accuracy: 67.34%

Per-Class Validation Accuracy:
  No Thrust: 76.88% (123/160)
  Chemical: 78.12% (125/160)
  Electric: 20.62% (33/160)
  Impulsive: 93.75% (150/160)
Epoch [49/100], Training Loss: 0.3937
Validation Loss: 0.6170, Validation Accuracy: 68.12%

Per-Class Validation Accuracy:
  No Thrust: 50.00% (80/160)
  Chemical: 90.62% (145/160)
  Electric: 46.88% (75/160)
  Impulsive: 85.00% (136/160)
Epoch [50/100], Training Loss: 0.4113
Validation Loss: 0.7345, Validation Accuracy: 63.91%

Per-Class Validation Accuracy:
  No Thrust: 45.62% (73/160)
  Chemical: 81.25% (130/160)
  Electric: 51.25% (82/160)
  Impulsive: 77.50% (124/160)
Epoch [51/100], Training Loss: 0.4785
Validation Loss: 0.5762, Validation Accuracy: 66.09%

Per-Class Validation Accuracy:
  No Thrust: 32.50% (52/160)
  Chemical: 79.38% (127/160)
  Electric: 57.50% (92/160)
  Impulsive: 95.00% (152/160)
Epoch [52/100], Training Loss: 0.3968
Validation Loss: 0.5182, Validation Accuracy: 67.81%

Per-Class Validation Accuracy:
  No Thrust: 46.25% (74/160)
  Chemical: 87.50% (140/160)
  Electric: 43.12% (69/160)
  Impulsive: 94.38% (151/160)
Epoch [53/100], Training Loss: 0.3938
Validation Loss: 0.5109, Validation Accuracy: 68.44%

Per-Class Validation Accuracy:
  No Thrust: 61.25% (98/160)
  Chemical: 87.50% (140/160)
  Electric: 31.88% (51/160)
  Impulsive: 93.12% (149/160)
Epoch [54/100], Training Loss: 0.3808
Validation Loss: 0.5259, Validation Accuracy: 67.81%

Per-Class Validation Accuracy:
  No Thrust: 53.75% (86/160)
  Chemical: 88.75% (142/160)
  Electric: 36.88% (59/160)
  Impulsive: 91.88% (147/160)
Epoch [55/100], Training Loss: 0.3720
Validation Loss: 0.5252, Validation Accuracy: 68.91%

Per-Class Validation Accuracy:
  No Thrust: 55.00% (88/160)
  Chemical: 86.88% (139/160)
  Electric: 38.75% (62/160)
  Impulsive: 95.00% (152/160)
Epoch [56/100], Training Loss: 0.3616
Validation Loss: 0.5301, Validation Accuracy: 68.28%

Per-Class Validation Accuracy:
  No Thrust: 56.88% (91/160)
  Chemical: 90.62% (145/160)
  Electric: 35.00% (56/160)
  Impulsive: 90.62% (145/160)
Epoch [57/100], Training Loss: 0.3709
Validation Loss: 0.5225, Validation Accuracy: 67.97%

Per-Class Validation Accuracy:
  No Thrust: 51.88% (83/160)
  Chemical: 88.12% (141/160)
  Electric: 39.38% (63/160)
  Impulsive: 92.50% (148/160)
Epoch [58/100], Training Loss: 0.3546
Validation Loss: 0.5134, Validation Accuracy: 69.69%

Per-Class Validation Accuracy:
  No Thrust: 63.12% (101/160)
  Chemical: 92.50% (148/160)
  Electric: 31.88% (51/160)
  Impulsive: 91.25% (146/160)
Epoch [59/100], Training Loss: 0.3616
Validation Loss: 0.5078, Validation Accuracy: 69.06%

Per-Class Validation Accuracy:
  No Thrust: 65.00% (104/160)
  Chemical: 91.88% (147/160)
  Electric: 28.12% (45/160)
  Impulsive: 91.25% (146/160)
Epoch [60/100], Training Loss: 0.3573
Validation Loss: 0.5257, Validation Accuracy: 68.12%

Per-Class Validation Accuracy:
  No Thrust: 52.50% (84/160)
  Chemical: 89.38% (143/160)
  Electric: 38.12% (61/160)
  Impulsive: 92.50% (148/160)
Epoch [61/100], Training Loss: 0.3551
Validation Loss: 0.5240, Validation Accuracy: 68.59%

Per-Class Validation Accuracy:
  No Thrust: 56.88% (91/160)
  Chemical: 90.62% (145/160)
  Electric: 35.62% (57/160)
  Impulsive: 91.25% (146/160)
Epoch [62/100], Training Loss: 0.3534
Validation Loss: 0.5151, Validation Accuracy: 68.91%

Per-Class Validation Accuracy:
  No Thrust: 52.50% (84/160)
  Chemical: 93.75% (150/160)
  Electric: 38.75% (62/160)
  Impulsive: 90.62% (145/160)
Epoch [63/100], Training Loss: 0.3578
Validation Loss: 0.5105, Validation Accuracy: 68.75%

Per-Class Validation Accuracy:
  No Thrust: 64.38% (103/160)
  Chemical: 89.38% (143/160)
  Electric: 28.75% (46/160)
  Impulsive: 92.50% (148/160)
Epoch [64/100], Training Loss: 0.3600
Validation Loss: 0.5291, Validation Accuracy: 67.66%

Per-Class Validation Accuracy:
  No Thrust: 51.25% (82/160)
  Chemical: 85.62% (137/160)
  Electric: 40.62% (65/160)
  Impulsive: 93.12% (149/160)
Epoch [65/100], Training Loss: 0.3595
Validation Loss: 0.5304, Validation Accuracy: 68.44%

Per-Class Validation Accuracy:
  No Thrust: 42.50% (68/160)
  Chemical: 93.75% (150/160)
  Electric: 47.50% (76/160)
  Impulsive: 90.00% (144/160)
Epoch [66/100], Training Loss: 0.3530
Validation Loss: 0.5337, Validation Accuracy: 68.12%

Per-Class Validation Accuracy:
  No Thrust: 57.50% (92/160)
  Chemical: 88.75% (142/160)
  Electric: 34.38% (55/160)
  Impulsive: 91.88% (147/160)
Epoch [67/100], Training Loss: 0.3471
Validation Loss: 0.5256, Validation Accuracy: 68.12%

Per-Class Validation Accuracy:
  No Thrust: 54.38% (87/160)
  Chemical: 89.38% (143/160)
  Electric: 36.25% (58/160)
  Impulsive: 92.50% (148/160)
Epoch [68/100], Training Loss: 0.3436
Validation Loss: 0.5084, Validation Accuracy: 69.53%

Per-Class Validation Accuracy:
  No Thrust: 61.25% (98/160)
  Chemical: 92.50% (148/160)
  Electric: 32.50% (52/160)
  Impulsive: 91.88% (147/160)
Epoch [69/100], Training Loss: 0.3445
Validation Loss: 0.5110, Validation Accuracy: 68.75%

Per-Class Validation Accuracy:
  No Thrust: 54.38% (87/160)
  Chemical: 91.88% (147/160)
  Electric: 36.88% (59/160)
  Impulsive: 91.88% (147/160)
Early stopping triggered.

	Elapsed time is 56.2274 seconds.

==========================================================================================
Total parameters: 41940
Total memory (bytes): 335520
Total memory (MB): 0.319976806640625
==========================================================================================

Transformer Validation
Validation Loss: 0.5110, Validation Accuracy: 68.75%

Per-Class Validation Accuracy:
  No Thrust: 54.38% (87/160)
  Chemical: 91.88% (147/160)
  Electric: 36.88% (59/160)
  Impulsive: 91.88% (147/160)

Classification Report:
              precision    recall  f1-score   support

   No Thrust     0.4508    0.5437    0.4929       160
    Chemical     0.9423    0.9187    0.9304       160
    Electric     0.4504    0.3688    0.4055       160
   Impulsive     0.9187    0.9187    0.9187       160

    accuracy                         0.6875       640
   macro avg     0.6906    0.6875    0.6869       640
weighted avg     0.6906    0.6875    0.6869       640


Confusion Matrix (rows = true, cols = predicted):
             P_No Thrust  P_Chemical  P_Electric  P_Impulsive
T_No Thrust           87           1          70            2
T_Chemical             2         147           1           10
T_Electric           100           0          59            1
T_Impulsive            4           8           1          147

Transformer Inference Time	Elapsed time is 0.2787 seconds.

Entering MLP Training Loop
Validation Loss: 0.2894, Validation Accuracy: 26.41%

Per-Class Validation Accuracy:
  No Thrust: 13.12% (21/160)
  Chemical: 85.62% (137/160)
  Electric: 1.88% (3/160)
  Impulsive: 5.00% (8/160)
Epoch [1/100], Training Loss: 0.2724
Validation Loss: 0.2811, Validation Accuracy: 31.25%

Per-Class Validation Accuracy:
  No Thrust: 18.75% (30/160)
  Chemical: 77.50% (124/160)
  Electric: 8.12% (13/160)
  Impulsive: 20.62% (33/160)
Epoch [2/100], Training Loss: 0.1327
Validation Loss: 0.2750, Validation Accuracy: 38.28%

Per-Class Validation Accuracy:
  No Thrust: 26.25% (42/160)
  Chemical: 65.00% (104/160)
  Electric: 16.88% (27/160)
  Impulsive: 45.00% (72/160)
Epoch [3/100], Training Loss: 0.0875
Validation Loss: 0.2685, Validation Accuracy: 43.91%

Per-Class Validation Accuracy:
  No Thrust: 31.25% (50/160)
  Chemical: 58.75% (94/160)
  Electric: 28.12% (45/160)
  Impulsive: 57.50% (92/160)
Epoch [4/100], Training Loss: 0.0644
Validation Loss: 0.2633, Validation Accuracy: 47.19%

Per-Class Validation Accuracy:
  No Thrust: 38.12% (61/160)
  Chemical: 46.88% (75/160)
  Electric: 38.75% (62/160)
  Impulsive: 65.00% (104/160)
Epoch [5/100], Training Loss: 0.0508
Validation Loss: 0.2590, Validation Accuracy: 48.44%

Per-Class Validation Accuracy:
  No Thrust: 40.62% (65/160)
  Chemical: 38.75% (62/160)
  Electric: 45.62% (73/160)
  Impulsive: 68.75% (110/160)
Epoch [6/100], Training Loss: 0.0414
Validation Loss: 0.2560, Validation Accuracy: 50.00%

Per-Class Validation Accuracy:
  No Thrust: 42.50% (68/160)
  Chemical: 33.12% (53/160)
  Electric: 51.88% (83/160)
  Impulsive: 72.50% (116/160)
Epoch [7/100], Training Loss: 0.0354
Validation Loss: 0.2527, Validation Accuracy: 50.47%

Per-Class Validation Accuracy:
  No Thrust: 44.38% (71/160)
  Chemical: 30.00% (48/160)
  Electric: 53.12% (85/160)
  Impulsive: 74.38% (119/160)
Epoch [8/100], Training Loss: 0.0302
Validation Loss: 0.2493, Validation Accuracy: 50.62%

Per-Class Validation Accuracy:
  No Thrust: 46.25% (74/160)
  Chemical: 28.12% (45/160)
  Electric: 53.12% (85/160)
  Impulsive: 75.00% (120/160)
Epoch [9/100], Training Loss: 0.0256
Validation Loss: 0.2465, Validation Accuracy: 50.31%

Per-Class Validation Accuracy:
  No Thrust: 46.88% (75/160)
  Chemical: 26.88% (43/160)
  Electric: 52.50% (84/160)
  Impulsive: 75.00% (120/160)
Epoch [10/100], Training Loss: 0.0234
Validation Loss: 0.2440, Validation Accuracy: 50.78%

Per-Class Validation Accuracy:
  No Thrust: 46.88% (75/160)
  Chemical: 30.00% (48/160)
  Electric: 50.00% (80/160)
  Impulsive: 76.25% (122/160)
Epoch [11/100], Training Loss: 0.0215
Validation Loss: 0.2420, Validation Accuracy: 51.41%

Per-Class Validation Accuracy:
  No Thrust: 46.88% (75/160)
  Chemical: 31.25% (50/160)
  Electric: 51.25% (82/160)
  Impulsive: 76.25% (122/160)
Epoch [12/100], Training Loss: 0.0188
Validation Loss: 0.2398, Validation Accuracy: 52.50%

Per-Class Validation Accuracy:
  No Thrust: 46.88% (75/160)
  Chemical: 35.00% (56/160)
  Electric: 50.62% (81/160)
  Impulsive: 77.50% (124/160)
Epoch [13/100], Training Loss: 0.0178
Validation Loss: 0.2378, Validation Accuracy: 52.81%

Per-Class Validation Accuracy:
  No Thrust: 46.88% (75/160)
  Chemical: 36.25% (58/160)
  Electric: 50.00% (80/160)
  Impulsive: 78.12% (125/160)
Epoch [14/100], Training Loss: 0.0158
Validation Loss: 0.2356, Validation Accuracy: 53.91%

Per-Class Validation Accuracy:
  No Thrust: 48.12% (77/160)
  Chemical: 38.75% (62/160)
  Electric: 50.62% (81/160)
  Impulsive: 78.12% (125/160)
Epoch [15/100], Training Loss: 0.0155
Validation Loss: 0.2338, Validation Accuracy: 54.53%

Per-Class Validation Accuracy:
  No Thrust: 50.62% (81/160)
  Chemical: 43.12% (69/160)
  Electric: 46.25% (74/160)
  Impulsive: 78.12% (125/160)
Epoch [16/100], Training Loss: 0.0142
Validation Loss: 0.2330, Validation Accuracy: 55.47%

Per-Class Validation Accuracy:
  No Thrust: 49.38% (79/160)
  Chemical: 45.62% (73/160)
  Electric: 48.12% (77/160)
  Impulsive: 78.75% (126/160)
Epoch [17/100], Training Loss: 0.0126
Validation Loss: 0.2322, Validation Accuracy: 55.94%

Per-Class Validation Accuracy:
  No Thrust: 46.88% (75/160)
  Chemical: 46.25% (74/160)
  Electric: 51.88% (83/160)
  Impulsive: 78.75% (126/160)
Epoch [18/100], Training Loss: 0.0122
Validation Loss: 0.2309, Validation Accuracy: 56.09%

Per-Class Validation Accuracy:
  No Thrust: 46.25% (74/160)
  Chemical: 46.88% (75/160)
  Electric: 51.88% (83/160)
  Impulsive: 79.38% (127/160)
Epoch [19/100], Training Loss: 0.0114
Validation Loss: 0.2305, Validation Accuracy: 56.09%

Per-Class Validation Accuracy:
  No Thrust: 42.50% (68/160)
  Chemical: 47.50% (76/160)
  Electric: 55.00% (88/160)
  Impulsive: 79.38% (127/160)
Epoch [20/100], Training Loss: 0.0105
Validation Loss: 0.2299, Validation Accuracy: 56.25%

Per-Class Validation Accuracy:
  No Thrust: 40.62% (65/160)
  Chemical: 48.12% (77/160)
  Electric: 56.88% (91/160)
  Impulsive: 79.38% (127/160)
Epoch [21/100], Training Loss: 0.0107
Validation Loss: 0.2278, Validation Accuracy: 57.03%

Per-Class Validation Accuracy:
  No Thrust: 43.75% (70/160)
  Chemical: 48.75% (78/160)
  Electric: 55.62% (89/160)
  Impulsive: 80.00% (128/160)
Epoch [22/100], Training Loss: 0.0097
Validation Loss: 0.2270, Validation Accuracy: 57.34%

Per-Class Validation Accuracy:
  No Thrust: 43.12% (69/160)
  Chemical: 50.62% (81/160)
  Electric: 55.62% (89/160)
  Impulsive: 80.00% (128/160)
Epoch [23/100], Training Loss: 0.0089
Validation Loss: 0.2249, Validation Accuracy: 57.03%

Per-Class Validation Accuracy:
  No Thrust: 46.88% (75/160)
  Chemical: 50.62% (81/160)
  Electric: 50.62% (81/160)
  Impulsive: 80.00% (128/160)
Epoch [24/100], Training Loss: 0.0090
Validation Loss: 0.2227, Validation Accuracy: 57.03%

Per-Class Validation Accuracy:
  No Thrust: 55.00% (88/160)
  Chemical: 51.25% (82/160)
  Electric: 41.88% (67/160)
  Impulsive: 80.00% (128/160)
Epoch [25/100], Training Loss: 0.0087
Validation Loss: 0.2210, Validation Accuracy: 57.03%

Per-Class Validation Accuracy:
  No Thrust: 56.25% (90/160)
  Chemical: 52.50% (84/160)
  Electric: 39.38% (63/160)
  Impulsive: 80.00% (128/160)
Epoch [26/100], Training Loss: 0.0081
Validation Loss: 0.2213, Validation Accuracy: 57.50%

Per-Class Validation Accuracy:
  No Thrust: 53.12% (85/160)
  Chemical: 54.38% (87/160)
  Electric: 42.50% (68/160)
  Impulsive: 80.00% (128/160)
Epoch [27/100], Training Loss: 0.0071
Validation Loss: 0.2209, Validation Accuracy: 58.12%

Per-Class Validation Accuracy:
  No Thrust: 50.62% (81/160)
  Chemical: 56.25% (90/160)
  Electric: 45.62% (73/160)
  Impulsive: 80.00% (128/160)
Epoch [28/100], Training Loss: 0.0072
Validation Loss: 0.2198, Validation Accuracy: 57.97%

Per-Class Validation Accuracy:
  No Thrust: 54.38% (87/160)
  Chemical: 56.88% (91/160)
  Electric: 40.62% (65/160)
  Impulsive: 80.00% (128/160)
Epoch [29/100], Training Loss: 0.0069
Validation Loss: 0.2189, Validation Accuracy: 58.91%

Per-Class Validation Accuracy:
  No Thrust: 56.25% (90/160)
  Chemical: 59.38% (95/160)
  Electric: 40.00% (64/160)
  Impulsive: 80.00% (128/160)
Epoch [30/100], Training Loss: 0.0069
Validation Loss: 0.2178, Validation Accuracy: 58.44%

Per-Class Validation Accuracy:
  No Thrust: 53.75% (86/160)
  Chemical: 58.75% (94/160)
  Electric: 41.25% (66/160)
  Impulsive: 80.00% (128/160)
Epoch [31/100], Training Loss: 0.0065
Validation Loss: 0.2175, Validation Accuracy: 58.75%

Per-Class Validation Accuracy:
  No Thrust: 51.25% (82/160)
  Chemical: 59.38% (95/160)
  Electric: 44.38% (71/160)
  Impulsive: 80.00% (128/160)
Epoch [32/100], Training Loss: 0.0062
Validation Loss: 0.2172, Validation Accuracy: 58.91%

Per-Class Validation Accuracy:
  No Thrust: 45.62% (73/160)
  Chemical: 60.00% (96/160)
  Electric: 50.00% (80/160)
  Impulsive: 80.00% (128/160)
Epoch [33/100], Training Loss: 0.0055
Validation Loss: 0.2161, Validation Accuracy: 58.91%

Per-Class Validation Accuracy:
  No Thrust: 48.75% (78/160)
  Chemical: 60.00% (96/160)
  Electric: 46.88% (75/160)
  Impulsive: 80.00% (128/160)
Epoch [34/100], Training Loss: 0.0058
Validation Loss: 0.2154, Validation Accuracy: 59.22%

Per-Class Validation Accuracy:
  No Thrust: 50.00% (80/160)
  Chemical: 61.25% (98/160)
  Electric: 45.00% (72/160)
  Impulsive: 80.62% (129/160)
Epoch [35/100], Training Loss: 0.0051
Validation Loss: 0.2136, Validation Accuracy: 58.91%

Per-Class Validation Accuracy:
  No Thrust: 55.62% (89/160)
  Chemical: 60.62% (97/160)
  Electric: 38.75% (62/160)
  Impulsive: 80.62% (129/160)
Epoch [36/100], Training Loss: 0.0051
Validation Loss: 0.2128, Validation Accuracy: 58.75%

Per-Class Validation Accuracy:
  No Thrust: 55.00% (88/160)
  Chemical: 60.62% (97/160)
  Electric: 38.75% (62/160)
  Impulsive: 80.62% (129/160)
Epoch [37/100], Training Loss: 0.0055
Validation Loss: 0.2123, Validation Accuracy: 59.84%

Per-Class Validation Accuracy:
  No Thrust: 53.12% (85/160)
  Chemical: 65.00% (104/160)
  Electric: 40.62% (65/160)
  Impulsive: 80.62% (129/160)
Epoch [38/100], Training Loss: 0.0051
Validation Loss: 0.2117, Validation Accuracy: 60.16%

Per-Class Validation Accuracy:
  No Thrust: 52.50% (84/160)
  Chemical: 65.62% (105/160)
  Electric: 41.88% (67/160)
  Impulsive: 80.62% (129/160)
Epoch [39/100], Training Loss: 0.0048
Validation Loss: 0.2111, Validation Accuracy: 60.16%

Per-Class Validation Accuracy:
  No Thrust: 55.00% (88/160)
  Chemical: 66.88% (107/160)
  Electric: 37.50% (60/160)
  Impulsive: 81.25% (130/160)
Epoch [40/100], Training Loss: 0.0049
Validation Loss: 0.2099, Validation Accuracy: 60.47%

Per-Class Validation Accuracy:
  No Thrust: 59.38% (95/160)
  Chemical: 68.75% (110/160)
  Electric: 32.50% (52/160)
  Impulsive: 81.25% (130/160)
Epoch [41/100], Training Loss: 0.0046
Validation Loss: 0.2098, Validation Accuracy: 61.41%

Per-Class Validation Accuracy:
  No Thrust: 61.25% (98/160)
  Chemical: 69.38% (111/160)
  Electric: 33.75% (54/160)
  Impulsive: 81.25% (130/160)
Epoch [42/100], Training Loss: 0.0043
Validation Loss: 0.2101, Validation Accuracy: 60.62%

Per-Class Validation Accuracy:
  No Thrust: 48.75% (78/160)
  Chemical: 69.38% (111/160)
  Electric: 43.12% (69/160)
  Impulsive: 81.25% (130/160)
Epoch [43/100], Training Loss: 0.0042
Validation Loss: 0.2088, Validation Accuracy: 60.62%

Per-Class Validation Accuracy:
  No Thrust: 52.50% (84/160)
  Chemical: 70.00% (112/160)
  Electric: 38.75% (62/160)
  Impulsive: 81.25% (130/160)
Epoch [44/100], Training Loss: 0.0043
Validation Loss: 0.2083, Validation Accuracy: 60.78%

Per-Class Validation Accuracy:
  No Thrust: 53.12% (85/160)
  Chemical: 70.62% (113/160)
  Electric: 38.12% (61/160)
  Impulsive: 81.25% (130/160)
Epoch [45/100], Training Loss: 0.0040
Validation Loss: 0.2077, Validation Accuracy: 61.09%

Per-Class Validation Accuracy:
  No Thrust: 52.50% (84/160)
  Chemical: 71.25% (114/160)
  Electric: 39.38% (63/160)
  Impulsive: 81.25% (130/160)
Epoch [46/100], Training Loss: 0.0038
Validation Loss: 0.2070, Validation Accuracy: 62.03%

Per-Class Validation Accuracy:
  No Thrust: 57.50% (92/160)
  Chemical: 72.50% (116/160)
  Electric: 36.88% (59/160)
  Impulsive: 81.25% (130/160)
Epoch [47/100], Training Loss: 0.0036
Validation Loss: 0.2069, Validation Accuracy: 61.56%

Per-Class Validation Accuracy:
  No Thrust: 53.12% (85/160)
  Chemical: 72.50% (116/160)
  Electric: 39.38% (63/160)
  Impulsive: 81.25% (130/160)
Epoch [48/100], Training Loss: 0.0037
Validation Loss: 0.2065, Validation Accuracy: 62.34%

Per-Class Validation Accuracy:
  No Thrust: 51.25% (82/160)
  Chemical: 73.12% (117/160)
  Electric: 42.50% (68/160)
  Impulsive: 82.50% (132/160)
Epoch [49/100], Training Loss: 0.0035
Validation Loss: 0.2053, Validation Accuracy: 62.19%

Per-Class Validation Accuracy:
  No Thrust: 52.50% (84/160)
  Chemical: 73.12% (117/160)
  Electric: 40.62% (65/160)
  Impulsive: 82.50% (132/160)
Epoch [50/100], Training Loss: 0.0035
Validation Loss: 0.2046, Validation Accuracy: 62.66%

Per-Class Validation Accuracy:
  No Thrust: 55.62% (89/160)
  Chemical: 74.38% (119/160)
  Electric: 38.12% (61/160)
  Impulsive: 82.50% (132/160)
Epoch [51/100], Training Loss: 0.0038
Validation Loss: 0.2049, Validation Accuracy: 62.81%

Per-Class Validation Accuracy:
  No Thrust: 49.38% (79/160)
  Chemical: 74.38% (119/160)
  Electric: 45.00% (72/160)
  Impulsive: 82.50% (132/160)
Epoch [52/100], Training Loss: 0.0034
Validation Loss: 0.2033, Validation Accuracy: 62.81%

Per-Class Validation Accuracy:
  No Thrust: 58.12% (93/160)
  Chemical: 75.00% (120/160)
  Electric: 35.62% (57/160)
  Impulsive: 82.50% (132/160)
Epoch [53/100], Training Loss: 0.0034
Validation Loss: 0.2037, Validation Accuracy: 62.97%

Per-Class Validation Accuracy:
  No Thrust: 53.12% (85/160)
  Chemical: 75.62% (121/160)
  Electric: 40.62% (65/160)
  Impulsive: 82.50% (132/160)
Epoch [54/100], Training Loss: 0.0033
Validation Loss: 0.2041, Validation Accuracy: 63.75%

Per-Class Validation Accuracy:
  No Thrust: 49.38% (79/160)
  Chemical: 77.50% (124/160)
  Electric: 45.62% (73/160)
  Impulsive: 82.50% (132/160)
Epoch [55/100], Training Loss: 0.0033
Validation Loss: 0.2031, Validation Accuracy: 63.75%

Per-Class Validation Accuracy:
  No Thrust: 52.50% (84/160)
  Chemical: 78.12% (125/160)
  Electric: 41.88% (67/160)
  Impulsive: 82.50% (132/160)
Epoch [56/100], Training Loss: 0.0032
Validation Loss: 0.2024, Validation Accuracy: 63.75%

Per-Class Validation Accuracy:
  No Thrust: 54.38% (87/160)
  Chemical: 78.75% (126/160)
  Electric: 39.38% (63/160)
  Impulsive: 82.50% (132/160)
Epoch [57/100], Training Loss: 0.0031
Validation Loss: 0.2012, Validation Accuracy: 64.22%

Per-Class Validation Accuracy:
  No Thrust: 58.75% (94/160)
  Chemical: 79.38% (127/160)
  Electric: 36.25% (58/160)
  Impulsive: 82.50% (132/160)
Epoch [58/100], Training Loss: 0.0029
Validation Loss: 0.2012, Validation Accuracy: 64.53%

Per-Class Validation Accuracy:
  No Thrust: 58.75% (94/160)
  Chemical: 80.62% (129/160)
  Electric: 36.25% (58/160)
  Impulsive: 82.50% (132/160)
Epoch [59/100], Training Loss: 0.0029
Validation Loss: 0.2006, Validation Accuracy: 65.00%

Per-Class Validation Accuracy:
  No Thrust: 59.38% (95/160)
  Chemical: 81.25% (130/160)
  Electric: 36.25% (58/160)
  Impulsive: 83.12% (133/160)
Epoch [60/100], Training Loss: 0.0029
Validation Loss: 0.2004, Validation Accuracy: 65.00%

Per-Class Validation Accuracy:
  No Thrust: 59.38% (95/160)
  Chemical: 81.25% (130/160)
  Electric: 36.25% (58/160)
  Impulsive: 83.12% (133/160)
Epoch [61/100], Training Loss: 0.0028
Validation Loss: 0.2002, Validation Accuracy: 64.84%

Per-Class Validation Accuracy:
  No Thrust: 58.12% (93/160)
  Chemical: 81.88% (131/160)
  Electric: 36.25% (58/160)
  Impulsive: 83.12% (133/160)
Epoch [62/100], Training Loss: 0.0027
Validation Loss: 0.2003, Validation Accuracy: 65.31%

Per-Class Validation Accuracy:
  No Thrust: 55.00% (88/160)
  Chemical: 83.75% (134/160)
  Electric: 39.38% (63/160)
  Impulsive: 83.12% (133/160)
Epoch [63/100], Training Loss: 0.0028
Validation Loss: 0.1999, Validation Accuracy: 65.62%

Per-Class Validation Accuracy:
  No Thrust: 58.12% (93/160)
  Chemical: 84.38% (135/160)
  Electric: 36.88% (59/160)
  Impulsive: 83.12% (133/160)
Epoch [64/100], Training Loss: 0.0026
Validation Loss: 0.1997, Validation Accuracy: 65.62%

Per-Class Validation Accuracy:
  No Thrust: 58.75% (94/160)
  Chemical: 84.38% (135/160)
  Electric: 36.25% (58/160)
  Impulsive: 83.12% (133/160)
Epoch [65/100], Training Loss: 0.0026
Validation Loss: 0.1993, Validation Accuracy: 65.94%

Per-Class Validation Accuracy:
  No Thrust: 59.38% (95/160)
  Chemical: 84.38% (135/160)
  Electric: 36.25% (58/160)
  Impulsive: 83.75% (134/160)
Epoch [66/100], Training Loss: 0.0026
Validation Loss: 0.1995, Validation Accuracy: 65.62%

Per-Class Validation Accuracy:
  No Thrust: 55.00% (88/160)
  Chemical: 85.00% (136/160)
  Electric: 38.75% (62/160)
  Impulsive: 83.75% (134/160)
Epoch [67/100], Training Loss: 0.0026
Validation Loss: 0.1993, Validation Accuracy: 65.47%

Per-Class Validation Accuracy:
  No Thrust: 54.38% (87/160)
  Chemical: 85.00% (136/160)
  Electric: 38.75% (62/160)
  Impulsive: 83.75% (134/160)
Epoch [68/100], Training Loss: 0.0026
Validation Loss: 0.1990, Validation Accuracy: 65.47%

Per-Class Validation Accuracy:
  No Thrust: 54.38% (87/160)
  Chemical: 85.00% (136/160)
  Electric: 38.75% (62/160)
  Impulsive: 83.75% (134/160)
Epoch [69/100], Training Loss: 0.0025
Validation Loss: 0.1988, Validation Accuracy: 65.78%

Per-Class Validation Accuracy:
  No Thrust: 55.00% (88/160)
  Chemical: 85.62% (137/160)
  Electric: 38.75% (62/160)
  Impulsive: 83.75% (134/160)
Epoch [70/100], Training Loss: 0.0025
Validation Loss: 0.1985, Validation Accuracy: 65.78%

Per-Class Validation Accuracy:
  No Thrust: 55.00% (88/160)
  Chemical: 85.62% (137/160)
  Electric: 38.75% (62/160)
  Impulsive: 83.75% (134/160)
Epoch [71/100], Training Loss: 0.0025
Validation Loss: 0.1985, Validation Accuracy: 65.78%

Per-Class Validation Accuracy:
  No Thrust: 53.12% (85/160)
  Chemical: 85.62% (137/160)
  Electric: 40.62% (65/160)
  Impulsive: 83.75% (134/160)
Epoch [72/100], Training Loss: 0.0023
Validation Loss: 0.1982, Validation Accuracy: 65.94%

Per-Class Validation Accuracy:
  No Thrust: 55.00% (88/160)
  Chemical: 85.62% (137/160)
  Electric: 39.38% (63/160)
  Impulsive: 83.75% (134/160)
Epoch [73/100], Training Loss: 0.0024
Validation Loss: 0.1979, Validation Accuracy: 65.62%

Per-Class Validation Accuracy:
  No Thrust: 55.62% (89/160)
  Chemical: 85.62% (137/160)
  Electric: 37.50% (60/160)
  Impulsive: 83.75% (134/160)
Epoch [74/100], Training Loss: 0.0023
Validation Loss: 0.1977, Validation Accuracy: 65.78%

Per-Class Validation Accuracy:
  No Thrust: 55.62% (89/160)
  Chemical: 85.62% (137/160)
  Electric: 38.12% (61/160)
  Impulsive: 83.75% (134/160)
Epoch [75/100], Training Loss: 0.0022
Validation Loss: 0.1977, Validation Accuracy: 65.78%

Per-Class Validation Accuracy:
  No Thrust: 55.62% (89/160)
  Chemical: 85.62% (137/160)
  Electric: 38.12% (61/160)
  Impulsive: 83.75% (134/160)
Epoch [76/100], Training Loss: 0.0021
Validation Loss: 0.1976, Validation Accuracy: 65.78%

Per-Class Validation Accuracy:
  No Thrust: 55.62% (89/160)
  Chemical: 85.62% (137/160)
  Electric: 38.12% (61/160)
  Impulsive: 83.75% (134/160)
Epoch [77/100], Training Loss: 0.0022
Validation Loss: 0.1973, Validation Accuracy: 65.94%

Per-Class Validation Accuracy:
  No Thrust: 56.88% (91/160)
  Chemical: 85.62% (137/160)
  Electric: 37.50% (60/160)
  Impulsive: 83.75% (134/160)
Epoch [78/100], Training Loss: 0.0020
Validation Loss: 0.1971, Validation Accuracy: 66.09%

Per-Class Validation Accuracy:
  No Thrust: 57.50% (92/160)
  Chemical: 85.62% (137/160)
  Electric: 37.50% (60/160)
  Impulsive: 83.75% (134/160)
Epoch [79/100], Training Loss: 0.0020
Validation Loss: 0.1972, Validation Accuracy: 65.94%

Per-Class Validation Accuracy:
  No Thrust: 56.25% (90/160)
  Chemical: 86.25% (138/160)
  Electric: 37.50% (60/160)
  Impulsive: 83.75% (134/160)
Epoch [80/100], Training Loss: 0.0021
Validation Loss: 0.1970, Validation Accuracy: 65.94%

Per-Class Validation Accuracy:
  No Thrust: 56.25% (90/160)
  Chemical: 86.25% (138/160)
  Electric: 37.50% (60/160)
  Impulsive: 83.75% (134/160)
Epoch [81/100], Training Loss: 0.0020
Validation Loss: 0.1971, Validation Accuracy: 65.78%

Per-Class Validation Accuracy:
  No Thrust: 55.00% (88/160)
  Chemical: 86.25% (138/160)
  Electric: 38.12% (61/160)
  Impulsive: 83.75% (134/160)
Epoch [82/100], Training Loss: 0.0019
Validation Loss: 0.1969, Validation Accuracy: 66.09%

Per-Class Validation Accuracy:
  No Thrust: 56.25% (90/160)
  Chemical: 86.25% (138/160)
  Electric: 38.12% (61/160)
  Impulsive: 83.75% (134/160)
Epoch [83/100], Training Loss: 0.0021
Validation Loss: 0.1969, Validation Accuracy: 65.94%

Per-Class Validation Accuracy:
  No Thrust: 55.62% (89/160)
  Chemical: 86.25% (138/160)
  Electric: 38.12% (61/160)
  Impulsive: 83.75% (134/160)
Epoch [84/100], Training Loss: 0.0019
Validation Loss: 0.1968, Validation Accuracy: 66.09%

Per-Class Validation Accuracy:
  No Thrust: 56.88% (91/160)
  Chemical: 86.25% (138/160)
  Electric: 37.50% (60/160)
  Impulsive: 83.75% (134/160)
Epoch [85/100], Training Loss: 0.0020
Validation Loss: 0.1967, Validation Accuracy: 66.09%

Per-Class Validation Accuracy:
  No Thrust: 56.88% (91/160)
  Chemical: 86.25% (138/160)
  Electric: 37.50% (60/160)
  Impulsive: 83.75% (134/160)
Epoch [86/100], Training Loss: 0.0019
Validation Loss: 0.1967, Validation Accuracy: 65.94%

Per-Class Validation Accuracy:
  No Thrust: 56.25% (90/160)
  Chemical: 86.25% (138/160)
  Electric: 37.50% (60/160)
  Impulsive: 83.75% (134/160)
Epoch [87/100], Training Loss: 0.0018
Validation Loss: 0.1967, Validation Accuracy: 65.94%

Per-Class Validation Accuracy:
  No Thrust: 55.62% (89/160)
  Chemical: 86.25% (138/160)
  Electric: 38.12% (61/160)
  Impulsive: 83.75% (134/160)
Epoch [88/100], Training Loss: 0.0018
Validation Loss: 0.1967, Validation Accuracy: 65.94%

Per-Class Validation Accuracy:
  No Thrust: 55.62% (89/160)
  Chemical: 86.25% (138/160)
  Electric: 38.12% (61/160)
  Impulsive: 83.75% (134/160)
Epoch [89/100], Training Loss: 0.0019
Validation Loss: 0.1967, Validation Accuracy: 65.94%

Per-Class Validation Accuracy:
  No Thrust: 55.62% (89/160)
  Chemical: 86.25% (138/160)
  Electric: 38.12% (61/160)
  Impulsive: 83.75% (134/160)
Epoch [90/100], Training Loss: 0.0019
Validation Loss: 0.1966, Validation Accuracy: 66.09%

Per-Class Validation Accuracy:
  No Thrust: 56.25% (90/160)
  Chemical: 86.88% (139/160)
  Electric: 37.50% (60/160)
  Impulsive: 83.75% (134/160)
Epoch [91/100], Training Loss: 0.0018
Validation Loss: 0.1966, Validation Accuracy: 66.09%

Per-Class Validation Accuracy:
  No Thrust: 56.25% (90/160)
  Chemical: 86.88% (139/160)
  Electric: 37.50% (60/160)
  Impulsive: 83.75% (134/160)
Epoch [92/100], Training Loss: 0.0018
Validation Loss: 0.1966, Validation Accuracy: 66.09%

Per-Class Validation Accuracy:
  No Thrust: 56.25% (90/160)
  Chemical: 86.88% (139/160)
  Electric: 37.50% (60/160)
  Impulsive: 83.75% (134/160)
Epoch [93/100], Training Loss: 0.0016
Validation Loss: 0.1966, Validation Accuracy: 66.09%

Per-Class Validation Accuracy:
  No Thrust: 56.25% (90/160)
  Chemical: 86.88% (139/160)
  Electric: 37.50% (60/160)
  Impulsive: 83.75% (134/160)
Epoch [94/100], Training Loss: 0.0018
Validation Loss: 0.1966, Validation Accuracy: 66.09%

Per-Class Validation Accuracy:
  No Thrust: 56.25% (90/160)
  Chemical: 86.88% (139/160)
  Electric: 37.50% (60/160)
  Impulsive: 83.75% (134/160)
Epoch [95/100], Training Loss: 0.0019
Validation Loss: 0.1966, Validation Accuracy: 66.09%

Per-Class Validation Accuracy:
  No Thrust: 56.25% (90/160)
  Chemical: 86.88% (139/160)
  Electric: 37.50% (60/160)
  Impulsive: 83.75% (134/160)
Epoch [96/100], Training Loss: 0.0017
Validation Loss: 0.1965, Validation Accuracy: 66.09%

Per-Class Validation Accuracy:
  No Thrust: 56.25% (90/160)
  Chemical: 86.88% (139/160)
  Electric: 37.50% (60/160)
  Impulsive: 83.75% (134/160)
Epoch [97/100], Training Loss: 0.0018
Validation Loss: 0.1965, Validation Accuracy: 66.09%

Per-Class Validation Accuracy:
  No Thrust: 56.25% (90/160)
  Chemical: 86.88% (139/160)
  Electric: 37.50% (60/160)
  Impulsive: 83.75% (134/160)
Epoch [98/100], Training Loss: 0.0017
Validation Loss: 0.1965, Validation Accuracy: 66.09%

Per-Class Validation Accuracy:
  No Thrust: 56.25% (90/160)
  Chemical: 86.88% (139/160)
  Electric: 37.50% (60/160)
  Impulsive: 83.75% (134/160)
Epoch [99/100], Training Loss: 0.0017
Validation Loss: 0.1965, Validation Accuracy: 66.09%

Per-Class Validation Accuracy:
  No Thrust: 56.25% (90/160)
  Chemical: 86.88% (139/160)
  Electric: 37.50% (60/160)
  Impulsive: 83.75% (134/160)
Epoch [100/100], Training Loss: 0.0016

	Elapsed time is 6.5558 seconds.

==========================================================================================
Total parameters: 644
Total memory (bytes): 5152
Total memory (MB): 0.004913330078125
==========================================================================================

MLP Validation
Validation Loss: 0.1965, Validation Accuracy: 66.09%

Per-Class Validation Accuracy:
  No Thrust: 56.25% (90/160)
  Chemical: 86.88% (139/160)
  Electric: 37.50% (60/160)
  Impulsive: 83.75% (134/160)

MLP Inference Time	Elapsed time is 0.0588 seconds.

Classification Report:
              precision    recall  f1-score   support

           0     0.4569    0.5625    0.5042       160
           1     0.8274    0.8688    0.8476       160
           2     0.4255    0.3750    0.3987       160
           3     1.0000    0.8375    0.9116       160

    accuracy                         0.6609       640
   macro avg     0.6774    0.6609    0.6655       640
weighted avg     0.6774    0.6609    0.6655       640


Confusion Matrix (rows = true, cols = predicted):
             P_No Thrust  P_Chemical  P_Electric  P_Impulsive
T_No Thrust           90           6          64            0
T_Chemical             9         139          12            0
T_Electric            97           3          60            0
T_Impulsive            1          20           5          134
