Processing datasets for geo with 100 minutes and 800 random systems.
GPU is available
Training data location: /home/hunter/git/GMAT-Thrust-Data/data/classification/geo/100min-800
Test data location: /home/hunter/git/GMAT-Thrust-Data/data/classification/geo/100min-800

Entering Decision Trees Training Loop

	Elapsed time is 1.2730 seconds.

==========================================================================================
Total parameters: NaN
Total memory (bytes): 404305
Total memory (MB): 0.3855752944946289
==========================================================================================

Decision Trees Validation
Validation Loss: 1.3945, Validation Accuracy: 25.94%

Per-Class Validation Accuracy:
  No Thrust: 21.88% (35/160)
  Chemical: 7.50% (12/160)
  Electric: 20.62% (33/160)
  Impulsive: 53.75% (86/160)

Classification Report:
              precision    recall  f1-score   support

   No Thrust     0.2482    0.2188    0.2326       160
    Chemical     0.2353    0.0750    0.1137       160
    Electric     0.2727    0.2062    0.2349       160
   Impulsive     0.2630    0.5375    0.3532       160

    accuracy                         0.2594       640
   macro avg     0.2548    0.2594    0.2336       640
weighted avg     0.2548    0.2594    0.2336       640


Confusion Matrix (rows = true, cols = predicted):
             P_No Thrust  P_Chemical  P_Electric  P_Impulsive
T_No Thrust           35          13          33           79
T_Chemical            37          12          29           82
T_Electric            37          10          33           80
T_Impulsive           32          16          26           86

Decision Trees Inference Time	Elapsed time is 0.0237 seconds.

Entering Nearest Neighbor Training Loop

	Elapsed time is 0.0626 seconds.

==========================================================================================
Total parameters: NaN (non-parametric model)
Total memory (bytes): 6355967
Total memory (MB): 6.0615
==========================================================================================

1-NN Validation
Validation Loss: NaN, Validation Accuracy: 25.16%

Per-Class Validation Accuracy:
  No Thrust: 28.12% (45/160)
  Chemical: 4.38% (7/160)
  Electric: 35.00% (56/160)
  Impulsive: 33.12% (53/160)

Classification Report:
              precision    recall  f1-score   support

   No Thrust     0.2500    0.2812    0.2647       160
    Chemical     0.2333    0.0437    0.0737       160
    Electric     0.2511    0.3500    0.2924       160
   Impulsive     0.2560    0.3312    0.2888       160

    accuracy                         0.2516       640
   macro avg     0.2476    0.2516    0.2299       640
weighted avg     0.2476    0.2516    0.2299       640


Confusion Matrix (rows = true, cols = predicted):
             P_No Thrust  P_Chemical  P_Electric  P_Impulsive
T_No Thrust           45           8          56           51
T_Chemical            45           7          56           52
T_Electric            45           8          56           51
T_Impulsive           45           7          55           53

1-NN Inference Time	Elapsed time is 22.8165 seconds.

Entering MiniRocket Training Loop

	Elapsed time is 5.4831 seconds.

==========================================================================================
Total parameters: 9996
Total memory (bytes): 620325
Total memory (MB): 0.5916
==========================================================================================

MiniRocket Validation
Validation Loss: NaN, Validation Accuracy: 49.84%

Per-Class Validation Accuracy:
  No Thrust: 31.88% (51/160)
  Chemical: 36.88% (59/160)
  Electric: 35.62% (57/160)
  Impulsive: 95.00% (152/160)

Classification Report:
              precision    recall  f1-score   support

   No Thrust     0.3542    0.3187    0.3355       160
    Chemical     0.3471    0.3688    0.3576       160
    Electric     0.3540    0.3563    0.3551       160
   Impulsive     0.9212    0.9500    0.9354       160

    accuracy                         0.4984       640
   macro avg     0.4941    0.4984    0.4959       640
weighted avg     0.4941    0.4984    0.4959       640


Confusion Matrix (rows = true, cols = predicted):
             P_No Thrust  P_Chemical  P_Electric  P_Impulsive
T_No Thrust           51          50          53            6
T_Chemical            48          59          50            3
T_Electric            41          58          57            4
T_Impulsive            4           3           1          152

MiniRocket Inference Time	Elapsed time is 2.0279 seconds.

Entering LSTM Training Loop
Epoch [1/100], Training Loss: 1.3900
Validation Loss: 1.3869, Validation Accuracy: 25.00%

Per-Class Validation Accuracy:
  No Thrust: 0.00% (0/160)
  Chemical: 0.00% (0/160)
  Electric: 10.00% (16/160)
  Impulsive: 90.00% (144/160)
Epoch [2/100], Training Loss: 1.3889
Validation Loss: 1.3865, Validation Accuracy: 24.69%

Per-Class Validation Accuracy:
  No Thrust: 10.00% (16/160)
  Chemical: 18.12% (29/160)
  Electric: 63.75% (102/160)
  Impulsive: 6.88% (11/160)
Epoch [3/100], Training Loss: 1.3880
Validation Loss: 1.3868, Validation Accuracy: 25.00%

Per-Class Validation Accuracy:
  No Thrust: 30.00% (48/160)
  Chemical: 0.00% (0/160)
  Electric: 60.00% (96/160)
  Impulsive: 10.00% (16/160)
Epoch [4/100], Training Loss: 1.3894
Validation Loss: 1.3869, Validation Accuracy: 25.00%

Per-Class Validation Accuracy:
  No Thrust: 0.00% (0/160)
  Chemical: 0.00% (0/160)
  Electric: 90.00% (144/160)
  Impulsive: 10.00% (16/160)
Epoch [5/100], Training Loss: 1.3858
Validation Loss: 1.3868, Validation Accuracy: 25.00%

Per-Class Validation Accuracy:
  No Thrust: 0.00% (0/160)
  Chemical: 0.00% (0/160)
  Electric: 90.00% (144/160)
  Impulsive: 10.00% (16/160)
Epoch [6/100], Training Loss: 1.3860
Validation Loss: 1.3874, Validation Accuracy: 25.00%

Per-Class Validation Accuracy:
  No Thrust: 0.00% (0/160)
  Chemical: 0.00% (0/160)
  Electric: 90.00% (144/160)
  Impulsive: 10.00% (16/160)
Epoch [7/100], Training Loss: 1.3891
Validation Loss: 1.3866, Validation Accuracy: 25.00%

Per-Class Validation Accuracy:
  No Thrust: 15.62% (25/160)
  Chemical: 0.00% (0/160)
  Electric: 73.12% (117/160)
  Impulsive: 11.25% (18/160)
Epoch [8/100], Training Loss: 1.3896
Validation Loss: 1.3867, Validation Accuracy: 25.00%

Per-Class Validation Accuracy:
  No Thrust: 0.00% (0/160)
  Chemical: 10.00% (16/160)
  Electric: 58.75% (94/160)
  Impulsive: 31.25% (50/160)
Epoch [9/100], Training Loss: 1.3868
Validation Loss: 1.3868, Validation Accuracy: 25.00%

Per-Class Validation Accuracy:
  No Thrust: 0.00% (0/160)
  Chemical: 70.00% (112/160)
  Electric: 10.00% (16/160)
  Impulsive: 20.00% (32/160)
Epoch [10/100], Training Loss: 1.3871
Validation Loss: 1.3865, Validation Accuracy: 25.00%

Per-Class Validation Accuracy:
  No Thrust: 0.00% (0/160)
  Chemical: 52.50% (84/160)
  Electric: 10.00% (16/160)
  Impulsive: 37.50% (60/160)
Epoch [11/100], Training Loss: 1.3879
Validation Loss: 1.3866, Validation Accuracy: 25.00%

Per-Class Validation Accuracy:
  No Thrust: 0.00% (0/160)
  Chemical: 20.00% (32/160)
  Electric: 40.00% (64/160)
  Impulsive: 40.00% (64/160)
Epoch [12/100], Training Loss: 1.3870
Validation Loss: 1.3865, Validation Accuracy: 24.84%

Per-Class Validation Accuracy:
  No Thrust: 13.12% (21/160)
  Chemical: 20.62% (33/160)
  Electric: 20.00% (32/160)
  Impulsive: 45.62% (73/160)
Epoch [13/100], Training Loss: 1.3880
Validation Loss: 1.3864, Validation Accuracy: 25.00%

Per-Class Validation Accuracy:
  No Thrust: 38.75% (62/160)
  Chemical: 1.25% (2/160)
  Electric: 27.50% (44/160)
  Impulsive: 32.50% (52/160)
Epoch [14/100], Training Loss: 1.3875
Validation Loss: 1.3864, Validation Accuracy: 25.00%

Per-Class Validation Accuracy:
  No Thrust: 20.00% (32/160)
  Chemical: 12.50% (20/160)
  Electric: 0.00% (0/160)
  Impulsive: 67.50% (108/160)
Epoch [15/100], Training Loss: 1.3879
Validation Loss: 1.3864, Validation Accuracy: 25.00%

Per-Class Validation Accuracy:
  No Thrust: 20.00% (32/160)
  Chemical: 60.00% (96/160)
  Electric: 0.00% (0/160)
  Impulsive: 20.00% (32/160)
Epoch [16/100], Training Loss: 1.3868
Validation Loss: 1.3864, Validation Accuracy: 25.00%

Per-Class Validation Accuracy:
  No Thrust: 20.00% (32/160)
  Chemical: 30.00% (48/160)
  Electric: 33.12% (53/160)
  Impulsive: 16.88% (27/160)
Epoch [17/100], Training Loss: 1.3864
Validation Loss: 1.3864, Validation Accuracy: 25.00%

Per-Class Validation Accuracy:
  No Thrust: 4.38% (7/160)
  Chemical: 65.62% (105/160)
  Electric: 20.00% (32/160)
  Impulsive: 10.00% (16/160)
Epoch [18/100], Training Loss: 1.3882
Validation Loss: 1.3865, Validation Accuracy: 25.00%

Per-Class Validation Accuracy:
  No Thrust: 35.62% (57/160)
  Chemical: 44.38% (71/160)
  Electric: 0.00% (0/160)
  Impulsive: 20.00% (32/160)
Epoch [19/100], Training Loss: 1.3879
Validation Loss: 1.3865, Validation Accuracy: 25.00%

Per-Class Validation Accuracy:
  No Thrust: 20.00% (32/160)
  Chemical: 10.00% (16/160)
  Electric: 0.00% (0/160)
  Impulsive: 70.00% (112/160)
Epoch [20/100], Training Loss: 1.3868
Validation Loss: 1.3864, Validation Accuracy: 25.00%

Per-Class Validation Accuracy:
  No Thrust: 20.00% (32/160)
  Chemical: 10.00% (16/160)
  Electric: 0.00% (0/160)
  Impulsive: 70.00% (112/160)
Epoch [21/100], Training Loss: 1.3871
Validation Loss: 1.3864, Validation Accuracy: 25.00%

Per-Class Validation Accuracy:
  No Thrust: 20.00% (32/160)
  Chemical: 10.00% (16/160)
  Electric: 0.00% (0/160)
  Impulsive: 70.00% (112/160)
Epoch [22/100], Training Loss: 1.3856
Validation Loss: 1.3864, Validation Accuracy: 25.00%

Per-Class Validation Accuracy:
  No Thrust: 20.00% (32/160)
  Chemical: 10.00% (16/160)
  Electric: 0.00% (0/160)
  Impulsive: 70.00% (112/160)
Epoch [23/100], Training Loss: 1.3878
Validation Loss: 1.3864, Validation Accuracy: 25.00%

Per-Class Validation Accuracy:
  No Thrust: 10.00% (16/160)
  Chemical: 10.00% (16/160)
  Electric: 0.00% (0/160)
  Impulsive: 80.00% (128/160)
Early stopping triggered.

	Elapsed time is 15.8304 seconds.

==========================================================================================
Total parameters: 18004
Total memory (bytes): 144032
Total memory (MB): 0.137359619140625
==========================================================================================

LSTM Validation
Validation Loss: 1.3864, Validation Accuracy: 25.00%

Per-Class Validation Accuracy:
  No Thrust: 10.00% (16/160)
  Chemical: 10.00% (16/160)
  Electric: 0.00% (0/160)
  Impulsive: 80.00% (128/160)

Classification Report:
              precision    recall  f1-score   support

   No Thrust     0.2500    0.1000    0.1429       160
    Chemical     0.2500    0.1000    0.1429       160
    Electric     0.0000    0.0000    0.0000       160
   Impulsive     0.2500    0.8000    0.3810       160

    accuracy                         0.2500       640
   macro avg     0.1875    0.2500    0.1667       640
weighted avg     0.1875    0.2500    0.1667       640


Confusion Matrix (rows = true, cols = predicted):
             P_No Thrust  P_Chemical  P_Electric  P_Impulsive
T_No Thrust           16          16           0          128
T_Chemical            16          16           0          128
T_Electric            16          16           0          128
T_Impulsive           16          16           0          128

LSTM Inference Time	Elapsed time is 0.2114 seconds.

Entering Mamba Training Loop
Epoch [1/100], Training Loss: 1.3879
Validation Loss: 1.3873, Validation Accuracy: 25.00%

Per-Class Validation Accuracy:
  No Thrust: 40.00% (64/160)
  Chemical: 32.50% (52/160)
  Electric: 3.75% (6/160)
  Impulsive: 23.75% (38/160)
Epoch [2/100], Training Loss: 1.3886
Validation Loss: 1.3870, Validation Accuracy: 24.84%

Per-Class Validation Accuracy:
  No Thrust: 43.12% (69/160)
  Chemical: 37.50% (60/160)
  Electric: 4.38% (7/160)
  Impulsive: 14.38% (23/160)
Epoch [3/100], Training Loss: 1.3873
Validation Loss: 1.3868, Validation Accuracy: 25.16%

Per-Class Validation Accuracy:
  No Thrust: 36.88% (59/160)
  Chemical: 35.62% (57/160)
  Electric: 3.75% (6/160)
  Impulsive: 24.38% (39/160)
Epoch [4/100], Training Loss: 1.3869
Validation Loss: 1.3868, Validation Accuracy: 24.84%

Per-Class Validation Accuracy:
  No Thrust: 36.88% (59/160)
  Chemical: 42.50% (68/160)
  Electric: 3.75% (6/160)
  Impulsive: 16.25% (26/160)
Epoch [5/100], Training Loss: 1.3872
Validation Loss: 1.3866, Validation Accuracy: 25.00%

Per-Class Validation Accuracy:
  No Thrust: 35.62% (57/160)
  Chemical: 44.38% (71/160)
  Electric: 5.00% (8/160)
  Impulsive: 15.00% (24/160)
Epoch [6/100], Training Loss: 1.3871
Validation Loss: 1.3866, Validation Accuracy: 25.00%

Per-Class Validation Accuracy:
  No Thrust: 34.38% (55/160)
  Chemical: 32.50% (52/160)
  Electric: 10.62% (17/160)
  Impulsive: 22.50% (36/160)
Epoch [7/100], Training Loss: 1.3868
Validation Loss: 1.3866, Validation Accuracy: 25.16%

Per-Class Validation Accuracy:
  No Thrust: 39.38% (63/160)
  Chemical: 48.12% (77/160)
  Electric: 6.88% (11/160)
  Impulsive: 6.25% (10/160)
Epoch [8/100], Training Loss: 1.3876
Validation Loss: 1.3865, Validation Accuracy: 25.00%

Per-Class Validation Accuracy:
  No Thrust: 37.50% (60/160)
  Chemical: 38.12% (61/160)
  Electric: 6.88% (11/160)
  Impulsive: 17.50% (28/160)
Epoch [9/100], Training Loss: 1.3870
Validation Loss: 1.3865, Validation Accuracy: 25.16%

Per-Class Validation Accuracy:
  No Thrust: 31.88% (51/160)
  Chemical: 43.75% (70/160)
  Electric: 12.50% (20/160)
  Impulsive: 12.50% (20/160)
Epoch [10/100], Training Loss: 1.3874
Validation Loss: 1.3864, Validation Accuracy: 25.00%

Per-Class Validation Accuracy:
  No Thrust: 34.38% (55/160)
  Chemical: 34.38% (55/160)
  Electric: 18.12% (29/160)
  Impulsive: 13.12% (21/160)
Epoch [11/100], Training Loss: 1.3867
Validation Loss: 1.3864, Validation Accuracy: 25.00%

Per-Class Validation Accuracy:
  No Thrust: 36.25% (58/160)
  Chemical: 41.88% (67/160)
  Electric: 16.25% (26/160)
  Impulsive: 5.62% (9/160)
Epoch [12/100], Training Loss: 1.3867
Validation Loss: 1.3864, Validation Accuracy: 25.00%

Per-Class Validation Accuracy:
  No Thrust: 31.25% (50/160)
  Chemical: 42.50% (68/160)
  Electric: 7.50% (12/160)
  Impulsive: 18.75% (30/160)
Epoch [13/100], Training Loss: 1.3869
Validation Loss: 1.3864, Validation Accuracy: 25.00%

Per-Class Validation Accuracy:
  No Thrust: 34.38% (55/160)
  Chemical: 48.75% (78/160)
  Electric: 10.00% (16/160)
  Impulsive: 6.88% (11/160)
Epoch [14/100], Training Loss: 1.3873
Validation Loss: 1.3864, Validation Accuracy: 25.00%

Per-Class Validation Accuracy:
  No Thrust: 29.38% (47/160)
  Chemical: 55.62% (89/160)
  Electric: 5.62% (9/160)
  Impulsive: 9.38% (15/160)
Epoch [15/100], Training Loss: 1.3863
Validation Loss: 1.3864, Validation Accuracy: 25.00%

Per-Class Validation Accuracy:
  No Thrust: 41.25% (66/160)
  Chemical: 42.50% (68/160)
  Electric: 10.00% (16/160)
  Impulsive: 6.25% (10/160)
Epoch [16/100], Training Loss: 1.3866
Validation Loss: 1.3864, Validation Accuracy: 25.00%

Per-Class Validation Accuracy:
  No Thrust: 36.88% (59/160)
  Chemical: 38.75% (62/160)
  Electric: 12.50% (20/160)
  Impulsive: 11.88% (19/160)
Epoch [17/100], Training Loss: 1.3862
Validation Loss: 1.3864, Validation Accuracy: 25.00%

Per-Class Validation Accuracy:
  No Thrust: 35.62% (57/160)
  Chemical: 44.38% (71/160)
  Electric: 11.25% (18/160)
  Impulsive: 8.75% (14/160)
Epoch [18/100], Training Loss: 1.3865
Validation Loss: 1.3864, Validation Accuracy: 25.00%

Per-Class Validation Accuracy:
  No Thrust: 39.38% (63/160)
  Chemical: 41.88% (67/160)
  Electric: 14.38% (23/160)
  Impulsive: 4.38% (7/160)
Epoch [19/100], Training Loss: 1.3866
Validation Loss: 1.3864, Validation Accuracy: 25.00%

Per-Class Validation Accuracy:
  No Thrust: 36.25% (58/160)
  Chemical: 40.00% (64/160)
  Electric: 11.25% (18/160)
  Impulsive: 12.50% (20/160)
Epoch [20/100], Training Loss: 1.3867
Validation Loss: 1.3864, Validation Accuracy: 24.84%

Per-Class Validation Accuracy:
  No Thrust: 38.12% (61/160)
  Chemical: 41.25% (66/160)
  Electric: 13.12% (21/160)
  Impulsive: 6.88% (11/160)
Epoch [21/100], Training Loss: 1.3866
Validation Loss: 1.3864, Validation Accuracy: 25.00%

Per-Class Validation Accuracy:
  No Thrust: 36.88% (59/160)
  Chemical: 39.38% (63/160)
  Electric: 18.75% (30/160)
  Impulsive: 5.00% (8/160)
Epoch [22/100], Training Loss: 1.3865
Validation Loss: 1.3864, Validation Accuracy: 25.16%

Per-Class Validation Accuracy:
  No Thrust: 36.25% (58/160)
  Chemical: 38.75% (62/160)
  Electric: 15.62% (25/160)
  Impulsive: 10.00% (16/160)
Epoch [23/100], Training Loss: 1.3865
Validation Loss: 1.3864, Validation Accuracy: 25.00%

Per-Class Validation Accuracy:
  No Thrust: 36.88% (59/160)
  Chemical: 38.12% (61/160)
  Electric: 16.88% (27/160)
  Impulsive: 8.12% (13/160)
Epoch [24/100], Training Loss: 1.3865
Validation Loss: 1.3864, Validation Accuracy: 25.00%

Per-Class Validation Accuracy:
  No Thrust: 37.50% (60/160)
  Chemical: 43.12% (69/160)
  Electric: 13.12% (21/160)
  Impulsive: 6.25% (10/160)
Epoch [25/100], Training Loss: 1.3867
Validation Loss: 1.3864, Validation Accuracy: 25.00%

Per-Class Validation Accuracy:
  No Thrust: 38.75% (62/160)
  Chemical: 42.50% (68/160)
  Electric: 14.38% (23/160)
  Impulsive: 4.38% (7/160)
Epoch [26/100], Training Loss: 1.3866
Validation Loss: 1.3864, Validation Accuracy: 24.84%

Per-Class Validation Accuracy:
  No Thrust: 36.88% (59/160)
  Chemical: 38.75% (62/160)
  Electric: 16.25% (26/160)
  Impulsive: 7.50% (12/160)
Epoch [27/100], Training Loss: 1.3864
Validation Loss: 1.3864, Validation Accuracy: 25.16%

Per-Class Validation Accuracy:
  No Thrust: 36.88% (59/160)
  Chemical: 38.12% (61/160)
  Electric: 18.75% (30/160)
  Impulsive: 6.88% (11/160)
Epoch [28/100], Training Loss: 1.3866
Validation Loss: 1.3864, Validation Accuracy: 25.00%

Per-Class Validation Accuracy:
  No Thrust: 38.12% (61/160)
  Chemical: 40.00% (64/160)
  Electric: 16.25% (26/160)
  Impulsive: 5.62% (9/160)
Epoch [29/100], Training Loss: 1.3865
Validation Loss: 1.3864, Validation Accuracy: 25.00%

Per-Class Validation Accuracy:
  No Thrust: 36.88% (59/160)
  Chemical: 39.38% (63/160)
  Electric: 17.50% (28/160)
  Impulsive: 6.25% (10/160)
Epoch [30/100], Training Loss: 1.3863
Validation Loss: 1.3864, Validation Accuracy: 25.00%

Per-Class Validation Accuracy:
  No Thrust: 37.50% (60/160)
  Chemical: 40.62% (65/160)
  Electric: 16.88% (27/160)
  Impulsive: 5.00% (8/160)
Epoch [31/100], Training Loss: 1.3865
Validation Loss: 1.3863, Validation Accuracy: 25.00%

Per-Class Validation Accuracy:
  No Thrust: 37.50% (60/160)
  Chemical: 39.38% (63/160)
  Electric: 18.75% (30/160)
  Impulsive: 4.38% (7/160)
Epoch [32/100], Training Loss: 1.3866
Validation Loss: 1.3863, Validation Accuracy: 25.00%

Per-Class Validation Accuracy:
  No Thrust: 36.88% (59/160)
  Chemical: 40.62% (65/160)
  Electric: 18.12% (29/160)
  Impulsive: 4.38% (7/160)
Epoch [33/100], Training Loss: 1.3866
Validation Loss: 1.3863, Validation Accuracy: 25.00%

Per-Class Validation Accuracy:
  No Thrust: 38.12% (61/160)
  Chemical: 39.38% (63/160)
  Electric: 17.50% (28/160)
  Impulsive: 5.00% (8/160)
Epoch [34/100], Training Loss: 1.3862
Validation Loss: 1.3863, Validation Accuracy: 25.00%

Per-Class Validation Accuracy:
  No Thrust: 38.12% (61/160)
  Chemical: 39.38% (63/160)
  Electric: 17.50% (28/160)
  Impulsive: 5.00% (8/160)
Epoch [35/100], Training Loss: 1.3866
Validation Loss: 1.3863, Validation Accuracy: 25.00%

Per-Class Validation Accuracy:
  No Thrust: 37.50% (60/160)
  Chemical: 39.38% (63/160)
  Electric: 18.12% (29/160)
  Impulsive: 5.00% (8/160)
Epoch [36/100], Training Loss: 1.3860
Validation Loss: 1.3863, Validation Accuracy: 25.00%

Per-Class Validation Accuracy:
  No Thrust: 38.12% (61/160)
  Chemical: 39.38% (63/160)
  Electric: 16.88% (27/160)
  Impulsive: 5.62% (9/160)
Epoch [37/100], Training Loss: 1.3864
Validation Loss: 1.3863, Validation Accuracy: 25.00%

Per-Class Validation Accuracy:
  No Thrust: 38.12% (61/160)
  Chemical: 38.75% (62/160)
  Electric: 18.12% (29/160)
  Impulsive: 5.00% (8/160)
Epoch [38/100], Training Loss: 1.3864
Validation Loss: 1.3863, Validation Accuracy: 25.00%

Per-Class Validation Accuracy:
  No Thrust: 37.50% (60/160)
  Chemical: 37.50% (60/160)
  Electric: 20.00% (32/160)
  Impulsive: 5.00% (8/160)
Epoch [39/100], Training Loss: 1.3862
Validation Loss: 1.3863, Validation Accuracy: 24.84%

Per-Class Validation Accuracy:
  No Thrust: 37.50% (60/160)
  Chemical: 38.75% (62/160)
  Electric: 18.12% (29/160)
  Impulsive: 5.00% (8/160)
Epoch [40/100], Training Loss: 1.3866
Validation Loss: 1.3863, Validation Accuracy: 25.00%

Per-Class Validation Accuracy:
  No Thrust: 37.50% (60/160)
  Chemical: 39.38% (63/160)
  Electric: 18.12% (29/160)
  Impulsive: 5.00% (8/160)
Epoch [41/100], Training Loss: 1.3867
Validation Loss: 1.3863, Validation Accuracy: 25.00%

Per-Class Validation Accuracy:
  No Thrust: 36.88% (59/160)
  Chemical: 39.38% (63/160)
  Electric: 18.12% (29/160)
  Impulsive: 5.62% (9/160)
Epoch [42/100], Training Loss: 1.3863
Validation Loss: 1.3863, Validation Accuracy: 24.84%

Per-Class Validation Accuracy:
  No Thrust: 37.50% (60/160)
  Chemical: 39.38% (63/160)
  Electric: 17.50% (28/160)
  Impulsive: 5.00% (8/160)
Epoch [43/100], Training Loss: 1.3863
Validation Loss: 1.3863, Validation Accuracy: 24.69%

Per-Class Validation Accuracy:
  No Thrust: 38.12% (61/160)
  Chemical: 38.75% (62/160)
  Electric: 16.88% (27/160)
  Impulsive: 5.00% (8/160)
Epoch [44/100], Training Loss: 1.3867
Validation Loss: 1.3863, Validation Accuracy: 24.84%

Per-Class Validation Accuracy:
  No Thrust: 37.50% (60/160)
  Chemical: 40.00% (64/160)
  Electric: 16.88% (27/160)
  Impulsive: 5.00% (8/160)
Epoch [45/100], Training Loss: 1.3864
Validation Loss: 1.3863, Validation Accuracy: 24.84%

Per-Class Validation Accuracy:
  No Thrust: 37.50% (60/160)
  Chemical: 39.38% (63/160)
  Electric: 17.50% (28/160)
  Impulsive: 5.00% (8/160)
Epoch [46/100], Training Loss: 1.3863
Validation Loss: 1.3863, Validation Accuracy: 25.00%

Per-Class Validation Accuracy:
  No Thrust: 37.50% (60/160)
  Chemical: 39.38% (63/160)
  Electric: 18.12% (29/160)
  Impulsive: 5.00% (8/160)
Epoch [47/100], Training Loss: 1.3861
Validation Loss: 1.3863, Validation Accuracy: 25.00%

Per-Class Validation Accuracy:
  No Thrust: 37.50% (60/160)
  Chemical: 39.38% (63/160)
  Electric: 18.12% (29/160)
  Impulsive: 5.00% (8/160)
Epoch [48/100], Training Loss: 1.3862
Validation Loss: 1.3863, Validation Accuracy: 24.84%

Per-Class Validation Accuracy:
  No Thrust: 37.50% (60/160)
  Chemical: 39.38% (63/160)
  Electric: 17.50% (28/160)
  Impulsive: 5.00% (8/160)
Epoch [49/100], Training Loss: 1.3861
Validation Loss: 1.3863, Validation Accuracy: 25.00%

Per-Class Validation Accuracy:
  No Thrust: 37.50% (60/160)
  Chemical: 39.38% (63/160)
  Electric: 18.12% (29/160)
  Impulsive: 5.00% (8/160)
Epoch [50/100], Training Loss: 1.3861
Validation Loss: 1.3863, Validation Accuracy: 24.84%

Per-Class Validation Accuracy:
  No Thrust: 38.12% (61/160)
  Chemical: 38.75% (62/160)
  Electric: 17.50% (28/160)
  Impulsive: 5.00% (8/160)
Epoch [51/100], Training Loss: 1.3863
Validation Loss: 1.3863, Validation Accuracy: 25.00%

Per-Class Validation Accuracy:
  No Thrust: 37.50% (60/160)
  Chemical: 39.38% (63/160)
  Electric: 18.12% (29/160)
  Impulsive: 5.00% (8/160)
Epoch [52/100], Training Loss: 1.3865
Validation Loss: 1.3863, Validation Accuracy: 25.00%

Per-Class Validation Accuracy:
  No Thrust: 37.50% (60/160)
  Chemical: 39.38% (63/160)
  Electric: 18.12% (29/160)
  Impulsive: 5.00% (8/160)
Epoch [53/100], Training Loss: 1.3865
Validation Loss: 1.3863, Validation Accuracy: 25.00%

Per-Class Validation Accuracy:
  No Thrust: 37.50% (60/160)
  Chemical: 39.38% (63/160)
  Electric: 18.12% (29/160)
  Impulsive: 5.00% (8/160)
Epoch [54/100], Training Loss: 1.3864
Validation Loss: 1.3863, Validation Accuracy: 25.00%

Per-Class Validation Accuracy:
  No Thrust: 37.50% (60/160)
  Chemical: 39.38% (63/160)
  Electric: 18.12% (29/160)
  Impulsive: 5.00% (8/160)
Epoch [55/100], Training Loss: 1.3867
Validation Loss: 1.3863, Validation Accuracy: 25.00%

Per-Class Validation Accuracy:
  No Thrust: 37.50% (60/160)
  Chemical: 39.38% (63/160)
  Electric: 18.12% (29/160)
  Impulsive: 5.00% (8/160)
Epoch [56/100], Training Loss: 1.3862
Validation Loss: 1.3863, Validation Accuracy: 25.00%

Per-Class Validation Accuracy:
  No Thrust: 37.50% (60/160)
  Chemical: 39.38% (63/160)
  Electric: 18.12% (29/160)
  Impulsive: 5.00% (8/160)
Epoch [57/100], Training Loss: 1.3867
Validation Loss: 1.3863, Validation Accuracy: 25.00%

Per-Class Validation Accuracy:
  No Thrust: 37.50% (60/160)
  Chemical: 39.38% (63/160)
  Electric: 18.12% (29/160)
  Impulsive: 5.00% (8/160)
Epoch [58/100], Training Loss: 1.3865
Validation Loss: 1.3863, Validation Accuracy: 25.00%

Per-Class Validation Accuracy:
  No Thrust: 37.50% (60/160)
  Chemical: 39.38% (63/160)
  Electric: 18.12% (29/160)
  Impulsive: 5.00% (8/160)
Epoch [59/100], Training Loss: 1.3862
Validation Loss: 1.3863, Validation Accuracy: 25.00%

Per-Class Validation Accuracy:
  No Thrust: 37.50% (60/160)
  Chemical: 39.38% (63/160)
  Electric: 18.12% (29/160)
  Impulsive: 5.00% (8/160)
Epoch [60/100], Training Loss: 1.3863
Validation Loss: 1.3863, Validation Accuracy: 25.00%

Per-Class Validation Accuracy:
  No Thrust: 37.50% (60/160)
  Chemical: 39.38% (63/160)
  Electric: 18.12% (29/160)
  Impulsive: 5.00% (8/160)
Epoch [61/100], Training Loss: 1.3862
Validation Loss: 1.3863, Validation Accuracy: 25.00%

Per-Class Validation Accuracy:
  No Thrust: 37.50% (60/160)
  Chemical: 39.38% (63/160)
  Electric: 18.12% (29/160)
  Impulsive: 5.00% (8/160)
Epoch [62/100], Training Loss: 1.3863
Validation Loss: 1.3863, Validation Accuracy: 25.00%

Per-Class Validation Accuracy:
  No Thrust: 37.50% (60/160)
  Chemical: 39.38% (63/160)
  Electric: 18.12% (29/160)
  Impulsive: 5.00% (8/160)
Epoch [63/100], Training Loss: 1.3862
Validation Loss: 1.3863, Validation Accuracy: 25.00%

Per-Class Validation Accuracy:
  No Thrust: 37.50% (60/160)
  Chemical: 39.38% (63/160)
  Electric: 18.12% (29/160)
  Impulsive: 5.00% (8/160)
Epoch [64/100], Training Loss: 1.3864
Validation Loss: 1.3863, Validation Accuracy: 25.00%

Per-Class Validation Accuracy:
  No Thrust: 37.50% (60/160)
  Chemical: 39.38% (63/160)
  Electric: 18.12% (29/160)
  Impulsive: 5.00% (8/160)
Epoch [65/100], Training Loss: 1.3863
Validation Loss: 1.3863, Validation Accuracy: 25.00%

Per-Class Validation Accuracy:
  No Thrust: 37.50% (60/160)
  Chemical: 39.38% (63/160)
  Electric: 18.12% (29/160)
  Impulsive: 5.00% (8/160)
Epoch [66/100], Training Loss: 1.3865
Validation Loss: 1.3863, Validation Accuracy: 25.00%

Per-Class Validation Accuracy:
  No Thrust: 37.50% (60/160)
  Chemical: 39.38% (63/160)
  Electric: 18.12% (29/160)
  Impulsive: 5.00% (8/160)
Epoch [67/100], Training Loss: 1.3861
Validation Loss: 1.3863, Validation Accuracy: 25.00%

Per-Class Validation Accuracy:
  No Thrust: 37.50% (60/160)
  Chemical: 39.38% (63/160)
  Electric: 18.12% (29/160)
  Impulsive: 5.00% (8/160)
Epoch [68/100], Training Loss: 1.3863
Validation Loss: 1.3863, Validation Accuracy: 25.00%

Per-Class Validation Accuracy:
  No Thrust: 37.50% (60/160)
  Chemical: 39.38% (63/160)
  Electric: 18.12% (29/160)
  Impulsive: 5.00% (8/160)
Epoch [69/100], Training Loss: 1.3862
Validation Loss: 1.3863, Validation Accuracy: 25.00%

Per-Class Validation Accuracy:
  No Thrust: 37.50% (60/160)
  Chemical: 39.38% (63/160)
  Electric: 18.12% (29/160)
  Impulsive: 5.00% (8/160)
Epoch [70/100], Training Loss: 1.3865
Validation Loss: 1.3863, Validation Accuracy: 25.00%

Per-Class Validation Accuracy:
  No Thrust: 37.50% (60/160)
  Chemical: 39.38% (63/160)
  Electric: 18.12% (29/160)
  Impulsive: 5.00% (8/160)
Epoch [71/100], Training Loss: 1.3865
Validation Loss: 1.3863, Validation Accuracy: 25.00%

Per-Class Validation Accuracy:
  No Thrust: 37.50% (60/160)
  Chemical: 39.38% (63/160)
  Electric: 18.12% (29/160)
  Impulsive: 5.00% (8/160)
Epoch [72/100], Training Loss: 1.3869
Validation Loss: 1.3863, Validation Accuracy: 25.00%

Per-Class Validation Accuracy:
  No Thrust: 37.50% (60/160)
  Chemical: 39.38% (63/160)
  Electric: 18.12% (29/160)
  Impulsive: 5.00% (8/160)
Epoch [73/100], Training Loss: 1.3860
Validation Loss: 1.3863, Validation Accuracy: 25.00%

Per-Class Validation Accuracy:
  No Thrust: 37.50% (60/160)
  Chemical: 39.38% (63/160)
  Electric: 18.12% (29/160)
  Impulsive: 5.00% (8/160)
Epoch [74/100], Training Loss: 1.3866
Validation Loss: 1.3863, Validation Accuracy: 25.00%

Per-Class Validation Accuracy:
  No Thrust: 37.50% (60/160)
  Chemical: 39.38% (63/160)
  Electric: 18.12% (29/160)
  Impulsive: 5.00% (8/160)
Epoch [75/100], Training Loss: 1.3864
Validation Loss: 1.3863, Validation Accuracy: 25.00%

Per-Class Validation Accuracy:
  No Thrust: 37.50% (60/160)
  Chemical: 39.38% (63/160)
  Electric: 18.12% (29/160)
  Impulsive: 5.00% (8/160)
Epoch [76/100], Training Loss: 1.3862
Validation Loss: 1.3863, Validation Accuracy: 25.00%

Per-Class Validation Accuracy:
  No Thrust: 37.50% (60/160)
  Chemical: 39.38% (63/160)
  Electric: 18.12% (29/160)
  Impulsive: 5.00% (8/160)
Epoch [77/100], Training Loss: 1.3865
Validation Loss: 1.3863, Validation Accuracy: 25.00%

Per-Class Validation Accuracy:
  No Thrust: 37.50% (60/160)
  Chemical: 39.38% (63/160)
  Electric: 18.12% (29/160)
  Impulsive: 5.00% (8/160)
Epoch [78/100], Training Loss: 1.3862
Validation Loss: 1.3863, Validation Accuracy: 25.00%

Per-Class Validation Accuracy:
  No Thrust: 37.50% (60/160)
  Chemical: 39.38% (63/160)
  Electric: 18.12% (29/160)
  Impulsive: 5.00% (8/160)
Epoch [79/100], Training Loss: 1.3866
Validation Loss: 1.3863, Validation Accuracy: 25.00%

Per-Class Validation Accuracy:
  No Thrust: 37.50% (60/160)
  Chemical: 39.38% (63/160)
  Electric: 18.12% (29/160)
  Impulsive: 5.00% (8/160)
Epoch [80/100], Training Loss: 1.3861
Validation Loss: 1.3863, Validation Accuracy: 25.00%

Per-Class Validation Accuracy:
  No Thrust: 37.50% (60/160)
  Chemical: 39.38% (63/160)
  Electric: 18.12% (29/160)
  Impulsive: 5.00% (8/160)
Epoch [81/100], Training Loss: 1.3864
Validation Loss: 1.3863, Validation Accuracy: 25.00%

Per-Class Validation Accuracy:
  No Thrust: 37.50% (60/160)
  Chemical: 39.38% (63/160)
  Electric: 18.12% (29/160)
  Impulsive: 5.00% (8/160)
Epoch [82/100], Training Loss: 1.3863
Validation Loss: 1.3863, Validation Accuracy: 25.00%

Per-Class Validation Accuracy:
  No Thrust: 37.50% (60/160)
  Chemical: 39.38% (63/160)
  Electric: 18.12% (29/160)
  Impulsive: 5.00% (8/160)
Epoch [83/100], Training Loss: 1.3863
Validation Loss: 1.3863, Validation Accuracy: 25.00%

Per-Class Validation Accuracy:
  No Thrust: 37.50% (60/160)
  Chemical: 39.38% (63/160)
  Electric: 18.12% (29/160)
  Impulsive: 5.00% (8/160)
Epoch [84/100], Training Loss: 1.3863
Validation Loss: 1.3863, Validation Accuracy: 25.00%

Per-Class Validation Accuracy:
  No Thrust: 37.50% (60/160)
  Chemical: 39.38% (63/160)
  Electric: 18.12% (29/160)
  Impulsive: 5.00% (8/160)
Epoch [85/100], Training Loss: 1.3862
Validation Loss: 1.3863, Validation Accuracy: 25.00%

Per-Class Validation Accuracy:
  No Thrust: 37.50% (60/160)
  Chemical: 39.38% (63/160)
  Electric: 18.12% (29/160)
  Impulsive: 5.00% (8/160)
Epoch [86/100], Training Loss: 1.3864
Validation Loss: 1.3863, Validation Accuracy: 25.00%

Per-Class Validation Accuracy:
  No Thrust: 37.50% (60/160)
  Chemical: 39.38% (63/160)
  Electric: 18.12% (29/160)
  Impulsive: 5.00% (8/160)
Epoch [87/100], Training Loss: 1.3863
Validation Loss: 1.3863, Validation Accuracy: 25.00%

Per-Class Validation Accuracy:
  No Thrust: 37.50% (60/160)
  Chemical: 39.38% (63/160)
  Electric: 18.12% (29/160)
  Impulsive: 5.00% (8/160)
Epoch [88/100], Training Loss: 1.3867
Validation Loss: 1.3863, Validation Accuracy: 25.00%

Per-Class Validation Accuracy:
  No Thrust: 37.50% (60/160)
  Chemical: 39.38% (63/160)
  Electric: 18.12% (29/160)
  Impulsive: 5.00% (8/160)
Epoch [89/100], Training Loss: 1.3865
Validation Loss: 1.3863, Validation Accuracy: 25.00%

Per-Class Validation Accuracy:
  No Thrust: 37.50% (60/160)
  Chemical: 39.38% (63/160)
  Electric: 18.12% (29/160)
  Impulsive: 5.00% (8/160)
Epoch [90/100], Training Loss: 1.3861
Validation Loss: 1.3863, Validation Accuracy: 25.00%

Per-Class Validation Accuracy:
  No Thrust: 37.50% (60/160)
  Chemical: 39.38% (63/160)
  Electric: 18.12% (29/160)
  Impulsive: 5.00% (8/160)
Epoch [91/100], Training Loss: 1.3863
Validation Loss: 1.3863, Validation Accuracy: 25.00%

Per-Class Validation Accuracy:
  No Thrust: 37.50% (60/160)
  Chemical: 39.38% (63/160)
  Electric: 18.12% (29/160)
  Impulsive: 5.00% (8/160)
Epoch [92/100], Training Loss: 1.3865
Validation Loss: 1.3863, Validation Accuracy: 25.00%

Per-Class Validation Accuracy:
  No Thrust: 37.50% (60/160)
  Chemical: 39.38% (63/160)
  Electric: 18.12% (29/160)
  Impulsive: 5.00% (8/160)
Epoch [93/100], Training Loss: 1.3864
Validation Loss: 1.3863, Validation Accuracy: 25.00%

Per-Class Validation Accuracy:
  No Thrust: 37.50% (60/160)
  Chemical: 39.38% (63/160)
  Electric: 18.12% (29/160)
  Impulsive: 5.00% (8/160)
Epoch [94/100], Training Loss: 1.3865
Validation Loss: 1.3863, Validation Accuracy: 25.00%

Per-Class Validation Accuracy:
  No Thrust: 37.50% (60/160)
  Chemical: 39.38% (63/160)
  Electric: 18.12% (29/160)
  Impulsive: 5.00% (8/160)
Epoch [95/100], Training Loss: 1.3864
Validation Loss: 1.3863, Validation Accuracy: 25.00%

Per-Class Validation Accuracy:
  No Thrust: 37.50% (60/160)
  Chemical: 39.38% (63/160)
  Electric: 18.12% (29/160)
  Impulsive: 5.00% (8/160)
Epoch [96/100], Training Loss: 1.3862
Validation Loss: 1.3863, Validation Accuracy: 25.00%

Per-Class Validation Accuracy:
  No Thrust: 37.50% (60/160)
  Chemical: 39.38% (63/160)
  Electric: 18.12% (29/160)
  Impulsive: 5.00% (8/160)
Epoch [97/100], Training Loss: 1.3861
Validation Loss: 1.3863, Validation Accuracy: 25.00%

Per-Class Validation Accuracy:
  No Thrust: 37.50% (60/160)
  Chemical: 39.38% (63/160)
  Electric: 18.12% (29/160)
  Impulsive: 5.00% (8/160)
Epoch [98/100], Training Loss: 1.3865
Validation Loss: 1.3863, Validation Accuracy: 25.00%

Per-Class Validation Accuracy:
  No Thrust: 37.50% (60/160)
  Chemical: 39.38% (63/160)
  Electric: 18.12% (29/160)
  Impulsive: 5.00% (8/160)
Epoch [99/100], Training Loss: 1.3864
Validation Loss: 1.3863, Validation Accuracy: 25.00%

Per-Class Validation Accuracy:
  No Thrust: 37.50% (60/160)
  Chemical: 39.38% (63/160)
  Electric: 18.12% (29/160)
  Impulsive: 5.00% (8/160)
Epoch [100/100], Training Loss: 1.3865
Validation Loss: 1.3863, Validation Accuracy: 25.00%

Per-Class Validation Accuracy:
  No Thrust: 37.50% (60/160)
  Chemical: 39.38% (63/160)
  Electric: 18.12% (29/160)
  Impulsive: 5.00% (8/160)

	Elapsed time is 47.2095 seconds.

==========================================================================================
Total parameters: 6106
Total memory (bytes): 48848
Total memory (MB): 0.0465850830078125
==========================================================================================

Mamba Validation
Validation Loss: 1.3863, Validation Accuracy: 25.00%

Per-Class Validation Accuracy:
  No Thrust: 37.50% (60/160)
  Chemical: 39.38% (63/160)
  Electric: 18.12% (29/160)
  Impulsive: 5.00% (8/160)

Classification Report:
              precision    recall  f1-score   support

   No Thrust     0.2510    0.3750    0.3008       160
    Chemical     0.2500    0.3937    0.3058       160
    Electric     0.2479    0.1812    0.2094       160
   Impulsive     0.2500    0.0500    0.0833       160

    accuracy                         0.2500       640
   macro avg     0.2497    0.2500    0.2248       640
weighted avg     0.2497    0.2500    0.2248       640


Confusion Matrix (rows = true, cols = predicted):
             P_No Thrust  P_Chemical  P_Electric  P_Impulsive
T_No Thrust           60          63          29            8
T_Chemical            60          63          29            8
T_Electric            60          63          29            8
T_Impulsive           59          63          30            8

Mamba Inference Time	Elapsed time is 0.1858 seconds.

Entering Transformer Training Loop
Epoch [1/100], Training Loss: 1.4609
Validation Loss: 1.3947, Validation Accuracy: 25.00%

Per-Class Validation Accuracy:
  No Thrust: 20.00% (32/160)
  Chemical: 18.12% (29/160)
  Electric: 28.12% (45/160)
  Impulsive: 33.75% (54/160)
Epoch [2/100], Training Loss: 1.4338
Validation Loss: 1.3927, Validation Accuracy: 25.00%

Per-Class Validation Accuracy:
  No Thrust: 31.88% (51/160)
  Chemical: 54.38% (87/160)
  Electric: 13.75% (22/160)
  Impulsive: 0.00% (0/160)
Epoch [3/100], Training Loss: 1.4140
Validation Loss: 1.3959, Validation Accuracy: 25.00%

Per-Class Validation Accuracy:
  No Thrust: 3.75% (6/160)
  Chemical: 31.25% (50/160)
  Electric: 0.00% (0/160)
  Impulsive: 65.00% (104/160)
Epoch [4/100], Training Loss: 1.4296
Validation Loss: 1.3924, Validation Accuracy: 25.00%

Per-Class Validation Accuracy:
  No Thrust: 60.62% (97/160)
  Chemical: 2.50% (4/160)
  Electric: 36.88% (59/160)
  Impulsive: 0.00% (0/160)
Epoch [5/100], Training Loss: 1.4133
Validation Loss: 1.3914, Validation Accuracy: 25.00%

Per-Class Validation Accuracy:
  No Thrust: 47.50% (76/160)
  Chemical: 9.38% (15/160)
  Electric: 41.25% (66/160)
  Impulsive: 1.88% (3/160)
Epoch [6/100], Training Loss: 1.4185
Validation Loss: 1.3924, Validation Accuracy: 25.00%

Per-Class Validation Accuracy:
  No Thrust: 0.62% (1/160)
  Chemical: 40.62% (65/160)
  Electric: 0.00% (0/160)
  Impulsive: 58.75% (94/160)
Epoch [7/100], Training Loss: 1.4107
Validation Loss: 1.3906, Validation Accuracy: 25.00%

Per-Class Validation Accuracy:
  No Thrust: 90.00% (144/160)
  Chemical: 5.62% (9/160)
  Electric: 1.88% (3/160)
  Impulsive: 2.50% (4/160)
Epoch [8/100], Training Loss: 1.4071
Validation Loss: 1.3894, Validation Accuracy: 25.16%

Per-Class Validation Accuracy:
  No Thrust: 0.00% (0/160)
  Chemical: 48.12% (77/160)
  Electric: 35.00% (56/160)
  Impulsive: 17.50% (28/160)
Epoch [9/100], Training Loss: 1.3989
Validation Loss: 1.3884, Validation Accuracy: 25.00%

Per-Class Validation Accuracy:
  No Thrust: 33.75% (54/160)
  Chemical: 59.38% (95/160)
  Electric: 0.00% (0/160)
  Impulsive: 6.88% (11/160)
Epoch [10/100], Training Loss: 1.4017
Validation Loss: 1.3880, Validation Accuracy: 25.00%

Per-Class Validation Accuracy:
  No Thrust: 70.00% (112/160)
  Chemical: 28.12% (45/160)
  Electric: 0.00% (0/160)
  Impulsive: 1.88% (3/160)
Epoch [11/100], Training Loss: 1.3973
Validation Loss: 1.3878, Validation Accuracy: 24.84%

Per-Class Validation Accuracy:
  No Thrust: 0.00% (0/160)
  Chemical: 41.88% (67/160)
  Electric: 46.25% (74/160)
  Impulsive: 11.25% (18/160)
Epoch [12/100], Training Loss: 1.3989
Validation Loss: 1.3881, Validation Accuracy: 25.16%

Per-Class Validation Accuracy:
  No Thrust: 2.50% (4/160)
  Chemical: 0.00% (0/160)
  Electric: 97.50% (156/160)
  Impulsive: 0.62% (1/160)
Epoch [13/100], Training Loss: 1.4052
Validation Loss: 1.3886, Validation Accuracy: 25.00%

Per-Class Validation Accuracy:
  No Thrust: 0.00% (0/160)
  Chemical: 0.00% (0/160)
  Electric: 0.00% (0/160)
  Impulsive: 100.00% (160/160)
Epoch [14/100], Training Loss: 1.3989
Validation Loss: 1.3908, Validation Accuracy: 25.00%

Per-Class Validation Accuracy:
  No Thrust: 0.00% (0/160)
  Chemical: 0.00% (0/160)
  Electric: 51.25% (82/160)
  Impulsive: 48.75% (78/160)
Epoch [15/100], Training Loss: 1.4129
Validation Loss: 1.3880, Validation Accuracy: 25.00%

Per-Class Validation Accuracy:
  No Thrust: 0.00% (0/160)
  Chemical: 50.00% (80/160)
  Electric: 8.75% (14/160)
  Impulsive: 41.25% (66/160)
Epoch [16/100], Training Loss: 1.4005
Validation Loss: 1.3897, Validation Accuracy: 25.00%

Per-Class Validation Accuracy:
  No Thrust: 100.00% (160/160)
  Chemical: 0.00% (0/160)
  Electric: 0.00% (0/160)
  Impulsive: 0.00% (0/160)
Epoch [17/100], Training Loss: 1.4015
Validation Loss: 1.3930, Validation Accuracy: 25.00%

Per-Class Validation Accuracy:
  No Thrust: 0.00% (0/160)
  Chemical: 0.00% (0/160)
  Electric: 3.12% (5/160)
  Impulsive: 96.88% (155/160)
Epoch [18/100], Training Loss: 1.3947
Validation Loss: 1.3867, Validation Accuracy: 25.00%

Per-Class Validation Accuracy:
  No Thrust: 1.25% (2/160)
  Chemical: 40.62% (65/160)
  Electric: 8.75% (14/160)
  Impulsive: 49.38% (79/160)
Epoch [19/100], Training Loss: 1.3957
Validation Loss: 1.3874, Validation Accuracy: 25.00%

Per-Class Validation Accuracy:
  No Thrust: 60.62% (97/160)
  Chemical: 36.25% (58/160)
  Electric: 3.12% (5/160)
  Impulsive: 0.00% (0/160)
Epoch [20/100], Training Loss: 1.4017
Validation Loss: 1.3866, Validation Accuracy: 25.00%

Per-Class Validation Accuracy:
  No Thrust: 6.25% (10/160)
  Chemical: 56.25% (90/160)
  Electric: 28.75% (46/160)
  Impulsive: 8.75% (14/160)
Epoch [21/100], Training Loss: 1.3906
Validation Loss: 1.3869, Validation Accuracy: 24.84%

Per-Class Validation Accuracy:
  No Thrust: 0.00% (0/160)
  Chemical: 30.62% (49/160)
  Electric: 61.25% (98/160)
  Impulsive: 7.50% (12/160)
Epoch [22/100], Training Loss: 1.3955
Validation Loss: 1.3867, Validation Accuracy: 25.00%

Per-Class Validation Accuracy:
  No Thrust: 38.12% (61/160)
  Chemical: 37.50% (60/160)
  Electric: 8.12% (13/160)
  Impulsive: 16.25% (26/160)
Epoch [23/100], Training Loss: 1.3914
Validation Loss: 1.3866, Validation Accuracy: 25.00%

Per-Class Validation Accuracy:
  No Thrust: 16.25% (26/160)
  Chemical: 69.38% (111/160)
  Electric: 9.38% (15/160)
  Impulsive: 5.00% (8/160)
Epoch [24/100], Training Loss: 1.3900
Validation Loss: 1.3867, Validation Accuracy: 25.00%

Per-Class Validation Accuracy:
  No Thrust: 16.25% (26/160)
  Chemical: 1.88% (3/160)
  Electric: 65.00% (104/160)
  Impulsive: 16.88% (27/160)
Epoch [25/100], Training Loss: 1.3907
Validation Loss: 1.3865, Validation Accuracy: 25.00%

Per-Class Validation Accuracy:
  No Thrust: 62.50% (100/160)
  Chemical: 26.25% (42/160)
  Electric: 6.25% (10/160)
  Impulsive: 5.00% (8/160)
Epoch [26/100], Training Loss: 1.3906
Validation Loss: 1.3866, Validation Accuracy: 25.00%

Per-Class Validation Accuracy:
  No Thrust: 38.12% (61/160)
  Chemical: 31.25% (50/160)
  Electric: 0.00% (0/160)
  Impulsive: 30.62% (49/160)
Epoch [27/100], Training Loss: 1.3889
Validation Loss: 1.3867, Validation Accuracy: 25.00%

Per-Class Validation Accuracy:
  No Thrust: 20.62% (33/160)
  Chemical: 30.00% (48/160)
  Electric: 6.88% (11/160)
  Impulsive: 42.50% (68/160)
Epoch [28/100], Training Loss: 1.3962
Validation Loss: 1.3866, Validation Accuracy: 24.84%

Per-Class Validation Accuracy:
  No Thrust: 12.50% (20/160)
  Chemical: 0.62% (1/160)
  Electric: 26.88% (43/160)
  Impulsive: 59.38% (95/160)
Epoch [29/100], Training Loss: 1.3886
Validation Loss: 1.3865, Validation Accuracy: 25.00%

Per-Class Validation Accuracy:
  No Thrust: 50.62% (81/160)
  Chemical: 11.25% (18/160)
  Electric: 28.12% (45/160)
  Impulsive: 10.00% (16/160)
Epoch [30/100], Training Loss: 1.3962
Validation Loss: 1.3866, Validation Accuracy: 25.00%

Per-Class Validation Accuracy:
  No Thrust: 38.75% (62/160)
  Chemical: 48.75% (78/160)
  Electric: 12.50% (20/160)
  Impulsive: 0.00% (0/160)
Epoch [31/100], Training Loss: 1.3912
Validation Loss: 1.3865, Validation Accuracy: 25.16%

Per-Class Validation Accuracy:
  No Thrust: 0.62% (1/160)
  Chemical: 71.25% (114/160)
  Electric: 22.50% (36/160)
  Impulsive: 6.25% (10/160)
Epoch [32/100], Training Loss: 1.3886
Validation Loss: 1.3865, Validation Accuracy: 25.16%

Per-Class Validation Accuracy:
  No Thrust: 43.12% (69/160)
  Chemical: 38.75% (62/160)
  Electric: 11.25% (18/160)
  Impulsive: 7.50% (12/160)
Epoch [33/100], Training Loss: 1.3913
Validation Loss: 1.3865, Validation Accuracy: 24.84%

Per-Class Validation Accuracy:
  No Thrust: 1.25% (2/160)
  Chemical: 27.50% (44/160)
  Electric: 65.62% (105/160)
  Impulsive: 5.00% (8/160)
Epoch [34/100], Training Loss: 1.3937
Validation Loss: 1.3865, Validation Accuracy: 25.00%

Per-Class Validation Accuracy:
  No Thrust: 3.75% (6/160)
  Chemical: 4.38% (7/160)
  Electric: 91.25% (146/160)
  Impulsive: 0.62% (1/160)
Epoch [35/100], Training Loss: 1.3861
Validation Loss: 1.3865, Validation Accuracy: 25.00%

Per-Class Validation Accuracy:
  No Thrust: 74.38% (119/160)
  Chemical: 3.12% (5/160)
  Electric: 9.38% (15/160)
  Impulsive: 13.12% (21/160)
Early stopping triggered.

	Elapsed time is 28.2682 seconds.

==========================================================================================
Total parameters: 41940
Total memory (bytes): 335520
Total memory (MB): 0.319976806640625
==========================================================================================

Transformer Validation
Validation Loss: 1.3865, Validation Accuracy: 25.00%

Per-Class Validation Accuracy:
  No Thrust: 74.38% (119/160)
  Chemical: 3.12% (5/160)
  Electric: 9.38% (15/160)
  Impulsive: 13.12% (21/160)

Classification Report:
              precision    recall  f1-score   support

   No Thrust     0.2500    0.7438    0.3742       160
    Chemical     0.2500    0.0312    0.0556       160
    Electric     0.2500    0.0938    0.1364       160
   Impulsive     0.2500    0.1313    0.1721       160

    accuracy                         0.2500       640
   macro avg     0.2500    0.2500    0.1846       640
weighted avg     0.2500    0.2500    0.1846       640


Confusion Matrix (rows = true, cols = predicted):
             P_No Thrust  P_Chemical  P_Electric  P_Impulsive
T_No Thrust          119           5          15           21
T_Chemical           119           5          15           21
T_Electric           119           5          15           21
T_Impulsive          119           5          15           21

Transformer Inference Time	Elapsed time is 0.2607 seconds.

Entering MLP Training Loop
Validation Loss: 0.2928, Validation Accuracy: 24.69%

Per-Class Validation Accuracy:
  No Thrust: 14.38% (23/160)
  Chemical: 33.75% (54/160)
  Electric: 21.25% (34/160)
  Impulsive: 29.38% (47/160)
Epoch [1/100], Training Loss: 0.2784
Validation Loss: 0.2852, Validation Accuracy: 24.84%

Per-Class Validation Accuracy:
  No Thrust: 17.50% (28/160)
  Chemical: 30.62% (49/160)
  Electric: 26.25% (42/160)
  Impulsive: 25.00% (40/160)
Epoch [2/100], Training Loss: 0.1390
Validation Loss: 0.2792, Validation Accuracy: 25.16%

Per-Class Validation Accuracy:
  No Thrust: 22.50% (36/160)
  Chemical: 25.62% (41/160)
  Electric: 30.00% (48/160)
  Impulsive: 22.50% (36/160)
Epoch [3/100], Training Loss: 0.0923
Validation Loss: 0.2766, Validation Accuracy: 25.00%

Per-Class Validation Accuracy:
  No Thrust: 26.25% (42/160)
  Chemical: 17.50% (28/160)
  Electric: 32.50% (52/160)
  Impulsive: 23.75% (38/160)
Epoch [4/100], Training Loss: 0.0700
Validation Loss: 0.2755, Validation Accuracy: 25.00%

Per-Class Validation Accuracy:
  No Thrust: 27.50% (44/160)
  Chemical: 15.00% (24/160)
  Electric: 35.00% (56/160)
  Impulsive: 22.50% (36/160)
Epoch [5/100], Training Loss: 0.0562
Validation Loss: 0.2750, Validation Accuracy: 25.00%

Per-Class Validation Accuracy:
  No Thrust: 28.12% (45/160)
  Chemical: 14.38% (23/160)
  Electric: 34.38% (55/160)
  Impulsive: 23.12% (37/160)
Epoch [6/100], Training Loss: 0.0467
Validation Loss: 0.2745, Validation Accuracy: 25.00%

Per-Class Validation Accuracy:
  No Thrust: 31.25% (50/160)
  Chemical: 14.38% (23/160)
  Electric: 31.25% (50/160)
  Impulsive: 23.12% (37/160)
Epoch [7/100], Training Loss: 0.0397
Validation Loss: 0.2752, Validation Accuracy: 25.00%

Per-Class Validation Accuracy:
  No Thrust: 30.00% (48/160)
  Chemical: 11.88% (19/160)
  Electric: 35.00% (56/160)
  Impulsive: 23.12% (37/160)
Epoch [8/100], Training Loss: 0.0346
Validation Loss: 0.2759, Validation Accuracy: 25.16%

Per-Class Validation Accuracy:
  No Thrust: 30.00% (48/160)
  Chemical: 13.12% (21/160)
  Electric: 32.50% (52/160)
  Impulsive: 25.00% (40/160)
Epoch [9/100], Training Loss: 0.0310
Validation Loss: 0.2767, Validation Accuracy: 25.00%

Per-Class Validation Accuracy:
  No Thrust: 28.75% (46/160)
  Chemical: 13.12% (21/160)
  Electric: 32.50% (52/160)
  Impulsive: 25.62% (41/160)
Epoch [10/100], Training Loss: 0.0276
Validation Loss: 0.2764, Validation Accuracy: 25.00%

Per-Class Validation Accuracy:
  No Thrust: 30.00% (48/160)
  Chemical: 12.50% (20/160)
  Electric: 30.00% (48/160)
  Impulsive: 27.50% (44/160)
Epoch [11/100], Training Loss: 0.0252
Validation Loss: 0.2753, Validation Accuracy: 25.00%

Per-Class Validation Accuracy:
  No Thrust: 31.25% (50/160)
  Chemical: 10.62% (17/160)
  Electric: 30.00% (48/160)
  Impulsive: 28.12% (45/160)
Epoch [12/100], Training Loss: 0.0232
Validation Loss: 0.2746, Validation Accuracy: 25.00%

Per-Class Validation Accuracy:
  No Thrust: 33.75% (54/160)
  Chemical: 10.62% (17/160)
  Electric: 28.12% (45/160)
  Impulsive: 27.50% (44/160)
Epoch [13/100], Training Loss: 0.0213
Validation Loss: 0.2755, Validation Accuracy: 25.00%

Per-Class Validation Accuracy:
  No Thrust: 31.88% (51/160)
  Chemical: 11.88% (19/160)
  Electric: 29.38% (47/160)
  Impulsive: 26.88% (43/160)
Epoch [14/100], Training Loss: 0.0200
Validation Loss: 0.2783, Validation Accuracy: 25.00%

Per-Class Validation Accuracy:
  No Thrust: 26.25% (42/160)
  Chemical: 17.50% (28/160)
  Electric: 28.75% (46/160)
  Impulsive: 27.50% (44/160)
Epoch [15/100], Training Loss: 0.0186
Validation Loss: 0.2786, Validation Accuracy: 24.84%

Per-Class Validation Accuracy:
  No Thrust: 26.25% (42/160)
  Chemical: 18.12% (29/160)
  Electric: 29.38% (47/160)
  Impulsive: 25.62% (41/160)
Epoch [16/100], Training Loss: 0.0173
Validation Loss: 0.2788, Validation Accuracy: 25.00%

Per-Class Validation Accuracy:
  No Thrust: 25.62% (41/160)
  Chemical: 16.25% (26/160)
  Electric: 30.62% (49/160)
  Impulsive: 27.50% (44/160)
Epoch [17/100], Training Loss: 0.0164
Validation Loss: 0.2781, Validation Accuracy: 25.00%

Per-Class Validation Accuracy:
  No Thrust: 26.88% (43/160)
  Chemical: 15.00% (24/160)
  Electric: 30.62% (49/160)
  Impulsive: 27.50% (44/160)
Epoch [18/100], Training Loss: 0.0155
Validation Loss: 0.2777, Validation Accuracy: 25.16%

Per-Class Validation Accuracy:
  No Thrust: 28.12% (45/160)
  Chemical: 13.75% (22/160)
  Electric: 30.62% (49/160)
  Impulsive: 28.12% (45/160)
Epoch [19/100], Training Loss: 0.0147
Validation Loss: 0.2774, Validation Accuracy: 24.84%

Per-Class Validation Accuracy:
  No Thrust: 28.75% (46/160)
  Chemical: 15.62% (25/160)
  Electric: 30.00% (48/160)
  Impulsive: 25.00% (40/160)
Epoch [20/100], Training Loss: 0.0139
Validation Loss: 0.2775, Validation Accuracy: 25.00%

Per-Class Validation Accuracy:
  No Thrust: 29.38% (47/160)
  Chemical: 15.62% (25/160)
  Electric: 30.62% (49/160)
  Impulsive: 24.38% (39/160)
Epoch [21/100], Training Loss: 0.0132
Validation Loss: 0.2776, Validation Accuracy: 25.00%

Per-Class Validation Accuracy:
  No Thrust: 30.00% (48/160)
  Chemical: 15.00% (24/160)
  Electric: 30.62% (49/160)
  Impulsive: 24.38% (39/160)
Epoch [22/100], Training Loss: 0.0126
Validation Loss: 0.2772, Validation Accuracy: 24.84%

Per-Class Validation Accuracy:
  No Thrust: 30.62% (49/160)
  Chemical: 13.75% (22/160)
  Electric: 28.75% (46/160)
  Impulsive: 26.25% (42/160)
Epoch [23/100], Training Loss: 0.0120
Validation Loss: 0.2784, Validation Accuracy: 24.84%

Per-Class Validation Accuracy:
  No Thrust: 27.50% (44/160)
  Chemical: 12.50% (20/160)
  Electric: 29.38% (47/160)
  Impulsive: 30.00% (48/160)
Epoch [24/100], Training Loss: 0.0116
Validation Loss: 0.2800, Validation Accuracy: 24.84%

Per-Class Validation Accuracy:
  No Thrust: 22.50% (36/160)
  Chemical: 16.25% (26/160)
  Electric: 31.25% (50/160)
  Impulsive: 29.38% (47/160)
Epoch [25/100], Training Loss: 0.0111
Validation Loss: 0.2787, Validation Accuracy: 24.84%

Per-Class Validation Accuracy:
  No Thrust: 27.50% (44/160)
  Chemical: 15.62% (25/160)
  Electric: 29.38% (47/160)
  Impulsive: 26.88% (43/160)
Epoch [26/100], Training Loss: 0.0107
Validation Loss: 0.2781, Validation Accuracy: 25.00%

Per-Class Validation Accuracy:
  No Thrust: 28.12% (45/160)
  Chemical: 18.12% (29/160)
  Electric: 30.00% (48/160)
  Impulsive: 23.75% (38/160)
Epoch [27/100], Training Loss: 0.0103
Validation Loss: 0.2779, Validation Accuracy: 25.00%

Per-Class Validation Accuracy:
  No Thrust: 29.38% (47/160)
  Chemical: 15.62% (25/160)
  Electric: 30.62% (49/160)
  Impulsive: 24.38% (39/160)
Epoch [28/100], Training Loss: 0.0099
Validation Loss: 0.2771, Validation Accuracy: 24.84%

Per-Class Validation Accuracy:
  No Thrust: 32.50% (52/160)
  Chemical: 15.00% (24/160)
  Electric: 28.12% (45/160)
  Impulsive: 23.75% (38/160)
Epoch [29/100], Training Loss: 0.0096
Validation Loss: 0.2785, Validation Accuracy: 25.00%

Per-Class Validation Accuracy:
  No Thrust: 26.88% (43/160)
  Chemical: 17.50% (28/160)
  Electric: 31.88% (51/160)
  Impulsive: 23.75% (38/160)
Epoch [30/100], Training Loss: 0.0092
Validation Loss: 0.2775, Validation Accuracy: 25.00%

Per-Class Validation Accuracy:
  No Thrust: 31.25% (50/160)
  Chemical: 16.88% (27/160)
  Electric: 30.00% (48/160)
  Impulsive: 21.88% (35/160)
Epoch [31/100], Training Loss: 0.0089
Validation Loss: 0.2775, Validation Accuracy: 24.84%

Per-Class Validation Accuracy:
  No Thrust: 31.25% (50/160)
  Chemical: 15.62% (25/160)
  Electric: 29.38% (47/160)
  Impulsive: 23.12% (37/160)
Epoch [32/100], Training Loss: 0.0087
Validation Loss: 0.2776, Validation Accuracy: 24.84%

Per-Class Validation Accuracy:
  No Thrust: 31.25% (50/160)
  Chemical: 15.00% (24/160)
  Electric: 29.38% (47/160)
  Impulsive: 23.75% (38/160)
Epoch [33/100], Training Loss: 0.0084
Validation Loss: 0.2779, Validation Accuracy: 25.00%

Per-Class Validation Accuracy:
  No Thrust: 28.75% (46/160)
  Chemical: 20.00% (32/160)
  Electric: 26.25% (42/160)
  Impulsive: 25.00% (40/160)
Epoch [34/100], Training Loss: 0.0081
Validation Loss: 0.2769, Validation Accuracy: 25.00%

Per-Class Validation Accuracy:
  No Thrust: 34.38% (55/160)
  Chemical: 16.25% (26/160)
  Electric: 25.00% (40/160)
  Impulsive: 24.38% (39/160)
Epoch [35/100], Training Loss: 0.0079
Validation Loss: 0.2766, Validation Accuracy: 25.00%

Per-Class Validation Accuracy:
  No Thrust: 34.38% (55/160)
  Chemical: 15.00% (24/160)
  Electric: 24.38% (39/160)
  Impulsive: 26.25% (42/160)
Epoch [36/100], Training Loss: 0.0077
Validation Loss: 0.2766, Validation Accuracy: 24.84%

Per-Class Validation Accuracy:
  No Thrust: 35.00% (56/160)
  Chemical: 15.62% (25/160)
  Electric: 26.88% (43/160)
  Impulsive: 21.88% (35/160)
Epoch [37/100], Training Loss: 0.0075
Validation Loss: 0.2768, Validation Accuracy: 25.00%

Per-Class Validation Accuracy:
  No Thrust: 33.75% (54/160)
  Chemical: 15.00% (24/160)
  Electric: 30.62% (49/160)
  Impulsive: 20.62% (33/160)
Epoch [38/100], Training Loss: 0.0073
Validation Loss: 0.2772, Validation Accuracy: 24.84%

Per-Class Validation Accuracy:
  No Thrust: 31.88% (51/160)
  Chemical: 15.00% (24/160)
  Electric: 31.25% (50/160)
  Impulsive: 21.25% (34/160)
Epoch [39/100], Training Loss: 0.0071
Validation Loss: 0.2767, Validation Accuracy: 25.00%

Per-Class Validation Accuracy:
  No Thrust: 33.75% (54/160)
  Chemical: 16.25% (26/160)
  Electric: 28.12% (45/160)
  Impulsive: 21.88% (35/160)
Epoch [40/100], Training Loss: 0.0069
Validation Loss: 0.2767, Validation Accuracy: 25.00%

Per-Class Validation Accuracy:
  No Thrust: 33.75% (54/160)
  Chemical: 15.62% (25/160)
  Electric: 30.62% (49/160)
  Impulsive: 20.00% (32/160)
Epoch [41/100], Training Loss: 0.0068
Validation Loss: 0.2767, Validation Accuracy: 25.00%

Per-Class Validation Accuracy:
  No Thrust: 33.12% (53/160)
  Chemical: 16.88% (27/160)
  Electric: 29.38% (47/160)
  Impulsive: 20.62% (33/160)
Epoch [42/100], Training Loss: 0.0066
Validation Loss: 0.2774, Validation Accuracy: 25.00%

Per-Class Validation Accuracy:
  No Thrust: 30.00% (48/160)
  Chemical: 18.12% (29/160)
  Electric: 30.00% (48/160)
  Impulsive: 21.88% (35/160)
Epoch [43/100], Training Loss: 0.0064
Validation Loss: 0.2776, Validation Accuracy: 25.00%

Per-Class Validation Accuracy:
  No Thrust: 30.62% (49/160)
  Chemical: 16.25% (26/160)
  Electric: 30.62% (49/160)
  Impulsive: 22.50% (36/160)
Epoch [44/100], Training Loss: 0.0063
Validation Loss: 0.2777, Validation Accuracy: 25.00%

Per-Class Validation Accuracy:
  No Thrust: 30.00% (48/160)
  Chemical: 13.75% (22/160)
  Electric: 31.25% (50/160)
  Impulsive: 25.00% (40/160)
Epoch [45/100], Training Loss: 0.0062
Validation Loss: 0.2776, Validation Accuracy: 25.00%

Per-Class Validation Accuracy:
  No Thrust: 29.38% (47/160)
  Chemical: 16.88% (27/160)
  Electric: 30.62% (49/160)
  Impulsive: 23.12% (37/160)
Epoch [46/100], Training Loss: 0.0060
Validation Loss: 0.2775, Validation Accuracy: 24.84%

Per-Class Validation Accuracy:
  No Thrust: 30.00% (48/160)
  Chemical: 16.25% (26/160)
  Electric: 29.38% (47/160)
  Impulsive: 23.75% (38/160)
Epoch [47/100], Training Loss: 0.0059
Validation Loss: 0.2777, Validation Accuracy: 25.00%

Per-Class Validation Accuracy:
  No Thrust: 30.00% (48/160)
  Chemical: 16.88% (27/160)
  Electric: 29.38% (47/160)
  Impulsive: 23.75% (38/160)
Epoch [48/100], Training Loss: 0.0058
Validation Loss: 0.2778, Validation Accuracy: 25.00%

Per-Class Validation Accuracy:
  No Thrust: 28.12% (45/160)
  Chemical: 19.38% (31/160)
  Electric: 29.38% (47/160)
  Impulsive: 23.12% (37/160)
Epoch [49/100], Training Loss: 0.0056
Validation Loss: 0.2782, Validation Accuracy: 25.00%

Per-Class Validation Accuracy:
  No Thrust: 28.12% (45/160)
  Chemical: 18.75% (30/160)
  Electric: 29.38% (47/160)
  Impulsive: 23.75% (38/160)
Epoch [50/100], Training Loss: 0.0055
Validation Loss: 0.2782, Validation Accuracy: 25.00%

Per-Class Validation Accuracy:
  No Thrust: 28.12% (45/160)
  Chemical: 19.38% (31/160)
  Electric: 29.38% (47/160)
  Impulsive: 23.12% (37/160)
Epoch [51/100], Training Loss: 0.0054
Validation Loss: 0.2783, Validation Accuracy: 25.00%

Per-Class Validation Accuracy:
  No Thrust: 28.12% (45/160)
  Chemical: 19.38% (31/160)
  Electric: 29.38% (47/160)
  Impulsive: 23.12% (37/160)
Epoch [52/100], Training Loss: 0.0054
Validation Loss: 0.2778, Validation Accuracy: 25.00%

Per-Class Validation Accuracy:
  No Thrust: 29.38% (47/160)
  Chemical: 16.88% (27/160)
  Electric: 29.38% (47/160)
  Impulsive: 24.38% (39/160)
Epoch [53/100], Training Loss: 0.0053
Validation Loss: 0.2781, Validation Accuracy: 25.00%

Per-Class Validation Accuracy:
  No Thrust: 28.75% (46/160)
  Chemical: 19.38% (31/160)
  Electric: 30.00% (48/160)
  Impulsive: 21.88% (35/160)
Epoch [54/100], Training Loss: 0.0052
Validation Loss: 0.2779, Validation Accuracy: 25.00%

Per-Class Validation Accuracy:
  No Thrust: 30.00% (48/160)
  Chemical: 17.50% (28/160)
  Electric: 29.38% (47/160)
  Impulsive: 23.12% (37/160)
Epoch [55/100], Training Loss: 0.0051
Validation Loss: 0.2774, Validation Accuracy: 25.00%

Per-Class Validation Accuracy:
  No Thrust: 30.62% (49/160)
  Chemical: 17.50% (28/160)
  Electric: 29.38% (47/160)
  Impulsive: 22.50% (36/160)
Epoch [56/100], Training Loss: 0.0050
Validation Loss: 0.2776, Validation Accuracy: 24.84%

Per-Class Validation Accuracy:
  No Thrust: 30.00% (48/160)
  Chemical: 18.12% (29/160)
  Electric: 29.38% (47/160)
  Impulsive: 21.88% (35/160)
Epoch [57/100], Training Loss: 0.0049
Validation Loss: 0.2772, Validation Accuracy: 24.69%

Per-Class Validation Accuracy:
  No Thrust: 31.88% (51/160)
  Chemical: 16.25% (26/160)
  Electric: 29.38% (47/160)
  Impulsive: 21.25% (34/160)
Epoch [58/100], Training Loss: 0.0048
Validation Loss: 0.2771, Validation Accuracy: 25.00%

Per-Class Validation Accuracy:
  No Thrust: 33.12% (53/160)
  Chemical: 16.88% (27/160)
  Electric: 29.38% (47/160)
  Impulsive: 20.62% (33/160)
Epoch [59/100], Training Loss: 0.0047
Validation Loss: 0.2771, Validation Accuracy: 25.00%

Per-Class Validation Accuracy:
  No Thrust: 32.50% (52/160)
  Chemical: 16.88% (27/160)
  Electric: 30.00% (48/160)
  Impulsive: 20.62% (33/160)
Epoch [60/100], Training Loss: 0.0046
Validation Loss: 0.2779, Validation Accuracy: 24.84%

Per-Class Validation Accuracy:
  No Thrust: 29.38% (47/160)
  Chemical: 18.75% (30/160)
  Electric: 29.38% (47/160)
  Impulsive: 21.88% (35/160)
Epoch [61/100], Training Loss: 0.0045
Validation Loss: 0.2773, Validation Accuracy: 25.00%

Per-Class Validation Accuracy:
  No Thrust: 32.50% (52/160)
  Chemical: 16.88% (27/160)
  Electric: 30.00% (48/160)
  Impulsive: 20.62% (33/160)
Epoch [62/100], Training Loss: 0.0045
Validation Loss: 0.2773, Validation Accuracy: 25.00%

Per-Class Validation Accuracy:
  No Thrust: 31.25% (50/160)
  Chemical: 17.50% (28/160)
  Electric: 30.00% (48/160)
  Impulsive: 21.25% (34/160)
Epoch [63/100], Training Loss: 0.0044
Validation Loss: 0.2777, Validation Accuracy: 25.16%

Per-Class Validation Accuracy:
  No Thrust: 30.00% (48/160)
  Chemical: 18.75% (30/160)
  Electric: 30.00% (48/160)
  Impulsive: 21.88% (35/160)
Epoch [64/100], Training Loss: 0.0043
Validation Loss: 0.2772, Validation Accuracy: 24.84%

Per-Class Validation Accuracy:
  No Thrust: 31.25% (50/160)
  Chemical: 17.50% (28/160)
  Electric: 29.38% (47/160)
  Impulsive: 21.25% (34/160)
Epoch [65/100], Training Loss: 0.0043
Validation Loss: 0.2775, Validation Accuracy: 25.00%

Per-Class Validation Accuracy:
  No Thrust: 31.25% (50/160)
  Chemical: 17.50% (28/160)
  Electric: 30.00% (48/160)
  Impulsive: 21.25% (34/160)
Epoch [66/100], Training Loss: 0.0042
Validation Loss: 0.2777, Validation Accuracy: 25.00%

Per-Class Validation Accuracy:
  No Thrust: 30.62% (49/160)
  Chemical: 18.12% (29/160)
  Electric: 30.00% (48/160)
  Impulsive: 21.25% (34/160)
Epoch [67/100], Training Loss: 0.0041
Validation Loss: 0.2777, Validation Accuracy: 25.00%

Per-Class Validation Accuracy:
  No Thrust: 30.00% (48/160)
  Chemical: 18.12% (29/160)
  Electric: 30.00% (48/160)
  Impulsive: 21.88% (35/160)
Epoch [68/100], Training Loss: 0.0041
Validation Loss: 0.2777, Validation Accuracy: 25.16%

Per-Class Validation Accuracy:
  No Thrust: 31.25% (50/160)
  Chemical: 16.88% (27/160)
  Electric: 30.00% (48/160)
  Impulsive: 22.50% (36/160)
Epoch [69/100], Training Loss: 0.0040
Validation Loss: 0.2776, Validation Accuracy: 25.00%

Per-Class Validation Accuracy:
  No Thrust: 30.62% (49/160)
  Chemical: 16.88% (27/160)
  Electric: 29.38% (47/160)
  Impulsive: 23.12% (37/160)
Epoch [70/100], Training Loss: 0.0040
Validation Loss: 0.2776, Validation Accuracy: 25.00%

Per-Class Validation Accuracy:
  No Thrust: 31.25% (50/160)
  Chemical: 17.50% (28/160)
  Electric: 29.38% (47/160)
  Impulsive: 21.88% (35/160)
Epoch [71/100], Training Loss: 0.0039
Validation Loss: 0.2777, Validation Accuracy: 24.84%

Per-Class Validation Accuracy:
  No Thrust: 31.25% (50/160)
  Chemical: 17.50% (28/160)
  Electric: 29.38% (47/160)
  Impulsive: 21.25% (34/160)
Epoch [72/100], Training Loss: 0.0039
Validation Loss: 0.2775, Validation Accuracy: 24.84%

Per-Class Validation Accuracy:
  No Thrust: 31.25% (50/160)
  Chemical: 17.50% (28/160)
  Electric: 29.38% (47/160)
  Impulsive: 21.25% (34/160)
Epoch [73/100], Training Loss: 0.0038
Validation Loss: 0.2776, Validation Accuracy: 25.00%

Per-Class Validation Accuracy:
  No Thrust: 31.25% (50/160)
  Chemical: 17.50% (28/160)
  Electric: 30.00% (48/160)
  Impulsive: 21.25% (34/160)
Epoch [74/100], Training Loss: 0.0038
Validation Loss: 0.2776, Validation Accuracy: 25.00%

Per-Class Validation Accuracy:
  No Thrust: 30.62% (49/160)
  Chemical: 17.50% (28/160)
  Electric: 30.00% (48/160)
  Impulsive: 21.88% (35/160)
Epoch [75/100], Training Loss: 0.0037
Validation Loss: 0.2778, Validation Accuracy: 25.00%

Per-Class Validation Accuracy:
  No Thrust: 30.62% (49/160)
  Chemical: 16.88% (27/160)
  Electric: 30.00% (48/160)
  Impulsive: 22.50% (36/160)
Epoch [76/100], Training Loss: 0.0036
Validation Loss: 0.2777, Validation Accuracy: 25.00%

Per-Class Validation Accuracy:
  No Thrust: 30.00% (48/160)
  Chemical: 17.50% (28/160)
  Electric: 30.00% (48/160)
  Impulsive: 22.50% (36/160)
Epoch [77/100], Training Loss: 0.0036
Validation Loss: 0.2777, Validation Accuracy: 25.00%

Per-Class Validation Accuracy:
  No Thrust: 31.88% (51/160)
  Chemical: 16.88% (27/160)
  Electric: 29.38% (47/160)
  Impulsive: 21.88% (35/160)
Epoch [78/100], Training Loss: 0.0036
Validation Loss: 0.2776, Validation Accuracy: 25.00%

Per-Class Validation Accuracy:
  No Thrust: 31.88% (51/160)
  Chemical: 16.88% (27/160)
  Electric: 30.00% (48/160)
  Impulsive: 21.25% (34/160)
Epoch [79/100], Training Loss: 0.0035
Validation Loss: 0.2778, Validation Accuracy: 25.16%

Per-Class Validation Accuracy:
  No Thrust: 31.25% (50/160)
  Chemical: 17.50% (28/160)
  Electric: 30.00% (48/160)
  Impulsive: 21.88% (35/160)
Epoch [80/100], Training Loss: 0.0035
Validation Loss: 0.2777, Validation Accuracy: 25.16%

Per-Class Validation Accuracy:
  No Thrust: 31.25% (50/160)
  Chemical: 17.50% (28/160)
  Electric: 30.00% (48/160)
  Impulsive: 21.88% (35/160)
Epoch [81/100], Training Loss: 0.0034
Validation Loss: 0.2778, Validation Accuracy: 25.00%

Per-Class Validation Accuracy:
  No Thrust: 30.62% (49/160)
  Chemical: 17.50% (28/160)
  Electric: 30.00% (48/160)
  Impulsive: 21.88% (35/160)
Epoch [82/100], Training Loss: 0.0034
Validation Loss: 0.2778, Validation Accuracy: 25.00%

Per-Class Validation Accuracy:
  No Thrust: 31.25% (50/160)
  Chemical: 17.50% (28/160)
  Electric: 30.00% (48/160)
  Impulsive: 21.25% (34/160)
Epoch [83/100], Training Loss: 0.0033
Validation Loss: 0.2777, Validation Accuracy: 25.00%

Per-Class Validation Accuracy:
  No Thrust: 31.88% (51/160)
  Chemical: 16.88% (27/160)
  Electric: 30.00% (48/160)
  Impulsive: 21.25% (34/160)
Epoch [84/100], Training Loss: 0.0033
Validation Loss: 0.2777, Validation Accuracy: 25.00%

Per-Class Validation Accuracy:
  No Thrust: 31.88% (51/160)
  Chemical: 16.88% (27/160)
  Electric: 30.00% (48/160)
  Impulsive: 21.25% (34/160)
Epoch [85/100], Training Loss: 0.0033
Validation Loss: 0.2776, Validation Accuracy: 25.00%

Per-Class Validation Accuracy:
  No Thrust: 31.88% (51/160)
  Chemical: 16.88% (27/160)
  Electric: 30.00% (48/160)
  Impulsive: 21.25% (34/160)
Epoch [86/100], Training Loss: 0.0032
Validation Loss: 0.2776, Validation Accuracy: 24.84%

Per-Class Validation Accuracy:
  No Thrust: 31.88% (51/160)
  Chemical: 16.88% (27/160)
  Electric: 29.38% (47/160)
  Impulsive: 21.25% (34/160)
Epoch [87/100], Training Loss: 0.0032
Validation Loss: 0.2776, Validation Accuracy: 25.00%

Per-Class Validation Accuracy:
  No Thrust: 31.88% (51/160)
  Chemical: 16.88% (27/160)
  Electric: 30.00% (48/160)
  Impulsive: 21.25% (34/160)
Epoch [88/100], Training Loss: 0.0031
Validation Loss: 0.2777, Validation Accuracy: 25.00%

Per-Class Validation Accuracy:
  No Thrust: 31.88% (51/160)
  Chemical: 16.88% (27/160)
  Electric: 30.00% (48/160)
  Impulsive: 21.25% (34/160)
Epoch [89/100], Training Loss: 0.0031
Validation Loss: 0.2777, Validation Accuracy: 25.00%

Per-Class Validation Accuracy:
  No Thrust: 31.88% (51/160)
  Chemical: 16.88% (27/160)
  Electric: 30.00% (48/160)
  Impulsive: 21.25% (34/160)
Epoch [90/100], Training Loss: 0.0031
Validation Loss: 0.2776, Validation Accuracy: 24.84%

Per-Class Validation Accuracy:
  No Thrust: 31.88% (51/160)
  Chemical: 16.88% (27/160)
  Electric: 29.38% (47/160)
  Impulsive: 21.25% (34/160)
Epoch [91/100], Training Loss: 0.0031
Validation Loss: 0.2776, Validation Accuracy: 24.84%

Per-Class Validation Accuracy:
  No Thrust: 31.88% (51/160)
  Chemical: 16.88% (27/160)
  Electric: 29.38% (47/160)
  Impulsive: 21.25% (34/160)
Epoch [92/100], Training Loss: 0.0030
Validation Loss: 0.2776, Validation Accuracy: 24.84%

Per-Class Validation Accuracy:
  No Thrust: 31.88% (51/160)
  Chemical: 16.88% (27/160)
  Electric: 29.38% (47/160)
  Impulsive: 21.25% (34/160)
Epoch [93/100], Training Loss: 0.0030
Validation Loss: 0.2777, Validation Accuracy: 24.84%

Per-Class Validation Accuracy:
  No Thrust: 31.88% (51/160)
  Chemical: 16.88% (27/160)
  Electric: 29.38% (47/160)
  Impulsive: 21.25% (34/160)
Epoch [94/100], Training Loss: 0.0030
Validation Loss: 0.2777, Validation Accuracy: 24.84%

Per-Class Validation Accuracy:
  No Thrust: 31.88% (51/160)
  Chemical: 16.88% (27/160)
  Electric: 29.38% (47/160)
  Impulsive: 21.25% (34/160)
Epoch [95/100], Training Loss: 0.0029
Validation Loss: 0.2777, Validation Accuracy: 24.84%

Per-Class Validation Accuracy:
  No Thrust: 31.88% (51/160)
  Chemical: 16.88% (27/160)
  Electric: 29.38% (47/160)
  Impulsive: 21.25% (34/160)
Epoch [96/100], Training Loss: 0.0029
Validation Loss: 0.2777, Validation Accuracy: 24.84%

Per-Class Validation Accuracy:
  No Thrust: 31.88% (51/160)
  Chemical: 16.88% (27/160)
  Electric: 29.38% (47/160)
  Impulsive: 21.25% (34/160)
Epoch [97/100], Training Loss: 0.0028
Validation Loss: 0.2777, Validation Accuracy: 24.84%

Per-Class Validation Accuracy:
  No Thrust: 31.88% (51/160)
  Chemical: 16.88% (27/160)
  Electric: 29.38% (47/160)
  Impulsive: 21.25% (34/160)
Epoch [98/100], Training Loss: 0.0028
Validation Loss: 0.2777, Validation Accuracy: 24.84%

Per-Class Validation Accuracy:
  No Thrust: 31.88% (51/160)
  Chemical: 16.88% (27/160)
  Electric: 29.38% (47/160)
  Impulsive: 21.25% (34/160)
Epoch [99/100], Training Loss: 0.0028
Validation Loss: 0.2777, Validation Accuracy: 24.84%

Per-Class Validation Accuracy:
  No Thrust: 31.88% (51/160)
  Chemical: 16.88% (27/160)
  Electric: 29.38% (47/160)
  Impulsive: 21.25% (34/160)
Epoch [100/100], Training Loss: 0.0028

	Elapsed time is 5.8470 seconds.

==========================================================================================
Total parameters: 644
Total memory (bytes): 5152
Total memory (MB): 0.004913330078125
==========================================================================================

MLP Validation
Validation Loss: 0.2777, Validation Accuracy: 24.84%

Per-Class Validation Accuracy:
  No Thrust: 31.88% (51/160)
  Chemical: 16.88% (27/160)
  Electric: 29.38% (47/160)
  Impulsive: 21.25% (34/160)

MLP Inference Time	Elapsed time is 0.0490 seconds.

Classification Report:
              precision    recall  f1-score   support

           0     0.2500    0.3187    0.2802       160
           1     0.2500    0.1688    0.2015       160
           2     0.2487    0.2938    0.2693       160
           3     0.2446    0.2125    0.2274       160

    accuracy                         0.2484       640
   macro avg     0.2483    0.2484    0.2446       640
weighted avg     0.2483    0.2484    0.2446       640


Confusion Matrix (rows = true, cols = predicted):
             P_No Thrust  P_Chemical  P_Electric  P_Impulsive
T_No Thrust           51          27          47           35
T_Chemical            51          27          47           35
T_Electric            51          27          47           35
T_Impulsive           51          27          48           34
