Processing datasets for geo with 30 minutes and 800 random systems.
GPU is available
Training data location: /home/hunter/git/GMAT-Thrust-Data/data/classification/geo/30min-800
Test data location: /home/hunter/git/GMAT-Thrust-Data/data/classification/geo/30min-800

Entering Decision Trees Training Loop

	Elapsed time is 0.4584 seconds.

==========================================================================================
Total parameters: NaN
Total memory (bytes): 375966
Total memory (MB): 0.3585491180419922
==========================================================================================

Decision Trees Validation
Validation Loss: 1.3854, Validation Accuracy: 27.03%

Per-Class Validation Accuracy:
  No Thrust: 25.00% (40/160)
  Chemical: 12.50% (20/160)
  Electric: 20.00% (32/160)
  Impulsive: 50.62% (81/160)

Classification Report:
              precision    recall  f1-score   support

   No Thrust     0.2564    0.2500    0.2532       160
    Chemical     0.2439    0.1250    0.1653       160
    Electric     0.2712    0.2000    0.2302       160
   Impulsive     0.2852    0.5062    0.3649       160

    accuracy                         0.2703       640
   macro avg     0.2642    0.2703    0.2534       640
weighted avg     0.2642    0.2703    0.2534       640


Confusion Matrix (rows = true, cols = predicted):
             P_No Thrust  P_Chemical  P_Electric  P_Impulsive
T_No Thrust           40          21          31           68
T_Chemical            40          20          32           68
T_Electric            40          21          32           67
T_Impulsive           36          20          23           81

Decision Trees Inference Time	Elapsed time is 0.0208 seconds.

Entering Nearest Neighbor Training Loop

	Elapsed time is 0.0615 seconds.

==========================================================================================
Total parameters: NaN (non-parametric model)
Total memory (bytes): 4205567
Total memory (MB): 4.0107
==========================================================================================

1-NN Validation
Validation Loss: NaN, Validation Accuracy: 25.00%

Per-Class Validation Accuracy:
  No Thrust: 31.25% (50/160)
  Chemical: 7.50% (12/160)
  Electric: 35.62% (57/160)
  Impulsive: 25.62% (41/160)

Classification Report:
              precision    recall  f1-score   support

   No Thrust     0.2500    0.3125    0.2778       160
    Chemical     0.2500    0.0750    0.1154       160
    Electric     0.2500    0.3563    0.2938       160
   Impulsive     0.2500    0.2562    0.2531       160

    accuracy                         0.2500       640
   macro avg     0.2500    0.2500    0.2350       640
weighted avg     0.2500    0.2500    0.2350       640


Confusion Matrix (rows = true, cols = predicted):
             P_No Thrust  P_Chemical  P_Electric  P_Impulsive
T_No Thrust           50          12          57           41
T_Chemical            50          12          57           41
T_Electric            50          12          57           41
T_Impulsive           50          12          57           41

1-NN Inference Time	Elapsed time is 2.5914 seconds.

Entering MiniRocket Training Loop

	Elapsed time is 4.2989 seconds.

==========================================================================================
Total parameters: 9996
Total memory (bytes): 608976
Total memory (MB): 0.5808
==========================================================================================

MiniRocket Validation
Validation Loss: NaN, Validation Accuracy: 46.41%

Per-Class Validation Accuracy:
  No Thrust: 23.75% (38/160)
  Chemical: 28.75% (46/160)
  Electric: 36.88% (59/160)
  Impulsive: 96.25% (154/160)

Classification Report:
              precision    recall  f1-score   support

   No Thrust     0.2857    0.2375    0.2594       160
    Chemical     0.3046    0.2875    0.2958       160
    Electric     0.3430    0.3688    0.3554       160
   Impulsive     0.8370    0.9625    0.8953       160

    accuracy                         0.4641       640
   macro avg     0.4426    0.4641    0.4515       640
weighted avg     0.4426    0.4641    0.4515       640


Confusion Matrix (rows = true, cols = predicted):
             P_No Thrust  P_Chemical  P_Electric  P_Impulsive
T_No Thrust           38          56          55           11
T_Chemical            47          46          56           11
T_Electric            47          46          59            8
T_Impulsive            1           3           2          154

MiniRocket Inference Time	Elapsed time is 1.4310 seconds.

Entering LSTM Training Loop
Epoch [1/100], Training Loss: 1.3904
Validation Loss: 1.3868, Validation Accuracy: 25.00%

Per-Class Validation Accuracy:
  No Thrust: 0.00% (0/160)
  Chemical: 90.00% (144/160)
  Electric: 10.00% (16/160)
  Impulsive: 0.00% (0/160)
Epoch [2/100], Training Loss: 1.3877
Validation Loss: 1.3865, Validation Accuracy: 25.00%

Per-Class Validation Accuracy:
  No Thrust: 10.00% (16/160)
  Chemical: 10.00% (16/160)
  Electric: 0.00% (0/160)
  Impulsive: 80.00% (128/160)
Epoch [3/100], Training Loss: 1.3887
Validation Loss: 1.3865, Validation Accuracy: 25.16%

Per-Class Validation Accuracy:
  No Thrust: 10.00% (16/160)
  Chemical: 20.00% (32/160)
  Electric: 16.88% (27/160)
  Impulsive: 53.75% (86/160)
Epoch [4/100], Training Loss: 1.3876
Validation Loss: 1.3866, Validation Accuracy: 25.00%

Per-Class Validation Accuracy:
  No Thrust: 28.75% (46/160)
  Chemical: 31.25% (50/160)
  Electric: 40.00% (64/160)
  Impulsive: 0.00% (0/160)
Epoch [5/100], Training Loss: 1.3878
Validation Loss: 1.3868, Validation Accuracy: 24.84%

Per-Class Validation Accuracy:
  No Thrust: 0.00% (0/160)
  Chemical: 18.75% (30/160)
  Electric: 50.00% (80/160)
  Impulsive: 30.62% (49/160)
Epoch [6/100], Training Loss: 1.3880
Validation Loss: 1.3868, Validation Accuracy: 25.00%

Per-Class Validation Accuracy:
  No Thrust: 8.75% (14/160)
  Chemical: 73.12% (117/160)
  Electric: 8.12% (13/160)
  Impulsive: 10.00% (16/160)
Epoch [7/100], Training Loss: 1.3886
Validation Loss: 1.3866, Validation Accuracy: 25.00%

Per-Class Validation Accuracy:
  No Thrust: 17.50% (28/160)
  Chemical: 36.88% (59/160)
  Electric: 25.00% (40/160)
  Impulsive: 20.62% (33/160)
Epoch [8/100], Training Loss: 1.3878
Validation Loss: 1.3866, Validation Accuracy: 25.00%

Per-Class Validation Accuracy:
  No Thrust: 60.00% (96/160)
  Chemical: 0.00% (0/160)
  Electric: 40.00% (64/160)
  Impulsive: 0.00% (0/160)
Epoch [9/100], Training Loss: 1.3861
Validation Loss: 1.3865, Validation Accuracy: 25.00%

Per-Class Validation Accuracy:
  No Thrust: 30.00% (48/160)
  Chemical: 20.00% (32/160)
  Electric: 30.00% (48/160)
  Impulsive: 20.00% (32/160)
Epoch [10/100], Training Loss: 1.3868
Validation Loss: 1.3866, Validation Accuracy: 25.00%

Per-Class Validation Accuracy:
  No Thrust: 38.12% (61/160)
  Chemical: 25.00% (40/160)
  Electric: 36.88% (59/160)
  Impulsive: 0.00% (0/160)
Epoch [11/100], Training Loss: 1.3867
Validation Loss: 1.3865, Validation Accuracy: 25.00%

Per-Class Validation Accuracy:
  No Thrust: 8.12% (13/160)
  Chemical: 39.38% (63/160)
  Electric: 42.50% (68/160)
  Impulsive: 10.00% (16/160)
Epoch [12/100], Training Loss: 1.3855
Validation Loss: 1.3865, Validation Accuracy: 25.00%

Per-Class Validation Accuracy:
  No Thrust: 31.25% (50/160)
  Chemical: 40.00% (64/160)
  Electric: 26.25% (42/160)
  Impulsive: 2.50% (4/160)
Epoch [13/100], Training Loss: 1.3875
Validation Loss: 1.3864, Validation Accuracy: 25.00%

Per-Class Validation Accuracy:
  No Thrust: 21.88% (35/160)
  Chemical: 60.00% (96/160)
  Electric: 10.00% (16/160)
  Impulsive: 8.12% (13/160)
Epoch [14/100], Training Loss: 1.3857
Validation Loss: 1.3865, Validation Accuracy: 25.00%

Per-Class Validation Accuracy:
  No Thrust: 40.62% (65/160)
  Chemical: 40.62% (65/160)
  Electric: 13.12% (21/160)
  Impulsive: 5.62% (9/160)
Epoch [15/100], Training Loss: 1.3882
Validation Loss: 1.3864, Validation Accuracy: 25.00%

Per-Class Validation Accuracy:
  No Thrust: 30.00% (48/160)
  Chemical: 28.75% (46/160)
  Electric: 21.25% (34/160)
  Impulsive: 20.00% (32/160)
Epoch [16/100], Training Loss: 1.3873
Validation Loss: 1.3864, Validation Accuracy: 24.84%

Per-Class Validation Accuracy:
  No Thrust: 30.00% (48/160)
  Chemical: 30.62% (49/160)
  Electric: 20.00% (32/160)
  Impulsive: 18.75% (30/160)
Epoch [17/100], Training Loss: 1.3891
Validation Loss: 1.3864, Validation Accuracy: 25.00%

Per-Class Validation Accuracy:
  No Thrust: 20.00% (32/160)
  Chemical: 10.00% (16/160)
  Electric: 40.00% (64/160)
  Impulsive: 30.00% (48/160)
Epoch [18/100], Training Loss: 1.3885
Validation Loss: 1.3864, Validation Accuracy: 25.00%

Per-Class Validation Accuracy:
  No Thrust: 20.00% (32/160)
  Chemical: 31.25% (50/160)
  Electric: 20.00% (32/160)
  Impulsive: 28.75% (46/160)
Epoch [19/100], Training Loss: 1.3868
Validation Loss: 1.3864, Validation Accuracy: 25.00%

Per-Class Validation Accuracy:
  No Thrust: 20.00% (32/160)
  Chemical: 36.88% (59/160)
  Electric: 19.38% (31/160)
  Impulsive: 23.75% (38/160)
Epoch [20/100], Training Loss: 1.3863
Validation Loss: 1.3864, Validation Accuracy: 25.00%

Per-Class Validation Accuracy:
  No Thrust: 18.75% (30/160)
  Chemical: 49.38% (79/160)
  Electric: 3.12% (5/160)
  Impulsive: 28.75% (46/160)
Epoch [21/100], Training Loss: 1.3869
Validation Loss: 1.3864, Validation Accuracy: 25.00%

Per-Class Validation Accuracy:
  No Thrust: 16.88% (27/160)
  Chemical: 45.62% (73/160)
  Electric: 7.50% (12/160)
  Impulsive: 30.00% (48/160)
Epoch [22/100], Training Loss: 1.3872
Validation Loss: 1.3864, Validation Accuracy: 25.00%

Per-Class Validation Accuracy:
  No Thrust: 20.00% (32/160)
  Chemical: 40.00% (64/160)
  Electric: 10.00% (16/160)
  Impulsive: 30.00% (48/160)
Epoch [23/100], Training Loss: 1.3871
Validation Loss: 1.3864, Validation Accuracy: 25.00%

Per-Class Validation Accuracy:
  No Thrust: 7.50% (12/160)
  Chemical: 42.50% (68/160)
  Electric: 23.75% (38/160)
  Impulsive: 26.25% (42/160)
Epoch [24/100], Training Loss: 1.3868
Validation Loss: 1.3864, Validation Accuracy: 25.00%

Per-Class Validation Accuracy:
  No Thrust: 12.50% (20/160)
  Chemical: 40.00% (64/160)
  Electric: 24.38% (39/160)
  Impulsive: 23.12% (37/160)
Epoch [25/100], Training Loss: 1.3872
Validation Loss: 1.3864, Validation Accuracy: 25.00%

Per-Class Validation Accuracy:
  No Thrust: 10.00% (16/160)
  Chemical: 40.00% (64/160)
  Electric: 20.00% (32/160)
  Impulsive: 30.00% (48/160)
Epoch [26/100], Training Loss: 1.3867
Validation Loss: 1.3864, Validation Accuracy: 25.00%

Per-Class Validation Accuracy:
  No Thrust: 10.00% (16/160)
  Chemical: 30.00% (48/160)
  Electric: 20.00% (32/160)
  Impulsive: 40.00% (64/160)
Epoch [27/100], Training Loss: 1.3859
Validation Loss: 1.3864, Validation Accuracy: 25.00%

Per-Class Validation Accuracy:
  No Thrust: 10.62% (17/160)
  Chemical: 35.62% (57/160)
  Electric: 19.38% (31/160)
  Impulsive: 34.38% (55/160)
Epoch [28/100], Training Loss: 1.3877
Validation Loss: 1.3864, Validation Accuracy: 25.00%

Per-Class Validation Accuracy:
  No Thrust: 10.00% (16/160)
  Chemical: 35.62% (57/160)
  Electric: 20.00% (32/160)
  Impulsive: 34.38% (55/160)
Epoch [29/100], Training Loss: 1.3866
Validation Loss: 1.3864, Validation Accuracy: 25.00%

Per-Class Validation Accuracy:
  No Thrust: 10.00% (16/160)
  Chemical: 40.00% (64/160)
  Electric: 20.00% (32/160)
  Impulsive: 30.00% (48/160)
Epoch [30/100], Training Loss: 1.3878
Validation Loss: 1.3864, Validation Accuracy: 25.00%

Per-Class Validation Accuracy:
  No Thrust: 10.00% (16/160)
  Chemical: 36.25% (58/160)
  Electric: 20.00% (32/160)
  Impulsive: 33.75% (54/160)
Epoch [31/100], Training Loss: 1.3864
Validation Loss: 1.3864, Validation Accuracy: 25.00%

Per-Class Validation Accuracy:
  No Thrust: 10.00% (16/160)
  Chemical: 34.38% (55/160)
  Electric: 20.00% (32/160)
  Impulsive: 35.62% (57/160)
Epoch [32/100], Training Loss: 1.3862
Validation Loss: 1.3864, Validation Accuracy: 25.00%

Per-Class Validation Accuracy:
  No Thrust: 10.62% (17/160)
  Chemical: 40.00% (64/160)
  Electric: 19.38% (31/160)
  Impulsive: 30.00% (48/160)
Epoch [33/100], Training Loss: 1.3849
Validation Loss: 1.3864, Validation Accuracy: 25.00%

Per-Class Validation Accuracy:
  No Thrust: 10.00% (16/160)
  Chemical: 40.00% (64/160)
  Electric: 20.00% (32/160)
  Impulsive: 30.00% (48/160)
Epoch [34/100], Training Loss: 1.3856
Validation Loss: 1.3864, Validation Accuracy: 25.00%

Per-Class Validation Accuracy:
  No Thrust: 16.88% (27/160)
  Chemical: 40.00% (64/160)
  Electric: 13.12% (21/160)
  Impulsive: 30.00% (48/160)
Epoch [35/100], Training Loss: 1.3863
Validation Loss: 1.3864, Validation Accuracy: 25.00%

Per-Class Validation Accuracy:
  No Thrust: 10.00% (16/160)
  Chemical: 40.00% (64/160)
  Electric: 20.00% (32/160)
  Impulsive: 30.00% (48/160)
Epoch [36/100], Training Loss: 1.3858
Validation Loss: 1.3864, Validation Accuracy: 25.00%

Per-Class Validation Accuracy:
  No Thrust: 10.00% (16/160)
  Chemical: 40.00% (64/160)
  Electric: 20.00% (32/160)
  Impulsive: 30.00% (48/160)
Epoch [37/100], Training Loss: 1.3865
Validation Loss: 1.3864, Validation Accuracy: 25.00%

Per-Class Validation Accuracy:
  No Thrust: 14.38% (23/160)
  Chemical: 40.00% (64/160)
  Electric: 15.62% (25/160)
  Impulsive: 30.00% (48/160)
Epoch [38/100], Training Loss: 1.3850
Validation Loss: 1.3864, Validation Accuracy: 25.00%

Per-Class Validation Accuracy:
  No Thrust: 10.00% (16/160)
  Chemical: 40.00% (64/160)
  Electric: 20.00% (32/160)
  Impulsive: 30.00% (48/160)
Epoch [39/100], Training Loss: 1.3861
Validation Loss: 1.3864, Validation Accuracy: 25.00%

Per-Class Validation Accuracy:
  No Thrust: 11.88% (19/160)
  Chemical: 40.00% (64/160)
  Electric: 18.12% (29/160)
  Impulsive: 30.00% (48/160)
Epoch [40/100], Training Loss: 1.3888
Validation Loss: 1.3864, Validation Accuracy: 25.00%

Per-Class Validation Accuracy:
  No Thrust: 11.88% (19/160)
  Chemical: 37.50% (60/160)
  Electric: 18.12% (29/160)
  Impulsive: 32.50% (52/160)
Epoch [41/100], Training Loss: 1.3875
Validation Loss: 1.3864, Validation Accuracy: 25.00%

Per-Class Validation Accuracy:
  No Thrust: 13.12% (21/160)
  Chemical: 36.25% (58/160)
  Electric: 16.88% (27/160)
  Impulsive: 33.75% (54/160)
Epoch [42/100], Training Loss: 1.3849
Validation Loss: 1.3864, Validation Accuracy: 25.00%

Per-Class Validation Accuracy:
  No Thrust: 12.50% (20/160)
  Chemical: 35.00% (56/160)
  Electric: 17.50% (28/160)
  Impulsive: 35.00% (56/160)
Early stopping triggered.

	Elapsed time is 12.1839 seconds.

==========================================================================================
Total parameters: 18004
Total memory (bytes): 144032
Total memory (MB): 0.137359619140625
==========================================================================================

LSTM Validation
Validation Loss: 1.3864, Validation Accuracy: 25.00%

Per-Class Validation Accuracy:
  No Thrust: 12.50% (20/160)
  Chemical: 35.00% (56/160)
  Electric: 17.50% (28/160)
  Impulsive: 35.00% (56/160)

Classification Report:
              precision    recall  f1-score   support

   No Thrust     0.2500    0.1250    0.1667       160
    Chemical     0.2500    0.3500    0.2917       160
    Electric     0.2500    0.1750    0.2059       160
   Impulsive     0.2500    0.3500    0.2917       160

    accuracy                         0.2500       640
   macro avg     0.2500    0.2500    0.2390       640
weighted avg     0.2500    0.2500    0.2390       640


Confusion Matrix (rows = true, cols = predicted):
             P_No Thrust  P_Chemical  P_Electric  P_Impulsive
T_No Thrust           20          56          28           56
T_Chemical            20          56          28           56
T_Electric            20          56          28           56
T_Impulsive           20          56          28           56

LSTM Inference Time	Elapsed time is 0.1171 seconds.

Entering Mamba Training Loop
Epoch [1/100], Training Loss: 1.3918
Validation Loss: 1.3896, Validation Accuracy: 25.00%

Per-Class Validation Accuracy:
  No Thrust: 31.25% (50/160)
  Chemical: 68.75% (110/160)
  Electric: 0.00% (0/160)
  Impulsive: 0.00% (0/160)
Epoch [2/100], Training Loss: 1.3896
Validation Loss: 1.3887, Validation Accuracy: 25.00%

Per-Class Validation Accuracy:
  No Thrust: 26.25% (42/160)
  Chemical: 73.75% (118/160)
  Electric: 0.00% (0/160)
  Impulsive: 0.00% (0/160)
Epoch [3/100], Training Loss: 1.3895
Validation Loss: 1.3880, Validation Accuracy: 25.00%

Per-Class Validation Accuracy:
  No Thrust: 31.88% (51/160)
  Chemical: 68.12% (109/160)
  Electric: 0.00% (0/160)
  Impulsive: 0.00% (0/160)
Epoch [4/100], Training Loss: 1.3885
Validation Loss: 1.3877, Validation Accuracy: 25.00%

Per-Class Validation Accuracy:
  No Thrust: 35.62% (57/160)
  Chemical: 64.38% (103/160)
  Electric: 0.00% (0/160)
  Impulsive: 0.00% (0/160)
Epoch [5/100], Training Loss: 1.3882
Validation Loss: 1.3874, Validation Accuracy: 25.00%

Per-Class Validation Accuracy:
  No Thrust: 38.12% (61/160)
  Chemical: 61.88% (99/160)
  Electric: 0.00% (0/160)
  Impulsive: 0.00% (0/160)
Epoch [6/100], Training Loss: 1.3878
Validation Loss: 1.3872, Validation Accuracy: 25.00%

Per-Class Validation Accuracy:
  No Thrust: 39.38% (63/160)
  Chemical: 60.62% (97/160)
  Electric: 0.00% (0/160)
  Impulsive: 0.00% (0/160)
Epoch [7/100], Training Loss: 1.3877
Validation Loss: 1.3870, Validation Accuracy: 25.00%

Per-Class Validation Accuracy:
  No Thrust: 40.00% (64/160)
  Chemical: 60.00% (96/160)
  Electric: 0.00% (0/160)
  Impulsive: 0.00% (0/160)
Epoch [8/100], Training Loss: 1.3871
Validation Loss: 1.3868, Validation Accuracy: 25.00%

Per-Class Validation Accuracy:
  No Thrust: 51.25% (82/160)
  Chemical: 48.12% (77/160)
  Electric: 0.00% (0/160)
  Impulsive: 0.62% (1/160)
Epoch [9/100], Training Loss: 1.3875
Validation Loss: 1.3867, Validation Accuracy: 25.00%

Per-Class Validation Accuracy:
  No Thrust: 66.88% (107/160)
  Chemical: 33.12% (53/160)
  Electric: 0.00% (0/160)
  Impulsive: 0.00% (0/160)
Epoch [10/100], Training Loss: 1.3872
Validation Loss: 1.3866, Validation Accuracy: 25.00%

Per-Class Validation Accuracy:
  No Thrust: 58.12% (93/160)
  Chemical: 40.00% (64/160)
  Electric: 0.00% (0/160)
  Impulsive: 1.88% (3/160)
Epoch [11/100], Training Loss: 1.3874
Validation Loss: 1.3866, Validation Accuracy: 25.00%

Per-Class Validation Accuracy:
  No Thrust: 56.25% (90/160)
  Chemical: 43.75% (70/160)
  Electric: 0.00% (0/160)
  Impulsive: 0.00% (0/160)
Epoch [12/100], Training Loss: 1.3872
Validation Loss: 1.3866, Validation Accuracy: 25.00%

Per-Class Validation Accuracy:
  No Thrust: 56.25% (90/160)
  Chemical: 43.75% (70/160)
  Electric: 0.00% (0/160)
  Impulsive: 0.00% (0/160)
Epoch [13/100], Training Loss: 1.3870
Validation Loss: 1.3865, Validation Accuracy: 25.00%

Per-Class Validation Accuracy:
  No Thrust: 46.25% (74/160)
  Chemical: 47.50% (76/160)
  Electric: 5.62% (9/160)
  Impulsive: 0.62% (1/160)
Epoch [14/100], Training Loss: 1.3869
Validation Loss: 1.3865, Validation Accuracy: 25.00%

Per-Class Validation Accuracy:
  No Thrust: 40.00% (64/160)
  Chemical: 57.50% (92/160)
  Electric: 2.50% (4/160)
  Impulsive: 0.00% (0/160)
Epoch [15/100], Training Loss: 1.3870
Validation Loss: 1.3864, Validation Accuracy: 25.00%

Per-Class Validation Accuracy:
  No Thrust: 51.88% (83/160)
  Chemical: 48.12% (77/160)
  Electric: 0.00% (0/160)
  Impulsive: 0.00% (0/160)
Epoch [16/100], Training Loss: 1.3873
Validation Loss: 1.3864, Validation Accuracy: 25.00%

Per-Class Validation Accuracy:
  No Thrust: 35.62% (57/160)
  Chemical: 56.25% (90/160)
  Electric: 8.12% (13/160)
  Impulsive: 0.00% (0/160)
Epoch [17/100], Training Loss: 1.3868
Validation Loss: 1.3864, Validation Accuracy: 25.00%

Per-Class Validation Accuracy:
  No Thrust: 48.75% (78/160)
  Chemical: 26.88% (43/160)
  Electric: 24.38% (39/160)
  Impulsive: 0.00% (0/160)
Epoch [18/100], Training Loss: 1.3876
Validation Loss: 1.3864, Validation Accuracy: 25.00%

Per-Class Validation Accuracy:
  No Thrust: 44.38% (71/160)
  Chemical: 55.62% (89/160)
  Electric: 0.00% (0/160)
  Impulsive: 0.00% (0/160)
Epoch [19/100], Training Loss: 1.3866
Validation Loss: 1.3864, Validation Accuracy: 25.00%

Per-Class Validation Accuracy:
  No Thrust: 45.62% (73/160)
  Chemical: 40.62% (65/160)
  Electric: 8.12% (13/160)
  Impulsive: 5.62% (9/160)
Epoch [20/100], Training Loss: 1.3864
Validation Loss: 1.3864, Validation Accuracy: 25.00%

Per-Class Validation Accuracy:
  No Thrust: 41.88% (67/160)
  Chemical: 39.38% (63/160)
  Electric: 14.38% (23/160)
  Impulsive: 4.38% (7/160)
Epoch [21/100], Training Loss: 1.3862
Validation Loss: 1.3864, Validation Accuracy: 24.84%

Per-Class Validation Accuracy:
  No Thrust: 40.00% (64/160)
  Chemical: 38.12% (61/160)
  Electric: 18.75% (30/160)
  Impulsive: 2.50% (4/160)
Epoch [22/100], Training Loss: 1.3862
Validation Loss: 1.3864, Validation Accuracy: 25.16%

Per-Class Validation Accuracy:
  No Thrust: 33.75% (54/160)
  Chemical: 36.25% (58/160)
  Electric: 18.75% (30/160)
  Impulsive: 11.88% (19/160)
Epoch [23/100], Training Loss: 1.3869
Validation Loss: 1.3864, Validation Accuracy: 25.00%

Per-Class Validation Accuracy:
  No Thrust: 31.88% (51/160)
  Chemical: 36.88% (59/160)
  Electric: 18.12% (29/160)
  Impulsive: 13.12% (21/160)
Epoch [24/100], Training Loss: 1.3868
Validation Loss: 1.3864, Validation Accuracy: 25.00%

Per-Class Validation Accuracy:
  No Thrust: 32.50% (52/160)
  Chemical: 38.12% (61/160)
  Electric: 15.62% (25/160)
  Impulsive: 13.75% (22/160)
Epoch [25/100], Training Loss: 1.3861
Validation Loss: 1.3864, Validation Accuracy: 25.00%

Per-Class Validation Accuracy:
  No Thrust: 23.75% (38/160)
  Chemical: 41.88% (67/160)
  Electric: 20.00% (32/160)
  Impulsive: 14.38% (23/160)
Epoch [26/100], Training Loss: 1.3867
Validation Loss: 1.3864, Validation Accuracy: 25.00%

Per-Class Validation Accuracy:
  No Thrust: 27.50% (44/160)
  Chemical: 42.50% (68/160)
  Electric: 15.62% (25/160)
  Impulsive: 14.38% (23/160)
Epoch [27/100], Training Loss: 1.3863
Validation Loss: 1.3864, Validation Accuracy: 25.00%

Per-Class Validation Accuracy:
  No Thrust: 23.12% (37/160)
  Chemical: 38.12% (61/160)
  Electric: 22.50% (36/160)
  Impulsive: 16.25% (26/160)
Epoch [28/100], Training Loss: 1.3861
Validation Loss: 1.3864, Validation Accuracy: 25.00%

Per-Class Validation Accuracy:
  No Thrust: 19.38% (31/160)
  Chemical: 39.38% (63/160)
  Electric: 20.62% (33/160)
  Impulsive: 20.62% (33/160)
Epoch [29/100], Training Loss: 1.3865
Validation Loss: 1.3864, Validation Accuracy: 25.00%

Per-Class Validation Accuracy:
  No Thrust: 28.12% (45/160)
  Chemical: 36.88% (59/160)
  Electric: 17.50% (28/160)
  Impulsive: 17.50% (28/160)
Epoch [30/100], Training Loss: 1.3865
Validation Loss: 1.3864, Validation Accuracy: 25.00%

Per-Class Validation Accuracy:
  No Thrust: 24.38% (39/160)
  Chemical: 35.62% (57/160)
  Electric: 23.12% (37/160)
  Impulsive: 16.88% (27/160)
Epoch [31/100], Training Loss: 1.3861
Validation Loss: 1.3864, Validation Accuracy: 25.00%

Per-Class Validation Accuracy:
  No Thrust: 20.00% (32/160)
  Chemical: 35.62% (57/160)
  Electric: 23.75% (38/160)
  Impulsive: 20.62% (33/160)
Epoch [32/100], Training Loss: 1.3860
Validation Loss: 1.3864, Validation Accuracy: 25.00%

Per-Class Validation Accuracy:
  No Thrust: 20.62% (33/160)
  Chemical: 35.62% (57/160)
  Electric: 23.12% (37/160)
  Impulsive: 20.62% (33/160)
Epoch [33/100], Training Loss: 1.3866
Validation Loss: 1.3864, Validation Accuracy: 25.00%

Per-Class Validation Accuracy:
  No Thrust: 23.75% (38/160)
  Chemical: 35.62% (57/160)
  Electric: 22.50% (36/160)
  Impulsive: 18.12% (29/160)
Epoch [34/100], Training Loss: 1.3865
Validation Loss: 1.3864, Validation Accuracy: 25.00%

Per-Class Validation Accuracy:
  No Thrust: 23.12% (37/160)
  Chemical: 36.88% (59/160)
  Electric: 23.75% (38/160)
  Impulsive: 16.25% (26/160)
Epoch [35/100], Training Loss: 1.3868
Validation Loss: 1.3864, Validation Accuracy: 25.00%

Per-Class Validation Accuracy:
  No Thrust: 21.88% (35/160)
  Chemical: 35.00% (56/160)
  Electric: 23.12% (37/160)
  Impulsive: 20.00% (32/160)
Epoch [36/100], Training Loss: 1.3864
Validation Loss: 1.3864, Validation Accuracy: 25.16%

Per-Class Validation Accuracy:
  No Thrust: 21.88% (35/160)
  Chemical: 35.62% (57/160)
  Electric: 23.12% (37/160)
  Impulsive: 20.00% (32/160)
Epoch [37/100], Training Loss: 1.3864
Validation Loss: 1.3864, Validation Accuracy: 25.00%

Per-Class Validation Accuracy:
  No Thrust: 23.75% (38/160)
  Chemical: 35.62% (57/160)
  Electric: 22.50% (36/160)
  Impulsive: 18.12% (29/160)
Epoch [38/100], Training Loss: 1.3865
Validation Loss: 1.3863, Validation Accuracy: 25.00%

Per-Class Validation Accuracy:
  No Thrust: 24.38% (39/160)
  Chemical: 35.00% (56/160)
  Electric: 22.50% (36/160)
  Impulsive: 18.12% (29/160)
Epoch [39/100], Training Loss: 1.3869
Validation Loss: 1.3863, Validation Accuracy: 25.00%

Per-Class Validation Accuracy:
  No Thrust: 21.88% (35/160)
  Chemical: 36.25% (58/160)
  Electric: 22.50% (36/160)
  Impulsive: 19.38% (31/160)
Epoch [40/100], Training Loss: 1.3864
Validation Loss: 1.3863, Validation Accuracy: 25.00%

Per-Class Validation Accuracy:
  No Thrust: 23.75% (38/160)
  Chemical: 35.00% (56/160)
  Electric: 22.50% (36/160)
  Impulsive: 18.75% (30/160)
Epoch [41/100], Training Loss: 1.3864
Validation Loss: 1.3863, Validation Accuracy: 25.00%

Per-Class Validation Accuracy:
  No Thrust: 23.12% (37/160)
  Chemical: 36.25% (58/160)
  Electric: 22.50% (36/160)
  Impulsive: 18.12% (29/160)
Epoch [42/100], Training Loss: 1.3864
Validation Loss: 1.3863, Validation Accuracy: 25.00%

Per-Class Validation Accuracy:
  No Thrust: 23.12% (37/160)
  Chemical: 36.25% (58/160)
  Electric: 22.50% (36/160)
  Impulsive: 18.12% (29/160)
Epoch [43/100], Training Loss: 1.3860
Validation Loss: 1.3863, Validation Accuracy: 24.84%

Per-Class Validation Accuracy:
  No Thrust: 21.88% (35/160)
  Chemical: 36.25% (58/160)
  Electric: 22.50% (36/160)
  Impulsive: 18.75% (30/160)
Epoch [44/100], Training Loss: 1.3865
Validation Loss: 1.3863, Validation Accuracy: 25.00%

Per-Class Validation Accuracy:
  No Thrust: 23.12% (37/160)
  Chemical: 36.25% (58/160)
  Electric: 22.50% (36/160)
  Impulsive: 18.12% (29/160)
Epoch [45/100], Training Loss: 1.3862
Validation Loss: 1.3863, Validation Accuracy: 25.00%

Per-Class Validation Accuracy:
  No Thrust: 23.12% (37/160)
  Chemical: 36.25% (58/160)
  Electric: 22.50% (36/160)
  Impulsive: 18.12% (29/160)
Epoch [46/100], Training Loss: 1.3866
Validation Loss: 1.3863, Validation Accuracy: 25.00%

Per-Class Validation Accuracy:
  No Thrust: 23.12% (37/160)
  Chemical: 36.25% (58/160)
  Electric: 22.50% (36/160)
  Impulsive: 18.12% (29/160)
Epoch [47/100], Training Loss: 1.3864
Validation Loss: 1.3863, Validation Accuracy: 24.84%

Per-Class Validation Accuracy:
  No Thrust: 23.12% (37/160)
  Chemical: 35.00% (56/160)
  Electric: 23.12% (37/160)
  Impulsive: 18.12% (29/160)
Epoch [48/100], Training Loss: 1.3865
Validation Loss: 1.3863, Validation Accuracy: 25.00%

Per-Class Validation Accuracy:
  No Thrust: 22.50% (36/160)
  Chemical: 36.25% (58/160)
  Electric: 22.50% (36/160)
  Impulsive: 18.75% (30/160)
Epoch [49/100], Training Loss: 1.3864
Validation Loss: 1.3863, Validation Accuracy: 24.84%

Per-Class Validation Accuracy:
  No Thrust: 22.50% (36/160)
  Chemical: 36.25% (58/160)
  Electric: 22.50% (36/160)
  Impulsive: 18.12% (29/160)
Epoch [50/100], Training Loss: 1.3865
Validation Loss: 1.3863, Validation Accuracy: 25.00%

Per-Class Validation Accuracy:
  No Thrust: 23.12% (37/160)
  Chemical: 36.25% (58/160)
  Electric: 22.50% (36/160)
  Impulsive: 18.12% (29/160)
Epoch [51/100], Training Loss: 1.3865
Validation Loss: 1.3863, Validation Accuracy: 25.00%

Per-Class Validation Accuracy:
  No Thrust: 23.12% (37/160)
  Chemical: 36.25% (58/160)
  Electric: 22.50% (36/160)
  Impulsive: 18.12% (29/160)
Epoch [52/100], Training Loss: 1.3862
Validation Loss: 1.3863, Validation Accuracy: 25.00%

Per-Class Validation Accuracy:
  No Thrust: 23.12% (37/160)
  Chemical: 36.25% (58/160)
  Electric: 22.50% (36/160)
  Impulsive: 18.12% (29/160)
Epoch [53/100], Training Loss: 1.3866
Validation Loss: 1.3863, Validation Accuracy: 25.00%

Per-Class Validation Accuracy:
  No Thrust: 23.12% (37/160)
  Chemical: 36.25% (58/160)
  Electric: 22.50% (36/160)
  Impulsive: 18.12% (29/160)
Epoch [54/100], Training Loss: 1.3861
Validation Loss: 1.3863, Validation Accuracy: 25.00%

Per-Class Validation Accuracy:
  No Thrust: 23.12% (37/160)
  Chemical: 36.25% (58/160)
  Electric: 22.50% (36/160)
  Impulsive: 18.12% (29/160)
Epoch [55/100], Training Loss: 1.3862
Validation Loss: 1.3863, Validation Accuracy: 24.84%

Per-Class Validation Accuracy:
  No Thrust: 22.50% (36/160)
  Chemical: 36.25% (58/160)
  Electric: 22.50% (36/160)
  Impulsive: 18.12% (29/160)
Epoch [56/100], Training Loss: 1.3870
Validation Loss: 1.3863, Validation Accuracy: 25.00%

Per-Class Validation Accuracy:
  No Thrust: 23.12% (37/160)
  Chemical: 36.25% (58/160)
  Electric: 22.50% (36/160)
  Impulsive: 18.12% (29/160)
Epoch [57/100], Training Loss: 1.3865
Validation Loss: 1.3863, Validation Accuracy: 25.00%

Per-Class Validation Accuracy:
  No Thrust: 23.12% (37/160)
  Chemical: 36.25% (58/160)
  Electric: 22.50% (36/160)
  Impulsive: 18.12% (29/160)
Epoch [58/100], Training Loss: 1.3867
Validation Loss: 1.3863, Validation Accuracy: 25.00%

Per-Class Validation Accuracy:
  No Thrust: 23.12% (37/160)
  Chemical: 36.25% (58/160)
  Electric: 22.50% (36/160)
  Impulsive: 18.12% (29/160)
Epoch [59/100], Training Loss: 1.3867
Validation Loss: 1.3863, Validation Accuracy: 25.00%

Per-Class Validation Accuracy:
  No Thrust: 23.12% (37/160)
  Chemical: 36.25% (58/160)
  Electric: 22.50% (36/160)
  Impulsive: 18.12% (29/160)
Epoch [60/100], Training Loss: 1.3864
Validation Loss: 1.3863, Validation Accuracy: 25.00%

Per-Class Validation Accuracy:
  No Thrust: 23.12% (37/160)
  Chemical: 36.25% (58/160)
  Electric: 22.50% (36/160)
  Impulsive: 18.12% (29/160)
Epoch [61/100], Training Loss: 1.3863
Validation Loss: 1.3863, Validation Accuracy: 25.00%

Per-Class Validation Accuracy:
  No Thrust: 23.12% (37/160)
  Chemical: 36.25% (58/160)
  Electric: 22.50% (36/160)
  Impulsive: 18.12% (29/160)
Epoch [62/100], Training Loss: 1.3862
Validation Loss: 1.3863, Validation Accuracy: 25.00%

Per-Class Validation Accuracy:
  No Thrust: 23.12% (37/160)
  Chemical: 36.25% (58/160)
  Electric: 22.50% (36/160)
  Impulsive: 18.12% (29/160)
Epoch [63/100], Training Loss: 1.3862
Validation Loss: 1.3863, Validation Accuracy: 25.00%

Per-Class Validation Accuracy:
  No Thrust: 23.12% (37/160)
  Chemical: 36.25% (58/160)
  Electric: 22.50% (36/160)
  Impulsive: 18.12% (29/160)
Epoch [64/100], Training Loss: 1.3860
Validation Loss: 1.3863, Validation Accuracy: 25.00%

Per-Class Validation Accuracy:
  No Thrust: 23.12% (37/160)
  Chemical: 36.25% (58/160)
  Electric: 22.50% (36/160)
  Impulsive: 18.12% (29/160)
Epoch [65/100], Training Loss: 1.3862
Validation Loss: 1.3863, Validation Accuracy: 25.00%

Per-Class Validation Accuracy:
  No Thrust: 23.12% (37/160)
  Chemical: 36.25% (58/160)
  Electric: 22.50% (36/160)
  Impulsive: 18.12% (29/160)
Epoch [66/100], Training Loss: 1.3863
Validation Loss: 1.3863, Validation Accuracy: 25.00%

Per-Class Validation Accuracy:
  No Thrust: 23.12% (37/160)
  Chemical: 36.25% (58/160)
  Electric: 22.50% (36/160)
  Impulsive: 18.12% (29/160)
Epoch [67/100], Training Loss: 1.3865
Validation Loss: 1.3863, Validation Accuracy: 25.00%

Per-Class Validation Accuracy:
  No Thrust: 23.12% (37/160)
  Chemical: 36.25% (58/160)
  Electric: 22.50% (36/160)
  Impulsive: 18.12% (29/160)
Epoch [68/100], Training Loss: 1.3866
Validation Loss: 1.3863, Validation Accuracy: 25.00%

Per-Class Validation Accuracy:
  No Thrust: 23.12% (37/160)
  Chemical: 36.25% (58/160)
  Electric: 22.50% (36/160)
  Impulsive: 18.12% (29/160)
Epoch [69/100], Training Loss: 1.3864
Validation Loss: 1.3863, Validation Accuracy: 25.00%

Per-Class Validation Accuracy:
  No Thrust: 23.12% (37/160)
  Chemical: 36.25% (58/160)
  Electric: 22.50% (36/160)
  Impulsive: 18.12% (29/160)
Epoch [70/100], Training Loss: 1.3863
Validation Loss: 1.3863, Validation Accuracy: 25.00%

Per-Class Validation Accuracy:
  No Thrust: 23.12% (37/160)
  Chemical: 36.25% (58/160)
  Electric: 22.50% (36/160)
  Impulsive: 18.12% (29/160)
Epoch [71/100], Training Loss: 1.3863
Validation Loss: 1.3863, Validation Accuracy: 25.00%

Per-Class Validation Accuracy:
  No Thrust: 23.12% (37/160)
  Chemical: 36.25% (58/160)
  Electric: 22.50% (36/160)
  Impulsive: 18.12% (29/160)
Epoch [72/100], Training Loss: 1.3864
Validation Loss: 1.3863, Validation Accuracy: 25.00%

Per-Class Validation Accuracy:
  No Thrust: 23.12% (37/160)
  Chemical: 36.25% (58/160)
  Electric: 22.50% (36/160)
  Impulsive: 18.12% (29/160)
Epoch [73/100], Training Loss: 1.3864
Validation Loss: 1.3863, Validation Accuracy: 25.00%

Per-Class Validation Accuracy:
  No Thrust: 23.12% (37/160)
  Chemical: 36.25% (58/160)
  Electric: 22.50% (36/160)
  Impulsive: 18.12% (29/160)
Epoch [74/100], Training Loss: 1.3859
Validation Loss: 1.3863, Validation Accuracy: 25.00%

Per-Class Validation Accuracy:
  No Thrust: 23.12% (37/160)
  Chemical: 36.25% (58/160)
  Electric: 22.50% (36/160)
  Impulsive: 18.12% (29/160)
Epoch [75/100], Training Loss: 1.3867
Validation Loss: 1.3863, Validation Accuracy: 25.00%

Per-Class Validation Accuracy:
  No Thrust: 23.12% (37/160)
  Chemical: 36.25% (58/160)
  Electric: 22.50% (36/160)
  Impulsive: 18.12% (29/160)
Epoch [76/100], Training Loss: 1.3868
Validation Loss: 1.3863, Validation Accuracy: 25.00%

Per-Class Validation Accuracy:
  No Thrust: 23.12% (37/160)
  Chemical: 36.25% (58/160)
  Electric: 22.50% (36/160)
  Impulsive: 18.12% (29/160)
Epoch [77/100], Training Loss: 1.3866
Validation Loss: 1.3863, Validation Accuracy: 25.00%

Per-Class Validation Accuracy:
  No Thrust: 23.12% (37/160)
  Chemical: 36.25% (58/160)
  Electric: 22.50% (36/160)
  Impulsive: 18.12% (29/160)
Epoch [78/100], Training Loss: 1.3858
Validation Loss: 1.3863, Validation Accuracy: 25.00%

Per-Class Validation Accuracy:
  No Thrust: 23.12% (37/160)
  Chemical: 36.25% (58/160)
  Electric: 22.50% (36/160)
  Impulsive: 18.12% (29/160)
Epoch [79/100], Training Loss: 1.3864
Validation Loss: 1.3863, Validation Accuracy: 25.00%

Per-Class Validation Accuracy:
  No Thrust: 23.12% (37/160)
  Chemical: 36.25% (58/160)
  Electric: 22.50% (36/160)
  Impulsive: 18.12% (29/160)
Epoch [80/100], Training Loss: 1.3863
Validation Loss: 1.3863, Validation Accuracy: 25.00%

Per-Class Validation Accuracy:
  No Thrust: 23.12% (37/160)
  Chemical: 36.25% (58/160)
  Electric: 22.50% (36/160)
  Impulsive: 18.12% (29/160)
Epoch [81/100], Training Loss: 1.3866
Validation Loss: 1.3863, Validation Accuracy: 25.00%

Per-Class Validation Accuracy:
  No Thrust: 23.12% (37/160)
  Chemical: 36.25% (58/160)
  Electric: 22.50% (36/160)
  Impulsive: 18.12% (29/160)
Epoch [82/100], Training Loss: 1.3861
Validation Loss: 1.3863, Validation Accuracy: 25.00%

Per-Class Validation Accuracy:
  No Thrust: 23.12% (37/160)
  Chemical: 36.25% (58/160)
  Electric: 22.50% (36/160)
  Impulsive: 18.12% (29/160)
Epoch [83/100], Training Loss: 1.3866
Validation Loss: 1.3863, Validation Accuracy: 25.00%

Per-Class Validation Accuracy:
  No Thrust: 23.12% (37/160)
  Chemical: 36.25% (58/160)
  Electric: 22.50% (36/160)
  Impulsive: 18.12% (29/160)
Epoch [84/100], Training Loss: 1.3865
Validation Loss: 1.3863, Validation Accuracy: 25.00%

Per-Class Validation Accuracy:
  No Thrust: 23.12% (37/160)
  Chemical: 36.25% (58/160)
  Electric: 22.50% (36/160)
  Impulsive: 18.12% (29/160)
Epoch [85/100], Training Loss: 1.3867
Validation Loss: 1.3863, Validation Accuracy: 25.00%

Per-Class Validation Accuracy:
  No Thrust: 23.12% (37/160)
  Chemical: 36.25% (58/160)
  Electric: 22.50% (36/160)
  Impulsive: 18.12% (29/160)
Epoch [86/100], Training Loss: 1.3866
Validation Loss: 1.3863, Validation Accuracy: 25.00%

Per-Class Validation Accuracy:
  No Thrust: 23.12% (37/160)
  Chemical: 36.25% (58/160)
  Electric: 22.50% (36/160)
  Impulsive: 18.12% (29/160)
Epoch [87/100], Training Loss: 1.3867
Validation Loss: 1.3863, Validation Accuracy: 25.00%

Per-Class Validation Accuracy:
  No Thrust: 23.12% (37/160)
  Chemical: 36.25% (58/160)
  Electric: 22.50% (36/160)
  Impulsive: 18.12% (29/160)
Epoch [88/100], Training Loss: 1.3864
Validation Loss: 1.3863, Validation Accuracy: 25.00%

Per-Class Validation Accuracy:
  No Thrust: 23.12% (37/160)
  Chemical: 36.25% (58/160)
  Electric: 22.50% (36/160)
  Impulsive: 18.12% (29/160)
Epoch [89/100], Training Loss: 1.3865
Validation Loss: 1.3863, Validation Accuracy: 25.00%

Per-Class Validation Accuracy:
  No Thrust: 23.12% (37/160)
  Chemical: 36.25% (58/160)
  Electric: 22.50% (36/160)
  Impulsive: 18.12% (29/160)
Epoch [90/100], Training Loss: 1.3862
Validation Loss: 1.3863, Validation Accuracy: 25.00%

Per-Class Validation Accuracy:
  No Thrust: 23.12% (37/160)
  Chemical: 36.25% (58/160)
  Electric: 22.50% (36/160)
  Impulsive: 18.12% (29/160)
Epoch [91/100], Training Loss: 1.3863
Validation Loss: 1.3863, Validation Accuracy: 25.00%

Per-Class Validation Accuracy:
  No Thrust: 23.12% (37/160)
  Chemical: 36.25% (58/160)
  Electric: 22.50% (36/160)
  Impulsive: 18.12% (29/160)
Epoch [92/100], Training Loss: 1.3863
Validation Loss: 1.3863, Validation Accuracy: 25.00%

Per-Class Validation Accuracy:
  No Thrust: 23.12% (37/160)
  Chemical: 36.25% (58/160)
  Electric: 22.50% (36/160)
  Impulsive: 18.12% (29/160)
Epoch [93/100], Training Loss: 1.3863
Validation Loss: 1.3863, Validation Accuracy: 25.00%

Per-Class Validation Accuracy:
  No Thrust: 23.12% (37/160)
  Chemical: 36.25% (58/160)
  Electric: 22.50% (36/160)
  Impulsive: 18.12% (29/160)
Epoch [94/100], Training Loss: 1.3869
Validation Loss: 1.3863, Validation Accuracy: 25.00%

Per-Class Validation Accuracy:
  No Thrust: 23.12% (37/160)
  Chemical: 36.25% (58/160)
  Electric: 22.50% (36/160)
  Impulsive: 18.12% (29/160)
Epoch [95/100], Training Loss: 1.3866
Validation Loss: 1.3863, Validation Accuracy: 25.00%

Per-Class Validation Accuracy:
  No Thrust: 23.12% (37/160)
  Chemical: 36.25% (58/160)
  Electric: 22.50% (36/160)
  Impulsive: 18.12% (29/160)
Epoch [96/100], Training Loss: 1.3863
Validation Loss: 1.3863, Validation Accuracy: 25.00%

Per-Class Validation Accuracy:
  No Thrust: 23.12% (37/160)
  Chemical: 36.25% (58/160)
  Electric: 22.50% (36/160)
  Impulsive: 18.12% (29/160)
Epoch [97/100], Training Loss: 1.3859
Validation Loss: 1.3863, Validation Accuracy: 25.00%

Per-Class Validation Accuracy:
  No Thrust: 23.12% (37/160)
  Chemical: 36.25% (58/160)
  Electric: 22.50% (36/160)
  Impulsive: 18.12% (29/160)
Epoch [98/100], Training Loss: 1.3866
Validation Loss: 1.3863, Validation Accuracy: 25.00%

Per-Class Validation Accuracy:
  No Thrust: 23.12% (37/160)
  Chemical: 36.25% (58/160)
  Electric: 22.50% (36/160)
  Impulsive: 18.12% (29/160)
Epoch [99/100], Training Loss: 1.3861
Validation Loss: 1.3863, Validation Accuracy: 25.00%

Per-Class Validation Accuracy:
  No Thrust: 23.12% (37/160)
  Chemical: 36.25% (58/160)
  Electric: 22.50% (36/160)
  Impulsive: 18.12% (29/160)
Epoch [100/100], Training Loss: 1.3866
Validation Loss: 1.3863, Validation Accuracy: 25.00%

Per-Class Validation Accuracy:
  No Thrust: 23.12% (37/160)
  Chemical: 36.25% (58/160)
  Electric: 22.50% (36/160)
  Impulsive: 18.12% (29/160)

	Elapsed time is 38.3002 seconds.

==========================================================================================
Total parameters: 6106
Total memory (bytes): 48848
Total memory (MB): 0.0465850830078125
==========================================================================================

Mamba Validation
Validation Loss: 1.3863, Validation Accuracy: 25.00%

Per-Class Validation Accuracy:
  No Thrust: 23.12% (37/160)
  Chemical: 36.25% (58/160)
  Electric: 22.50% (36/160)
  Impulsive: 18.12% (29/160)

Classification Report:
              precision    recall  f1-score   support

   No Thrust     0.2500    0.2313    0.2403       160
    Chemical     0.2500    0.3625    0.2959       160
    Electric     0.2500    0.2250    0.2368       160
   Impulsive     0.2500    0.1812    0.2101       160

    accuracy                         0.2500       640
   macro avg     0.2500    0.2500    0.2458       640
weighted avg     0.2500    0.2500    0.2458       640


Confusion Matrix (rows = true, cols = predicted):
             P_No Thrust  P_Chemical  P_Electric  P_Impulsive
T_No Thrust           37          58          36           29
T_Chemical            37          58          36           29
T_Electric            37          58          36           29
T_Impulsive           37          58          36           29

Mamba Inference Time	Elapsed time is 0.1358 seconds.

Entering Transformer Training Loop
Epoch [1/100], Training Loss: 1.4758
Validation Loss: 1.4019, Validation Accuracy: 25.00%

Per-Class Validation Accuracy:
  No Thrust: 12.50% (20/160)
  Chemical: 0.00% (0/160)
  Electric: 70.00% (112/160)
  Impulsive: 17.50% (28/160)
Epoch [2/100], Training Loss: 1.4368
Validation Loss: 1.3937, Validation Accuracy: 25.00%

Per-Class Validation Accuracy:
  No Thrust: 28.12% (45/160)
  Chemical: 0.62% (1/160)
  Electric: 39.38% (63/160)
  Impulsive: 31.88% (51/160)
Epoch [3/100], Training Loss: 1.4206
Validation Loss: 1.3918, Validation Accuracy: 25.00%

Per-Class Validation Accuracy:
  No Thrust: 40.00% (64/160)
  Chemical: 43.75% (70/160)
  Electric: 11.88% (19/160)
  Impulsive: 4.38% (7/160)
Epoch [4/100], Training Loss: 1.4045
Validation Loss: 1.3905, Validation Accuracy: 25.00%

Per-Class Validation Accuracy:
  No Thrust: 3.75% (6/160)
  Chemical: 12.50% (20/160)
  Electric: 45.00% (72/160)
  Impulsive: 38.75% (62/160)
Epoch [5/100], Training Loss: 1.4094
Validation Loss: 1.3891, Validation Accuracy: 25.00%

Per-Class Validation Accuracy:
  No Thrust: 43.75% (70/160)
  Chemical: 42.50% (68/160)
  Electric: 0.00% (0/160)
  Impulsive: 13.75% (22/160)
Epoch [6/100], Training Loss: 1.4240
Validation Loss: 1.3895, Validation Accuracy: 25.00%

Per-Class Validation Accuracy:
  No Thrust: 0.00% (0/160)
  Chemical: 75.00% (120/160)
  Electric: 8.12% (13/160)
  Impulsive: 16.88% (27/160)
Epoch [7/100], Training Loss: 1.4156
Validation Loss: 1.3909, Validation Accuracy: 25.00%

Per-Class Validation Accuracy:
  No Thrust: 6.25% (10/160)
  Chemical: 60.62% (97/160)
  Electric: 25.00% (40/160)
  Impulsive: 8.12% (13/160)
Epoch [8/100], Training Loss: 1.4060
Validation Loss: 1.3897, Validation Accuracy: 24.84%

Per-Class Validation Accuracy:
  No Thrust: 55.62% (89/160)
  Chemical: 1.88% (3/160)
  Electric: 29.38% (47/160)
  Impulsive: 12.50% (20/160)
Epoch [9/100], Training Loss: 1.4091
Validation Loss: 1.3876, Validation Accuracy: 25.00%

Per-Class Validation Accuracy:
  No Thrust: 46.88% (75/160)
  Chemical: 48.12% (77/160)
  Electric: 1.88% (3/160)
  Impulsive: 3.12% (5/160)
Epoch [10/100], Training Loss: 1.4025
Validation Loss: 1.3869, Validation Accuracy: 25.00%

Per-Class Validation Accuracy:
  No Thrust: 41.25% (66/160)
  Chemical: 3.75% (6/160)
  Electric: 28.12% (45/160)
  Impulsive: 26.88% (43/160)
Epoch [11/100], Training Loss: 1.4098
Validation Loss: 1.3890, Validation Accuracy: 25.00%

Per-Class Validation Accuracy:
  No Thrust: 15.62% (25/160)
  Chemical: 3.75% (6/160)
  Electric: 61.25% (98/160)
  Impulsive: 19.38% (31/160)
Epoch [12/100], Training Loss: 1.4002
Validation Loss: 1.3882, Validation Accuracy: 25.00%

Per-Class Validation Accuracy:
  No Thrust: 35.62% (57/160)
  Chemical: 24.38% (39/160)
  Electric: 40.00% (64/160)
  Impulsive: 0.00% (0/160)
Epoch [13/100], Training Loss: 1.4028
Validation Loss: 1.3878, Validation Accuracy: 25.00%

Per-Class Validation Accuracy:
  No Thrust: 0.62% (1/160)
  Chemical: 0.00% (0/160)
  Electric: 40.00% (64/160)
  Impulsive: 59.38% (95/160)
Epoch [14/100], Training Loss: 1.4005
Validation Loss: 1.3880, Validation Accuracy: 25.00%

Per-Class Validation Accuracy:
  No Thrust: 44.38% (71/160)
  Chemical: 18.12% (29/160)
  Electric: 0.00% (0/160)
  Impulsive: 37.50% (60/160)
Epoch [15/100], Training Loss: 1.3992
Validation Loss: 1.3907, Validation Accuracy: 25.00%

Per-Class Validation Accuracy:
  No Thrust: 0.00% (0/160)
  Chemical: 57.50% (92/160)
  Electric: 38.75% (62/160)
  Impulsive: 3.75% (6/160)
Epoch [16/100], Training Loss: 1.4034
Validation Loss: 1.3888, Validation Accuracy: 25.00%

Per-Class Validation Accuracy:
  No Thrust: 1.88% (3/160)
  Chemical: 5.62% (9/160)
  Electric: 90.62% (145/160)
  Impulsive: 1.88% (3/160)
Epoch [17/100], Training Loss: 1.3948
Validation Loss: 1.3869, Validation Accuracy: 25.00%

Per-Class Validation Accuracy:
  No Thrust: 0.00% (0/160)
  Chemical: 44.38% (71/160)
  Electric: 44.38% (71/160)
  Impulsive: 11.25% (18/160)
Epoch [18/100], Training Loss: 1.3937
Validation Loss: 1.3869, Validation Accuracy: 25.00%

Per-Class Validation Accuracy:
  No Thrust: 17.50% (28/160)
  Chemical: 32.50% (52/160)
  Electric: 26.25% (42/160)
  Impulsive: 23.75% (38/160)
Epoch [19/100], Training Loss: 1.3966
Validation Loss: 1.3870, Validation Accuracy: 25.00%

Per-Class Validation Accuracy:
  No Thrust: 1.88% (3/160)
  Chemical: 54.38% (87/160)
  Electric: 40.62% (65/160)
  Impulsive: 3.12% (5/160)
Epoch [20/100], Training Loss: 1.3885
Validation Loss: 1.3867, Validation Accuracy: 25.00%

Per-Class Validation Accuracy:
  No Thrust: 0.00% (0/160)
  Chemical: 37.50% (60/160)
  Electric: 18.12% (29/160)
  Impulsive: 44.38% (71/160)
Epoch [21/100], Training Loss: 1.3948
Validation Loss: 1.3868, Validation Accuracy: 25.00%

Per-Class Validation Accuracy:
  No Thrust: 57.50% (92/160)
  Chemical: 8.75% (14/160)
  Electric: 0.00% (0/160)
  Impulsive: 33.75% (54/160)
Epoch [22/100], Training Loss: 1.3972
Validation Loss: 1.3868, Validation Accuracy: 25.00%

Per-Class Validation Accuracy:
  No Thrust: 9.38% (15/160)
  Chemical: 21.25% (34/160)
  Electric: 1.25% (2/160)
  Impulsive: 68.12% (109/160)
Epoch [23/100], Training Loss: 1.3982
Validation Loss: 1.3868, Validation Accuracy: 25.00%

Per-Class Validation Accuracy:
  No Thrust: 20.62% (33/160)
  Chemical: 21.25% (34/160)
  Electric: 40.00% (64/160)
  Impulsive: 18.12% (29/160)
Epoch [24/100], Training Loss: 1.3899
Validation Loss: 1.3869, Validation Accuracy: 25.00%

Per-Class Validation Accuracy:
  No Thrust: 1.25% (2/160)
  Chemical: 0.62% (1/160)
  Electric: 52.50% (84/160)
  Impulsive: 45.62% (73/160)
Epoch [25/100], Training Loss: 1.3991
Validation Loss: 1.3871, Validation Accuracy: 25.00%

Per-Class Validation Accuracy:
  No Thrust: 1.25% (2/160)
  Chemical: 96.88% (155/160)
  Electric: 1.88% (3/160)
  Impulsive: 0.00% (0/160)
Epoch [26/100], Training Loss: 1.3952
Validation Loss: 1.3867, Validation Accuracy: 25.00%

Per-Class Validation Accuracy:
  No Thrust: 53.75% (86/160)
  Chemical: 4.38% (7/160)
  Electric: 24.38% (39/160)
  Impulsive: 17.50% (28/160)
Epoch [27/100], Training Loss: 1.3877
Validation Loss: 1.3864, Validation Accuracy: 24.84%

Per-Class Validation Accuracy:
  No Thrust: 33.75% (54/160)
  Chemical: 15.00% (24/160)
  Electric: 17.50% (28/160)
  Impulsive: 33.12% (53/160)
Epoch [28/100], Training Loss: 1.3914
Validation Loss: 1.3865, Validation Accuracy: 25.00%

Per-Class Validation Accuracy:
  No Thrust: 30.00% (48/160)
  Chemical: 5.00% (8/160)
  Electric: 3.12% (5/160)
  Impulsive: 61.88% (99/160)
Epoch [29/100], Training Loss: 1.3926
Validation Loss: 1.3865, Validation Accuracy: 25.00%

Per-Class Validation Accuracy:
  No Thrust: 21.88% (35/160)
  Chemical: 46.88% (75/160)
  Electric: 13.12% (21/160)
  Impulsive: 18.12% (29/160)
Epoch [30/100], Training Loss: 1.3931
Validation Loss: 1.3867, Validation Accuracy: 25.00%

Per-Class Validation Accuracy:
  No Thrust: 12.50% (20/160)
  Chemical: 8.75% (14/160)
  Electric: 5.00% (8/160)
  Impulsive: 73.75% (118/160)
Epoch [31/100], Training Loss: 1.3943
Validation Loss: 1.3865, Validation Accuracy: 25.00%

Per-Class Validation Accuracy:
  No Thrust: 16.25% (26/160)
  Chemical: 70.00% (112/160)
  Electric: 5.62% (9/160)
  Impulsive: 8.12% (13/160)
Epoch [32/100], Training Loss: 1.3912
Validation Loss: 1.3864, Validation Accuracy: 25.00%

Per-Class Validation Accuracy:
  No Thrust: 30.00% (48/160)
  Chemical: 13.75% (22/160)
  Electric: 23.75% (38/160)
  Impulsive: 32.50% (52/160)
Epoch [33/100], Training Loss: 1.3941
Validation Loss: 1.3865, Validation Accuracy: 25.00%

Per-Class Validation Accuracy:
  No Thrust: 33.75% (54/160)
  Chemical: 18.75% (30/160)
  Electric: 44.38% (71/160)
  Impulsive: 3.12% (5/160)
Epoch [34/100], Training Loss: 1.3891
Validation Loss: 1.3864, Validation Accuracy: 25.00%

Per-Class Validation Accuracy:
  No Thrust: 9.38% (15/160)
  Chemical: 40.00% (64/160)
  Electric: 39.38% (63/160)
  Impulsive: 11.25% (18/160)
Epoch [35/100], Training Loss: 1.3924
Validation Loss: 1.3864, Validation Accuracy: 25.00%

Per-Class Validation Accuracy:
  No Thrust: 36.88% (59/160)
  Chemical: 24.38% (39/160)
  Electric: 5.62% (9/160)
  Impulsive: 33.12% (53/160)
Epoch [36/100], Training Loss: 1.3895
Validation Loss: 1.3864, Validation Accuracy: 25.00%

Per-Class Validation Accuracy:
  No Thrust: 37.50% (60/160)
  Chemical: 27.50% (44/160)
  Electric: 31.88% (51/160)
  Impulsive: 3.12% (5/160)
Epoch [37/100], Training Loss: 1.3923
Validation Loss: 1.3864, Validation Accuracy: 25.16%

Per-Class Validation Accuracy:
  No Thrust: 32.50% (52/160)
  Chemical: 10.62% (17/160)
  Electric: 11.88% (19/160)
  Impulsive: 45.62% (73/160)
Epoch [38/100], Training Loss: 1.3887
Validation Loss: 1.3864, Validation Accuracy: 25.00%

Per-Class Validation Accuracy:
  No Thrust: 18.75% (30/160)
  Chemical: 34.38% (55/160)
  Electric: 8.12% (13/160)
  Impulsive: 38.75% (62/160)
Epoch [39/100], Training Loss: 1.3850
Validation Loss: 1.3864, Validation Accuracy: 25.00%

Per-Class Validation Accuracy:
  No Thrust: 6.25% (10/160)
  Chemical: 76.88% (123/160)
  Electric: 0.62% (1/160)
  Impulsive: 16.25% (26/160)
Epoch [40/100], Training Loss: 1.3913
Validation Loss: 1.3864, Validation Accuracy: 25.00%

Per-Class Validation Accuracy:
  No Thrust: 27.50% (44/160)
  Chemical: 53.12% (85/160)
  Electric: 3.12% (5/160)
  Impulsive: 16.25% (26/160)
Epoch [41/100], Training Loss: 1.3891
Validation Loss: 1.3864, Validation Accuracy: 24.84%

Per-Class Validation Accuracy:
  No Thrust: 7.50% (12/160)
  Chemical: 66.25% (106/160)
  Electric: 7.50% (12/160)
  Impulsive: 18.12% (29/160)
Epoch [42/100], Training Loss: 1.3917
Validation Loss: 1.3864, Validation Accuracy: 25.00%

Per-Class Validation Accuracy:
  No Thrust: 9.38% (15/160)
  Chemical: 62.50% (100/160)
  Electric: 7.50% (12/160)
  Impulsive: 20.62% (33/160)
Epoch [43/100], Training Loss: 1.3861
Validation Loss: 1.3864, Validation Accuracy: 25.00%

Per-Class Validation Accuracy:
  No Thrust: 35.00% (56/160)
  Chemical: 40.62% (65/160)
  Electric: 7.50% (12/160)
  Impulsive: 16.88% (27/160)
Epoch [44/100], Training Loss: 1.3890
Validation Loss: 1.3864, Validation Accuracy: 25.00%

Per-Class Validation Accuracy:
  No Thrust: 26.88% (43/160)
  Chemical: 55.62% (89/160)
  Electric: 5.62% (9/160)
  Impulsive: 11.88% (19/160)
Epoch [45/100], Training Loss: 1.3887
Validation Loss: 1.3864, Validation Accuracy: 25.00%

Per-Class Validation Accuracy:
  No Thrust: 11.25% (18/160)
  Chemical: 62.50% (100/160)
  Electric: 6.88% (11/160)
  Impulsive: 19.38% (31/160)
Epoch [46/100], Training Loss: 1.3861
Validation Loss: 1.3864, Validation Accuracy: 25.00%

Per-Class Validation Accuracy:
  No Thrust: 16.88% (27/160)
  Chemical: 49.38% (79/160)
  Electric: 15.00% (24/160)
  Impulsive: 18.75% (30/160)
Epoch [47/100], Training Loss: 1.3883
Validation Loss: 1.3864, Validation Accuracy: 25.16%

Per-Class Validation Accuracy:
  No Thrust: 29.38% (47/160)
  Chemical: 42.50% (68/160)
  Electric: 11.25% (18/160)
  Impulsive: 17.50% (28/160)
Epoch [48/100], Training Loss: 1.3916
Validation Loss: 1.3864, Validation Accuracy: 25.00%

Per-Class Validation Accuracy:
  No Thrust: 18.75% (30/160)
  Chemical: 54.38% (87/160)
  Electric: 8.12% (13/160)
  Impulsive: 18.75% (30/160)
Epoch [49/100], Training Loss: 1.3877
Validation Loss: 1.3864, Validation Accuracy: 25.00%

Per-Class Validation Accuracy:
  No Thrust: 13.12% (21/160)
  Chemical: 50.00% (80/160)
  Electric: 10.00% (16/160)
  Impulsive: 26.88% (43/160)
Epoch [50/100], Training Loss: 1.3915
Validation Loss: 1.3864, Validation Accuracy: 25.00%

Per-Class Validation Accuracy:
  No Thrust: 5.62% (9/160)
  Chemical: 68.75% (110/160)
  Electric: 7.50% (12/160)
  Impulsive: 18.12% (29/160)
Epoch [51/100], Training Loss: 1.3941
Validation Loss: 1.3864, Validation Accuracy: 25.00%

Per-Class Validation Accuracy:
  No Thrust: 17.50% (28/160)
  Chemical: 51.25% (82/160)
  Electric: 13.12% (21/160)
  Impulsive: 18.12% (29/160)
Epoch [52/100], Training Loss: 1.3875
Validation Loss: 1.3864, Validation Accuracy: 25.00%

Per-Class Validation Accuracy:
  No Thrust: 10.62% (17/160)
  Chemical: 61.88% (99/160)
  Electric: 9.38% (15/160)
  Impulsive: 18.12% (29/160)
Epoch [53/100], Training Loss: 1.3867
Validation Loss: 1.3864, Validation Accuracy: 25.00%

Per-Class Validation Accuracy:
  No Thrust: 15.62% (25/160)
  Chemical: 56.25% (90/160)
  Electric: 8.75% (14/160)
  Impulsive: 19.38% (31/160)
Epoch [54/100], Training Loss: 1.3913
Validation Loss: 1.3864, Validation Accuracy: 25.00%

Per-Class Validation Accuracy:
  No Thrust: 25.00% (40/160)
  Chemical: 45.62% (73/160)
  Electric: 12.50% (20/160)
  Impulsive: 16.88% (27/160)
Epoch [55/100], Training Loss: 1.3870
Validation Loss: 1.3864, Validation Accuracy: 25.00%

Per-Class Validation Accuracy:
  No Thrust: 12.50% (20/160)
  Chemical: 62.50% (100/160)
  Electric: 9.38% (15/160)
  Impulsive: 15.62% (25/160)
Epoch [56/100], Training Loss: 1.3925
Validation Loss: 1.3864, Validation Accuracy: 25.00%

Per-Class Validation Accuracy:
  No Thrust: 21.25% (34/160)
  Chemical: 46.25% (74/160)
  Electric: 12.50% (20/160)
  Impulsive: 20.00% (32/160)
Epoch [57/100], Training Loss: 1.3825
Validation Loss: 1.3864, Validation Accuracy: 25.00%

Per-Class Validation Accuracy:
  No Thrust: 22.50% (36/160)
  Chemical: 53.12% (85/160)
  Electric: 11.25% (18/160)
  Impulsive: 13.12% (21/160)
Epoch [58/100], Training Loss: 1.3893
Validation Loss: 1.3864, Validation Accuracy: 25.00%

Per-Class Validation Accuracy:
  No Thrust: 18.12% (29/160)
  Chemical: 56.25% (90/160)
  Electric: 11.88% (19/160)
  Impulsive: 13.75% (22/160)
Epoch [59/100], Training Loss: 1.3890
Validation Loss: 1.3864, Validation Accuracy: 25.00%

Per-Class Validation Accuracy:
  No Thrust: 21.88% (35/160)
  Chemical: 46.88% (75/160)
  Electric: 13.75% (22/160)
  Impulsive: 17.50% (28/160)
Epoch [60/100], Training Loss: 1.3874
Validation Loss: 1.3864, Validation Accuracy: 25.00%

Per-Class Validation Accuracy:
  No Thrust: 20.00% (32/160)
  Chemical: 53.75% (86/160)
  Electric: 11.25% (18/160)
  Impulsive: 15.00% (24/160)
Epoch [61/100], Training Loss: 1.3892
Validation Loss: 1.3864, Validation Accuracy: 25.00%

Per-Class Validation Accuracy:
  No Thrust: 23.12% (37/160)
  Chemical: 45.62% (73/160)
  Electric: 13.12% (21/160)
  Impulsive: 18.12% (29/160)
Epoch [62/100], Training Loss: 1.3879
Validation Loss: 1.3864, Validation Accuracy: 25.00%

Per-Class Validation Accuracy:
  No Thrust: 22.50% (36/160)
  Chemical: 47.50% (76/160)
  Electric: 13.12% (21/160)
  Impulsive: 16.88% (27/160)
Epoch [63/100], Training Loss: 1.3898
Validation Loss: 1.3864, Validation Accuracy: 25.00%

Per-Class Validation Accuracy:
  No Thrust: 20.62% (33/160)
  Chemical: 48.75% (78/160)
  Electric: 12.50% (20/160)
  Impulsive: 18.12% (29/160)
Epoch [64/100], Training Loss: 1.3904
Validation Loss: 1.3864, Validation Accuracy: 25.00%

Per-Class Validation Accuracy:
  No Thrust: 20.62% (33/160)
  Chemical: 49.38% (79/160)
  Electric: 12.50% (20/160)
  Impulsive: 17.50% (28/160)
Epoch [65/100], Training Loss: 1.3842
Validation Loss: 1.3864, Validation Accuracy: 25.00%

Per-Class Validation Accuracy:
  No Thrust: 20.62% (33/160)
  Chemical: 48.12% (77/160)
  Electric: 13.12% (21/160)
  Impulsive: 18.12% (29/160)
Epoch [66/100], Training Loss: 1.3862
Validation Loss: 1.3864, Validation Accuracy: 25.00%

Per-Class Validation Accuracy:
  No Thrust: 21.25% (34/160)
  Chemical: 46.88% (75/160)
  Electric: 12.50% (20/160)
  Impulsive: 19.38% (31/160)
Epoch [67/100], Training Loss: 1.3942
Validation Loss: 1.3864, Validation Accuracy: 25.00%

Per-Class Validation Accuracy:
  No Thrust: 20.62% (33/160)
  Chemical: 48.12% (77/160)
  Electric: 13.12% (21/160)
  Impulsive: 18.12% (29/160)
Epoch [68/100], Training Loss: 1.3873
Validation Loss: 1.3864, Validation Accuracy: 25.00%

Per-Class Validation Accuracy:
  No Thrust: 20.62% (33/160)
  Chemical: 48.75% (78/160)
  Electric: 13.12% (21/160)
  Impulsive: 17.50% (28/160)
Epoch [69/100], Training Loss: 1.3875
Validation Loss: 1.3864, Validation Accuracy: 25.00%

Per-Class Validation Accuracy:
  No Thrust: 20.62% (33/160)
  Chemical: 48.12% (77/160)
  Electric: 13.12% (21/160)
  Impulsive: 18.12% (29/160)
Epoch [70/100], Training Loss: 1.3910
Validation Loss: 1.3864, Validation Accuracy: 25.00%

Per-Class Validation Accuracy:
  No Thrust: 20.62% (33/160)
  Chemical: 48.12% (77/160)
  Electric: 12.50% (20/160)
  Impulsive: 18.75% (30/160)
Epoch [71/100], Training Loss: 1.3921
Validation Loss: 1.3864, Validation Accuracy: 25.00%

Per-Class Validation Accuracy:
  No Thrust: 20.62% (33/160)
  Chemical: 48.12% (77/160)
  Electric: 12.50% (20/160)
  Impulsive: 18.75% (30/160)
Epoch [72/100], Training Loss: 1.3922
Validation Loss: 1.3864, Validation Accuracy: 25.00%

Per-Class Validation Accuracy:
  No Thrust: 20.62% (33/160)
  Chemical: 48.12% (77/160)
  Electric: 13.12% (21/160)
  Impulsive: 18.12% (29/160)
Epoch [73/100], Training Loss: 1.3890
Validation Loss: 1.3864, Validation Accuracy: 25.16%

Per-Class Validation Accuracy:
  No Thrust: 20.62% (33/160)
  Chemical: 48.12% (77/160)
  Electric: 13.12% (21/160)
  Impulsive: 18.75% (30/160)
Epoch [74/100], Training Loss: 1.3899
Validation Loss: 1.3864, Validation Accuracy: 25.00%

Per-Class Validation Accuracy:
  No Thrust: 20.62% (33/160)
  Chemical: 48.12% (77/160)
  Electric: 12.50% (20/160)
  Impulsive: 18.75% (30/160)
Epoch [75/100], Training Loss: 1.3881
Validation Loss: 1.3864, Validation Accuracy: 25.16%

Per-Class Validation Accuracy:
  No Thrust: 20.00% (32/160)
  Chemical: 48.12% (77/160)
  Electric: 12.50% (20/160)
  Impulsive: 20.00% (32/160)
Epoch [76/100], Training Loss: 1.3838
Validation Loss: 1.3864, Validation Accuracy: 25.00%

Per-Class Validation Accuracy:
  No Thrust: 20.62% (33/160)
  Chemical: 48.12% (77/160)
  Electric: 12.50% (20/160)
  Impulsive: 18.75% (30/160)
Epoch [77/100], Training Loss: 1.3894
Validation Loss: 1.3864, Validation Accuracy: 25.00%

Per-Class Validation Accuracy:
  No Thrust: 20.62% (33/160)
  Chemical: 48.12% (77/160)
  Electric: 12.50% (20/160)
  Impulsive: 18.75% (30/160)
Epoch [78/100], Training Loss: 1.3899
Validation Loss: 1.3864, Validation Accuracy: 25.16%

Per-Class Validation Accuracy:
  No Thrust: 20.00% (32/160)
  Chemical: 48.12% (77/160)
  Electric: 12.50% (20/160)
  Impulsive: 20.00% (32/160)
Epoch [79/100], Training Loss: 1.3937
Validation Loss: 1.3864, Validation Accuracy: 25.00%

Per-Class Validation Accuracy:
  No Thrust: 20.00% (32/160)
  Chemical: 48.12% (77/160)
  Electric: 12.50% (20/160)
  Impulsive: 19.38% (31/160)
Epoch [80/100], Training Loss: 1.3909
Validation Loss: 1.3864, Validation Accuracy: 25.16%

Per-Class Validation Accuracy:
  No Thrust: 20.00% (32/160)
  Chemical: 48.12% (77/160)
  Electric: 12.50% (20/160)
  Impulsive: 20.00% (32/160)
Epoch [81/100], Training Loss: 1.3831
Validation Loss: 1.3864, Validation Accuracy: 25.00%

Per-Class Validation Accuracy:
  No Thrust: 20.00% (32/160)
  Chemical: 48.12% (77/160)
  Electric: 12.50% (20/160)
  Impulsive: 19.38% (31/160)
Epoch [82/100], Training Loss: 1.3882
Validation Loss: 1.3864, Validation Accuracy: 25.00%

Per-Class Validation Accuracy:
  No Thrust: 20.00% (32/160)
  Chemical: 48.12% (77/160)
  Electric: 12.50% (20/160)
  Impulsive: 19.38% (31/160)
Epoch [83/100], Training Loss: 1.3872
Validation Loss: 1.3864, Validation Accuracy: 25.00%

Per-Class Validation Accuracy:
  No Thrust: 20.00% (32/160)
  Chemical: 48.12% (77/160)
  Electric: 12.50% (20/160)
  Impulsive: 19.38% (31/160)
Epoch [84/100], Training Loss: 1.3878
Validation Loss: 1.3864, Validation Accuracy: 25.00%

Per-Class Validation Accuracy:
  No Thrust: 20.00% (32/160)
  Chemical: 48.12% (77/160)
  Electric: 12.50% (20/160)
  Impulsive: 19.38% (31/160)
Epoch [85/100], Training Loss: 1.3884
Validation Loss: 1.3864, Validation Accuracy: 25.00%

Per-Class Validation Accuracy:
  No Thrust: 20.00% (32/160)
  Chemical: 48.12% (77/160)
  Electric: 12.50% (20/160)
  Impulsive: 19.38% (31/160)
Early stopping triggered.

	Elapsed time is 41.7947 seconds.

==========================================================================================
Total parameters: 41940
Total memory (bytes): 335520
Total memory (MB): 0.319976806640625
==========================================================================================

Transformer Validation
Validation Loss: 1.3864, Validation Accuracy: 25.00%

Per-Class Validation Accuracy:
  No Thrust: 20.00% (32/160)
  Chemical: 48.12% (77/160)
  Electric: 12.50% (20/160)
  Impulsive: 19.38% (31/160)

Classification Report:
              precision    recall  f1-score   support

   No Thrust     0.2500    0.2000    0.2222       160
    Chemical     0.2500    0.4813    0.3291       160
    Electric     0.2500    0.1250    0.1667       160
   Impulsive     0.2500    0.1938    0.2183       160

    accuracy                         0.2500       640
   macro avg     0.2500    0.2500    0.2341       640
weighted avg     0.2500    0.2500    0.2341       640


Confusion Matrix (rows = true, cols = predicted):
             P_No Thrust  P_Chemical  P_Electric  P_Impulsive
T_No Thrust           32          77          20           31
T_Chemical            32          77          20           31
T_Electric            32          77          20           31
T_Impulsive           32          77          20           31

Transformer Inference Time	Elapsed time is 0.1248 seconds.

Entering MLP Training Loop
Validation Loss: 0.2820, Validation Accuracy: 25.00%

Per-Class Validation Accuracy:
  No Thrust: 25.62% (41/160)
  Chemical: 24.38% (39/160)
  Electric: 22.50% (36/160)
  Impulsive: 27.50% (44/160)
Epoch [1/100], Training Loss: 0.2879
Validation Loss: 0.2820, Validation Accuracy: 25.00%

Per-Class Validation Accuracy:
  No Thrust: 26.25% (42/160)
  Chemical: 26.25% (42/160)
  Electric: 19.38% (31/160)
  Impulsive: 28.12% (45/160)
Epoch [2/100], Training Loss: 0.1400
Validation Loss: 0.2815, Validation Accuracy: 25.00%

Per-Class Validation Accuracy:
  No Thrust: 26.25% (42/160)
  Chemical: 26.25% (42/160)
  Electric: 18.75% (30/160)
  Impulsive: 28.75% (46/160)
Epoch [3/100], Training Loss: 0.0932
Validation Loss: 0.2816, Validation Accuracy: 25.00%

Per-Class Validation Accuracy:
  No Thrust: 25.62% (41/160)
  Chemical: 26.25% (42/160)
  Electric: 18.12% (29/160)
  Impulsive: 30.00% (48/160)
Epoch [4/100], Training Loss: 0.0701
Validation Loss: 0.2813, Validation Accuracy: 25.00%

Per-Class Validation Accuracy:
  No Thrust: 25.00% (40/160)
  Chemical: 26.25% (42/160)
  Electric: 18.12% (29/160)
  Impulsive: 30.62% (49/160)
Epoch [5/100], Training Loss: 0.0560
Validation Loss: 0.2795, Validation Accuracy: 24.84%

Per-Class Validation Accuracy:
  No Thrust: 26.88% (43/160)
  Chemical: 25.00% (40/160)
  Electric: 16.88% (27/160)
  Impulsive: 30.62% (49/160)
Epoch [6/100], Training Loss: 0.0465
Validation Loss: 0.2792, Validation Accuracy: 25.00%

Per-Class Validation Accuracy:
  No Thrust: 26.25% (42/160)
  Chemical: 25.62% (41/160)
  Electric: 16.25% (26/160)
  Impulsive: 31.88% (51/160)
Epoch [7/100], Training Loss: 0.0399
Validation Loss: 0.2787, Validation Accuracy: 25.00%

Per-Class Validation Accuracy:
  No Thrust: 27.50% (44/160)
  Chemical: 23.75% (38/160)
  Electric: 17.50% (28/160)
  Impulsive: 31.25% (50/160)
Epoch [8/100], Training Loss: 0.0350
Validation Loss: 0.2803, Validation Accuracy: 25.00%

Per-Class Validation Accuracy:
  No Thrust: 24.38% (39/160)
  Chemical: 23.75% (38/160)
  Electric: 19.38% (31/160)
  Impulsive: 32.50% (52/160)
Epoch [9/100], Training Loss: 0.0309
Validation Loss: 0.2796, Validation Accuracy: 25.00%

Per-Class Validation Accuracy:
  No Thrust: 23.75% (38/160)
  Chemical: 23.75% (38/160)
  Electric: 15.62% (25/160)
  Impulsive: 36.88% (59/160)
Epoch [10/100], Training Loss: 0.0278
Validation Loss: 0.2782, Validation Accuracy: 25.00%

Per-Class Validation Accuracy:
  No Thrust: 25.00% (40/160)
  Chemical: 21.25% (34/160)
  Electric: 16.88% (27/160)
  Impulsive: 36.88% (59/160)
Epoch [11/100], Training Loss: 0.0254
Validation Loss: 0.2783, Validation Accuracy: 25.00%

Per-Class Validation Accuracy:
  No Thrust: 23.75% (38/160)
  Chemical: 23.12% (37/160)
  Electric: 20.62% (33/160)
  Impulsive: 32.50% (52/160)
Epoch [12/100], Training Loss: 0.0232
Validation Loss: 0.2789, Validation Accuracy: 25.00%

Per-Class Validation Accuracy:
  No Thrust: 22.50% (36/160)
  Chemical: 23.75% (38/160)
  Electric: 17.50% (28/160)
  Impulsive: 36.25% (58/160)
Epoch [13/100], Training Loss: 0.0214
Validation Loss: 0.2789, Validation Accuracy: 25.00%

Per-Class Validation Accuracy:
  No Thrust: 21.25% (34/160)
  Chemical: 21.88% (35/160)
  Electric: 19.38% (31/160)
  Impulsive: 37.50% (60/160)
Epoch [14/100], Training Loss: 0.0199
Validation Loss: 0.2790, Validation Accuracy: 24.84%

Per-Class Validation Accuracy:
  No Thrust: 20.00% (32/160)
  Chemical: 21.25% (34/160)
  Electric: 21.25% (34/160)
  Impulsive: 36.88% (59/160)
Epoch [15/100], Training Loss: 0.0185
Validation Loss: 0.2788, Validation Accuracy: 25.00%

Per-Class Validation Accuracy:
  No Thrust: 20.62% (33/160)
  Chemical: 21.25% (34/160)
  Electric: 22.50% (36/160)
  Impulsive: 35.62% (57/160)
Epoch [16/100], Training Loss: 0.0174
Validation Loss: 0.2786, Validation Accuracy: 25.00%

Per-Class Validation Accuracy:
  No Thrust: 20.62% (33/160)
  Chemical: 22.50% (36/160)
  Electric: 17.50% (28/160)
  Impulsive: 39.38% (63/160)
Epoch [17/100], Training Loss: 0.0163
Validation Loss: 0.2790, Validation Accuracy: 24.84%

Per-Class Validation Accuracy:
  No Thrust: 16.88% (27/160)
  Chemical: 23.75% (38/160)
  Electric: 19.38% (31/160)
  Impulsive: 39.38% (63/160)
Epoch [18/100], Training Loss: 0.0154
Validation Loss: 0.2791, Validation Accuracy: 24.84%

Per-Class Validation Accuracy:
  No Thrust: 15.62% (25/160)
  Chemical: 21.25% (34/160)
  Electric: 21.88% (35/160)
  Impulsive: 40.62% (65/160)
Epoch [19/100], Training Loss: 0.0146
Validation Loss: 0.2779, Validation Accuracy: 25.31%

Per-Class Validation Accuracy:
  No Thrust: 21.25% (34/160)
  Chemical: 26.88% (43/160)
  Electric: 20.00% (32/160)
  Impulsive: 33.12% (53/160)
Epoch [20/100], Training Loss: 0.0138
Validation Loss: 0.2779, Validation Accuracy: 25.00%

Per-Class Validation Accuracy:
  No Thrust: 20.62% (33/160)
  Chemical: 26.25% (42/160)
  Electric: 15.62% (25/160)
  Impulsive: 37.50% (60/160)
Epoch [21/100], Training Loss: 0.0132
Validation Loss: 0.2786, Validation Accuracy: 25.00%

Per-Class Validation Accuracy:
  No Thrust: 16.88% (27/160)
  Chemical: 25.00% (40/160)
  Electric: 16.88% (27/160)
  Impulsive: 41.25% (66/160)
Epoch [22/100], Training Loss: 0.0127
Validation Loss: 0.2781, Validation Accuracy: 24.84%

Per-Class Validation Accuracy:
  No Thrust: 17.50% (28/160)
  Chemical: 24.38% (39/160)
  Electric: 17.50% (28/160)
  Impulsive: 40.00% (64/160)
Epoch [23/100], Training Loss: 0.0120
Validation Loss: 0.2770, Validation Accuracy: 25.16%

Per-Class Validation Accuracy:
  No Thrust: 21.25% (34/160)
  Chemical: 23.12% (37/160)
  Electric: 17.50% (28/160)
  Impulsive: 38.75% (62/160)
Epoch [24/100], Training Loss: 0.0116
Validation Loss: 0.2769, Validation Accuracy: 24.84%

Per-Class Validation Accuracy:
  No Thrust: 21.25% (34/160)
  Chemical: 20.62% (33/160)
  Electric: 20.62% (33/160)
  Impulsive: 36.88% (59/160)
Epoch [25/100], Training Loss: 0.0111
Validation Loss: 0.2775, Validation Accuracy: 24.84%

Per-Class Validation Accuracy:
  No Thrust: 18.12% (29/160)
  Chemical: 21.25% (34/160)
  Electric: 17.50% (28/160)
  Impulsive: 42.50% (68/160)
Epoch [26/100], Training Loss: 0.0106
Validation Loss: 0.2775, Validation Accuracy: 24.84%

Per-Class Validation Accuracy:
  No Thrust: 18.75% (30/160)
  Chemical: 23.75% (38/160)
  Electric: 15.62% (25/160)
  Impulsive: 41.25% (66/160)
Epoch [27/100], Training Loss: 0.0103
Validation Loss: 0.2767, Validation Accuracy: 25.00%

Per-Class Validation Accuracy:
  No Thrust: 20.62% (33/160)
  Chemical: 21.88% (35/160)
  Electric: 16.88% (27/160)
  Impulsive: 40.62% (65/160)
Epoch [28/100], Training Loss: 0.0099
Validation Loss: 0.2767, Validation Accuracy: 25.00%

Per-Class Validation Accuracy:
  No Thrust: 22.50% (36/160)
  Chemical: 23.12% (37/160)
  Electric: 18.12% (29/160)
  Impulsive: 36.25% (58/160)
Epoch [29/100], Training Loss: 0.0096
Validation Loss: 0.2773, Validation Accuracy: 25.00%

Per-Class Validation Accuracy:
  No Thrust: 20.00% (32/160)
  Chemical: 23.75% (38/160)
  Electric: 18.75% (30/160)
  Impulsive: 37.50% (60/160)
Epoch [30/100], Training Loss: 0.0092
Validation Loss: 0.2770, Validation Accuracy: 24.84%

Per-Class Validation Accuracy:
  No Thrust: 21.88% (35/160)
  Chemical: 25.62% (41/160)
  Electric: 16.88% (27/160)
  Impulsive: 35.00% (56/160)
Epoch [31/100], Training Loss: 0.0090
Validation Loss: 0.2778, Validation Accuracy: 24.84%

Per-Class Validation Accuracy:
  No Thrust: 18.12% (29/160)
  Chemical: 26.25% (42/160)
  Electric: 17.50% (28/160)
  Impulsive: 37.50% (60/160)
Epoch [32/100], Training Loss: 0.0087
Validation Loss: 0.2784, Validation Accuracy: 25.00%

Per-Class Validation Accuracy:
  No Thrust: 15.62% (25/160)
  Chemical: 25.00% (40/160)
  Electric: 17.50% (28/160)
  Impulsive: 41.88% (67/160)
Epoch [33/100], Training Loss: 0.0084
Validation Loss: 0.2783, Validation Accuracy: 25.00%

Per-Class Validation Accuracy:
  No Thrust: 16.25% (26/160)
  Chemical: 28.12% (45/160)
  Electric: 15.62% (25/160)
  Impulsive: 40.00% (64/160)
Epoch [34/100], Training Loss: 0.0081
Validation Loss: 0.2790, Validation Accuracy: 25.16%

Per-Class Validation Accuracy:
  No Thrust: 14.38% (23/160)
  Chemical: 25.00% (40/160)
  Electric: 19.38% (31/160)
  Impulsive: 41.88% (67/160)
Epoch [35/100], Training Loss: 0.0080
Validation Loss: 0.2783, Validation Accuracy: 25.00%

Per-Class Validation Accuracy:
  No Thrust: 15.62% (25/160)
  Chemical: 25.62% (41/160)
  Electric: 17.50% (28/160)
  Impulsive: 41.25% (66/160)
Epoch [36/100], Training Loss: 0.0077
Validation Loss: 0.2782, Validation Accuracy: 25.00%

Per-Class Validation Accuracy:
  No Thrust: 15.62% (25/160)
  Chemical: 26.25% (42/160)
  Electric: 17.50% (28/160)
  Impulsive: 40.62% (65/160)
Epoch [37/100], Training Loss: 0.0075
Validation Loss: 0.2781, Validation Accuracy: 25.00%

Per-Class Validation Accuracy:
  No Thrust: 17.50% (28/160)
  Chemical: 24.38% (39/160)
  Electric: 20.00% (32/160)
  Impulsive: 38.12% (61/160)
Epoch [38/100], Training Loss: 0.0073
Validation Loss: 0.2775, Validation Accuracy: 25.00%

Per-Class Validation Accuracy:
  No Thrust: 18.75% (30/160)
  Chemical: 23.75% (38/160)
  Electric: 18.75% (30/160)
  Impulsive: 38.75% (62/160)
Epoch [39/100], Training Loss: 0.0071
Validation Loss: 0.2777, Validation Accuracy: 25.00%

Per-Class Validation Accuracy:
  No Thrust: 18.12% (29/160)
  Chemical: 24.38% (39/160)
  Electric: 18.12% (29/160)
  Impulsive: 39.38% (63/160)
Epoch [40/100], Training Loss: 0.0069
Validation Loss: 0.2781, Validation Accuracy: 24.84%

Per-Class Validation Accuracy:
  No Thrust: 15.00% (24/160)
  Chemical: 23.75% (38/160)
  Electric: 19.38% (31/160)
  Impulsive: 41.25% (66/160)
Epoch [41/100], Training Loss: 0.0068
Validation Loss: 0.2782, Validation Accuracy: 25.00%

Per-Class Validation Accuracy:
  No Thrust: 13.75% (22/160)
  Chemical: 26.25% (42/160)
  Electric: 19.38% (31/160)
  Impulsive: 40.62% (65/160)
Epoch [42/100], Training Loss: 0.0066
Validation Loss: 0.2782, Validation Accuracy: 25.00%

Per-Class Validation Accuracy:
  No Thrust: 13.75% (22/160)
  Chemical: 25.62% (41/160)
  Electric: 19.38% (31/160)
  Impulsive: 41.25% (66/160)
Epoch [43/100], Training Loss: 0.0065
Validation Loss: 0.2782, Validation Accuracy: 24.84%

Per-Class Validation Accuracy:
  No Thrust: 14.38% (23/160)
  Chemical: 25.00% (40/160)
  Electric: 18.75% (30/160)
  Impulsive: 41.25% (66/160)
Epoch [44/100], Training Loss: 0.0063
Validation Loss: 0.2779, Validation Accuracy: 25.00%

Per-Class Validation Accuracy:
  No Thrust: 16.88% (27/160)
  Chemical: 25.62% (41/160)
  Electric: 18.75% (30/160)
  Impulsive: 38.75% (62/160)
Epoch [45/100], Training Loss: 0.0062
Validation Loss: 0.2779, Validation Accuracy: 25.00%

Per-Class Validation Accuracy:
  No Thrust: 16.25% (26/160)
  Chemical: 25.62% (41/160)
  Electric: 19.38% (31/160)
  Impulsive: 38.75% (62/160)
Epoch [46/100], Training Loss: 0.0060
Validation Loss: 0.2773, Validation Accuracy: 24.84%

Per-Class Validation Accuracy:
  No Thrust: 16.88% (27/160)
  Chemical: 25.00% (40/160)
  Electric: 17.50% (28/160)
  Impulsive: 40.00% (64/160)
Epoch [47/100], Training Loss: 0.0059
Validation Loss: 0.2774, Validation Accuracy: 25.00%

Per-Class Validation Accuracy:
  No Thrust: 16.25% (26/160)
  Chemical: 25.62% (41/160)
  Electric: 18.12% (29/160)
  Impulsive: 40.00% (64/160)
Epoch [48/100], Training Loss: 0.0058
Validation Loss: 0.2770, Validation Accuracy: 25.16%

Per-Class Validation Accuracy:
  No Thrust: 19.38% (31/160)
  Chemical: 25.00% (40/160)
  Electric: 17.50% (28/160)
  Impulsive: 38.75% (62/160)
Epoch [49/100], Training Loss: 0.0056
Validation Loss: 0.2772, Validation Accuracy: 24.84%

Per-Class Validation Accuracy:
  No Thrust: 16.88% (27/160)
  Chemical: 25.62% (41/160)
  Electric: 17.50% (28/160)
  Impulsive: 39.38% (63/160)
Epoch [50/100], Training Loss: 0.0055
Validation Loss: 0.2775, Validation Accuracy: 25.00%

Per-Class Validation Accuracy:
  No Thrust: 15.62% (25/160)
  Chemical: 25.62% (41/160)
  Electric: 17.50% (28/160)
  Impulsive: 41.25% (66/160)
Epoch [51/100], Training Loss: 0.0054
Validation Loss: 0.2772, Validation Accuracy: 25.00%

Per-Class Validation Accuracy:
  No Thrust: 17.50% (28/160)
  Chemical: 25.62% (41/160)
  Electric: 17.50% (28/160)
  Impulsive: 39.38% (63/160)
Epoch [52/100], Training Loss: 0.0053
Validation Loss: 0.2778, Validation Accuracy: 25.00%

Per-Class Validation Accuracy:
  No Thrust: 15.62% (25/160)
  Chemical: 25.00% (40/160)
  Electric: 18.12% (29/160)
  Impulsive: 41.25% (66/160)
Epoch [53/100], Training Loss: 0.0052
Validation Loss: 0.2778, Validation Accuracy: 25.00%

Per-Class Validation Accuracy:
  No Thrust: 16.25% (26/160)
  Chemical: 25.00% (40/160)
  Electric: 18.12% (29/160)
  Impulsive: 40.62% (65/160)
Epoch [54/100], Training Loss: 0.0051
Validation Loss: 0.2781, Validation Accuracy: 25.00%

Per-Class Validation Accuracy:
  No Thrust: 13.75% (22/160)
  Chemical: 25.00% (40/160)
  Electric: 19.38% (31/160)
  Impulsive: 41.88% (67/160)
Epoch [55/100], Training Loss: 0.0050
Validation Loss: 0.2775, Validation Accuracy: 25.00%

Per-Class Validation Accuracy:
  No Thrust: 17.50% (28/160)
  Chemical: 25.00% (40/160)
  Electric: 18.75% (30/160)
  Impulsive: 38.75% (62/160)
Epoch [56/100], Training Loss: 0.0050
Validation Loss: 0.2774, Validation Accuracy: 25.00%

Per-Class Validation Accuracy:
  No Thrust: 18.12% (29/160)
  Chemical: 25.00% (40/160)
  Electric: 18.75% (30/160)
  Impulsive: 38.12% (61/160)
Epoch [57/100], Training Loss: 0.0049
Validation Loss: 0.2774, Validation Accuracy: 25.00%

Per-Class Validation Accuracy:
  No Thrust: 16.88% (27/160)
  Chemical: 25.62% (41/160)
  Electric: 17.50% (28/160)
  Impulsive: 40.00% (64/160)
Epoch [58/100], Training Loss: 0.0048
Validation Loss: 0.2771, Validation Accuracy: 24.84%

Per-Class Validation Accuracy:
  No Thrust: 18.12% (29/160)
  Chemical: 24.38% (39/160)
  Electric: 18.12% (29/160)
  Impulsive: 38.75% (62/160)
Epoch [59/100], Training Loss: 0.0047
Validation Loss: 0.2770, Validation Accuracy: 25.00%

Per-Class Validation Accuracy:
  No Thrust: 18.12% (29/160)
  Chemical: 24.38% (39/160)
  Electric: 18.12% (29/160)
  Impulsive: 39.38% (63/160)
Epoch [60/100], Training Loss: 0.0046
Validation Loss: 0.2772, Validation Accuracy: 25.00%

Per-Class Validation Accuracy:
  No Thrust: 17.50% (28/160)
  Chemical: 24.38% (39/160)
  Electric: 18.12% (29/160)
  Impulsive: 40.00% (64/160)
Epoch [61/100], Training Loss: 0.0045
Validation Loss: 0.2776, Validation Accuracy: 25.00%

Per-Class Validation Accuracy:
  No Thrust: 16.25% (26/160)
  Chemical: 24.38% (39/160)
  Electric: 18.75% (30/160)
  Impulsive: 40.62% (65/160)
Epoch [62/100], Training Loss: 0.0045
Validation Loss: 0.2778, Validation Accuracy: 25.00%

Per-Class Validation Accuracy:
  No Thrust: 15.00% (24/160)
  Chemical: 25.00% (40/160)
  Electric: 18.12% (29/160)
  Impulsive: 41.88% (67/160)
Epoch [63/100], Training Loss: 0.0044
Validation Loss: 0.2779, Validation Accuracy: 25.16%

Per-Class Validation Accuracy:
  No Thrust: 16.25% (26/160)
  Chemical: 26.25% (42/160)
  Electric: 16.88% (27/160)
  Impulsive: 41.25% (66/160)
Epoch [64/100], Training Loss: 0.0043
Validation Loss: 0.2777, Validation Accuracy: 25.00%

Per-Class Validation Accuracy:
  No Thrust: 16.88% (27/160)
  Chemical: 25.00% (40/160)
  Electric: 18.12% (29/160)
  Impulsive: 40.00% (64/160)
Epoch [65/100], Training Loss: 0.0043
Validation Loss: 0.2781, Validation Accuracy: 25.16%

Per-Class Validation Accuracy:
  No Thrust: 15.00% (24/160)
  Chemical: 25.62% (41/160)
  Electric: 18.12% (29/160)
  Impulsive: 41.88% (67/160)
Epoch [66/100], Training Loss: 0.0042
Validation Loss: 0.2780, Validation Accuracy: 25.16%

Per-Class Validation Accuracy:
  No Thrust: 15.00% (24/160)
  Chemical: 25.00% (40/160)
  Electric: 18.75% (30/160)
  Impulsive: 41.88% (67/160)
Epoch [67/100], Training Loss: 0.0041
Validation Loss: 0.2780, Validation Accuracy: 25.00%

Per-Class Validation Accuracy:
  No Thrust: 14.38% (23/160)
  Chemical: 25.00% (40/160)
  Electric: 18.12% (29/160)
  Impulsive: 42.50% (68/160)
Epoch [68/100], Training Loss: 0.0041
Validation Loss: 0.2777, Validation Accuracy: 25.00%

Per-Class Validation Accuracy:
  No Thrust: 15.62% (25/160)
  Chemical: 25.00% (40/160)
  Electric: 18.12% (29/160)
  Impulsive: 41.25% (66/160)
Epoch [69/100], Training Loss: 0.0040
Validation Loss: 0.2777, Validation Accuracy: 25.00%

Per-Class Validation Accuracy:
  No Thrust: 15.62% (25/160)
  Chemical: 26.25% (42/160)
  Electric: 16.88% (27/160)
  Impulsive: 41.25% (66/160)
Epoch [70/100], Training Loss: 0.0040
Validation Loss: 0.2776, Validation Accuracy: 25.00%

Per-Class Validation Accuracy:
  No Thrust: 15.62% (25/160)
  Chemical: 25.00% (40/160)
  Electric: 18.12% (29/160)
  Impulsive: 41.25% (66/160)
Epoch [71/100], Training Loss: 0.0039
Validation Loss: 0.2776, Validation Accuracy: 25.31%

Per-Class Validation Accuracy:
  No Thrust: 16.88% (27/160)
  Chemical: 25.00% (40/160)
  Electric: 18.12% (29/160)
  Impulsive: 41.25% (66/160)
Epoch [72/100], Training Loss: 0.0038
Validation Loss: 0.2776, Validation Accuracy: 25.16%

Per-Class Validation Accuracy:
  No Thrust: 17.50% (28/160)
  Chemical: 25.00% (40/160)
  Electric: 18.12% (29/160)
  Impulsive: 40.00% (64/160)
Epoch [73/100], Training Loss: 0.0038
Validation Loss: 0.2775, Validation Accuracy: 25.31%

Per-Class Validation Accuracy:
  No Thrust: 18.12% (29/160)
  Chemical: 25.62% (41/160)
  Electric: 18.12% (29/160)
  Impulsive: 39.38% (63/160)
Epoch [74/100], Training Loss: 0.0038
Validation Loss: 0.2778, Validation Accuracy: 24.84%

Per-Class Validation Accuracy:
  No Thrust: 15.00% (24/160)
  Chemical: 25.00% (40/160)
  Electric: 18.12% (29/160)
  Impulsive: 41.25% (66/160)
Epoch [75/100], Training Loss: 0.0037
Validation Loss: 0.2779, Validation Accuracy: 25.00%

Per-Class Validation Accuracy:
  No Thrust: 15.00% (24/160)
  Chemical: 25.62% (41/160)
  Electric: 18.12% (29/160)
  Impulsive: 41.25% (66/160)
Epoch [76/100], Training Loss: 0.0037
Validation Loss: 0.2778, Validation Accuracy: 25.00%

Per-Class Validation Accuracy:
  No Thrust: 15.62% (25/160)
  Chemical: 25.00% (40/160)
  Electric: 18.75% (30/160)
  Impulsive: 40.62% (65/160)
Epoch [77/100], Training Loss: 0.0036
Validation Loss: 0.2777, Validation Accuracy: 25.00%

Per-Class Validation Accuracy:
  No Thrust: 16.25% (26/160)
  Chemical: 25.00% (40/160)
  Electric: 18.12% (29/160)
  Impulsive: 40.62% (65/160)
Epoch [78/100], Training Loss: 0.0036
Validation Loss: 0.2777, Validation Accuracy: 25.00%

Per-Class Validation Accuracy:
  No Thrust: 16.88% (27/160)
  Chemical: 25.00% (40/160)
  Electric: 18.12% (29/160)
  Impulsive: 40.00% (64/160)
Epoch [79/100], Training Loss: 0.0035
Validation Loss: 0.2778, Validation Accuracy: 25.00%

Per-Class Validation Accuracy:
  No Thrust: 15.62% (25/160)
  Chemical: 25.62% (41/160)
  Electric: 17.50% (28/160)
  Impulsive: 41.25% (66/160)
Epoch [80/100], Training Loss: 0.0035
Validation Loss: 0.2779, Validation Accuracy: 25.00%

Per-Class Validation Accuracy:
  No Thrust: 15.00% (24/160)
  Chemical: 25.62% (41/160)
  Electric: 18.12% (29/160)
  Impulsive: 41.25% (66/160)
Epoch [81/100], Training Loss: 0.0034
Validation Loss: 0.2778, Validation Accuracy: 25.00%

Per-Class Validation Accuracy:
  No Thrust: 15.62% (25/160)
  Chemical: 25.62% (41/160)
  Electric: 18.12% (29/160)
  Impulsive: 40.62% (65/160)
Epoch [82/100], Training Loss: 0.0034
Validation Loss: 0.2778, Validation Accuracy: 24.84%

Per-Class Validation Accuracy:
  No Thrust: 15.62% (25/160)
  Chemical: 24.38% (39/160)
  Electric: 18.75% (30/160)
  Impulsive: 40.62% (65/160)
Epoch [83/100], Training Loss: 0.0033
Validation Loss: 0.2778, Validation Accuracy: 25.16%

Per-Class Validation Accuracy:
  No Thrust: 15.62% (25/160)
  Chemical: 24.38% (39/160)
  Electric: 18.75% (30/160)
  Impulsive: 41.88% (67/160)
Epoch [84/100], Training Loss: 0.0033
Validation Loss: 0.2778, Validation Accuracy: 25.16%

Per-Class Validation Accuracy:
  No Thrust: 15.62% (25/160)
  Chemical: 24.38% (39/160)
  Electric: 18.75% (30/160)
  Impulsive: 41.88% (67/160)
Epoch [85/100], Training Loss: 0.0033
Validation Loss: 0.2778, Validation Accuracy: 25.00%

Per-Class Validation Accuracy:
  No Thrust: 15.00% (24/160)
  Chemical: 25.00% (40/160)
  Electric: 18.12% (29/160)
  Impulsive: 41.88% (67/160)
Epoch [86/100], Training Loss: 0.0032
Validation Loss: 0.2778, Validation Accuracy: 25.00%

Per-Class Validation Accuracy:
  No Thrust: 15.62% (25/160)
  Chemical: 25.00% (40/160)
  Electric: 18.12% (29/160)
  Impulsive: 41.25% (66/160)
Epoch [87/100], Training Loss: 0.0032
Validation Loss: 0.2778, Validation Accuracy: 25.00%

Per-Class Validation Accuracy:
  No Thrust: 15.62% (25/160)
  Chemical: 25.00% (40/160)
  Electric: 18.12% (29/160)
  Impulsive: 41.25% (66/160)
Epoch [88/100], Training Loss: 0.0031
Validation Loss: 0.2777, Validation Accuracy: 25.00%

Per-Class Validation Accuracy:
  No Thrust: 16.25% (26/160)
  Chemical: 25.00% (40/160)
  Electric: 18.75% (30/160)
  Impulsive: 40.00% (64/160)
Epoch [89/100], Training Loss: 0.0031
Validation Loss: 0.2777, Validation Accuracy: 24.84%

Per-Class Validation Accuracy:
  No Thrust: 15.62% (25/160)
  Chemical: 25.00% (40/160)
  Electric: 18.12% (29/160)
  Impulsive: 40.62% (65/160)
Epoch [90/100], Training Loss: 0.0031
Validation Loss: 0.2777, Validation Accuracy: 24.84%

Per-Class Validation Accuracy:
  No Thrust: 16.25% (26/160)
  Chemical: 25.00% (40/160)
  Electric: 17.50% (28/160)
  Impulsive: 40.62% (65/160)
Epoch [91/100], Training Loss: 0.0031
Validation Loss: 0.2777, Validation Accuracy: 24.84%

Per-Class Validation Accuracy:
  No Thrust: 15.62% (25/160)
  Chemical: 25.00% (40/160)
  Electric: 18.12% (29/160)
  Impulsive: 40.62% (65/160)
Epoch [92/100], Training Loss: 0.0030
Validation Loss: 0.2777, Validation Accuracy: 24.84%

Per-Class Validation Accuracy:
  No Thrust: 15.62% (25/160)
  Chemical: 25.00% (40/160)
  Electric: 18.12% (29/160)
  Impulsive: 40.62% (65/160)
Epoch [93/100], Training Loss: 0.0030
Validation Loss: 0.2777, Validation Accuracy: 24.84%

Per-Class Validation Accuracy:
  No Thrust: 15.62% (25/160)
  Chemical: 25.00% (40/160)
  Electric: 18.12% (29/160)
  Impulsive: 40.62% (65/160)
Epoch [94/100], Training Loss: 0.0030
Validation Loss: 0.2777, Validation Accuracy: 24.69%

Per-Class Validation Accuracy:
  No Thrust: 15.62% (25/160)
  Chemical: 25.00% (40/160)
  Electric: 18.12% (29/160)
  Impulsive: 40.00% (64/160)
Epoch [95/100], Training Loss: 0.0029
Validation Loss: 0.2777, Validation Accuracy: 24.84%

Per-Class Validation Accuracy:
  No Thrust: 16.25% (26/160)
  Chemical: 25.00% (40/160)
  Electric: 18.12% (29/160)
  Impulsive: 40.00% (64/160)
Epoch [96/100], Training Loss: 0.0029
Validation Loss: 0.2777, Validation Accuracy: 25.00%

Per-Class Validation Accuracy:
  No Thrust: 16.25% (26/160)
  Chemical: 25.00% (40/160)
  Electric: 18.12% (29/160)
  Impulsive: 40.62% (65/160)
Epoch [97/100], Training Loss: 0.0029
Validation Loss: 0.2777, Validation Accuracy: 24.84%

Per-Class Validation Accuracy:
  No Thrust: 15.62% (25/160)
  Chemical: 25.00% (40/160)
  Electric: 18.12% (29/160)
  Impulsive: 40.62% (65/160)
Epoch [98/100], Training Loss: 0.0028
Validation Loss: 0.2777, Validation Accuracy: 24.84%

Per-Class Validation Accuracy:
  No Thrust: 15.62% (25/160)
  Chemical: 25.00% (40/160)
  Electric: 18.12% (29/160)
  Impulsive: 40.62% (65/160)
Epoch [99/100], Training Loss: 0.0028
Validation Loss: 0.2777, Validation Accuracy: 24.84%

Per-Class Validation Accuracy:
  No Thrust: 15.62% (25/160)
  Chemical: 25.00% (40/160)
  Electric: 18.12% (29/160)
  Impulsive: 40.62% (65/160)
Epoch [100/100], Training Loss: 0.0028

	Elapsed time is 6.0321 seconds.

==========================================================================================
Total parameters: 644
Total memory (bytes): 5152
Total memory (MB): 0.004913330078125
==========================================================================================

MLP Validation
Validation Loss: 0.2777, Validation Accuracy: 24.84%

Per-Class Validation Accuracy:
  No Thrust: 15.62% (25/160)
  Chemical: 25.00% (40/160)
  Electric: 18.12% (29/160)
  Impulsive: 40.62% (65/160)

MLP Inference Time	Elapsed time is 0.0503 seconds.

Classification Report:
              precision    recall  f1-score   support

           0     0.2451    0.1562    0.1908       160
           1     0.2469    0.2500    0.2484       160
           2     0.2566    0.1812    0.2125       160
           3     0.2471    0.4062    0.3073       160

    accuracy                         0.2484       640
   macro avg     0.2489    0.2484    0.2398       640
weighted avg     0.2489    0.2484    0.2398       640


Confusion Matrix (rows = true, cols = predicted):
             P_No Thrust  P_Chemical  P_Electric  P_Impulsive
T_No Thrust           25          40          29           66
T_Chemical            26          40          28           66
T_Electric            25          40          29           66
T_Impulsive           26          42          27           65
