Processing datasets for geo with 30 minutes and 800 random systems.
GPU is available
Training data location: /home/hunter/git/GMAT-Thrust-Data/data/classification/geo/30min-800
Test data location: /home/hunter/git/GMAT-Thrust-Data/data/classification/geo/30min-800

Entering Decision Trees Training Loop

	Elapsed time is 0.3488 seconds.

==========================================================================================
Total parameters: NaN
Total memory (bytes): 357563
Total memory (MB): 0.34099864959716797
==========================================================================================

Decision Trees Validation
Validation Loss: 0.6094, Validation Accuracy: 71.56%

Per-Class Validation Accuracy:
  No Thrust: 44.38% (71/160)
  Chemical: 88.75% (142/160)
  Electric: 53.12% (85/160)
  Impulsive: 100.00% (160/160)

Classification Report:
              precision    recall  f1-score   support

   No Thrust     0.4897    0.4437    0.4656       160
    Chemical     0.8987    0.8875    0.8931       160
    Electric     0.4830    0.5312    0.5060       160
   Impulsive     0.9938    1.0000    0.9969       160

    accuracy                         0.7156       640
   macro avg     0.7163    0.7156    0.7154       640
weighted avg     0.7163    0.7156    0.7154       640


Confusion Matrix (rows = true, cols = predicted):
             P_No Thrust  P_Chemical  P_Electric  P_Impulsive
T_No Thrust           71           8          81            0
T_Chemical             7         142          10            1
T_Electric            67           8          85            0
T_Impulsive            0           0           0          160

Decision Trees Inference Time	Elapsed time is 0.0200 seconds.

Entering Nearest Neighbor Training Loop

	Elapsed time is 0.0636 seconds.

==========================================================================================
Total parameters: NaN (non-parametric model)
Total memory (bytes): 4205567
Total memory (MB): 4.0107
==========================================================================================

1-NN Validation
Validation Loss: NaN, Validation Accuracy: 46.56%

Per-Class Validation Accuracy:
  No Thrust: 28.75% (46/160)
  Chemical: 60.00% (96/160)
  Electric: 42.50% (68/160)
  Impulsive: 55.00% (88/160)

Classification Report:
              precision    recall  f1-score   support

   No Thrust     0.4299    0.2875    0.3446       160
    Chemical     0.4424    0.6000    0.5093       160
    Electric     0.4359    0.4250    0.4304       160
   Impulsive     0.5500    0.5500    0.5500       160

    accuracy                         0.4656       640
   macro avg     0.4646    0.4656    0.4586       640
weighted avg     0.4646    0.4656    0.4586       640


Confusion Matrix (rows = true, cols = predicted):
             P_No Thrust  P_Chemical  P_Electric  P_Impulsive
T_No Thrust           46          33          63           18
T_Chemical             9          96          14           41
T_Electric            43          36          68           13
T_Impulsive            9          52          11           88

1-NN Inference Time	Elapsed time is 2.6621 seconds.

Entering MiniRocket Training Loop

	Elapsed time is 4.4554 seconds.

==========================================================================================
Total parameters: 9996
Total memory (bytes): 608884
Total memory (MB): 0.5807
==========================================================================================

MiniRocket Validation
Validation Loss: NaN, Validation Accuracy: 71.88%

Per-Class Validation Accuracy:
  No Thrust: 46.88% (75/160)
  Chemical: 96.25% (154/160)
  Electric: 45.00% (72/160)
  Impulsive: 99.38% (159/160)

Classification Report:
              precision    recall  f1-score   support

   No Thrust     0.4870    0.4688    0.4777       160
    Chemical     0.8508    0.9625    0.9032       160
    Electric     0.4932    0.4500    0.4706       160
   Impulsive     1.0000    0.9938    0.9969       160

    accuracy                         0.7188       640
   macro avg     0.7077    0.7188    0.7121       640
weighted avg     0.7077    0.7188    0.7121       640


Confusion Matrix (rows = true, cols = predicted):
             P_No Thrust  P_Chemical  P_Electric  P_Impulsive
T_No Thrust           75          14          71            0
T_Chemical             3         154           3            0
T_Electric            76          12          72            0
T_Impulsive            0           1           0          159

MiniRocket Inference Time	Elapsed time is 1.4286 seconds.

Entering LSTM Training Loop
Epoch [1/100], Training Loss: 1.3960
Validation Loss: 1.3876, Validation Accuracy: 25.00%

Per-Class Validation Accuracy:
  No Thrust: 0.00% (0/160)
  Chemical: 0.00% (0/160)
  Electric: 100.00% (160/160)
  Impulsive: 0.00% (0/160)
Epoch [2/100], Training Loss: 1.3927
Validation Loss: 1.3837, Validation Accuracy: 25.00%

Per-Class Validation Accuracy:
  No Thrust: 0.00% (0/160)
  Chemical: 0.00% (0/160)
  Electric: 100.00% (160/160)
  Impulsive: 0.00% (0/160)
Epoch [3/100], Training Loss: 1.3907
Validation Loss: 1.3788, Validation Accuracy: 45.94%

Per-Class Validation Accuracy:
  No Thrust: 0.00% (0/160)
  Chemical: 0.00% (0/160)
  Electric: 100.00% (160/160)
  Impulsive: 83.75% (134/160)
Epoch [4/100], Training Loss: 1.3890
Validation Loss: 1.3741, Validation Accuracy: 43.28%

Per-Class Validation Accuracy:
  No Thrust: 0.00% (0/160)
  Chemical: 0.00% (0/160)
  Electric: 100.00% (160/160)
  Impulsive: 73.12% (117/160)
Epoch [5/100], Training Loss: 1.3776
Validation Loss: 1.3062, Validation Accuracy: 38.28%

Per-Class Validation Accuracy:
  No Thrust: 0.00% (0/160)
  Chemical: 0.00% (0/160)
  Electric: 100.00% (160/160)
  Impulsive: 53.12% (85/160)
Epoch [6/100], Training Loss: 1.3296
Validation Loss: 1.2619, Validation Accuracy: 32.97%

Per-Class Validation Accuracy:
  No Thrust: 93.75% (150/160)
  Chemical: 38.12% (61/160)
  Electric: 0.00% (0/160)
  Impulsive: 0.00% (0/160)
Epoch [7/100], Training Loss: 1.2626
Validation Loss: 1.2373, Validation Accuracy: 35.94%

Per-Class Validation Accuracy:
  No Thrust: 98.75% (158/160)
  Chemical: 0.62% (1/160)
  Electric: 0.00% (0/160)
  Impulsive: 44.38% (71/160)
Epoch [8/100], Training Loss: 1.2564
Validation Loss: 1.1787, Validation Accuracy: 40.00%

Per-Class Validation Accuracy:
  No Thrust: 0.00% (0/160)
  Chemical: 1.88% (3/160)
  Electric: 99.38% (159/160)
  Impulsive: 58.75% (94/160)
Epoch [9/100], Training Loss: 1.2120
Validation Loss: 1.1057, Validation Accuracy: 41.56%

Per-Class Validation Accuracy:
  No Thrust: 65.00% (104/160)
  Chemical: 5.62% (9/160)
  Electric: 26.88% (43/160)
  Impulsive: 68.75% (110/160)
Epoch [10/100], Training Loss: 1.1958
Validation Loss: 1.0127, Validation Accuracy: 42.81%

Per-Class Validation Accuracy:
  No Thrust: 11.88% (19/160)
  Chemical: 66.88% (107/160)
  Electric: 92.50% (148/160)
  Impulsive: 0.00% (0/160)
Epoch [11/100], Training Loss: 1.0141
Validation Loss: 0.8208, Validation Accuracy: 50.78%

Per-Class Validation Accuracy:
  No Thrust: 91.25% (146/160)
  Chemical: 11.88% (19/160)
  Electric: 3.12% (5/160)
  Impulsive: 96.88% (155/160)
Epoch [12/100], Training Loss: 0.9553
Validation Loss: 0.8137, Validation Accuracy: 52.97%

Per-Class Validation Accuracy:
  No Thrust: 0.00% (0/160)
  Chemical: 15.62% (25/160)
  Electric: 98.75% (158/160)
  Impulsive: 97.50% (156/160)
Epoch [13/100], Training Loss: 0.9230
Validation Loss: 0.8091, Validation Accuracy: 51.25%

Per-Class Validation Accuracy:
  No Thrust: 75.00% (120/160)
  Chemical: 11.88% (19/160)
  Electric: 19.38% (31/160)
  Impulsive: 98.75% (158/160)
Epoch [14/100], Training Loss: 0.9067
Validation Loss: 0.7823, Validation Accuracy: 54.84%

Per-Class Validation Accuracy:
  No Thrust: 0.00% (0/160)
  Chemical: 22.50% (36/160)
  Electric: 100.00% (160/160)
  Impulsive: 96.88% (155/160)
Epoch [15/100], Training Loss: 0.9091
Validation Loss: 0.7696, Validation Accuracy: 53.91%

Per-Class Validation Accuracy:
  No Thrust: 84.38% (135/160)
  Chemical: 23.75% (38/160)
  Electric: 11.25% (18/160)
  Impulsive: 96.25% (154/160)
Epoch [16/100], Training Loss: 0.9114
Validation Loss: 0.8167, Validation Accuracy: 55.47%

Per-Class Validation Accuracy:
  No Thrust: 96.25% (154/160)
  Chemical: 33.75% (54/160)
  Electric: 1.88% (3/160)
  Impulsive: 90.00% (144/160)
Epoch [17/100], Training Loss: 0.8558
Validation Loss: 0.7783, Validation Accuracy: 53.91%

Per-Class Validation Accuracy:
  No Thrust: 0.00% (0/160)
  Chemical: 20.62% (33/160)
  Electric: 97.50% (156/160)
  Impulsive: 97.50% (156/160)
Epoch [18/100], Training Loss: 0.8822
Validation Loss: 0.8421, Validation Accuracy: 44.53%

Per-Class Validation Accuracy:
  No Thrust: 77.50% (124/160)
  Chemical: 75.62% (121/160)
  Electric: 25.00% (40/160)
  Impulsive: 0.00% (0/160)
Epoch [19/100], Training Loss: 0.8763
Validation Loss: 0.7653, Validation Accuracy: 60.47%

Per-Class Validation Accuracy:
  No Thrust: 76.25% (122/160)
  Chemical: 45.62% (73/160)
  Electric: 23.75% (38/160)
  Impulsive: 96.25% (154/160)
Epoch [20/100], Training Loss: 0.8611
Validation Loss: 0.7653, Validation Accuracy: 57.81%

Per-Class Validation Accuracy:
  No Thrust: 0.00% (0/160)
  Chemical: 34.38% (55/160)
  Electric: 100.00% (160/160)
  Impulsive: 96.88% (155/160)
Epoch [21/100], Training Loss: 0.8781
Validation Loss: 0.7767, Validation Accuracy: 60.00%

Per-Class Validation Accuracy:
  No Thrust: 25.62% (41/160)
  Chemical: 33.75% (54/160)
  Electric: 83.75% (134/160)
  Impulsive: 96.88% (155/160)
Epoch [22/100], Training Loss: 0.8508
Validation Loss: 0.7552, Validation Accuracy: 54.84%

Per-Class Validation Accuracy:
  No Thrust: 88.75% (142/160)
  Chemical: 28.12% (45/160)
  Electric: 3.75% (6/160)
  Impulsive: 98.75% (158/160)
Epoch [23/100], Training Loss: 0.8443
Validation Loss: 0.7872, Validation Accuracy: 60.94%

Per-Class Validation Accuracy:
  No Thrust: 59.38% (95/160)
  Chemical: 29.38% (47/160)
  Electric: 57.50% (92/160)
  Impulsive: 97.50% (156/160)
Epoch [24/100], Training Loss: 0.8480
Validation Loss: 0.7656, Validation Accuracy: 54.53%

Per-Class Validation Accuracy:
  No Thrust: 0.00% (0/160)
  Chemical: 23.12% (37/160)
  Electric: 96.88% (155/160)
  Impulsive: 98.12% (157/160)
Epoch [25/100], Training Loss: 0.8582
Validation Loss: 0.7721, Validation Accuracy: 60.94%

Per-Class Validation Accuracy:
  No Thrust: 87.50% (140/160)
  Chemical: 58.75% (94/160)
  Electric: 0.00% (0/160)
  Impulsive: 97.50% (156/160)
Epoch [26/100], Training Loss: 0.8232
Validation Loss: 0.7586, Validation Accuracy: 55.94%

Per-Class Validation Accuracy:
  No Thrust: 91.25% (146/160)
  Chemical: 33.75% (54/160)
  Electric: 0.00% (0/160)
  Impulsive: 98.75% (158/160)
Epoch [27/100], Training Loss: 0.8145
Validation Loss: 0.7417, Validation Accuracy: 55.47%

Per-Class Validation Accuracy:
  No Thrust: 87.50% (140/160)
  Chemical: 28.12% (45/160)
  Electric: 8.12% (13/160)
  Impulsive: 98.12% (157/160)
Epoch [28/100], Training Loss: 0.8238
Validation Loss: 0.7835, Validation Accuracy: 61.09%

Per-Class Validation Accuracy:
  No Thrust: 33.12% (53/160)
  Chemical: 43.75% (70/160)
  Electric: 76.88% (123/160)
  Impulsive: 90.62% (145/160)
Epoch [29/100], Training Loss: 0.7540
Validation Loss: 0.6752, Validation Accuracy: 71.56%

Per-Class Validation Accuracy:
  No Thrust: 69.38% (111/160)
  Chemical: 62.50% (100/160)
  Electric: 56.25% (90/160)
  Impulsive: 98.12% (157/160)
Epoch [30/100], Training Loss: 0.7494
Validation Loss: 0.6367, Validation Accuracy: 67.81%

Per-Class Validation Accuracy:
  No Thrust: 0.00% (0/160)
  Chemical: 78.75% (126/160)
  Electric: 93.75% (150/160)
  Impulsive: 98.75% (158/160)
Epoch [31/100], Training Loss: 0.7149
Validation Loss: 0.6311, Validation Accuracy: 67.03%

Per-Class Validation Accuracy:
  No Thrust: 91.88% (147/160)
  Chemical: 79.38% (127/160)
  Electric: 0.00% (0/160)
  Impulsive: 96.88% (155/160)
Epoch [32/100], Training Loss: 0.6634
Validation Loss: 0.6430, Validation Accuracy: 67.19%

Per-Class Validation Accuracy:
  No Thrust: 0.00% (0/160)
  Chemical: 76.25% (122/160)
  Electric: 94.38% (151/160)
  Impulsive: 98.12% (157/160)
Epoch [33/100], Training Loss: 0.7249
Validation Loss: 0.9277, Validation Accuracy: 53.75%

Per-Class Validation Accuracy:
  No Thrust: 86.25% (138/160)
  Chemical: 29.38% (47/160)
  Electric: 0.00% (0/160)
  Impulsive: 99.38% (159/160)
Epoch [34/100], Training Loss: 0.7045
Validation Loss: 0.7170, Validation Accuracy: 60.16%

Per-Class Validation Accuracy:
  No Thrust: 0.00% (0/160)
  Chemical: 46.25% (74/160)
  Electric: 95.00% (152/160)
  Impulsive: 99.38% (159/160)
Epoch [35/100], Training Loss: 0.6548
Validation Loss: 0.7485, Validation Accuracy: 58.75%

Per-Class Validation Accuracy:
  No Thrust: 0.00% (0/160)
  Chemical: 38.75% (62/160)
  Electric: 96.25% (154/160)
  Impulsive: 100.00% (160/160)
Epoch [36/100], Training Loss: 0.6279
Validation Loss: 0.7441, Validation Accuracy: 58.44%

Per-Class Validation Accuracy:
  No Thrust: 87.50% (140/160)
  Chemical: 46.88% (75/160)
  Electric: 0.00% (0/160)
  Impulsive: 99.38% (159/160)
Epoch [37/100], Training Loss: 0.5941
Validation Loss: 0.6892, Validation Accuracy: 63.75%

Per-Class Validation Accuracy:
  No Thrust: 0.00% (0/160)
  Chemical: 60.62% (97/160)
  Electric: 94.38% (151/160)
  Impulsive: 100.00% (160/160)
Epoch [38/100], Training Loss: 0.6103
Validation Loss: 0.6294, Validation Accuracy: 71.25%

Per-Class Validation Accuracy:
  No Thrust: 60.62% (97/160)
  Chemical: 70.00% (112/160)
  Electric: 54.38% (87/160)
  Impulsive: 100.00% (160/160)
Epoch [39/100], Training Loss: 0.5848
Validation Loss: 0.6572, Validation Accuracy: 70.62%

Per-Class Validation Accuracy:
  No Thrust: 57.50% (92/160)
  Chemical: 65.00% (104/160)
  Electric: 60.62% (97/160)
  Impulsive: 99.38% (159/160)
Epoch [40/100], Training Loss: 0.6092
Validation Loss: 0.6457, Validation Accuracy: 71.25%

Per-Class Validation Accuracy:
  No Thrust: 79.38% (127/160)
  Chemical: 68.12% (109/160)
  Electric: 38.12% (61/160)
  Impulsive: 99.38% (159/160)
Epoch [41/100], Training Loss: 0.5619
Validation Loss: 0.6706, Validation Accuracy: 71.88%

Per-Class Validation Accuracy:
  No Thrust: 68.75% (110/160)
  Chemical: 64.38% (103/160)
  Electric: 55.62% (89/160)
  Impulsive: 98.75% (158/160)
Epoch [42/100], Training Loss: 0.5201
Validation Loss: 0.6748, Validation Accuracy: 63.91%

Per-Class Validation Accuracy:
  No Thrust: 6.88% (11/160)
  Chemical: 63.12% (101/160)
  Electric: 86.25% (138/160)
  Impulsive: 99.38% (159/160)
Epoch [43/100], Training Loss: 0.5356
Validation Loss: 0.6908, Validation Accuracy: 66.88%

Per-Class Validation Accuracy:
  No Thrust: 35.62% (57/160)
  Chemical: 56.88% (91/160)
  Electric: 75.62% (121/160)
  Impulsive: 99.38% (159/160)
Epoch [44/100], Training Loss: 0.5286
Validation Loss: 0.7166, Validation Accuracy: 62.34%

Per-Class Validation Accuracy:
  No Thrust: 92.50% (148/160)
  Chemical: 57.50% (92/160)
  Electric: 0.00% (0/160)
  Impulsive: 99.38% (159/160)
Epoch [45/100], Training Loss: 0.5104
Validation Loss: 0.6650, Validation Accuracy: 64.53%

Per-Class Validation Accuracy:
  No Thrust: 92.50% (148/160)
  Chemical: 66.88% (107/160)
  Electric: 0.00% (0/160)
  Impulsive: 98.75% (158/160)
Epoch [46/100], Training Loss: 0.5197
Validation Loss: 0.6708, Validation Accuracy: 72.34%

Per-Class Validation Accuracy:
  No Thrust: 69.38% (111/160)
  Chemical: 66.25% (106/160)
  Electric: 55.00% (88/160)
  Impulsive: 98.75% (158/160)
Epoch [47/100], Training Loss: 0.4803
Validation Loss: 0.6706, Validation Accuracy: 68.44%

Per-Class Validation Accuracy:
  No Thrust: 32.50% (52/160)
  Chemical: 66.25% (106/160)
  Electric: 76.25% (122/160)
  Impulsive: 98.75% (158/160)
Epoch [48/100], Training Loss: 0.5192
Validation Loss: 0.6803, Validation Accuracy: 71.72%

Per-Class Validation Accuracy:
  No Thrust: 75.62% (121/160)
  Chemical: 67.50% (108/160)
  Electric: 45.00% (72/160)
  Impulsive: 98.75% (158/160)
Early stopping triggered.

	Elapsed time is 14.2271 seconds.

==========================================================================================
Total parameters: 18004
Total memory (bytes): 144032
Total memory (MB): 0.137359619140625
==========================================================================================

LSTM Validation
Validation Loss: 0.6803, Validation Accuracy: 71.72%

Per-Class Validation Accuracy:
  No Thrust: 75.62% (121/160)
  Chemical: 67.50% (108/160)
  Electric: 45.00% (72/160)
  Impulsive: 98.75% (158/160)

Classification Report:
              precision    recall  f1-score   support

   No Thrust     0.5874    0.7562    0.6612       160
    Chemical     0.8640    0.6750    0.7579       160
    Electric     0.5070    0.4500    0.4768       160
   Impulsive     0.9461    0.9875    0.9664       160

    accuracy                         0.7172       640
   macro avg     0.7261    0.7172    0.7156       640
weighted avg     0.7261    0.7172    0.7156       640


Confusion Matrix (rows = true, cols = predicted):
             P_No Thrust  P_Chemical  P_Electric  P_Impulsive
T_No Thrust          121          11          28            0
T_Chemical             2         108          41            9
T_Electric            83           5          72            0
T_Impulsive            0           1           1          158

LSTM Inference Time	Elapsed time is 0.1343 seconds.

Entering Mamba Training Loop
Epoch [1/100], Training Loss: 1.3938
Validation Loss: 1.3896, Validation Accuracy: 24.22%

Per-Class Validation Accuracy:
  No Thrust: 42.50% (68/160)
  Chemical: 0.00% (0/160)
  Electric: 31.25% (50/160)
  Impulsive: 23.12% (37/160)
Epoch [2/100], Training Loss: 1.3876
Validation Loss: 1.3844, Validation Accuracy: 32.34%

Per-Class Validation Accuracy:
  No Thrust: 72.50% (116/160)
  Chemical: 0.00% (0/160)
  Electric: 0.00% (0/160)
  Impulsive: 56.88% (91/160)
Epoch [3/100], Training Loss: 1.3814
Validation Loss: 1.3749, Validation Accuracy: 31.88%

Per-Class Validation Accuracy:
  No Thrust: 60.00% (96/160)
  Chemical: 0.00% (0/160)
  Electric: 1.25% (2/160)
  Impulsive: 66.25% (106/160)
Epoch [4/100], Training Loss: 1.3605
Validation Loss: 1.3303, Validation Accuracy: 31.41%

Per-Class Validation Accuracy:
  No Thrust: 48.12% (77/160)
  Chemical: 31.88% (51/160)
  Electric: 2.50% (4/160)
  Impulsive: 43.12% (69/160)
Epoch [5/100], Training Loss: 1.3166
Validation Loss: 1.2930, Validation Accuracy: 33.28%

Per-Class Validation Accuracy:
  No Thrust: 43.75% (70/160)
  Chemical: 5.62% (9/160)
  Electric: 31.25% (50/160)
  Impulsive: 52.50% (84/160)
Epoch [6/100], Training Loss: 1.2782
Validation Loss: 1.2550, Validation Accuracy: 33.12%

Per-Class Validation Accuracy:
  No Thrust: 54.38% (87/160)
  Chemical: 26.25% (42/160)
  Electric: 20.62% (33/160)
  Impulsive: 31.25% (50/160)
Epoch [7/100], Training Loss: 1.2238
Validation Loss: 1.2015, Validation Accuracy: 38.91%

Per-Class Validation Accuracy:
  No Thrust: 32.50% (52/160)
  Chemical: 26.88% (43/160)
  Electric: 48.75% (78/160)
  Impulsive: 47.50% (76/160)
Epoch [8/100], Training Loss: 1.1383
Validation Loss: 1.1808, Validation Accuracy: 40.78%

Per-Class Validation Accuracy:
  No Thrust: 43.12% (69/160)
  Chemical: 41.88% (67/160)
  Electric: 30.00% (48/160)
  Impulsive: 48.12% (77/160)
Epoch [9/100], Training Loss: 1.1054
Validation Loss: 1.1653, Validation Accuracy: 45.94%

Per-Class Validation Accuracy:
  No Thrust: 48.75% (78/160)
  Chemical: 27.50% (44/160)
  Electric: 21.25% (34/160)
  Impulsive: 86.25% (138/160)
Epoch [10/100], Training Loss: 1.0818
Validation Loss: 1.1294, Validation Accuracy: 47.19%

Per-Class Validation Accuracy:
  No Thrust: 28.75% (46/160)
  Chemical: 44.38% (71/160)
  Electric: 51.25% (82/160)
  Impulsive: 64.38% (103/160)
Epoch [11/100], Training Loss: 1.0471
Validation Loss: 1.1122, Validation Accuracy: 48.44%

Per-Class Validation Accuracy:
  No Thrust: 38.75% (62/160)
  Chemical: 43.12% (69/160)
  Electric: 36.25% (58/160)
  Impulsive: 75.62% (121/160)
Epoch [12/100], Training Loss: 1.0288
Validation Loss: 1.0999, Validation Accuracy: 50.31%

Per-Class Validation Accuracy:
  No Thrust: 15.00% (24/160)
  Chemical: 27.50% (44/160)
  Electric: 61.25% (98/160)
  Impulsive: 97.50% (156/160)
Epoch [13/100], Training Loss: 0.9734
Validation Loss: 1.1090, Validation Accuracy: 52.34%

Per-Class Validation Accuracy:
  No Thrust: 25.00% (40/160)
  Chemical: 38.12% (61/160)
  Electric: 50.62% (81/160)
  Impulsive: 95.62% (153/160)
Epoch [14/100], Training Loss: 0.9809
Validation Loss: 1.0730, Validation Accuracy: 52.03%

Per-Class Validation Accuracy:
  No Thrust: 46.88% (75/160)
  Chemical: 26.88% (43/160)
  Electric: 34.38% (55/160)
  Impulsive: 100.00% (160/160)
Epoch [15/100], Training Loss: 0.9561
Validation Loss: 1.0889, Validation Accuracy: 54.38%

Per-Class Validation Accuracy:
  No Thrust: 18.75% (30/160)
  Chemical: 43.75% (70/160)
  Electric: 57.50% (92/160)
  Impulsive: 97.50% (156/160)
Epoch [16/100], Training Loss: 0.9299
Validation Loss: 1.0509, Validation Accuracy: 54.22%

Per-Class Validation Accuracy:
  No Thrust: 43.75% (70/160)
  Chemical: 41.88% (67/160)
  Electric: 33.75% (54/160)
  Impulsive: 97.50% (156/160)
Epoch [17/100], Training Loss: 0.9110
Validation Loss: 1.0081, Validation Accuracy: 58.91%

Per-Class Validation Accuracy:
  No Thrust: 43.75% (70/160)
  Chemical: 63.75% (102/160)
  Electric: 34.38% (55/160)
  Impulsive: 93.75% (150/160)
Epoch [18/100], Training Loss: 0.8924
Validation Loss: 1.0096, Validation Accuracy: 58.91%

Per-Class Validation Accuracy:
  No Thrust: 20.62% (33/160)
  Chemical: 62.50% (100/160)
  Electric: 57.50% (92/160)
  Impulsive: 95.00% (152/160)
Epoch [19/100], Training Loss: 0.8854
Validation Loss: 0.9849, Validation Accuracy: 52.19%

Per-Class Validation Accuracy:
  No Thrust: 40.62% (65/160)
  Chemical: 32.50% (52/160)
  Electric: 37.50% (60/160)
  Impulsive: 98.12% (157/160)
Epoch [20/100], Training Loss: 0.8551
Validation Loss: 0.9666, Validation Accuracy: 57.19%

Per-Class Validation Accuracy:
  No Thrust: 43.75% (70/160)
  Chemical: 54.38% (87/160)
  Electric: 32.50% (52/160)
  Impulsive: 98.12% (157/160)
Epoch [21/100], Training Loss: 0.8265
Validation Loss: 0.9513, Validation Accuracy: 54.53%

Per-Class Validation Accuracy:
  No Thrust: 31.88% (51/160)
  Chemical: 41.88% (67/160)
  Electric: 46.25% (74/160)
  Impulsive: 98.12% (157/160)
Epoch [22/100], Training Loss: 0.7877
Validation Loss: 0.9120, Validation Accuracy: 62.66%

Per-Class Validation Accuracy:
  No Thrust: 35.00% (56/160)
  Chemical: 76.88% (123/160)
  Electric: 41.25% (66/160)
  Impulsive: 97.50% (156/160)
Epoch [23/100], Training Loss: 0.7618
Validation Loss: 0.8874, Validation Accuracy: 62.50%

Per-Class Validation Accuracy:
  No Thrust: 20.00% (32/160)
  Chemical: 76.88% (123/160)
  Electric: 56.88% (91/160)
  Impulsive: 96.25% (154/160)
Epoch [24/100], Training Loss: 0.7458
Validation Loss: 0.8562, Validation Accuracy: 62.34%

Per-Class Validation Accuracy:
  No Thrust: 38.12% (61/160)
  Chemical: 73.75% (118/160)
  Electric: 40.00% (64/160)
  Impulsive: 97.50% (156/160)
Epoch [25/100], Training Loss: 0.7244
Validation Loss: 0.8406, Validation Accuracy: 65.62%

Per-Class Validation Accuracy:
  No Thrust: 35.00% (56/160)
  Chemical: 85.00% (136/160)
  Electric: 45.00% (72/160)
  Impulsive: 97.50% (156/160)
Epoch [26/100], Training Loss: 0.7090
Validation Loss: 0.7937, Validation Accuracy: 65.31%

Per-Class Validation Accuracy:
  No Thrust: 38.12% (61/160)
  Chemical: 81.25% (130/160)
  Electric: 43.75% (70/160)
  Impulsive: 98.12% (157/160)
Epoch [27/100], Training Loss: 0.6852
Validation Loss: 0.7701, Validation Accuracy: 65.94%

Per-Class Validation Accuracy:
  No Thrust: 50.62% (81/160)
  Chemical: 78.75% (126/160)
  Electric: 36.25% (58/160)
  Impulsive: 98.12% (157/160)
Epoch [28/100], Training Loss: 0.6861
Validation Loss: 0.7640, Validation Accuracy: 65.31%

Per-Class Validation Accuracy:
  No Thrust: 45.62% (73/160)
  Chemical: 81.25% (130/160)
  Electric: 36.25% (58/160)
  Impulsive: 98.12% (157/160)
Epoch [29/100], Training Loss: 0.6525
Validation Loss: 0.7772, Validation Accuracy: 64.69%

Per-Class Validation Accuracy:
  No Thrust: 31.25% (50/160)
  Chemical: 80.62% (129/160)
  Electric: 48.12% (77/160)
  Impulsive: 98.75% (158/160)
Epoch [30/100], Training Loss: 0.6098
Validation Loss: 0.7444, Validation Accuracy: 65.62%

Per-Class Validation Accuracy:
  No Thrust: 51.88% (83/160)
  Chemical: 78.12% (125/160)
  Electric: 34.38% (55/160)
  Impulsive: 98.12% (157/160)
Epoch [31/100], Training Loss: 0.6107
Validation Loss: 0.7395, Validation Accuracy: 65.47%

Per-Class Validation Accuracy:
  No Thrust: 37.50% (60/160)
  Chemical: 81.25% (130/160)
  Electric: 45.00% (72/160)
  Impulsive: 98.12% (157/160)
Epoch [32/100], Training Loss: 0.6063
Validation Loss: 0.7252, Validation Accuracy: 65.47%

Per-Class Validation Accuracy:
  No Thrust: 49.38% (79/160)
  Chemical: 81.25% (130/160)
  Electric: 32.50% (52/160)
  Impulsive: 98.75% (158/160)
Epoch [33/100], Training Loss: 0.5963
Validation Loss: 0.7074, Validation Accuracy: 66.41%

Per-Class Validation Accuracy:
  No Thrust: 33.12% (53/160)
  Chemical: 84.38% (135/160)
  Electric: 50.00% (80/160)
  Impulsive: 98.12% (157/160)
Epoch [34/100], Training Loss: 0.5690
Validation Loss: 0.7030, Validation Accuracy: 66.72%

Per-Class Validation Accuracy:
  No Thrust: 15.62% (25/160)
  Chemical: 81.88% (131/160)
  Electric: 70.62% (113/160)
  Impulsive: 98.75% (158/160)
Epoch [35/100], Training Loss: 0.5621
Validation Loss: 0.6908, Validation Accuracy: 67.34%

Per-Class Validation Accuracy:
  No Thrust: 63.75% (102/160)
  Chemical: 76.25% (122/160)
  Electric: 31.25% (50/160)
  Impulsive: 98.12% (157/160)
Epoch [36/100], Training Loss: 0.5651
Validation Loss: 0.6641, Validation Accuracy: 67.19%

Per-Class Validation Accuracy:
  No Thrust: 55.00% (88/160)
  Chemical: 80.00% (128/160)
  Electric: 35.00% (56/160)
  Impulsive: 98.75% (158/160)
Epoch [37/100], Training Loss: 0.5320
Validation Loss: 0.6966, Validation Accuracy: 67.19%

Per-Class Validation Accuracy:
  No Thrust: 48.75% (78/160)
  Chemical: 81.88% (131/160)
  Electric: 39.38% (63/160)
  Impulsive: 98.75% (158/160)
Epoch [38/100], Training Loss: 0.5346
Validation Loss: 0.7180, Validation Accuracy: 66.41%

Per-Class Validation Accuracy:
  No Thrust: 51.88% (83/160)
  Chemical: 86.25% (138/160)
  Electric: 28.75% (46/160)
  Impulsive: 98.75% (158/160)
Epoch [39/100], Training Loss: 0.5325
Validation Loss: 0.6746, Validation Accuracy: 66.09%

Per-Class Validation Accuracy:
  No Thrust: 35.62% (57/160)
  Chemical: 80.62% (129/160)
  Electric: 48.75% (78/160)
  Impulsive: 99.38% (159/160)
Epoch [40/100], Training Loss: 0.5162
Validation Loss: 0.6743, Validation Accuracy: 67.03%

Per-Class Validation Accuracy:
  No Thrust: 48.75% (78/160)
  Chemical: 80.00% (128/160)
  Electric: 40.00% (64/160)
  Impulsive: 99.38% (159/160)
Epoch [41/100], Training Loss: 0.5077
Validation Loss: 0.6921, Validation Accuracy: 68.28%

Per-Class Validation Accuracy:
  No Thrust: 47.50% (76/160)
  Chemical: 80.00% (128/160)
  Electric: 46.25% (74/160)
  Impulsive: 99.38% (159/160)
Epoch [42/100], Training Loss: 0.5089
Validation Loss: 0.6665, Validation Accuracy: 66.09%

Per-Class Validation Accuracy:
  No Thrust: 17.50% (28/160)
  Chemical: 81.88% (131/160)
  Electric: 65.62% (105/160)
  Impulsive: 99.38% (159/160)
Epoch [43/100], Training Loss: 0.4905
Validation Loss: 0.6684, Validation Accuracy: 66.88%

Per-Class Validation Accuracy:
  No Thrust: 38.75% (62/160)
  Chemical: 81.25% (130/160)
  Electric: 48.12% (77/160)
  Impulsive: 99.38% (159/160)
Epoch [44/100], Training Loss: 0.4805
Validation Loss: 0.6658, Validation Accuracy: 67.34%

Per-Class Validation Accuracy:
  No Thrust: 40.62% (65/160)
  Chemical: 82.50% (132/160)
  Electric: 46.88% (75/160)
  Impulsive: 99.38% (159/160)
Epoch [45/100], Training Loss: 0.4904
Validation Loss: 0.6644, Validation Accuracy: 67.81%

Per-Class Validation Accuracy:
  No Thrust: 46.88% (75/160)
  Chemical: 80.62% (129/160)
  Electric: 44.38% (71/160)
  Impulsive: 99.38% (159/160)
Epoch [46/100], Training Loss: 0.5094
Validation Loss: 0.6616, Validation Accuracy: 68.75%

Per-Class Validation Accuracy:
  No Thrust: 56.25% (90/160)
  Chemical: 82.50% (132/160)
  Electric: 36.88% (59/160)
  Impulsive: 99.38% (159/160)
Epoch [47/100], Training Loss: 0.4892
Validation Loss: 0.6606, Validation Accuracy: 68.59%

Per-Class Validation Accuracy:
  No Thrust: 47.50% (76/160)
  Chemical: 81.88% (131/160)
  Electric: 45.62% (73/160)
  Impulsive: 99.38% (159/160)
Epoch [48/100], Training Loss: 0.4885
Validation Loss: 0.6625, Validation Accuracy: 66.56%

Per-Class Validation Accuracy:
  No Thrust: 39.38% (63/160)
  Chemical: 80.00% (128/160)
  Electric: 47.50% (76/160)
  Impulsive: 99.38% (159/160)
Epoch [49/100], Training Loss: 0.4978
Validation Loss: 0.6506, Validation Accuracy: 68.12%

Per-Class Validation Accuracy:
  No Thrust: 48.12% (77/160)
  Chemical: 82.50% (132/160)
  Electric: 42.50% (68/160)
  Impulsive: 99.38% (159/160)
Epoch [50/100], Training Loss: 0.4824
Validation Loss: 0.6512, Validation Accuracy: 67.03%

Per-Class Validation Accuracy:
  No Thrust: 41.25% (66/160)
  Chemical: 81.25% (130/160)
  Electric: 46.25% (74/160)
  Impulsive: 99.38% (159/160)
Epoch [51/100], Training Loss: 0.4885
Validation Loss: 0.6513, Validation Accuracy: 68.91%

Per-Class Validation Accuracy:
  No Thrust: 55.62% (89/160)
  Chemical: 81.25% (130/160)
  Electric: 39.38% (63/160)
  Impulsive: 99.38% (159/160)
Epoch [52/100], Training Loss: 0.4727
Validation Loss: 0.6677, Validation Accuracy: 66.88%

Per-Class Validation Accuracy:
  No Thrust: 38.12% (61/160)
  Chemical: 81.88% (131/160)
  Electric: 48.12% (77/160)
  Impulsive: 99.38% (159/160)
Epoch [53/100], Training Loss: 0.4828
Validation Loss: 0.6669, Validation Accuracy: 68.44%

Per-Class Validation Accuracy:
  No Thrust: 51.25% (82/160)
  Chemical: 81.25% (130/160)
  Electric: 41.88% (67/160)
  Impulsive: 99.38% (159/160)
Epoch [54/100], Training Loss: 0.4706
Validation Loss: 0.6668, Validation Accuracy: 67.34%

Per-Class Validation Accuracy:
  No Thrust: 42.50% (68/160)
  Chemical: 80.62% (129/160)
  Electric: 46.88% (75/160)
  Impulsive: 99.38% (159/160)
Epoch [55/100], Training Loss: 0.4968
Validation Loss: 0.6551, Validation Accuracy: 67.50%

Per-Class Validation Accuracy:
  No Thrust: 47.50% (76/160)
  Chemical: 81.88% (131/160)
  Electric: 41.25% (66/160)
  Impulsive: 99.38% (159/160)
Epoch [56/100], Training Loss: 0.4650
Validation Loss: 0.6559, Validation Accuracy: 67.50%

Per-Class Validation Accuracy:
  No Thrust: 45.62% (73/160)
  Chemical: 81.25% (130/160)
  Electric: 43.75% (70/160)
  Impulsive: 99.38% (159/160)
Epoch [57/100], Training Loss: 0.4838
Validation Loss: 0.6565, Validation Accuracy: 67.03%

Per-Class Validation Accuracy:
  No Thrust: 43.75% (70/160)
  Chemical: 82.50% (132/160)
  Electric: 42.50% (68/160)
  Impulsive: 99.38% (159/160)
Epoch [58/100], Training Loss: 0.4735
Validation Loss: 0.6540, Validation Accuracy: 67.97%

Per-Class Validation Accuracy:
  No Thrust: 45.62% (73/160)
  Chemical: 82.50% (132/160)
  Electric: 44.38% (71/160)
  Impulsive: 99.38% (159/160)
Epoch [59/100], Training Loss: 0.4522
Validation Loss: 0.6638, Validation Accuracy: 67.34%

Per-Class Validation Accuracy:
  No Thrust: 43.12% (69/160)
  Chemical: 81.88% (131/160)
  Electric: 45.00% (72/160)
  Impulsive: 99.38% (159/160)
Early stopping triggered.

	Elapsed time is 22.4227 seconds.

==========================================================================================
Total parameters: 6106
Total memory (bytes): 48848
Total memory (MB): 0.0465850830078125
==========================================================================================

Mamba Validation
Validation Loss: 0.6638, Validation Accuracy: 67.34%

Per-Class Validation Accuracy:
  No Thrust: 43.12% (69/160)
  Chemical: 81.88% (131/160)
  Electric: 45.00% (72/160)
  Impulsive: 99.38% (159/160)

Classification Report:
              precision    recall  f1-score   support

   No Thrust     0.4570    0.4313    0.4437       160
    Chemical     0.7988    0.8187    0.8086       160
    Electric     0.4337    0.4500    0.4417       160
   Impulsive     1.0000    0.9938    0.9969       160

    accuracy                         0.6734       640
   macro avg     0.6724    0.6734    0.6727       640
weighted avg     0.6724    0.6734    0.6727       640


Confusion Matrix (rows = true, cols = predicted):
             P_No Thrust  P_Chemical  P_Electric  P_Impulsive
T_No Thrust           69          19          72            0
T_Chemical             7         131          22            0
T_Electric            74          14          72            0
T_Impulsive            1           0           0          159

Mamba Inference Time	Elapsed time is 0.1460 seconds.

Entering Transformer Training Loop
Epoch [1/100], Training Loss: 1.4309
Validation Loss: 1.3880, Validation Accuracy: 27.50%

Per-Class Validation Accuracy:
  No Thrust: 98.75% (158/160)
  Chemical: 0.00% (0/160)
  Electric: 0.00% (0/160)
  Impulsive: 11.25% (18/160)
Epoch [2/100], Training Loss: 1.3821
Validation Loss: 1.3386, Validation Accuracy: 33.75%

Per-Class Validation Accuracy:
  No Thrust: 0.00% (0/160)
  Chemical: 73.12% (117/160)
  Electric: 52.50% (84/160)
  Impulsive: 9.38% (15/160)
Epoch [3/100], Training Loss: 1.3160
Validation Loss: 1.2960, Validation Accuracy: 34.06%

Per-Class Validation Accuracy:
  No Thrust: 35.00% (56/160)
  Chemical: 40.00% (64/160)
  Electric: 10.62% (17/160)
  Impulsive: 50.62% (81/160)
Epoch [4/100], Training Loss: 1.2852
Validation Loss: 1.2567, Validation Accuracy: 40.16%

Per-Class Validation Accuracy:
  No Thrust: 0.00% (0/160)
  Chemical: 66.25% (106/160)
  Electric: 63.12% (101/160)
  Impulsive: 31.25% (50/160)
Epoch [5/100], Training Loss: 1.2309
Validation Loss: 1.1822, Validation Accuracy: 39.53%

Per-Class Validation Accuracy:
  No Thrust: 10.00% (16/160)
  Chemical: 25.00% (40/160)
  Electric: 60.62% (97/160)
  Impulsive: 62.50% (100/160)
Epoch [6/100], Training Loss: 1.1480
Validation Loss: 1.2055, Validation Accuracy: 42.03%

Per-Class Validation Accuracy:
  No Thrust: 42.50% (68/160)
  Chemical: 24.38% (39/160)
  Electric: 15.00% (24/160)
  Impulsive: 86.25% (138/160)
Epoch [7/100], Training Loss: 1.1357
Validation Loss: 1.1340, Validation Accuracy: 40.78%

Per-Class Validation Accuracy:
  No Thrust: 61.88% (99/160)
  Chemical: 16.25% (26/160)
  Electric: 22.50% (36/160)
  Impulsive: 62.50% (100/160)
Epoch [8/100], Training Loss: 1.0807
Validation Loss: 1.0823, Validation Accuracy: 46.25%

Per-Class Validation Accuracy:
  No Thrust: 26.88% (43/160)
  Chemical: 51.88% (83/160)
  Electric: 53.75% (86/160)
  Impulsive: 52.50% (84/160)
Epoch [9/100], Training Loss: 1.0419
Validation Loss: 1.0653, Validation Accuracy: 45.16%

Per-Class Validation Accuracy:
  No Thrust: 82.50% (132/160)
  Chemical: 47.50% (76/160)
  Electric: 0.62% (1/160)
  Impulsive: 50.00% (80/160)
Epoch [10/100], Training Loss: 1.0102
Validation Loss: 1.0554, Validation Accuracy: 46.88%

Per-Class Validation Accuracy:
  No Thrust: 50.00% (80/160)
  Chemical: 30.00% (48/160)
  Electric: 36.25% (58/160)
  Impulsive: 71.25% (114/160)
Epoch [11/100], Training Loss: 1.0016
Validation Loss: 1.0475, Validation Accuracy: 48.75%

Per-Class Validation Accuracy:
  No Thrust: 23.12% (37/160)
  Chemical: 52.50% (84/160)
  Electric: 74.38% (119/160)
  Impulsive: 45.00% (72/160)
Epoch [12/100], Training Loss: 0.9632
Validation Loss: 1.1104, Validation Accuracy: 44.38%

Per-Class Validation Accuracy:
  No Thrust: 33.12% (53/160)
  Chemical: 46.88% (75/160)
  Electric: 49.38% (79/160)
  Impulsive: 48.12% (77/160)
Epoch [13/100], Training Loss: 0.9596
Validation Loss: 1.1023, Validation Accuracy: 48.44%

Per-Class Validation Accuracy:
  No Thrust: 25.62% (41/160)
  Chemical: 52.50% (84/160)
  Electric: 43.75% (70/160)
  Impulsive: 71.88% (115/160)
Epoch [14/100], Training Loss: 0.9351
Validation Loss: 0.9759, Validation Accuracy: 50.94%

Per-Class Validation Accuracy:
  No Thrust: 45.00% (72/160)
  Chemical: 51.88% (83/160)
  Electric: 40.62% (65/160)
  Impulsive: 66.25% (106/160)
Epoch [15/100], Training Loss: 0.8717
Validation Loss: 0.9388, Validation Accuracy: 54.84%

Per-Class Validation Accuracy:
  No Thrust: 19.38% (31/160)
  Chemical: 47.50% (76/160)
  Electric: 64.38% (103/160)
  Impulsive: 88.12% (141/160)
Epoch [16/100], Training Loss: 0.8553
Validation Loss: 0.9781, Validation Accuracy: 55.00%

Per-Class Validation Accuracy:
  No Thrust: 46.25% (74/160)
  Chemical: 58.12% (93/160)
  Electric: 30.62% (49/160)
  Impulsive: 85.00% (136/160)
Epoch [17/100], Training Loss: 0.8042
Validation Loss: 1.0615, Validation Accuracy: 51.09%

Per-Class Validation Accuracy:
  No Thrust: 55.62% (89/160)
  Chemical: 46.88% (75/160)
  Electric: 31.88% (51/160)
  Impulsive: 70.00% (112/160)
Epoch [18/100], Training Loss: 0.8082
Validation Loss: 0.8977, Validation Accuracy: 56.25%

Per-Class Validation Accuracy:
  No Thrust: 70.62% (113/160)
  Chemical: 67.50% (108/160)
  Electric: 13.75% (22/160)
  Impulsive: 73.12% (117/160)
Epoch [19/100], Training Loss: 0.7724
Validation Loss: 0.8842, Validation Accuracy: 59.53%

Per-Class Validation Accuracy:
  No Thrust: 56.88% (91/160)
  Chemical: 63.75% (102/160)
  Electric: 28.12% (45/160)
  Impulsive: 89.38% (143/160)
Epoch [20/100], Training Loss: 0.7580
Validation Loss: 0.9725, Validation Accuracy: 56.25%

Per-Class Validation Accuracy:
  No Thrust: 79.38% (127/160)
  Chemical: 48.75% (78/160)
  Electric: 7.50% (12/160)
  Impulsive: 89.38% (143/160)
Epoch [21/100], Training Loss: 0.7533
Validation Loss: 0.9895, Validation Accuracy: 57.19%

Per-Class Validation Accuracy:
  No Thrust: 40.62% (65/160)
  Chemical: 51.88% (83/160)
  Electric: 38.12% (61/160)
  Impulsive: 98.12% (157/160)
Epoch [22/100], Training Loss: 0.7334
Validation Loss: 0.8033, Validation Accuracy: 61.25%

Per-Class Validation Accuracy:
  No Thrust: 11.88% (19/160)
  Chemical: 65.00% (104/160)
  Electric: 75.00% (120/160)
  Impulsive: 93.12% (149/160)
Epoch [23/100], Training Loss: 0.7270
Validation Loss: 0.8228, Validation Accuracy: 61.25%

Per-Class Validation Accuracy:
  No Thrust: 43.75% (70/160)
  Chemical: 68.75% (110/160)
  Electric: 42.50% (68/160)
  Impulsive: 90.00% (144/160)
Epoch [24/100], Training Loss: 0.6906
Validation Loss: 0.9029, Validation Accuracy: 58.28%

Per-Class Validation Accuracy:
  No Thrust: 57.50% (92/160)
  Chemical: 57.50% (92/160)
  Electric: 35.62% (57/160)
  Impulsive: 82.50% (132/160)
Epoch [25/100], Training Loss: 0.7044
Validation Loss: 0.8758, Validation Accuracy: 59.53%

Per-Class Validation Accuracy:
  No Thrust: 51.25% (82/160)
  Chemical: 57.50% (92/160)
  Electric: 43.75% (70/160)
  Impulsive: 85.62% (137/160)
Epoch [26/100], Training Loss: 0.6586
Validation Loss: 0.8854, Validation Accuracy: 58.91%

Per-Class Validation Accuracy:
  No Thrust: 48.12% (77/160)
  Chemical: 70.00% (112/160)
  Electric: 37.50% (60/160)
  Impulsive: 80.00% (128/160)
Epoch [27/100], Training Loss: 0.6656
Validation Loss: 0.8883, Validation Accuracy: 58.91%

Per-Class Validation Accuracy:
  No Thrust: 20.62% (33/160)
  Chemical: 70.00% (112/160)
  Electric: 58.75% (94/160)
  Impulsive: 86.25% (138/160)
Epoch [28/100], Training Loss: 0.6641
Validation Loss: 0.8546, Validation Accuracy: 60.31%

Per-Class Validation Accuracy:
  No Thrust: 40.62% (65/160)
  Chemical: 65.62% (105/160)
  Electric: 49.38% (79/160)
  Impulsive: 85.62% (137/160)
Epoch [29/100], Training Loss: 0.6307
Validation Loss: 0.8294, Validation Accuracy: 61.72%

Per-Class Validation Accuracy:
  No Thrust: 48.75% (78/160)
  Chemical: 66.25% (106/160)
  Electric: 42.50% (68/160)
  Impulsive: 89.38% (143/160)
Epoch [30/100], Training Loss: 0.5744
Validation Loss: 0.8392, Validation Accuracy: 60.78%

Per-Class Validation Accuracy:
  No Thrust: 44.38% (71/160)
  Chemical: 63.75% (102/160)
  Electric: 50.00% (80/160)
  Impulsive: 85.00% (136/160)
Epoch [31/100], Training Loss: 0.5777
Validation Loss: 0.8444, Validation Accuracy: 62.19%

Per-Class Validation Accuracy:
  No Thrust: 34.38% (55/160)
  Chemical: 69.38% (111/160)
  Electric: 61.25% (98/160)
  Impulsive: 83.75% (134/160)
Epoch [32/100], Training Loss: 0.5432
Validation Loss: 0.8133, Validation Accuracy: 62.66%

Per-Class Validation Accuracy:
  No Thrust: 44.38% (71/160)
  Chemical: 69.38% (111/160)
  Electric: 45.62% (73/160)
  Impulsive: 91.25% (146/160)
Early stopping triggered.

	Elapsed time is 14.9086 seconds.

==========================================================================================
Total parameters: 41940
Total memory (bytes): 335520
Total memory (MB): 0.319976806640625
==========================================================================================

Transformer Validation
Validation Loss: 0.8133, Validation Accuracy: 62.66%

Per-Class Validation Accuracy:
  No Thrust: 44.38% (71/160)
  Chemical: 69.38% (111/160)
  Electric: 45.62% (73/160)
  Impulsive: 91.25% (146/160)

Classification Report:
              precision    recall  f1-score   support

   No Thrust     0.4581    0.4437    0.4508       160
    Chemical     0.6937    0.6937    0.6937       160
    Electric     0.4451    0.4562    0.4506       160
   Impulsive     0.9068    0.9125    0.9097       160

    accuracy                         0.6266       640
   macro avg     0.6259    0.6266    0.6262       640
weighted avg     0.6259    0.6266    0.6262       640


Confusion Matrix (rows = true, cols = predicted):
             P_No Thrust  P_Chemical  P_Electric  P_Impulsive
T_No Thrust           71          22          64            3
T_Chemical            12         111          26           11
T_Electric            69          17          73            1
T_Impulsive            3          10           1          146

Transformer Inference Time	Elapsed time is 0.1498 seconds.

Entering MLP Training Loop
Validation Loss: 0.2988, Validation Accuracy: 26.25%

Per-Class Validation Accuracy:
  No Thrust: 0.62% (1/160)
  Chemical: 32.50% (52/160)
  Electric: 33.12% (53/160)
  Impulsive: 38.75% (62/160)
Epoch [1/100], Training Loss: 0.2819
Validation Loss: 0.2893, Validation Accuracy: 34.22%

Per-Class Validation Accuracy:
  No Thrust: 10.62% (17/160)
  Chemical: 36.25% (58/160)
  Electric: 40.00% (64/160)
  Impulsive: 50.00% (80/160)
Epoch [2/100], Training Loss: 0.1363
Validation Loss: 0.2818, Validation Accuracy: 38.75%

Per-Class Validation Accuracy:
  No Thrust: 13.75% (22/160)
  Chemical: 38.75% (62/160)
  Electric: 42.50% (68/160)
  Impulsive: 60.00% (96/160)
Epoch [3/100], Training Loss: 0.0891
Validation Loss: 0.2734, Validation Accuracy: 42.81%

Per-Class Validation Accuracy:
  No Thrust: 21.25% (34/160)
  Chemical: 36.88% (59/160)
  Electric: 44.38% (71/160)
  Impulsive: 68.75% (110/160)
Epoch [4/100], Training Loss: 0.0646
Validation Loss: 0.2687, Validation Accuracy: 43.12%

Per-Class Validation Accuracy:
  No Thrust: 23.12% (37/160)
  Chemical: 33.75% (54/160)
  Electric: 43.75% (70/160)
  Impulsive: 71.88% (115/160)
Epoch [5/100], Training Loss: 0.0509
Validation Loss: 0.2648, Validation Accuracy: 43.75%

Per-Class Validation Accuracy:
  No Thrust: 28.75% (46/160)
  Chemical: 31.88% (51/160)
  Electric: 41.25% (66/160)
  Impulsive: 73.12% (117/160)
Epoch [6/100], Training Loss: 0.0408
Validation Loss: 0.2613, Validation Accuracy: 45.16%

Per-Class Validation Accuracy:
  No Thrust: 33.12% (53/160)
  Chemical: 31.88% (51/160)
  Electric: 39.38% (63/160)
  Impulsive: 76.25% (122/160)
Epoch [7/100], Training Loss: 0.0353
Validation Loss: 0.2594, Validation Accuracy: 44.53%

Per-Class Validation Accuracy:
  No Thrust: 31.25% (50/160)
  Chemical: 31.88% (51/160)
  Electric: 38.12% (61/160)
  Impulsive: 76.88% (123/160)
Epoch [8/100], Training Loss: 0.0302
Validation Loss: 0.2566, Validation Accuracy: 44.53%

Per-Class Validation Accuracy:
  No Thrust: 33.75% (54/160)
  Chemical: 30.00% (48/160)
  Electric: 36.25% (58/160)
  Impulsive: 78.12% (125/160)
Epoch [9/100], Training Loss: 0.0258
Validation Loss: 0.2548, Validation Accuracy: 45.62%

Per-Class Validation Accuracy:
  No Thrust: 35.62% (57/160)
  Chemical: 28.12% (45/160)
  Electric: 40.00% (64/160)
  Impulsive: 78.75% (126/160)
Epoch [10/100], Training Loss: 0.0231
Validation Loss: 0.2537, Validation Accuracy: 45.47%

Per-Class Validation Accuracy:
  No Thrust: 34.38% (55/160)
  Chemical: 29.38% (47/160)
  Electric: 38.75% (62/160)
  Impulsive: 79.38% (127/160)
Epoch [11/100], Training Loss: 0.0216
Validation Loss: 0.2527, Validation Accuracy: 46.41%

Per-Class Validation Accuracy:
  No Thrust: 34.38% (55/160)
  Chemical: 28.75% (46/160)
  Electric: 42.50% (68/160)
  Impulsive: 80.00% (128/160)
Epoch [12/100], Training Loss: 0.0189
Validation Loss: 0.2507, Validation Accuracy: 46.09%

Per-Class Validation Accuracy:
  No Thrust: 35.62% (57/160)
  Chemical: 29.38% (47/160)
  Electric: 38.12% (61/160)
  Impulsive: 81.25% (130/160)
Epoch [13/100], Training Loss: 0.0170
Validation Loss: 0.2502, Validation Accuracy: 46.72%

Per-Class Validation Accuracy:
  No Thrust: 35.00% (56/160)
  Chemical: 30.62% (49/160)
  Electric: 38.75% (62/160)
  Impulsive: 82.50% (132/160)
Epoch [14/100], Training Loss: 0.0158
Validation Loss: 0.2481, Validation Accuracy: 47.34%

Per-Class Validation Accuracy:
  No Thrust: 36.88% (59/160)
  Chemical: 31.88% (51/160)
  Electric: 37.50% (60/160)
  Impulsive: 83.12% (133/160)
Epoch [15/100], Training Loss: 0.0147
Validation Loss: 0.2482, Validation Accuracy: 47.66%

Per-Class Validation Accuracy:
  No Thrust: 32.50% (52/160)
  Chemical: 34.38% (55/160)
  Electric: 40.62% (65/160)
  Impulsive: 83.12% (133/160)
Epoch [16/100], Training Loss: 0.0138
Validation Loss: 0.2469, Validation Accuracy: 48.44%

Per-Class Validation Accuracy:
  No Thrust: 33.75% (54/160)
  Chemical: 34.38% (55/160)
  Electric: 42.50% (68/160)
  Impulsive: 83.12% (133/160)
Epoch [17/100], Training Loss: 0.0127
Validation Loss: 0.2453, Validation Accuracy: 48.59%

Per-Class Validation Accuracy:
  No Thrust: 35.62% (57/160)
  Chemical: 33.12% (53/160)
  Electric: 42.50% (68/160)
  Impulsive: 83.12% (133/160)
Epoch [18/100], Training Loss: 0.0120
Validation Loss: 0.2438, Validation Accuracy: 48.91%

Per-Class Validation Accuracy:
  No Thrust: 36.25% (58/160)
  Chemical: 34.38% (55/160)
  Electric: 41.88% (67/160)
  Impulsive: 83.12% (133/160)
Epoch [19/100], Training Loss: 0.0112
Validation Loss: 0.2432, Validation Accuracy: 49.06%

Per-Class Validation Accuracy:
  No Thrust: 36.25% (58/160)
  Chemical: 35.00% (56/160)
  Electric: 41.25% (66/160)
  Impulsive: 83.75% (134/160)
Epoch [20/100], Training Loss: 0.0110
Validation Loss: 0.2423, Validation Accuracy: 49.84%

Per-Class Validation Accuracy:
  No Thrust: 35.62% (57/160)
  Chemical: 38.12% (61/160)
  Electric: 41.25% (66/160)
  Impulsive: 84.38% (135/160)
Epoch [21/100], Training Loss: 0.0094
Validation Loss: 0.2417, Validation Accuracy: 49.38%

Per-Class Validation Accuracy:
  No Thrust: 33.12% (53/160)
  Chemical: 38.75% (62/160)
  Electric: 40.62% (65/160)
  Impulsive: 85.00% (136/160)
Epoch [22/100], Training Loss: 0.0094
Validation Loss: 0.2398, Validation Accuracy: 49.69%

Per-Class Validation Accuracy:
  No Thrust: 35.00% (56/160)
  Chemical: 38.75% (62/160)
  Electric: 40.00% (64/160)
  Impulsive: 85.00% (136/160)
Epoch [23/100], Training Loss: 0.0092
Validation Loss: 0.2390, Validation Accuracy: 49.69%

Per-Class Validation Accuracy:
  No Thrust: 34.38% (55/160)
  Chemical: 37.50% (60/160)
  Electric: 41.88% (67/160)
  Impulsive: 85.00% (136/160)
Epoch [24/100], Training Loss: 0.0082
Validation Loss: 0.2382, Validation Accuracy: 49.84%

Per-Class Validation Accuracy:
  No Thrust: 35.62% (57/160)
  Chemical: 38.75% (62/160)
  Electric: 40.00% (64/160)
  Impulsive: 85.00% (136/160)
Epoch [25/100], Training Loss: 0.0083
Validation Loss: 0.2383, Validation Accuracy: 50.16%

Per-Class Validation Accuracy:
  No Thrust: 34.38% (55/160)
  Chemical: 40.00% (64/160)
  Electric: 41.25% (66/160)
  Impulsive: 85.00% (136/160)
Epoch [26/100], Training Loss: 0.0080
Validation Loss: 0.2375, Validation Accuracy: 49.69%

Per-Class Validation Accuracy:
  No Thrust: 35.00% (56/160)
  Chemical: 41.25% (66/160)
  Electric: 36.88% (59/160)
  Impulsive: 85.62% (137/160)
Epoch [27/100], Training Loss: 0.0076
Validation Loss: 0.2368, Validation Accuracy: 50.00%

Per-Class Validation Accuracy:
  No Thrust: 35.00% (56/160)
  Chemical: 41.25% (66/160)
  Electric: 38.12% (61/160)
  Impulsive: 85.62% (137/160)
Epoch [28/100], Training Loss: 0.0072
Validation Loss: 0.2365, Validation Accuracy: 50.00%

Per-Class Validation Accuracy:
  No Thrust: 34.38% (55/160)
  Chemical: 41.88% (67/160)
  Electric: 36.88% (59/160)
  Impulsive: 86.88% (139/160)
Epoch [29/100], Training Loss: 0.0069
Validation Loss: 0.2359, Validation Accuracy: 50.47%

Per-Class Validation Accuracy:
  No Thrust: 35.62% (57/160)
  Chemical: 43.12% (69/160)
  Electric: 36.25% (58/160)
  Impulsive: 86.88% (139/160)
Epoch [30/100], Training Loss: 0.0063
Validation Loss: 0.2352, Validation Accuracy: 50.47%

Per-Class Validation Accuracy:
  No Thrust: 36.25% (58/160)
  Chemical: 43.12% (69/160)
  Electric: 35.62% (57/160)
  Impulsive: 86.88% (139/160)
Epoch [31/100], Training Loss: 0.0061
Validation Loss: 0.2353, Validation Accuracy: 50.62%

Per-Class Validation Accuracy:
  No Thrust: 35.62% (57/160)
  Chemical: 43.12% (69/160)
  Electric: 36.88% (59/160)
  Impulsive: 86.88% (139/160)
Epoch [32/100], Training Loss: 0.0063
Validation Loss: 0.2343, Validation Accuracy: 51.09%

Per-Class Validation Accuracy:
  No Thrust: 35.62% (57/160)
  Chemical: 42.50% (68/160)
  Electric: 39.38% (63/160)
  Impulsive: 86.88% (139/160)
Epoch [33/100], Training Loss: 0.0058
Validation Loss: 0.2342, Validation Accuracy: 50.78%

Per-Class Validation Accuracy:
  No Thrust: 34.38% (55/160)
  Chemical: 42.50% (68/160)
  Electric: 39.38% (63/160)
  Impulsive: 86.88% (139/160)
Epoch [34/100], Training Loss: 0.0060
Validation Loss: 0.2348, Validation Accuracy: 50.78%

Per-Class Validation Accuracy:
  No Thrust: 33.12% (53/160)
  Chemical: 43.75% (70/160)
  Electric: 39.38% (63/160)
  Impulsive: 86.88% (139/160)
Epoch [35/100], Training Loss: 0.0056
Validation Loss: 0.2344, Validation Accuracy: 50.16%

Per-Class Validation Accuracy:
  No Thrust: 33.12% (53/160)
  Chemical: 45.00% (72/160)
  Electric: 35.62% (57/160)
  Impulsive: 86.88% (139/160)
Epoch [36/100], Training Loss: 0.0053
Validation Loss: 0.2342, Validation Accuracy: 50.47%

Per-Class Validation Accuracy:
  No Thrust: 33.12% (53/160)
  Chemical: 45.00% (72/160)
  Electric: 36.25% (58/160)
  Impulsive: 87.50% (140/160)
Epoch [37/100], Training Loss: 0.0051
Validation Loss: 0.2334, Validation Accuracy: 50.78%

Per-Class Validation Accuracy:
  No Thrust: 35.00% (56/160)
  Chemical: 45.00% (72/160)
  Electric: 35.62% (57/160)
  Impulsive: 87.50% (140/160)
Epoch [38/100], Training Loss: 0.0052
Validation Loss: 0.2344, Validation Accuracy: 51.56%

Per-Class Validation Accuracy:
  No Thrust: 33.12% (53/160)
  Chemical: 45.62% (73/160)
  Electric: 40.00% (64/160)
  Impulsive: 87.50% (140/160)
Epoch [39/100], Training Loss: 0.0048
Validation Loss: 0.2334, Validation Accuracy: 50.94%

Per-Class Validation Accuracy:
  No Thrust: 34.38% (55/160)
  Chemical: 46.25% (74/160)
  Electric: 35.62% (57/160)
  Impulsive: 87.50% (140/160)
Epoch [40/100], Training Loss: 0.0045
Validation Loss: 0.2336, Validation Accuracy: 50.94%

Per-Class Validation Accuracy:
  No Thrust: 33.75% (54/160)
  Chemical: 46.88% (75/160)
  Electric: 35.62% (57/160)
  Impulsive: 87.50% (140/160)
Epoch [41/100], Training Loss: 0.0047
Validation Loss: 0.2338, Validation Accuracy: 51.09%

Per-Class Validation Accuracy:
  No Thrust: 33.12% (53/160)
  Chemical: 46.88% (75/160)
  Electric: 36.25% (58/160)
  Impulsive: 88.12% (141/160)
Epoch [42/100], Training Loss: 0.0045
Validation Loss: 0.2330, Validation Accuracy: 51.56%

Per-Class Validation Accuracy:
  No Thrust: 33.75% (54/160)
  Chemical: 46.25% (74/160)
  Electric: 37.50% (60/160)
  Impulsive: 88.75% (142/160)
Epoch [43/100], Training Loss: 0.0046
Validation Loss: 0.2324, Validation Accuracy: 51.09%

Per-Class Validation Accuracy:
  No Thrust: 34.38% (55/160)
  Chemical: 46.25% (74/160)
  Electric: 35.00% (56/160)
  Impulsive: 88.75% (142/160)
Epoch [44/100], Training Loss: 0.0044
Validation Loss: 0.2325, Validation Accuracy: 51.41%

Per-Class Validation Accuracy:
  No Thrust: 33.75% (54/160)
  Chemical: 46.88% (75/160)
  Electric: 35.62% (57/160)
  Impulsive: 89.38% (143/160)
Epoch [45/100], Training Loss: 0.0041
Validation Loss: 0.2318, Validation Accuracy: 51.88%

Per-Class Validation Accuracy:
  No Thrust: 35.00% (56/160)
  Chemical: 46.25% (74/160)
  Electric: 36.88% (59/160)
  Impulsive: 89.38% (143/160)
Epoch [46/100], Training Loss: 0.0044
Validation Loss: 0.2314, Validation Accuracy: 51.56%

Per-Class Validation Accuracy:
  No Thrust: 35.00% (56/160)
  Chemical: 45.62% (73/160)
  Electric: 36.25% (58/160)
  Impulsive: 89.38% (143/160)
Epoch [47/100], Training Loss: 0.0042
Validation Loss: 0.2314, Validation Accuracy: 51.41%

Per-Class Validation Accuracy:
  No Thrust: 33.75% (54/160)
  Chemical: 46.25% (74/160)
  Electric: 36.25% (58/160)
  Impulsive: 89.38% (143/160)
Epoch [48/100], Training Loss: 0.0040
Validation Loss: 0.2312, Validation Accuracy: 51.09%

Per-Class Validation Accuracy:
  No Thrust: 33.75% (54/160)
  Chemical: 45.62% (73/160)
  Electric: 35.62% (57/160)
  Impulsive: 89.38% (143/160)
Epoch [49/100], Training Loss: 0.0037
Validation Loss: 0.2314, Validation Accuracy: 51.41%

Per-Class Validation Accuracy:
  No Thrust: 33.75% (54/160)
  Chemical: 46.25% (74/160)
  Electric: 36.25% (58/160)
  Impulsive: 89.38% (143/160)
Epoch [50/100], Training Loss: 0.0038
Validation Loss: 0.2317, Validation Accuracy: 51.72%

Per-Class Validation Accuracy:
  No Thrust: 33.75% (54/160)
  Chemical: 46.88% (75/160)
  Electric: 36.88% (59/160)
  Impulsive: 89.38% (143/160)
Epoch [51/100], Training Loss: 0.0038
Validation Loss: 0.2308, Validation Accuracy: 51.25%

Per-Class Validation Accuracy:
  No Thrust: 33.75% (54/160)
  Chemical: 45.62% (73/160)
  Electric: 36.25% (58/160)
  Impulsive: 89.38% (143/160)
Epoch [52/100], Training Loss: 0.0033
Validation Loss: 0.2305, Validation Accuracy: 51.25%

Per-Class Validation Accuracy:
  No Thrust: 33.75% (54/160)
  Chemical: 46.25% (74/160)
  Electric: 35.62% (57/160)
  Impulsive: 89.38% (143/160)
Epoch [53/100], Training Loss: 0.0036
Validation Loss: 0.2305, Validation Accuracy: 51.56%

Per-Class Validation Accuracy:
  No Thrust: 34.38% (55/160)
  Chemical: 46.88% (75/160)
  Electric: 35.62% (57/160)
  Impulsive: 89.38% (143/160)
Epoch [54/100], Training Loss: 0.0033
Validation Loss: 0.2304, Validation Accuracy: 51.09%

Per-Class Validation Accuracy:
  No Thrust: 34.38% (55/160)
  Chemical: 46.88% (75/160)
  Electric: 33.75% (54/160)
  Impulsive: 89.38% (143/160)
Epoch [55/100], Training Loss: 0.0035
Validation Loss: 0.2307, Validation Accuracy: 51.25%

Per-Class Validation Accuracy:
  No Thrust: 33.12% (53/160)
  Chemical: 47.50% (76/160)
  Electric: 35.00% (56/160)
  Impulsive: 89.38% (143/160)
Epoch [56/100], Training Loss: 0.0031
Validation Loss: 0.2306, Validation Accuracy: 51.56%

Per-Class Validation Accuracy:
  No Thrust: 33.12% (53/160)
  Chemical: 47.50% (76/160)
  Electric: 36.25% (58/160)
  Impulsive: 89.38% (143/160)
Epoch [57/100], Training Loss: 0.0035
Validation Loss: 0.2309, Validation Accuracy: 51.72%

Per-Class Validation Accuracy:
  No Thrust: 31.88% (51/160)
  Chemical: 45.62% (73/160)
  Electric: 40.00% (64/160)
  Impulsive: 89.38% (143/160)
Epoch [58/100], Training Loss: 0.0032
Validation Loss: 0.2302, Validation Accuracy: 51.72%

Per-Class Validation Accuracy:
  No Thrust: 33.12% (53/160)
  Chemical: 45.00% (72/160)
  Electric: 39.38% (63/160)
  Impulsive: 89.38% (143/160)
Epoch [59/100], Training Loss: 0.0032
Validation Loss: 0.2300, Validation Accuracy: 51.41%

Per-Class Validation Accuracy:
  No Thrust: 33.12% (53/160)
  Chemical: 45.62% (73/160)
  Electric: 37.50% (60/160)
  Impulsive: 89.38% (143/160)
Epoch [60/100], Training Loss: 0.0030
Validation Loss: 0.2301, Validation Accuracy: 51.56%

Per-Class Validation Accuracy:
  No Thrust: 33.12% (53/160)
  Chemical: 45.62% (73/160)
  Electric: 38.12% (61/160)
  Impulsive: 89.38% (143/160)
Epoch [61/100], Training Loss: 0.0031
Validation Loss: 0.2297, Validation Accuracy: 51.41%

Per-Class Validation Accuracy:
  No Thrust: 33.75% (54/160)
  Chemical: 46.25% (74/160)
  Electric: 36.25% (58/160)
  Impulsive: 89.38% (143/160)
Epoch [62/100], Training Loss: 0.0031
Validation Loss: 0.2294, Validation Accuracy: 51.56%

Per-Class Validation Accuracy:
  No Thrust: 35.62% (57/160)
  Chemical: 46.25% (74/160)
  Electric: 34.38% (55/160)
  Impulsive: 90.00% (144/160)
Epoch [63/100], Training Loss: 0.0029
Validation Loss: 0.2296, Validation Accuracy: 51.56%

Per-Class Validation Accuracy:
  No Thrust: 35.00% (56/160)
  Chemical: 45.62% (73/160)
  Electric: 35.62% (57/160)
  Impulsive: 90.00% (144/160)
Epoch [64/100], Training Loss: 0.0030
Validation Loss: 0.2295, Validation Accuracy: 51.72%

Per-Class Validation Accuracy:
  No Thrust: 34.38% (55/160)
  Chemical: 46.25% (74/160)
  Electric: 36.25% (58/160)
  Impulsive: 90.00% (144/160)
Epoch [65/100], Training Loss: 0.0029
Validation Loss: 0.2298, Validation Accuracy: 51.72%

Per-Class Validation Accuracy:
  No Thrust: 32.50% (52/160)
  Chemical: 46.25% (74/160)
  Electric: 38.12% (61/160)
  Impulsive: 90.00% (144/160)
Epoch [66/100], Training Loss: 0.0030
Validation Loss: 0.2298, Validation Accuracy: 52.03%

Per-Class Validation Accuracy:
  No Thrust: 33.12% (53/160)
  Chemical: 46.88% (75/160)
  Electric: 37.50% (60/160)
  Impulsive: 90.62% (145/160)
Epoch [67/100], Training Loss: 0.0028
Validation Loss: 0.2291, Validation Accuracy: 51.72%

Per-Class Validation Accuracy:
  No Thrust: 35.00% (56/160)
  Chemical: 45.62% (73/160)
  Electric: 35.62% (57/160)
  Impulsive: 90.62% (145/160)
Epoch [68/100], Training Loss: 0.0026
Validation Loss: 0.2290, Validation Accuracy: 51.56%

Per-Class Validation Accuracy:
  No Thrust: 34.38% (55/160)
  Chemical: 45.62% (73/160)
  Electric: 35.62% (57/160)
  Impulsive: 90.62% (145/160)
Epoch [69/100], Training Loss: 0.0027
Validation Loss: 0.2295, Validation Accuracy: 51.88%

Per-Class Validation Accuracy:
  No Thrust: 33.12% (53/160)
  Chemical: 46.88% (75/160)
  Electric: 36.88% (59/160)
  Impulsive: 90.62% (145/160)
Epoch [70/100], Training Loss: 0.0026
Validation Loss: 0.2292, Validation Accuracy: 51.56%

Per-Class Validation Accuracy:
  No Thrust: 33.12% (53/160)
  Chemical: 45.62% (73/160)
  Electric: 36.88% (59/160)
  Impulsive: 90.62% (145/160)
Epoch [71/100], Training Loss: 0.0027
Validation Loss: 0.2293, Validation Accuracy: 51.56%

Per-Class Validation Accuracy:
  No Thrust: 33.12% (53/160)
  Chemical: 45.62% (73/160)
  Electric: 36.88% (59/160)
  Impulsive: 90.62% (145/160)
Epoch [72/100], Training Loss: 0.0025
Validation Loss: 0.2293, Validation Accuracy: 51.72%

Per-Class Validation Accuracy:
  No Thrust: 33.12% (53/160)
  Chemical: 46.25% (74/160)
  Electric: 36.88% (59/160)
  Impulsive: 90.62% (145/160)
Epoch [73/100], Training Loss: 0.0028
Validation Loss: 0.2292, Validation Accuracy: 51.72%

Per-Class Validation Accuracy:
  No Thrust: 33.75% (54/160)
  Chemical: 46.25% (74/160)
  Electric: 36.25% (58/160)
  Impulsive: 90.62% (145/160)
Epoch [74/100], Training Loss: 0.0026
Validation Loss: 0.2289, Validation Accuracy: 51.72%

Per-Class Validation Accuracy:
  No Thrust: 34.38% (55/160)
  Chemical: 46.25% (74/160)
  Electric: 35.62% (57/160)
  Impulsive: 90.62% (145/160)
Epoch [75/100], Training Loss: 0.0025
Validation Loss: 0.2290, Validation Accuracy: 51.88%

Per-Class Validation Accuracy:
  No Thrust: 33.75% (54/160)
  Chemical: 46.25% (74/160)
  Electric: 36.88% (59/160)
  Impulsive: 90.62% (145/160)
Epoch [76/100], Training Loss: 0.0026
Validation Loss: 0.2292, Validation Accuracy: 51.72%

Per-Class Validation Accuracy:
  No Thrust: 33.12% (53/160)
  Chemical: 46.25% (74/160)
  Electric: 36.88% (59/160)
  Impulsive: 90.62% (145/160)
Epoch [77/100], Training Loss: 0.0024
Validation Loss: 0.2291, Validation Accuracy: 51.56%

Per-Class Validation Accuracy:
  No Thrust: 33.12% (53/160)
  Chemical: 45.62% (73/160)
  Electric: 36.88% (59/160)
  Impulsive: 90.62% (145/160)
Epoch [78/100], Training Loss: 0.0024
Validation Loss: 0.2289, Validation Accuracy: 51.88%

Per-Class Validation Accuracy:
  No Thrust: 33.75% (54/160)
  Chemical: 46.25% (74/160)
  Electric: 36.88% (59/160)
  Impulsive: 90.62% (145/160)
Epoch [79/100], Training Loss: 0.0021
Validation Loss: 0.2289, Validation Accuracy: 51.72%

Per-Class Validation Accuracy:
  No Thrust: 33.75% (54/160)
  Chemical: 45.62% (73/160)
  Electric: 36.88% (59/160)
  Impulsive: 90.62% (145/160)
Epoch [80/100], Training Loss: 0.0023
Validation Loss: 0.2289, Validation Accuracy: 51.88%

Per-Class Validation Accuracy:
  No Thrust: 33.75% (54/160)
  Chemical: 46.25% (74/160)
  Electric: 36.88% (59/160)
  Impulsive: 90.62% (145/160)
Epoch [81/100], Training Loss: 0.0022
Validation Loss: 0.2289, Validation Accuracy: 51.88%

Per-Class Validation Accuracy:
  No Thrust: 33.75% (54/160)
  Chemical: 46.25% (74/160)
  Electric: 36.88% (59/160)
  Impulsive: 90.62% (145/160)
Epoch [82/100], Training Loss: 0.0020
Validation Loss: 0.2290, Validation Accuracy: 51.72%

Per-Class Validation Accuracy:
  No Thrust: 33.12% (53/160)
  Chemical: 46.25% (74/160)
  Electric: 36.88% (59/160)
  Impulsive: 90.62% (145/160)
Epoch [83/100], Training Loss: 0.0023
Validation Loss: 0.2289, Validation Accuracy: 51.88%

Per-Class Validation Accuracy:
  No Thrust: 33.75% (54/160)
  Chemical: 46.25% (74/160)
  Electric: 36.88% (59/160)
  Impulsive: 90.62% (145/160)
Epoch [84/100], Training Loss: 0.0021
Validation Loss: 0.2289, Validation Accuracy: 51.88%

Per-Class Validation Accuracy:
  No Thrust: 33.75% (54/160)
  Chemical: 46.25% (74/160)
  Electric: 36.88% (59/160)
  Impulsive: 90.62% (145/160)
Epoch [85/100], Training Loss: 0.0023
Validation Loss: 0.2289, Validation Accuracy: 51.88%

Per-Class Validation Accuracy:
  No Thrust: 33.75% (54/160)
  Chemical: 46.25% (74/160)
  Electric: 36.88% (59/160)
  Impulsive: 90.62% (145/160)
Epoch [86/100], Training Loss: 0.0021
Validation Loss: 0.2289, Validation Accuracy: 51.88%

Per-Class Validation Accuracy:
  No Thrust: 33.75% (54/160)
  Chemical: 46.25% (74/160)
  Electric: 36.88% (59/160)
  Impulsive: 90.62% (145/160)
Epoch [87/100], Training Loss: 0.0020
Validation Loss: 0.2288, Validation Accuracy: 51.72%

Per-Class Validation Accuracy:
  No Thrust: 33.75% (54/160)
  Chemical: 46.25% (74/160)
  Electric: 36.25% (58/160)
  Impulsive: 90.62% (145/160)
Epoch [88/100], Training Loss: 0.0021
Validation Loss: 0.2288, Validation Accuracy: 51.88%

Per-Class Validation Accuracy:
  No Thrust: 33.75% (54/160)
  Chemical: 46.25% (74/160)
  Electric: 36.88% (59/160)
  Impulsive: 90.62% (145/160)
Epoch [89/100], Training Loss: 0.0021
Validation Loss: 0.2288, Validation Accuracy: 51.88%

Per-Class Validation Accuracy:
  No Thrust: 33.75% (54/160)
  Chemical: 46.25% (74/160)
  Electric: 36.88% (59/160)
  Impulsive: 90.62% (145/160)
Epoch [90/100], Training Loss: 0.0020
Validation Loss: 0.2289, Validation Accuracy: 51.88%

Per-Class Validation Accuracy:
  No Thrust: 33.75% (54/160)
  Chemical: 46.25% (74/160)
  Electric: 36.88% (59/160)
  Impulsive: 90.62% (145/160)
Epoch [91/100], Training Loss: 0.0020
Validation Loss: 0.2289, Validation Accuracy: 51.88%

Per-Class Validation Accuracy:
  No Thrust: 33.75% (54/160)
  Chemical: 46.25% (74/160)
  Electric: 36.88% (59/160)
  Impulsive: 90.62% (145/160)
Epoch [92/100], Training Loss: 0.0020
Validation Loss: 0.2289, Validation Accuracy: 51.88%

Per-Class Validation Accuracy:
  No Thrust: 33.75% (54/160)
  Chemical: 46.25% (74/160)
  Electric: 36.88% (59/160)
  Impulsive: 90.62% (145/160)
Epoch [93/100], Training Loss: 0.0020
Validation Loss: 0.2289, Validation Accuracy: 51.88%

Per-Class Validation Accuracy:
  No Thrust: 33.75% (54/160)
  Chemical: 46.25% (74/160)
  Electric: 36.88% (59/160)
  Impulsive: 90.62% (145/160)
Epoch [94/100], Training Loss: 0.0021
Validation Loss: 0.2288, Validation Accuracy: 51.88%

Per-Class Validation Accuracy:
  No Thrust: 33.75% (54/160)
  Chemical: 46.25% (74/160)
  Electric: 36.88% (59/160)
  Impulsive: 90.62% (145/160)
Epoch [95/100], Training Loss: 0.0020
Validation Loss: 0.2289, Validation Accuracy: 51.88%

Per-Class Validation Accuracy:
  No Thrust: 33.75% (54/160)
  Chemical: 46.25% (74/160)
  Electric: 36.88% (59/160)
  Impulsive: 90.62% (145/160)
Epoch [96/100], Training Loss: 0.0019
Validation Loss: 0.2288, Validation Accuracy: 51.88%

Per-Class Validation Accuracy:
  No Thrust: 33.75% (54/160)
  Chemical: 46.25% (74/160)
  Electric: 36.88% (59/160)
  Impulsive: 90.62% (145/160)
Epoch [97/100], Training Loss: 0.0019
Validation Loss: 0.2288, Validation Accuracy: 51.88%

Per-Class Validation Accuracy:
  No Thrust: 33.75% (54/160)
  Chemical: 46.25% (74/160)
  Electric: 36.88% (59/160)
  Impulsive: 90.62% (145/160)
Epoch [98/100], Training Loss: 0.0020
Validation Loss: 0.2288, Validation Accuracy: 51.88%

Per-Class Validation Accuracy:
  No Thrust: 33.75% (54/160)
  Chemical: 46.25% (74/160)
  Electric: 36.88% (59/160)
  Impulsive: 90.62% (145/160)
Epoch [99/100], Training Loss: 0.0018
Validation Loss: 0.2288, Validation Accuracy: 51.88%

Per-Class Validation Accuracy:
  No Thrust: 33.75% (54/160)
  Chemical: 46.25% (74/160)
  Electric: 36.88% (59/160)
  Impulsive: 90.62% (145/160)
Epoch [100/100], Training Loss: 0.0018

	Elapsed time is 6.6214 seconds.

==========================================================================================
Total parameters: 644
Total memory (bytes): 5152
Total memory (MB): 0.004913330078125
==========================================================================================

MLP Validation
Validation Loss: 0.2288, Validation Accuracy: 51.88%

Per-Class Validation Accuracy:
  No Thrust: 33.75% (54/160)
  Chemical: 46.25% (74/160)
  Electric: 36.88% (59/160)
  Impulsive: 90.62% (145/160)

MLP Inference Time	Elapsed time is 0.0573 seconds.

Classification Report:
              precision    recall  f1-score   support

           0     0.3293    0.3375    0.3333       160
           1     0.4000    0.4625    0.4290       160
           2     0.4041    0.3688    0.3856       160
           3     1.0000    0.9062    0.9508       160

    accuracy                         0.5188       640
   macro avg     0.5333    0.5188    0.5247       640
weighted avg     0.5333    0.5188    0.5247       640


Confusion Matrix (rows = true, cols = predicted):
             P_No Thrust  P_Chemical  P_Electric  P_Impulsive
T_No Thrust           54          53          53            0
T_Chemical            54          74          32            0
T_Electric            50          51          59            0
T_Impulsive            6           7           2          145
