Processing datasets for vleo with 100 minutes and 800 random systems.
GPU is available
Training data location: C:/Users/hu650776/GMAT-Thrust-Data/data/classification/vleo/100min-800
Test data location: C:/Users/hu650776/GMAT-Thrust-Data/data/classification/vleo/100min-800

Entering Decision Trees Training Loop

	Elapsed time is 0.7541 seconds.

==========================================================================================
Total parameters: NaN
Total memory (bytes): 461162
Total memory (MB): 0.43979835510253906
==========================================================================================

Decision Trees Validation
Validation Loss: 1.2873, Validation Accuracy: 37.29%

Per-Class Validation Accuracy:
  No Thrust: 37.50% (45/120)
  Chemical: 58.33% (70/120)
  Electric: 37.50% (45/120)
  Impulsive: 15.83% (19/120)

Classification Report:
              precision    recall  f1-score   support

   No Thrust     0.4206    0.3750    0.3965       120
    Chemical     0.4375    0.5833    0.5000       120
    Electric     0.3543    0.3750    0.3644       120
   Impulsive     0.2209    0.1583    0.1845       120

    accuracy                         0.3729       480
   macro avg     0.3583    0.3729    0.3613       480
weighted avg     0.3583    0.3729    0.3613       480


Confusion Matrix (rows = true, cols = predicted):
             P_No Thrust  P_Chemical  P_Electric  P_Impulsive
T_No Thrust           45          13          43           19
T_Chemical             6          70          15           29
T_Electric            43          13          45           19
T_Impulsive           13          64          24           19

Decision Trees Inference Time	Elapsed time is 0.0181 seconds.

Entering LSTM Training Loop
Epoch [1/100], Training Loss: 1.3895
Validation Loss: 1.3866, Validation Accuracy: 25.00%

Per-Class Validation Accuracy:
  No Thrust: 0.00% (0/120)
  Chemical: 60.00% (72/120)
  Electric: 0.00% (0/120)
  Impulsive: 40.00% (48/120)
Epoch [2/100], Training Loss: 1.3885
Validation Loss: 1.3876, Validation Accuracy: 25.00%

Per-Class Validation Accuracy:
  No Thrust: 0.00% (0/120)
  Chemical: 0.00% (0/120)
  Electric: 0.00% (0/120)
  Impulsive: 100.00% (120/120)
Epoch [3/100], Training Loss: 1.3883
Validation Loss: 1.3865, Validation Accuracy: 25.00%

Per-Class Validation Accuracy:
  No Thrust: 33.33% (40/120)
  Chemical: 0.00% (0/120)
  Electric: 53.33% (64/120)
  Impulsive: 13.33% (16/120)
Epoch [4/100], Training Loss: 1.3875
Validation Loss: 1.3869, Validation Accuracy: 18.33%

Per-Class Validation Accuracy:
  No Thrust: 60.00% (72/120)
  Chemical: 13.33% (16/120)
  Electric: 0.00% (0/120)
  Impulsive: 0.00% (0/120)
Epoch [5/100], Training Loss: 1.3883
Validation Loss: 1.3869, Validation Accuracy: 21.67%

Per-Class Validation Accuracy:
  No Thrust: 0.00% (0/120)
  Chemical: 0.00% (0/120)
  Electric: 86.67% (104/120)
  Impulsive: 0.00% (0/120)
Epoch [6/100], Training Loss: 1.3873
Validation Loss: 1.3873, Validation Accuracy: 25.00%

Per-Class Validation Accuracy:
  No Thrust: 100.00% (120/120)
  Chemical: 0.00% (0/120)
  Electric: 0.00% (0/120)
  Impulsive: 0.00% (0/120)
Epoch [7/100], Training Loss: 1.3872
Validation Loss: 1.3870, Validation Accuracy: 27.50%

Per-Class Validation Accuracy:
  No Thrust: 10.00% (12/120)
  Chemical: 66.67% (80/120)
  Electric: 0.00% (0/120)
  Impulsive: 33.33% (40/120)
Epoch [8/100], Training Loss: 1.3868
Validation Loss: 1.3866, Validation Accuracy: 26.25%

Per-Class Validation Accuracy:
  No Thrust: 46.67% (56/120)
  Chemical: 58.33% (70/120)
  Electric: 0.00% (0/120)
  Impulsive: 0.00% (0/120)
Epoch [9/100], Training Loss: 1.3871
Validation Loss: 1.3866, Validation Accuracy: 25.00%

Per-Class Validation Accuracy:
  No Thrust: 46.67% (56/120)
  Chemical: 53.33% (64/120)
  Electric: 0.00% (0/120)
  Impulsive: 0.00% (0/120)
Epoch [10/100], Training Loss: 1.3866
Validation Loss: 1.3866, Validation Accuracy: 25.00%

Per-Class Validation Accuracy:
  No Thrust: 60.00% (72/120)
  Chemical: 40.00% (48/120)
  Electric: 0.00% (0/120)
  Impulsive: 0.00% (0/120)
Epoch [11/100], Training Loss: 1.3870
Validation Loss: 1.3866, Validation Accuracy: 24.79%

Per-Class Validation Accuracy:
  No Thrust: 46.67% (56/120)
  Chemical: 39.17% (47/120)
  Electric: 13.33% (16/120)
  Impulsive: 0.00% (0/120)
Epoch [12/100], Training Loss: 1.3869
Validation Loss: 1.3866, Validation Accuracy: 21.67%

Per-Class Validation Accuracy:
  No Thrust: 60.00% (72/120)
  Chemical: 26.67% (32/120)
  Electric: 0.00% (0/120)
  Impulsive: 0.00% (0/120)
Epoch [13/100], Training Loss: 1.3867
Validation Loss: 1.3868, Validation Accuracy: 18.33%

Per-Class Validation Accuracy:
  No Thrust: 6.67% (8/120)
  Chemical: 66.67% (80/120)
  Electric: 0.00% (0/120)
  Impulsive: 0.00% (0/120)
Early stopping triggered.

	Elapsed time is 28.3463 seconds.

==========================================================================================
Total parameters: 18004
Total memory (bytes): 144032
Total memory (MB): 0.137359619140625
==========================================================================================

LSTM Validation
Validation Loss: 1.3868, Validation Accuracy: 18.33%

Per-Class Validation Accuracy:
  No Thrust: 6.67% (8/120)
  Chemical: 66.67% (80/120)
  Electric: 0.00% (0/120)
  Impulsive: 0.00% (0/120)

Classification Report:
              precision    recall  f1-score   support

   No Thrust     0.0833    0.0667    0.0741       120
    Chemical     0.2083    0.6667    0.3175       120
    Electric     0.0000    0.0000    0.0000       120
   Impulsive     0.0000    0.0000    0.0000       120

    accuracy                         0.1833       480
   macro avg     0.0729    0.1833    0.0979       480
weighted avg     0.0729    0.1833    0.0979       480


Confusion Matrix (rows = true, cols = predicted):
             P_No Thrust  P_Chemical  P_Electric  P_Impulsive
T_No Thrust            8         112           0            0
T_Chemical            40          80           0            0
T_Electric             8         112           0            0
T_Impulsive           40          80           0            0

LSTM Inference Time	Elapsed time is 0.2716 seconds.

Entering Mamba Training Loop
Epoch [1/100], Training Loss: 1.3888
Validation Loss: 1.3867, Validation Accuracy: 25.21%

Per-Class Validation Accuracy:
  No Thrust: 51.67% (62/120)
  Chemical: 27.50% (33/120)
  Electric: 5.00% (6/120)
  Impulsive: 16.67% (20/120)
Epoch [2/100], Training Loss: 1.3874
Validation Loss: 1.3865, Validation Accuracy: 24.38%

Per-Class Validation Accuracy:
  No Thrust: 42.50% (51/120)
  Chemical: 30.83% (37/120)
  Electric: 5.83% (7/120)
  Impulsive: 18.33% (22/120)
Epoch [3/100], Training Loss: 1.3872
Validation Loss: 1.3864, Validation Accuracy: 24.79%

Per-Class Validation Accuracy:
  No Thrust: 39.17% (47/120)
  Chemical: 31.67% (38/120)
  Electric: 5.83% (7/120)
  Impulsive: 22.50% (27/120)
Epoch [4/100], Training Loss: 1.3870
Validation Loss: 1.3863, Validation Accuracy: 24.58%

Per-Class Validation Accuracy:
  No Thrust: 35.00% (42/120)
  Chemical: 20.00% (24/120)
  Electric: 12.50% (15/120)
  Impulsive: 30.83% (37/120)
Epoch [5/100], Training Loss: 1.3871
Validation Loss: 1.3863, Validation Accuracy: 25.21%

Per-Class Validation Accuracy:
  No Thrust: 46.67% (56/120)
  Chemical: 21.67% (26/120)
  Electric: 7.50% (9/120)
  Impulsive: 25.00% (30/120)
Epoch [6/100], Training Loss: 1.3867
Validation Loss: 1.3863, Validation Accuracy: 24.58%

Per-Class Validation Accuracy:
  No Thrust: 41.67% (50/120)
  Chemical: 23.33% (28/120)
  Electric: 8.33% (10/120)
  Impulsive: 25.00% (30/120)
Epoch [7/100], Training Loss: 1.3868
Validation Loss: 1.3862, Validation Accuracy: 25.00%

Per-Class Validation Accuracy:
  No Thrust: 42.50% (51/120)
  Chemical: 28.33% (34/120)
  Electric: 6.67% (8/120)
  Impulsive: 22.50% (27/120)
Epoch [8/100], Training Loss: 1.3869
Validation Loss: 1.3862, Validation Accuracy: 25.21%

Per-Class Validation Accuracy:
  No Thrust: 33.33% (40/120)
  Chemical: 35.00% (42/120)
  Electric: 4.17% (5/120)
  Impulsive: 28.33% (34/120)
Epoch [9/100], Training Loss: 1.3868
Validation Loss: 1.3862, Validation Accuracy: 25.83%

Per-Class Validation Accuracy:
  No Thrust: 30.00% (36/120)
  Chemical: 47.50% (57/120)
  Electric: 5.00% (6/120)
  Impulsive: 20.83% (25/120)
Epoch [10/100], Training Loss: 1.3869
Validation Loss: 1.3862, Validation Accuracy: 25.62%

Per-Class Validation Accuracy:
  No Thrust: 41.67% (50/120)
  Chemical: 10.83% (13/120)
  Electric: 9.17% (11/120)
  Impulsive: 40.83% (49/120)
Epoch [11/100], Training Loss: 1.3864
Validation Loss: 1.3862, Validation Accuracy: 25.62%

Per-Class Validation Accuracy:
  No Thrust: 44.17% (53/120)
  Chemical: 15.00% (18/120)
  Electric: 8.33% (10/120)
  Impulsive: 35.00% (42/120)
Epoch [12/100], Training Loss: 1.3864
Validation Loss: 1.3862, Validation Accuracy: 25.00%

Per-Class Validation Accuracy:
  No Thrust: 39.17% (47/120)
  Chemical: 18.33% (22/120)
  Electric: 13.33% (16/120)
  Impulsive: 29.17% (35/120)
Epoch [13/100], Training Loss: 1.3867
Validation Loss: 1.3862, Validation Accuracy: 25.83%

Per-Class Validation Accuracy:
  No Thrust: 48.33% (58/120)
  Chemical: 14.17% (17/120)
  Electric: 10.00% (12/120)
  Impulsive: 30.83% (37/120)
Epoch [14/100], Training Loss: 1.3866
Validation Loss: 1.3862, Validation Accuracy: 25.21%

Per-Class Validation Accuracy:
  No Thrust: 38.33% (46/120)
  Chemical: 9.17% (11/120)
  Electric: 9.17% (11/120)
  Impulsive: 44.17% (53/120)
Epoch [15/100], Training Loss: 1.3865
Validation Loss: 1.3862, Validation Accuracy: 25.83%

Per-Class Validation Accuracy:
  No Thrust: 42.50% (51/120)
  Chemical: 15.83% (19/120)
  Electric: 12.50% (15/120)
  Impulsive: 32.50% (39/120)
Epoch [16/100], Training Loss: 1.3865
Validation Loss: 1.3862, Validation Accuracy: 25.42%

Per-Class Validation Accuracy:
  No Thrust: 38.33% (46/120)
  Chemical: 11.67% (14/120)
  Electric: 10.00% (12/120)
  Impulsive: 41.67% (50/120)
Epoch [17/100], Training Loss: 1.3865
Validation Loss: 1.3862, Validation Accuracy: 25.83%

Per-Class Validation Accuracy:
  No Thrust: 26.67% (32/120)
  Chemical: 28.33% (34/120)
  Electric: 13.33% (16/120)
  Impulsive: 35.00% (42/120)
Epoch [18/100], Training Loss: 1.3864
Validation Loss: 1.3862, Validation Accuracy: 25.42%

Per-Class Validation Accuracy:
  No Thrust: 31.67% (38/120)
  Chemical: 29.17% (35/120)
  Electric: 13.33% (16/120)
  Impulsive: 27.50% (33/120)
Epoch [19/100], Training Loss: 1.3863
Validation Loss: 1.3862, Validation Accuracy: 26.25%

Per-Class Validation Accuracy:
  No Thrust: 35.00% (42/120)
  Chemical: 24.17% (29/120)
  Electric: 14.17% (17/120)
  Impulsive: 31.67% (38/120)
Epoch [20/100], Training Loss: 1.3863
Validation Loss: 1.3861, Validation Accuracy: 26.46%

Per-Class Validation Accuracy:
  No Thrust: 38.33% (46/120)
  Chemical: 21.67% (26/120)
  Electric: 13.33% (16/120)
  Impulsive: 32.50% (39/120)
Epoch [21/100], Training Loss: 1.3863
Validation Loss: 1.3861, Validation Accuracy: 26.04%

Per-Class Validation Accuracy:
  No Thrust: 39.17% (47/120)
  Chemical: 16.67% (20/120)
  Electric: 12.50% (15/120)
  Impulsive: 35.83% (43/120)
Epoch [22/100], Training Loss: 1.3863
Validation Loss: 1.3861, Validation Accuracy: 25.62%

Per-Class Validation Accuracy:
  No Thrust: 31.67% (38/120)
  Chemical: 22.50% (27/120)
  Electric: 17.50% (21/120)
  Impulsive: 30.83% (37/120)
Epoch [23/100], Training Loss: 1.3863
Validation Loss: 1.3861, Validation Accuracy: 25.42%

Per-Class Validation Accuracy:
  No Thrust: 35.00% (42/120)
  Chemical: 19.17% (23/120)
  Electric: 14.17% (17/120)
  Impulsive: 33.33% (40/120)
Epoch [24/100], Training Loss: 1.3863
Validation Loss: 1.3861, Validation Accuracy: 25.62%

Per-Class Validation Accuracy:
  No Thrust: 35.83% (43/120)
  Chemical: 19.17% (23/120)
  Electric: 14.17% (17/120)
  Impulsive: 33.33% (40/120)
Epoch [25/100], Training Loss: 1.3862
Validation Loss: 1.3861, Validation Accuracy: 25.83%

Per-Class Validation Accuracy:
  No Thrust: 39.17% (47/120)
  Chemical: 20.00% (24/120)
  Electric: 13.33% (16/120)
  Impulsive: 30.83% (37/120)
Epoch [26/100], Training Loss: 1.3862
Validation Loss: 1.3861, Validation Accuracy: 25.42%

Per-Class Validation Accuracy:
  No Thrust: 36.67% (44/120)
  Chemical: 20.83% (25/120)
  Electric: 15.00% (18/120)
  Impulsive: 29.17% (35/120)
Epoch [27/100], Training Loss: 1.3862
Validation Loss: 1.3861, Validation Accuracy: 25.83%

Per-Class Validation Accuracy:
  No Thrust: 37.50% (45/120)
  Chemical: 18.33% (22/120)
  Electric: 14.17% (17/120)
  Impulsive: 33.33% (40/120)
Epoch [28/100], Training Loss: 1.3862
Validation Loss: 1.3861, Validation Accuracy: 25.62%

Per-Class Validation Accuracy:
  No Thrust: 35.00% (42/120)
  Chemical: 18.33% (22/120)
  Electric: 16.67% (20/120)
  Impulsive: 32.50% (39/120)
Epoch [29/100], Training Loss: 1.3862
Validation Loss: 1.3861, Validation Accuracy: 25.21%

Per-Class Validation Accuracy:
  No Thrust: 35.00% (42/120)
  Chemical: 19.17% (23/120)
  Electric: 15.83% (19/120)
  Impulsive: 30.83% (37/120)
Epoch [30/100], Training Loss: 1.3860
Validation Loss: 1.3861, Validation Accuracy: 25.21%

Per-Class Validation Accuracy:
  No Thrust: 35.00% (42/120)
  Chemical: 19.17% (23/120)
  Electric: 15.83% (19/120)
  Impulsive: 30.83% (37/120)
Epoch [31/100], Training Loss: 1.3864
Validation Loss: 1.3861, Validation Accuracy: 25.21%

Per-Class Validation Accuracy:
  No Thrust: 35.00% (42/120)
  Chemical: 19.17% (23/120)
  Electric: 15.83% (19/120)
  Impulsive: 30.83% (37/120)
Epoch [32/100], Training Loss: 1.3861
Validation Loss: 1.3861, Validation Accuracy: 25.21%

Per-Class Validation Accuracy:
  No Thrust: 35.83% (43/120)
  Chemical: 18.33% (22/120)
  Electric: 15.83% (19/120)
  Impulsive: 30.83% (37/120)
Epoch [33/100], Training Loss: 1.3861
Validation Loss: 1.3861, Validation Accuracy: 25.21%

Per-Class Validation Accuracy:
  No Thrust: 35.00% (42/120)
  Chemical: 19.17% (23/120)
  Electric: 16.67% (20/120)
  Impulsive: 30.00% (36/120)
Epoch [34/100], Training Loss: 1.3861
Validation Loss: 1.3861, Validation Accuracy: 25.21%

Per-Class Validation Accuracy:
  No Thrust: 34.17% (41/120)
  Chemical: 20.00% (24/120)
  Electric: 16.67% (20/120)
  Impulsive: 30.00% (36/120)
Epoch [35/100], Training Loss: 1.3862
Validation Loss: 1.3861, Validation Accuracy: 25.42%

Per-Class Validation Accuracy:
  No Thrust: 33.33% (40/120)
  Chemical: 20.00% (24/120)
  Electric: 16.67% (20/120)
  Impulsive: 31.67% (38/120)
Epoch [36/100], Training Loss: 1.3861
Validation Loss: 1.3861, Validation Accuracy: 25.42%

Per-Class Validation Accuracy:
  No Thrust: 34.17% (41/120)
  Chemical: 19.17% (23/120)
  Electric: 16.67% (20/120)
  Impulsive: 31.67% (38/120)
Epoch [37/100], Training Loss: 1.3861
Validation Loss: 1.3861, Validation Accuracy: 25.42%

Per-Class Validation Accuracy:
  No Thrust: 34.17% (41/120)
  Chemical: 19.17% (23/120)
  Electric: 16.67% (20/120)
  Impulsive: 31.67% (38/120)
Epoch [38/100], Training Loss: 1.3862
Validation Loss: 1.3861, Validation Accuracy: 25.21%

Per-Class Validation Accuracy:
  No Thrust: 33.33% (40/120)
  Chemical: 19.17% (23/120)
  Electric: 16.67% (20/120)
  Impulsive: 31.67% (38/120)
Epoch [39/100], Training Loss: 1.3862
Validation Loss: 1.3861, Validation Accuracy: 25.21%

Per-Class Validation Accuracy:
  No Thrust: 33.33% (40/120)
  Chemical: 19.17% (23/120)
  Electric: 16.67% (20/120)
  Impulsive: 31.67% (38/120)
Epoch [40/100], Training Loss: 1.3862
Validation Loss: 1.3861, Validation Accuracy: 25.62%

Per-Class Validation Accuracy:
  No Thrust: 34.17% (41/120)
  Chemical: 20.00% (24/120)
  Electric: 16.67% (20/120)
  Impulsive: 31.67% (38/120)
Epoch [41/100], Training Loss: 1.3861
Validation Loss: 1.3861, Validation Accuracy: 25.42%

Per-Class Validation Accuracy:
  No Thrust: 33.33% (40/120)
  Chemical: 20.00% (24/120)
  Electric: 16.67% (20/120)
  Impulsive: 31.67% (38/120)
Epoch [42/100], Training Loss: 1.3862
Validation Loss: 1.3861, Validation Accuracy: 25.42%

Per-Class Validation Accuracy:
  No Thrust: 33.33% (40/120)
  Chemical: 20.00% (24/120)
  Electric: 16.67% (20/120)
  Impulsive: 31.67% (38/120)
Epoch [43/100], Training Loss: 1.3862
Validation Loss: 1.3861, Validation Accuracy: 25.42%

Per-Class Validation Accuracy:
  No Thrust: 33.33% (40/120)
  Chemical: 20.00% (24/120)
  Electric: 16.67% (20/120)
  Impulsive: 31.67% (38/120)
Epoch [44/100], Training Loss: 1.3862
Validation Loss: 1.3861, Validation Accuracy: 25.42%

Per-Class Validation Accuracy:
  No Thrust: 33.33% (40/120)
  Chemical: 20.00% (24/120)
  Electric: 16.67% (20/120)
  Impulsive: 31.67% (38/120)
Epoch [45/100], Training Loss: 1.3862
Validation Loss: 1.3861, Validation Accuracy: 25.62%

Per-Class Validation Accuracy:
  No Thrust: 33.33% (40/120)
  Chemical: 20.00% (24/120)
  Electric: 16.67% (20/120)
  Impulsive: 32.50% (39/120)
Epoch [46/100], Training Loss: 1.3862
Validation Loss: 1.3861, Validation Accuracy: 25.62%

Per-Class Validation Accuracy:
  No Thrust: 33.33% (40/120)
  Chemical: 20.83% (25/120)
  Electric: 16.67% (20/120)
  Impulsive: 31.67% (38/120)
Epoch [47/100], Training Loss: 1.3862
Validation Loss: 1.3861, Validation Accuracy: 25.62%

Per-Class Validation Accuracy:
  No Thrust: 33.33% (40/120)
  Chemical: 20.00% (24/120)
  Electric: 16.67% (20/120)
  Impulsive: 32.50% (39/120)
Epoch [48/100], Training Loss: 1.3860
Validation Loss: 1.3861, Validation Accuracy: 25.62%

Per-Class Validation Accuracy:
  No Thrust: 33.33% (40/120)
  Chemical: 20.83% (25/120)
  Electric: 16.67% (20/120)
  Impulsive: 31.67% (38/120)
Epoch [49/100], Training Loss: 1.3862
Validation Loss: 1.3861, Validation Accuracy: 25.62%

Per-Class Validation Accuracy:
  No Thrust: 33.33% (40/120)
  Chemical: 20.83% (25/120)
  Electric: 16.67% (20/120)
  Impulsive: 31.67% (38/120)
Epoch [50/100], Training Loss: 1.3861
Validation Loss: 1.3861, Validation Accuracy: 25.83%

Per-Class Validation Accuracy:
  No Thrust: 33.33% (40/120)
  Chemical: 20.83% (25/120)
  Electric: 16.67% (20/120)
  Impulsive: 32.50% (39/120)
Epoch [51/100], Training Loss: 1.3861
Validation Loss: 1.3861, Validation Accuracy: 25.62%

Per-Class Validation Accuracy:
  No Thrust: 33.33% (40/120)
  Chemical: 20.83% (25/120)
  Electric: 16.67% (20/120)
  Impulsive: 31.67% (38/120)
Epoch [52/100], Training Loss: 1.3861
Validation Loss: 1.3861, Validation Accuracy: 25.83%

Per-Class Validation Accuracy:
  No Thrust: 33.33% (40/120)
  Chemical: 20.83% (25/120)
  Electric: 16.67% (20/120)
  Impulsive: 32.50% (39/120)
Epoch [53/100], Training Loss: 1.3863
Validation Loss: 1.3861, Validation Accuracy: 25.83%

Per-Class Validation Accuracy:
  No Thrust: 33.33% (40/120)
  Chemical: 20.83% (25/120)
  Electric: 16.67% (20/120)
  Impulsive: 32.50% (39/120)
Epoch [54/100], Training Loss: 1.3861
Validation Loss: 1.3861, Validation Accuracy: 25.83%

Per-Class Validation Accuracy:
  No Thrust: 33.33% (40/120)
  Chemical: 20.83% (25/120)
  Electric: 16.67% (20/120)
  Impulsive: 32.50% (39/120)
Epoch [55/100], Training Loss: 1.3862
Validation Loss: 1.3861, Validation Accuracy: 25.62%

Per-Class Validation Accuracy:
  No Thrust: 33.33% (40/120)
  Chemical: 20.83% (25/120)
  Electric: 16.67% (20/120)
  Impulsive: 31.67% (38/120)
Epoch [56/100], Training Loss: 1.3861
Validation Loss: 1.3861, Validation Accuracy: 25.83%

Per-Class Validation Accuracy:
  No Thrust: 33.33% (40/120)
  Chemical: 20.83% (25/120)
  Electric: 16.67% (20/120)
  Impulsive: 32.50% (39/120)
Epoch [57/100], Training Loss: 1.3862
Validation Loss: 1.3861, Validation Accuracy: 25.62%

Per-Class Validation Accuracy:
  No Thrust: 33.33% (40/120)
  Chemical: 20.83% (25/120)
  Electric: 16.67% (20/120)
  Impulsive: 31.67% (38/120)
Epoch [58/100], Training Loss: 1.3861
Validation Loss: 1.3861, Validation Accuracy: 25.62%

Per-Class Validation Accuracy:
  No Thrust: 33.33% (40/120)
  Chemical: 20.83% (25/120)
  Electric: 16.67% (20/120)
  Impulsive: 31.67% (38/120)
Epoch [59/100], Training Loss: 1.3861
Validation Loss: 1.3861, Validation Accuracy: 25.62%

Per-Class Validation Accuracy:
  No Thrust: 33.33% (40/120)
  Chemical: 20.83% (25/120)
  Electric: 16.67% (20/120)
  Impulsive: 31.67% (38/120)
Epoch [60/100], Training Loss: 1.3861
Validation Loss: 1.3861, Validation Accuracy: 25.62%

Per-Class Validation Accuracy:
  No Thrust: 33.33% (40/120)
  Chemical: 20.83% (25/120)
  Electric: 16.67% (20/120)
  Impulsive: 31.67% (38/120)
Epoch [61/100], Training Loss: 1.3862
Validation Loss: 1.3861, Validation Accuracy: 25.62%

Per-Class Validation Accuracy:
  No Thrust: 33.33% (40/120)
  Chemical: 20.83% (25/120)
  Electric: 16.67% (20/120)
  Impulsive: 31.67% (38/120)
Epoch [62/100], Training Loss: 1.3861
Validation Loss: 1.3861, Validation Accuracy: 25.62%

Per-Class Validation Accuracy:
  No Thrust: 33.33% (40/120)
  Chemical: 20.83% (25/120)
  Electric: 16.67% (20/120)
  Impulsive: 31.67% (38/120)
Epoch [63/100], Training Loss: 1.3863
Validation Loss: 1.3861, Validation Accuracy: 25.62%

Per-Class Validation Accuracy:
  No Thrust: 33.33% (40/120)
  Chemical: 20.83% (25/120)
  Electric: 16.67% (20/120)
  Impulsive: 31.67% (38/120)
Epoch [64/100], Training Loss: 1.3861
Validation Loss: 1.3861, Validation Accuracy: 25.62%

Per-Class Validation Accuracy:
  No Thrust: 33.33% (40/120)
  Chemical: 20.83% (25/120)
  Electric: 16.67% (20/120)
  Impulsive: 31.67% (38/120)
Epoch [65/100], Training Loss: 1.3861
Validation Loss: 1.3861, Validation Accuracy: 25.62%

Per-Class Validation Accuracy:
  No Thrust: 33.33% (40/120)
  Chemical: 20.83% (25/120)
  Electric: 16.67% (20/120)
  Impulsive: 31.67% (38/120)
Epoch [66/100], Training Loss: 1.3861
Validation Loss: 1.3861, Validation Accuracy: 25.62%

Per-Class Validation Accuracy:
  No Thrust: 33.33% (40/120)
  Chemical: 20.83% (25/120)
  Electric: 16.67% (20/120)
  Impulsive: 31.67% (38/120)
Epoch [67/100], Training Loss: 1.3861
Validation Loss: 1.3861, Validation Accuracy: 25.62%

Per-Class Validation Accuracy:
  No Thrust: 33.33% (40/120)
  Chemical: 20.83% (25/120)
  Electric: 16.67% (20/120)
  Impulsive: 31.67% (38/120)
Epoch [68/100], Training Loss: 1.3862
Validation Loss: 1.3861, Validation Accuracy: 25.62%

Per-Class Validation Accuracy:
  No Thrust: 33.33% (40/120)
  Chemical: 20.83% (25/120)
  Electric: 16.67% (20/120)
  Impulsive: 31.67% (38/120)
Epoch [69/100], Training Loss: 1.3861
Validation Loss: 1.3861, Validation Accuracy: 25.62%

Per-Class Validation Accuracy:
  No Thrust: 33.33% (40/120)
  Chemical: 20.83% (25/120)
  Electric: 16.67% (20/120)
  Impulsive: 31.67% (38/120)
Epoch [70/100], Training Loss: 1.3862
Validation Loss: 1.3861, Validation Accuracy: 25.62%

Per-Class Validation Accuracy:
  No Thrust: 33.33% (40/120)
  Chemical: 20.83% (25/120)
  Electric: 16.67% (20/120)
  Impulsive: 31.67% (38/120)
Epoch [71/100], Training Loss: 1.3862
Validation Loss: 1.3861, Validation Accuracy: 25.62%

Per-Class Validation Accuracy:
  No Thrust: 33.33% (40/120)
  Chemical: 20.83% (25/120)
  Electric: 16.67% (20/120)
  Impulsive: 31.67% (38/120)
Epoch [72/100], Training Loss: 1.3861
Validation Loss: 1.3861, Validation Accuracy: 25.62%

Per-Class Validation Accuracy:
  No Thrust: 33.33% (40/120)
  Chemical: 20.83% (25/120)
  Electric: 16.67% (20/120)
  Impulsive: 31.67% (38/120)
Epoch [73/100], Training Loss: 1.3859
Validation Loss: 1.3861, Validation Accuracy: 25.62%

Per-Class Validation Accuracy:
  No Thrust: 33.33% (40/120)
  Chemical: 20.83% (25/120)
  Electric: 16.67% (20/120)
  Impulsive: 31.67% (38/120)
Epoch [74/100], Training Loss: 1.3862
Validation Loss: 1.3861, Validation Accuracy: 25.62%

Per-Class Validation Accuracy:
  No Thrust: 33.33% (40/120)
  Chemical: 20.83% (25/120)
  Electric: 16.67% (20/120)
  Impulsive: 31.67% (38/120)
Epoch [75/100], Training Loss: 1.3862
Validation Loss: 1.3861, Validation Accuracy: 25.62%

Per-Class Validation Accuracy:
  No Thrust: 33.33% (40/120)
  Chemical: 20.83% (25/120)
  Electric: 16.67% (20/120)
  Impulsive: 31.67% (38/120)
Epoch [76/100], Training Loss: 1.3861
Validation Loss: 1.3861, Validation Accuracy: 25.62%

Per-Class Validation Accuracy:
  No Thrust: 33.33% (40/120)
  Chemical: 20.83% (25/120)
  Electric: 16.67% (20/120)
  Impulsive: 31.67% (38/120)
Epoch [77/100], Training Loss: 1.3860
Validation Loss: 1.3861, Validation Accuracy: 25.62%

Per-Class Validation Accuracy:
  No Thrust: 33.33% (40/120)
  Chemical: 20.83% (25/120)
  Electric: 16.67% (20/120)
  Impulsive: 31.67% (38/120)
Epoch [78/100], Training Loss: 1.3863
Validation Loss: 1.3861, Validation Accuracy: 25.62%

Per-Class Validation Accuracy:
  No Thrust: 33.33% (40/120)
  Chemical: 20.83% (25/120)
  Electric: 16.67% (20/120)
  Impulsive: 31.67% (38/120)
Epoch [79/100], Training Loss: 1.3861
Validation Loss: 1.3861, Validation Accuracy: 25.62%

Per-Class Validation Accuracy:
  No Thrust: 33.33% (40/120)
  Chemical: 20.83% (25/120)
  Electric: 16.67% (20/120)
  Impulsive: 31.67% (38/120)
Epoch [80/100], Training Loss: 1.3861
Validation Loss: 1.3861, Validation Accuracy: 25.62%

Per-Class Validation Accuracy:
  No Thrust: 33.33% (40/120)
  Chemical: 20.83% (25/120)
  Electric: 16.67% (20/120)
  Impulsive: 31.67% (38/120)
Epoch [81/100], Training Loss: 1.3861
Validation Loss: 1.3861, Validation Accuracy: 25.62%

Per-Class Validation Accuracy:
  No Thrust: 33.33% (40/120)
  Chemical: 20.83% (25/120)
  Electric: 16.67% (20/120)
  Impulsive: 31.67% (38/120)
Epoch [82/100], Training Loss: 1.3862
Validation Loss: 1.3861, Validation Accuracy: 25.62%

Per-Class Validation Accuracy:
  No Thrust: 33.33% (40/120)
  Chemical: 20.83% (25/120)
  Electric: 16.67% (20/120)
  Impulsive: 31.67% (38/120)
Epoch [83/100], Training Loss: 1.3863
Validation Loss: 1.3861, Validation Accuracy: 25.62%

Per-Class Validation Accuracy:
  No Thrust: 33.33% (40/120)
  Chemical: 20.83% (25/120)
  Electric: 16.67% (20/120)
  Impulsive: 31.67% (38/120)
Epoch [84/100], Training Loss: 1.3862
Validation Loss: 1.3861, Validation Accuracy: 25.62%

Per-Class Validation Accuracy:
  No Thrust: 33.33% (40/120)
  Chemical: 20.83% (25/120)
  Electric: 16.67% (20/120)
  Impulsive: 31.67% (38/120)
Epoch [85/100], Training Loss: 1.3862
Validation Loss: 1.3861, Validation Accuracy: 25.62%

Per-Class Validation Accuracy:
  No Thrust: 33.33% (40/120)
  Chemical: 20.83% (25/120)
  Electric: 16.67% (20/120)
  Impulsive: 31.67% (38/120)
Epoch [86/100], Training Loss: 1.3861
Validation Loss: 1.3861, Validation Accuracy: 25.62%

Per-Class Validation Accuracy:
  No Thrust: 33.33% (40/120)
  Chemical: 20.83% (25/120)
  Electric: 16.67% (20/120)
  Impulsive: 31.67% (38/120)
Epoch [87/100], Training Loss: 1.3862
Validation Loss: 1.3861, Validation Accuracy: 25.62%

Per-Class Validation Accuracy:
  No Thrust: 33.33% (40/120)
  Chemical: 20.83% (25/120)
  Electric: 16.67% (20/120)
  Impulsive: 31.67% (38/120)
Epoch [88/100], Training Loss: 1.3860
Validation Loss: 1.3861, Validation Accuracy: 25.62%

Per-Class Validation Accuracy:
  No Thrust: 33.33% (40/120)
  Chemical: 20.83% (25/120)
  Electric: 16.67% (20/120)
  Impulsive: 31.67% (38/120)
Epoch [89/100], Training Loss: 1.3861
Validation Loss: 1.3861, Validation Accuracy: 25.62%

Per-Class Validation Accuracy:
  No Thrust: 33.33% (40/120)
  Chemical: 20.83% (25/120)
  Electric: 16.67% (20/120)
  Impulsive: 31.67% (38/120)
Epoch [90/100], Training Loss: 1.3862
Validation Loss: 1.3861, Validation Accuracy: 25.62%

Per-Class Validation Accuracy:
  No Thrust: 33.33% (40/120)
  Chemical: 20.83% (25/120)
  Electric: 16.67% (20/120)
  Impulsive: 31.67% (38/120)
Epoch [91/100], Training Loss: 1.3861
Validation Loss: 1.3861, Validation Accuracy: 25.62%

Per-Class Validation Accuracy:
  No Thrust: 33.33% (40/120)
  Chemical: 20.83% (25/120)
  Electric: 16.67% (20/120)
  Impulsive: 31.67% (38/120)
Epoch [92/100], Training Loss: 1.3861
Validation Loss: 1.3861, Validation Accuracy: 25.62%

Per-Class Validation Accuracy:
  No Thrust: 33.33% (40/120)
  Chemical: 20.83% (25/120)
  Electric: 16.67% (20/120)
  Impulsive: 31.67% (38/120)
Epoch [93/100], Training Loss: 1.3861
Validation Loss: 1.3861, Validation Accuracy: 25.62%

Per-Class Validation Accuracy:
  No Thrust: 33.33% (40/120)
  Chemical: 20.83% (25/120)
  Electric: 16.67% (20/120)
  Impulsive: 31.67% (38/120)
Epoch [94/100], Training Loss: 1.3862
Validation Loss: 1.3861, Validation Accuracy: 25.62%

Per-Class Validation Accuracy:
  No Thrust: 33.33% (40/120)
  Chemical: 20.83% (25/120)
  Electric: 16.67% (20/120)
  Impulsive: 31.67% (38/120)
Epoch [95/100], Training Loss: 1.3861
Validation Loss: 1.3861, Validation Accuracy: 25.62%

Per-Class Validation Accuracy:
  No Thrust: 33.33% (40/120)
  Chemical: 20.83% (25/120)
  Electric: 16.67% (20/120)
  Impulsive: 31.67% (38/120)
Epoch [96/100], Training Loss: 1.3861
Validation Loss: 1.3861, Validation Accuracy: 25.62%

Per-Class Validation Accuracy:
  No Thrust: 33.33% (40/120)
  Chemical: 20.83% (25/120)
  Electric: 16.67% (20/120)
  Impulsive: 31.67% (38/120)
Epoch [97/100], Training Loss: 1.3861
Validation Loss: 1.3861, Validation Accuracy: 25.62%

Per-Class Validation Accuracy:
  No Thrust: 33.33% (40/120)
  Chemical: 20.83% (25/120)
  Electric: 16.67% (20/120)
  Impulsive: 31.67% (38/120)
Epoch [98/100], Training Loss: 1.3862
Validation Loss: 1.3861, Validation Accuracy: 25.62%

Per-Class Validation Accuracy:
  No Thrust: 33.33% (40/120)
  Chemical: 20.83% (25/120)
  Electric: 16.67% (20/120)
  Impulsive: 31.67% (38/120)
Epoch [99/100], Training Loss: 1.3862
Validation Loss: 1.3861, Validation Accuracy: 25.62%

Per-Class Validation Accuracy:
  No Thrust: 33.33% (40/120)
  Chemical: 20.83% (25/120)
  Electric: 16.67% (20/120)
  Impulsive: 31.67% (38/120)
Epoch [100/100], Training Loss: 1.3860
Validation Loss: 1.3861, Validation Accuracy: 25.62%

Per-Class Validation Accuracy:
  No Thrust: 33.33% (40/120)
  Chemical: 20.83% (25/120)
  Electric: 16.67% (20/120)
  Impulsive: 31.67% (38/120)

	Elapsed time is 160.3772 seconds.

==========================================================================================
Total parameters: 6106
Total memory (bytes): 48848
Total memory (MB): 0.0465850830078125
==========================================================================================

Mamba Validation
Validation Loss: 1.3861, Validation Accuracy: 25.62%

Per-Class Validation Accuracy:
  No Thrust: 33.33% (40/120)
  Chemical: 20.83% (25/120)
  Electric: 16.67% (20/120)
  Impulsive: 31.67% (38/120)

Classification Report:
              precision    recall  f1-score   support

   No Thrust     0.2439    0.3333    0.2817       120
    Chemical     0.2577    0.2083    0.2304       120
    Electric     0.2740    0.1667    0.2073       120
   Impulsive     0.2603    0.3167    0.2857       120

    accuracy                         0.2562       480
   macro avg     0.2590    0.2562    0.2513       480
weighted avg     0.2590    0.2562    0.2513       480


Confusion Matrix (rows = true, cols = predicted):
             P_No Thrust  P_Chemical  P_Electric  P_Impulsive
T_No Thrust           40          24          20           36
T_Chemical            42          25          17           36
T_Electric            40          24          20           36
T_Impulsive           42          24          16           38

Mamba Inference Time	Elapsed time is 0.2558 seconds.
