Processing datasets for vleo with 100 minutes and 800 random systems.
GPU is available
Training data location: /home/hunter/git/GMAT-Thrust-Data/data/classification/vleo/100min-800
Test data location: /home/hunter/git/GMAT-Thrust-Data/data/classification/vleo/100min-800

Entering Decision Trees Training Loop

	Elapsed time is 1.3379 seconds.

==========================================================================================
Total parameters: NaN
Total memory (bytes): 421005
Total memory (MB): 0.4015016555786133
==========================================================================================

Decision Trees Validation
Validation Loss: 1.3534, Validation Accuracy: 29.22%

Per-Class Validation Accuracy:
  No Thrust: 24.38% (39/160)
  Chemical: 50.00% (80/160)
  Electric: 16.25% (26/160)
  Impulsive: 26.25% (42/160)

Classification Report:
              precision    recall  f1-score   support

   No Thrust     0.3095    0.2437    0.2727       160
    Chemical     0.2857    0.5000    0.3636       160
    Electric     0.3611    0.1625    0.2241       160
   Impulsive     0.2593    0.2625    0.2609       160

    accuracy                         0.2922       640
   macro avg     0.3039    0.2922    0.2803       640
weighted avg     0.3039    0.2922    0.2803       640


Confusion Matrix (rows = true, cols = predicted):
             P_No Thrust  P_Chemical  P_Electric  P_Impulsive
T_No Thrust           39          60          25           36
T_Chemical            23          80           9           48
T_Electric            38          60          26           36
T_Impulsive           26          80          12           42

Decision Trees Inference Time	Elapsed time is 0.0263 seconds.

Entering Nearest Neighbor Training Loop

	Elapsed time is 0.0610 seconds.

==========================================================================================
Total parameters: NaN (non-parametric model)
Total memory (bytes): 6355967
Total memory (MB): 6.0615
==========================================================================================

1-NN Validation
Validation Loss: NaN, Validation Accuracy: 28.59%

Per-Class Validation Accuracy:
  No Thrust: 40.62% (65/160)
  Chemical: 40.00% (64/160)
  Electric: 16.88% (27/160)
  Impulsive: 16.88% (27/160)

Classification Report:
              precision    recall  f1-score   support

   No Thrust     0.2697    0.4062    0.3242       160
    Chemical     0.3122    0.4000    0.3507       160
    Electric     0.3000    0.1688    0.2160       160
   Impulsive     0.2596    0.1688    0.2045       160

    accuracy                         0.2859       640
   macro avg     0.2854    0.2859    0.2739       640
weighted avg     0.2854    0.2859    0.2739       640


Confusion Matrix (rows = true, cols = predicted):
             P_No Thrust  P_Chemical  P_Electric  P_Impulsive
T_No Thrust           65          42          27           26
T_Chemical            55          64          13           28
T_Electric            66          44          27           23
T_Impulsive           55          55          23           27

1-NN Inference Time	Elapsed time is 23.0681 seconds.

Entering MiniRocket Training Loop

	Elapsed time is 5.5574 seconds.

==========================================================================================
Total parameters: 9996
Total memory (bytes): 619853
Total memory (MB): 0.5911
==========================================================================================

MiniRocket Validation
Validation Loss: NaN, Validation Accuracy: 42.34%

Per-Class Validation Accuracy:
  No Thrust: 41.25% (66/160)
  Chemical: 78.75% (126/160)
  Electric: 31.25% (50/160)
  Impulsive: 18.12% (29/160)

Classification Report:
              precision    recall  f1-score   support

   No Thrust     0.3905    0.4125    0.4012       160
    Chemical     0.4922    0.7875    0.6058       160
    Electric     0.3623    0.3125    0.3356       160
   Impulsive     0.3766    0.1812    0.2447       160

    accuracy                         0.4234       640
   macro avg     0.4054    0.4234    0.3968       640
weighted avg     0.4054    0.4234    0.3968       640


Confusion Matrix (rows = true, cols = predicted):
             P_No Thrust  P_Chemical  P_Electric  P_Impulsive
T_No Thrust           66          27          53           14
T_Chemical             8         126           6           20
T_Electric            68          28          50           14
T_Impulsive           27          75          29           29

MiniRocket Inference Time	Elapsed time is 2.2711 seconds.

Entering LSTM Training Loop
Epoch [1/100], Training Loss: 1.3898
Validation Loss: 1.3866, Validation Accuracy: 25.00%

Per-Class Validation Accuracy:
  No Thrust: 100.00% (160/160)
  Chemical: 0.00% (0/160)
  Electric: 0.00% (0/160)
  Impulsive: 0.00% (0/160)
Epoch [2/100], Training Loss: 1.3892
Validation Loss: 1.3864, Validation Accuracy: 25.00%

Per-Class Validation Accuracy:
  No Thrust: 60.00% (96/160)
  Chemical: 40.00% (64/160)
  Electric: 0.00% (0/160)
  Impulsive: 0.00% (0/160)
Epoch [3/100], Training Loss: 1.3874
Validation Loss: 1.3865, Validation Accuracy: 25.00%

Per-Class Validation Accuracy:
  No Thrust: 0.00% (0/160)
  Chemical: 0.00% (0/160)
  Electric: 100.00% (160/160)
  Impulsive: 0.00% (0/160)
Epoch [4/100], Training Loss: 1.3873
Validation Loss: 1.3864, Validation Accuracy: 25.00%

Per-Class Validation Accuracy:
  No Thrust: 30.00% (48/160)
  Chemical: 10.00% (16/160)
  Electric: 60.00% (96/160)
  Impulsive: 0.00% (0/160)
Epoch [5/100], Training Loss: 1.3880
Validation Loss: 1.3864, Validation Accuracy: 25.00%

Per-Class Validation Accuracy:
  No Thrust: 0.00% (0/160)
  Chemical: 70.00% (112/160)
  Electric: 30.00% (48/160)
  Impulsive: 0.00% (0/160)
Epoch [6/100], Training Loss: 1.3876
Validation Loss: 1.3863, Validation Accuracy: 25.00%

Per-Class Validation Accuracy:
  No Thrust: 20.00% (32/160)
  Chemical: 40.00% (64/160)
  Electric: 40.00% (64/160)
  Impulsive: 0.00% (0/160)
Epoch [7/100], Training Loss: 1.3877
Validation Loss: 1.3864, Validation Accuracy: 25.00%

Per-Class Validation Accuracy:
  No Thrust: 10.00% (16/160)
  Chemical: 50.00% (80/160)
  Electric: 10.00% (16/160)
  Impulsive: 30.00% (48/160)
Epoch [8/100], Training Loss: 1.3880
Validation Loss: 1.3866, Validation Accuracy: 25.00%

Per-Class Validation Accuracy:
  No Thrust: 10.00% (16/160)
  Chemical: 0.00% (0/160)
  Electric: 90.00% (144/160)
  Impulsive: 0.00% (0/160)
Epoch [9/100], Training Loss: 1.3869
Validation Loss: 1.3867, Validation Accuracy: 25.00%

Per-Class Validation Accuracy:
  No Thrust: 0.00% (0/160)
  Chemical: 10.00% (16/160)
  Electric: 90.00% (144/160)
  Impulsive: 0.00% (0/160)
Epoch [10/100], Training Loss: 1.3872
Validation Loss: 1.3865, Validation Accuracy: 25.00%

Per-Class Validation Accuracy:
  No Thrust: 0.00% (0/160)
  Chemical: 40.00% (64/160)
  Electric: 60.00% (96/160)
  Impulsive: 0.00% (0/160)
Epoch [11/100], Training Loss: 1.3864
Validation Loss: 1.3864, Validation Accuracy: 25.00%

Per-Class Validation Accuracy:
  No Thrust: 0.00% (0/160)
  Chemical: 40.00% (64/160)
  Electric: 40.00% (64/160)
  Impulsive: 20.00% (32/160)
Epoch [12/100], Training Loss: 1.3870
Validation Loss: 1.3864, Validation Accuracy: 25.00%

Per-Class Validation Accuracy:
  No Thrust: 0.00% (0/160)
  Chemical: 20.00% (32/160)
  Electric: 80.00% (128/160)
  Impulsive: 0.00% (0/160)
Epoch [13/100], Training Loss: 1.3878
Validation Loss: 1.3864, Validation Accuracy: 22.50%

Per-Class Validation Accuracy:
  No Thrust: 30.00% (48/160)
  Chemical: 0.00% (0/160)
  Electric: 40.00% (64/160)
  Impulsive: 20.00% (32/160)
Epoch [14/100], Training Loss: 1.3872
Validation Loss: 1.3864, Validation Accuracy: 25.00%

Per-Class Validation Accuracy:
  No Thrust: 40.00% (64/160)
  Chemical: 0.00% (0/160)
  Electric: 40.00% (64/160)
  Impulsive: 20.00% (32/160)
Epoch [15/100], Training Loss: 1.3866
Validation Loss: 1.3864, Validation Accuracy: 25.00%

Per-Class Validation Accuracy:
  No Thrust: 10.00% (16/160)
  Chemical: 20.00% (32/160)
  Electric: 40.00% (64/160)
  Impulsive: 30.00% (48/160)
Epoch [16/100], Training Loss: 1.3863
Validation Loss: 1.3864, Validation Accuracy: 23.91%

Per-Class Validation Accuracy:
  No Thrust: 30.00% (48/160)
  Chemical: 0.00% (0/160)
  Electric: 40.00% (64/160)
  Impulsive: 25.62% (41/160)
Early stopping triggered.

	Elapsed time is 10.3894 seconds.

==========================================================================================
Total parameters: 18004
Total memory (bytes): 144032
Total memory (MB): 0.137359619140625
==========================================================================================

LSTM Validation
Validation Loss: 1.3864, Validation Accuracy: 23.91%

Per-Class Validation Accuracy:
  No Thrust: 30.00% (48/160)
  Chemical: 0.00% (0/160)
  Electric: 40.00% (64/160)
  Impulsive: 25.62% (41/160)

Classification Report:
              precision    recall  f1-score   support

   No Thrust     0.2412    0.3000    0.2674       160
    Chemical     0.0000    0.0000    0.0000       160
    Electric     0.2500    0.4000    0.3077       160
   Impulsive     0.2216    0.2562    0.2377       160

    accuracy                         0.2391       640
   macro avg     0.1782    0.2391    0.2032       640
weighted avg     0.1782    0.2391    0.2032       640


Confusion Matrix (rows = true, cols = predicted):
             P_No Thrust  P_Chemical  P_Electric  P_Impulsive
T_No Thrust           48           0          64           48
T_Chemical            48           0          64           48
T_Electric            48           0          64           48
T_Impulsive           55           0          64           41

LSTM Inference Time	Elapsed time is 0.1895 seconds.

Entering Mamba Training Loop
Epoch [1/100], Training Loss: 1.3909
Validation Loss: 1.3891, Validation Accuracy: 25.00%

Per-Class Validation Accuracy:
  No Thrust: 20.62% (33/160)
  Chemical: 0.62% (1/160)
  Electric: 0.00% (0/160)
  Impulsive: 78.75% (126/160)
Epoch [2/100], Training Loss: 1.3898
Validation Loss: 1.3884, Validation Accuracy: 25.31%

Per-Class Validation Accuracy:
  No Thrust: 35.62% (57/160)
  Chemical: 1.25% (2/160)
  Electric: 0.00% (0/160)
  Impulsive: 64.38% (103/160)
Epoch [3/100], Training Loss: 1.3894
Validation Loss: 1.3878, Validation Accuracy: 24.84%

Per-Class Validation Accuracy:
  No Thrust: 27.50% (44/160)
  Chemical: 1.25% (2/160)
  Electric: 0.00% (0/160)
  Impulsive: 70.62% (113/160)
Epoch [4/100], Training Loss: 1.3881
Validation Loss: 1.3874, Validation Accuracy: 24.53%

Per-Class Validation Accuracy:
  No Thrust: 25.00% (40/160)
  Chemical: 1.25% (2/160)
  Electric: 0.00% (0/160)
  Impulsive: 71.88% (115/160)
Epoch [5/100], Training Loss: 1.3883
Validation Loss: 1.3871, Validation Accuracy: 25.00%

Per-Class Validation Accuracy:
  No Thrust: 38.75% (62/160)
  Chemical: 1.88% (3/160)
  Electric: 0.62% (1/160)
  Impulsive: 58.75% (94/160)
Epoch [6/100], Training Loss: 1.3875
Validation Loss: 1.3869, Validation Accuracy: 25.00%

Per-Class Validation Accuracy:
  No Thrust: 37.50% (60/160)
  Chemical: 6.25% (10/160)
  Electric: 3.12% (5/160)
  Impulsive: 53.12% (85/160)
Epoch [7/100], Training Loss: 1.3878
Validation Loss: 1.3867, Validation Accuracy: 25.00%

Per-Class Validation Accuracy:
  No Thrust: 38.12% (61/160)
  Chemical: 6.88% (11/160)
  Electric: 1.25% (2/160)
  Impulsive: 53.75% (86/160)
Epoch [8/100], Training Loss: 1.3877
Validation Loss: 1.3866, Validation Accuracy: 24.53%

Per-Class Validation Accuracy:
  No Thrust: 33.12% (53/160)
  Chemical: 8.12% (13/160)
  Electric: 3.12% (5/160)
  Impulsive: 53.75% (86/160)
Epoch [9/100], Training Loss: 1.3868
Validation Loss: 1.3866, Validation Accuracy: 24.53%

Per-Class Validation Accuracy:
  No Thrust: 31.88% (51/160)
  Chemical: 10.00% (16/160)
  Electric: 3.75% (6/160)
  Impulsive: 52.50% (84/160)
Epoch [10/100], Training Loss: 1.3866
Validation Loss: 1.3865, Validation Accuracy: 25.00%

Per-Class Validation Accuracy:
  No Thrust: 37.50% (60/160)
  Chemical: 9.38% (15/160)
  Electric: 6.25% (10/160)
  Impulsive: 46.88% (75/160)
Epoch [11/100], Training Loss: 1.3867
Validation Loss: 1.3865, Validation Accuracy: 25.31%

Per-Class Validation Accuracy:
  No Thrust: 31.88% (51/160)
  Chemical: 13.75% (22/160)
  Electric: 5.62% (9/160)
  Impulsive: 50.00% (80/160)
Epoch [12/100], Training Loss: 1.3872
Validation Loss: 1.3864, Validation Accuracy: 26.09%

Per-Class Validation Accuracy:
  No Thrust: 26.88% (43/160)
  Chemical: 16.25% (26/160)
  Electric: 7.50% (12/160)
  Impulsive: 53.75% (86/160)
Epoch [13/100], Training Loss: 1.3869
Validation Loss: 1.3864, Validation Accuracy: 25.94%

Per-Class Validation Accuracy:
  No Thrust: 38.75% (62/160)
  Chemical: 13.75% (22/160)
  Electric: 6.88% (11/160)
  Impulsive: 44.38% (71/160)
Epoch [14/100], Training Loss: 1.3873
Validation Loss: 1.3864, Validation Accuracy: 25.47%

Per-Class Validation Accuracy:
  No Thrust: 28.12% (45/160)
  Chemical: 15.62% (25/160)
  Electric: 8.75% (14/160)
  Impulsive: 49.38% (79/160)
Epoch [15/100], Training Loss: 1.3872
Validation Loss: 1.3863, Validation Accuracy: 24.69%

Per-Class Validation Accuracy:
  No Thrust: 25.62% (41/160)
  Chemical: 15.00% (24/160)
  Electric: 11.25% (18/160)
  Impulsive: 46.88% (75/160)
Epoch [16/100], Training Loss: 1.3867
Validation Loss: 1.3863, Validation Accuracy: 25.16%

Per-Class Validation Accuracy:
  No Thrust: 24.38% (39/160)
  Chemical: 20.62% (33/160)
  Electric: 11.25% (18/160)
  Impulsive: 44.38% (71/160)
Epoch [17/100], Training Loss: 1.3873
Validation Loss: 1.3862, Validation Accuracy: 25.16%

Per-Class Validation Accuracy:
  No Thrust: 27.50% (44/160)
  Chemical: 24.38% (39/160)
  Electric: 10.62% (17/160)
  Impulsive: 38.12% (61/160)
Epoch [18/100], Training Loss: 1.3870
Validation Loss: 1.3862, Validation Accuracy: 24.84%

Per-Class Validation Accuracy:
  No Thrust: 30.62% (49/160)
  Chemical: 15.62% (25/160)
  Electric: 12.50% (20/160)
  Impulsive: 40.62% (65/160)
Epoch [19/100], Training Loss: 1.3871
Validation Loss: 1.3862, Validation Accuracy: 25.47%

Per-Class Validation Accuracy:
  No Thrust: 33.75% (54/160)
  Chemical: 18.75% (30/160)
  Electric: 7.50% (12/160)
  Impulsive: 41.88% (67/160)
Epoch [20/100], Training Loss: 1.3872
Validation Loss: 1.3862, Validation Accuracy: 25.47%

Per-Class Validation Accuracy:
  No Thrust: 28.75% (46/160)
  Chemical: 21.88% (35/160)
  Electric: 10.00% (16/160)
  Impulsive: 41.25% (66/160)
Epoch [21/100], Training Loss: 1.3873
Validation Loss: 1.3862, Validation Accuracy: 25.31%

Per-Class Validation Accuracy:
  No Thrust: 31.88% (51/160)
  Chemical: 13.12% (21/160)
  Electric: 13.75% (22/160)
  Impulsive: 42.50% (68/160)
Epoch [22/100], Training Loss: 1.3861
Validation Loss: 1.3862, Validation Accuracy: 25.47%

Per-Class Validation Accuracy:
  No Thrust: 31.25% (50/160)
  Chemical: 18.75% (30/160)
  Electric: 11.88% (19/160)
  Impulsive: 40.00% (64/160)
Epoch [23/100], Training Loss: 1.3873
Validation Loss: 1.3862, Validation Accuracy: 25.47%

Per-Class Validation Accuracy:
  No Thrust: 31.88% (51/160)
  Chemical: 18.12% (29/160)
  Electric: 11.25% (18/160)
  Impulsive: 40.62% (65/160)
Epoch [24/100], Training Loss: 1.3867
Validation Loss: 1.3862, Validation Accuracy: 25.16%

Per-Class Validation Accuracy:
  No Thrust: 28.12% (45/160)
  Chemical: 20.62% (33/160)
  Electric: 12.50% (20/160)
  Impulsive: 39.38% (63/160)
Epoch [25/100], Training Loss: 1.3865
Validation Loss: 1.3862, Validation Accuracy: 25.47%

Per-Class Validation Accuracy:
  No Thrust: 28.75% (46/160)
  Chemical: 21.88% (35/160)
  Electric: 11.25% (18/160)
  Impulsive: 40.00% (64/160)
Epoch [26/100], Training Loss: 1.3871
Validation Loss: 1.3862, Validation Accuracy: 25.31%

Per-Class Validation Accuracy:
  No Thrust: 28.75% (46/160)
  Chemical: 25.00% (40/160)
  Electric: 11.25% (18/160)
  Impulsive: 36.25% (58/160)
Epoch [27/100], Training Loss: 1.3858
Validation Loss: 1.3862, Validation Accuracy: 25.47%

Per-Class Validation Accuracy:
  No Thrust: 31.88% (51/160)
  Chemical: 18.75% (30/160)
  Electric: 13.75% (22/160)
  Impulsive: 37.50% (60/160)
Epoch [28/100], Training Loss: 1.3862
Validation Loss: 1.3862, Validation Accuracy: 25.47%

Per-Class Validation Accuracy:
  No Thrust: 30.62% (49/160)
  Chemical: 20.00% (32/160)
  Electric: 13.12% (21/160)
  Impulsive: 38.12% (61/160)
Epoch [29/100], Training Loss: 1.3862
Validation Loss: 1.3862, Validation Accuracy: 25.62%

Per-Class Validation Accuracy:
  No Thrust: 33.12% (53/160)
  Chemical: 23.12% (37/160)
  Electric: 11.88% (19/160)
  Impulsive: 34.38% (55/160)
Epoch [30/100], Training Loss: 1.3864
Validation Loss: 1.3862, Validation Accuracy: 25.62%

Per-Class Validation Accuracy:
  No Thrust: 31.25% (50/160)
  Chemical: 23.12% (37/160)
  Electric: 12.50% (20/160)
  Impulsive: 35.62% (57/160)
Epoch [31/100], Training Loss: 1.3861
Validation Loss: 1.3862, Validation Accuracy: 25.62%

Per-Class Validation Accuracy:
  No Thrust: 31.25% (50/160)
  Chemical: 21.88% (35/160)
  Electric: 13.12% (21/160)
  Impulsive: 36.25% (58/160)
Epoch [32/100], Training Loss: 1.3861
Validation Loss: 1.3862, Validation Accuracy: 25.94%

Per-Class Validation Accuracy:
  No Thrust: 30.62% (49/160)
  Chemical: 22.50% (36/160)
  Electric: 13.12% (21/160)
  Impulsive: 37.50% (60/160)
Epoch [33/100], Training Loss: 1.3866
Validation Loss: 1.3862, Validation Accuracy: 25.78%

Per-Class Validation Accuracy:
  No Thrust: 31.88% (51/160)
  Chemical: 23.12% (37/160)
  Electric: 13.12% (21/160)
  Impulsive: 35.00% (56/160)
Epoch [34/100], Training Loss: 1.3860
Validation Loss: 1.3862, Validation Accuracy: 25.78%

Per-Class Validation Accuracy:
  No Thrust: 30.62% (49/160)
  Chemical: 22.50% (36/160)
  Electric: 13.12% (21/160)
  Impulsive: 36.88% (59/160)
Epoch [35/100], Training Loss: 1.3863
Validation Loss: 1.3862, Validation Accuracy: 26.25%

Per-Class Validation Accuracy:
  No Thrust: 31.25% (50/160)
  Chemical: 23.12% (37/160)
  Electric: 13.12% (21/160)
  Impulsive: 37.50% (60/160)
Epoch [36/100], Training Loss: 1.3856
Validation Loss: 1.3861, Validation Accuracy: 26.09%

Per-Class Validation Accuracy:
  No Thrust: 32.50% (52/160)
  Chemical: 22.50% (36/160)
  Electric: 13.12% (21/160)
  Impulsive: 36.25% (58/160)
Epoch [37/100], Training Loss: 1.3865
Validation Loss: 1.3861, Validation Accuracy: 25.78%

Per-Class Validation Accuracy:
  No Thrust: 30.00% (48/160)
  Chemical: 23.12% (37/160)
  Electric: 12.50% (20/160)
  Impulsive: 37.50% (60/160)
Epoch [38/100], Training Loss: 1.3853
Validation Loss: 1.3861, Validation Accuracy: 25.62%

Per-Class Validation Accuracy:
  No Thrust: 32.50% (52/160)
  Chemical: 22.50% (36/160)
  Electric: 12.50% (20/160)
  Impulsive: 35.00% (56/160)
Epoch [39/100], Training Loss: 1.3874
Validation Loss: 1.3861, Validation Accuracy: 25.62%

Per-Class Validation Accuracy:
  No Thrust: 29.38% (47/160)
  Chemical: 23.12% (37/160)
  Electric: 13.75% (22/160)
  Impulsive: 36.25% (58/160)
Epoch [40/100], Training Loss: 1.3865
Validation Loss: 1.3861, Validation Accuracy: 25.78%

Per-Class Validation Accuracy:
  No Thrust: 28.75% (46/160)
  Chemical: 23.12% (37/160)
  Electric: 13.12% (21/160)
  Impulsive: 38.12% (61/160)
Epoch [41/100], Training Loss: 1.3863
Validation Loss: 1.3861, Validation Accuracy: 25.94%

Per-Class Validation Accuracy:
  No Thrust: 32.50% (52/160)
  Chemical: 22.50% (36/160)
  Electric: 13.12% (21/160)
  Impulsive: 35.62% (57/160)
Epoch [42/100], Training Loss: 1.3861
Validation Loss: 1.3861, Validation Accuracy: 25.62%

Per-Class Validation Accuracy:
  No Thrust: 31.25% (50/160)
  Chemical: 22.50% (36/160)
  Electric: 12.50% (20/160)
  Impulsive: 36.25% (58/160)
Epoch [43/100], Training Loss: 1.3860
Validation Loss: 1.3861, Validation Accuracy: 25.94%

Per-Class Validation Accuracy:
  No Thrust: 29.38% (47/160)
  Chemical: 23.75% (38/160)
  Electric: 14.38% (23/160)
  Impulsive: 36.25% (58/160)
Epoch [44/100], Training Loss: 1.3864
Validation Loss: 1.3861, Validation Accuracy: 25.94%

Per-Class Validation Accuracy:
  No Thrust: 30.62% (49/160)
  Chemical: 23.12% (37/160)
  Electric: 13.75% (22/160)
  Impulsive: 36.25% (58/160)
Epoch [45/100], Training Loss: 1.3863
Validation Loss: 1.3861, Validation Accuracy: 25.78%

Per-Class Validation Accuracy:
  No Thrust: 30.00% (48/160)
  Chemical: 23.12% (37/160)
  Electric: 13.75% (22/160)
  Impulsive: 36.25% (58/160)
Epoch [46/100], Training Loss: 1.3859
Validation Loss: 1.3861, Validation Accuracy: 25.78%

Per-Class Validation Accuracy:
  No Thrust: 28.75% (46/160)
  Chemical: 22.50% (36/160)
  Electric: 15.00% (24/160)
  Impulsive: 36.88% (59/160)
Epoch [47/100], Training Loss: 1.3857
Validation Loss: 1.3861, Validation Accuracy: 25.94%

Per-Class Validation Accuracy:
  No Thrust: 30.00% (48/160)
  Chemical: 23.12% (37/160)
  Electric: 14.38% (23/160)
  Impulsive: 36.25% (58/160)
Epoch [48/100], Training Loss: 1.3857
Validation Loss: 1.3861, Validation Accuracy: 25.94%

Per-Class Validation Accuracy:
  No Thrust: 30.62% (49/160)
  Chemical: 23.12% (37/160)
  Electric: 13.75% (22/160)
  Impulsive: 36.25% (58/160)
Epoch [49/100], Training Loss: 1.3858
Validation Loss: 1.3861, Validation Accuracy: 26.25%

Per-Class Validation Accuracy:
  No Thrust: 30.00% (48/160)
  Chemical: 23.75% (38/160)
  Electric: 15.00% (24/160)
  Impulsive: 36.25% (58/160)
Epoch [50/100], Training Loss: 1.3861
Validation Loss: 1.3861, Validation Accuracy: 26.25%

Per-Class Validation Accuracy:
  No Thrust: 31.25% (50/160)
  Chemical: 23.75% (38/160)
  Electric: 13.75% (22/160)
  Impulsive: 36.25% (58/160)
Epoch [51/100], Training Loss: 1.3867
Validation Loss: 1.3861, Validation Accuracy: 26.25%

Per-Class Validation Accuracy:
  No Thrust: 30.00% (48/160)
  Chemical: 23.75% (38/160)
  Electric: 14.38% (23/160)
  Impulsive: 36.88% (59/160)
Epoch [52/100], Training Loss: 1.3860
Validation Loss: 1.3861, Validation Accuracy: 26.56%

Per-Class Validation Accuracy:
  No Thrust: 31.25% (50/160)
  Chemical: 23.75% (38/160)
  Electric: 15.00% (24/160)
  Impulsive: 36.25% (58/160)
Epoch [53/100], Training Loss: 1.3858
Validation Loss: 1.3861, Validation Accuracy: 26.41%

Per-Class Validation Accuracy:
  No Thrust: 30.62% (49/160)
  Chemical: 23.75% (38/160)
  Electric: 15.00% (24/160)
  Impulsive: 36.25% (58/160)
Epoch [54/100], Training Loss: 1.3863
Validation Loss: 1.3861, Validation Accuracy: 26.09%

Per-Class Validation Accuracy:
  No Thrust: 30.00% (48/160)
  Chemical: 23.75% (38/160)
  Electric: 14.38% (23/160)
  Impulsive: 36.25% (58/160)
Epoch [55/100], Training Loss: 1.3863
Validation Loss: 1.3861, Validation Accuracy: 26.09%

Per-Class Validation Accuracy:
  No Thrust: 30.00% (48/160)
  Chemical: 23.75% (38/160)
  Electric: 14.38% (23/160)
  Impulsive: 36.25% (58/160)
Epoch [56/100], Training Loss: 1.3860
Validation Loss: 1.3861, Validation Accuracy: 26.41%

Per-Class Validation Accuracy:
  No Thrust: 31.25% (50/160)
  Chemical: 23.75% (38/160)
  Electric: 14.38% (23/160)
  Impulsive: 36.25% (58/160)
Epoch [57/100], Training Loss: 1.3860
Validation Loss: 1.3861, Validation Accuracy: 26.25%

Per-Class Validation Accuracy:
  No Thrust: 30.00% (48/160)
  Chemical: 23.75% (38/160)
  Electric: 14.38% (23/160)
  Impulsive: 36.88% (59/160)
Epoch [58/100], Training Loss: 1.3854
Validation Loss: 1.3861, Validation Accuracy: 26.09%

Per-Class Validation Accuracy:
  No Thrust: 30.00% (48/160)
  Chemical: 23.75% (38/160)
  Electric: 14.38% (23/160)
  Impulsive: 36.25% (58/160)
Epoch [59/100], Training Loss: 1.3860
Validation Loss: 1.3861, Validation Accuracy: 26.41%

Per-Class Validation Accuracy:
  No Thrust: 30.00% (48/160)
  Chemical: 23.75% (38/160)
  Electric: 15.00% (24/160)
  Impulsive: 36.88% (59/160)
Epoch [60/100], Training Loss: 1.3862
Validation Loss: 1.3861, Validation Accuracy: 26.09%

Per-Class Validation Accuracy:
  No Thrust: 30.00% (48/160)
  Chemical: 23.75% (38/160)
  Electric: 14.38% (23/160)
  Impulsive: 36.25% (58/160)
Epoch [61/100], Training Loss: 1.3860
Validation Loss: 1.3861, Validation Accuracy: 26.25%

Per-Class Validation Accuracy:
  No Thrust: 30.00% (48/160)
  Chemical: 23.75% (38/160)
  Electric: 15.00% (24/160)
  Impulsive: 36.25% (58/160)
Epoch [62/100], Training Loss: 1.3861
Validation Loss: 1.3861, Validation Accuracy: 26.41%

Per-Class Validation Accuracy:
  No Thrust: 30.62% (49/160)
  Chemical: 23.75% (38/160)
  Electric: 15.00% (24/160)
  Impulsive: 36.25% (58/160)
Epoch [63/100], Training Loss: 1.3864
Validation Loss: 1.3861, Validation Accuracy: 26.56%

Per-Class Validation Accuracy:
  No Thrust: 31.25% (50/160)
  Chemical: 23.75% (38/160)
  Electric: 15.00% (24/160)
  Impulsive: 36.25% (58/160)
Epoch [64/100], Training Loss: 1.3858
Validation Loss: 1.3861, Validation Accuracy: 26.41%

Per-Class Validation Accuracy:
  No Thrust: 30.62% (49/160)
  Chemical: 23.75% (38/160)
  Electric: 15.00% (24/160)
  Impulsive: 36.25% (58/160)
Epoch [65/100], Training Loss: 1.3856
Validation Loss: 1.3861, Validation Accuracy: 26.41%

Per-Class Validation Accuracy:
  No Thrust: 30.62% (49/160)
  Chemical: 23.75% (38/160)
  Electric: 15.00% (24/160)
  Impulsive: 36.25% (58/160)
Epoch [66/100], Training Loss: 1.3865
Validation Loss: 1.3861, Validation Accuracy: 26.41%

Per-Class Validation Accuracy:
  No Thrust: 30.62% (49/160)
  Chemical: 23.75% (38/160)
  Electric: 15.00% (24/160)
  Impulsive: 36.25% (58/160)
Epoch [67/100], Training Loss: 1.3859
Validation Loss: 1.3861, Validation Accuracy: 26.41%

Per-Class Validation Accuracy:
  No Thrust: 30.00% (48/160)
  Chemical: 23.75% (38/160)
  Electric: 15.00% (24/160)
  Impulsive: 36.88% (59/160)
Epoch [68/100], Training Loss: 1.3858
Validation Loss: 1.3861, Validation Accuracy: 26.41%

Per-Class Validation Accuracy:
  No Thrust: 30.62% (49/160)
  Chemical: 23.75% (38/160)
  Electric: 15.00% (24/160)
  Impulsive: 36.25% (58/160)
Epoch [69/100], Training Loss: 1.3863
Validation Loss: 1.3861, Validation Accuracy: 26.41%

Per-Class Validation Accuracy:
  No Thrust: 30.62% (49/160)
  Chemical: 23.75% (38/160)
  Electric: 15.00% (24/160)
  Impulsive: 36.25% (58/160)
Epoch [70/100], Training Loss: 1.3860
Validation Loss: 1.3861, Validation Accuracy: 26.56%

Per-Class Validation Accuracy:
  No Thrust: 30.62% (49/160)
  Chemical: 23.75% (38/160)
  Electric: 15.00% (24/160)
  Impulsive: 36.88% (59/160)
Epoch [71/100], Training Loss: 1.3860
Validation Loss: 1.3861, Validation Accuracy: 26.56%

Per-Class Validation Accuracy:
  No Thrust: 30.62% (49/160)
  Chemical: 23.75% (38/160)
  Electric: 15.00% (24/160)
  Impulsive: 36.88% (59/160)
Epoch [72/100], Training Loss: 1.3861
Validation Loss: 1.3861, Validation Accuracy: 26.41%

Per-Class Validation Accuracy:
  No Thrust: 30.00% (48/160)
  Chemical: 23.75% (38/160)
  Electric: 15.00% (24/160)
  Impulsive: 36.88% (59/160)
Epoch [73/100], Training Loss: 1.3861
Validation Loss: 1.3861, Validation Accuracy: 26.56%

Per-Class Validation Accuracy:
  No Thrust: 30.62% (49/160)
  Chemical: 23.75% (38/160)
  Electric: 15.00% (24/160)
  Impulsive: 36.88% (59/160)
Epoch [74/100], Training Loss: 1.3850
Validation Loss: 1.3861, Validation Accuracy: 26.41%

Per-Class Validation Accuracy:
  No Thrust: 30.62% (49/160)
  Chemical: 23.75% (38/160)
  Electric: 15.00% (24/160)
  Impulsive: 36.25% (58/160)
Epoch [75/100], Training Loss: 1.3859
Validation Loss: 1.3861, Validation Accuracy: 26.56%

Per-Class Validation Accuracy:
  No Thrust: 30.62% (49/160)
  Chemical: 23.75% (38/160)
  Electric: 15.00% (24/160)
  Impulsive: 36.88% (59/160)
Epoch [76/100], Training Loss: 1.3859
Validation Loss: 1.3861, Validation Accuracy: 26.56%

Per-Class Validation Accuracy:
  No Thrust: 30.62% (49/160)
  Chemical: 23.75% (38/160)
  Electric: 15.00% (24/160)
  Impulsive: 36.88% (59/160)
Epoch [77/100], Training Loss: 1.3849
Validation Loss: 1.3861, Validation Accuracy: 26.41%

Per-Class Validation Accuracy:
  No Thrust: 30.62% (49/160)
  Chemical: 23.75% (38/160)
  Electric: 15.00% (24/160)
  Impulsive: 36.25% (58/160)
Epoch [78/100], Training Loss: 1.3861
Validation Loss: 1.3861, Validation Accuracy: 26.56%

Per-Class Validation Accuracy:
  No Thrust: 30.62% (49/160)
  Chemical: 23.75% (38/160)
  Electric: 15.00% (24/160)
  Impulsive: 36.88% (59/160)
Epoch [79/100], Training Loss: 1.3855
Validation Loss: 1.3861, Validation Accuracy: 26.56%

Per-Class Validation Accuracy:
  No Thrust: 30.62% (49/160)
  Chemical: 23.75% (38/160)
  Electric: 15.00% (24/160)
  Impulsive: 36.88% (59/160)
Epoch [80/100], Training Loss: 1.3853
Validation Loss: 1.3861, Validation Accuracy: 26.56%

Per-Class Validation Accuracy:
  No Thrust: 30.62% (49/160)
  Chemical: 23.75% (38/160)
  Electric: 15.00% (24/160)
  Impulsive: 36.88% (59/160)
Epoch [81/100], Training Loss: 1.3856
Validation Loss: 1.3861, Validation Accuracy: 26.56%

Per-Class Validation Accuracy:
  No Thrust: 30.62% (49/160)
  Chemical: 23.75% (38/160)
  Electric: 15.00% (24/160)
  Impulsive: 36.88% (59/160)
Epoch [82/100], Training Loss: 1.3862
Validation Loss: 1.3861, Validation Accuracy: 26.56%

Per-Class Validation Accuracy:
  No Thrust: 30.62% (49/160)
  Chemical: 23.75% (38/160)
  Electric: 15.00% (24/160)
  Impulsive: 36.88% (59/160)
Epoch [83/100], Training Loss: 1.3856
Validation Loss: 1.3861, Validation Accuracy: 26.56%

Per-Class Validation Accuracy:
  No Thrust: 30.62% (49/160)
  Chemical: 23.75% (38/160)
  Electric: 15.00% (24/160)
  Impulsive: 36.88% (59/160)
Epoch [84/100], Training Loss: 1.3858
Validation Loss: 1.3861, Validation Accuracy: 26.56%

Per-Class Validation Accuracy:
  No Thrust: 30.62% (49/160)
  Chemical: 23.75% (38/160)
  Electric: 15.00% (24/160)
  Impulsive: 36.88% (59/160)
Epoch [85/100], Training Loss: 1.3861
Validation Loss: 1.3861, Validation Accuracy: 26.56%

Per-Class Validation Accuracy:
  No Thrust: 30.62% (49/160)
  Chemical: 23.75% (38/160)
  Electric: 15.00% (24/160)
  Impulsive: 36.88% (59/160)
Epoch [86/100], Training Loss: 1.3859
Validation Loss: 1.3861, Validation Accuracy: 26.56%

Per-Class Validation Accuracy:
  No Thrust: 30.62% (49/160)
  Chemical: 23.75% (38/160)
  Electric: 15.00% (24/160)
  Impulsive: 36.88% (59/160)
Epoch [87/100], Training Loss: 1.3857
Validation Loss: 1.3861, Validation Accuracy: 26.56%

Per-Class Validation Accuracy:
  No Thrust: 30.62% (49/160)
  Chemical: 23.75% (38/160)
  Electric: 15.00% (24/160)
  Impulsive: 36.88% (59/160)
Epoch [88/100], Training Loss: 1.3860
Validation Loss: 1.3861, Validation Accuracy: 26.56%

Per-Class Validation Accuracy:
  No Thrust: 30.62% (49/160)
  Chemical: 23.75% (38/160)
  Electric: 15.00% (24/160)
  Impulsive: 36.88% (59/160)
Epoch [89/100], Training Loss: 1.3868
Validation Loss: 1.3861, Validation Accuracy: 26.56%

Per-Class Validation Accuracy:
  No Thrust: 30.62% (49/160)
  Chemical: 23.75% (38/160)
  Electric: 15.00% (24/160)
  Impulsive: 36.88% (59/160)
Epoch [90/100], Training Loss: 1.3859
Validation Loss: 1.3861, Validation Accuracy: 26.56%

Per-Class Validation Accuracy:
  No Thrust: 30.62% (49/160)
  Chemical: 23.75% (38/160)
  Electric: 15.00% (24/160)
  Impulsive: 36.88% (59/160)
Epoch [91/100], Training Loss: 1.3861
Validation Loss: 1.3861, Validation Accuracy: 26.56%

Per-Class Validation Accuracy:
  No Thrust: 30.62% (49/160)
  Chemical: 23.75% (38/160)
  Electric: 15.00% (24/160)
  Impulsive: 36.88% (59/160)
Epoch [92/100], Training Loss: 1.3856
Validation Loss: 1.3861, Validation Accuracy: 26.56%

Per-Class Validation Accuracy:
  No Thrust: 30.62% (49/160)
  Chemical: 23.75% (38/160)
  Electric: 15.00% (24/160)
  Impulsive: 36.88% (59/160)
Epoch [93/100], Training Loss: 1.3865
Validation Loss: 1.3861, Validation Accuracy: 26.56%

Per-Class Validation Accuracy:
  No Thrust: 30.62% (49/160)
  Chemical: 23.75% (38/160)
  Electric: 15.00% (24/160)
  Impulsive: 36.88% (59/160)
Epoch [94/100], Training Loss: 1.3863
Validation Loss: 1.3861, Validation Accuracy: 26.56%

Per-Class Validation Accuracy:
  No Thrust: 30.62% (49/160)
  Chemical: 23.75% (38/160)
  Electric: 15.00% (24/160)
  Impulsive: 36.88% (59/160)
Epoch [95/100], Training Loss: 1.3865
Validation Loss: 1.3861, Validation Accuracy: 26.56%

Per-Class Validation Accuracy:
  No Thrust: 30.62% (49/160)
  Chemical: 23.75% (38/160)
  Electric: 15.00% (24/160)
  Impulsive: 36.88% (59/160)
Epoch [96/100], Training Loss: 1.3865
Validation Loss: 1.3861, Validation Accuracy: 26.56%

Per-Class Validation Accuracy:
  No Thrust: 30.62% (49/160)
  Chemical: 23.75% (38/160)
  Electric: 15.00% (24/160)
  Impulsive: 36.88% (59/160)
Epoch [97/100], Training Loss: 1.3863
Validation Loss: 1.3861, Validation Accuracy: 26.56%

Per-Class Validation Accuracy:
  No Thrust: 30.62% (49/160)
  Chemical: 23.75% (38/160)
  Electric: 15.00% (24/160)
  Impulsive: 36.88% (59/160)
Epoch [98/100], Training Loss: 1.3865
Validation Loss: 1.3861, Validation Accuracy: 26.56%

Per-Class Validation Accuracy:
  No Thrust: 30.62% (49/160)
  Chemical: 23.75% (38/160)
  Electric: 15.00% (24/160)
  Impulsive: 36.88% (59/160)
Epoch [99/100], Training Loss: 1.3862
Validation Loss: 1.3861, Validation Accuracy: 26.56%

Per-Class Validation Accuracy:
  No Thrust: 30.62% (49/160)
  Chemical: 23.75% (38/160)
  Electric: 15.00% (24/160)
  Impulsive: 36.88% (59/160)
Epoch [100/100], Training Loss: 1.3856
Validation Loss: 1.3861, Validation Accuracy: 26.56%

Per-Class Validation Accuracy:
  No Thrust: 30.62% (49/160)
  Chemical: 23.75% (38/160)
  Electric: 15.00% (24/160)
  Impulsive: 36.88% (59/160)

	Elapsed time is 47.8498 seconds.

==========================================================================================
Total parameters: 6106
Total memory (bytes): 48848
Total memory (MB): 0.0465850830078125
==========================================================================================

Mamba Validation
Validation Loss: 1.3861, Validation Accuracy: 26.56%

Per-Class Validation Accuracy:
  No Thrust: 30.62% (49/160)
  Chemical: 23.75% (38/160)
  Electric: 15.00% (24/160)
  Impulsive: 36.88% (59/160)

Classification Report:
              precision    recall  f1-score   support

   No Thrust     0.2649    0.3063    0.2841       160
    Chemical     0.2794    0.2375    0.2568       160
    Electric     0.2667    0.1500    0.1920       160
   Impulsive     0.2576    0.3688    0.3033       160

    accuracy                         0.2656       640
   macro avg     0.2671    0.2656    0.2590       640
weighted avg     0.2671    0.2656    0.2590       640


Confusion Matrix (rows = true, cols = predicted):
             P_No Thrust  P_Chemical  P_Electric  P_Impulsive
T_No Thrust           49          31          24           56
T_Chemical            42          38          22           58
T_Electric            49          31          24           56
T_Impulsive           45          36          20           59

Mamba Inference Time	Elapsed time is 0.1755 seconds.

Entering Transformer Training Loop
Epoch [1/100], Training Loss: 1.4453
Validation Loss: 1.3996, Validation Accuracy: 25.00%

Per-Class Validation Accuracy:
  No Thrust: 53.12% (85/160)
  Chemical: 46.88% (75/160)
  Electric: 0.00% (0/160)
  Impulsive: 0.00% (0/160)
Epoch [2/100], Training Loss: 1.4148
Validation Loss: 1.4159, Validation Accuracy: 25.00%

Per-Class Validation Accuracy:
  No Thrust: 0.00% (0/160)
  Chemical: 0.00% (0/160)
  Electric: 0.00% (0/160)
  Impulsive: 100.00% (160/160)
Epoch [3/100], Training Loss: 1.3971
Validation Loss: 1.3907, Validation Accuracy: 24.38%

Per-Class Validation Accuracy:
  No Thrust: 5.00% (8/160)
  Chemical: 88.12% (141/160)
  Electric: 4.38% (7/160)
  Impulsive: 0.00% (0/160)
Epoch [4/100], Training Loss: 1.3961
Validation Loss: 1.3873, Validation Accuracy: 24.22%

Per-Class Validation Accuracy:
  No Thrust: 0.00% (0/160)
  Chemical: 52.50% (84/160)
  Electric: 18.12% (29/160)
  Impulsive: 26.25% (42/160)
Epoch [5/100], Training Loss: 1.4096
Validation Loss: 1.3893, Validation Accuracy: 25.00%

Per-Class Validation Accuracy:
  No Thrust: 0.00% (0/160)
  Chemical: 100.00% (160/160)
  Electric: 0.00% (0/160)
  Impulsive: 0.00% (0/160)
Epoch [6/100], Training Loss: 1.4162
Validation Loss: 1.3908, Validation Accuracy: 25.00%

Per-Class Validation Accuracy:
  No Thrust: 0.00% (0/160)
  Chemical: 100.00% (160/160)
  Electric: 0.00% (0/160)
  Impulsive: 0.00% (0/160)
Epoch [7/100], Training Loss: 1.4050
Validation Loss: 1.3896, Validation Accuracy: 25.00%

Per-Class Validation Accuracy:
  No Thrust: 0.00% (0/160)
  Chemical: 99.38% (159/160)
  Electric: 0.00% (0/160)
  Impulsive: 0.62% (1/160)
Epoch [8/100], Training Loss: 1.4090
Validation Loss: 1.3919, Validation Accuracy: 25.00%

Per-Class Validation Accuracy:
  No Thrust: 0.00% (0/160)
  Chemical: 100.00% (160/160)
  Electric: 0.00% (0/160)
  Impulsive: 0.00% (0/160)
Epoch [9/100], Training Loss: 1.3988
Validation Loss: 1.3882, Validation Accuracy: 25.00%

Per-Class Validation Accuracy:
  No Thrust: 0.00% (0/160)
  Chemical: 0.00% (0/160)
  Electric: 0.00% (0/160)
  Impulsive: 100.00% (160/160)
Epoch [10/100], Training Loss: 1.4055
Validation Loss: 1.3970, Validation Accuracy: 25.00%

Per-Class Validation Accuracy:
  No Thrust: 0.00% (0/160)
  Chemical: 0.00% (0/160)
  Electric: 0.00% (0/160)
  Impulsive: 100.00% (160/160)
Epoch [11/100], Training Loss: 1.3941
Validation Loss: 1.3868, Validation Accuracy: 24.38%

Per-Class Validation Accuracy:
  No Thrust: 0.00% (0/160)
  Chemical: 88.75% (142/160)
  Electric: 8.75% (14/160)
  Impulsive: 0.00% (0/160)
Epoch [12/100], Training Loss: 1.3987
Validation Loss: 1.3865, Validation Accuracy: 24.84%

Per-Class Validation Accuracy:
  No Thrust: 31.25% (50/160)
  Chemical: 0.00% (0/160)
  Electric: 0.00% (0/160)
  Impulsive: 68.12% (109/160)
Epoch [13/100], Training Loss: 1.3921
Validation Loss: 1.3866, Validation Accuracy: 25.00%

Per-Class Validation Accuracy:
  No Thrust: 0.00% (0/160)
  Chemical: 51.25% (82/160)
  Electric: 10.00% (16/160)
  Impulsive: 38.75% (62/160)
Epoch [14/100], Training Loss: 1.3981
Validation Loss: 1.3871, Validation Accuracy: 25.00%

Per-Class Validation Accuracy:
  No Thrust: 0.00% (0/160)
  Chemical: 0.00% (0/160)
  Electric: 0.00% (0/160)
  Impulsive: 100.00% (160/160)
Epoch [15/100], Training Loss: 1.3879
Validation Loss: 1.3870, Validation Accuracy: 25.00%

Per-Class Validation Accuracy:
  No Thrust: 100.00% (160/160)
  Chemical: 0.00% (0/160)
  Electric: 0.00% (0/160)
  Impulsive: 0.00% (0/160)
Epoch [16/100], Training Loss: 1.3948
Validation Loss: 1.3867, Validation Accuracy: 25.31%

Per-Class Validation Accuracy:
  No Thrust: 0.00% (0/160)
  Chemical: 5.62% (9/160)
  Electric: 93.12% (149/160)
  Impulsive: 2.50% (4/160)
Epoch [17/100], Training Loss: 1.3956
Validation Loss: 1.3868, Validation Accuracy: 25.16%

Per-Class Validation Accuracy:
  No Thrust: 6.88% (11/160)
  Chemical: 93.75% (150/160)
  Electric: 0.00% (0/160)
  Impulsive: 0.00% (0/160)
Epoch [18/100], Training Loss: 1.3921
Validation Loss: 1.3878, Validation Accuracy: 25.00%

Per-Class Validation Accuracy:
  No Thrust: 0.00% (0/160)
  Chemical: 100.00% (160/160)
  Electric: 0.00% (0/160)
  Impulsive: 0.00% (0/160)
Epoch [19/100], Training Loss: 1.3838
Validation Loss: 1.3864, Validation Accuracy: 24.84%

Per-Class Validation Accuracy:
  No Thrust: 5.00% (8/160)
  Chemical: 69.38% (111/160)
  Electric: 25.00% (40/160)
  Impulsive: 0.00% (0/160)
Epoch [20/100], Training Loss: 1.3947
Validation Loss: 1.3867, Validation Accuracy: 24.84%

Per-Class Validation Accuracy:
  No Thrust: 0.00% (0/160)
  Chemical: 0.00% (0/160)
  Electric: 78.75% (126/160)
  Impulsive: 20.62% (33/160)
Epoch [21/100], Training Loss: 1.3862
Validation Loss: 1.3866, Validation Accuracy: 25.00%

Per-Class Validation Accuracy:
  No Thrust: 20.00% (32/160)
  Chemical: 0.00% (0/160)
  Electric: 80.00% (128/160)
  Impulsive: 0.00% (0/160)
Epoch [22/100], Training Loss: 1.3891
Validation Loss: 1.3864, Validation Accuracy: 24.53%

Per-Class Validation Accuracy:
  No Thrust: 0.00% (0/160)
  Chemical: 50.00% (80/160)
  Electric: 47.50% (76/160)
  Impulsive: 0.62% (1/160)
Epoch [23/100], Training Loss: 1.3925
Validation Loss: 1.3866, Validation Accuracy: 25.00%

Per-Class Validation Accuracy:
  No Thrust: 0.00% (0/160)
  Chemical: 0.00% (0/160)
  Electric: 74.38% (119/160)
  Impulsive: 25.62% (41/160)
Epoch [24/100], Training Loss: 1.3915
Validation Loss: 1.3864, Validation Accuracy: 25.00%

Per-Class Validation Accuracy:
  No Thrust: 72.50% (116/160)
  Chemical: 1.25% (2/160)
  Electric: 26.25% (42/160)
  Impulsive: 0.00% (0/160)
Epoch [25/100], Training Loss: 1.3902
Validation Loss: 1.3864, Validation Accuracy: 24.69%

Per-Class Validation Accuracy:
  No Thrust: 16.25% (26/160)
  Chemical: 0.00% (0/160)
  Electric: 0.62% (1/160)
  Impulsive: 81.88% (131/160)
Epoch [26/100], Training Loss: 1.3909
Validation Loss: 1.3867, Validation Accuracy: 25.00%

Per-Class Validation Accuracy:
  No Thrust: 100.00% (160/160)
  Chemical: 0.00% (0/160)
  Electric: 0.00% (0/160)
  Impulsive: 0.00% (0/160)
Epoch [27/100], Training Loss: 1.3869
Validation Loss: 1.3864, Validation Accuracy: 25.00%

Per-Class Validation Accuracy:
  No Thrust: 0.00% (0/160)
  Chemical: 0.00% (0/160)
  Electric: 46.25% (74/160)
  Impulsive: 53.75% (86/160)
Epoch [28/100], Training Loss: 1.3906
Validation Loss: 1.3864, Validation Accuracy: 25.16%

Per-Class Validation Accuracy:
  No Thrust: 0.62% (1/160)
  Chemical: 84.38% (135/160)
  Electric: 15.62% (25/160)
  Impulsive: 0.00% (0/160)
Epoch [29/100], Training Loss: 1.3895
Validation Loss: 1.3864, Validation Accuracy: 24.84%

Per-Class Validation Accuracy:
  No Thrust: 71.88% (115/160)
  Chemical: 18.12% (29/160)
  Electric: 6.25% (10/160)
  Impulsive: 3.12% (5/160)
Epoch [30/100], Training Loss: 1.3883
Validation Loss: 1.3863, Validation Accuracy: 25.62%

Per-Class Validation Accuracy:
  No Thrust: 11.88% (19/160)
  Chemical: 36.25% (58/160)
  Electric: 10.62% (17/160)
  Impulsive: 43.75% (70/160)
Epoch [31/100], Training Loss: 1.3925
Validation Loss: 1.3864, Validation Accuracy: 25.16%

Per-Class Validation Accuracy:
  No Thrust: 13.75% (22/160)
  Chemical: 0.00% (0/160)
  Electric: 0.00% (0/160)
  Impulsive: 86.88% (139/160)
Epoch [32/100], Training Loss: 1.3885
Validation Loss: 1.3864, Validation Accuracy: 24.84%

Per-Class Validation Accuracy:
  No Thrust: 28.75% (46/160)
  Chemical: 0.00% (0/160)
  Electric: 0.00% (0/160)
  Impulsive: 70.62% (113/160)
Epoch [33/100], Training Loss: 1.3928
Validation Loss: 1.3864, Validation Accuracy: 25.31%

Per-Class Validation Accuracy:
  No Thrust: 90.00% (144/160)
  Chemical: 3.75% (6/160)
  Electric: 0.00% (0/160)
  Impulsive: 7.50% (12/160)
Epoch [34/100], Training Loss: 1.3896
Validation Loss: 1.3864, Validation Accuracy: 25.16%

Per-Class Validation Accuracy:
  No Thrust: 84.38% (135/160)
  Chemical: 13.12% (21/160)
  Electric: 0.00% (0/160)
  Impulsive: 3.12% (5/160)
Epoch [35/100], Training Loss: 1.3872
Validation Loss: 1.3864, Validation Accuracy: 24.84%

Per-Class Validation Accuracy:
  No Thrust: 76.88% (123/160)
  Chemical: 3.12% (5/160)
  Electric: 13.75% (22/160)
  Impulsive: 5.62% (9/160)
Epoch [36/100], Training Loss: 1.3898
Validation Loss: 1.3864, Validation Accuracy: 24.84%

Per-Class Validation Accuracy:
  No Thrust: 31.25% (50/160)
  Chemical: 30.00% (48/160)
  Electric: 0.00% (0/160)
  Impulsive: 38.12% (61/160)
Epoch [37/100], Training Loss: 1.3887
Validation Loss: 1.3864, Validation Accuracy: 26.09%

Per-Class Validation Accuracy:
  No Thrust: 22.50% (36/160)
  Chemical: 17.50% (28/160)
  Electric: 0.00% (0/160)
  Impulsive: 64.38% (103/160)
Epoch [38/100], Training Loss: 1.3902
Validation Loss: 1.3864, Validation Accuracy: 25.16%

Per-Class Validation Accuracy:
  No Thrust: 25.00% (40/160)
  Chemical: 17.50% (28/160)
  Electric: 5.00% (8/160)
  Impulsive: 53.12% (85/160)
Epoch [39/100], Training Loss: 1.3875
Validation Loss: 1.3864, Validation Accuracy: 25.31%

Per-Class Validation Accuracy:
  No Thrust: 34.38% (55/160)
  Chemical: 18.75% (30/160)
  Electric: 2.50% (4/160)
  Impulsive: 45.62% (73/160)
Epoch [40/100], Training Loss: 1.3884
Validation Loss: 1.3864, Validation Accuracy: 25.00%

Per-Class Validation Accuracy:
  No Thrust: 10.00% (16/160)
  Chemical: 6.88% (11/160)
  Electric: 0.62% (1/160)
  Impulsive: 82.50% (132/160)
Early stopping triggered.

	Elapsed time is 32.3589 seconds.

==========================================================================================
Total parameters: 41940
Total memory (bytes): 335520
Total memory (MB): 0.319976806640625
==========================================================================================

Transformer Validation
Validation Loss: 1.3864, Validation Accuracy: 25.00%

Per-Class Validation Accuracy:
  No Thrust: 10.00% (16/160)
  Chemical: 6.88% (11/160)
  Electric: 0.62% (1/160)
  Impulsive: 82.50% (132/160)

Classification Report:
              precision    recall  f1-score   support

   No Thrust     0.2424    0.1000    0.1416       160
    Chemical     0.2821    0.0688    0.1106       160
    Electric     0.2500    0.0063    0.0122       160
   Impulsive     0.2486    0.8250    0.3821       160

    accuracy                         0.2500       640
   macro avg     0.2558    0.2500    0.1616       640
weighted avg     0.2558    0.2500    0.1616       640


Confusion Matrix (rows = true, cols = predicted):
             P_No Thrust  P_Chemical  P_Electric  P_Impulsive
T_No Thrust           16           9           1          134
T_Chemical            17          11           1          131
T_Electric            16           9           1          134
T_Impulsive           17          10           1          132

Transformer Inference Time	Elapsed time is 0.2628 seconds.

Entering MLP Training Loop
Validation Loss: 0.2850, Validation Accuracy: 25.00%

Per-Class Validation Accuracy:
  No Thrust: 0.00% (0/160)
  Chemical: 0.00% (0/160)
  Electric: 100.00% (160/160)
  Impulsive: 0.00% (0/160)
Epoch [1/100], Training Loss: 0.2792
Validation Loss: 0.2830, Validation Accuracy: 25.00%

Per-Class Validation Accuracy:
  No Thrust: 0.00% (0/160)
  Chemical: 0.00% (0/160)
  Electric: 100.00% (160/160)
  Impulsive: 0.00% (0/160)
Epoch [2/100], Training Loss: 0.1384
Validation Loss: 0.2819, Validation Accuracy: 25.00%

Per-Class Validation Accuracy:
  No Thrust: 0.00% (0/160)
  Chemical: 0.00% (0/160)
  Electric: 100.00% (160/160)
  Impulsive: 0.00% (0/160)
Epoch [3/100], Training Loss: 0.0925
Validation Loss: 0.2811, Validation Accuracy: 25.00%

Per-Class Validation Accuracy:
  No Thrust: 0.00% (0/160)
  Chemical: 0.00% (0/160)
  Electric: 100.00% (160/160)
  Impulsive: 0.00% (0/160)
Epoch [4/100], Training Loss: 0.0692
Validation Loss: 0.2801, Validation Accuracy: 25.00%

Per-Class Validation Accuracy:
  No Thrust: 0.00% (0/160)
  Chemical: 0.00% (0/160)
  Electric: 100.00% (160/160)
  Impulsive: 0.00% (0/160)
Epoch [5/100], Training Loss: 0.0553
Validation Loss: 0.2793, Validation Accuracy: 25.00%

Per-Class Validation Accuracy:
  No Thrust: 0.00% (0/160)
  Chemical: 0.00% (0/160)
  Electric: 100.00% (160/160)
  Impulsive: 0.00% (0/160)
Epoch [6/100], Training Loss: 0.0462
Validation Loss: 0.2786, Validation Accuracy: 24.84%

Per-Class Validation Accuracy:
  No Thrust: 0.00% (0/160)
  Chemical: 0.00% (0/160)
  Electric: 99.38% (159/160)
  Impulsive: 0.00% (0/160)
Epoch [7/100], Training Loss: 0.0396
Validation Loss: 0.2783, Validation Accuracy: 24.22%

Per-Class Validation Accuracy:
  No Thrust: 0.00% (0/160)
  Chemical: 1.88% (3/160)
  Electric: 93.12% (149/160)
  Impulsive: 1.88% (3/160)
Epoch [8/100], Training Loss: 0.0347
Validation Loss: 0.2782, Validation Accuracy: 24.38%

Per-Class Validation Accuracy:
  No Thrust: 0.00% (0/160)
  Chemical: 9.38% (15/160)
  Electric: 83.75% (134/160)
  Impulsive: 4.38% (7/160)
Epoch [9/100], Training Loss: 0.0308
Validation Loss: 0.2780, Validation Accuracy: 23.91%

Per-Class Validation Accuracy:
  No Thrust: 1.25% (2/160)
  Chemical: 16.25% (26/160)
  Electric: 69.38% (111/160)
  Impulsive: 8.75% (14/160)
Epoch [10/100], Training Loss: 0.0277
Validation Loss: 0.2779, Validation Accuracy: 24.53%

Per-Class Validation Accuracy:
  No Thrust: 5.00% (8/160)
  Chemical: 25.00% (40/160)
  Electric: 51.25% (82/160)
  Impulsive: 16.88% (27/160)
Epoch [11/100], Training Loss: 0.0252
Validation Loss: 0.2783, Validation Accuracy: 24.84%

Per-Class Validation Accuracy:
  No Thrust: 2.50% (4/160)
  Chemical: 31.25% (50/160)
  Electric: 51.88% (83/160)
  Impulsive: 13.75% (22/160)
Epoch [12/100], Training Loss: 0.0232
Validation Loss: 0.2779, Validation Accuracy: 24.69%

Per-Class Validation Accuracy:
  No Thrust: 6.88% (11/160)
  Chemical: 32.50% (52/160)
  Electric: 40.62% (65/160)
  Impulsive: 18.75% (30/160)
Epoch [13/100], Training Loss: 0.0213
Validation Loss: 0.2776, Validation Accuracy: 25.47%

Per-Class Validation Accuracy:
  No Thrust: 10.00% (16/160)
  Chemical: 36.25% (58/160)
  Electric: 35.00% (56/160)
  Impulsive: 20.62% (33/160)
Epoch [14/100], Training Loss: 0.0198
Validation Loss: 0.2770, Validation Accuracy: 25.00%

Per-Class Validation Accuracy:
  No Thrust: 19.38% (31/160)
  Chemical: 33.12% (53/160)
  Electric: 27.50% (44/160)
  Impulsive: 20.00% (32/160)
Epoch [15/100], Training Loss: 0.0185
Validation Loss: 0.2771, Validation Accuracy: 25.16%

Per-Class Validation Accuracy:
  No Thrust: 19.38% (31/160)
  Chemical: 38.12% (61/160)
  Electric: 22.50% (36/160)
  Impulsive: 20.62% (33/160)
Epoch [16/100], Training Loss: 0.0173
Validation Loss: 0.2769, Validation Accuracy: 25.94%

Per-Class Validation Accuracy:
  No Thrust: 25.00% (40/160)
  Chemical: 37.50% (60/160)
  Electric: 23.12% (37/160)
  Impulsive: 18.12% (29/160)
Epoch [17/100], Training Loss: 0.0163
Validation Loss: 0.2776, Validation Accuracy: 25.47%

Per-Class Validation Accuracy:
  No Thrust: 13.75% (22/160)
  Chemical: 40.00% (64/160)
  Electric: 26.25% (42/160)
  Impulsive: 21.88% (35/160)
Epoch [18/100], Training Loss: 0.0154
Validation Loss: 0.2775, Validation Accuracy: 25.16%

Per-Class Validation Accuracy:
  No Thrust: 11.25% (18/160)
  Chemical: 35.62% (57/160)
  Electric: 30.00% (48/160)
  Impulsive: 23.75% (38/160)
Epoch [19/100], Training Loss: 0.0146
Validation Loss: 0.2773, Validation Accuracy: 25.62%

Per-Class Validation Accuracy:
  No Thrust: 18.75% (30/160)
  Chemical: 31.25% (50/160)
  Electric: 28.12% (45/160)
  Impulsive: 24.38% (39/160)
Epoch [20/100], Training Loss: 0.0139
Validation Loss: 0.2775, Validation Accuracy: 25.78%

Per-Class Validation Accuracy:
  No Thrust: 13.12% (21/160)
  Chemical: 38.75% (62/160)
  Electric: 33.12% (53/160)
  Impulsive: 18.12% (29/160)
Epoch [21/100], Training Loss: 0.0132
Validation Loss: 0.2770, Validation Accuracy: 25.47%

Per-Class Validation Accuracy:
  No Thrust: 21.25% (34/160)
  Chemical: 36.25% (58/160)
  Electric: 28.12% (45/160)
  Impulsive: 16.25% (26/160)
Epoch [22/100], Training Loss: 0.0126
Validation Loss: 0.2767, Validation Accuracy: 25.94%

Per-Class Validation Accuracy:
  No Thrust: 26.25% (42/160)
  Chemical: 32.50% (52/160)
  Electric: 29.38% (47/160)
  Impulsive: 15.62% (25/160)
Epoch [23/100], Training Loss: 0.0121
Validation Loss: 0.2776, Validation Accuracy: 25.94%

Per-Class Validation Accuracy:
  No Thrust: 11.88% (19/160)
  Chemical: 34.38% (55/160)
  Electric: 33.75% (54/160)
  Impulsive: 23.75% (38/160)
Epoch [24/100], Training Loss: 0.0116
Validation Loss: 0.2776, Validation Accuracy: 26.25%

Per-Class Validation Accuracy:
  No Thrust: 11.25% (18/160)
  Chemical: 38.75% (62/160)
  Electric: 35.00% (56/160)
  Impulsive: 20.00% (32/160)
Epoch [25/100], Training Loss: 0.0111
Validation Loss: 0.2774, Validation Accuracy: 25.31%

Per-Class Validation Accuracy:
  No Thrust: 15.62% (25/160)
  Chemical: 41.25% (66/160)
  Electric: 23.12% (37/160)
  Impulsive: 21.25% (34/160)
Epoch [26/100], Training Loss: 0.0107
Validation Loss: 0.2777, Validation Accuracy: 25.78%

Per-Class Validation Accuracy:
  No Thrust: 16.88% (27/160)
  Chemical: 48.12% (77/160)
  Electric: 15.62% (25/160)
  Impulsive: 22.50% (36/160)
Epoch [27/100], Training Loss: 0.0103
Validation Loss: 0.2771, Validation Accuracy: 26.09%

Per-Class Validation Accuracy:
  No Thrust: 22.50% (36/160)
  Chemical: 39.38% (63/160)
  Electric: 19.38% (31/160)
  Impulsive: 23.12% (37/160)
Epoch [28/100], Training Loss: 0.0099
Validation Loss: 0.2774, Validation Accuracy: 26.09%

Per-Class Validation Accuracy:
  No Thrust: 16.25% (26/160)
  Chemical: 40.62% (65/160)
  Electric: 23.75% (38/160)
  Impulsive: 23.75% (38/160)
Epoch [29/100], Training Loss: 0.0096
Validation Loss: 0.2772, Validation Accuracy: 26.09%

Per-Class Validation Accuracy:
  No Thrust: 19.38% (31/160)
  Chemical: 43.12% (69/160)
  Electric: 20.62% (33/160)
  Impulsive: 21.25% (34/160)
Epoch [30/100], Training Loss: 0.0092
Validation Loss: 0.2770, Validation Accuracy: 26.25%

Per-Class Validation Accuracy:
  No Thrust: 21.25% (34/160)
  Chemical: 41.88% (67/160)
  Electric: 26.88% (43/160)
  Impulsive: 15.00% (24/160)
Epoch [31/100], Training Loss: 0.0089
Validation Loss: 0.2773, Validation Accuracy: 25.94%

Per-Class Validation Accuracy:
  No Thrust: 16.88% (27/160)
  Chemical: 41.88% (67/160)
  Electric: 30.62% (49/160)
  Impulsive: 14.38% (23/160)
Epoch [32/100], Training Loss: 0.0086
Validation Loss: 0.2763, Validation Accuracy: 26.72%

Per-Class Validation Accuracy:
  No Thrust: 38.12% (61/160)
  Chemical: 36.25% (58/160)
  Electric: 18.75% (30/160)
  Impulsive: 13.75% (22/160)
Epoch [33/100], Training Loss: 0.0084
Validation Loss: 0.2765, Validation Accuracy: 26.41%

Per-Class Validation Accuracy:
  No Thrust: 30.62% (49/160)
  Chemical: 38.12% (61/160)
  Electric: 18.75% (30/160)
  Impulsive: 18.12% (29/160)
Epoch [34/100], Training Loss: 0.0082
Validation Loss: 0.2768, Validation Accuracy: 26.09%

Per-Class Validation Accuracy:
  No Thrust: 24.38% (39/160)
  Chemical: 38.75% (62/160)
  Electric: 26.88% (43/160)
  Impulsive: 14.38% (23/160)
Epoch [35/100], Training Loss: 0.0079
Validation Loss: 0.2771, Validation Accuracy: 26.09%

Per-Class Validation Accuracy:
  No Thrust: 19.38% (31/160)
  Chemical: 41.25% (66/160)
  Electric: 28.75% (46/160)
  Impulsive: 15.00% (24/160)
Epoch [36/100], Training Loss: 0.0077
Validation Loss: 0.2767, Validation Accuracy: 27.34%

Per-Class Validation Accuracy:
  No Thrust: 28.12% (45/160)
  Chemical: 39.38% (63/160)
  Electric: 21.25% (34/160)
  Impulsive: 20.62% (33/160)
Epoch [37/100], Training Loss: 0.0075
Validation Loss: 0.2768, Validation Accuracy: 27.50%

Per-Class Validation Accuracy:
  No Thrust: 26.25% (42/160)
  Chemical: 42.50% (68/160)
  Electric: 20.62% (33/160)
  Impulsive: 20.62% (33/160)
Epoch [38/100], Training Loss: 0.0073
Validation Loss: 0.2776, Validation Accuracy: 26.72%

Per-Class Validation Accuracy:
  No Thrust: 12.50% (20/160)
  Chemical: 45.62% (73/160)
  Electric: 31.88% (51/160)
  Impulsive: 16.88% (27/160)
Epoch [39/100], Training Loss: 0.0071
Validation Loss: 0.2773, Validation Accuracy: 27.19%

Per-Class Validation Accuracy:
  No Thrust: 15.62% (25/160)
  Chemical: 50.62% (81/160)
  Electric: 30.00% (48/160)
  Impulsive: 12.50% (20/160)
Epoch [40/100], Training Loss: 0.0069
Validation Loss: 0.2773, Validation Accuracy: 26.56%

Per-Class Validation Accuracy:
  No Thrust: 16.25% (26/160)
  Chemical: 46.88% (75/160)
  Electric: 32.50% (52/160)
  Impulsive: 10.62% (17/160)
Epoch [41/100], Training Loss: 0.0068
Validation Loss: 0.2771, Validation Accuracy: 26.56%

Per-Class Validation Accuracy:
  No Thrust: 18.12% (29/160)
  Chemical: 48.75% (78/160)
  Electric: 26.88% (43/160)
  Impulsive: 12.50% (20/160)
Epoch [42/100], Training Loss: 0.0066
Validation Loss: 0.2774, Validation Accuracy: 26.88%

Per-Class Validation Accuracy:
  No Thrust: 16.25% (26/160)
  Chemical: 48.75% (78/160)
  Electric: 25.62% (41/160)
  Impulsive: 16.88% (27/160)
Epoch [43/100], Training Loss: 0.0064
Validation Loss: 0.2776, Validation Accuracy: 27.19%

Per-Class Validation Accuracy:
  No Thrust: 15.00% (24/160)
  Chemical: 52.50% (84/160)
  Electric: 23.75% (38/160)
  Impulsive: 17.50% (28/160)
Epoch [44/100], Training Loss: 0.0063
Validation Loss: 0.2776, Validation Accuracy: 27.03%

Per-Class Validation Accuracy:
  No Thrust: 14.38% (23/160)
  Chemical: 50.62% (81/160)
  Electric: 27.50% (44/160)
  Impulsive: 15.62% (25/160)
Epoch [45/100], Training Loss: 0.0062
Validation Loss: 0.2774, Validation Accuracy: 26.41%

Per-Class Validation Accuracy:
  No Thrust: 15.62% (25/160)
  Chemical: 48.12% (77/160)
  Electric: 30.00% (48/160)
  Impulsive: 11.88% (19/160)
Epoch [46/100], Training Loss: 0.0060
Validation Loss: 0.2780, Validation Accuracy: 27.34%

Per-Class Validation Accuracy:
  No Thrust: 10.62% (17/160)
  Chemical: 56.25% (90/160)
  Electric: 28.12% (45/160)
  Impulsive: 14.38% (23/160)
Epoch [47/100], Training Loss: 0.0059
Validation Loss: 0.2778, Validation Accuracy: 26.88%

Per-Class Validation Accuracy:
  No Thrust: 11.88% (19/160)
  Chemical: 50.00% (80/160)
  Electric: 31.25% (50/160)
  Impulsive: 14.38% (23/160)
Epoch [48/100], Training Loss: 0.0058
Validation Loss: 0.2775, Validation Accuracy: 27.19%

Per-Class Validation Accuracy:
  No Thrust: 17.50% (28/160)
  Chemical: 51.25% (82/160)
  Electric: 20.00% (32/160)
  Impulsive: 20.00% (32/160)
Epoch [49/100], Training Loss: 0.0057
Validation Loss: 0.2776, Validation Accuracy: 27.03%

Per-Class Validation Accuracy:
  No Thrust: 15.62% (25/160)
  Chemical: 51.25% (82/160)
  Electric: 20.00% (32/160)
  Impulsive: 21.25% (34/160)
Epoch [50/100], Training Loss: 0.0055
Validation Loss: 0.2772, Validation Accuracy: 27.03%

Per-Class Validation Accuracy:
  No Thrust: 17.50% (28/160)
  Chemical: 51.25% (82/160)
  Electric: 20.00% (32/160)
  Impulsive: 19.38% (31/160)
Epoch [51/100], Training Loss: 0.0054
Validation Loss: 0.2775, Validation Accuracy: 27.34%

Per-Class Validation Accuracy:
  No Thrust: 16.25% (26/160)
  Chemical: 54.38% (87/160)
  Electric: 21.88% (35/160)
  Impulsive: 16.88% (27/160)
Epoch [52/100], Training Loss: 0.0053
Validation Loss: 0.2776, Validation Accuracy: 27.03%

Per-Class Validation Accuracy:
  No Thrust: 16.88% (27/160)
  Chemical: 54.38% (87/160)
  Electric: 20.62% (33/160)
  Impulsive: 16.25% (26/160)
Epoch [53/100], Training Loss: 0.0052
Validation Loss: 0.2775, Validation Accuracy: 27.34%

Per-Class Validation Accuracy:
  No Thrust: 16.25% (26/160)
  Chemical: 54.38% (87/160)
  Electric: 23.12% (37/160)
  Impulsive: 15.62% (25/160)
Epoch [54/100], Training Loss: 0.0051
Validation Loss: 0.2773, Validation Accuracy: 26.88%

Per-Class Validation Accuracy:
  No Thrust: 18.12% (29/160)
  Chemical: 53.12% (85/160)
  Electric: 18.75% (30/160)
  Impulsive: 17.50% (28/160)
Epoch [55/100], Training Loss: 0.0050
Validation Loss: 0.2773, Validation Accuracy: 27.66%

Per-Class Validation Accuracy:
  No Thrust: 20.00% (32/160)
  Chemical: 50.00% (80/160)
  Electric: 18.12% (29/160)
  Impulsive: 22.50% (36/160)
Epoch [56/100], Training Loss: 0.0049
Validation Loss: 0.2772, Validation Accuracy: 27.03%

Per-Class Validation Accuracy:
  No Thrust: 20.00% (32/160)
  Chemical: 51.88% (83/160)
  Electric: 18.12% (29/160)
  Impulsive: 18.12% (29/160)
Epoch [57/100], Training Loss: 0.0049
Validation Loss: 0.2772, Validation Accuracy: 27.03%

Per-Class Validation Accuracy:
  No Thrust: 20.00% (32/160)
  Chemical: 51.88% (83/160)
  Electric: 18.12% (29/160)
  Impulsive: 18.12% (29/160)
Epoch [58/100], Training Loss: 0.0048
Validation Loss: 0.2771, Validation Accuracy: 27.34%

Per-Class Validation Accuracy:
  No Thrust: 21.25% (34/160)
  Chemical: 51.88% (83/160)
  Electric: 21.25% (34/160)
  Impulsive: 15.00% (24/160)
Epoch [59/100], Training Loss: 0.0047
Validation Loss: 0.2769, Validation Accuracy: 27.81%

Per-Class Validation Accuracy:
  No Thrust: 24.38% (39/160)
  Chemical: 53.12% (85/160)
  Electric: 19.38% (31/160)
  Impulsive: 14.38% (23/160)
Epoch [60/100], Training Loss: 0.0046
Validation Loss: 0.2769, Validation Accuracy: 27.19%

Per-Class Validation Accuracy:
  No Thrust: 23.12% (37/160)
  Chemical: 51.88% (83/160)
  Electric: 18.12% (29/160)
  Impulsive: 15.62% (25/160)
Epoch [61/100], Training Loss: 0.0045
Validation Loss: 0.2769, Validation Accuracy: 27.50%

Per-Class Validation Accuracy:
  No Thrust: 23.75% (38/160)
  Chemical: 51.88% (83/160)
  Electric: 20.00% (32/160)
  Impulsive: 14.38% (23/160)
Epoch [62/100], Training Loss: 0.0045
Validation Loss: 0.2769, Validation Accuracy: 27.81%

Per-Class Validation Accuracy:
  No Thrust: 24.38% (39/160)
  Chemical: 53.12% (85/160)
  Electric: 20.00% (32/160)
  Impulsive: 13.75% (22/160)
Epoch [63/100], Training Loss: 0.0044
Validation Loss: 0.2769, Validation Accuracy: 27.03%

Per-Class Validation Accuracy:
  No Thrust: 23.75% (38/160)
  Chemical: 53.12% (85/160)
  Electric: 17.50% (28/160)
  Impulsive: 13.75% (22/160)
Epoch [64/100], Training Loss: 0.0043
Validation Loss: 0.2770, Validation Accuracy: 27.97%

Per-Class Validation Accuracy:
  No Thrust: 21.25% (34/160)
  Chemical: 54.38% (87/160)
  Electric: 21.25% (34/160)
  Impulsive: 15.00% (24/160)
Epoch [65/100], Training Loss: 0.0043
Validation Loss: 0.2770, Validation Accuracy: 27.50%

Per-Class Validation Accuracy:
  No Thrust: 23.75% (38/160)
  Chemical: 54.38% (87/160)
  Electric: 19.38% (31/160)
  Impulsive: 12.50% (20/160)
Epoch [66/100], Training Loss: 0.0042
Validation Loss: 0.2771, Validation Accuracy: 27.81%

Per-Class Validation Accuracy:
  No Thrust: 20.62% (33/160)
  Chemical: 53.75% (86/160)
  Electric: 19.38% (31/160)
  Impulsive: 17.50% (28/160)
Epoch [67/100], Training Loss: 0.0041
Validation Loss: 0.2771, Validation Accuracy: 27.19%

Per-Class Validation Accuracy:
  No Thrust: 22.50% (36/160)
  Chemical: 53.75% (86/160)
  Electric: 15.00% (24/160)
  Impulsive: 17.50% (28/160)
Epoch [68/100], Training Loss: 0.0041
Validation Loss: 0.2770, Validation Accuracy: 27.19%

Per-Class Validation Accuracy:
  No Thrust: 22.50% (36/160)
  Chemical: 53.12% (85/160)
  Electric: 15.62% (25/160)
  Impulsive: 17.50% (28/160)
Epoch [69/100], Training Loss: 0.0040
Validation Loss: 0.2769, Validation Accuracy: 28.12%

Per-Class Validation Accuracy:
  No Thrust: 24.38% (39/160)
  Chemical: 53.12% (85/160)
  Electric: 19.38% (31/160)
  Impulsive: 15.62% (25/160)
Epoch [70/100], Training Loss: 0.0040
Validation Loss: 0.2770, Validation Accuracy: 27.97%

Per-Class Validation Accuracy:
  No Thrust: 23.75% (38/160)
  Chemical: 52.50% (84/160)
  Electric: 18.75% (30/160)
  Impulsive: 16.88% (27/160)
Epoch [71/100], Training Loss: 0.0039
Validation Loss: 0.2770, Validation Accuracy: 27.97%

Per-Class Validation Accuracy:
  No Thrust: 24.38% (39/160)
  Chemical: 54.38% (87/160)
  Electric: 18.12% (29/160)
  Impulsive: 15.00% (24/160)
Epoch [72/100], Training Loss: 0.0038
Validation Loss: 0.2772, Validation Accuracy: 27.97%

Per-Class Validation Accuracy:
  No Thrust: 20.62% (33/160)
  Chemical: 55.00% (88/160)
  Electric: 21.25% (34/160)
  Impulsive: 15.00% (24/160)
Epoch [73/100], Training Loss: 0.0038
Validation Loss: 0.2771, Validation Accuracy: 27.97%

Per-Class Validation Accuracy:
  No Thrust: 21.25% (34/160)
  Chemical: 55.00% (88/160)
  Electric: 21.25% (34/160)
  Impulsive: 14.38% (23/160)
Epoch [74/100], Training Loss: 0.0037
Validation Loss: 0.2772, Validation Accuracy: 28.12%

Per-Class Validation Accuracy:
  No Thrust: 21.25% (34/160)
  Chemical: 55.00% (88/160)
  Electric: 20.62% (33/160)
  Impulsive: 15.62% (25/160)
Epoch [75/100], Training Loss: 0.0037
Validation Loss: 0.2771, Validation Accuracy: 27.97%

Per-Class Validation Accuracy:
  No Thrust: 22.50% (36/160)
  Chemical: 55.00% (88/160)
  Electric: 18.75% (30/160)
  Impulsive: 15.62% (25/160)
Epoch [76/100], Training Loss: 0.0036
Validation Loss: 0.2771, Validation Accuracy: 27.81%

Per-Class Validation Accuracy:
  No Thrust: 21.88% (35/160)
  Chemical: 54.38% (87/160)
  Electric: 19.38% (31/160)
  Impulsive: 15.62% (25/160)
Epoch [77/100], Training Loss: 0.0036
Validation Loss: 0.2771, Validation Accuracy: 28.28%

Per-Class Validation Accuracy:
  No Thrust: 21.88% (35/160)
  Chemical: 53.75% (86/160)
  Electric: 21.25% (34/160)
  Impulsive: 16.25% (26/160)
Epoch [78/100], Training Loss: 0.0036
Validation Loss: 0.2771, Validation Accuracy: 28.12%

Per-Class Validation Accuracy:
  No Thrust: 21.88% (35/160)
  Chemical: 53.75% (86/160)
  Electric: 20.62% (33/160)
  Impulsive: 16.25% (26/160)
Epoch [79/100], Training Loss: 0.0035
Validation Loss: 0.2771, Validation Accuracy: 28.12%

Per-Class Validation Accuracy:
  No Thrust: 21.88% (35/160)
  Chemical: 53.75% (86/160)
  Electric: 20.62% (33/160)
  Impulsive: 16.25% (26/160)
Epoch [80/100], Training Loss: 0.0035
Validation Loss: 0.2770, Validation Accuracy: 28.12%

Per-Class Validation Accuracy:
  No Thrust: 23.75% (38/160)
  Chemical: 53.75% (86/160)
  Electric: 18.75% (30/160)
  Impulsive: 16.25% (26/160)
Epoch [81/100], Training Loss: 0.0034
Validation Loss: 0.2770, Validation Accuracy: 28.44%

Per-Class Validation Accuracy:
  No Thrust: 23.12% (37/160)
  Chemical: 54.38% (87/160)
  Electric: 20.00% (32/160)
  Impulsive: 16.25% (26/160)
Epoch [82/100], Training Loss: 0.0034
Validation Loss: 0.2771, Validation Accuracy: 28.44%

Per-Class Validation Accuracy:
  No Thrust: 23.12% (37/160)
  Chemical: 54.38% (87/160)
  Electric: 20.00% (32/160)
  Impulsive: 16.25% (26/160)
Epoch [83/100], Training Loss: 0.0033
Validation Loss: 0.2770, Validation Accuracy: 28.28%

Per-Class Validation Accuracy:
  No Thrust: 23.12% (37/160)
  Chemical: 53.75% (86/160)
  Electric: 20.00% (32/160)
  Impulsive: 16.25% (26/160)
Epoch [84/100], Training Loss: 0.0033
Validation Loss: 0.2771, Validation Accuracy: 28.59%

Per-Class Validation Accuracy:
  No Thrust: 22.50% (36/160)
  Chemical: 54.38% (87/160)
  Electric: 21.25% (34/160)
  Impulsive: 16.25% (26/160)
Epoch [85/100], Training Loss: 0.0033
Validation Loss: 0.2771, Validation Accuracy: 28.59%

Per-Class Validation Accuracy:
  No Thrust: 22.50% (36/160)
  Chemical: 54.38% (87/160)
  Electric: 21.25% (34/160)
  Impulsive: 16.25% (26/160)
Epoch [86/100], Training Loss: 0.0032
Validation Loss: 0.2770, Validation Accuracy: 28.59%

Per-Class Validation Accuracy:
  No Thrust: 22.50% (36/160)
  Chemical: 54.38% (87/160)
  Electric: 21.25% (34/160)
  Impulsive: 16.25% (26/160)
Epoch [87/100], Training Loss: 0.0032
Validation Loss: 0.2771, Validation Accuracy: 28.28%

Per-Class Validation Accuracy:
  No Thrust: 21.88% (35/160)
  Chemical: 54.38% (87/160)
  Electric: 20.62% (33/160)
  Impulsive: 16.25% (26/160)
Epoch [88/100], Training Loss: 0.0031
Validation Loss: 0.2771, Validation Accuracy: 28.28%

Per-Class Validation Accuracy:
  No Thrust: 21.88% (35/160)
  Chemical: 54.38% (87/160)
  Electric: 20.62% (33/160)
  Impulsive: 16.25% (26/160)
Epoch [89/100], Training Loss: 0.0031
Validation Loss: 0.2771, Validation Accuracy: 28.12%

Per-Class Validation Accuracy:
  No Thrust: 21.88% (35/160)
  Chemical: 53.75% (86/160)
  Electric: 20.62% (33/160)
  Impulsive: 16.25% (26/160)
Epoch [90/100], Training Loss: 0.0031
Validation Loss: 0.2771, Validation Accuracy: 28.28%

Per-Class Validation Accuracy:
  No Thrust: 21.88% (35/160)
  Chemical: 54.38% (87/160)
  Electric: 20.62% (33/160)
  Impulsive: 16.25% (26/160)
Epoch [91/100], Training Loss: 0.0030
Validation Loss: 0.2771, Validation Accuracy: 28.28%

Per-Class Validation Accuracy:
  No Thrust: 21.88% (35/160)
  Chemical: 54.38% (87/160)
  Electric: 20.62% (33/160)
  Impulsive: 16.25% (26/160)
Epoch [92/100], Training Loss: 0.0030
Validation Loss: 0.2771, Validation Accuracy: 28.28%

Per-Class Validation Accuracy:
  No Thrust: 21.88% (35/160)
  Chemical: 54.38% (87/160)
  Electric: 20.62% (33/160)
  Impulsive: 16.25% (26/160)
Epoch [93/100], Training Loss: 0.0030
Validation Loss: 0.2771, Validation Accuracy: 28.28%

Per-Class Validation Accuracy:
  No Thrust: 21.88% (35/160)
  Chemical: 54.38% (87/160)
  Electric: 20.62% (33/160)
  Impulsive: 16.25% (26/160)
Epoch [94/100], Training Loss: 0.0029
Validation Loss: 0.2771, Validation Accuracy: 28.28%

Per-Class Validation Accuracy:
  No Thrust: 21.88% (35/160)
  Chemical: 54.38% (87/160)
  Electric: 20.62% (33/160)
  Impulsive: 16.25% (26/160)
Epoch [95/100], Training Loss: 0.0029
Validation Loss: 0.2771, Validation Accuracy: 28.28%

Per-Class Validation Accuracy:
  No Thrust: 21.88% (35/160)
  Chemical: 54.38% (87/160)
  Electric: 20.62% (33/160)
  Impulsive: 16.25% (26/160)
Epoch [96/100], Training Loss: 0.0029
Validation Loss: 0.2771, Validation Accuracy: 28.28%

Per-Class Validation Accuracy:
  No Thrust: 21.88% (35/160)
  Chemical: 54.38% (87/160)
  Electric: 20.62% (33/160)
  Impulsive: 16.25% (26/160)
Epoch [97/100], Training Loss: 0.0029
Validation Loss: 0.2771, Validation Accuracy: 28.28%

Per-Class Validation Accuracy:
  No Thrust: 21.88% (35/160)
  Chemical: 54.38% (87/160)
  Electric: 20.62% (33/160)
  Impulsive: 16.25% (26/160)
Epoch [98/100], Training Loss: 0.0028
Validation Loss: 0.2771, Validation Accuracy: 28.28%

Per-Class Validation Accuracy:
  No Thrust: 21.88% (35/160)
  Chemical: 54.38% (87/160)
  Electric: 20.62% (33/160)
  Impulsive: 16.25% (26/160)
Epoch [99/100], Training Loss: 0.0028
Validation Loss: 0.2771, Validation Accuracy: 28.28%

Per-Class Validation Accuracy:
  No Thrust: 21.88% (35/160)
  Chemical: 54.38% (87/160)
  Electric: 20.62% (33/160)
  Impulsive: 16.25% (26/160)
Epoch [100/100], Training Loss: 0.0028

	Elapsed time is 6.0663 seconds.

==========================================================================================
Total parameters: 708
Total memory (bytes): 5664
Total memory (MB): 0.005401611328125
==========================================================================================

MLP Validation
Validation Loss: 0.2771, Validation Accuracy: 28.28%

Per-Class Validation Accuracy:
  No Thrust: 21.88% (35/160)
  Chemical: 54.38% (87/160)
  Electric: 20.62% (33/160)
  Impulsive: 16.25% (26/160)

MLP Inference Time	Elapsed time is 0.0505 seconds.

Classification Report:
              precision    recall  f1-score   support

           0     0.2846    0.2188    0.2473       160
           1     0.2806    0.5437    0.3702       160
           2     0.2870    0.2062    0.2400       160
           3     0.2826    0.1625    0.2063       160

    accuracy                         0.2828       640
   macro avg     0.2837    0.2828    0.2660       640
weighted avg     0.2837    0.2828    0.2660       640


Confusion Matrix (rows = true, cols = predicted):
             P_No Thrust  P_Chemical  P_Electric  P_Impulsive
T_No Thrust           35          70          33           22
T_Chemical            26          87          25           22
T_Electric            35          70          33           22
T_Impulsive           27          83          24           26
