Processing datasets for vleo with 100 minutes and 800 random systems.
GPU is available
Training data location: /home/hunter/git/GMAT-Thrust-Data/data/classification/vleo/100min-800
Test data location: /home/hunter/git/GMAT-Thrust-Data/data/classification/vleo/100min-800

Entering Decision Trees Training Loop

	Elapsed time is 1.0806 seconds.

==========================================================================================
Total parameters: NaN
Total memory (bytes): 398077
Total memory (MB): 0.3796358108520508
==========================================================================================

Decision Trees Validation
Validation Loss: 0.5324, Validation Accuracy: 72.97%

Per-Class Validation Accuracy:
  No Thrust: 41.25% (66/160)
  Chemical: 98.75% (158/160)
  Electric: 56.88% (91/160)
  Impulsive: 95.00% (152/160)

Classification Report:
              precision    recall  f1-score   support

   No Thrust     0.4925    0.4125    0.4490       160
    Chemical     0.9634    0.9875    0.9753       160
    Electric     0.4892    0.5687    0.5260       160
   Impulsive     0.9744    0.9500    0.9620       160

    accuracy                         0.7297       640
   macro avg     0.7299    0.7297    0.7281       640
weighted avg     0.7299    0.7297    0.7281       640


Confusion Matrix (rows = true, cols = predicted):
             P_No Thrust  P_Chemical  P_Electric  P_Impulsive
T_No Thrust           66           0          93            1
T_Chemical             0         158           0            2
T_Electric            68           0          91            1
T_Impulsive            0           6           2          152

Decision Trees Inference Time	Elapsed time is 0.0230 seconds.

Entering Nearest Neighbor Training Loop

	Elapsed time is 0.0615 seconds.

==========================================================================================
Total parameters: NaN (non-parametric model)
Total memory (bytes): 6355967
Total memory (MB): 6.0615
==========================================================================================

1-NN Validation
Validation Loss: NaN, Validation Accuracy: 50.47%

Per-Class Validation Accuracy:
  No Thrust: 34.38% (55/160)
  Chemical: 80.00% (128/160)
  Electric: 36.25% (58/160)
  Impulsive: 51.25% (82/160)

Classification Report:
              precision    recall  f1-score   support

   No Thrust     0.4074    0.3438    0.3729       160
    Chemical     0.6465    0.8000    0.7151       160
    Electric     0.3452    0.3625    0.3537       160
   Impulsive     0.5899    0.5125    0.5485       160

    accuracy                         0.5047       640
   macro avg     0.4973    0.5047    0.4975       640
weighted avg     0.4973    0.5047    0.4975       640


Confusion Matrix (rows = true, cols = predicted):
             P_No Thrust  P_Chemical  P_Electric  P_Impulsive
T_No Thrust           55          24          58           23
T_Chemical             6         128          15           11
T_Electric            55          24          58           23
T_Impulsive           19          22          37           82

1-NN Inference Time	Elapsed time is 22.6120 seconds.

Entering MiniRocket Training Loop

	Elapsed time is 5.4842 seconds.

==========================================================================================
Total parameters: 9996
Total memory (bytes): 619709
Total memory (MB): 0.5910
==========================================================================================

MiniRocket Validation
Validation Loss: NaN, Validation Accuracy: 75.31%

Per-Class Validation Accuracy:
  No Thrust: 47.50% (76/160)
  Chemical: 100.00% (160/160)
  Electric: 55.62% (89/160)
  Impulsive: 98.12% (157/160)

Classification Report:
              precision    recall  f1-score   support

   No Thrust     0.5101    0.4750    0.4919       160
    Chemical     1.0000    1.0000    1.0000       160
    Electric     0.5115    0.5563    0.5329       160
   Impulsive     1.0000    0.9812    0.9905       160

    accuracy                         0.7531       640
   macro avg     0.7554    0.7531    0.7538       640
weighted avg     0.7554    0.7531    0.7538       640


Confusion Matrix (rows = true, cols = predicted):
             P_No Thrust  P_Chemical  P_Electric  P_Impulsive
T_No Thrust           76           0          84            0
T_Chemical             0         160           0            0
T_Electric            71           0          89            0
T_Impulsive            2           0           1          157

MiniRocket Inference Time	Elapsed time is 1.9737 seconds.

Entering LSTM Training Loop
Epoch [1/100], Training Loss: 1.3898
Validation Loss: 1.3804, Validation Accuracy: 44.69%

Per-Class Validation Accuracy:
  No Thrust: 0.00% (0/160)
  Chemical: 0.00% (0/160)
  Electric: 80.00% (128/160)
  Impulsive: 98.75% (158/160)
Epoch [2/100], Training Loss: 1.3879
Validation Loss: 1.3722, Validation Accuracy: 34.84%

Per-Class Validation Accuracy:
  No Thrust: 60.00% (96/160)
  Chemical: 19.38% (31/160)
  Electric: 0.00% (0/160)
  Impulsive: 60.00% (96/160)
Epoch [3/100], Training Loss: 1.3813
Validation Loss: 1.3053, Validation Accuracy: 35.47%

Per-Class Validation Accuracy:
  No Thrust: 63.12% (101/160)
  Chemical: 0.00% (0/160)
  Electric: 1.88% (3/160)
  Impulsive: 76.88% (123/160)
Epoch [4/100], Training Loss: 1.3425
Validation Loss: 1.3138, Validation Accuracy: 35.31%

Per-Class Validation Accuracy:
  No Thrust: 0.00% (0/160)
  Chemical: 19.38% (31/160)
  Electric: 78.75% (126/160)
  Impulsive: 43.12% (69/160)
Epoch [5/100], Training Loss: 1.3304
Validation Loss: 1.2945, Validation Accuracy: 34.53%

Per-Class Validation Accuracy:
  No Thrust: 0.00% (0/160)
  Chemical: 0.00% (0/160)
  Electric: 95.62% (153/160)
  Impulsive: 42.50% (68/160)
Epoch [6/100], Training Loss: 1.3291
Validation Loss: 1.2900, Validation Accuracy: 32.81%

Per-Class Validation Accuracy:
  No Thrust: 66.25% (106/160)
  Chemical: 0.00% (0/160)
  Electric: 21.88% (35/160)
  Impulsive: 43.12% (69/160)
Epoch [7/100], Training Loss: 1.3268
Validation Loss: 1.2920, Validation Accuracy: 33.44%

Per-Class Validation Accuracy:
  No Thrust: 89.38% (143/160)
  Chemical: 0.00% (0/160)
  Electric: 0.00% (0/160)
  Impulsive: 44.38% (71/160)
Epoch [8/100], Training Loss: 1.3213
Validation Loss: 1.2928, Validation Accuracy: 35.94%

Per-Class Validation Accuracy:
  No Thrust: 0.00% (0/160)
  Chemical: 78.75% (126/160)
  Electric: 22.50% (36/160)
  Impulsive: 42.50% (68/160)
Epoch [9/100], Training Loss: 1.3198
Validation Loss: 1.2853, Validation Accuracy: 35.94%

Per-Class Validation Accuracy:
  No Thrust: 0.00% (0/160)
  Chemical: 15.62% (25/160)
  Electric: 90.62% (145/160)
  Impulsive: 37.50% (60/160)
Epoch [10/100], Training Loss: 1.3121
Validation Loss: 1.2714, Validation Accuracy: 34.84%

Per-Class Validation Accuracy:
  No Thrust: 92.50% (148/160)
  Chemical: 0.00% (0/160)
  Electric: 0.00% (0/160)
  Impulsive: 46.88% (75/160)
Epoch [11/100], Training Loss: 1.3070
Validation Loss: 1.2655, Validation Accuracy: 36.56%

Per-Class Validation Accuracy:
  No Thrust: 1.25% (2/160)
  Chemical: 0.00% (0/160)
  Electric: 95.00% (152/160)
  Impulsive: 50.00% (80/160)
Epoch [12/100], Training Loss: 1.3117
Validation Loss: 1.2776, Validation Accuracy: 34.38%

Per-Class Validation Accuracy:
  No Thrust: 0.00% (0/160)
  Chemical: 0.00% (0/160)
  Electric: 95.00% (152/160)
  Impulsive: 42.50% (68/160)
Epoch [13/100], Training Loss: 1.3173
Validation Loss: 1.2875, Validation Accuracy: 33.75%

Per-Class Validation Accuracy:
  No Thrust: 18.12% (29/160)
  Chemical: 51.25% (82/160)
  Electric: 27.50% (44/160)
  Impulsive: 38.12% (61/160)
Epoch [14/100], Training Loss: 1.3181
Validation Loss: 1.2794, Validation Accuracy: 32.81%

Per-Class Validation Accuracy:
  No Thrust: 0.00% (0/160)
  Chemical: 98.12% (157/160)
  Electric: 0.00% (0/160)
  Impulsive: 33.12% (53/160)
Epoch [15/100], Training Loss: 1.3063
Validation Loss: 1.2883, Validation Accuracy: 35.94%

Per-Class Validation Accuracy:
  No Thrust: 1.25% (2/160)
  Chemical: 15.00% (24/160)
  Electric: 96.88% (155/160)
  Impulsive: 30.62% (49/160)
Epoch [16/100], Training Loss: 1.2967
Validation Loss: 1.2783, Validation Accuracy: 33.28%

Per-Class Validation Accuracy:
  No Thrust: 95.62% (153/160)
  Chemical: 0.00% (0/160)
  Electric: 0.00% (0/160)
  Impulsive: 37.50% (60/160)
Epoch [17/100], Training Loss: 1.2986
Validation Loss: 1.2682, Validation Accuracy: 34.84%

Per-Class Validation Accuracy:
  No Thrust: 0.62% (1/160)
  Chemical: 5.62% (9/160)
  Electric: 96.25% (154/160)
  Impulsive: 36.88% (59/160)
Epoch [18/100], Training Loss: 1.2894
Validation Loss: 1.2737, Validation Accuracy: 32.97%

Per-Class Validation Accuracy:
  No Thrust: 97.50% (156/160)
  Chemical: 1.25% (2/160)
  Electric: 0.00% (0/160)
  Impulsive: 33.12% (53/160)
Epoch [19/100], Training Loss: 1.2876
Validation Loss: 1.2758, Validation Accuracy: 34.38%

Per-Class Validation Accuracy:
  No Thrust: 95.00% (152/160)
  Chemical: 4.38% (7/160)
  Electric: 1.25% (2/160)
  Impulsive: 36.88% (59/160)
Epoch [20/100], Training Loss: 1.2867
Validation Loss: 1.3013, Validation Accuracy: 36.56%

Per-Class Validation Accuracy:
  No Thrust: 0.00% (0/160)
  Chemical: 17.50% (28/160)
  Electric: 93.12% (149/160)
  Impulsive: 35.62% (57/160)
Epoch [21/100], Training Loss: 1.2885
Validation Loss: 1.2794, Validation Accuracy: 42.81%

Per-Class Validation Accuracy:
  No Thrust: 98.12% (157/160)
  Chemical: 41.25% (66/160)
  Electric: 0.00% (0/160)
  Impulsive: 31.88% (51/160)
Early stopping triggered.

	Elapsed time is 14.4106 seconds.

==========================================================================================
Total parameters: 18004
Total memory (bytes): 144032
Total memory (MB): 0.137359619140625
==========================================================================================

LSTM Validation
Validation Loss: 1.2794, Validation Accuracy: 42.81%

Per-Class Validation Accuracy:
  No Thrust: 98.12% (157/160)
  Chemical: 41.25% (66/160)
  Electric: 0.00% (0/160)
  Impulsive: 31.88% (51/160)

Classification Report:
              precision    recall  f1-score   support

   No Thrust     0.3348    0.9812    0.4992       160
    Chemical     0.5789    0.4125    0.4818       160
    Electric     0.0000    0.0000    0.0000       160
   Impulsive     0.8947    0.3187    0.4700       160

    accuracy                         0.4281       640
   macro avg     0.4521    0.4281    0.3628       640
weighted avg     0.4521    0.4281    0.3628       640


Confusion Matrix (rows = true, cols = predicted):
             P_No Thrust  P_Chemical  P_Electric  P_Impulsive
T_No Thrust          157           1           0            2
T_Chemical            91          66           0            3
T_Electric           154           5           0            1
T_Impulsive           67          42           0           51

LSTM Inference Time	Elapsed time is 0.2098 seconds.

Entering Mamba Training Loop
Epoch [1/100], Training Loss: 1.3929
Validation Loss: 1.3880, Validation Accuracy: 27.50%

Per-Class Validation Accuracy:
  No Thrust: 66.25% (106/160)
  Chemical: 0.00% (0/160)
  Electric: 0.00% (0/160)
  Impulsive: 43.75% (70/160)
Epoch [2/100], Training Loss: 1.3845
Validation Loss: 1.3826, Validation Accuracy: 32.50%

Per-Class Validation Accuracy:
  No Thrust: 88.75% (142/160)
  Chemical: 0.00% (0/160)
  Electric: 0.62% (1/160)
  Impulsive: 40.62% (65/160)
Epoch [3/100], Training Loss: 1.3755
Validation Loss: 1.3724, Validation Accuracy: 31.88%

Per-Class Validation Accuracy:
  No Thrust: 62.50% (100/160)
  Chemical: 0.00% (0/160)
  Electric: 26.25% (42/160)
  Impulsive: 38.75% (62/160)
Epoch [4/100], Training Loss: 1.3490
Validation Loss: 1.3505, Validation Accuracy: 32.50%

Per-Class Validation Accuracy:
  No Thrust: 28.12% (45/160)
  Chemical: 33.12% (53/160)
  Electric: 29.38% (47/160)
  Impulsive: 39.38% (63/160)
Epoch [5/100], Training Loss: 1.3290
Validation Loss: 1.3437, Validation Accuracy: 31.88%

Per-Class Validation Accuracy:
  No Thrust: 43.12% (69/160)
  Chemical: 32.50% (52/160)
  Electric: 13.75% (22/160)
  Impulsive: 38.12% (61/160)
Epoch [6/100], Training Loss: 1.3208
Validation Loss: 1.3432, Validation Accuracy: 32.03%

Per-Class Validation Accuracy:
  No Thrust: 42.50% (68/160)
  Chemical: 21.25% (34/160)
  Electric: 26.88% (43/160)
  Impulsive: 37.50% (60/160)
Epoch [7/100], Training Loss: 1.3197
Validation Loss: 1.3398, Validation Accuracy: 33.12%

Per-Class Validation Accuracy:
  No Thrust: 56.88% (91/160)
  Chemical: 23.12% (37/160)
  Electric: 15.00% (24/160)
  Impulsive: 37.50% (60/160)
Epoch [8/100], Training Loss: 1.3145
Validation Loss: 1.3364, Validation Accuracy: 33.28%

Per-Class Validation Accuracy:
  No Thrust: 43.12% (69/160)
  Chemical: 34.38% (55/160)
  Electric: 17.50% (28/160)
  Impulsive: 38.12% (61/160)
Epoch [9/100], Training Loss: 1.3090
Validation Loss: 1.3379, Validation Accuracy: 32.97%

Per-Class Validation Accuracy:
  No Thrust: 28.12% (45/160)
  Chemical: 41.25% (66/160)
  Electric: 23.75% (38/160)
  Impulsive: 38.75% (62/160)
Epoch [10/100], Training Loss: 1.3040
Validation Loss: 1.3321, Validation Accuracy: 32.97%

Per-Class Validation Accuracy:
  No Thrust: 21.25% (34/160)
  Chemical: 37.50% (60/160)
  Electric: 36.88% (59/160)
  Impulsive: 36.25% (58/160)
Epoch [11/100], Training Loss: 1.2916
Validation Loss: 1.3321, Validation Accuracy: 32.50%

Per-Class Validation Accuracy:
  No Thrust: 25.00% (40/160)
  Chemical: 38.75% (62/160)
  Electric: 26.88% (43/160)
  Impulsive: 39.38% (63/160)
Epoch [12/100], Training Loss: 1.2939
Validation Loss: 1.3238, Validation Accuracy: 33.91%

Per-Class Validation Accuracy:
  No Thrust: 34.38% (55/160)
  Chemical: 31.25% (50/160)
  Electric: 29.38% (47/160)
  Impulsive: 40.62% (65/160)
Epoch [13/100], Training Loss: 1.2799
Validation Loss: 1.3237, Validation Accuracy: 35.00%

Per-Class Validation Accuracy:
  No Thrust: 27.50% (44/160)
  Chemical: 43.75% (70/160)
  Electric: 28.12% (45/160)
  Impulsive: 40.62% (65/160)
Epoch [14/100], Training Loss: 1.2730
Validation Loss: 1.3167, Validation Accuracy: 35.16%

Per-Class Validation Accuracy:
  No Thrust: 5.62% (9/160)
  Chemical: 49.38% (79/160)
  Electric: 46.88% (75/160)
  Impulsive: 38.75% (62/160)
Epoch [15/100], Training Loss: 1.2596
Validation Loss: 1.3051, Validation Accuracy: 34.53%

Per-Class Validation Accuracy:
  No Thrust: 15.62% (25/160)
  Chemical: 41.88% (67/160)
  Electric: 42.50% (68/160)
  Impulsive: 38.12% (61/160)
Epoch [16/100], Training Loss: 1.2401
Validation Loss: 1.2987, Validation Accuracy: 37.19%

Per-Class Validation Accuracy:
  No Thrust: 13.75% (22/160)
  Chemical: 56.88% (91/160)
  Electric: 40.62% (65/160)
  Impulsive: 37.50% (60/160)
Epoch [17/100], Training Loss: 1.2176
Validation Loss: 1.2823, Validation Accuracy: 38.12%

Per-Class Validation Accuracy:
  No Thrust: 33.75% (54/160)
  Chemical: 51.25% (82/160)
  Electric: 31.88% (51/160)
  Impulsive: 35.62% (57/160)
Epoch [18/100], Training Loss: 1.1873
Validation Loss: 1.2623, Validation Accuracy: 40.00%

Per-Class Validation Accuracy:
  No Thrust: 33.12% (53/160)
  Chemical: 61.25% (98/160)
  Electric: 30.00% (48/160)
  Impulsive: 35.62% (57/160)
Epoch [19/100], Training Loss: 1.1666
Validation Loss: 1.2416, Validation Accuracy: 40.94%

Per-Class Validation Accuracy:
  No Thrust: 48.12% (77/160)
  Chemical: 62.50% (100/160)
  Electric: 17.50% (28/160)
  Impulsive: 35.62% (57/160)
Epoch [20/100], Training Loss: 1.1641
Validation Loss: 1.2429, Validation Accuracy: 42.81%

Per-Class Validation Accuracy:
  No Thrust: 14.38% (23/160)
  Chemical: 71.88% (115/160)
  Electric: 50.00% (80/160)
  Impulsive: 35.00% (56/160)
Epoch [21/100], Training Loss: 1.1378
Validation Loss: 1.2055, Validation Accuracy: 43.28%

Per-Class Validation Accuracy:
  No Thrust: 32.50% (52/160)
  Chemical: 63.12% (101/160)
  Electric: 30.00% (48/160)
  Impulsive: 47.50% (76/160)
Epoch [22/100], Training Loss: 1.0798
Validation Loss: 1.1691, Validation Accuracy: 45.00%

Per-Class Validation Accuracy:
  No Thrust: 30.00% (48/160)
  Chemical: 71.88% (115/160)
  Electric: 41.25% (66/160)
  Impulsive: 36.88% (59/160)
Epoch [23/100], Training Loss: 1.0378
Validation Loss: 1.1070, Validation Accuracy: 47.66%

Per-Class Validation Accuracy:
  No Thrust: 61.88% (99/160)
  Chemical: 76.25% (122/160)
  Electric: 10.62% (17/160)
  Impulsive: 41.88% (67/160)
Epoch [24/100], Training Loss: 1.0560
Validation Loss: 1.1385, Validation Accuracy: 46.88%

Per-Class Validation Accuracy:
  No Thrust: 5.62% (9/160)
  Chemical: 94.38% (151/160)
  Electric: 50.00% (80/160)
  Impulsive: 37.50% (60/160)
Epoch [25/100], Training Loss: 1.0160
Validation Loss: 1.0264, Validation Accuracy: 51.56%

Per-Class Validation Accuracy:
  No Thrust: 53.12% (85/160)
  Chemical: 87.50% (140/160)
  Electric: 18.12% (29/160)
  Impulsive: 47.50% (76/160)
Epoch [26/100], Training Loss: 0.9531
Validation Loss: 1.0011, Validation Accuracy: 51.09%

Per-Class Validation Accuracy:
  No Thrust: 6.88% (11/160)
  Chemical: 83.75% (134/160)
  Electric: 65.62% (105/160)
  Impulsive: 48.12% (77/160)
Epoch [27/100], Training Loss: 0.9046
Validation Loss: 0.9564, Validation Accuracy: 53.75%

Per-Class Validation Accuracy:
  No Thrust: 7.50% (12/160)
  Chemical: 89.38% (143/160)
  Electric: 74.38% (119/160)
  Impulsive: 43.75% (70/160)
Epoch [28/100], Training Loss: 0.8712
Validation Loss: 0.9534, Validation Accuracy: 53.44%

Per-Class Validation Accuracy:
  No Thrust: 8.12% (13/160)
  Chemical: 86.88% (139/160)
  Electric: 73.12% (117/160)
  Impulsive: 45.62% (73/160)
Epoch [29/100], Training Loss: 0.8414
Validation Loss: 0.9388, Validation Accuracy: 51.41%

Per-Class Validation Accuracy:
  No Thrust: 44.38% (71/160)
  Chemical: 78.12% (125/160)
  Electric: 23.75% (38/160)
  Impulsive: 59.38% (95/160)
Epoch [30/100], Training Loss: 0.8356
Validation Loss: 0.9256, Validation Accuracy: 53.59%

Per-Class Validation Accuracy:
  No Thrust: 23.75% (38/160)
  Chemical: 88.75% (142/160)
  Electric: 50.00% (80/160)
  Impulsive: 51.88% (83/160)
Epoch [31/100], Training Loss: 0.8648
Validation Loss: 0.9185, Validation Accuracy: 54.53%

Per-Class Validation Accuracy:
  No Thrust: 25.00% (40/160)
  Chemical: 85.00% (136/160)
  Electric: 63.12% (101/160)
  Impulsive: 45.00% (72/160)
Epoch [32/100], Training Loss: 0.8068
Validation Loss: 0.9263, Validation Accuracy: 54.84%

Per-Class Validation Accuracy:
  No Thrust: 78.12% (125/160)
  Chemical: 80.00% (128/160)
  Electric: 2.50% (4/160)
  Impulsive: 58.75% (94/160)
Epoch [33/100], Training Loss: 0.8423
Validation Loss: 0.9168, Validation Accuracy: 53.59%

Per-Class Validation Accuracy:
  No Thrust: 20.62% (33/160)
  Chemical: 84.38% (135/160)
  Electric: 66.25% (106/160)
  Impulsive: 43.12% (69/160)
Epoch [34/100], Training Loss: 0.8555
Validation Loss: 0.9054, Validation Accuracy: 55.78%

Per-Class Validation Accuracy:
  No Thrust: 30.62% (49/160)
  Chemical: 82.50% (132/160)
  Electric: 58.12% (93/160)
  Impulsive: 51.88% (83/160)
Epoch [35/100], Training Loss: 0.8217
Validation Loss: 0.8903, Validation Accuracy: 56.41%

Per-Class Validation Accuracy:
  No Thrust: 26.25% (42/160)
  Chemical: 83.12% (133/160)
  Electric: 63.12% (101/160)
  Impulsive: 53.12% (85/160)
Epoch [36/100], Training Loss: 0.8412
Validation Loss: 0.8952, Validation Accuracy: 55.00%

Per-Class Validation Accuracy:
  No Thrust: 47.50% (76/160)
  Chemical: 78.75% (126/160)
  Electric: 35.62% (57/160)
  Impulsive: 58.12% (93/160)
Epoch [37/100], Training Loss: 0.8084
Validation Loss: 0.9004, Validation Accuracy: 56.09%

Per-Class Validation Accuracy:
  No Thrust: 36.25% (58/160)
  Chemical: 77.50% (124/160)
  Electric: 58.12% (93/160)
  Impulsive: 52.50% (84/160)
Epoch [38/100], Training Loss: 0.8047
Validation Loss: 0.8807, Validation Accuracy: 56.72%

Per-Class Validation Accuracy:
  No Thrust: 18.12% (29/160)
  Chemical: 85.62% (137/160)
  Electric: 65.62% (105/160)
  Impulsive: 57.50% (92/160)
Epoch [39/100], Training Loss: 0.7975
Validation Loss: 0.8846, Validation Accuracy: 57.81%

Per-Class Validation Accuracy:
  No Thrust: 24.38% (39/160)
  Chemical: 79.38% (127/160)
  Electric: 67.50% (108/160)
  Impulsive: 60.00% (96/160)
Epoch [40/100], Training Loss: 0.7861
Validation Loss: 0.8820, Validation Accuracy: 58.75%

Per-Class Validation Accuracy:
  No Thrust: 79.38% (127/160)
  Chemical: 86.25% (138/160)
  Electric: 10.62% (17/160)
  Impulsive: 58.75% (94/160)
Epoch [41/100], Training Loss: 0.7816
Validation Loss: 0.8711, Validation Accuracy: 56.88%

Per-Class Validation Accuracy:
  No Thrust: 35.00% (56/160)
  Chemical: 85.62% (137/160)
  Electric: 53.75% (86/160)
  Impulsive: 53.12% (85/160)
Epoch [42/100], Training Loss: 0.7784
Validation Loss: 0.8696, Validation Accuracy: 58.28%

Per-Class Validation Accuracy:
  No Thrust: 58.12% (93/160)
  Chemical: 78.75% (126/160)
  Electric: 30.00% (48/160)
  Impulsive: 66.25% (106/160)
Epoch [43/100], Training Loss: 0.7730
Validation Loss: 0.8834, Validation Accuracy: 57.66%

Per-Class Validation Accuracy:
  No Thrust: 69.38% (111/160)
  Chemical: 80.00% (128/160)
  Electric: 18.75% (30/160)
  Impulsive: 62.50% (100/160)
Epoch [44/100], Training Loss: 0.8120
Validation Loss: 0.9191, Validation Accuracy: 56.25%

Per-Class Validation Accuracy:
  No Thrust: 81.88% (131/160)
  Chemical: 82.50% (132/160)
  Electric: 17.50% (28/160)
  Impulsive: 43.12% (69/160)
Epoch [45/100], Training Loss: 0.7763
Validation Loss: 0.8904, Validation Accuracy: 57.50%

Per-Class Validation Accuracy:
  No Thrust: 71.25% (114/160)
  Chemical: 78.12% (125/160)
  Electric: 23.75% (38/160)
  Impulsive: 56.88% (91/160)
Epoch [46/100], Training Loss: 0.7425
Validation Loss: 0.8512, Validation Accuracy: 59.06%

Per-Class Validation Accuracy:
  No Thrust: 58.12% (93/160)
  Chemical: 84.38% (135/160)
  Electric: 34.38% (55/160)
  Impulsive: 59.38% (95/160)
Epoch [47/100], Training Loss: 0.7364
Validation Loss: 0.8465, Validation Accuracy: 59.69%

Per-Class Validation Accuracy:
  No Thrust: 53.75% (86/160)
  Chemical: 80.62% (129/160)
  Electric: 42.50% (68/160)
  Impulsive: 61.88% (99/160)
Epoch [48/100], Training Loss: 0.7438
Validation Loss: 0.8419, Validation Accuracy: 59.84%

Per-Class Validation Accuracy:
  No Thrust: 80.62% (129/160)
  Chemical: 83.12% (133/160)
  Electric: 13.75% (22/160)
  Impulsive: 61.88% (99/160)
Epoch [49/100], Training Loss: 0.7090
Validation Loss: 0.8337, Validation Accuracy: 60.47%

Per-Class Validation Accuracy:
  No Thrust: 75.62% (121/160)
  Chemical: 88.75% (142/160)
  Electric: 20.00% (32/160)
  Impulsive: 57.50% (92/160)
Epoch [50/100], Training Loss: 0.7132
Validation Loss: 0.8382, Validation Accuracy: 62.03%

Per-Class Validation Accuracy:
  No Thrust: 23.75% (38/160)
  Chemical: 81.25% (130/160)
  Electric: 70.62% (113/160)
  Impulsive: 72.50% (116/160)
Epoch [51/100], Training Loss: 0.7342
Validation Loss: 0.8578, Validation Accuracy: 61.41%

Per-Class Validation Accuracy:
  No Thrust: 75.62% (121/160)
  Chemical: 91.88% (147/160)
  Electric: 15.00% (24/160)
  Impulsive: 63.12% (101/160)
Epoch [52/100], Training Loss: 0.7704
Validation Loss: 0.8869, Validation Accuracy: 59.06%

Per-Class Validation Accuracy:
  No Thrust: 25.00% (40/160)
  Chemical: 91.88% (147/160)
  Electric: 52.50% (84/160)
  Impulsive: 66.88% (107/160)
Epoch [53/100], Training Loss: 0.6992
Validation Loss: 0.8108, Validation Accuracy: 62.81%

Per-Class Validation Accuracy:
  No Thrust: 26.25% (42/160)
  Chemical: 86.88% (139/160)
  Electric: 70.62% (113/160)
  Impulsive: 67.50% (108/160)
Epoch [54/100], Training Loss: 0.6715
Validation Loss: 0.7865, Validation Accuracy: 62.81%

Per-Class Validation Accuracy:
  No Thrust: 65.62% (105/160)
  Chemical: 81.88% (131/160)
  Electric: 28.12% (45/160)
  Impulsive: 75.62% (121/160)
Epoch [55/100], Training Loss: 0.6917
Validation Loss: 0.8185, Validation Accuracy: 62.03%

Per-Class Validation Accuracy:
  No Thrust: 71.25% (114/160)
  Chemical: 85.00% (136/160)
  Electric: 13.12% (21/160)
  Impulsive: 78.75% (126/160)
Epoch [56/100], Training Loss: 0.6798
Validation Loss: 0.7803, Validation Accuracy: 64.06%

Per-Class Validation Accuracy:
  No Thrust: 57.50% (92/160)
  Chemical: 88.75% (142/160)
  Electric: 38.75% (62/160)
  Impulsive: 71.25% (114/160)
Epoch [57/100], Training Loss: 0.6939
Validation Loss: 0.7949, Validation Accuracy: 62.34%

Per-Class Validation Accuracy:
  No Thrust: 45.62% (73/160)
  Chemical: 86.88% (139/160)
  Electric: 51.25% (82/160)
  Impulsive: 65.62% (105/160)
Epoch [58/100], Training Loss: 0.6571
Validation Loss: 0.7540, Validation Accuracy: 63.28%

Per-Class Validation Accuracy:
  No Thrust: 65.00% (104/160)
  Chemical: 84.38% (135/160)
  Electric: 28.12% (45/160)
  Impulsive: 75.62% (121/160)
Epoch [59/100], Training Loss: 0.6719
Validation Loss: 0.7579, Validation Accuracy: 64.06%

Per-Class Validation Accuracy:
  No Thrust: 38.75% (62/160)
  Chemical: 90.00% (144/160)
  Electric: 53.75% (86/160)
  Impulsive: 73.75% (118/160)
Epoch [60/100], Training Loss: 0.6265
Validation Loss: 0.7732, Validation Accuracy: 63.12%

Per-Class Validation Accuracy:
  No Thrust: 42.50% (68/160)
  Chemical: 90.00% (144/160)
  Electric: 51.25% (82/160)
  Impulsive: 68.75% (110/160)
Epoch [61/100], Training Loss: 0.6532
Validation Loss: 0.7404, Validation Accuracy: 64.06%

Per-Class Validation Accuracy:
  No Thrust: 71.25% (114/160)
  Chemical: 85.62% (137/160)
  Electric: 26.25% (42/160)
  Impulsive: 73.12% (117/160)
Epoch [62/100], Training Loss: 0.6465
Validation Loss: 0.7203, Validation Accuracy: 63.91%

Per-Class Validation Accuracy:
  No Thrust: 56.25% (90/160)
  Chemical: 80.00% (128/160)
  Electric: 44.38% (71/160)
  Impulsive: 75.00% (120/160)
Epoch [63/100], Training Loss: 0.6176
Validation Loss: 0.7590, Validation Accuracy: 65.31%

Per-Class Validation Accuracy:
  No Thrust: 75.62% (121/160)
  Chemical: 90.62% (145/160)
  Electric: 23.75% (38/160)
  Impulsive: 71.25% (114/160)
Epoch [64/100], Training Loss: 0.6377
Validation Loss: 0.7318, Validation Accuracy: 65.78%

Per-Class Validation Accuracy:
  No Thrust: 55.00% (88/160)
  Chemical: 86.25% (138/160)
  Electric: 38.12% (61/160)
  Impulsive: 83.75% (134/160)
Epoch [65/100], Training Loss: 0.6268
Validation Loss: 0.7069, Validation Accuracy: 66.09%

Per-Class Validation Accuracy:
  No Thrust: 39.38% (63/160)
  Chemical: 86.88% (139/160)
  Electric: 61.88% (99/160)
  Impulsive: 76.25% (122/160)
Epoch [66/100], Training Loss: 0.5904
Validation Loss: 0.6888, Validation Accuracy: 65.31%

Per-Class Validation Accuracy:
  No Thrust: 66.25% (106/160)
  Chemical: 87.50% (140/160)
  Electric: 26.88% (43/160)
  Impulsive: 80.62% (129/160)
Epoch [67/100], Training Loss: 0.5894
Validation Loss: 0.6959, Validation Accuracy: 66.09%

Per-Class Validation Accuracy:
  No Thrust: 64.38% (103/160)
  Chemical: 86.25% (138/160)
  Electric: 29.38% (47/160)
  Impulsive: 84.38% (135/160)
Epoch [68/100], Training Loss: 0.5942
Validation Loss: 0.6906, Validation Accuracy: 65.94%

Per-Class Validation Accuracy:
  No Thrust: 65.00% (104/160)
  Chemical: 88.75% (142/160)
  Electric: 33.12% (53/160)
  Impulsive: 76.88% (123/160)
Epoch [69/100], Training Loss: 0.5924
Validation Loss: 0.6864, Validation Accuracy: 66.88%

Per-Class Validation Accuracy:
  No Thrust: 59.38% (95/160)
  Chemical: 88.75% (142/160)
  Electric: 37.50% (60/160)
  Impulsive: 81.88% (131/160)
Epoch [70/100], Training Loss: 0.5859
Validation Loss: 0.6725, Validation Accuracy: 67.50%

Per-Class Validation Accuracy:
  No Thrust: 51.88% (83/160)
  Chemical: 86.88% (139/160)
  Electric: 43.75% (70/160)
  Impulsive: 87.50% (140/160)
Epoch [71/100], Training Loss: 0.5938
Validation Loss: 0.6652, Validation Accuracy: 67.03%

Per-Class Validation Accuracy:
  No Thrust: 85.62% (137/160)
  Chemical: 86.25% (138/160)
  Electric: 16.25% (26/160)
  Impulsive: 80.00% (128/160)
Epoch [72/100], Training Loss: 0.5207
Validation Loss: 0.6892, Validation Accuracy: 66.56%

Per-Class Validation Accuracy:
  No Thrust: 13.12% (21/160)
  Chemical: 89.38% (143/160)
  Electric: 86.88% (139/160)
  Impulsive: 76.88% (123/160)
Epoch [73/100], Training Loss: 0.5749
Validation Loss: 0.6397, Validation Accuracy: 67.97%

Per-Class Validation Accuracy:
  No Thrust: 47.50% (76/160)
  Chemical: 87.50% (140/160)
  Electric: 53.12% (85/160)
  Impulsive: 83.75% (134/160)
Epoch [74/100], Training Loss: 0.5713
Validation Loss: 0.6477, Validation Accuracy: 68.12%

Per-Class Validation Accuracy:
  No Thrust: 53.75% (86/160)
  Chemical: 90.62% (145/160)
  Electric: 43.12% (69/160)
  Impulsive: 85.00% (136/160)
Epoch [75/100], Training Loss: 0.5355
Validation Loss: 0.6496, Validation Accuracy: 65.94%

Per-Class Validation Accuracy:
  No Thrust: 18.75% (30/160)
  Chemical: 77.50% (124/160)
  Electric: 78.12% (125/160)
  Impulsive: 89.38% (143/160)
Epoch [76/100], Training Loss: 0.5128
Validation Loss: 0.6613, Validation Accuracy: 69.22%

Per-Class Validation Accuracy:
  No Thrust: 56.25% (90/160)
  Chemical: 94.38% (151/160)
  Electric: 45.62% (73/160)
  Impulsive: 80.62% (129/160)
Epoch [77/100], Training Loss: 0.5631
Validation Loss: 0.6211, Validation Accuracy: 67.50%

Per-Class Validation Accuracy:
  No Thrust: 80.62% (129/160)
  Chemical: 93.12% (149/160)
  Electric: 14.38% (23/160)
  Impulsive: 81.88% (131/160)
Epoch [78/100], Training Loss: 0.5461
Validation Loss: 0.6159, Validation Accuracy: 68.75%

Per-Class Validation Accuracy:
  No Thrust: 76.88% (123/160)
  Chemical: 86.88% (139/160)
  Electric: 20.62% (33/160)
  Impulsive: 90.62% (145/160)
Epoch [79/100], Training Loss: 0.5432
Validation Loss: 0.6223, Validation Accuracy: 68.75%

Per-Class Validation Accuracy:
  No Thrust: 30.62% (49/160)
  Chemical: 88.75% (142/160)
  Electric: 64.38% (103/160)
  Impulsive: 91.25% (146/160)
Epoch [80/100], Training Loss: 0.5122
Validation Loss: 0.5957, Validation Accuracy: 70.78%

Per-Class Validation Accuracy:
  No Thrust: 37.50% (60/160)
  Chemical: 93.12% (149/160)
  Electric: 66.25% (106/160)
  Impulsive: 86.25% (138/160)
Epoch [81/100], Training Loss: 0.5044
Validation Loss: 0.6143, Validation Accuracy: 70.47%

Per-Class Validation Accuracy:
  No Thrust: 60.62% (97/160)
  Chemical: 94.38% (151/160)
  Electric: 42.50% (68/160)
  Impulsive: 84.38% (135/160)
Epoch [82/100], Training Loss: 0.5518
Validation Loss: 0.6194, Validation Accuracy: 69.53%

Per-Class Validation Accuracy:
  No Thrust: 55.62% (89/160)
  Chemical: 94.38% (151/160)
  Electric: 45.00% (72/160)
  Impulsive: 83.12% (133/160)
Epoch [83/100], Training Loss: 0.5138
Validation Loss: 0.6029, Validation Accuracy: 69.53%

Per-Class Validation Accuracy:
  No Thrust: 45.00% (72/160)
  Chemical: 91.25% (146/160)
  Electric: 52.50% (84/160)
  Impulsive: 89.38% (143/160)
Epoch [84/100], Training Loss: 0.5329
Validation Loss: 0.5946, Validation Accuracy: 71.09%

Per-Class Validation Accuracy:
  No Thrust: 55.00% (88/160)
  Chemical: 93.12% (149/160)
  Electric: 50.00% (80/160)
  Impulsive: 86.25% (138/160)
Epoch [85/100], Training Loss: 0.5313
Validation Loss: 0.5740, Validation Accuracy: 70.00%

Per-Class Validation Accuracy:
  No Thrust: 42.50% (68/160)
  Chemical: 91.25% (146/160)
  Electric: 56.25% (90/160)
  Impulsive: 90.00% (144/160)
Epoch [86/100], Training Loss: 0.5092
Validation Loss: 0.5734, Validation Accuracy: 70.31%

Per-Class Validation Accuracy:
  No Thrust: 78.12% (125/160)
  Chemical: 91.88% (147/160)
  Electric: 20.62% (33/160)
  Impulsive: 90.62% (145/160)
Epoch [87/100], Training Loss: 0.5118
Validation Loss: 0.5995, Validation Accuracy: 68.75%

Per-Class Validation Accuracy:
  No Thrust: 16.88% (27/160)
  Chemical: 89.38% (143/160)
  Electric: 77.50% (124/160)
  Impulsive: 91.25% (146/160)
Epoch [88/100], Training Loss: 0.5027
Validation Loss: 0.5885, Validation Accuracy: 70.31%

Per-Class Validation Accuracy:
  No Thrust: 65.62% (105/160)
  Chemical: 88.12% (141/160)
  Electric: 36.25% (58/160)
  Impulsive: 91.25% (146/160)
Epoch [89/100], Training Loss: 0.4897
Validation Loss: 0.5800, Validation Accuracy: 71.41%

Per-Class Validation Accuracy:
  No Thrust: 63.12% (101/160)
  Chemical: 92.50% (148/160)
  Electric: 38.12% (61/160)
  Impulsive: 91.88% (147/160)
Epoch [90/100], Training Loss: 0.4822
Validation Loss: 0.6070, Validation Accuracy: 69.22%

Per-Class Validation Accuracy:
  No Thrust: 55.62% (89/160)
  Chemical: 83.12% (133/160)
  Electric: 45.62% (73/160)
  Impulsive: 92.50% (148/160)
Epoch [91/100], Training Loss: 0.4835
Validation Loss: 0.6378, Validation Accuracy: 68.91%

Per-Class Validation Accuracy:
  No Thrust: 42.50% (68/160)
  Chemical: 90.00% (144/160)
  Electric: 56.25% (90/160)
  Impulsive: 86.88% (139/160)
Epoch [92/100], Training Loss: 0.4681
Validation Loss: 0.5845, Validation Accuracy: 69.69%

Per-Class Validation Accuracy:
  No Thrust: 41.88% (67/160)
  Chemical: 90.00% (144/160)
  Electric: 55.62% (89/160)
  Impulsive: 91.25% (146/160)
Epoch [93/100], Training Loss: 0.5015
Validation Loss: 0.5770, Validation Accuracy: 70.47%

Per-Class Validation Accuracy:
  No Thrust: 65.00% (104/160)
  Chemical: 93.12% (149/160)
  Electric: 34.38% (55/160)
  Impulsive: 89.38% (143/160)
Epoch [94/100], Training Loss: 0.4786
Validation Loss: 0.5827, Validation Accuracy: 71.09%

Per-Class Validation Accuracy:
  No Thrust: 60.00% (96/160)
  Chemical: 91.25% (146/160)
  Electric: 42.50% (68/160)
  Impulsive: 90.62% (145/160)
Epoch [95/100], Training Loss: 0.4868
Validation Loss: 0.5778, Validation Accuracy: 72.19%

Per-Class Validation Accuracy:
  No Thrust: 53.75% (86/160)
  Chemical: 90.62% (145/160)
  Electric: 52.50% (84/160)
  Impulsive: 91.88% (147/160)
Epoch [96/100], Training Loss: 0.4701
Validation Loss: 0.5831, Validation Accuracy: 71.72%

Per-Class Validation Accuracy:
  No Thrust: 43.12% (69/160)
  Chemical: 91.88% (147/160)
  Electric: 60.00% (96/160)
  Impulsive: 91.88% (147/160)
Early stopping triggered.

	Elapsed time is 46.8505 seconds.

==========================================================================================
Total parameters: 6106
Total memory (bytes): 48848
Total memory (MB): 0.0465850830078125
==========================================================================================

Mamba Validation
Validation Loss: 0.5831, Validation Accuracy: 71.72%

Per-Class Validation Accuracy:
  No Thrust: 43.12% (69/160)
  Chemical: 91.88% (147/160)
  Electric: 60.00% (96/160)
  Impulsive: 91.88% (147/160)

Classification Report:
              precision    recall  f1-score   support

   No Thrust     0.5565    0.4313    0.4859       160
    Chemical     0.9074    0.9187    0.9130       160
    Electric     0.5189    0.6000    0.5565       160
   Impulsive     0.8698    0.9187    0.8936       160

    accuracy                         0.7172       640
   macro avg     0.7132    0.7172    0.7123       640
weighted avg     0.7132    0.7172    0.7123       640


Confusion Matrix (rows = true, cols = predicted):
             P_No Thrust  P_Chemical  P_Electric  P_Impulsive
T_No Thrust           69           1          86            4
T_Chemical             0         147           0           13
T_Electric            54           5          96            5
T_Impulsive            1           9           3          147

Mamba Inference Time	Elapsed time is 0.1852 seconds.

Entering Transformer Training Loop
Epoch [1/100], Training Loss: 1.3242
Validation Loss: 1.1439, Validation Accuracy: 43.75%

Per-Class Validation Accuracy:
  No Thrust: 77.50% (124/160)
  Chemical: 63.12% (101/160)
  Electric: 0.00% (0/160)
  Impulsive: 34.38% (55/160)
Epoch [2/100], Training Loss: 1.1266
Validation Loss: 1.1628, Validation Accuracy: 43.12%

Per-Class Validation Accuracy:
  No Thrust: 0.62% (1/160)
  Chemical: 95.00% (152/160)
  Electric: 34.38% (55/160)
  Impulsive: 42.50% (68/160)
Epoch [3/100], Training Loss: 1.0588
Validation Loss: 1.0605, Validation Accuracy: 46.25%

Per-Class Validation Accuracy:
  No Thrust: 84.38% (135/160)
  Chemical: 63.12% (101/160)
  Electric: 0.00% (0/160)
  Impulsive: 37.50% (60/160)
Epoch [4/100], Training Loss: 0.9944
Validation Loss: 1.0959, Validation Accuracy: 47.81%

Per-Class Validation Accuracy:
  No Thrust: 66.25% (106/160)
  Chemical: 88.75% (142/160)
  Electric: 0.00% (0/160)
  Impulsive: 36.25% (58/160)
Epoch [5/100], Training Loss: 0.9622
Validation Loss: 1.0323, Validation Accuracy: 49.06%

Per-Class Validation Accuracy:
  No Thrust: 0.00% (0/160)
  Chemical: 82.50% (132/160)
  Electric: 75.00% (120/160)
  Impulsive: 38.75% (62/160)
Epoch [6/100], Training Loss: 0.9220
Validation Loss: 0.9847, Validation Accuracy: 48.75%

Per-Class Validation Accuracy:
  No Thrust: 85.00% (136/160)
  Chemical: 71.25% (114/160)
  Electric: 3.12% (5/160)
  Impulsive: 35.62% (57/160)
Epoch [7/100], Training Loss: 0.8881
Validation Loss: 0.9745, Validation Accuracy: 52.50%

Per-Class Validation Accuracy:
  No Thrust: 10.00% (16/160)
  Chemical: 89.38% (143/160)
  Electric: 65.62% (105/160)
  Impulsive: 45.00% (72/160)
Epoch [8/100], Training Loss: 0.8731
Validation Loss: 1.0530, Validation Accuracy: 52.81%

Per-Class Validation Accuracy:
  No Thrust: 65.00% (104/160)
  Chemical: 94.38% (151/160)
  Electric: 3.12% (5/160)
  Impulsive: 48.75% (78/160)
Epoch [9/100], Training Loss: 0.9290
Validation Loss: 0.9964, Validation Accuracy: 50.47%

Per-Class Validation Accuracy:
  No Thrust: 61.88% (99/160)
  Chemical: 79.38% (127/160)
  Electric: 1.88% (3/160)
  Impulsive: 58.75% (94/160)
Epoch [10/100], Training Loss: 0.8550
Validation Loss: 0.9005, Validation Accuracy: 54.22%

Per-Class Validation Accuracy:
  No Thrust: 80.62% (129/160)
  Chemical: 90.62% (145/160)
  Electric: 8.75% (14/160)
  Impulsive: 36.88% (59/160)
Epoch [11/100], Training Loss: 0.8497
Validation Loss: 0.8877, Validation Accuracy: 54.69%

Per-Class Validation Accuracy:
  No Thrust: 75.00% (120/160)
  Chemical: 80.62% (129/160)
  Electric: 11.88% (19/160)
  Impulsive: 51.25% (82/160)
Epoch [12/100], Training Loss: 0.8354
Validation Loss: 0.9460, Validation Accuracy: 52.97%

Per-Class Validation Accuracy:
  No Thrust: 57.50% (92/160)
  Chemical: 83.12% (133/160)
  Electric: 16.88% (27/160)
  Impulsive: 54.38% (87/160)
Epoch [13/100], Training Loss: 0.8181
Validation Loss: 0.8285, Validation Accuracy: 57.66%

Per-Class Validation Accuracy:
  No Thrust: 26.25% (42/160)
  Chemical: 89.38% (143/160)
  Electric: 65.00% (104/160)
  Impulsive: 50.00% (80/160)
Epoch [14/100], Training Loss: 0.7725
Validation Loss: 0.8702, Validation Accuracy: 58.12%

Per-Class Validation Accuracy:
  No Thrust: 1.25% (2/160)
  Chemical: 93.75% (150/160)
  Electric: 85.00% (136/160)
  Impulsive: 52.50% (84/160)
Epoch [15/100], Training Loss: 0.7848
Validation Loss: 0.8244, Validation Accuracy: 58.75%

Per-Class Validation Accuracy:
  No Thrust: 29.38% (47/160)
  Chemical: 93.75% (150/160)
  Electric: 63.75% (102/160)
  Impulsive: 48.12% (77/160)
Epoch [16/100], Training Loss: 0.7892
Validation Loss: 0.8547, Validation Accuracy: 57.34%

Per-Class Validation Accuracy:
  No Thrust: 57.50% (92/160)
  Chemical: 89.38% (143/160)
  Electric: 31.25% (50/160)
  Impulsive: 51.25% (82/160)
Epoch [17/100], Training Loss: 0.7710
Validation Loss: 0.8027, Validation Accuracy: 58.59%

Per-Class Validation Accuracy:
  No Thrust: 74.38% (119/160)
  Chemical: 98.75% (158/160)
  Electric: 10.00% (16/160)
  Impulsive: 51.25% (82/160)
Epoch [18/100], Training Loss: 0.7617
Validation Loss: 0.8142, Validation Accuracy: 58.12%

Per-Class Validation Accuracy:
  No Thrust: 67.50% (108/160)
  Chemical: 93.75% (150/160)
  Electric: 16.25% (26/160)
  Impulsive: 55.00% (88/160)
Epoch [19/100], Training Loss: 0.7291
Validation Loss: 0.7903, Validation Accuracy: 60.16%

Per-Class Validation Accuracy:
  No Thrust: 78.75% (126/160)
  Chemical: 98.75% (158/160)
  Electric: 10.62% (17/160)
  Impulsive: 52.50% (84/160)
Epoch [20/100], Training Loss: 0.6904
Validation Loss: 0.7534, Validation Accuracy: 62.19%

Per-Class Validation Accuracy:
  No Thrust: 3.12% (5/160)
  Chemical: 98.12% (157/160)
  Electric: 91.25% (146/160)
  Impulsive: 56.25% (90/160)
Epoch [21/100], Training Loss: 0.6636
Validation Loss: 0.8168, Validation Accuracy: 58.44%

Per-Class Validation Accuracy:
  No Thrust: 86.25% (138/160)
  Chemical: 90.00% (144/160)
  Electric: 3.12% (5/160)
  Impulsive: 54.38% (87/160)
Epoch [22/100], Training Loss: 0.6560
Validation Loss: 0.7340, Validation Accuracy: 61.25%

Per-Class Validation Accuracy:
  No Thrust: 0.00% (0/160)
  Chemical: 98.75% (158/160)
  Electric: 88.12% (141/160)
  Impulsive: 58.12% (93/160)
Epoch [23/100], Training Loss: 0.6494
Validation Loss: 0.7413, Validation Accuracy: 59.53%

Per-Class Validation Accuracy:
  No Thrust: 31.25% (50/160)
  Chemical: 93.12% (149/160)
  Electric: 51.88% (83/160)
  Impulsive: 61.88% (99/160)
Epoch [24/100], Training Loss: 0.6632
Validation Loss: 0.7360, Validation Accuracy: 63.59%

Per-Class Validation Accuracy:
  No Thrust: 80.62% (129/160)
  Chemical: 99.38% (159/160)
  Electric: 10.00% (16/160)
  Impulsive: 64.38% (103/160)
Epoch [25/100], Training Loss: 0.5952
Validation Loss: 0.7552, Validation Accuracy: 59.84%

Per-Class Validation Accuracy:
  No Thrust: 43.75% (70/160)
  Chemical: 96.25% (154/160)
  Electric: 44.38% (71/160)
  Impulsive: 55.00% (88/160)
Epoch [26/100], Training Loss: 0.6342
Validation Loss: 0.7183, Validation Accuracy: 62.50%

Per-Class Validation Accuracy:
  No Thrust: 28.12% (45/160)
  Chemical: 100.00% (160/160)
  Electric: 61.25% (98/160)
  Impulsive: 60.62% (97/160)
Epoch [27/100], Training Loss: 0.6297
Validation Loss: 0.8584, Validation Accuracy: 57.66%

Per-Class Validation Accuracy:
  No Thrust: 27.50% (44/160)
  Chemical: 86.88% (139/160)
  Electric: 50.00% (80/160)
  Impulsive: 66.25% (106/160)
Epoch [28/100], Training Loss: 0.6550
Validation Loss: 0.8021, Validation Accuracy: 61.88%

Per-Class Validation Accuracy:
  No Thrust: 63.12% (101/160)
  Chemical: 98.12% (157/160)
  Electric: 12.50% (20/160)
  Impulsive: 73.75% (118/160)
Epoch [29/100], Training Loss: 0.5869
Validation Loss: 0.7337, Validation Accuracy: 64.84%

Per-Class Validation Accuracy:
  No Thrust: 23.75% (38/160)
  Chemical: 99.38% (159/160)
  Electric: 62.50% (100/160)
  Impulsive: 73.75% (118/160)
Epoch [30/100], Training Loss: 0.5793
Validation Loss: 0.7651, Validation Accuracy: 62.66%

Per-Class Validation Accuracy:
  No Thrust: 23.75% (38/160)
  Chemical: 97.50% (156/160)
  Electric: 62.50% (100/160)
  Impulsive: 66.88% (107/160)
Epoch [31/100], Training Loss: 0.6020
Validation Loss: 0.7495, Validation Accuracy: 63.44%

Per-Class Validation Accuracy:
  No Thrust: 70.62% (113/160)
  Chemical: 93.75% (150/160)
  Electric: 20.00% (32/160)
  Impulsive: 69.38% (111/160)
Epoch [32/100], Training Loss: 0.5564
Validation Loss: 0.7874, Validation Accuracy: 62.97%

Per-Class Validation Accuracy:
  No Thrust: 82.50% (132/160)
  Chemical: 98.12% (157/160)
  Electric: 3.12% (5/160)
  Impulsive: 68.12% (109/160)
Epoch [33/100], Training Loss: 0.5465
Validation Loss: 0.7474, Validation Accuracy: 64.06%

Per-Class Validation Accuracy:
  No Thrust: 66.25% (106/160)
  Chemical: 97.50% (156/160)
  Electric: 20.62% (33/160)
  Impulsive: 71.88% (115/160)
Epoch [34/100], Training Loss: 0.4912
Validation Loss: 0.7092, Validation Accuracy: 64.38%

Per-Class Validation Accuracy:
  No Thrust: 65.00% (104/160)
  Chemical: 98.75% (158/160)
  Electric: 21.88% (35/160)
  Impulsive: 71.88% (115/160)
Epoch [35/100], Training Loss: 0.5318
Validation Loss: 0.6931, Validation Accuracy: 64.84%

Per-Class Validation Accuracy:
  No Thrust: 33.12% (53/160)
  Chemical: 100.00% (160/160)
  Electric: 51.88% (83/160)
  Impulsive: 74.38% (119/160)
Epoch [36/100], Training Loss: 0.4920
Validation Loss: 0.7044, Validation Accuracy: 65.62%

Per-Class Validation Accuracy:
  No Thrust: 44.38% (71/160)
  Chemical: 99.38% (159/160)
  Electric: 43.75% (70/160)
  Impulsive: 75.00% (120/160)
Epoch [37/100], Training Loss: 0.4934
Validation Loss: 0.7498, Validation Accuracy: 65.00%

Per-Class Validation Accuracy:
  No Thrust: 70.00% (112/160)
  Chemical: 99.38% (159/160)
  Electric: 15.00% (24/160)
  Impulsive: 75.62% (121/160)
Epoch [38/100], Training Loss: 0.4860
Validation Loss: 0.7503, Validation Accuracy: 65.00%

Per-Class Validation Accuracy:
  No Thrust: 65.62% (105/160)
  Chemical: 99.38% (159/160)
  Electric: 23.12% (37/160)
  Impulsive: 71.88% (115/160)
Epoch [39/100], Training Loss: 0.4915
Validation Loss: 0.7490, Validation Accuracy: 65.31%

Per-Class Validation Accuracy:
  No Thrust: 45.00% (72/160)
  Chemical: 98.75% (158/160)
  Electric: 43.75% (70/160)
  Impulsive: 73.75% (118/160)
Epoch [40/100], Training Loss: 0.4644
Validation Loss: 0.8246, Validation Accuracy: 64.69%

Per-Class Validation Accuracy:
  No Thrust: 43.12% (69/160)
  Chemical: 99.38% (159/160)
  Electric: 38.12% (61/160)
  Impulsive: 78.12% (125/160)
Epoch [41/100], Training Loss: 0.4514
Validation Loss: 0.8169, Validation Accuracy: 63.44%

Per-Class Validation Accuracy:
  No Thrust: 55.00% (88/160)
  Chemical: 97.50% (156/160)
  Electric: 29.38% (47/160)
  Impulsive: 71.88% (115/160)
Epoch [42/100], Training Loss: 0.4573
Validation Loss: 0.7466, Validation Accuracy: 64.69%

Per-Class Validation Accuracy:
  No Thrust: 48.12% (77/160)
  Chemical: 99.38% (159/160)
  Electric: 38.12% (61/160)
  Impulsive: 73.12% (117/160)
Epoch [43/100], Training Loss: 0.4610
Validation Loss: 0.7670, Validation Accuracy: 65.94%

Per-Class Validation Accuracy:
  No Thrust: 46.88% (75/160)
  Chemical: 98.75% (158/160)
  Electric: 43.12% (69/160)
  Impulsive: 75.00% (120/160)
Epoch [44/100], Training Loss: 0.4464
Validation Loss: 0.7740, Validation Accuracy: 65.94%

Per-Class Validation Accuracy:
  No Thrust: 59.38% (95/160)
  Chemical: 99.38% (159/160)
  Electric: 31.25% (50/160)
  Impulsive: 73.75% (118/160)
Epoch [45/100], Training Loss: 0.4330
Validation Loss: 0.7711, Validation Accuracy: 66.56%

Per-Class Validation Accuracy:
  No Thrust: 52.50% (84/160)
  Chemical: 99.38% (159/160)
  Electric: 36.25% (58/160)
  Impulsive: 78.12% (125/160)
Early stopping triggered.

	Elapsed time is 36.8674 seconds.

==========================================================================================
Total parameters: 41940
Total memory (bytes): 335520
Total memory (MB): 0.319976806640625
==========================================================================================

Transformer Validation
Validation Loss: 0.7711, Validation Accuracy: 66.56%

Per-Class Validation Accuracy:
  No Thrust: 52.50% (84/160)
  Chemical: 99.38% (159/160)
  Electric: 36.25% (58/160)
  Impulsive: 78.12% (125/160)

Classification Report:
              precision    recall  f1-score   support

   No Thrust     0.4912    0.5250    0.5076       160
    Chemical     0.9138    0.9938    0.9521       160
    Electric     0.4427    0.3625    0.3986       160
   Impulsive     0.7622    0.7812    0.7716       160

    accuracy                         0.6656       640
   macro avg     0.6525    0.6656    0.6575       640
weighted avg     0.6525    0.6656    0.6575       640


Confusion Matrix (rows = true, cols = predicted):
             P_No Thrust  P_Chemical  P_Electric  P_Impulsive
T_No Thrust           84           3          53           20
T_Chemical             0         159           0            1
T_Electric            80           4          58           18
T_Impulsive            7           8          20          125

Transformer Inference Time	Elapsed time is 0.2768 seconds.

Entering MLP Training Loop
Validation Loss: 0.2350, Validation Accuracy: 27.34%

Per-Class Validation Accuracy:
  No Thrust: 81.25% (130/160)
  Chemical: 13.75% (22/160)
  Electric: 0.00% (0/160)
  Impulsive: 14.38% (23/160)
Epoch [1/100], Training Loss: 0.2724
Validation Loss: 0.2422, Validation Accuracy: 32.97%

Per-Class Validation Accuracy:
  No Thrust: 76.88% (123/160)
  Chemical: 26.25% (42/160)
  Electric: 0.00% (0/160)
  Impulsive: 28.75% (46/160)
Epoch [2/100], Training Loss: 0.1329
Validation Loss: 0.2475, Validation Accuracy: 37.50%

Per-Class Validation Accuracy:
  No Thrust: 70.62% (113/160)
  Chemical: 40.00% (64/160)
  Electric: 0.00% (0/160)
  Impulsive: 39.38% (63/160)
Epoch [3/100], Training Loss: 0.0862
Validation Loss: 0.2508, Validation Accuracy: 41.25%

Per-Class Validation Accuracy:
  No Thrust: 66.25% (106/160)
  Chemical: 53.75% (86/160)
  Electric: 1.25% (2/160)
  Impulsive: 43.75% (70/160)
Epoch [4/100], Training Loss: 0.0639
Validation Loss: 0.2530, Validation Accuracy: 44.38%

Per-Class Validation Accuracy:
  No Thrust: 60.62% (97/160)
  Chemical: 63.12% (101/160)
  Electric: 5.62% (9/160)
  Impulsive: 48.12% (77/160)
Epoch [5/100], Training Loss: 0.0501
Validation Loss: 0.2542, Validation Accuracy: 47.81%

Per-Class Validation Accuracy:
  No Thrust: 51.88% (83/160)
  Chemical: 71.88% (115/160)
  Electric: 12.50% (20/160)
  Impulsive: 55.00% (88/160)
Epoch [6/100], Training Loss: 0.0414
Validation Loss: 0.2549, Validation Accuracy: 48.59%

Per-Class Validation Accuracy:
  No Thrust: 45.00% (72/160)
  Chemical: 74.38% (119/160)
  Electric: 18.75% (30/160)
  Impulsive: 56.25% (90/160)
Epoch [7/100], Training Loss: 0.0350
Validation Loss: 0.2542, Validation Accuracy: 49.38%

Per-Class Validation Accuracy:
  No Thrust: 42.50% (68/160)
  Chemical: 76.25% (122/160)
  Electric: 22.50% (36/160)
  Impulsive: 56.25% (90/160)
Epoch [8/100], Training Loss: 0.0300
Validation Loss: 0.2524, Validation Accuracy: 49.84%

Per-Class Validation Accuracy:
  No Thrust: 40.62% (65/160)
  Chemical: 75.62% (121/160)
  Electric: 25.62% (41/160)
  Impulsive: 57.50% (92/160)
Epoch [9/100], Training Loss: 0.0258
Validation Loss: 0.2509, Validation Accuracy: 51.41%

Per-Class Validation Accuracy:
  No Thrust: 37.50% (60/160)
  Chemical: 80.62% (129/160)
  Electric: 30.00% (48/160)
  Impulsive: 57.50% (92/160)
Epoch [10/100], Training Loss: 0.0227
Validation Loss: 0.2484, Validation Accuracy: 51.56%

Per-Class Validation Accuracy:
  No Thrust: 37.50% (60/160)
  Chemical: 81.88% (131/160)
  Electric: 30.62% (49/160)
  Impulsive: 56.25% (90/160)
Epoch [11/100], Training Loss: 0.0215
Validation Loss: 0.2460, Validation Accuracy: 52.66%

Per-Class Validation Accuracy:
  No Thrust: 38.12% (61/160)
  Chemical: 84.38% (135/160)
  Electric: 31.88% (51/160)
  Impulsive: 56.25% (90/160)
Epoch [12/100], Training Loss: 0.0188
Validation Loss: 0.2430, Validation Accuracy: 53.12%

Per-Class Validation Accuracy:
  No Thrust: 39.38% (63/160)
  Chemical: 85.00% (136/160)
  Electric: 31.25% (50/160)
  Impulsive: 56.88% (91/160)
Epoch [13/100], Training Loss: 0.0171
Validation Loss: 0.2412, Validation Accuracy: 53.44%

Per-Class Validation Accuracy:
  No Thrust: 36.25% (58/160)
  Chemical: 83.75% (134/160)
  Electric: 35.00% (56/160)
  Impulsive: 58.75% (94/160)
Epoch [14/100], Training Loss: 0.0159
Validation Loss: 0.2386, Validation Accuracy: 53.91%

Per-Class Validation Accuracy:
  No Thrust: 37.50% (60/160)
  Chemical: 84.38% (135/160)
  Electric: 34.38% (55/160)
  Impulsive: 59.38% (95/160)
Epoch [15/100], Training Loss: 0.0137
Validation Loss: 0.2359, Validation Accuracy: 54.69%

Per-Class Validation Accuracy:
  No Thrust: 36.88% (59/160)
  Chemical: 85.62% (137/160)
  Electric: 36.25% (58/160)
  Impulsive: 60.00% (96/160)
Epoch [16/100], Training Loss: 0.0135
Validation Loss: 0.2340, Validation Accuracy: 55.16%

Per-Class Validation Accuracy:
  No Thrust: 34.38% (55/160)
  Chemical: 86.88% (139/160)
  Electric: 40.00% (64/160)
  Impulsive: 59.38% (95/160)
Epoch [17/100], Training Loss: 0.0121
Validation Loss: 0.2313, Validation Accuracy: 55.31%

Per-Class Validation Accuracy:
  No Thrust: 37.50% (60/160)
  Chemical: 87.50% (140/160)
  Electric: 36.88% (59/160)
  Impulsive: 59.38% (95/160)
Epoch [18/100], Training Loss: 0.0113
Validation Loss: 0.2298, Validation Accuracy: 56.25%

Per-Class Validation Accuracy:
  No Thrust: 36.88% (59/160)
  Chemical: 88.75% (142/160)
  Electric: 39.38% (63/160)
  Impulsive: 60.00% (96/160)
Epoch [19/100], Training Loss: 0.0104
Validation Loss: 0.2274, Validation Accuracy: 56.88%

Per-Class Validation Accuracy:
  No Thrust: 37.50% (60/160)
  Chemical: 88.12% (141/160)
  Electric: 40.62% (65/160)
  Impulsive: 61.25% (98/160)
Epoch [20/100], Training Loss: 0.0102
Validation Loss: 0.2252, Validation Accuracy: 56.56%

Per-Class Validation Accuracy:
  No Thrust: 36.88% (59/160)
  Chemical: 88.75% (142/160)
  Electric: 40.62% (65/160)
  Impulsive: 60.00% (96/160)
Epoch [21/100], Training Loss: 0.0097
Validation Loss: 0.2228, Validation Accuracy: 56.09%

Per-Class Validation Accuracy:
  No Thrust: 38.12% (61/160)
  Chemical: 87.50% (140/160)
  Electric: 38.12% (61/160)
  Impulsive: 60.62% (97/160)
Epoch [22/100], Training Loss: 0.0091
Validation Loss: 0.2209, Validation Accuracy: 56.09%

Per-Class Validation Accuracy:
  No Thrust: 38.75% (62/160)
  Chemical: 87.50% (140/160)
  Electric: 38.12% (61/160)
  Impulsive: 60.00% (96/160)
Epoch [23/100], Training Loss: 0.0083
Validation Loss: 0.2199, Validation Accuracy: 55.62%

Per-Class Validation Accuracy:
  No Thrust: 36.88% (59/160)
  Chemical: 86.88% (139/160)
  Electric: 38.75% (62/160)
  Impulsive: 60.00% (96/160)
Epoch [24/100], Training Loss: 0.0075
Validation Loss: 0.2190, Validation Accuracy: 56.41%

Per-Class Validation Accuracy:
  No Thrust: 35.62% (57/160)
  Chemical: 86.88% (139/160)
  Electric: 43.12% (69/160)
  Impulsive: 60.00% (96/160)
Epoch [25/100], Training Loss: 0.0078
Validation Loss: 0.2182, Validation Accuracy: 56.41%

Per-Class Validation Accuracy:
  No Thrust: 31.88% (51/160)
  Chemical: 87.50% (140/160)
  Electric: 46.88% (75/160)
  Impulsive: 59.38% (95/160)
Epoch [26/100], Training Loss: 0.0071
Validation Loss: 0.2168, Validation Accuracy: 56.41%

Per-Class Validation Accuracy:
  No Thrust: 32.50% (52/160)
  Chemical: 86.88% (139/160)
  Electric: 46.25% (74/160)
  Impulsive: 60.00% (96/160)
Epoch [27/100], Training Loss: 0.0066
Validation Loss: 0.2161, Validation Accuracy: 56.41%

Per-Class Validation Accuracy:
  No Thrust: 28.75% (46/160)
  Chemical: 88.12% (141/160)
  Electric: 50.00% (80/160)
  Impulsive: 58.75% (94/160)
Epoch [28/100], Training Loss: 0.0065
Validation Loss: 0.2150, Validation Accuracy: 57.19%

Per-Class Validation Accuracy:
  No Thrust: 30.62% (49/160)
  Chemical: 89.38% (143/160)
  Electric: 49.38% (79/160)
  Impulsive: 59.38% (95/160)
Epoch [29/100], Training Loss: 0.0063
Validation Loss: 0.2139, Validation Accuracy: 57.66%

Per-Class Validation Accuracy:
  No Thrust: 31.88% (51/160)
  Chemical: 89.38% (143/160)
  Electric: 50.00% (80/160)
  Impulsive: 59.38% (95/160)
Epoch [30/100], Training Loss: 0.0059
Validation Loss: 0.2124, Validation Accuracy: 57.03%

Per-Class Validation Accuracy:
  No Thrust: 33.12% (53/160)
  Chemical: 88.75% (142/160)
  Electric: 45.62% (73/160)
  Impulsive: 60.62% (97/160)
Epoch [31/100], Training Loss: 0.0058
Validation Loss: 0.2113, Validation Accuracy: 57.19%

Per-Class Validation Accuracy:
  No Thrust: 35.62% (57/160)
  Chemical: 88.75% (142/160)
  Electric: 43.75% (70/160)
  Impulsive: 60.62% (97/160)
Epoch [32/100], Training Loss: 0.0056
Validation Loss: 0.2105, Validation Accuracy: 57.34%

Per-Class Validation Accuracy:
  No Thrust: 36.25% (58/160)
  Chemical: 88.75% (142/160)
  Electric: 43.75% (70/160)
  Impulsive: 60.62% (97/160)
Epoch [33/100], Training Loss: 0.0051
Validation Loss: 0.2103, Validation Accuracy: 57.19%

Per-Class Validation Accuracy:
  No Thrust: 33.12% (53/160)
  Chemical: 88.75% (142/160)
  Electric: 47.50% (76/160)
  Impulsive: 59.38% (95/160)
Epoch [34/100], Training Loss: 0.0049
Validation Loss: 0.2091, Validation Accuracy: 57.03%

Per-Class Validation Accuracy:
  No Thrust: 34.38% (55/160)
  Chemical: 88.75% (142/160)
  Electric: 45.62% (73/160)
  Impulsive: 59.38% (95/160)
Epoch [35/100], Training Loss: 0.0051
Validation Loss: 0.2080, Validation Accuracy: 57.50%

Per-Class Validation Accuracy:
  No Thrust: 37.50% (60/160)
  Chemical: 88.75% (142/160)
  Electric: 43.75% (70/160)
  Impulsive: 60.00% (96/160)
Epoch [36/100], Training Loss: 0.0047
Validation Loss: 0.2068, Validation Accuracy: 57.34%

Per-Class Validation Accuracy:
  No Thrust: 39.38% (63/160)
  Chemical: 89.38% (143/160)
  Electric: 40.62% (65/160)
  Impulsive: 60.00% (96/160)
Epoch [37/100], Training Loss: 0.0045
Validation Loss: 0.2074, Validation Accuracy: 58.12%

Per-Class Validation Accuracy:
  No Thrust: 38.12% (61/160)
  Chemical: 89.38% (143/160)
  Electric: 45.00% (72/160)
  Impulsive: 60.00% (96/160)
Epoch [38/100], Training Loss: 0.0045
Validation Loss: 0.2066, Validation Accuracy: 57.66%

Per-Class Validation Accuracy:
  No Thrust: 38.12% (61/160)
  Chemical: 88.75% (142/160)
  Electric: 43.75% (70/160)
  Impulsive: 60.00% (96/160)
Epoch [39/100], Training Loss: 0.0044
Validation Loss: 0.2065, Validation Accuracy: 58.28%

Per-Class Validation Accuracy:
  No Thrust: 37.50% (60/160)
  Chemical: 88.75% (142/160)
  Electric: 46.88% (75/160)
  Impulsive: 60.00% (96/160)
Epoch [40/100], Training Loss: 0.0045
Validation Loss: 0.2063, Validation Accuracy: 58.12%

Per-Class Validation Accuracy:
  No Thrust: 35.00% (56/160)
  Chemical: 89.38% (143/160)
  Electric: 48.12% (77/160)
  Impulsive: 60.00% (96/160)
Epoch [41/100], Training Loss: 0.0041
Validation Loss: 0.2051, Validation Accuracy: 57.66%

Per-Class Validation Accuracy:
  No Thrust: 38.12% (61/160)
  Chemical: 88.75% (142/160)
  Electric: 43.75% (70/160)
  Impulsive: 60.00% (96/160)
Epoch [42/100], Training Loss: 0.0043
Validation Loss: 0.2045, Validation Accuracy: 58.12%

Per-Class Validation Accuracy:
  No Thrust: 40.62% (65/160)
  Chemical: 88.75% (142/160)
  Electric: 43.12% (69/160)
  Impulsive: 60.00% (96/160)
Epoch [43/100], Training Loss: 0.0038
Validation Loss: 0.2046, Validation Accuracy: 57.97%

Per-Class Validation Accuracy:
  No Thrust: 38.12% (61/160)
  Chemical: 88.75% (142/160)
  Electric: 44.38% (71/160)
  Impulsive: 60.62% (97/160)
Epoch [44/100], Training Loss: 0.0041
Validation Loss: 0.2043, Validation Accuracy: 57.81%

Per-Class Validation Accuracy:
  No Thrust: 37.50% (60/160)
  Chemical: 88.75% (142/160)
  Electric: 45.00% (72/160)
  Impulsive: 60.00% (96/160)
Epoch [45/100], Training Loss: 0.0039
Validation Loss: 0.2041, Validation Accuracy: 57.66%

Per-Class Validation Accuracy:
  No Thrust: 36.88% (59/160)
  Chemical: 88.75% (142/160)
  Electric: 45.00% (72/160)
  Impulsive: 60.00% (96/160)
Epoch [46/100], Training Loss: 0.0038
Validation Loss: 0.2036, Validation Accuracy: 57.97%

Per-Class Validation Accuracy:
  No Thrust: 38.75% (62/160)
  Chemical: 88.75% (142/160)
  Electric: 44.38% (71/160)
  Impulsive: 60.00% (96/160)
Epoch [47/100], Training Loss: 0.0037
Validation Loss: 0.2032, Validation Accuracy: 57.81%

Per-Class Validation Accuracy:
  No Thrust: 39.38% (63/160)
  Chemical: 88.75% (142/160)
  Electric: 43.12% (69/160)
  Impulsive: 60.00% (96/160)
Epoch [48/100], Training Loss: 0.0038
Validation Loss: 0.2029, Validation Accuracy: 57.50%

Per-Class Validation Accuracy:
  No Thrust: 40.00% (64/160)
  Chemical: 88.12% (141/160)
  Electric: 41.88% (67/160)
  Impulsive: 60.00% (96/160)
Epoch [49/100], Training Loss: 0.0037
Validation Loss: 0.2026, Validation Accuracy: 57.50%

Per-Class Validation Accuracy:
  No Thrust: 39.38% (63/160)
  Chemical: 88.12% (141/160)
  Electric: 42.50% (68/160)
  Impulsive: 60.00% (96/160)
Epoch [50/100], Training Loss: 0.0034
Validation Loss: 0.2026, Validation Accuracy: 57.50%

Per-Class Validation Accuracy:
  No Thrust: 38.75% (62/160)
  Chemical: 88.12% (141/160)
  Electric: 42.50% (68/160)
  Impulsive: 60.62% (97/160)
Epoch [51/100], Training Loss: 0.0030
Validation Loss: 0.2024, Validation Accuracy: 57.50%

Per-Class Validation Accuracy:
  No Thrust: 39.38% (63/160)
  Chemical: 87.50% (140/160)
  Electric: 42.50% (68/160)
  Impulsive: 60.62% (97/160)
Epoch [52/100], Training Loss: 0.0033
Validation Loss: 0.2025, Validation Accuracy: 57.34%

Per-Class Validation Accuracy:
  No Thrust: 38.12% (61/160)
  Chemical: 87.50% (140/160)
  Electric: 43.12% (69/160)
  Impulsive: 60.62% (97/160)
Epoch [53/100], Training Loss: 0.0030
Validation Loss: 0.2021, Validation Accuracy: 57.97%

Per-Class Validation Accuracy:
  No Thrust: 40.00% (64/160)
  Chemical: 88.75% (142/160)
  Electric: 42.50% (68/160)
  Impulsive: 60.62% (97/160)
Epoch [54/100], Training Loss: 0.0030
Validation Loss: 0.2017, Validation Accuracy: 57.81%

Per-Class Validation Accuracy:
  No Thrust: 41.88% (67/160)
  Chemical: 88.75% (142/160)
  Electric: 40.00% (64/160)
  Impulsive: 60.62% (97/160)
Epoch [55/100], Training Loss: 0.0029
Validation Loss: 0.2014, Validation Accuracy: 57.66%

Per-Class Validation Accuracy:
  No Thrust: 41.88% (67/160)
  Chemical: 88.75% (142/160)
  Electric: 39.38% (63/160)
  Impulsive: 60.62% (97/160)
Epoch [56/100], Training Loss: 0.0030
Validation Loss: 0.2017, Validation Accuracy: 57.81%

Per-Class Validation Accuracy:
  No Thrust: 38.12% (61/160)
  Chemical: 88.75% (142/160)
  Electric: 43.75% (70/160)
  Impulsive: 60.62% (97/160)
Epoch [57/100], Training Loss: 0.0030
Validation Loss: 0.2015, Validation Accuracy: 57.66%

Per-Class Validation Accuracy:
  No Thrust: 38.75% (62/160)
  Chemical: 88.75% (142/160)
  Electric: 42.50% (68/160)
  Impulsive: 60.62% (97/160)
Epoch [58/100], Training Loss: 0.0027
Validation Loss: 0.2015, Validation Accuracy: 57.66%

Per-Class Validation Accuracy:
  No Thrust: 38.12% (61/160)
  Chemical: 88.75% (142/160)
  Electric: 43.12% (69/160)
  Impulsive: 60.62% (97/160)
Epoch [59/100], Training Loss: 0.0029
Validation Loss: 0.2018, Validation Accuracy: 57.97%

Per-Class Validation Accuracy:
  No Thrust: 36.25% (58/160)
  Chemical: 88.75% (142/160)
  Electric: 46.25% (74/160)
  Impulsive: 60.62% (97/160)
Epoch [60/100], Training Loss: 0.0029
Validation Loss: 0.2013, Validation Accuracy: 57.81%

Per-Class Validation Accuracy:
  No Thrust: 39.38% (63/160)
  Chemical: 88.75% (142/160)
  Electric: 42.50% (68/160)
  Impulsive: 60.62% (97/160)
Epoch [61/100], Training Loss: 0.0027
Validation Loss: 0.2013, Validation Accuracy: 58.28%

Per-Class Validation Accuracy:
  No Thrust: 39.38% (63/160)
  Chemical: 88.75% (142/160)
  Electric: 44.38% (71/160)
  Impulsive: 60.62% (97/160)
Epoch [62/100], Training Loss: 0.0026
Validation Loss: 0.2006, Validation Accuracy: 57.03%

Per-Class Validation Accuracy:
  No Thrust: 45.62% (73/160)
  Chemical: 86.88% (139/160)
  Electric: 35.00% (56/160)
  Impulsive: 60.62% (97/160)
Epoch [63/100], Training Loss: 0.0025
Validation Loss: 0.2005, Validation Accuracy: 57.03%

Per-Class Validation Accuracy:
  No Thrust: 45.62% (73/160)
  Chemical: 86.88% (139/160)
  Electric: 35.00% (56/160)
  Impulsive: 60.62% (97/160)
Epoch [64/100], Training Loss: 0.0024
Validation Loss: 0.2005, Validation Accuracy: 56.88%

Per-Class Validation Accuracy:
  No Thrust: 43.75% (70/160)
  Chemical: 86.88% (139/160)
  Electric: 36.25% (58/160)
  Impulsive: 60.62% (97/160)
Epoch [65/100], Training Loss: 0.0025
Validation Loss: 0.2006, Validation Accuracy: 56.72%

Per-Class Validation Accuracy:
  No Thrust: 41.88% (67/160)
  Chemical: 86.88% (139/160)
  Electric: 37.50% (60/160)
  Impulsive: 60.62% (97/160)
Epoch [66/100], Training Loss: 0.0023
Validation Loss: 0.2008, Validation Accuracy: 57.50%

Per-Class Validation Accuracy:
  No Thrust: 40.62% (65/160)
  Chemical: 86.88% (139/160)
  Electric: 41.88% (67/160)
  Impulsive: 60.62% (97/160)
Epoch [67/100], Training Loss: 0.0023
Validation Loss: 0.2011, Validation Accuracy: 57.66%

Per-Class Validation Accuracy:
  No Thrust: 36.25% (58/160)
  Chemical: 86.88% (139/160)
  Electric: 46.88% (75/160)
  Impulsive: 60.62% (97/160)
Epoch [68/100], Training Loss: 0.0022
Validation Loss: 0.2011, Validation Accuracy: 57.50%

Per-Class Validation Accuracy:
  No Thrust: 35.00% (56/160)
  Chemical: 86.88% (139/160)
  Electric: 47.50% (76/160)
  Impulsive: 60.62% (97/160)
Epoch [69/100], Training Loss: 0.0022
Validation Loss: 0.2011, Validation Accuracy: 57.03%

Per-Class Validation Accuracy:
  No Thrust: 33.12% (53/160)
  Chemical: 86.88% (139/160)
  Electric: 47.50% (76/160)
  Impulsive: 60.62% (97/160)
Epoch [70/100], Training Loss: 0.0022
Validation Loss: 0.2006, Validation Accuracy: 57.81%

Per-Class Validation Accuracy:
  No Thrust: 39.38% (63/160)
  Chemical: 86.88% (139/160)
  Electric: 44.38% (71/160)
  Impulsive: 60.62% (97/160)
Epoch [71/100], Training Loss: 0.0024
Validation Loss: 0.2005, Validation Accuracy: 57.66%

Per-Class Validation Accuracy:
  No Thrust: 40.00% (64/160)
  Chemical: 86.88% (139/160)
  Electric: 43.12% (69/160)
  Impulsive: 60.62% (97/160)
Epoch [72/100], Training Loss: 0.0022
Validation Loss: 0.2006, Validation Accuracy: 57.50%

Per-Class Validation Accuracy:
  No Thrust: 37.50% (60/160)
  Chemical: 86.88% (139/160)
  Electric: 45.00% (72/160)
  Impulsive: 60.62% (97/160)
Epoch [73/100], Training Loss: 0.0023
Validation Loss: 0.2005, Validation Accuracy: 57.66%

Per-Class Validation Accuracy:
  No Thrust: 38.75% (62/160)
  Chemical: 86.88% (139/160)
  Electric: 44.38% (71/160)
  Impulsive: 60.62% (97/160)
Epoch [74/100], Training Loss: 0.0021
Validation Loss: 0.2003, Validation Accuracy: 57.66%

Per-Class Validation Accuracy:
  No Thrust: 40.00% (64/160)
  Chemical: 86.88% (139/160)
  Electric: 43.12% (69/160)
  Impulsive: 60.62% (97/160)
Epoch [75/100], Training Loss: 0.0022
Validation Loss: 0.2002, Validation Accuracy: 57.50%

Per-Class Validation Accuracy:
  No Thrust: 41.25% (66/160)
  Chemical: 86.88% (139/160)
  Electric: 41.25% (66/160)
  Impulsive: 60.62% (97/160)
Epoch [76/100], Training Loss: 0.0020
Validation Loss: 0.2002, Validation Accuracy: 57.81%

Per-Class Validation Accuracy:
  No Thrust: 41.25% (66/160)
  Chemical: 86.88% (139/160)
  Electric: 42.50% (68/160)
  Impulsive: 60.62% (97/160)
Epoch [77/100], Training Loss: 0.0020
Validation Loss: 0.2001, Validation Accuracy: 57.66%

Per-Class Validation Accuracy:
  No Thrust: 40.62% (65/160)
  Chemical: 86.88% (139/160)
  Electric: 42.50% (68/160)
  Impulsive: 60.62% (97/160)
Epoch [78/100], Training Loss: 0.0020
Validation Loss: 0.2002, Validation Accuracy: 57.81%

Per-Class Validation Accuracy:
  No Thrust: 40.62% (65/160)
  Chemical: 86.88% (139/160)
  Electric: 42.50% (68/160)
  Impulsive: 61.25% (98/160)
Epoch [79/100], Training Loss: 0.0020
Validation Loss: 0.2001, Validation Accuracy: 57.81%

Per-Class Validation Accuracy:
  No Thrust: 40.62% (65/160)
  Chemical: 86.88% (139/160)
  Electric: 42.50% (68/160)
  Impulsive: 61.25% (98/160)
Epoch [80/100], Training Loss: 0.0019
Validation Loss: 0.2001, Validation Accuracy: 57.81%

Per-Class Validation Accuracy:
  No Thrust: 41.25% (66/160)
  Chemical: 86.88% (139/160)
  Electric: 41.88% (67/160)
  Impulsive: 61.25% (98/160)
Epoch [81/100], Training Loss: 0.0019
Validation Loss: 0.2000, Validation Accuracy: 57.50%

Per-Class Validation Accuracy:
  No Thrust: 41.88% (67/160)
  Chemical: 86.88% (139/160)
  Electric: 40.00% (64/160)
  Impulsive: 61.25% (98/160)
Epoch [82/100], Training Loss: 0.0020
Validation Loss: 0.2000, Validation Accuracy: 57.66%

Per-Class Validation Accuracy:
  No Thrust: 43.12% (69/160)
  Chemical: 86.88% (139/160)
  Electric: 39.38% (63/160)
  Impulsive: 61.25% (98/160)
Epoch [83/100], Training Loss: 0.0019
Validation Loss: 0.1999, Validation Accuracy: 57.50%

Per-Class Validation Accuracy:
  No Thrust: 43.12% (69/160)
  Chemical: 86.88% (139/160)
  Electric: 38.75% (62/160)
  Impulsive: 61.25% (98/160)
Epoch [84/100], Training Loss: 0.0021
Validation Loss: 0.1999, Validation Accuracy: 57.66%

Per-Class Validation Accuracy:
  No Thrust: 43.12% (69/160)
  Chemical: 86.88% (139/160)
  Electric: 39.38% (63/160)
  Impulsive: 61.25% (98/160)
Epoch [85/100], Training Loss: 0.0018
Validation Loss: 0.1999, Validation Accuracy: 57.81%

Per-Class Validation Accuracy:
  No Thrust: 42.50% (68/160)
  Chemical: 86.88% (139/160)
  Electric: 40.62% (65/160)
  Impulsive: 61.25% (98/160)
Epoch [86/100], Training Loss: 0.0018
Validation Loss: 0.1998, Validation Accuracy: 57.50%

Per-Class Validation Accuracy:
  No Thrust: 42.50% (68/160)
  Chemical: 86.88% (139/160)
  Electric: 39.38% (63/160)
  Impulsive: 61.25% (98/160)
Epoch [87/100], Training Loss: 0.0018
Validation Loss: 0.1998, Validation Accuracy: 57.66%

Per-Class Validation Accuracy:
  No Thrust: 43.12% (69/160)
  Chemical: 86.88% (139/160)
  Electric: 39.38% (63/160)
  Impulsive: 61.25% (98/160)
Epoch [88/100], Training Loss: 0.0014
Validation Loss: 0.1998, Validation Accuracy: 57.81%

Per-Class Validation Accuracy:
  No Thrust: 42.50% (68/160)
  Chemical: 86.88% (139/160)
  Electric: 40.62% (65/160)
  Impulsive: 61.25% (98/160)
Epoch [89/100], Training Loss: 0.0017
Validation Loss: 0.1999, Validation Accuracy: 57.81%

Per-Class Validation Accuracy:
  No Thrust: 42.50% (68/160)
  Chemical: 86.88% (139/160)
  Electric: 40.62% (65/160)
  Impulsive: 61.25% (98/160)
Epoch [90/100], Training Loss: 0.0019
Validation Loss: 0.1998, Validation Accuracy: 57.66%

Per-Class Validation Accuracy:
  No Thrust: 42.50% (68/160)
  Chemical: 86.88% (139/160)
  Electric: 40.00% (64/160)
  Impulsive: 61.25% (98/160)
Epoch [91/100], Training Loss: 0.0018
Validation Loss: 0.1998, Validation Accuracy: 57.81%

Per-Class Validation Accuracy:
  No Thrust: 42.50% (68/160)
  Chemical: 86.88% (139/160)
  Electric: 40.62% (65/160)
  Impulsive: 61.25% (98/160)
Epoch [92/100], Training Loss: 0.0017
Validation Loss: 0.1998, Validation Accuracy: 57.81%

Per-Class Validation Accuracy:
  No Thrust: 42.50% (68/160)
  Chemical: 86.88% (139/160)
  Electric: 40.62% (65/160)
  Impulsive: 61.25% (98/160)
Epoch [93/100], Training Loss: 0.0016
Validation Loss: 0.1998, Validation Accuracy: 57.81%

Per-Class Validation Accuracy:
  No Thrust: 42.50% (68/160)
  Chemical: 86.88% (139/160)
  Electric: 40.62% (65/160)
  Impulsive: 61.25% (98/160)
Epoch [94/100], Training Loss: 0.0017
Validation Loss: 0.1998, Validation Accuracy: 57.81%

Per-Class Validation Accuracy:
  No Thrust: 42.50% (68/160)
  Chemical: 86.88% (139/160)
  Electric: 40.62% (65/160)
  Impulsive: 61.25% (98/160)
Epoch [95/100], Training Loss: 0.0017
Validation Loss: 0.1998, Validation Accuracy: 57.81%

Per-Class Validation Accuracy:
  No Thrust: 42.50% (68/160)
  Chemical: 86.88% (139/160)
  Electric: 40.62% (65/160)
  Impulsive: 61.25% (98/160)
Epoch [96/100], Training Loss: 0.0016
Validation Loss: 0.1998, Validation Accuracy: 57.81%

Per-Class Validation Accuracy:
  No Thrust: 42.50% (68/160)
  Chemical: 86.88% (139/160)
  Electric: 40.62% (65/160)
  Impulsive: 61.25% (98/160)
Epoch [97/100], Training Loss: 0.0017
Validation Loss: 0.1998, Validation Accuracy: 57.81%

Per-Class Validation Accuracy:
  No Thrust: 42.50% (68/160)
  Chemical: 86.88% (139/160)
  Electric: 40.62% (65/160)
  Impulsive: 61.25% (98/160)
Epoch [98/100], Training Loss: 0.0016
Validation Loss: 0.1998, Validation Accuracy: 57.81%

Per-Class Validation Accuracy:
  No Thrust: 42.50% (68/160)
  Chemical: 86.88% (139/160)
  Electric: 40.62% (65/160)
  Impulsive: 61.25% (98/160)
Epoch [99/100], Training Loss: 0.0015
Validation Loss: 0.1998, Validation Accuracy: 57.81%

Per-Class Validation Accuracy:
  No Thrust: 42.50% (68/160)
  Chemical: 86.88% (139/160)
  Electric: 40.62% (65/160)
  Impulsive: 61.25% (98/160)
Epoch [100/100], Training Loss: 0.0016

	Elapsed time is 6.9273 seconds.

==========================================================================================
Total parameters: 708
Total memory (bytes): 5664
Total memory (MB): 0.005401611328125
==========================================================================================

MLP Validation
Validation Loss: 0.1998, Validation Accuracy: 57.81%

Per-Class Validation Accuracy:
  No Thrust: 42.50% (68/160)
  Chemical: 86.88% (139/160)
  Electric: 40.62% (65/160)
  Impulsive: 61.25% (98/160)

MLP Inference Time	Elapsed time is 0.0604 seconds.

Classification Report:
              precision    recall  f1-score   support

           0     0.4658    0.4250    0.4444       160
           1     0.8225    0.8688    0.8450       160
           2     0.4305    0.4062    0.4180       160
           3     0.5632    0.6125    0.5868       160

    accuracy                         0.5781       640
   macro avg     0.5705    0.5781    0.5736       640
weighted avg     0.5705    0.5781    0.5736       640


Confusion Matrix (rows = true, cols = predicted):
             P_No Thrust  P_Chemical  P_Electric  P_Impulsive
T_No Thrust           68           2          62           28
T_Chemical             1         139           1           19
T_Electric            63           3          65           29
T_Impulsive           14          25          23           98
