Processing datasets for vleo with 30 minutes and 800 random systems.
GPU is available
Training data location: C:/Users/hu650776/GMAT-Thrust-Data/data/classification/vleo/30min-800
Test data location: C:/Users/hu650776/GMAT-Thrust-Data/data/classification/vleo/30min-800

Entering Decision Trees Training Loop

	Elapsed time is 0.2710 seconds.

==========================================================================================
Total parameters: NaN
Total memory (bytes): 372994
Total memory (MB): 0.3557147979736328
==========================================================================================

Decision Trees Validation
Validation Loss: 1.3954, Validation Accuracy: 25.47%

Per-Class Validation Accuracy:
  No Thrust: 20.62% (33/160)
  Chemical: 11.88% (19/160)
  Electric: 20.00% (32/160)
  Impulsive: 49.38% (79/160)

Classification Report:
              precision    recall  f1-score   support

   No Thrust     0.2727    0.2062    0.2349       160
    Chemical     0.2405    0.1187    0.1590       160
    Electric     0.2520    0.2000    0.2230       160
   Impulsive     0.2524    0.4938    0.3340       160

    accuracy                         0.2547       640
   macro avg     0.2544    0.2547    0.2377       640
weighted avg     0.2544    0.2547    0.2377       640


Confusion Matrix (rows = true, cols = predicted):
             P_No Thrust  P_Chemical  P_Electric  P_Impulsive
T_No Thrust           33          18          32           77
T_Chemical            30          19          31           80
T_Electric            33          18          32           77
T_Impulsive           25          24          32           79

Decision Trees Inference Time	Elapsed time is 0.0147 seconds.

Entering LSTM Training Loop
Epoch [1/100], Training Loss: 1.3933
Validation Loss: 1.3875, Validation Accuracy: 25.00%

Per-Class Validation Accuracy:
  No Thrust: 0.00% (0/160)
  Chemical: 0.00% (0/160)
  Electric: 0.00% (0/160)
  Impulsive: 100.00% (160/160)
Epoch [2/100], Training Loss: 1.3881
Validation Loss: 1.3865, Validation Accuracy: 25.00%

Per-Class Validation Accuracy:
  No Thrust: 0.00% (0/160)
  Chemical: 0.00% (0/160)
  Electric: 100.00% (160/160)
  Impulsive: 0.00% (0/160)
Epoch [3/100], Training Loss: 1.3901
Validation Loss: 1.3864, Validation Accuracy: 25.00%

Per-Class Validation Accuracy:
  No Thrust: 0.00% (0/160)
  Chemical: 0.00% (0/160)
  Electric: 10.00% (16/160)
  Impulsive: 90.00% (144/160)
Epoch [4/100], Training Loss: 1.3885
Validation Loss: 1.3864, Validation Accuracy: 25.00%

Per-Class Validation Accuracy:
  No Thrust: 0.00% (0/160)
  Chemical: 100.00% (160/160)
  Electric: 0.00% (0/160)
  Impulsive: 0.00% (0/160)
Epoch [5/100], Training Loss: 1.3878
Validation Loss: 1.3864, Validation Accuracy: 25.00%

Per-Class Validation Accuracy:
  No Thrust: 0.00% (0/160)
  Chemical: 0.00% (0/160)
  Electric: 0.00% (0/160)
  Impulsive: 100.00% (160/160)
Epoch [6/100], Training Loss: 1.3884
Validation Loss: 1.3864, Validation Accuracy: 25.00%

Per-Class Validation Accuracy:
  No Thrust: 30.00% (48/160)
  Chemical: 70.00% (112/160)
  Electric: 0.00% (0/160)
  Impulsive: 0.00% (0/160)
Epoch [7/100], Training Loss: 1.3889
Validation Loss: 1.3867, Validation Accuracy: 25.00%

Per-Class Validation Accuracy:
  No Thrust: 0.00% (0/160)
  Chemical: 0.00% (0/160)
  Electric: 0.00% (0/160)
  Impulsive: 100.00% (160/160)
Epoch [8/100], Training Loss: 1.3885
Validation Loss: 1.3865, Validation Accuracy: 25.00%

Per-Class Validation Accuracy:
  No Thrust: 0.00% (0/160)
  Chemical: 0.00% (0/160)
  Electric: 0.00% (0/160)
  Impulsive: 100.00% (160/160)
Epoch [9/100], Training Loss: 1.3866
Validation Loss: 1.3863, Validation Accuracy: 25.00%

Per-Class Validation Accuracy:
  No Thrust: 20.00% (32/160)
  Chemical: 80.00% (128/160)
  Electric: 0.00% (0/160)
  Impulsive: 0.00% (0/160)
Epoch [10/100], Training Loss: 1.3885
Validation Loss: 1.3863, Validation Accuracy: 25.00%

Per-Class Validation Accuracy:
  No Thrust: 80.00% (128/160)
  Chemical: 0.00% (0/160)
  Electric: 10.00% (16/160)
  Impulsive: 10.00% (16/160)
Epoch [11/100], Training Loss: 1.3877
Validation Loss: 1.3863, Validation Accuracy: 25.00%

Per-Class Validation Accuracy:
  No Thrust: 50.00% (80/160)
  Chemical: 30.00% (48/160)
  Electric: 20.00% (32/160)
  Impulsive: 0.00% (0/160)
Epoch [12/100], Training Loss: 1.3868
Validation Loss: 1.3864, Validation Accuracy: 25.00%

Per-Class Validation Accuracy:
  No Thrust: 0.00% (0/160)
  Chemical: 60.00% (96/160)
  Electric: 40.00% (64/160)
  Impulsive: 0.00% (0/160)
Epoch [13/100], Training Loss: 1.3864
Validation Loss: 1.3863, Validation Accuracy: 25.00%

Per-Class Validation Accuracy:
  No Thrust: 0.00% (0/160)
  Chemical: 80.00% (128/160)
  Electric: 0.00% (0/160)
  Impulsive: 20.00% (32/160)
Epoch [14/100], Training Loss: 1.3878
Validation Loss: 1.3863, Validation Accuracy: 25.00%

Per-Class Validation Accuracy:
  No Thrust: 20.00% (32/160)
  Chemical: 0.00% (0/160)
  Electric: 0.00% (0/160)
  Impulsive: 80.00% (128/160)
Epoch [15/100], Training Loss: 1.3865
Validation Loss: 1.3863, Validation Accuracy: 25.00%

Per-Class Validation Accuracy:
  No Thrust: 0.00% (0/160)
  Chemical: 70.00% (112/160)
  Electric: 0.00% (0/160)
  Impulsive: 30.00% (48/160)
Epoch [16/100], Training Loss: 1.3876
Validation Loss: 1.3863, Validation Accuracy: 25.00%

Per-Class Validation Accuracy:
  No Thrust: 0.00% (0/160)
  Chemical: 80.00% (128/160)
  Electric: 10.00% (16/160)
  Impulsive: 10.00% (16/160)
Epoch [17/100], Training Loss: 1.3869
Validation Loss: 1.3864, Validation Accuracy: 25.00%

Per-Class Validation Accuracy:
  No Thrust: 0.00% (0/160)
  Chemical: 40.00% (64/160)
  Electric: 10.00% (16/160)
  Impulsive: 50.00% (80/160)
Epoch [18/100], Training Loss: 1.3875
Validation Loss: 1.3863, Validation Accuracy: 25.00%

Per-Class Validation Accuracy:
  No Thrust: 10.00% (16/160)
  Chemical: 10.00% (16/160)
  Electric: 0.00% (0/160)
  Impulsive: 80.00% (128/160)
Epoch [19/100], Training Loss: 1.3863
Validation Loss: 1.3863, Validation Accuracy: 25.00%

Per-Class Validation Accuracy:
  No Thrust: 0.00% (0/160)
  Chemical: 10.00% (16/160)
  Electric: 30.00% (48/160)
  Impulsive: 60.00% (96/160)
Epoch [20/100], Training Loss: 1.3871
Validation Loss: 1.3863, Validation Accuracy: 25.00%

Per-Class Validation Accuracy:
  No Thrust: 0.00% (0/160)
  Chemical: 40.00% (64/160)
  Electric: 20.00% (32/160)
  Impulsive: 40.00% (64/160)
Epoch [21/100], Training Loss: 1.3872
Validation Loss: 1.3863, Validation Accuracy: 25.00%

Per-Class Validation Accuracy:
  No Thrust: 0.00% (0/160)
  Chemical: 20.00% (32/160)
  Electric: 50.00% (80/160)
  Impulsive: 30.00% (48/160)
Early stopping triggered.

	Elapsed time is 10.2799 seconds.

==========================================================================================
Total parameters: 18004
Total memory (bytes): 144032
Total memory (MB): 0.137359619140625
==========================================================================================

LSTM Validation
Validation Loss: 1.3863, Validation Accuracy: 25.00%

Per-Class Validation Accuracy:
  No Thrust: 0.00% (0/160)
  Chemical: 20.00% (32/160)
  Electric: 50.00% (80/160)
  Impulsive: 30.00% (48/160)

Classification Report:
              precision    recall  f1-score   support

   No Thrust     0.0000    0.0000    0.0000       160
    Chemical     0.2500    0.2000    0.2222       160
    Electric     0.2500    0.5000    0.3333       160
   Impulsive     0.2500    0.3000    0.2727       160

    accuracy                         0.2500       640
   macro avg     0.1875    0.2500    0.2071       640
weighted avg     0.1875    0.2500    0.2071       640


Confusion Matrix (rows = true, cols = predicted):
             P_No Thrust  P_Chemical  P_Electric  P_Impulsive
T_No Thrust            0          32          80           48
T_Chemical             0          32          80           48
T_Electric             0          32          80           48
T_Impulsive            0          32          80           48

LSTM Inference Time	Elapsed time is 0.2545 seconds.

Entering Mamba Training Loop
Epoch [1/100], Training Loss: 1.3894
Validation Loss: 1.3877, Validation Accuracy: 25.00%

Per-Class Validation Accuracy:
  No Thrust: 3.75% (6/160)
  Chemical: 0.00% (0/160)
  Electric: 3.12% (5/160)
  Impulsive: 93.12% (149/160)
Epoch [2/100], Training Loss: 1.3882
Validation Loss: 1.3875, Validation Accuracy: 24.84%

Per-Class Validation Accuracy:
  No Thrust: 5.62% (9/160)
  Chemical: 0.00% (0/160)
  Electric: 4.38% (7/160)
  Impulsive: 89.38% (143/160)
Epoch [3/100], Training Loss: 1.3886
Validation Loss: 1.3872, Validation Accuracy: 24.84%

Per-Class Validation Accuracy:
  No Thrust: 4.38% (7/160)
  Chemical: 0.62% (1/160)
  Electric: 5.00% (8/160)
  Impulsive: 89.38% (143/160)
Epoch [4/100], Training Loss: 1.3885
Validation Loss: 1.3870, Validation Accuracy: 25.00%

Per-Class Validation Accuracy:
  No Thrust: 2.50% (4/160)
  Chemical: 0.62% (1/160)
  Electric: 5.00% (8/160)
  Impulsive: 91.88% (147/160)
Epoch [5/100], Training Loss: 1.3882
Validation Loss: 1.3869, Validation Accuracy: 24.84%

Per-Class Validation Accuracy:
  No Thrust: 4.38% (7/160)
  Chemical: 2.50% (4/160)
  Electric: 8.12% (13/160)
  Impulsive: 84.38% (135/160)
Epoch [6/100], Training Loss: 1.3884
Validation Loss: 1.3868, Validation Accuracy: 24.84%

Per-Class Validation Accuracy:
  No Thrust: 6.25% (10/160)
  Chemical: 1.25% (2/160)
  Electric: 8.75% (14/160)
  Impulsive: 83.12% (133/160)
Epoch [7/100], Training Loss: 1.3874
Validation Loss: 1.3867, Validation Accuracy: 24.84%

Per-Class Validation Accuracy:
  No Thrust: 10.62% (17/160)
  Chemical: 2.50% (4/160)
  Electric: 9.38% (15/160)
  Impulsive: 76.88% (123/160)
Epoch [8/100], Training Loss: 1.3871
Validation Loss: 1.3866, Validation Accuracy: 25.00%

Per-Class Validation Accuracy:
  No Thrust: 15.00% (24/160)
  Chemical: 5.62% (9/160)
  Electric: 11.88% (19/160)
  Impulsive: 67.50% (108/160)
Epoch [9/100], Training Loss: 1.3879
Validation Loss: 1.3866, Validation Accuracy: 25.00%

Per-Class Validation Accuracy:
  No Thrust: 12.50% (20/160)
  Chemical: 2.50% (4/160)
  Electric: 8.75% (14/160)
  Impulsive: 76.25% (122/160)
Epoch [10/100], Training Loss: 1.3871
Validation Loss: 1.3866, Validation Accuracy: 24.69%

Per-Class Validation Accuracy:
  No Thrust: 12.50% (20/160)
  Chemical: 5.62% (9/160)
  Electric: 15.00% (24/160)
  Impulsive: 65.62% (105/160)
Epoch [11/100], Training Loss: 1.3868
Validation Loss: 1.3865, Validation Accuracy: 25.00%

Per-Class Validation Accuracy:
  No Thrust: 13.75% (22/160)
  Chemical: 7.50% (12/160)
  Electric: 13.75% (22/160)
  Impulsive: 65.00% (104/160)
Epoch [12/100], Training Loss: 1.3870
Validation Loss: 1.3865, Validation Accuracy: 25.00%

Per-Class Validation Accuracy:
  No Thrust: 15.62% (25/160)
  Chemical: 9.38% (15/160)
  Electric: 13.12% (21/160)
  Impulsive: 61.88% (99/160)
Epoch [13/100], Training Loss: 1.3873
Validation Loss: 1.3865, Validation Accuracy: 25.16%

Per-Class Validation Accuracy:
  No Thrust: 15.62% (25/160)
  Chemical: 6.88% (11/160)
  Electric: 20.00% (32/160)
  Impulsive: 58.12% (93/160)
Epoch [14/100], Training Loss: 1.3865
Validation Loss: 1.3865, Validation Accuracy: 24.69%

Per-Class Validation Accuracy:
  No Thrust: 19.38% (31/160)
  Chemical: 6.25% (10/160)
  Electric: 20.62% (33/160)
  Impulsive: 52.50% (84/160)
Epoch [15/100], Training Loss: 1.3870
Validation Loss: 1.3865, Validation Accuracy: 25.00%

Per-Class Validation Accuracy:
  No Thrust: 10.00% (16/160)
  Chemical: 13.12% (21/160)
  Electric: 12.50% (20/160)
  Impulsive: 64.38% (103/160)
Epoch [16/100], Training Loss: 1.3873
Validation Loss: 1.3865, Validation Accuracy: 25.00%

Per-Class Validation Accuracy:
  No Thrust: 16.25% (26/160)
  Chemical: 8.12% (13/160)
  Electric: 16.88% (27/160)
  Impulsive: 58.75% (94/160)
Epoch [17/100], Training Loss: 1.3871
Validation Loss: 1.3864, Validation Accuracy: 25.00%

Per-Class Validation Accuracy:
  No Thrust: 20.00% (32/160)
  Chemical: 6.25% (10/160)
  Electric: 16.25% (26/160)
  Impulsive: 57.50% (92/160)
Epoch [18/100], Training Loss: 1.3873
Validation Loss: 1.3864, Validation Accuracy: 24.84%

Per-Class Validation Accuracy:
  No Thrust: 17.50% (28/160)
  Chemical: 8.75% (14/160)
  Electric: 19.38% (31/160)
  Impulsive: 53.75% (86/160)
Epoch [19/100], Training Loss: 1.3866
Validation Loss: 1.3864, Validation Accuracy: 25.31%

Per-Class Validation Accuracy:
  No Thrust: 18.75% (30/160)
  Chemical: 9.38% (15/160)
  Electric: 17.50% (28/160)
  Impulsive: 55.62% (89/160)
Epoch [20/100], Training Loss: 1.3868
Validation Loss: 1.3864, Validation Accuracy: 25.00%

Per-Class Validation Accuracy:
  No Thrust: 16.25% (26/160)
  Chemical: 11.88% (19/160)
  Electric: 21.25% (34/160)
  Impulsive: 50.62% (81/160)
Epoch [21/100], Training Loss: 1.3863
Validation Loss: 1.3864, Validation Accuracy: 25.00%

Per-Class Validation Accuracy:
  No Thrust: 17.50% (28/160)
  Chemical: 13.12% (21/160)
  Electric: 14.38% (23/160)
  Impulsive: 55.00% (88/160)
Epoch [22/100], Training Loss: 1.3863
Validation Loss: 1.3864, Validation Accuracy: 24.84%

Per-Class Validation Accuracy:
  No Thrust: 16.25% (26/160)
  Chemical: 16.25% (26/160)
  Electric: 21.25% (34/160)
  Impulsive: 45.62% (73/160)
Epoch [23/100], Training Loss: 1.3867
Validation Loss: 1.3864, Validation Accuracy: 24.84%

Per-Class Validation Accuracy:
  No Thrust: 18.75% (30/160)
  Chemical: 12.50% (20/160)
  Electric: 24.38% (39/160)
  Impulsive: 43.75% (70/160)
Epoch [24/100], Training Loss: 1.3868
Validation Loss: 1.3864, Validation Accuracy: 24.84%

Per-Class Validation Accuracy:
  No Thrust: 15.62% (25/160)
  Chemical: 15.62% (25/160)
  Electric: 20.62% (33/160)
  Impulsive: 47.50% (76/160)
Epoch [25/100], Training Loss: 1.3863
Validation Loss: 1.3864, Validation Accuracy: 25.00%

Per-Class Validation Accuracy:
  No Thrust: 17.50% (28/160)
  Chemical: 14.38% (23/160)
  Electric: 20.62% (33/160)
  Impulsive: 47.50% (76/160)
Epoch [26/100], Training Loss: 1.3868
Validation Loss: 1.3864, Validation Accuracy: 25.00%

Per-Class Validation Accuracy:
  No Thrust: 18.12% (29/160)
  Chemical: 13.12% (21/160)
  Electric: 19.38% (31/160)
  Impulsive: 49.38% (79/160)
Epoch [27/100], Training Loss: 1.3865
Validation Loss: 1.3864, Validation Accuracy: 24.84%

Per-Class Validation Accuracy:
  No Thrust: 16.88% (27/160)
  Chemical: 13.75% (22/160)
  Electric: 23.12% (37/160)
  Impulsive: 45.62% (73/160)
Epoch [28/100], Training Loss: 1.3862
Validation Loss: 1.3864, Validation Accuracy: 25.00%

Per-Class Validation Accuracy:
  No Thrust: 16.88% (27/160)
  Chemical: 12.50% (20/160)
  Electric: 21.88% (35/160)
  Impulsive: 48.75% (78/160)
Epoch [29/100], Training Loss: 1.3867
Validation Loss: 1.3864, Validation Accuracy: 25.00%

Per-Class Validation Accuracy:
  No Thrust: 16.88% (27/160)
  Chemical: 12.50% (20/160)
  Electric: 21.25% (34/160)
  Impulsive: 49.38% (79/160)
Epoch [30/100], Training Loss: 1.3866
Validation Loss: 1.3864, Validation Accuracy: 25.16%

Per-Class Validation Accuracy:
  No Thrust: 16.25% (26/160)
  Chemical: 18.12% (29/160)
  Electric: 23.75% (38/160)
  Impulsive: 42.50% (68/160)
Epoch [31/100], Training Loss: 1.3863
Validation Loss: 1.3864, Validation Accuracy: 25.00%

Per-Class Validation Accuracy:
  No Thrust: 16.25% (26/160)
  Chemical: 15.62% (25/160)
  Electric: 23.75% (38/160)
  Impulsive: 44.38% (71/160)
Epoch [32/100], Training Loss: 1.3867
Validation Loss: 1.3864, Validation Accuracy: 24.84%

Per-Class Validation Accuracy:
  No Thrust: 16.88% (27/160)
  Chemical: 15.00% (24/160)
  Electric: 23.12% (37/160)
  Impulsive: 44.38% (71/160)
Epoch [33/100], Training Loss: 1.3866
Validation Loss: 1.3864, Validation Accuracy: 24.84%

Per-Class Validation Accuracy:
  No Thrust: 17.50% (28/160)
  Chemical: 15.62% (25/160)
  Electric: 24.38% (39/160)
  Impulsive: 41.88% (67/160)
Epoch [34/100], Training Loss: 1.3864
Validation Loss: 1.3864, Validation Accuracy: 24.84%

Per-Class Validation Accuracy:
  No Thrust: 16.88% (27/160)
  Chemical: 15.00% (24/160)
  Electric: 23.75% (38/160)
  Impulsive: 43.75% (70/160)
Epoch [35/100], Training Loss: 1.3866
Validation Loss: 1.3864, Validation Accuracy: 24.69%

Per-Class Validation Accuracy:
  No Thrust: 15.62% (25/160)
  Chemical: 15.62% (25/160)
  Electric: 23.75% (38/160)
  Impulsive: 43.75% (70/160)
Epoch [36/100], Training Loss: 1.3861
Validation Loss: 1.3864, Validation Accuracy: 25.16%

Per-Class Validation Accuracy:
  No Thrust: 15.62% (25/160)
  Chemical: 18.12% (29/160)
  Electric: 23.75% (38/160)
  Impulsive: 43.12% (69/160)
Epoch [37/100], Training Loss: 1.3865
Validation Loss: 1.3864, Validation Accuracy: 25.00%

Per-Class Validation Accuracy:
  No Thrust: 16.25% (26/160)
  Chemical: 16.88% (27/160)
  Electric: 23.75% (38/160)
  Impulsive: 43.12% (69/160)
Epoch [38/100], Training Loss: 1.3863
Validation Loss: 1.3864, Validation Accuracy: 25.00%

Per-Class Validation Accuracy:
  No Thrust: 15.62% (25/160)
  Chemical: 17.50% (28/160)
  Electric: 23.75% (38/160)
  Impulsive: 43.12% (69/160)
Epoch [39/100], Training Loss: 1.3863
Validation Loss: 1.3864, Validation Accuracy: 25.00%

Per-Class Validation Accuracy:
  No Thrust: 15.62% (25/160)
  Chemical: 16.88% (27/160)
  Electric: 23.75% (38/160)
  Impulsive: 43.75% (70/160)
Epoch [40/100], Training Loss: 1.3864
Validation Loss: 1.3864, Validation Accuracy: 24.84%

Per-Class Validation Accuracy:
  No Thrust: 16.88% (27/160)
  Chemical: 16.25% (26/160)
  Electric: 23.75% (38/160)
  Impulsive: 42.50% (68/160)
Epoch [41/100], Training Loss: 1.3865
Validation Loss: 1.3864, Validation Accuracy: 24.84%

Per-Class Validation Accuracy:
  No Thrust: 16.25% (26/160)
  Chemical: 18.12% (29/160)
  Electric: 24.38% (39/160)
  Impulsive: 40.62% (65/160)
Epoch [42/100], Training Loss: 1.3866
Validation Loss: 1.3864, Validation Accuracy: 25.16%

Per-Class Validation Accuracy:
  No Thrust: 15.62% (25/160)
  Chemical: 18.75% (30/160)
  Electric: 23.75% (38/160)
  Impulsive: 42.50% (68/160)
Epoch [43/100], Training Loss: 1.3867
Validation Loss: 1.3864, Validation Accuracy: 25.16%

Per-Class Validation Accuracy:
  No Thrust: 15.62% (25/160)
  Chemical: 19.38% (31/160)
  Electric: 23.75% (38/160)
  Impulsive: 41.88% (67/160)
Epoch [44/100], Training Loss: 1.3862
Validation Loss: 1.3864, Validation Accuracy: 24.84%

Per-Class Validation Accuracy:
  No Thrust: 15.62% (25/160)
  Chemical: 18.12% (29/160)
  Electric: 23.75% (38/160)
  Impulsive: 41.88% (67/160)
Epoch [45/100], Training Loss: 1.3867
Validation Loss: 1.3864, Validation Accuracy: 25.16%

Per-Class Validation Accuracy:
  No Thrust: 15.62% (25/160)
  Chemical: 18.75% (30/160)
  Electric: 23.75% (38/160)
  Impulsive: 42.50% (68/160)
Epoch [46/100], Training Loss: 1.3865
Validation Loss: 1.3864, Validation Accuracy: 25.00%

Per-Class Validation Accuracy:
  No Thrust: 15.62% (25/160)
  Chemical: 18.12% (29/160)
  Electric: 23.75% (38/160)
  Impulsive: 42.50% (68/160)
Epoch [47/100], Training Loss: 1.3865
Validation Loss: 1.3864, Validation Accuracy: 24.84%

Per-Class Validation Accuracy:
  No Thrust: 15.62% (25/160)
  Chemical: 18.12% (29/160)
  Electric: 23.75% (38/160)
  Impulsive: 41.88% (67/160)
Epoch [48/100], Training Loss: 1.3866
Validation Loss: 1.3864, Validation Accuracy: 25.00%

Per-Class Validation Accuracy:
  No Thrust: 15.62% (25/160)
  Chemical: 18.12% (29/160)
  Electric: 23.75% (38/160)
  Impulsive: 42.50% (68/160)
Epoch [49/100], Training Loss: 1.3863
Validation Loss: 1.3864, Validation Accuracy: 25.00%

Per-Class Validation Accuracy:
  No Thrust: 15.62% (25/160)
  Chemical: 18.12% (29/160)
  Electric: 23.75% (38/160)
  Impulsive: 42.50% (68/160)
Epoch [50/100], Training Loss: 1.3863
Validation Loss: 1.3864, Validation Accuracy: 24.84%

Per-Class Validation Accuracy:
  No Thrust: 15.62% (25/160)
  Chemical: 18.12% (29/160)
  Electric: 23.75% (38/160)
  Impulsive: 41.88% (67/160)
Epoch [51/100], Training Loss: 1.3866
Validation Loss: 1.3864, Validation Accuracy: 25.00%

Per-Class Validation Accuracy:
  No Thrust: 15.62% (25/160)
  Chemical: 18.12% (29/160)
  Electric: 23.75% (38/160)
  Impulsive: 42.50% (68/160)
Epoch [52/100], Training Loss: 1.3863
Validation Loss: 1.3864, Validation Accuracy: 25.00%

Per-Class Validation Accuracy:
  No Thrust: 15.62% (25/160)
  Chemical: 18.75% (30/160)
  Electric: 23.75% (38/160)
  Impulsive: 41.88% (67/160)
Epoch [53/100], Training Loss: 1.3862
Validation Loss: 1.3864, Validation Accuracy: 24.84%

Per-Class Validation Accuracy:
  No Thrust: 15.62% (25/160)
  Chemical: 18.12% (29/160)
  Electric: 23.75% (38/160)
  Impulsive: 41.88% (67/160)
Epoch [54/100], Training Loss: 1.3865
Validation Loss: 1.3864, Validation Accuracy: 25.00%

Per-Class Validation Accuracy:
  No Thrust: 15.62% (25/160)
  Chemical: 18.12% (29/160)
  Electric: 23.75% (38/160)
  Impulsive: 42.50% (68/160)
Epoch [55/100], Training Loss: 1.3863
Validation Loss: 1.3864, Validation Accuracy: 25.00%

Per-Class Validation Accuracy:
  No Thrust: 15.62% (25/160)
  Chemical: 18.12% (29/160)
  Electric: 23.75% (38/160)
  Impulsive: 42.50% (68/160)
Epoch [56/100], Training Loss: 1.3864
Validation Loss: 1.3864, Validation Accuracy: 25.00%

Per-Class Validation Accuracy:
  No Thrust: 15.62% (25/160)
  Chemical: 18.12% (29/160)
  Electric: 23.75% (38/160)
  Impulsive: 42.50% (68/160)
Epoch [57/100], Training Loss: 1.3866
Validation Loss: 1.3864, Validation Accuracy: 24.84%

Per-Class Validation Accuracy:
  No Thrust: 15.62% (25/160)
  Chemical: 18.12% (29/160)
  Electric: 23.75% (38/160)
  Impulsive: 41.88% (67/160)
Epoch [58/100], Training Loss: 1.3865
Validation Loss: 1.3864, Validation Accuracy: 24.84%

Per-Class Validation Accuracy:
  No Thrust: 15.62% (25/160)
  Chemical: 18.12% (29/160)
  Electric: 23.75% (38/160)
  Impulsive: 41.88% (67/160)
Epoch [59/100], Training Loss: 1.3861
Validation Loss: 1.3864, Validation Accuracy: 25.00%

Per-Class Validation Accuracy:
  No Thrust: 15.62% (25/160)
  Chemical: 18.12% (29/160)
  Electric: 23.75% (38/160)
  Impulsive: 42.50% (68/160)
Epoch [60/100], Training Loss: 1.3864
Validation Loss: 1.3864, Validation Accuracy: 25.00%

Per-Class Validation Accuracy:
  No Thrust: 15.62% (25/160)
  Chemical: 18.12% (29/160)
  Electric: 23.75% (38/160)
  Impulsive: 42.50% (68/160)
Epoch [61/100], Training Loss: 1.3865
Validation Loss: 1.3864, Validation Accuracy: 25.00%

Per-Class Validation Accuracy:
  No Thrust: 15.62% (25/160)
  Chemical: 18.12% (29/160)
  Electric: 23.75% (38/160)
  Impulsive: 42.50% (68/160)
Epoch [62/100], Training Loss: 1.3864
Validation Loss: 1.3864, Validation Accuracy: 24.84%

Per-Class Validation Accuracy:
  No Thrust: 15.62% (25/160)
  Chemical: 18.12% (29/160)
  Electric: 23.75% (38/160)
  Impulsive: 41.88% (67/160)
Epoch [63/100], Training Loss: 1.3862
Validation Loss: 1.3864, Validation Accuracy: 24.84%

Per-Class Validation Accuracy:
  No Thrust: 15.62% (25/160)
  Chemical: 18.12% (29/160)
  Electric: 23.75% (38/160)
  Impulsive: 41.88% (67/160)
Epoch [64/100], Training Loss: 1.3863
Validation Loss: 1.3864, Validation Accuracy: 24.84%

Per-Class Validation Accuracy:
  No Thrust: 15.62% (25/160)
  Chemical: 18.12% (29/160)
  Electric: 23.75% (38/160)
  Impulsive: 41.88% (67/160)
Epoch [65/100], Training Loss: 1.3859
Validation Loss: 1.3864, Validation Accuracy: 25.00%

Per-Class Validation Accuracy:
  No Thrust: 15.62% (25/160)
  Chemical: 18.12% (29/160)
  Electric: 23.75% (38/160)
  Impulsive: 42.50% (68/160)
Epoch [66/100], Training Loss: 1.3866
Validation Loss: 1.3864, Validation Accuracy: 24.84%

Per-Class Validation Accuracy:
  No Thrust: 15.62% (25/160)
  Chemical: 18.12% (29/160)
  Electric: 23.75% (38/160)
  Impulsive: 41.88% (67/160)
Epoch [67/100], Training Loss: 1.3866
Validation Loss: 1.3864, Validation Accuracy: 24.84%

Per-Class Validation Accuracy:
  No Thrust: 15.62% (25/160)
  Chemical: 18.12% (29/160)
  Electric: 23.75% (38/160)
  Impulsive: 41.88% (67/160)
Epoch [68/100], Training Loss: 1.3869
Validation Loss: 1.3864, Validation Accuracy: 24.84%

Per-Class Validation Accuracy:
  No Thrust: 15.62% (25/160)
  Chemical: 18.12% (29/160)
  Electric: 23.75% (38/160)
  Impulsive: 41.88% (67/160)
Epoch [69/100], Training Loss: 1.3865
Validation Loss: 1.3864, Validation Accuracy: 24.84%

Per-Class Validation Accuracy:
  No Thrust: 15.62% (25/160)
  Chemical: 18.12% (29/160)
  Electric: 23.75% (38/160)
  Impulsive: 41.88% (67/160)
Epoch [70/100], Training Loss: 1.3866
Validation Loss: 1.3864, Validation Accuracy: 24.84%

Per-Class Validation Accuracy:
  No Thrust: 15.62% (25/160)
  Chemical: 18.12% (29/160)
  Electric: 23.75% (38/160)
  Impulsive: 41.88% (67/160)
Epoch [71/100], Training Loss: 1.3866
Validation Loss: 1.3864, Validation Accuracy: 25.00%

Per-Class Validation Accuracy:
  No Thrust: 15.62% (25/160)
  Chemical: 18.12% (29/160)
  Electric: 23.75% (38/160)
  Impulsive: 42.50% (68/160)
Epoch [72/100], Training Loss: 1.3863
Validation Loss: 1.3864, Validation Accuracy: 24.84%

Per-Class Validation Accuracy:
  No Thrust: 15.62% (25/160)
  Chemical: 18.12% (29/160)
  Electric: 23.75% (38/160)
  Impulsive: 41.88% (67/160)
Epoch [73/100], Training Loss: 1.3866
Validation Loss: 1.3864, Validation Accuracy: 24.84%

Per-Class Validation Accuracy:
  No Thrust: 15.62% (25/160)
  Chemical: 18.12% (29/160)
  Electric: 23.75% (38/160)
  Impulsive: 41.88% (67/160)
Epoch [74/100], Training Loss: 1.3869
Validation Loss: 1.3864, Validation Accuracy: 24.84%

Per-Class Validation Accuracy:
  No Thrust: 15.62% (25/160)
  Chemical: 18.12% (29/160)
  Electric: 23.75% (38/160)
  Impulsive: 41.88% (67/160)
Epoch [75/100], Training Loss: 1.3866
Validation Loss: 1.3864, Validation Accuracy: 24.84%

Per-Class Validation Accuracy:
  No Thrust: 15.62% (25/160)
  Chemical: 18.12% (29/160)
  Electric: 23.75% (38/160)
  Impulsive: 41.88% (67/160)
Epoch [76/100], Training Loss: 1.3864
Validation Loss: 1.3864, Validation Accuracy: 24.84%

Per-Class Validation Accuracy:
  No Thrust: 15.62% (25/160)
  Chemical: 18.12% (29/160)
  Electric: 23.75% (38/160)
  Impulsive: 41.88% (67/160)
Epoch [77/100], Training Loss: 1.3863
Validation Loss: 1.3864, Validation Accuracy: 24.84%

Per-Class Validation Accuracy:
  No Thrust: 15.62% (25/160)
  Chemical: 18.12% (29/160)
  Electric: 23.75% (38/160)
  Impulsive: 41.88% (67/160)
Epoch [78/100], Training Loss: 1.3867
Validation Loss: 1.3864, Validation Accuracy: 24.84%

Per-Class Validation Accuracy:
  No Thrust: 15.62% (25/160)
  Chemical: 18.12% (29/160)
  Electric: 23.75% (38/160)
  Impulsive: 41.88% (67/160)
Epoch [79/100], Training Loss: 1.3869
Validation Loss: 1.3864, Validation Accuracy: 24.84%

Per-Class Validation Accuracy:
  No Thrust: 15.62% (25/160)
  Chemical: 18.12% (29/160)
  Electric: 23.75% (38/160)
  Impulsive: 41.88% (67/160)
Epoch [80/100], Training Loss: 1.3862
Validation Loss: 1.3864, Validation Accuracy: 24.84%

Per-Class Validation Accuracy:
  No Thrust: 15.62% (25/160)
  Chemical: 18.12% (29/160)
  Electric: 23.75% (38/160)
  Impulsive: 41.88% (67/160)
Epoch [81/100], Training Loss: 1.3861
Validation Loss: 1.3864, Validation Accuracy: 24.84%

Per-Class Validation Accuracy:
  No Thrust: 15.62% (25/160)
  Chemical: 18.12% (29/160)
  Electric: 23.75% (38/160)
  Impulsive: 41.88% (67/160)
Epoch [82/100], Training Loss: 1.3862
Validation Loss: 1.3864, Validation Accuracy: 24.84%

Per-Class Validation Accuracy:
  No Thrust: 15.62% (25/160)
  Chemical: 18.12% (29/160)
  Electric: 23.75% (38/160)
  Impulsive: 41.88% (67/160)
Epoch [83/100], Training Loss: 1.3861
Validation Loss: 1.3864, Validation Accuracy: 24.84%

Per-Class Validation Accuracy:
  No Thrust: 15.62% (25/160)
  Chemical: 18.12% (29/160)
  Electric: 23.75% (38/160)
  Impulsive: 41.88% (67/160)
Epoch [84/100], Training Loss: 1.3867
Validation Loss: 1.3864, Validation Accuracy: 24.84%

Per-Class Validation Accuracy:
  No Thrust: 15.62% (25/160)
  Chemical: 18.12% (29/160)
  Electric: 23.75% (38/160)
  Impulsive: 41.88% (67/160)
Epoch [85/100], Training Loss: 1.3862
Validation Loss: 1.3864, Validation Accuracy: 24.84%

Per-Class Validation Accuracy:
  No Thrust: 15.62% (25/160)
  Chemical: 18.12% (29/160)
  Electric: 23.75% (38/160)
  Impulsive: 41.88% (67/160)
Epoch [86/100], Training Loss: 1.3862
Validation Loss: 1.3864, Validation Accuracy: 24.84%

Per-Class Validation Accuracy:
  No Thrust: 15.62% (25/160)
  Chemical: 18.12% (29/160)
  Electric: 23.75% (38/160)
  Impulsive: 41.88% (67/160)
Epoch [87/100], Training Loss: 1.3865
Validation Loss: 1.3864, Validation Accuracy: 24.84%

Per-Class Validation Accuracy:
  No Thrust: 15.62% (25/160)
  Chemical: 18.12% (29/160)
  Electric: 23.75% (38/160)
  Impulsive: 41.88% (67/160)
Epoch [88/100], Training Loss: 1.3861
Validation Loss: 1.3864, Validation Accuracy: 24.84%

Per-Class Validation Accuracy:
  No Thrust: 15.62% (25/160)
  Chemical: 18.12% (29/160)
  Electric: 23.75% (38/160)
  Impulsive: 41.88% (67/160)
Epoch [89/100], Training Loss: 1.3866
Validation Loss: 1.3864, Validation Accuracy: 24.84%

Per-Class Validation Accuracy:
  No Thrust: 15.62% (25/160)
  Chemical: 18.12% (29/160)
  Electric: 23.75% (38/160)
  Impulsive: 41.88% (67/160)
Epoch [90/100], Training Loss: 1.3863
Validation Loss: 1.3864, Validation Accuracy: 24.84%

Per-Class Validation Accuracy:
  No Thrust: 15.62% (25/160)
  Chemical: 18.12% (29/160)
  Electric: 23.75% (38/160)
  Impulsive: 41.88% (67/160)
Epoch [91/100], Training Loss: 1.3867
Validation Loss: 1.3864, Validation Accuracy: 24.84%

Per-Class Validation Accuracy:
  No Thrust: 15.62% (25/160)
  Chemical: 18.12% (29/160)
  Electric: 23.75% (38/160)
  Impulsive: 41.88% (67/160)
Epoch [92/100], Training Loss: 1.3865
Validation Loss: 1.3864, Validation Accuracy: 24.84%

Per-Class Validation Accuracy:
  No Thrust: 15.62% (25/160)
  Chemical: 18.12% (29/160)
  Electric: 23.75% (38/160)
  Impulsive: 41.88% (67/160)
Epoch [93/100], Training Loss: 1.3866
Validation Loss: 1.3864, Validation Accuracy: 24.84%

Per-Class Validation Accuracy:
  No Thrust: 15.62% (25/160)
  Chemical: 18.12% (29/160)
  Electric: 23.75% (38/160)
  Impulsive: 41.88% (67/160)
Epoch [94/100], Training Loss: 1.3866
Validation Loss: 1.3864, Validation Accuracy: 24.84%

Per-Class Validation Accuracy:
  No Thrust: 15.62% (25/160)
  Chemical: 18.12% (29/160)
  Electric: 23.75% (38/160)
  Impulsive: 41.88% (67/160)
Epoch [95/100], Training Loss: 1.3860
Validation Loss: 1.3864, Validation Accuracy: 24.84%

Per-Class Validation Accuracy:
  No Thrust: 15.62% (25/160)
  Chemical: 18.12% (29/160)
  Electric: 23.75% (38/160)
  Impulsive: 41.88% (67/160)
Epoch [96/100], Training Loss: 1.3865
Validation Loss: 1.3864, Validation Accuracy: 24.84%

Per-Class Validation Accuracy:
  No Thrust: 15.62% (25/160)
  Chemical: 18.12% (29/160)
  Electric: 23.75% (38/160)
  Impulsive: 41.88% (67/160)
Epoch [97/100], Training Loss: 1.3860
Validation Loss: 1.3864, Validation Accuracy: 24.84%

Per-Class Validation Accuracy:
  No Thrust: 15.62% (25/160)
  Chemical: 18.12% (29/160)
  Electric: 23.75% (38/160)
  Impulsive: 41.88% (67/160)
Epoch [98/100], Training Loss: 1.3866
Validation Loss: 1.3864, Validation Accuracy: 24.84%

Per-Class Validation Accuracy:
  No Thrust: 15.62% (25/160)
  Chemical: 18.12% (29/160)
  Electric: 23.75% (38/160)
  Impulsive: 41.88% (67/160)
Epoch [99/100], Training Loss: 1.3862
Validation Loss: 1.3864, Validation Accuracy: 24.84%

Per-Class Validation Accuracy:
  No Thrust: 15.62% (25/160)
  Chemical: 18.12% (29/160)
  Electric: 23.75% (38/160)
  Impulsive: 41.88% (67/160)
Epoch [100/100], Training Loss: 1.3865
Validation Loss: 1.3864, Validation Accuracy: 24.84%

Per-Class Validation Accuracy:
  No Thrust: 15.62% (25/160)
  Chemical: 18.12% (29/160)
  Electric: 23.75% (38/160)
  Impulsive: 41.88% (67/160)

	Elapsed time is 52.9181 seconds.

==========================================================================================
Total parameters: 6106
Total memory (bytes): 48848
Total memory (MB): 0.0465850830078125
==========================================================================================

Mamba Validation
Validation Loss: 1.3864, Validation Accuracy: 24.84%

Per-Class Validation Accuracy:
  No Thrust: 15.62% (25/160)
  Chemical: 18.12% (29/160)
  Electric: 23.75% (38/160)
  Impulsive: 41.88% (67/160)

Classification Report:
              precision    recall  f1-score   support

   No Thrust     0.2500    0.1562    0.1923       160
    Chemical     0.2500    0.1812    0.2101       160
    Electric     0.2484    0.2375    0.2428       160
   Impulsive     0.2472    0.4188    0.3109       160

    accuracy                         0.2484       640
   macro avg     0.2489    0.2484    0.2390       640
weighted avg     0.2489    0.2484    0.2390       640


Confusion Matrix (rows = true, cols = predicted):
             P_No Thrust  P_Chemical  P_Electric  P_Impulsive
T_No Thrust           25          29          38           68
T_Chemical            25          29          38           68
T_Electric            25          29          38           68
T_Impulsive           25          29          39           67

Mamba Inference Time	Elapsed time is 0.2810 seconds.
