Processing datasets for vleo with 100 minutes and 800 random systems.
GPU is available
Training data location: C:/Users/hu650776/GMAT-Thrust-Data/data/classification/vleo/100min-800
Test data location: C:/Users/hu650776/GMAT-Thrust-Data/data/classification/vleo/100min-800

Entering Decision Trees Training Loop

	Elapsed time is 0.4631 seconds.

==========================================================================================
Total parameters: NaN
Total memory (bytes): 397755
Total memory (MB): 0.37932872772216797
==========================================================================================

Decision Trees Validation
Validation Loss: 0.5357, Validation Accuracy: 74.06%

Per-Class Validation Accuracy:
  No Thrust: 60.62% (97/160)
  Chemical: 100.00% (160/160)
  Electric: 40.62% (65/160)
  Impulsive: 95.00% (152/160)

Classification Report:
              precision    recall  f1-score   support

   No Thrust     0.5105    0.6062    0.5543       160
    Chemical     0.9524    1.0000    0.9756       160
    Electric     0.5078    0.4062    0.4514       160
   Impulsive     0.9870    0.9500    0.9682       160

    accuracy                         0.7406       640
   macro avg     0.7394    0.7406    0.7374       640
weighted avg     0.7394    0.7406    0.7374       640


Confusion Matrix (rows = true, cols = predicted):
             P_No Thrust  P_Chemical  P_Electric  P_Impulsive
T_No Thrust           97           0          63            0
T_Chemical             0         160           0            0
T_Electric            93           0          65            2
T_Impulsive            0           8           0          152

Decision Trees Inference Time	Elapsed time is 0.0172 seconds.

Entering LSTM Training Loop
Epoch [1/100], Training Loss: 1.3927
Validation Loss: 1.3835, Validation Accuracy: 30.47%

Per-Class Validation Accuracy:
  No Thrust: 0.00% (0/160)
  Chemical: 90.00% (144/160)
  Electric: 0.00% (0/160)
  Impulsive: 31.88% (51/160)
Epoch [2/100], Training Loss: 1.3872
Validation Loss: 1.3812, Validation Accuracy: 25.94%

Per-Class Validation Accuracy:
  No Thrust: 0.00% (0/160)
  Chemical: 90.00% (144/160)
  Electric: 10.00% (16/160)
  Impulsive: 3.75% (6/160)
Epoch [3/100], Training Loss: 1.3884
Validation Loss: 1.3776, Validation Accuracy: 43.91%

Per-Class Validation Accuracy:
  No Thrust: 10.00% (16/160)
  Chemical: 18.75% (30/160)
  Electric: 48.75% (78/160)
  Impulsive: 98.12% (157/160)
Epoch [4/100], Training Loss: 1.3850
Validation Loss: 1.3383, Validation Accuracy: 34.38%

Per-Class Validation Accuracy:
  No Thrust: 0.00% (0/160)
  Chemical: 55.62% (89/160)
  Electric: 13.12% (21/160)
  Impulsive: 68.75% (110/160)
Epoch [5/100], Training Loss: 1.3461
Validation Loss: 1.3034, Validation Accuracy: 34.06%

Per-Class Validation Accuracy:
  No Thrust: 0.00% (0/160)
  Chemical: 25.00% (40/160)
  Electric: 70.00% (112/160)
  Impulsive: 41.25% (66/160)
Epoch [6/100], Training Loss: 1.3304
Validation Loss: 1.2975, Validation Accuracy: 32.97%

Per-Class Validation Accuracy:
  No Thrust: 0.00% (0/160)
  Chemical: 24.38% (39/160)
  Electric: 75.62% (121/160)
  Impulsive: 31.88% (51/160)
Epoch [7/100], Training Loss: 1.3235
Validation Loss: 1.2851, Validation Accuracy: 32.66%

Per-Class Validation Accuracy:
  No Thrust: 0.00% (0/160)
  Chemical: 90.00% (144/160)
  Electric: 0.00% (0/160)
  Impulsive: 40.62% (65/160)
Epoch [8/100], Training Loss: 1.3243
Validation Loss: 1.2914, Validation Accuracy: 31.88%

Per-Class Validation Accuracy:
  No Thrust: 80.00% (128/160)
  Chemical: 13.75% (22/160)
  Electric: 0.00% (0/160)
  Impulsive: 33.75% (54/160)
Epoch [9/100], Training Loss: 1.3118
Validation Loss: 1.2956, Validation Accuracy: 30.16%

Per-Class Validation Accuracy:
  No Thrust: 81.25% (130/160)
  Chemical: 10.00% (16/160)
  Electric: 0.00% (0/160)
  Impulsive: 29.38% (47/160)
Epoch [10/100], Training Loss: 1.2879
Validation Loss: 1.2896, Validation Accuracy: 32.19%

Per-Class Validation Accuracy:
  No Thrust: 0.00% (0/160)
  Chemical: 10.62% (17/160)
  Electric: 88.12% (141/160)
  Impulsive: 30.00% (48/160)
Epoch [11/100], Training Loss: 1.2860
Validation Loss: 1.2884, Validation Accuracy: 32.03%

Per-Class Validation Accuracy:
  No Thrust: 88.75% (142/160)
  Chemical: 10.62% (17/160)
  Electric: 0.00% (0/160)
  Impulsive: 28.75% (46/160)
Epoch [12/100], Training Loss: 1.2926
Validation Loss: 1.2636, Validation Accuracy: 36.72%

Per-Class Validation Accuracy:
  No Thrust: 16.25% (26/160)
  Chemical: 0.00% (0/160)
  Electric: 86.25% (138/160)
  Impulsive: 44.38% (71/160)
Epoch [13/100], Training Loss: 1.2800
Validation Loss: 1.2747, Validation Accuracy: 34.38%

Per-Class Validation Accuracy:
  No Thrust: 51.25% (82/160)
  Chemical: 0.00% (0/160)
  Electric: 52.50% (84/160)
  Impulsive: 33.75% (54/160)
Epoch [14/100], Training Loss: 1.2694
Validation Loss: 1.2840, Validation Accuracy: 35.47%

Per-Class Validation Accuracy:
  No Thrust: 0.00% (0/160)
  Chemical: 29.38% (47/160)
  Electric: 86.88% (139/160)
  Impulsive: 25.62% (41/160)
Epoch [15/100], Training Loss: 1.2587
Validation Loss: 1.2898, Validation Accuracy: 32.50%

Per-Class Validation Accuracy:
  No Thrust: 0.00% (0/160)
  Chemical: 3.75% (6/160)
  Electric: 99.38% (159/160)
  Impulsive: 26.88% (43/160)
Epoch [16/100], Training Loss: 1.2690
Validation Loss: 1.2898, Validation Accuracy: 32.34%

Per-Class Validation Accuracy:
  No Thrust: 23.75% (38/160)
  Chemical: 56.88% (91/160)
  Electric: 16.88% (27/160)
  Impulsive: 31.88% (51/160)
Epoch [17/100], Training Loss: 1.2616
Validation Loss: 1.2837, Validation Accuracy: 31.72%

Per-Class Validation Accuracy:
  No Thrust: 0.00% (0/160)
  Chemical: 97.50% (156/160)
  Electric: 0.00% (0/160)
  Impulsive: 29.38% (47/160)
Epoch [18/100], Training Loss: 1.2608
Validation Loss: 1.2784, Validation Accuracy: 35.16%

Per-Class Validation Accuracy:
  No Thrust: 50.62% (81/160)
  Chemical: 10.62% (17/160)
  Electric: 50.00% (80/160)
  Impulsive: 29.38% (47/160)
Epoch [19/100], Training Loss: 1.2553
Validation Loss: 1.2790, Validation Accuracy: 32.97%

Per-Class Validation Accuracy:
  No Thrust: 0.00% (0/160)
  Chemical: 3.75% (6/160)
  Electric: 97.50% (156/160)
  Impulsive: 30.62% (49/160)
Epoch [20/100], Training Loss: 1.2520
Validation Loss: 1.2797, Validation Accuracy: 34.69%

Per-Class Validation Accuracy:
  No Thrust: 52.50% (84/160)
  Chemical: 38.12% (61/160)
  Electric: 18.12% (29/160)
  Impulsive: 30.00% (48/160)
Epoch [21/100], Training Loss: 1.2551
Validation Loss: 1.2849, Validation Accuracy: 34.22%

Per-Class Validation Accuracy:
  No Thrust: 3.75% (6/160)
  Chemical: 43.75% (70/160)
  Electric: 58.75% (94/160)
  Impulsive: 30.62% (49/160)
Epoch [22/100], Training Loss: 1.2532
Validation Loss: 1.2780, Validation Accuracy: 34.84%

Per-Class Validation Accuracy:
  No Thrust: 0.00% (0/160)
  Chemical: 10.62% (17/160)
  Electric: 98.12% (157/160)
  Impulsive: 30.62% (49/160)
Early stopping triggered.

	Elapsed time is 19.5333 seconds.

==========================================================================================
Total parameters: 18004
Total memory (bytes): 144032
Total memory (MB): 0.137359619140625
==========================================================================================

LSTM Validation
Validation Loss: 1.2780, Validation Accuracy: 34.84%

Per-Class Validation Accuracy:
  No Thrust: 0.00% (0/160)
  Chemical: 10.62% (17/160)
  Electric: 98.12% (157/160)
  Impulsive: 30.62% (49/160)

Classification Report:
              precision    recall  f1-score   support

   No Thrust     0.0000    0.0000    0.0000       160
    Chemical     0.4595    0.1062    0.1726       160
    Electric     0.2865    0.9812    0.4435       160
   Impulsive     0.8909    0.3063    0.4558       160

    accuracy                         0.3484       640
   macro avg     0.4092    0.3484    0.2680       640
weighted avg     0.4092    0.3484    0.2680       640


Confusion Matrix (rows = true, cols = predicted):
             P_No Thrust  P_Chemical  P_Electric  P_Impulsive
T_No Thrust            0           2         157            1
T_Chemical             0          17         139            4
T_Electric             0           2         157            1
T_Impulsive            0          16          95           49

LSTM Inference Time	Elapsed time is 0.4176 seconds.

Entering Mamba Training Loop
Epoch [1/100], Training Loss: 1.3838
Validation Loss: 1.3798, Validation Accuracy: 31.56%

Per-Class Validation Accuracy:
  No Thrust: 74.38% (119/160)
  Chemical: 0.62% (1/160)
  Electric: 0.00% (0/160)
  Impulsive: 51.25% (82/160)
Epoch [2/100], Training Loss: 1.3792
Validation Loss: 1.3731, Validation Accuracy: 32.81%

Per-Class Validation Accuracy:
  No Thrust: 64.38% (103/160)
  Chemical: 26.25% (42/160)
  Electric: 0.00% (0/160)
  Impulsive: 40.62% (65/160)
Epoch [3/100], Training Loss: 1.3699
Validation Loss: 1.3622, Validation Accuracy: 32.97%

Per-Class Validation Accuracy:
  No Thrust: 68.75% (110/160)
  Chemical: 26.88% (43/160)
  Electric: 0.00% (0/160)
  Impulsive: 36.25% (58/160)
Epoch [4/100], Training Loss: 1.3457
Validation Loss: 1.3330, Validation Accuracy: 33.12%

Per-Class Validation Accuracy:
  No Thrust: 46.88% (75/160)
  Chemical: 45.00% (72/160)
  Electric: 3.75% (6/160)
  Impulsive: 36.88% (59/160)
Epoch [5/100], Training Loss: 1.3202
Validation Loss: 1.3254, Validation Accuracy: 33.59%

Per-Class Validation Accuracy:
  No Thrust: 58.12% (93/160)
  Chemical: 23.12% (37/160)
  Electric: 13.12% (21/160)
  Impulsive: 40.00% (64/160)
Epoch [6/100], Training Loss: 1.3099
Validation Loss: 1.3239, Validation Accuracy: 32.50%

Per-Class Validation Accuracy:
  No Thrust: 53.75% (86/160)
  Chemical: 39.38% (63/160)
  Electric: 2.50% (4/160)
  Impulsive: 34.38% (55/160)
Epoch [7/100], Training Loss: 1.3096
Validation Loss: 1.3207, Validation Accuracy: 33.28%

Per-Class Validation Accuracy:
  No Thrust: 37.50% (60/160)
  Chemical: 46.88% (75/160)
  Electric: 13.12% (21/160)
  Impulsive: 35.62% (57/160)
Epoch [8/100], Training Loss: 1.2924
Validation Loss: 1.3190, Validation Accuracy: 32.50%

Per-Class Validation Accuracy:
  No Thrust: 34.38% (55/160)
  Chemical: 30.00% (48/160)
  Electric: 27.50% (44/160)
  Impulsive: 38.12% (61/160)
Epoch [9/100], Training Loss: 1.2898
Validation Loss: 1.3161, Validation Accuracy: 34.38%

Per-Class Validation Accuracy:
  No Thrust: 34.38% (55/160)
  Chemical: 50.00% (80/160)
  Electric: 18.12% (29/160)
  Impulsive: 35.00% (56/160)
Epoch [10/100], Training Loss: 1.2815
Validation Loss: 1.3126, Validation Accuracy: 35.16%

Per-Class Validation Accuracy:
  No Thrust: 8.75% (14/160)
  Chemical: 43.12% (69/160)
  Electric: 51.25% (82/160)
  Impulsive: 37.50% (60/160)
Epoch [11/100], Training Loss: 1.2609
Validation Loss: 1.3058, Validation Accuracy: 35.47%

Per-Class Validation Accuracy:
  No Thrust: 21.25% (34/160)
  Chemical: 38.75% (62/160)
  Electric: 44.38% (71/160)
  Impulsive: 37.50% (60/160)
Epoch [12/100], Training Loss: 1.2472
Validation Loss: 1.2946, Validation Accuracy: 35.94%

Per-Class Validation Accuracy:
  No Thrust: 13.12% (21/160)
  Chemical: 53.75% (86/160)
  Electric: 32.50% (52/160)
  Impulsive: 44.38% (71/160)
Epoch [13/100], Training Loss: 1.2098
Validation Loss: 1.2801, Validation Accuracy: 38.12%

Per-Class Validation Accuracy:
  No Thrust: 3.12% (5/160)
  Chemical: 54.38% (87/160)
  Electric: 48.75% (78/160)
  Impulsive: 46.25% (74/160)
Epoch [14/100], Training Loss: 1.1743
Validation Loss: 1.2355, Validation Accuracy: 39.06%

Per-Class Validation Accuracy:
  No Thrust: 20.00% (32/160)
  Chemical: 44.38% (71/160)
  Electric: 54.38% (87/160)
  Impulsive: 37.50% (60/160)
Epoch [15/100], Training Loss: 1.1436
Validation Loss: 1.1857, Validation Accuracy: 41.41%

Per-Class Validation Accuracy:
  No Thrust: 22.50% (36/160)
  Chemical: 57.50% (92/160)
  Electric: 45.62% (73/160)
  Impulsive: 40.00% (64/160)
Epoch [16/100], Training Loss: 1.1182
Validation Loss: 1.1523, Validation Accuracy: 43.75%

Per-Class Validation Accuracy:
  No Thrust: 26.25% (42/160)
  Chemical: 61.25% (98/160)
  Electric: 50.62% (81/160)
  Impulsive: 36.88% (59/160)
Epoch [17/100], Training Loss: 1.0755
Validation Loss: 1.0916, Validation Accuracy: 46.25%

Per-Class Validation Accuracy:
  No Thrust: 36.25% (58/160)
  Chemical: 70.62% (113/160)
  Electric: 38.12% (61/160)
  Impulsive: 40.00% (64/160)
Epoch [18/100], Training Loss: 1.0241
Validation Loss: 1.0471, Validation Accuracy: 47.97%

Per-Class Validation Accuracy:
  No Thrust: 11.25% (18/160)
  Chemical: 73.12% (117/160)
  Electric: 69.38% (111/160)
  Impulsive: 38.12% (61/160)
Epoch [19/100], Training Loss: 0.9974
Validation Loss: 1.0158, Validation Accuracy: 48.91%

Per-Class Validation Accuracy:
  No Thrust: 22.50% (36/160)
  Chemical: 81.25% (130/160)
  Electric: 53.75% (86/160)
  Impulsive: 38.12% (61/160)
Epoch [20/100], Training Loss: 0.9742
Validation Loss: 0.9926, Validation Accuracy: 50.00%

Per-Class Validation Accuracy:
  No Thrust: 61.25% (98/160)
  Chemical: 82.50% (132/160)
  Electric: 14.38% (23/160)
  Impulsive: 41.88% (67/160)
Epoch [21/100], Training Loss: 0.9327
Validation Loss: 0.9760, Validation Accuracy: 51.09%

Per-Class Validation Accuracy:
  No Thrust: 68.75% (110/160)
  Chemical: 83.12% (133/160)
  Electric: 15.62% (25/160)
  Impulsive: 36.88% (59/160)
Epoch [22/100], Training Loss: 0.9267
Validation Loss: 0.9858, Validation Accuracy: 50.47%

Per-Class Validation Accuracy:
  No Thrust: 66.88% (107/160)
  Chemical: 65.62% (105/160)
  Electric: 26.88% (43/160)
  Impulsive: 42.50% (68/160)
Epoch [23/100], Training Loss: 0.9235
Validation Loss: 0.9486, Validation Accuracy: 53.12%

Per-Class Validation Accuracy:
  No Thrust: 20.00% (32/160)
  Chemical: 79.38% (127/160)
  Electric: 71.25% (114/160)
  Impulsive: 41.88% (67/160)
Epoch [24/100], Training Loss: 0.8808
Validation Loss: 0.9193, Validation Accuracy: 55.00%

Per-Class Validation Accuracy:
  No Thrust: 52.50% (84/160)
  Chemical: 86.88% (139/160)
  Electric: 37.50% (60/160)
  Impulsive: 43.12% (69/160)
Epoch [25/100], Training Loss: 0.8911
Validation Loss: 0.9165, Validation Accuracy: 55.47%

Per-Class Validation Accuracy:
  No Thrust: 53.12% (85/160)
  Chemical: 81.25% (130/160)
  Electric: 42.50% (68/160)
  Impulsive: 45.00% (72/160)
Epoch [26/100], Training Loss: 0.8499
Validation Loss: 0.9002, Validation Accuracy: 55.47%

Per-Class Validation Accuracy:
  No Thrust: 51.25% (82/160)
  Chemical: 83.75% (134/160)
  Electric: 42.50% (68/160)
  Impulsive: 44.38% (71/160)
Epoch [27/100], Training Loss: 0.8616
Validation Loss: 0.9019, Validation Accuracy: 53.44%

Per-Class Validation Accuracy:
  No Thrust: 30.00% (48/160)
  Chemical: 88.75% (142/160)
  Electric: 48.75% (78/160)
  Impulsive: 46.25% (74/160)
Epoch [28/100], Training Loss: 0.8314
Validation Loss: 0.8918, Validation Accuracy: 55.78%

Per-Class Validation Accuracy:
  No Thrust: 58.75% (94/160)
  Chemical: 83.12% (133/160)
  Electric: 36.25% (58/160)
  Impulsive: 45.00% (72/160)
Epoch [29/100], Training Loss: 0.8256
Validation Loss: 0.8780, Validation Accuracy: 56.41%

Per-Class Validation Accuracy:
  No Thrust: 56.25% (90/160)
  Chemical: 88.75% (142/160)
  Electric: 31.88% (51/160)
  Impulsive: 48.75% (78/160)
Epoch [30/100], Training Loss: 0.8219
Validation Loss: 0.8773, Validation Accuracy: 55.94%

Per-Class Validation Accuracy:
  No Thrust: 5.62% (9/160)
  Chemical: 83.12% (133/160)
  Electric: 82.50% (132/160)
  Impulsive: 52.50% (84/160)
Epoch [31/100], Training Loss: 0.8396
Validation Loss: 0.8683, Validation Accuracy: 57.97%

Per-Class Validation Accuracy:
  No Thrust: 50.00% (80/160)
  Chemical: 86.88% (139/160)
  Electric: 44.38% (71/160)
  Impulsive: 50.62% (81/160)
Epoch [32/100], Training Loss: 0.8289
Validation Loss: 0.8778, Validation Accuracy: 55.94%

Per-Class Validation Accuracy:
  No Thrust: 41.88% (67/160)
  Chemical: 83.12% (133/160)
  Electric: 54.38% (87/160)
  Impulsive: 44.38% (71/160)
Epoch [33/100], Training Loss: 0.7945
Validation Loss: 0.8956, Validation Accuracy: 54.53%

Per-Class Validation Accuracy:
  No Thrust: 51.88% (83/160)
  Chemical: 75.00% (120/160)
  Electric: 46.88% (75/160)
  Impulsive: 44.38% (71/160)
Epoch [34/100], Training Loss: 0.8238
Validation Loss: 0.8896, Validation Accuracy: 57.19%

Per-Class Validation Accuracy:
  No Thrust: 20.62% (33/160)
  Chemical: 86.88% (139/160)
  Electric: 55.62% (89/160)
  Impulsive: 65.62% (105/160)
Epoch [35/100], Training Loss: 0.7942
Validation Loss: 0.8686, Validation Accuracy: 55.47%

Per-Class Validation Accuracy:
  No Thrust: 46.88% (75/160)
  Chemical: 77.50% (124/160)
  Electric: 50.00% (80/160)
  Impulsive: 47.50% (76/160)
Epoch [36/100], Training Loss: 0.7969
Validation Loss: 0.8477, Validation Accuracy: 57.50%

Per-Class Validation Accuracy:
  No Thrust: 41.88% (67/160)
  Chemical: 89.38% (143/160)
  Electric: 45.00% (72/160)
  Impulsive: 53.75% (86/160)
Epoch [37/100], Training Loss: 0.8016
Validation Loss: 0.8523, Validation Accuracy: 56.09%

Per-Class Validation Accuracy:
  No Thrust: 15.00% (24/160)
  Chemical: 81.25% (130/160)
  Electric: 79.38% (127/160)
  Impulsive: 48.75% (78/160)
Epoch [38/100], Training Loss: 0.7882
Validation Loss: 0.8615, Validation Accuracy: 55.62%

Per-Class Validation Accuracy:
  No Thrust: 13.12% (21/160)
  Chemical: 75.62% (121/160)
  Electric: 82.50% (132/160)
  Impulsive: 51.25% (82/160)
Epoch [39/100], Training Loss: 0.7608
Validation Loss: 0.8787, Validation Accuracy: 57.19%

Per-Class Validation Accuracy:
  No Thrust: 45.62% (73/160)
  Chemical: 88.12% (141/160)
  Electric: 30.00% (48/160)
  Impulsive: 65.00% (104/160)
Epoch [40/100], Training Loss: 0.7429
Validation Loss: 0.8634, Validation Accuracy: 55.31%

Per-Class Validation Accuracy:
  No Thrust: 14.38% (23/160)
  Chemical: 71.25% (114/160)
  Electric: 79.38% (127/160)
  Impulsive: 56.25% (90/160)
Epoch [41/100], Training Loss: 0.7567
Validation Loss: 0.8518, Validation Accuracy: 58.12%

Per-Class Validation Accuracy:
  No Thrust: 73.12% (117/160)
  Chemical: 85.62% (137/160)
  Electric: 16.25% (26/160)
  Impulsive: 57.50% (92/160)
Epoch [42/100], Training Loss: 0.7543
Validation Loss: 0.8294, Validation Accuracy: 58.44%

Per-Class Validation Accuracy:
  No Thrust: 38.75% (62/160)
  Chemical: 80.00% (128/160)
  Electric: 53.75% (86/160)
  Impulsive: 61.25% (98/160)
Epoch [43/100], Training Loss: 0.7515
Validation Loss: 0.8665, Validation Accuracy: 56.72%

Per-Class Validation Accuracy:
  No Thrust: 71.88% (115/160)
  Chemical: 79.38% (127/160)
  Electric: 28.12% (45/160)
  Impulsive: 47.50% (76/160)
Epoch [44/100], Training Loss: 0.7579
Validation Loss: 0.8311, Validation Accuracy: 59.84%

Per-Class Validation Accuracy:
  No Thrust: 66.25% (106/160)
  Chemical: 83.75% (134/160)
  Electric: 31.25% (50/160)
  Impulsive: 58.12% (93/160)
Epoch [45/100], Training Loss: 0.7061
Validation Loss: 0.8793, Validation Accuracy: 55.62%

Per-Class Validation Accuracy:
  No Thrust: 43.12% (69/160)
  Chemical: 73.12% (117/160)
  Electric: 56.88% (91/160)
  Impulsive: 49.38% (79/160)
Epoch [46/100], Training Loss: 0.7564
Validation Loss: 0.8259, Validation Accuracy: 58.75%

Per-Class Validation Accuracy:
  No Thrust: 68.75% (110/160)
  Chemical: 85.00% (136/160)
  Electric: 22.50% (36/160)
  Impulsive: 58.75% (94/160)
Epoch [47/100], Training Loss: 0.7169
Validation Loss: 0.8045, Validation Accuracy: 60.00%

Per-Class Validation Accuracy:
  No Thrust: 35.00% (56/160)
  Chemical: 83.12% (133/160)
  Electric: 63.12% (101/160)
  Impulsive: 58.75% (94/160)
Epoch [48/100], Training Loss: 0.6983
Validation Loss: 0.8328, Validation Accuracy: 58.91%

Per-Class Validation Accuracy:
  No Thrust: 12.50% (20/160)
  Chemical: 85.00% (136/160)
  Electric: 81.25% (130/160)
  Impulsive: 56.88% (91/160)
Epoch [49/100], Training Loss: 0.7017
Validation Loss: 0.7808, Validation Accuracy: 60.31%

Per-Class Validation Accuracy:
  No Thrust: 67.50% (108/160)
  Chemical: 88.75% (142/160)
  Electric: 24.38% (39/160)
  Impulsive: 60.62% (97/160)
Epoch [50/100], Training Loss: 0.6806
Validation Loss: 0.8141, Validation Accuracy: 57.97%

Per-Class Validation Accuracy:
  No Thrust: 23.12% (37/160)
  Chemical: 76.88% (123/160)
  Electric: 73.12% (117/160)
  Impulsive: 58.75% (94/160)
Epoch [51/100], Training Loss: 0.6883
Validation Loss: 0.7937, Validation Accuracy: 62.03%

Per-Class Validation Accuracy:
  No Thrust: 66.88% (107/160)
  Chemical: 86.88% (139/160)
  Electric: 28.12% (45/160)
  Impulsive: 66.25% (106/160)
Epoch [52/100], Training Loss: 0.6931
Validation Loss: 0.8012, Validation Accuracy: 61.56%

Per-Class Validation Accuracy:
  No Thrust: 43.12% (69/160)
  Chemical: 84.38% (135/160)
  Electric: 46.25% (74/160)
  Impulsive: 72.50% (116/160)
Epoch [53/100], Training Loss: 0.7191
Validation Loss: 0.7852, Validation Accuracy: 59.84%

Per-Class Validation Accuracy:
  No Thrust: 30.62% (49/160)
  Chemical: 77.50% (124/160)
  Electric: 61.25% (98/160)
  Impulsive: 70.00% (112/160)
Epoch [54/100], Training Loss: 0.6852
Validation Loss: 0.7573, Validation Accuracy: 62.66%

Per-Class Validation Accuracy:
  No Thrust: 41.88% (67/160)
  Chemical: 89.38% (143/160)
  Electric: 53.75% (86/160)
  Impulsive: 65.62% (105/160)
Epoch [55/100], Training Loss: 0.6720
Validation Loss: 0.8392, Validation Accuracy: 58.44%

Per-Class Validation Accuracy:
  No Thrust: 54.38% (87/160)
  Chemical: 85.62% (137/160)
  Electric: 43.75% (70/160)
  Impulsive: 50.00% (80/160)
Epoch [56/100], Training Loss: 0.6761
Validation Loss: 0.7611, Validation Accuracy: 62.81%

Per-Class Validation Accuracy:
  No Thrust: 37.50% (60/160)
  Chemical: 89.38% (143/160)
  Electric: 58.75% (94/160)
  Impulsive: 65.62% (105/160)
Epoch [57/100], Training Loss: 0.6467
Validation Loss: 0.8011, Validation Accuracy: 58.12%

Per-Class Validation Accuracy:
  No Thrust: 24.38% (39/160)
  Chemical: 75.62% (121/160)
  Electric: 70.62% (113/160)
  Impulsive: 61.88% (99/160)
Epoch [58/100], Training Loss: 0.6620
Validation Loss: 0.7516, Validation Accuracy: 61.41%

Per-Class Validation Accuracy:
  No Thrust: 39.38% (63/160)
  Chemical: 78.75% (126/160)
  Electric: 60.00% (96/160)
  Impulsive: 67.50% (108/160)
Epoch [59/100], Training Loss: 0.6547
Validation Loss: 0.7431, Validation Accuracy: 62.66%

Per-Class Validation Accuracy:
  No Thrust: 72.50% (116/160)
  Chemical: 81.88% (131/160)
  Electric: 20.00% (32/160)
  Impulsive: 76.25% (122/160)
Epoch [60/100], Training Loss: 0.6322
Validation Loss: 0.7440, Validation Accuracy: 61.88%

Per-Class Validation Accuracy:
  No Thrust: 81.25% (130/160)
  Chemical: 83.75% (134/160)
  Electric: 15.00% (24/160)
  Impulsive: 67.50% (108/160)
Epoch [61/100], Training Loss: 0.6427
Validation Loss: 0.7365, Validation Accuracy: 63.59%

Per-Class Validation Accuracy:
  No Thrust: 68.75% (110/160)
  Chemical: 85.00% (136/160)
  Electric: 23.75% (38/160)
  Impulsive: 76.88% (123/160)
Epoch [62/100], Training Loss: 0.6356
Validation Loss: 0.7436, Validation Accuracy: 64.06%

Per-Class Validation Accuracy:
  No Thrust: 67.50% (108/160)
  Chemical: 90.00% (144/160)
  Electric: 27.50% (44/160)
  Impulsive: 71.25% (114/160)
Epoch [63/100], Training Loss: 0.6344
Validation Loss: 0.7092, Validation Accuracy: 64.22%

Per-Class Validation Accuracy:
  No Thrust: 50.62% (81/160)
  Chemical: 83.12% (133/160)
  Electric: 45.62% (73/160)
  Impulsive: 77.50% (124/160)
Epoch [64/100], Training Loss: 0.6212
Validation Loss: 0.7208, Validation Accuracy: 63.91%

Per-Class Validation Accuracy:
  No Thrust: 80.00% (128/160)
  Chemical: 88.12% (141/160)
  Electric: 14.38% (23/160)
  Impulsive: 73.12% (117/160)
Epoch [65/100], Training Loss: 0.6230
Validation Loss: 0.7618, Validation Accuracy: 63.91%

Per-Class Validation Accuracy:
  No Thrust: 60.00% (96/160)
  Chemical: 89.38% (143/160)
  Electric: 36.88% (59/160)
  Impulsive: 69.38% (111/160)
Epoch [66/100], Training Loss: 0.5966
Validation Loss: 0.6834, Validation Accuracy: 65.78%

Per-Class Validation Accuracy:
  No Thrust: 72.50% (116/160)
  Chemical: 90.00% (144/160)
  Electric: 26.25% (42/160)
  Impulsive: 74.38% (119/160)
Epoch [67/100], Training Loss: 0.5809
Validation Loss: 0.6651, Validation Accuracy: 66.41%

Per-Class Validation Accuracy:
  No Thrust: 36.25% (58/160)
  Chemical: 89.38% (143/160)
  Electric: 59.38% (95/160)
  Impulsive: 80.62% (129/160)
Epoch [68/100], Training Loss: 0.5636
Validation Loss: 0.6989, Validation Accuracy: 64.53%

Per-Class Validation Accuracy:
  No Thrust: 61.88% (99/160)
  Chemical: 81.25% (130/160)
  Electric: 38.12% (61/160)
  Impulsive: 76.88% (123/160)
Epoch [69/100], Training Loss: 0.5538
Validation Loss: 0.6620, Validation Accuracy: 66.25%

Per-Class Validation Accuracy:
  No Thrust: 79.38% (127/160)
  Chemical: 88.75% (142/160)
  Electric: 11.88% (19/160)
  Impulsive: 85.00% (136/160)
Epoch [70/100], Training Loss: 0.5861
Validation Loss: 0.6807, Validation Accuracy: 65.16%

Per-Class Validation Accuracy:
  No Thrust: 54.38% (87/160)
  Chemical: 86.88% (139/160)
  Electric: 45.62% (73/160)
  Impulsive: 73.75% (118/160)
Epoch [71/100], Training Loss: 0.5599
Validation Loss: 0.6677, Validation Accuracy: 65.00%

Per-Class Validation Accuracy:
  No Thrust: 23.12% (37/160)
  Chemical: 87.50% (140/160)
  Electric: 70.00% (112/160)
  Impulsive: 79.38% (127/160)
Epoch [72/100], Training Loss: 0.5518
Validation Loss: 0.6335, Validation Accuracy: 67.19%

Per-Class Validation Accuracy:
  No Thrust: 55.62% (89/160)
  Chemical: 87.50% (140/160)
  Electric: 37.50% (60/160)
  Impulsive: 88.12% (141/160)
Epoch [73/100], Training Loss: 0.5706
Validation Loss: 0.6578, Validation Accuracy: 67.50%

Per-Class Validation Accuracy:
  No Thrust: 63.12% (101/160)
  Chemical: 88.12% (141/160)
  Electric: 36.25% (58/160)
  Impulsive: 82.50% (132/160)
Epoch [74/100], Training Loss: 0.5586
Validation Loss: 0.6477, Validation Accuracy: 67.50%

Per-Class Validation Accuracy:
  No Thrust: 47.50% (76/160)
  Chemical: 91.88% (147/160)
  Electric: 48.75% (78/160)
  Impulsive: 81.88% (131/160)
Epoch [75/100], Training Loss: 0.5468
Validation Loss: 0.6166, Validation Accuracy: 67.66%

Per-Class Validation Accuracy:
  No Thrust: 13.75% (22/160)
  Chemical: 85.62% (137/160)
  Electric: 86.25% (138/160)
  Impulsive: 85.00% (136/160)
Epoch [76/100], Training Loss: 0.5650
Validation Loss: 0.6088, Validation Accuracy: 67.19%

Per-Class Validation Accuracy:
  No Thrust: 71.25% (114/160)
  Chemical: 81.88% (131/160)
  Electric: 26.25% (42/160)
  Impulsive: 89.38% (143/160)
Epoch [77/100], Training Loss: 0.5494
Validation Loss: 0.5847, Validation Accuracy: 69.38%

Per-Class Validation Accuracy:
  No Thrust: 49.38% (79/160)
  Chemical: 86.88% (139/160)
  Electric: 52.50% (84/160)
  Impulsive: 88.75% (142/160)
Epoch [78/100], Training Loss: 0.5408
Validation Loss: 0.5933, Validation Accuracy: 68.28%

Per-Class Validation Accuracy:
  No Thrust: 56.88% (91/160)
  Chemical: 87.50% (140/160)
  Electric: 38.12% (61/160)
  Impulsive: 90.62% (145/160)
Epoch [79/100], Training Loss: 0.5152
Validation Loss: 0.5876, Validation Accuracy: 69.06%

Per-Class Validation Accuracy:
  No Thrust: 56.25% (90/160)
  Chemical: 91.25% (146/160)
  Electric: 43.12% (69/160)
  Impulsive: 85.62% (137/160)
Epoch [80/100], Training Loss: 0.5168
Validation Loss: 0.5973, Validation Accuracy: 68.12%

Per-Class Validation Accuracy:
  No Thrust: 41.88% (67/160)
  Chemical: 92.50% (148/160)
  Electric: 54.38% (87/160)
  Impulsive: 83.75% (134/160)
Epoch [81/100], Training Loss: 0.5103
Validation Loss: 0.6396, Validation Accuracy: 68.12%

Per-Class Validation Accuracy:
  No Thrust: 15.62% (25/160)
  Chemical: 93.75% (150/160)
  Electric: 75.00% (120/160)
  Impulsive: 88.12% (141/160)
Epoch [82/100], Training Loss: 0.5350
Validation Loss: 0.6295, Validation Accuracy: 68.28%

Per-Class Validation Accuracy:
  No Thrust: 41.25% (66/160)
  Chemical: 91.25% (146/160)
  Electric: 51.88% (83/160)
  Impulsive: 88.75% (142/160)
Epoch [83/100], Training Loss: 0.5111
Validation Loss: 0.6015, Validation Accuracy: 68.59%

Per-Class Validation Accuracy:
  No Thrust: 41.25% (66/160)
  Chemical: 90.62% (145/160)
  Electric: 55.00% (88/160)
  Impulsive: 87.50% (140/160)
Epoch [84/100], Training Loss: 0.5086
Validation Loss: 0.5718, Validation Accuracy: 69.22%

Per-Class Validation Accuracy:
  No Thrust: 61.88% (99/160)
  Chemical: 90.00% (144/160)
  Electric: 37.50% (60/160)
  Impulsive: 87.50% (140/160)
Epoch [85/100], Training Loss: 0.5005
Validation Loss: 0.5756, Validation Accuracy: 69.53%

Per-Class Validation Accuracy:
  No Thrust: 51.25% (82/160)
  Chemical: 92.50% (148/160)
  Electric: 52.50% (84/160)
  Impulsive: 81.88% (131/160)
Epoch [86/100], Training Loss: 0.4784
Validation Loss: 0.5544, Validation Accuracy: 70.31%

Per-Class Validation Accuracy:
  No Thrust: 57.50% (92/160)
  Chemical: 92.50% (148/160)
  Electric: 44.38% (71/160)
  Impulsive: 86.88% (139/160)
Epoch [87/100], Training Loss: 0.4774
Validation Loss: 0.5821, Validation Accuracy: 68.59%

Per-Class Validation Accuracy:
  No Thrust: 40.62% (65/160)
  Chemical: 92.50% (148/160)
  Electric: 54.38% (87/160)
  Impulsive: 86.88% (139/160)
Epoch [88/100], Training Loss: 0.4684
Validation Loss: 0.5653, Validation Accuracy: 70.16%

Per-Class Validation Accuracy:
  No Thrust: 65.00% (104/160)
  Chemical: 92.50% (148/160)
  Electric: 31.25% (50/160)
  Impulsive: 91.88% (147/160)
Epoch [89/100], Training Loss: 0.4867
Validation Loss: 0.5561, Validation Accuracy: 69.69%

Per-Class Validation Accuracy:
  No Thrust: 54.38% (87/160)
  Chemical: 92.50% (148/160)
  Electric: 42.50% (68/160)
  Impulsive: 89.38% (143/160)
Epoch [90/100], Training Loss: 0.4743
Validation Loss: 0.5421, Validation Accuracy: 70.62%

Per-Class Validation Accuracy:
  No Thrust: 20.62% (33/160)
  Chemical: 92.50% (148/160)
  Electric: 78.75% (126/160)
  Impulsive: 90.62% (145/160)
Epoch [91/100], Training Loss: 0.4620
Validation Loss: 0.5449, Validation Accuracy: 70.47%

Per-Class Validation Accuracy:
  No Thrust: 31.88% (51/160)
  Chemical: 90.00% (144/160)
  Electric: 66.88% (107/160)
  Impulsive: 93.12% (149/160)
Epoch [92/100], Training Loss: 0.4680
Validation Loss: 0.5555, Validation Accuracy: 70.47%

Per-Class Validation Accuracy:
  No Thrust: 63.12% (101/160)
  Chemical: 91.25% (146/160)
  Electric: 33.12% (53/160)
  Impulsive: 94.38% (151/160)
Epoch [93/100], Training Loss: 0.4676
Validation Loss: 0.5666, Validation Accuracy: 69.84%

Per-Class Validation Accuracy:
  No Thrust: 48.75% (78/160)
  Chemical: 92.50% (148/160)
  Electric: 47.50% (76/160)
  Impulsive: 90.62% (145/160)
Epoch [94/100], Training Loss: 0.4799
Validation Loss: 0.5551, Validation Accuracy: 70.62%

Per-Class Validation Accuracy:
  No Thrust: 45.00% (72/160)
  Chemical: 91.88% (147/160)
  Electric: 52.50% (84/160)
  Impulsive: 93.12% (149/160)
Epoch [95/100], Training Loss: 0.4927
Validation Loss: 0.5603, Validation Accuracy: 70.62%

Per-Class Validation Accuracy:
  No Thrust: 32.50% (52/160)
  Chemical: 95.00% (152/160)
  Electric: 64.38% (103/160)
  Impulsive: 90.62% (145/160)
Epoch [96/100], Training Loss: 0.4713
Validation Loss: 0.5583, Validation Accuracy: 70.94%

Per-Class Validation Accuracy:
  No Thrust: 48.75% (78/160)
  Chemical: 93.12% (149/160)
  Electric: 50.62% (81/160)
  Impulsive: 91.25% (146/160)
Epoch [97/100], Training Loss: 0.4768
Validation Loss: 0.5442, Validation Accuracy: 71.25%

Per-Class Validation Accuracy:
  No Thrust: 48.75% (78/160)
  Chemical: 90.62% (145/160)
  Electric: 51.88% (83/160)
  Impulsive: 93.75% (150/160)
Epoch [98/100], Training Loss: 0.4532
Validation Loss: 0.5534, Validation Accuracy: 70.78%

Per-Class Validation Accuracy:
  No Thrust: 48.12% (77/160)
  Chemical: 92.50% (148/160)
  Electric: 50.00% (80/160)
  Impulsive: 92.50% (148/160)
Epoch [99/100], Training Loss: 0.4478
Validation Loss: 0.5604, Validation Accuracy: 70.62%

Per-Class Validation Accuracy:
  No Thrust: 33.75% (54/160)
  Chemical: 91.88% (147/160)
  Electric: 63.12% (101/160)
  Impulsive: 93.75% (150/160)
Epoch [100/100], Training Loss: 0.4539
Validation Loss: 0.5645, Validation Accuracy: 70.16%

Per-Class Validation Accuracy:
  No Thrust: 36.88% (59/160)
  Chemical: 92.50% (148/160)
  Electric: 59.38% (95/160)
  Impulsive: 91.88% (147/160)
Early stopping triggered.

	Elapsed time is 74.2882 seconds.

==========================================================================================
Total parameters: 6106
Total memory (bytes): 48848
Total memory (MB): 0.0465850830078125
==========================================================================================

Mamba Validation
Validation Loss: 0.5645, Validation Accuracy: 70.16%

Per-Class Validation Accuracy:
  No Thrust: 36.88% (59/160)
  Chemical: 92.50% (148/160)
  Electric: 59.38% (95/160)
  Impulsive: 91.88% (147/160)

Classification Report:
              precision    recall  f1-score   support

   No Thrust     0.5000    0.3688    0.4245       160
    Chemical     0.9193    0.9250    0.9221       160
    Electric     0.4922    0.5938    0.5382       160
   Impulsive     0.8750    0.9187    0.8963       160

    accuracy                         0.7016       640
   macro avg     0.6966    0.7016    0.6953       640
weighted avg     0.6966    0.7016    0.6953       640


Confusion Matrix (rows = true, cols = predicted):
             P_No Thrust  P_Chemical  P_Electric  P_Impulsive
T_No Thrust           59           3          93            5
T_Chemical             0         148           2           10
T_Electric            55           4          95            6
T_Impulsive            4           6           3          147

Mamba Inference Time	Elapsed time is 0.3730 seconds.
