Processing datasets for vleo with 100 minutes and 800 random systems.
GPU is available
Training data location: C:/Users/hu650776/GMAT-Thrust-Data/data/classification/vleo/100min-800
Test data location: C:/Users/hu650776/GMAT-Thrust-Data/data/classification/vleo/100min-800

Entering Decision Trees Training Loop

	Elapsed time is 0.5876 seconds.

==========================================================================================
Total parameters: NaN
Total memory (bytes): 424235
Total memory (MB): 0.40458202362060547
==========================================================================================

Decision Trees Validation
Validation Loss: 1.3558, Validation Accuracy: 31.41%

Per-Class Validation Accuracy:
  No Thrust: 26.88% (43/160)
  Chemical: 54.38% (87/160)
  Electric: 17.50% (28/160)
  Impulsive: 26.88% (43/160)

Classification Report:
              precision    recall  f1-score   support

   No Thrust     0.3386    0.2687    0.2997       160
    Chemical     0.3258    0.5437    0.4075       160
    Electric     0.3294    0.1750    0.2286       160
   Impulsive     0.2671    0.2687    0.2679       160

    accuracy                         0.3141       640
   macro avg     0.3152    0.3141    0.3009       640
weighted avg     0.3152    0.3141    0.3009       640


Confusion Matrix (rows = true, cols = predicted):
             P_No Thrust  P_Chemical  P_Electric  P_Impulsive
T_No Thrust           43          54          28           35
T_Chemical            14          87          12           47
T_Electric            43          53          28           36
T_Impulsive           27          73          17           43

Decision Trees Inference Time	Elapsed time is 0.0250 seconds.

Entering LSTM Training Loop
Epoch [1/100], Training Loss: 1.3914
Validation Loss: 1.3865, Validation Accuracy: 25.00%

Per-Class Validation Accuracy:
  No Thrust: 0.00% (0/160)
  Chemical: 100.00% (160/160)
  Electric: 0.00% (0/160)
  Impulsive: 0.00% (0/160)
Epoch [2/100], Training Loss: 1.3876
Validation Loss: 1.3864, Validation Accuracy: 25.00%

Per-Class Validation Accuracy:
  No Thrust: 10.00% (16/160)
  Chemical: 30.00% (48/160)
  Electric: 60.00% (96/160)
  Impulsive: 0.00% (0/160)
Epoch [3/100], Training Loss: 1.3885
Validation Loss: 1.3866, Validation Accuracy: 25.00%

Per-Class Validation Accuracy:
  No Thrust: 0.00% (0/160)
  Chemical: 100.00% (160/160)
  Electric: 0.00% (0/160)
  Impulsive: 0.00% (0/160)
Epoch [4/100], Training Loss: 1.3875
Validation Loss: 1.3864, Validation Accuracy: 25.00%

Per-Class Validation Accuracy:
  No Thrust: 30.00% (48/160)
  Chemical: 30.00% (48/160)
  Electric: 40.00% (64/160)
  Impulsive: 0.00% (0/160)
Epoch [5/100], Training Loss: 1.3888
Validation Loss: 1.3864, Validation Accuracy: 25.00%

Per-Class Validation Accuracy:
  No Thrust: 0.00% (0/160)
  Chemical: 10.00% (16/160)
  Electric: 0.00% (0/160)
  Impulsive: 90.00% (144/160)
Epoch [6/100], Training Loss: 1.3872
Validation Loss: 1.3864, Validation Accuracy: 25.00%

Per-Class Validation Accuracy:
  No Thrust: 0.00% (0/160)
  Chemical: 10.00% (16/160)
  Electric: 0.00% (0/160)
  Impulsive: 90.00% (144/160)
Epoch [7/100], Training Loss: 1.3880
Validation Loss: 1.3864, Validation Accuracy: 25.00%

Per-Class Validation Accuracy:
  No Thrust: 0.00% (0/160)
  Chemical: 90.00% (144/160)
  Electric: 10.00% (16/160)
  Impulsive: 0.00% (0/160)
Epoch [8/100], Training Loss: 1.3883
Validation Loss: 1.3863, Validation Accuracy: 25.00%

Per-Class Validation Accuracy:
  No Thrust: 40.00% (64/160)
  Chemical: 30.00% (48/160)
  Electric: 10.00% (16/160)
  Impulsive: 20.00% (32/160)
Epoch [9/100], Training Loss: 1.3872
Validation Loss: 1.3865, Validation Accuracy: 25.00%

Per-Class Validation Accuracy:
  No Thrust: 0.00% (0/160)
  Chemical: 30.00% (48/160)
  Electric: 70.00% (112/160)
  Impulsive: 0.00% (0/160)
Epoch [10/100], Training Loss: 1.3870
Validation Loss: 1.3864, Validation Accuracy: 23.12%

Per-Class Validation Accuracy:
  No Thrust: 16.88% (27/160)
  Chemical: 0.00% (0/160)
  Electric: 73.12% (117/160)
  Impulsive: 2.50% (4/160)
Epoch [11/100], Training Loss: 1.3876
Validation Loss: 1.3864, Validation Accuracy: 25.00%

Per-Class Validation Accuracy:
  No Thrust: 0.00% (0/160)
  Chemical: 90.00% (144/160)
  Electric: 10.00% (16/160)
  Impulsive: 0.00% (0/160)
Epoch [12/100], Training Loss: 1.3874
Validation Loss: 1.3863, Validation Accuracy: 24.22%

Per-Class Validation Accuracy:
  No Thrust: 40.00% (64/160)
  Chemical: 0.00% (0/160)
  Electric: 56.88% (91/160)
  Impulsive: 0.00% (0/160)
Epoch [13/100], Training Loss: 1.3875
Validation Loss: 1.3865, Validation Accuracy: 25.00%

Per-Class Validation Accuracy:
  No Thrust: 0.00% (0/160)
  Chemical: 100.00% (160/160)
  Electric: 0.00% (0/160)
  Impulsive: 0.00% (0/160)
Epoch [14/100], Training Loss: 1.3871
Validation Loss: 1.3864, Validation Accuracy: 25.00%

Per-Class Validation Accuracy:
  No Thrust: 0.00% (0/160)
  Chemical: 100.00% (160/160)
  Electric: 0.00% (0/160)
  Impulsive: 0.00% (0/160)
Epoch [15/100], Training Loss: 1.3869
Validation Loss: 1.3864, Validation Accuracy: 25.00%

Per-Class Validation Accuracy:
  No Thrust: 70.00% (112/160)
  Chemical: 0.00% (0/160)
  Electric: 30.00% (48/160)
  Impulsive: 0.00% (0/160)
Epoch [16/100], Training Loss: 1.3866
Validation Loss: 1.3864, Validation Accuracy: 25.00%

Per-Class Validation Accuracy:
  No Thrust: 10.00% (16/160)
  Chemical: 50.00% (80/160)
  Electric: 0.00% (0/160)
  Impulsive: 40.00% (64/160)
Epoch [17/100], Training Loss: 1.3875
Validation Loss: 1.3864, Validation Accuracy: 27.50%

Per-Class Validation Accuracy:
  No Thrust: 0.00% (0/160)
  Chemical: 80.00% (128/160)
  Electric: 30.00% (48/160)
  Impulsive: 0.00% (0/160)
Epoch [18/100], Training Loss: 1.3853
Validation Loss: 1.3864, Validation Accuracy: 25.00%

Per-Class Validation Accuracy:
  No Thrust: 20.00% (32/160)
  Chemical: 50.00% (80/160)
  Electric: 0.00% (0/160)
  Impulsive: 30.00% (48/160)
Epoch [19/100], Training Loss: 1.3876
Validation Loss: 1.3864, Validation Accuracy: 22.03%

Per-Class Validation Accuracy:
  No Thrust: 0.00% (0/160)
  Chemical: 60.00% (96/160)
  Electric: 20.62% (33/160)
  Impulsive: 7.50% (12/160)
Epoch [20/100], Training Loss: 1.3864
Validation Loss: 1.3864, Validation Accuracy: 25.00%

Per-Class Validation Accuracy:
  No Thrust: 0.00% (0/160)
  Chemical: 60.00% (96/160)
  Electric: 20.00% (32/160)
  Impulsive: 20.00% (32/160)
Epoch [21/100], Training Loss: 1.3868
Validation Loss: 1.3864, Validation Accuracy: 20.78%

Per-Class Validation Accuracy:
  No Thrust: 3.12% (5/160)
  Chemical: 60.00% (96/160)
  Electric: 20.00% (32/160)
  Impulsive: 0.00% (0/160)
Epoch [22/100], Training Loss: 1.3870
Validation Loss: 1.3864, Validation Accuracy: 23.28%

Per-Class Validation Accuracy:
  No Thrust: 0.00% (0/160)
  Chemical: 53.12% (85/160)
  Electric: 40.00% (64/160)
  Impulsive: 0.00% (0/160)
Early stopping triggered.

	Elapsed time is 20.2703 seconds.

==========================================================================================
Total parameters: 18004
Total memory (bytes): 144032
Total memory (MB): 0.137359619140625
==========================================================================================

LSTM Validation
Validation Loss: 1.3864, Validation Accuracy: 23.28%

Per-Class Validation Accuracy:
  No Thrust: 0.00% (0/160)
  Chemical: 53.12% (85/160)
  Electric: 40.00% (64/160)
  Impulsive: 0.00% (0/160)

Classification Report:
              precision    recall  f1-score   support

   No Thrust     0.0000    0.0000    0.0000       160
    Chemical     0.2279    0.5312    0.3189       160
    Electric     0.2500    0.4000    0.3077       160
   Impulsive     0.0000    0.0000    0.0000       160

    accuracy                         0.2328       640
   macro avg     0.1195    0.2328    0.1567       640
weighted avg     0.1195    0.2328    0.1567       640


Confusion Matrix (rows = true, cols = predicted):
             P_No Thrust  P_Chemical  P_Electric  P_Impulsive
T_No Thrust            0          96          64            0
T_Chemical            11          85          64            0
T_Electric             0          96          64            0
T_Impulsive            0          96          64            0

LSTM Inference Time	Elapsed time is 0.3837 seconds.

Entering Mamba Training Loop
Epoch [1/100], Training Loss: 1.3930
Validation Loss: 1.3911, Validation Accuracy: 25.62%

Per-Class Validation Accuracy:
  No Thrust: 0.00% (0/160)
  Chemical: 9.38% (15/160)
  Electric: 93.12% (149/160)
  Impulsive: 0.00% (0/160)
Epoch [2/100], Training Loss: 1.3899
Validation Loss: 1.3897, Validation Accuracy: 25.62%

Per-Class Validation Accuracy:
  No Thrust: 0.00% (0/160)
  Chemical: 8.75% (14/160)
  Electric: 93.75% (150/160)
  Impulsive: 0.00% (0/160)
Epoch [3/100], Training Loss: 1.3904
Validation Loss: 1.3890, Validation Accuracy: 25.31%

Per-Class Validation Accuracy:
  No Thrust: 0.00% (0/160)
  Chemical: 13.75% (22/160)
  Electric: 87.50% (140/160)
  Impulsive: 0.00% (0/160)
Epoch [4/100], Training Loss: 1.3898
Validation Loss: 1.3883, Validation Accuracy: 24.69%

Per-Class Validation Accuracy:
  No Thrust: 0.00% (0/160)
  Chemical: 13.75% (22/160)
  Electric: 85.00% (136/160)
  Impulsive: 0.00% (0/160)
Epoch [5/100], Training Loss: 1.3890
Validation Loss: 1.3877, Validation Accuracy: 24.84%

Per-Class Validation Accuracy:
  No Thrust: 0.00% (0/160)
  Chemical: 13.75% (22/160)
  Electric: 85.62% (137/160)
  Impulsive: 0.00% (0/160)
Epoch [6/100], Training Loss: 1.3880
Validation Loss: 1.3874, Validation Accuracy: 24.69%

Per-Class Validation Accuracy:
  No Thrust: 0.62% (1/160)
  Chemical: 18.12% (29/160)
  Electric: 80.00% (128/160)
  Impulsive: 0.00% (0/160)
Epoch [7/100], Training Loss: 1.3877
Validation Loss: 1.3871, Validation Accuracy: 25.31%

Per-Class Validation Accuracy:
  No Thrust: 2.50% (4/160)
  Chemical: 25.00% (40/160)
  Electric: 72.50% (116/160)
  Impulsive: 1.25% (2/160)
Epoch [8/100], Training Loss: 1.3879
Validation Loss: 1.3869, Validation Accuracy: 25.31%

Per-Class Validation Accuracy:
  No Thrust: 8.75% (14/160)
  Chemical: 33.12% (53/160)
  Electric: 58.12% (93/160)
  Impulsive: 1.25% (2/160)
Epoch [9/100], Training Loss: 1.3875
Validation Loss: 1.3868, Validation Accuracy: 25.78%

Per-Class Validation Accuracy:
  No Thrust: 8.75% (14/160)
  Chemical: 35.62% (57/160)
  Electric: 57.50% (92/160)
  Impulsive: 1.25% (2/160)
Epoch [10/100], Training Loss: 1.3877
Validation Loss: 1.3867, Validation Accuracy: 25.47%

Per-Class Validation Accuracy:
  No Thrust: 8.75% (14/160)
  Chemical: 34.38% (55/160)
  Electric: 56.88% (91/160)
  Impulsive: 1.88% (3/160)
Epoch [11/100], Training Loss: 1.3874
Validation Loss: 1.3866, Validation Accuracy: 25.94%

Per-Class Validation Accuracy:
  No Thrust: 11.88% (19/160)
  Chemical: 31.25% (50/160)
  Electric: 53.75% (86/160)
  Impulsive: 6.88% (11/160)
Epoch [12/100], Training Loss: 1.3875
Validation Loss: 1.3865, Validation Accuracy: 25.47%

Per-Class Validation Accuracy:
  No Thrust: 11.88% (19/160)
  Chemical: 40.00% (64/160)
  Electric: 47.50% (76/160)
  Impulsive: 2.50% (4/160)
Epoch [13/100], Training Loss: 1.3871
Validation Loss: 1.3865, Validation Accuracy: 25.31%

Per-Class Validation Accuracy:
  No Thrust: 11.88% (19/160)
  Chemical: 34.38% (55/160)
  Electric: 47.50% (76/160)
  Impulsive: 7.50% (12/160)
Epoch [14/100], Training Loss: 1.3872
Validation Loss: 1.3864, Validation Accuracy: 25.78%

Per-Class Validation Accuracy:
  No Thrust: 15.00% (24/160)
  Chemical: 33.12% (53/160)
  Electric: 46.88% (75/160)
  Impulsive: 8.12% (13/160)
Epoch [15/100], Training Loss: 1.3869
Validation Loss: 1.3864, Validation Accuracy: 25.31%

Per-Class Validation Accuracy:
  No Thrust: 16.88% (27/160)
  Chemical: 34.38% (55/160)
  Electric: 43.12% (69/160)
  Impulsive: 6.88% (11/160)
Epoch [16/100], Training Loss: 1.3879
Validation Loss: 1.3864, Validation Accuracy: 25.78%

Per-Class Validation Accuracy:
  No Thrust: 13.75% (22/160)
  Chemical: 38.12% (61/160)
  Electric: 45.62% (73/160)
  Impulsive: 5.62% (9/160)
Epoch [17/100], Training Loss: 1.3869
Validation Loss: 1.3864, Validation Accuracy: 25.62%

Per-Class Validation Accuracy:
  No Thrust: 14.38% (23/160)
  Chemical: 37.50% (60/160)
  Electric: 41.25% (66/160)
  Impulsive: 9.38% (15/160)
Epoch [18/100], Training Loss: 1.3869
Validation Loss: 1.3863, Validation Accuracy: 25.31%

Per-Class Validation Accuracy:
  No Thrust: 17.50% (28/160)
  Chemical: 36.25% (58/160)
  Electric: 35.62% (57/160)
  Impulsive: 11.88% (19/160)
Epoch [19/100], Training Loss: 1.3874
Validation Loss: 1.3863, Validation Accuracy: 25.16%

Per-Class Validation Accuracy:
  No Thrust: 17.50% (28/160)
  Chemical: 42.50% (68/160)
  Electric: 32.50% (52/160)
  Impulsive: 8.12% (13/160)
Epoch [20/100], Training Loss: 1.3868
Validation Loss: 1.3863, Validation Accuracy: 25.62%

Per-Class Validation Accuracy:
  No Thrust: 20.62% (33/160)
  Chemical: 34.38% (55/160)
  Electric: 33.12% (53/160)
  Impulsive: 14.38% (23/160)
Epoch [21/100], Training Loss: 1.3868
Validation Loss: 1.3863, Validation Accuracy: 25.47%

Per-Class Validation Accuracy:
  No Thrust: 20.62% (33/160)
  Chemical: 28.12% (45/160)
  Electric: 35.62% (57/160)
  Impulsive: 17.50% (28/160)
Epoch [22/100], Training Loss: 1.3868
Validation Loss: 1.3863, Validation Accuracy: 25.00%

Per-Class Validation Accuracy:
  No Thrust: 19.38% (31/160)
  Chemical: 32.50% (52/160)
  Electric: 28.75% (46/160)
  Impulsive: 19.38% (31/160)
Epoch [23/100], Training Loss: 1.3872
Validation Loss: 1.3863, Validation Accuracy: 24.84%

Per-Class Validation Accuracy:
  No Thrust: 18.75% (30/160)
  Chemical: 38.75% (62/160)
  Electric: 31.88% (51/160)
  Impulsive: 10.00% (16/160)
Epoch [24/100], Training Loss: 1.3860
Validation Loss: 1.3863, Validation Accuracy: 25.31%

Per-Class Validation Accuracy:
  No Thrust: 19.38% (31/160)
  Chemical: 40.62% (65/160)
  Electric: 30.00% (48/160)
  Impulsive: 11.25% (18/160)
Epoch [25/100], Training Loss: 1.3865
Validation Loss: 1.3863, Validation Accuracy: 25.31%

Per-Class Validation Accuracy:
  No Thrust: 18.75% (30/160)
  Chemical: 40.00% (64/160)
  Electric: 32.50% (52/160)
  Impulsive: 10.00% (16/160)
Epoch [26/100], Training Loss: 1.3862
Validation Loss: 1.3863, Validation Accuracy: 25.00%

Per-Class Validation Accuracy:
  No Thrust: 20.62% (33/160)
  Chemical: 38.75% (62/160)
  Electric: 28.75% (46/160)
  Impulsive: 11.88% (19/160)
Epoch [27/100], Training Loss: 1.3862
Validation Loss: 1.3862, Validation Accuracy: 25.47%

Per-Class Validation Accuracy:
  No Thrust: 20.62% (33/160)
  Chemical: 40.00% (64/160)
  Electric: 28.12% (45/160)
  Impulsive: 13.12% (21/160)
Epoch [28/100], Training Loss: 1.3866
Validation Loss: 1.3862, Validation Accuracy: 25.94%

Per-Class Validation Accuracy:
  No Thrust: 20.62% (33/160)
  Chemical: 37.50% (60/160)
  Electric: 29.38% (47/160)
  Impulsive: 16.25% (26/160)
Epoch [29/100], Training Loss: 1.3865
Validation Loss: 1.3862, Validation Accuracy: 25.16%

Per-Class Validation Accuracy:
  No Thrust: 19.38% (31/160)
  Chemical: 41.25% (66/160)
  Electric: 30.00% (48/160)
  Impulsive: 10.00% (16/160)
Epoch [30/100], Training Loss: 1.3867
Validation Loss: 1.3862, Validation Accuracy: 25.16%

Per-Class Validation Accuracy:
  No Thrust: 19.38% (31/160)
  Chemical: 41.25% (66/160)
  Electric: 29.38% (47/160)
  Impulsive: 10.62% (17/160)
Epoch [31/100], Training Loss: 1.3861
Validation Loss: 1.3862, Validation Accuracy: 24.84%

Per-Class Validation Accuracy:
  No Thrust: 19.38% (31/160)
  Chemical: 38.75% (62/160)
  Electric: 29.38% (47/160)
  Impulsive: 11.88% (19/160)
Epoch [32/100], Training Loss: 1.3867
Validation Loss: 1.3862, Validation Accuracy: 25.31%

Per-Class Validation Accuracy:
  No Thrust: 19.38% (31/160)
  Chemical: 43.75% (70/160)
  Electric: 29.38% (47/160)
  Impulsive: 8.75% (14/160)
Epoch [33/100], Training Loss: 1.3861
Validation Loss: 1.3862, Validation Accuracy: 25.62%

Per-Class Validation Accuracy:
  No Thrust: 19.38% (31/160)
  Chemical: 42.50% (68/160)
  Electric: 29.38% (47/160)
  Impulsive: 11.25% (18/160)
Epoch [34/100], Training Loss: 1.3862
Validation Loss: 1.3862, Validation Accuracy: 24.84%

Per-Class Validation Accuracy:
  No Thrust: 20.00% (32/160)
  Chemical: 38.75% (62/160)
  Electric: 28.75% (46/160)
  Impulsive: 11.88% (19/160)
Epoch [35/100], Training Loss: 1.3867
Validation Loss: 1.3862, Validation Accuracy: 25.47%

Per-Class Validation Accuracy:
  No Thrust: 19.38% (31/160)
  Chemical: 40.00% (64/160)
  Electric: 30.62% (49/160)
  Impulsive: 11.88% (19/160)
Epoch [36/100], Training Loss: 1.3864
Validation Loss: 1.3862, Validation Accuracy: 25.00%

Per-Class Validation Accuracy:
  No Thrust: 20.00% (32/160)
  Chemical: 38.12% (61/160)
  Electric: 28.75% (46/160)
  Impulsive: 13.12% (21/160)
Epoch [37/100], Training Loss: 1.3871
Validation Loss: 1.3862, Validation Accuracy: 24.53%

Per-Class Validation Accuracy:
  No Thrust: 20.00% (32/160)
  Chemical: 37.50% (60/160)
  Electric: 28.75% (46/160)
  Impulsive: 11.88% (19/160)
Epoch [38/100], Training Loss: 1.3864
Validation Loss: 1.3862, Validation Accuracy: 25.16%

Per-Class Validation Accuracy:
  No Thrust: 19.38% (31/160)
  Chemical: 38.75% (62/160)
  Electric: 29.38% (47/160)
  Impulsive: 13.12% (21/160)
Epoch [39/100], Training Loss: 1.3859
Validation Loss: 1.3862, Validation Accuracy: 25.16%

Per-Class Validation Accuracy:
  No Thrust: 19.38% (31/160)
  Chemical: 38.12% (61/160)
  Electric: 30.00% (48/160)
  Impulsive: 13.12% (21/160)
Epoch [40/100], Training Loss: 1.3859
Validation Loss: 1.3862, Validation Accuracy: 25.16%

Per-Class Validation Accuracy:
  No Thrust: 20.00% (32/160)
  Chemical: 37.50% (60/160)
  Electric: 28.75% (46/160)
  Impulsive: 14.38% (23/160)
Epoch [41/100], Training Loss: 1.3859
Validation Loss: 1.3862, Validation Accuracy: 25.16%

Per-Class Validation Accuracy:
  No Thrust: 20.00% (32/160)
  Chemical: 38.75% (62/160)
  Electric: 28.75% (46/160)
  Impulsive: 13.12% (21/160)
Epoch [42/100], Training Loss: 1.3858
Validation Loss: 1.3862, Validation Accuracy: 25.00%

Per-Class Validation Accuracy:
  No Thrust: 20.00% (32/160)
  Chemical: 37.50% (60/160)
  Electric: 28.75% (46/160)
  Impulsive: 13.75% (22/160)
Epoch [43/100], Training Loss: 1.3861
Validation Loss: 1.3862, Validation Accuracy: 25.31%

Per-Class Validation Accuracy:
  No Thrust: 21.25% (34/160)
  Chemical: 36.25% (58/160)
  Electric: 28.75% (46/160)
  Impulsive: 15.00% (24/160)
Epoch [44/100], Training Loss: 1.3862
Validation Loss: 1.3862, Validation Accuracy: 25.78%

Per-Class Validation Accuracy:
  No Thrust: 21.25% (34/160)
  Chemical: 36.88% (59/160)
  Electric: 28.75% (46/160)
  Impulsive: 16.25% (26/160)
Epoch [45/100], Training Loss: 1.3862
Validation Loss: 1.3862, Validation Accuracy: 25.00%

Per-Class Validation Accuracy:
  No Thrust: 21.25% (34/160)
  Chemical: 35.62% (57/160)
  Electric: 28.75% (46/160)
  Impulsive: 14.38% (23/160)
Epoch [46/100], Training Loss: 1.3868
Validation Loss: 1.3862, Validation Accuracy: 25.31%

Per-Class Validation Accuracy:
  No Thrust: 21.25% (34/160)
  Chemical: 38.12% (61/160)
  Electric: 28.75% (46/160)
  Impulsive: 13.12% (21/160)
Epoch [47/100], Training Loss: 1.3864
Validation Loss: 1.3862, Validation Accuracy: 25.00%

Per-Class Validation Accuracy:
  No Thrust: 21.25% (34/160)
  Chemical: 36.88% (59/160)
  Electric: 28.75% (46/160)
  Impulsive: 13.12% (21/160)
Epoch [48/100], Training Loss: 1.3863
Validation Loss: 1.3862, Validation Accuracy: 25.16%

Per-Class Validation Accuracy:
  No Thrust: 21.25% (34/160)
  Chemical: 37.50% (60/160)
  Electric: 28.75% (46/160)
  Impulsive: 13.12% (21/160)
Epoch [49/100], Training Loss: 1.3861
Validation Loss: 1.3862, Validation Accuracy: 25.00%

Per-Class Validation Accuracy:
  No Thrust: 20.00% (32/160)
  Chemical: 38.12% (61/160)
  Electric: 28.75% (46/160)
  Impulsive: 13.12% (21/160)
Epoch [50/100], Training Loss: 1.3862
Validation Loss: 1.3862, Validation Accuracy: 25.47%

Per-Class Validation Accuracy:
  No Thrust: 20.62% (33/160)
  Chemical: 37.50% (60/160)
  Electric: 28.75% (46/160)
  Impulsive: 15.00% (24/160)
Epoch [51/100], Training Loss: 1.3866
Validation Loss: 1.3862, Validation Accuracy: 24.84%

Per-Class Validation Accuracy:
  No Thrust: 21.25% (34/160)
  Chemical: 36.88% (59/160)
  Electric: 28.75% (46/160)
  Impulsive: 12.50% (20/160)
Epoch [52/100], Training Loss: 1.3862
Validation Loss: 1.3862, Validation Accuracy: 25.16%

Per-Class Validation Accuracy:
  No Thrust: 20.62% (33/160)
  Chemical: 37.50% (60/160)
  Electric: 28.75% (46/160)
  Impulsive: 13.75% (22/160)
Epoch [53/100], Training Loss: 1.3859
Validation Loss: 1.3862, Validation Accuracy: 25.62%

Per-Class Validation Accuracy:
  No Thrust: 21.25% (34/160)
  Chemical: 37.50% (60/160)
  Electric: 29.38% (47/160)
  Impulsive: 14.38% (23/160)
Epoch [54/100], Training Loss: 1.3867
Validation Loss: 1.3862, Validation Accuracy: 25.00%

Per-Class Validation Accuracy:
  No Thrust: 20.62% (33/160)
  Chemical: 37.50% (60/160)
  Electric: 28.75% (46/160)
  Impulsive: 13.12% (21/160)
Epoch [55/100], Training Loss: 1.3857
Validation Loss: 1.3862, Validation Accuracy: 25.16%

Per-Class Validation Accuracy:
  No Thrust: 21.25% (34/160)
  Chemical: 37.50% (60/160)
  Electric: 28.75% (46/160)
  Impulsive: 13.12% (21/160)
Epoch [56/100], Training Loss: 1.3862
Validation Loss: 1.3862, Validation Accuracy: 25.47%

Per-Class Validation Accuracy:
  No Thrust: 21.25% (34/160)
  Chemical: 37.50% (60/160)
  Electric: 29.38% (47/160)
  Impulsive: 13.75% (22/160)
Epoch [57/100], Training Loss: 1.3864
Validation Loss: 1.3862, Validation Accuracy: 25.31%

Per-Class Validation Accuracy:
  No Thrust: 21.25% (34/160)
  Chemical: 37.50% (60/160)
  Electric: 28.75% (46/160)
  Impulsive: 13.75% (22/160)
Epoch [58/100], Training Loss: 1.3862
Validation Loss: 1.3862, Validation Accuracy: 25.47%

Per-Class Validation Accuracy:
  No Thrust: 21.25% (34/160)
  Chemical: 37.50% (60/160)
  Electric: 29.38% (47/160)
  Impulsive: 13.75% (22/160)
Epoch [59/100], Training Loss: 1.3867
Validation Loss: 1.3862, Validation Accuracy: 25.47%

Per-Class Validation Accuracy:
  No Thrust: 21.25% (34/160)
  Chemical: 37.50% (60/160)
  Electric: 29.38% (47/160)
  Impulsive: 13.75% (22/160)
Epoch [60/100], Training Loss: 1.3863
Validation Loss: 1.3862, Validation Accuracy: 25.31%

Per-Class Validation Accuracy:
  No Thrust: 21.25% (34/160)
  Chemical: 37.50% (60/160)
  Electric: 28.75% (46/160)
  Impulsive: 13.75% (22/160)
Epoch [61/100], Training Loss: 1.3865
Validation Loss: 1.3862, Validation Accuracy: 25.47%

Per-Class Validation Accuracy:
  No Thrust: 21.25% (34/160)
  Chemical: 37.50% (60/160)
  Electric: 29.38% (47/160)
  Impulsive: 13.75% (22/160)
Epoch [62/100], Training Loss: 1.3861
Validation Loss: 1.3862, Validation Accuracy: 25.31%

Per-Class Validation Accuracy:
  No Thrust: 20.62% (33/160)
  Chemical: 37.50% (60/160)
  Electric: 28.75% (46/160)
  Impulsive: 14.38% (23/160)
Epoch [63/100], Training Loss: 1.3857
Validation Loss: 1.3862, Validation Accuracy: 25.47%

Per-Class Validation Accuracy:
  No Thrust: 21.25% (34/160)
  Chemical: 37.50% (60/160)
  Electric: 29.38% (47/160)
  Impulsive: 13.75% (22/160)
Epoch [64/100], Training Loss: 1.3866
Validation Loss: 1.3862, Validation Accuracy: 25.47%

Per-Class Validation Accuracy:
  No Thrust: 21.25% (34/160)
  Chemical: 37.50% (60/160)
  Electric: 29.38% (47/160)
  Impulsive: 13.75% (22/160)
Epoch [65/100], Training Loss: 1.3858
Validation Loss: 1.3862, Validation Accuracy: 25.47%

Per-Class Validation Accuracy:
  No Thrust: 21.25% (34/160)
  Chemical: 37.50% (60/160)
  Electric: 29.38% (47/160)
  Impulsive: 13.75% (22/160)
Epoch [66/100], Training Loss: 1.3865
Validation Loss: 1.3862, Validation Accuracy: 25.31%

Per-Class Validation Accuracy:
  No Thrust: 21.25% (34/160)
  Chemical: 37.50% (60/160)
  Electric: 28.75% (46/160)
  Impulsive: 13.75% (22/160)
Epoch [67/100], Training Loss: 1.3862
Validation Loss: 1.3862, Validation Accuracy: 25.31%

Per-Class Validation Accuracy:
  No Thrust: 21.25% (34/160)
  Chemical: 37.50% (60/160)
  Electric: 28.75% (46/160)
  Impulsive: 13.75% (22/160)
Epoch [68/100], Training Loss: 1.3861
Validation Loss: 1.3862, Validation Accuracy: 25.31%

Per-Class Validation Accuracy:
  No Thrust: 21.25% (34/160)
  Chemical: 37.50% (60/160)
  Electric: 28.75% (46/160)
  Impulsive: 13.75% (22/160)
Epoch [69/100], Training Loss: 1.3857
Validation Loss: 1.3862, Validation Accuracy: 25.47%

Per-Class Validation Accuracy:
  No Thrust: 21.25% (34/160)
  Chemical: 37.50% (60/160)
  Electric: 29.38% (47/160)
  Impulsive: 13.75% (22/160)
Epoch [70/100], Training Loss: 1.3865
Validation Loss: 1.3862, Validation Accuracy: 25.47%

Per-Class Validation Accuracy:
  No Thrust: 21.25% (34/160)
  Chemical: 37.50% (60/160)
  Electric: 29.38% (47/160)
  Impulsive: 13.75% (22/160)
Epoch [71/100], Training Loss: 1.3859
Validation Loss: 1.3862, Validation Accuracy: 25.47%

Per-Class Validation Accuracy:
  No Thrust: 21.25% (34/160)
  Chemical: 37.50% (60/160)
  Electric: 29.38% (47/160)
  Impulsive: 13.75% (22/160)
Epoch [72/100], Training Loss: 1.3862
Validation Loss: 1.3862, Validation Accuracy: 25.62%

Per-Class Validation Accuracy:
  No Thrust: 21.25% (34/160)
  Chemical: 37.50% (60/160)
  Electric: 29.38% (47/160)
  Impulsive: 14.38% (23/160)
Epoch [73/100], Training Loss: 1.3862
Validation Loss: 1.3862, Validation Accuracy: 25.47%

Per-Class Validation Accuracy:
  No Thrust: 21.25% (34/160)
  Chemical: 37.50% (60/160)
  Electric: 29.38% (47/160)
  Impulsive: 13.75% (22/160)
Epoch [74/100], Training Loss: 1.3863
Validation Loss: 1.3862, Validation Accuracy: 25.47%

Per-Class Validation Accuracy:
  No Thrust: 21.25% (34/160)
  Chemical: 37.50% (60/160)
  Electric: 29.38% (47/160)
  Impulsive: 13.75% (22/160)
Epoch [75/100], Training Loss: 1.3863
Validation Loss: 1.3862, Validation Accuracy: 25.47%

Per-Class Validation Accuracy:
  No Thrust: 21.25% (34/160)
  Chemical: 37.50% (60/160)
  Electric: 29.38% (47/160)
  Impulsive: 13.75% (22/160)
Epoch [76/100], Training Loss: 1.3857
Validation Loss: 1.3862, Validation Accuracy: 25.62%

Per-Class Validation Accuracy:
  No Thrust: 21.25% (34/160)
  Chemical: 37.50% (60/160)
  Electric: 29.38% (47/160)
  Impulsive: 14.38% (23/160)
Epoch [77/100], Training Loss: 1.3862
Validation Loss: 1.3862, Validation Accuracy: 25.62%

Per-Class Validation Accuracy:
  No Thrust: 21.25% (34/160)
  Chemical: 37.50% (60/160)
  Electric: 29.38% (47/160)
  Impulsive: 14.38% (23/160)
Epoch [78/100], Training Loss: 1.3867
Validation Loss: 1.3862, Validation Accuracy: 25.62%

Per-Class Validation Accuracy:
  No Thrust: 21.25% (34/160)
  Chemical: 37.50% (60/160)
  Electric: 29.38% (47/160)
  Impulsive: 14.38% (23/160)
Epoch [79/100], Training Loss: 1.3860
Validation Loss: 1.3862, Validation Accuracy: 25.47%

Per-Class Validation Accuracy:
  No Thrust: 21.25% (34/160)
  Chemical: 37.50% (60/160)
  Electric: 29.38% (47/160)
  Impulsive: 13.75% (22/160)
Epoch [80/100], Training Loss: 1.3861
Validation Loss: 1.3862, Validation Accuracy: 25.62%

Per-Class Validation Accuracy:
  No Thrust: 21.25% (34/160)
  Chemical: 37.50% (60/160)
  Electric: 29.38% (47/160)
  Impulsive: 14.38% (23/160)
Epoch [81/100], Training Loss: 1.3864
Validation Loss: 1.3862, Validation Accuracy: 25.62%

Per-Class Validation Accuracy:
  No Thrust: 21.25% (34/160)
  Chemical: 37.50% (60/160)
  Electric: 29.38% (47/160)
  Impulsive: 14.38% (23/160)
Epoch [82/100], Training Loss: 1.3863
Validation Loss: 1.3862, Validation Accuracy: 25.62%

Per-Class Validation Accuracy:
  No Thrust: 21.25% (34/160)
  Chemical: 37.50% (60/160)
  Electric: 29.38% (47/160)
  Impulsive: 14.38% (23/160)
Epoch [83/100], Training Loss: 1.3862
Validation Loss: 1.3862, Validation Accuracy: 25.62%

Per-Class Validation Accuracy:
  No Thrust: 21.25% (34/160)
  Chemical: 37.50% (60/160)
  Electric: 29.38% (47/160)
  Impulsive: 14.38% (23/160)
Epoch [84/100], Training Loss: 1.3859
Validation Loss: 1.3862, Validation Accuracy: 25.62%

Per-Class Validation Accuracy:
  No Thrust: 21.25% (34/160)
  Chemical: 37.50% (60/160)
  Electric: 29.38% (47/160)
  Impulsive: 14.38% (23/160)
Epoch [85/100], Training Loss: 1.3863
Validation Loss: 1.3862, Validation Accuracy: 25.62%

Per-Class Validation Accuracy:
  No Thrust: 21.25% (34/160)
  Chemical: 37.50% (60/160)
  Electric: 29.38% (47/160)
  Impulsive: 14.38% (23/160)
Epoch [86/100], Training Loss: 1.3860
Validation Loss: 1.3862, Validation Accuracy: 25.62%

Per-Class Validation Accuracy:
  No Thrust: 21.25% (34/160)
  Chemical: 37.50% (60/160)
  Electric: 29.38% (47/160)
  Impulsive: 14.38% (23/160)
Epoch [87/100], Training Loss: 1.3864
Validation Loss: 1.3862, Validation Accuracy: 25.62%

Per-Class Validation Accuracy:
  No Thrust: 21.25% (34/160)
  Chemical: 37.50% (60/160)
  Electric: 29.38% (47/160)
  Impulsive: 14.38% (23/160)
Epoch [88/100], Training Loss: 1.3863
Validation Loss: 1.3862, Validation Accuracy: 25.62%

Per-Class Validation Accuracy:
  No Thrust: 21.25% (34/160)
  Chemical: 37.50% (60/160)
  Electric: 29.38% (47/160)
  Impulsive: 14.38% (23/160)
Epoch [89/100], Training Loss: 1.3860
Validation Loss: 1.3862, Validation Accuracy: 25.62%

Per-Class Validation Accuracy:
  No Thrust: 21.25% (34/160)
  Chemical: 37.50% (60/160)
  Electric: 29.38% (47/160)
  Impulsive: 14.38% (23/160)
Epoch [90/100], Training Loss: 1.3861
Validation Loss: 1.3862, Validation Accuracy: 25.62%

Per-Class Validation Accuracy:
  No Thrust: 21.25% (34/160)
  Chemical: 37.50% (60/160)
  Electric: 29.38% (47/160)
  Impulsive: 14.38% (23/160)
Epoch [91/100], Training Loss: 1.3857
Validation Loss: 1.3862, Validation Accuracy: 25.62%

Per-Class Validation Accuracy:
  No Thrust: 21.25% (34/160)
  Chemical: 37.50% (60/160)
  Electric: 29.38% (47/160)
  Impulsive: 14.38% (23/160)
Epoch [92/100], Training Loss: 1.3863
Validation Loss: 1.3862, Validation Accuracy: 25.62%

Per-Class Validation Accuracy:
  No Thrust: 21.25% (34/160)
  Chemical: 37.50% (60/160)
  Electric: 29.38% (47/160)
  Impulsive: 14.38% (23/160)
Epoch [93/100], Training Loss: 1.3858
Validation Loss: 1.3862, Validation Accuracy: 25.62%

Per-Class Validation Accuracy:
  No Thrust: 21.25% (34/160)
  Chemical: 37.50% (60/160)
  Electric: 29.38% (47/160)
  Impulsive: 14.38% (23/160)
Epoch [94/100], Training Loss: 1.3863
Validation Loss: 1.3862, Validation Accuracy: 25.62%

Per-Class Validation Accuracy:
  No Thrust: 21.25% (34/160)
  Chemical: 37.50% (60/160)
  Electric: 29.38% (47/160)
  Impulsive: 14.38% (23/160)
Epoch [95/100], Training Loss: 1.3853
Validation Loss: 1.3862, Validation Accuracy: 25.62%

Per-Class Validation Accuracy:
  No Thrust: 21.25% (34/160)
  Chemical: 37.50% (60/160)
  Electric: 29.38% (47/160)
  Impulsive: 14.38% (23/160)
Epoch [96/100], Training Loss: 1.3862
Validation Loss: 1.3862, Validation Accuracy: 25.62%

Per-Class Validation Accuracy:
  No Thrust: 21.25% (34/160)
  Chemical: 37.50% (60/160)
  Electric: 29.38% (47/160)
  Impulsive: 14.38% (23/160)
Epoch [97/100], Training Loss: 1.3861
Validation Loss: 1.3862, Validation Accuracy: 25.62%

Per-Class Validation Accuracy:
  No Thrust: 21.25% (34/160)
  Chemical: 37.50% (60/160)
  Electric: 29.38% (47/160)
  Impulsive: 14.38% (23/160)
Epoch [98/100], Training Loss: 1.3864
Validation Loss: 1.3862, Validation Accuracy: 25.62%

Per-Class Validation Accuracy:
  No Thrust: 21.25% (34/160)
  Chemical: 37.50% (60/160)
  Electric: 29.38% (47/160)
  Impulsive: 14.38% (23/160)
Epoch [99/100], Training Loss: 1.3857
Validation Loss: 1.3862, Validation Accuracy: 25.62%

Per-Class Validation Accuracy:
  No Thrust: 21.25% (34/160)
  Chemical: 37.50% (60/160)
  Electric: 29.38% (47/160)
  Impulsive: 14.38% (23/160)
Epoch [100/100], Training Loss: 1.3864
Validation Loss: 1.3862, Validation Accuracy: 25.62%

Per-Class Validation Accuracy:
  No Thrust: 21.25% (34/160)
  Chemical: 37.50% (60/160)
  Electric: 29.38% (47/160)
  Impulsive: 14.38% (23/160)

	Elapsed time is 74.1984 seconds.

==========================================================================================
Total parameters: 6106
Total memory (bytes): 48848
Total memory (MB): 0.0465850830078125
==========================================================================================

Mamba Validation
Validation Loss: 1.3862, Validation Accuracy: 25.62%

Per-Class Validation Accuracy:
  No Thrust: 21.25% (34/160)
  Chemical: 37.50% (60/160)
  Electric: 29.38% (47/160)
  Impulsive: 14.38% (23/160)

Classification Report:
              precision    recall  f1-score   support

   No Thrust     0.2519    0.2125    0.2305       160
    Chemical     0.2575    0.3750    0.3053       160
    Electric     0.2626    0.2938    0.2773       160
   Impulsive     0.2473    0.1437    0.1818       160

    accuracy                         0.2562       640
   macro avg     0.2548    0.2563    0.2487       640
weighted avg     0.2548    0.2562    0.2487       640


Confusion Matrix (rows = true, cols = predicted):
             P_No Thrust  P_Chemical  P_Electric  P_Impulsive
T_No Thrust           34          57          47           22
T_Chemical            33          60          41           26
T_Electric            34          57          47           22
T_Impulsive           34          59          44           23

Mamba Inference Time	Elapsed time is 0.3474 seconds.
