Processing datasets for vleo with 10 minutes and 800 random systems.
GPU is available
Training data location: /home/hunter/git/GMAT-Thrust-Data/data/classification/vleo/10min-800
Test data location: /home/hunter/git/GMAT-Thrust-Data/data/classification/vleo/10min-800

Entering Decision Trees Training Loop

	Elapsed time is 0.1687 seconds.

==========================================================================================
Total parameters: NaN
Total memory (bytes): 357791
Total memory (MB): 0.3412160873413086
==========================================================================================

Decision Trees Validation
Validation Loss: 1.3926, Validation Accuracy: 25.00%

Per-Class Validation Accuracy:
  No Thrust: 20.00% (32/160)
  Chemical: 17.50% (28/160)
  Electric: 29.38% (47/160)
  Impulsive: 33.12% (53/160)

Classification Report:
              precision    recall  f1-score   support

   No Thrust     0.2500    0.2000    0.2222       160
    Chemical     0.2435    0.1750    0.2036       160
    Electric     0.2554    0.2938    0.2733       160
   Impulsive     0.2488    0.3312    0.2842       160

    accuracy                         0.2500       640
   macro avg     0.2494    0.2500    0.2458       640
weighted avg     0.2494    0.2500    0.2458       640


Confusion Matrix (rows = true, cols = predicted):
             P_No Thrust  P_Chemical  P_Electric  P_Impulsive
T_No Thrust           32          28          47           53
T_Chemical            33          28          45           54
T_Electric            32          28          47           53
T_Impulsive           31          31          45           53

Decision Trees Inference Time	Elapsed time is 0.0200 seconds.

Entering Nearest Neighbor Training Loop

	Elapsed time is 0.0617 seconds.

==========================================================================================
Total parameters: NaN (non-parametric model)
Total memory (bytes): 3591167
Total memory (MB): 3.4248
==========================================================================================

1-NN Validation
Validation Loss: NaN, Validation Accuracy: 26.41%

Per-Class Validation Accuracy:
  No Thrust: 40.00% (64/160)
  Chemical: 13.75% (22/160)
  Electric: 45.62% (73/160)
  Impulsive: 6.25% (10/160)

Classification Report:
              precision    recall  f1-score   support

   No Thrust     0.2540    0.4000    0.3107       160
    Chemical     0.2472    0.1375    0.1767       160
    Electric     0.2552    0.4562    0.3274       160
   Impulsive     0.7692    0.0625    0.1156       160

    accuracy                         0.2641       640
   macro avg     0.3814    0.2641    0.2326       640
weighted avg     0.3814    0.2641    0.2326       640


Confusion Matrix (rows = true, cols = predicted):
             P_No Thrust  P_Chemical  P_Electric  P_Impulsive
T_No Thrust           64          22          73            1
T_Chemical            64          22          73            1
T_Electric            64          22          73            1
T_Impulsive           60          23          67           10

1-NN Inference Time	Elapsed time is 0.7522 seconds.

Entering MiniRocket Training Loop

	Elapsed time is 4.0518 seconds.

==========================================================================================
Total parameters: 9996
Total memory (bytes): 606595
Total memory (MB): 0.5785
==========================================================================================

MiniRocket Validation
Validation Loss: NaN, Validation Accuracy: 27.66%

Per-Class Validation Accuracy:
  No Thrust: 25.00% (40/160)
  Chemical: 18.12% (29/160)
  Electric: 22.50% (36/160)
  Impulsive: 45.00% (72/160)

Classification Report:
              precision    recall  f1-score   support

   No Thrust     0.2740    0.2500    0.2614       160
    Chemical     0.2589    0.1812    0.2132       160
    Electric     0.2812    0.2250    0.2500       160
   Impulsive     0.2835    0.4500    0.3478       160

    accuracy                         0.2766       640
   macro avg     0.2744    0.2766    0.2681       640
weighted avg     0.2744    0.2766    0.2681       640


Confusion Matrix (rows = true, cols = predicted):
             P_No Thrust  P_Chemical  P_Electric  P_Impulsive
T_No Thrust           40          27          31           62
T_Chemical            40          29          33           58
T_Electric            36          26          36           62
T_Impulsive           30          30          28           72

MiniRocket Inference Time	Elapsed time is 1.2940 seconds.

Entering LSTM Training Loop
Epoch [1/100], Training Loss: 1.3902
Validation Loss: 1.3868, Validation Accuracy: 25.00%

Per-Class Validation Accuracy:
  No Thrust: 0.00% (0/160)
  Chemical: 0.00% (0/160)
  Electric: 0.00% (0/160)
  Impulsive: 100.00% (160/160)
Epoch [2/100], Training Loss: 1.3885
Validation Loss: 1.3864, Validation Accuracy: 25.00%

Per-Class Validation Accuracy:
  No Thrust: 0.00% (0/160)
  Chemical: 10.00% (16/160)
  Electric: 0.00% (0/160)
  Impulsive: 90.00% (144/160)
Epoch [3/100], Training Loss: 1.3871
Validation Loss: 1.3863, Validation Accuracy: 25.00%

Per-Class Validation Accuracy:
  No Thrust: 10.00% (16/160)
  Chemical: 0.00% (0/160)
  Electric: 60.00% (96/160)
  Impulsive: 30.00% (48/160)
Epoch [4/100], Training Loss: 1.3892
Validation Loss: 1.3864, Validation Accuracy: 25.00%

Per-Class Validation Accuracy:
  No Thrust: 0.00% (0/160)
  Chemical: 100.00% (160/160)
  Electric: 0.00% (0/160)
  Impulsive: 0.00% (0/160)
Epoch [5/100], Training Loss: 1.3880
Validation Loss: 1.3864, Validation Accuracy: 25.00%

Per-Class Validation Accuracy:
  No Thrust: 0.00% (0/160)
  Chemical: 0.00% (0/160)
  Electric: 0.00% (0/160)
  Impulsive: 100.00% (160/160)
Epoch [6/100], Training Loss: 1.3860
Validation Loss: 1.3863, Validation Accuracy: 25.00%

Per-Class Validation Accuracy:
  No Thrust: 80.00% (128/160)
  Chemical: 0.00% (0/160)
  Electric: 20.00% (32/160)
  Impulsive: 0.00% (0/160)
Epoch [7/100], Training Loss: 1.3891
Validation Loss: 1.3864, Validation Accuracy: 25.00%

Per-Class Validation Accuracy:
  No Thrust: 0.00% (0/160)
  Chemical: 0.00% (0/160)
  Electric: 0.00% (0/160)
  Impulsive: 100.00% (160/160)
Epoch [8/100], Training Loss: 1.3886
Validation Loss: 1.3864, Validation Accuracy: 25.00%

Per-Class Validation Accuracy:
  No Thrust: 0.00% (0/160)
  Chemical: 90.00% (144/160)
  Electric: 10.00% (16/160)
  Impulsive: 0.00% (0/160)
Epoch [9/100], Training Loss: 1.3869
Validation Loss: 1.3863, Validation Accuracy: 25.00%

Per-Class Validation Accuracy:
  No Thrust: 0.00% (0/160)
  Chemical: 40.00% (64/160)
  Electric: 30.00% (48/160)
  Impulsive: 30.00% (48/160)
Epoch [10/100], Training Loss: 1.3865
Validation Loss: 1.3863, Validation Accuracy: 25.00%

Per-Class Validation Accuracy:
  No Thrust: 30.00% (48/160)
  Chemical: 30.00% (48/160)
  Electric: 40.00% (64/160)
  Impulsive: 0.00% (0/160)
Epoch [11/100], Training Loss: 1.3872
Validation Loss: 1.3864, Validation Accuracy: 25.00%

Per-Class Validation Accuracy:
  No Thrust: 0.00% (0/160)
  Chemical: 70.00% (112/160)
  Electric: 10.00% (16/160)
  Impulsive: 20.00% (32/160)
Epoch [12/100], Training Loss: 1.3867
Validation Loss: 1.3864, Validation Accuracy: 25.00%

Per-Class Validation Accuracy:
  No Thrust: 0.00% (0/160)
  Chemical: 90.00% (144/160)
  Electric: 10.00% (16/160)
  Impulsive: 0.00% (0/160)
Epoch [13/100], Training Loss: 1.3871
Validation Loss: 1.3863, Validation Accuracy: 25.00%

Per-Class Validation Accuracy:
  No Thrust: 0.00% (0/160)
  Chemical: 40.00% (64/160)
  Electric: 30.00% (48/160)
  Impulsive: 30.00% (48/160)
Epoch [14/100], Training Loss: 1.3867
Validation Loss: 1.3863, Validation Accuracy: 25.00%

Per-Class Validation Accuracy:
  No Thrust: 70.00% (112/160)
  Chemical: 0.00% (0/160)
  Electric: 30.00% (48/160)
  Impulsive: 0.00% (0/160)
Epoch [15/100], Training Loss: 1.3863
Validation Loss: 1.3863, Validation Accuracy: 25.00%

Per-Class Validation Accuracy:
  No Thrust: 0.00% (0/160)
  Chemical: 20.00% (32/160)
  Electric: 50.00% (80/160)
  Impulsive: 30.00% (48/160)
Epoch [16/100], Training Loss: 1.3862
Validation Loss: 1.3863, Validation Accuracy: 25.00%

Per-Class Validation Accuracy:
  No Thrust: 0.00% (0/160)
  Chemical: 36.88% (59/160)
  Electric: 43.12% (69/160)
  Impulsive: 20.00% (32/160)
Epoch [17/100], Training Loss: 1.3866
Validation Loss: 1.3863, Validation Accuracy: 25.00%

Per-Class Validation Accuracy:
  No Thrust: 30.00% (48/160)
  Chemical: 10.00% (16/160)
  Electric: 60.00% (96/160)
  Impulsive: 0.00% (0/160)
Epoch [18/100], Training Loss: 1.3870
Validation Loss: 1.3864, Validation Accuracy: 25.00%

Per-Class Validation Accuracy:
  No Thrust: 10.00% (16/160)
  Chemical: 10.00% (16/160)
  Electric: 70.00% (112/160)
  Impulsive: 10.00% (16/160)
Epoch [19/100], Training Loss: 1.3868
Validation Loss: 1.3863, Validation Accuracy: 25.00%

Per-Class Validation Accuracy:
  No Thrust: 0.00% (0/160)
  Chemical: 0.00% (0/160)
  Electric: 50.00% (80/160)
  Impulsive: 50.00% (80/160)
Early stopping triggered.

	Elapsed time is 3.7482 seconds.

==========================================================================================
Total parameters: 18004
Total memory (bytes): 144032
Total memory (MB): 0.137359619140625
==========================================================================================

LSTM Validation
Validation Loss: 1.3863, Validation Accuracy: 25.00%

Per-Class Validation Accuracy:
  No Thrust: 0.00% (0/160)
  Chemical: 0.00% (0/160)
  Electric: 50.00% (80/160)
  Impulsive: 50.00% (80/160)

Classification Report:
              precision    recall  f1-score   support

   No Thrust     0.0000    0.0000    0.0000       160
    Chemical     0.0000    0.0000    0.0000       160
    Electric     0.2500    0.5000    0.3333       160
   Impulsive     0.2500    0.5000    0.3333       160

    accuracy                         0.2500       640
   macro avg     0.1250    0.2500    0.1667       640
weighted avg     0.1250    0.2500    0.1667       640


Confusion Matrix (rows = true, cols = predicted):
             P_No Thrust  P_Chemical  P_Electric  P_Impulsive
T_No Thrust            0           0          80           80
T_Chemical             0           0          80           80
T_Electric             0           0          80           80
T_Impulsive            0           0          80           80

LSTM Inference Time	Elapsed time is 0.0912 seconds.

Entering Mamba Training Loop
Epoch [1/100], Training Loss: 1.3889
Validation Loss: 1.3873, Validation Accuracy: 25.00%

Per-Class Validation Accuracy:
  No Thrust: 6.25% (10/160)
  Chemical: 74.38% (119/160)
  Electric: 0.00% (0/160)
  Impulsive: 19.38% (31/160)
Epoch [2/100], Training Loss: 1.3881
Validation Loss: 1.3870, Validation Accuracy: 25.00%

Per-Class Validation Accuracy:
  No Thrust: 5.62% (9/160)
  Chemical: 67.50% (108/160)
  Electric: 1.25% (2/160)
  Impulsive: 25.62% (41/160)
Epoch [3/100], Training Loss: 1.3888
Validation Loss: 1.3870, Validation Accuracy: 25.00%

Per-Class Validation Accuracy:
  No Thrust: 6.88% (11/160)
  Chemical: 60.00% (96/160)
  Electric: 1.25% (2/160)
  Impulsive: 31.88% (51/160)
Epoch [4/100], Training Loss: 1.3876
Validation Loss: 1.3869, Validation Accuracy: 25.00%

Per-Class Validation Accuracy:
  No Thrust: 11.25% (18/160)
  Chemical: 66.25% (106/160)
  Electric: 1.25% (2/160)
  Impulsive: 21.25% (34/160)
Epoch [5/100], Training Loss: 1.3874
Validation Loss: 1.3866, Validation Accuracy: 25.00%

Per-Class Validation Accuracy:
  No Thrust: 12.50% (20/160)
  Chemical: 56.25% (90/160)
  Electric: 1.88% (3/160)
  Impulsive: 29.38% (47/160)
Epoch [6/100], Training Loss: 1.3877
Validation Loss: 1.3866, Validation Accuracy: 25.00%

Per-Class Validation Accuracy:
  No Thrust: 8.75% (14/160)
  Chemical: 69.38% (111/160)
  Electric: 1.88% (3/160)
  Impulsive: 20.00% (32/160)
Epoch [7/100], Training Loss: 1.3876
Validation Loss: 1.3865, Validation Accuracy: 25.00%

Per-Class Validation Accuracy:
  No Thrust: 15.62% (25/160)
  Chemical: 60.62% (97/160)
  Electric: 1.88% (3/160)
  Impulsive: 21.88% (35/160)
Epoch [8/100], Training Loss: 1.3870
Validation Loss: 1.3865, Validation Accuracy: 25.31%

Per-Class Validation Accuracy:
  No Thrust: 14.38% (23/160)
  Chemical: 55.62% (89/160)
  Electric: 6.25% (10/160)
  Impulsive: 25.00% (40/160)
Epoch [9/100], Training Loss: 1.3873
Validation Loss: 1.3865, Validation Accuracy: 25.00%

Per-Class Validation Accuracy:
  No Thrust: 25.00% (40/160)
  Chemical: 47.50% (76/160)
  Electric: 6.25% (10/160)
  Impulsive: 21.25% (34/160)
Epoch [10/100], Training Loss: 1.3873
Validation Loss: 1.3865, Validation Accuracy: 25.16%

Per-Class Validation Accuracy:
  No Thrust: 15.62% (25/160)
  Chemical: 61.88% (99/160)
  Electric: 2.50% (4/160)
  Impulsive: 20.62% (33/160)
Epoch [11/100], Training Loss: 1.3875
Validation Loss: 1.3865, Validation Accuracy: 25.00%

Per-Class Validation Accuracy:
  No Thrust: 17.50% (28/160)
  Chemical: 45.62% (73/160)
  Electric: 1.88% (3/160)
  Impulsive: 35.00% (56/160)
Epoch [12/100], Training Loss: 1.3867
Validation Loss: 1.3864, Validation Accuracy: 25.00%

Per-Class Validation Accuracy:
  No Thrust: 15.00% (24/160)
  Chemical: 56.25% (90/160)
  Electric: 8.12% (13/160)
  Impulsive: 20.62% (33/160)
Epoch [13/100], Training Loss: 1.3868
Validation Loss: 1.3864, Validation Accuracy: 25.00%

Per-Class Validation Accuracy:
  No Thrust: 13.75% (22/160)
  Chemical: 45.00% (72/160)
  Electric: 12.50% (20/160)
  Impulsive: 28.75% (46/160)
Epoch [14/100], Training Loss: 1.3870
Validation Loss: 1.3864, Validation Accuracy: 25.16%

Per-Class Validation Accuracy:
  No Thrust: 15.00% (24/160)
  Chemical: 50.00% (80/160)
  Electric: 6.88% (11/160)
  Impulsive: 28.75% (46/160)
Epoch [15/100], Training Loss: 1.3865
Validation Loss: 1.3864, Validation Accuracy: 25.16%

Per-Class Validation Accuracy:
  No Thrust: 18.12% (29/160)
  Chemical: 45.00% (72/160)
  Electric: 10.00% (16/160)
  Impulsive: 27.50% (44/160)
Epoch [16/100], Training Loss: 1.3867
Validation Loss: 1.3864, Validation Accuracy: 25.00%

Per-Class Validation Accuracy:
  No Thrust: 17.50% (28/160)
  Chemical: 49.38% (79/160)
  Electric: 10.62% (17/160)
  Impulsive: 22.50% (36/160)
Epoch [17/100], Training Loss: 1.3867
Validation Loss: 1.3864, Validation Accuracy: 25.16%

Per-Class Validation Accuracy:
  No Thrust: 18.12% (29/160)
  Chemical: 45.00% (72/160)
  Electric: 13.12% (21/160)
  Impulsive: 24.38% (39/160)
Epoch [18/100], Training Loss: 1.3868
Validation Loss: 1.3864, Validation Accuracy: 25.16%

Per-Class Validation Accuracy:
  No Thrust: 20.00% (32/160)
  Chemical: 41.25% (66/160)
  Electric: 14.38% (23/160)
  Impulsive: 25.00% (40/160)
Epoch [19/100], Training Loss: 1.3872
Validation Loss: 1.3864, Validation Accuracy: 25.00%

Per-Class Validation Accuracy:
  No Thrust: 16.88% (27/160)
  Chemical: 48.75% (78/160)
  Electric: 15.62% (25/160)
  Impulsive: 18.75% (30/160)
Epoch [20/100], Training Loss: 1.3869
Validation Loss: 1.3864, Validation Accuracy: 25.00%

Per-Class Validation Accuracy:
  No Thrust: 15.00% (24/160)
  Chemical: 45.62% (73/160)
  Electric: 12.50% (20/160)
  Impulsive: 26.88% (43/160)
Epoch [21/100], Training Loss: 1.3861
Validation Loss: 1.3864, Validation Accuracy: 25.16%

Per-Class Validation Accuracy:
  No Thrust: 16.88% (27/160)
  Chemical: 38.75% (62/160)
  Electric: 14.38% (23/160)
  Impulsive: 30.62% (49/160)
Epoch [22/100], Training Loss: 1.3868
Validation Loss: 1.3864, Validation Accuracy: 25.00%

Per-Class Validation Accuracy:
  No Thrust: 15.00% (24/160)
  Chemical: 41.25% (66/160)
  Electric: 14.38% (23/160)
  Impulsive: 29.38% (47/160)
Epoch [23/100], Training Loss: 1.3864
Validation Loss: 1.3863, Validation Accuracy: 25.00%

Per-Class Validation Accuracy:
  No Thrust: 16.88% (27/160)
  Chemical: 38.12% (61/160)
  Electric: 15.00% (24/160)
  Impulsive: 30.00% (48/160)
Epoch [24/100], Training Loss: 1.3860
Validation Loss: 1.3863, Validation Accuracy: 25.16%

Per-Class Validation Accuracy:
  No Thrust: 15.62% (25/160)
  Chemical: 41.25% (66/160)
  Electric: 16.25% (26/160)
  Impulsive: 27.50% (44/160)
Epoch [25/100], Training Loss: 1.3870
Validation Loss: 1.3864, Validation Accuracy: 25.00%

Per-Class Validation Accuracy:
  No Thrust: 18.12% (29/160)
  Chemical: 41.25% (66/160)
  Electric: 12.50% (20/160)
  Impulsive: 28.12% (45/160)
Epoch [26/100], Training Loss: 1.3869
Validation Loss: 1.3863, Validation Accuracy: 25.00%

Per-Class Validation Accuracy:
  No Thrust: 16.25% (26/160)
  Chemical: 38.75% (62/160)
  Electric: 15.62% (25/160)
  Impulsive: 29.38% (47/160)
Epoch [27/100], Training Loss: 1.3870
Validation Loss: 1.3863, Validation Accuracy: 25.00%

Per-Class Validation Accuracy:
  No Thrust: 15.00% (24/160)
  Chemical: 37.50% (60/160)
  Electric: 19.38% (31/160)
  Impulsive: 28.12% (45/160)
Epoch [28/100], Training Loss: 1.3862
Validation Loss: 1.3863, Validation Accuracy: 25.00%

Per-Class Validation Accuracy:
  No Thrust: 16.25% (26/160)
  Chemical: 40.62% (65/160)
  Electric: 16.25% (26/160)
  Impulsive: 26.88% (43/160)
Epoch [29/100], Training Loss: 1.3862
Validation Loss: 1.3863, Validation Accuracy: 25.16%

Per-Class Validation Accuracy:
  No Thrust: 15.00% (24/160)
  Chemical: 43.12% (69/160)
  Electric: 15.00% (24/160)
  Impulsive: 27.50% (44/160)
Epoch [30/100], Training Loss: 1.3862
Validation Loss: 1.3863, Validation Accuracy: 25.16%

Per-Class Validation Accuracy:
  No Thrust: 15.00% (24/160)
  Chemical: 44.38% (71/160)
  Electric: 15.00% (24/160)
  Impulsive: 26.25% (42/160)
Epoch [31/100], Training Loss: 1.3865
Validation Loss: 1.3863, Validation Accuracy: 24.84%

Per-Class Validation Accuracy:
  No Thrust: 15.62% (25/160)
  Chemical: 38.12% (61/160)
  Electric: 19.38% (31/160)
  Impulsive: 26.25% (42/160)
Epoch [32/100], Training Loss: 1.3867
Validation Loss: 1.3863, Validation Accuracy: 25.00%

Per-Class Validation Accuracy:
  No Thrust: 15.00% (24/160)
  Chemical: 39.38% (63/160)
  Electric: 18.12% (29/160)
  Impulsive: 27.50% (44/160)
Epoch [33/100], Training Loss: 1.3866
Validation Loss: 1.3863, Validation Accuracy: 24.84%

Per-Class Validation Accuracy:
  No Thrust: 16.25% (26/160)
  Chemical: 37.50% (60/160)
  Electric: 15.62% (25/160)
  Impulsive: 30.00% (48/160)
Epoch [34/100], Training Loss: 1.3864
Validation Loss: 1.3863, Validation Accuracy: 25.00%

Per-Class Validation Accuracy:
  No Thrust: 15.00% (24/160)
  Chemical: 40.00% (64/160)
  Electric: 16.25% (26/160)
  Impulsive: 28.75% (46/160)
Epoch [35/100], Training Loss: 1.3859
Validation Loss: 1.3863, Validation Accuracy: 25.00%

Per-Class Validation Accuracy:
  No Thrust: 18.75% (30/160)
  Chemical: 33.75% (54/160)
  Electric: 16.88% (27/160)
  Impulsive: 30.62% (49/160)
Epoch [36/100], Training Loss: 1.3866
Validation Loss: 1.3863, Validation Accuracy: 24.69%

Per-Class Validation Accuracy:
  No Thrust: 15.62% (25/160)
  Chemical: 37.50% (60/160)
  Electric: 18.12% (29/160)
  Impulsive: 27.50% (44/160)
Epoch [37/100], Training Loss: 1.3862
Validation Loss: 1.3863, Validation Accuracy: 25.00%

Per-Class Validation Accuracy:
  No Thrust: 17.50% (28/160)
  Chemical: 35.00% (56/160)
  Electric: 18.12% (29/160)
  Impulsive: 29.38% (47/160)
Epoch [38/100], Training Loss: 1.3863
Validation Loss: 1.3863, Validation Accuracy: 25.00%

Per-Class Validation Accuracy:
  No Thrust: 18.75% (30/160)
  Chemical: 31.25% (50/160)
  Electric: 20.00% (32/160)
  Impulsive: 30.00% (48/160)
Epoch [39/100], Training Loss: 1.3868
Validation Loss: 1.3863, Validation Accuracy: 25.00%

Per-Class Validation Accuracy:
  No Thrust: 19.38% (31/160)
  Chemical: 33.12% (53/160)
  Electric: 21.25% (34/160)
  Impulsive: 26.25% (42/160)
Epoch [40/100], Training Loss: 1.3865
Validation Loss: 1.3863, Validation Accuracy: 25.00%

Per-Class Validation Accuracy:
  No Thrust: 19.38% (31/160)
  Chemical: 32.50% (52/160)
  Electric: 20.62% (33/160)
  Impulsive: 27.50% (44/160)
Epoch [41/100], Training Loss: 1.3864
Validation Loss: 1.3863, Validation Accuracy: 25.00%

Per-Class Validation Accuracy:
  No Thrust: 19.38% (31/160)
  Chemical: 33.12% (53/160)
  Electric: 20.00% (32/160)
  Impulsive: 27.50% (44/160)
Epoch [42/100], Training Loss: 1.3864
Validation Loss: 1.3863, Validation Accuracy: 25.00%

Per-Class Validation Accuracy:
  No Thrust: 18.75% (30/160)
  Chemical: 32.50% (52/160)
  Electric: 21.25% (34/160)
  Impulsive: 27.50% (44/160)
Epoch [43/100], Training Loss: 1.3867
Validation Loss: 1.3863, Validation Accuracy: 25.00%

Per-Class Validation Accuracy:
  No Thrust: 18.75% (30/160)
  Chemical: 31.88% (51/160)
  Electric: 21.25% (34/160)
  Impulsive: 28.12% (45/160)
Epoch [44/100], Training Loss: 1.3862
Validation Loss: 1.3863, Validation Accuracy: 25.00%

Per-Class Validation Accuracy:
  No Thrust: 18.75% (30/160)
  Chemical: 32.50% (52/160)
  Electric: 20.00% (32/160)
  Impulsive: 28.75% (46/160)
Epoch [45/100], Training Loss: 1.3863
Validation Loss: 1.3863, Validation Accuracy: 24.84%

Per-Class Validation Accuracy:
  No Thrust: 17.50% (28/160)
  Chemical: 34.38% (55/160)
  Electric: 20.62% (33/160)
  Impulsive: 26.88% (43/160)
Epoch [46/100], Training Loss: 1.3864
Validation Loss: 1.3863, Validation Accuracy: 25.00%

Per-Class Validation Accuracy:
  No Thrust: 18.12% (29/160)
  Chemical: 33.12% (53/160)
  Electric: 21.25% (34/160)
  Impulsive: 27.50% (44/160)
Epoch [47/100], Training Loss: 1.3864
Validation Loss: 1.3863, Validation Accuracy: 25.00%

Per-Class Validation Accuracy:
  No Thrust: 19.38% (31/160)
  Chemical: 32.50% (52/160)
  Electric: 21.25% (34/160)
  Impulsive: 26.88% (43/160)
Epoch [48/100], Training Loss: 1.3865
Validation Loss: 1.3863, Validation Accuracy: 25.00%

Per-Class Validation Accuracy:
  No Thrust: 18.75% (30/160)
  Chemical: 33.12% (53/160)
  Electric: 21.25% (34/160)
  Impulsive: 26.88% (43/160)
Epoch [49/100], Training Loss: 1.3865
Validation Loss: 1.3863, Validation Accuracy: 24.84%

Per-Class Validation Accuracy:
  No Thrust: 18.75% (30/160)
  Chemical: 31.88% (51/160)
  Electric: 21.25% (34/160)
  Impulsive: 27.50% (44/160)
Epoch [50/100], Training Loss: 1.3862
Validation Loss: 1.3863, Validation Accuracy: 25.16%

Per-Class Validation Accuracy:
  No Thrust: 18.75% (30/160)
  Chemical: 32.50% (52/160)
  Electric: 21.25% (34/160)
  Impulsive: 28.12% (45/160)
Epoch [51/100], Training Loss: 1.3863
Validation Loss: 1.3863, Validation Accuracy: 25.00%

Per-Class Validation Accuracy:
  No Thrust: 19.38% (31/160)
  Chemical: 33.12% (53/160)
  Electric: 21.25% (34/160)
  Impulsive: 26.25% (42/160)
Epoch [52/100], Training Loss: 1.3862
Validation Loss: 1.3863, Validation Accuracy: 25.16%

Per-Class Validation Accuracy:
  No Thrust: 18.75% (30/160)
  Chemical: 33.12% (53/160)
  Electric: 21.25% (34/160)
  Impulsive: 27.50% (44/160)
Epoch [53/100], Training Loss: 1.3867
Validation Loss: 1.3863, Validation Accuracy: 25.16%

Per-Class Validation Accuracy:
  No Thrust: 18.75% (30/160)
  Chemical: 33.12% (53/160)
  Electric: 21.25% (34/160)
  Impulsive: 27.50% (44/160)
Epoch [54/100], Training Loss: 1.3860
Validation Loss: 1.3863, Validation Accuracy: 25.31%

Per-Class Validation Accuracy:
  No Thrust: 19.38% (31/160)
  Chemical: 33.12% (53/160)
  Electric: 21.25% (34/160)
  Impulsive: 27.50% (44/160)
Epoch [55/100], Training Loss: 1.3858
Validation Loss: 1.3863, Validation Accuracy: 25.16%

Per-Class Validation Accuracy:
  No Thrust: 19.38% (31/160)
  Chemical: 33.12% (53/160)
  Electric: 21.25% (34/160)
  Impulsive: 26.88% (43/160)
Epoch [56/100], Training Loss: 1.3864
Validation Loss: 1.3863, Validation Accuracy: 25.31%

Per-Class Validation Accuracy:
  No Thrust: 19.38% (31/160)
  Chemical: 33.12% (53/160)
  Electric: 21.25% (34/160)
  Impulsive: 27.50% (44/160)
Epoch [57/100], Training Loss: 1.3866
Validation Loss: 1.3863, Validation Accuracy: 25.00%

Per-Class Validation Accuracy:
  No Thrust: 18.75% (30/160)
  Chemical: 32.50% (52/160)
  Electric: 21.25% (34/160)
  Impulsive: 27.50% (44/160)
Epoch [58/100], Training Loss: 1.3864
Validation Loss: 1.3863, Validation Accuracy: 25.00%

Per-Class Validation Accuracy:
  No Thrust: 18.75% (30/160)
  Chemical: 32.50% (52/160)
  Electric: 21.25% (34/160)
  Impulsive: 27.50% (44/160)
Epoch [59/100], Training Loss: 1.3863
Validation Loss: 1.3863, Validation Accuracy: 25.00%

Per-Class Validation Accuracy:
  No Thrust: 18.75% (30/160)
  Chemical: 32.50% (52/160)
  Electric: 21.25% (34/160)
  Impulsive: 27.50% (44/160)
Epoch [60/100], Training Loss: 1.3865
Validation Loss: 1.3863, Validation Accuracy: 25.00%

Per-Class Validation Accuracy:
  No Thrust: 18.75% (30/160)
  Chemical: 32.50% (52/160)
  Electric: 21.25% (34/160)
  Impulsive: 27.50% (44/160)
Epoch [61/100], Training Loss: 1.3867
Validation Loss: 1.3863, Validation Accuracy: 25.00%

Per-Class Validation Accuracy:
  No Thrust: 18.75% (30/160)
  Chemical: 32.50% (52/160)
  Electric: 21.25% (34/160)
  Impulsive: 27.50% (44/160)
Epoch [62/100], Training Loss: 1.3863
Validation Loss: 1.3863, Validation Accuracy: 25.00%

Per-Class Validation Accuracy:
  No Thrust: 18.75% (30/160)
  Chemical: 32.50% (52/160)
  Electric: 21.25% (34/160)
  Impulsive: 27.50% (44/160)
Epoch [63/100], Training Loss: 1.3864
Validation Loss: 1.3863, Validation Accuracy: 25.00%

Per-Class Validation Accuracy:
  No Thrust: 18.75% (30/160)
  Chemical: 32.50% (52/160)
  Electric: 21.25% (34/160)
  Impulsive: 27.50% (44/160)
Epoch [64/100], Training Loss: 1.3859
Validation Loss: 1.3863, Validation Accuracy: 25.00%

Per-Class Validation Accuracy:
  No Thrust: 18.75% (30/160)
  Chemical: 32.50% (52/160)
  Electric: 21.25% (34/160)
  Impulsive: 27.50% (44/160)
Epoch [65/100], Training Loss: 1.3864
Validation Loss: 1.3863, Validation Accuracy: 25.00%

Per-Class Validation Accuracy:
  No Thrust: 18.75% (30/160)
  Chemical: 32.50% (52/160)
  Electric: 21.25% (34/160)
  Impulsive: 27.50% (44/160)
Epoch [66/100], Training Loss: 1.3866
Validation Loss: 1.3863, Validation Accuracy: 25.00%

Per-Class Validation Accuracy:
  No Thrust: 18.75% (30/160)
  Chemical: 32.50% (52/160)
  Electric: 21.25% (34/160)
  Impulsive: 27.50% (44/160)
Epoch [67/100], Training Loss: 1.3862
Validation Loss: 1.3863, Validation Accuracy: 25.00%

Per-Class Validation Accuracy:
  No Thrust: 18.75% (30/160)
  Chemical: 32.50% (52/160)
  Electric: 21.25% (34/160)
  Impulsive: 27.50% (44/160)
Epoch [68/100], Training Loss: 1.3864
Validation Loss: 1.3863, Validation Accuracy: 25.00%

Per-Class Validation Accuracy:
  No Thrust: 18.75% (30/160)
  Chemical: 32.50% (52/160)
  Electric: 21.25% (34/160)
  Impulsive: 27.50% (44/160)
Epoch [69/100], Training Loss: 1.3869
Validation Loss: 1.3863, Validation Accuracy: 25.00%

Per-Class Validation Accuracy:
  No Thrust: 18.75% (30/160)
  Chemical: 32.50% (52/160)
  Electric: 21.25% (34/160)
  Impulsive: 27.50% (44/160)
Epoch [70/100], Training Loss: 1.3863
Validation Loss: 1.3863, Validation Accuracy: 25.00%

Per-Class Validation Accuracy:
  No Thrust: 18.75% (30/160)
  Chemical: 32.50% (52/160)
  Electric: 21.25% (34/160)
  Impulsive: 27.50% (44/160)
Epoch [71/100], Training Loss: 1.3864
Validation Loss: 1.3863, Validation Accuracy: 25.00%

Per-Class Validation Accuracy:
  No Thrust: 18.75% (30/160)
  Chemical: 32.50% (52/160)
  Electric: 21.25% (34/160)
  Impulsive: 27.50% (44/160)
Epoch [72/100], Training Loss: 1.3862
Validation Loss: 1.3863, Validation Accuracy: 25.00%

Per-Class Validation Accuracy:
  No Thrust: 18.75% (30/160)
  Chemical: 32.50% (52/160)
  Electric: 21.25% (34/160)
  Impulsive: 27.50% (44/160)
Epoch [73/100], Training Loss: 1.3864
Validation Loss: 1.3863, Validation Accuracy: 25.00%

Per-Class Validation Accuracy:
  No Thrust: 18.75% (30/160)
  Chemical: 32.50% (52/160)
  Electric: 21.25% (34/160)
  Impulsive: 27.50% (44/160)
Epoch [74/100], Training Loss: 1.3861
Validation Loss: 1.3863, Validation Accuracy: 25.00%

Per-Class Validation Accuracy:
  No Thrust: 18.75% (30/160)
  Chemical: 32.50% (52/160)
  Electric: 21.25% (34/160)
  Impulsive: 27.50% (44/160)
Epoch [75/100], Training Loss: 1.3865
Validation Loss: 1.3863, Validation Accuracy: 25.00%

Per-Class Validation Accuracy:
  No Thrust: 18.75% (30/160)
  Chemical: 32.50% (52/160)
  Electric: 21.25% (34/160)
  Impulsive: 27.50% (44/160)
Epoch [76/100], Training Loss: 1.3866
Validation Loss: 1.3863, Validation Accuracy: 25.00%

Per-Class Validation Accuracy:
  No Thrust: 18.75% (30/160)
  Chemical: 32.50% (52/160)
  Electric: 21.25% (34/160)
  Impulsive: 27.50% (44/160)
Epoch [77/100], Training Loss: 1.3862
Validation Loss: 1.3863, Validation Accuracy: 25.00%

Per-Class Validation Accuracy:
  No Thrust: 18.75% (30/160)
  Chemical: 32.50% (52/160)
  Electric: 21.25% (34/160)
  Impulsive: 27.50% (44/160)
Epoch [78/100], Training Loss: 1.3864
Validation Loss: 1.3863, Validation Accuracy: 25.00%

Per-Class Validation Accuracy:
  No Thrust: 18.75% (30/160)
  Chemical: 32.50% (52/160)
  Electric: 21.25% (34/160)
  Impulsive: 27.50% (44/160)
Epoch [79/100], Training Loss: 1.3862
Validation Loss: 1.3863, Validation Accuracy: 25.00%

Per-Class Validation Accuracy:
  No Thrust: 18.75% (30/160)
  Chemical: 32.50% (52/160)
  Electric: 21.25% (34/160)
  Impulsive: 27.50% (44/160)
Epoch [80/100], Training Loss: 1.3866
Validation Loss: 1.3863, Validation Accuracy: 25.00%

Per-Class Validation Accuracy:
  No Thrust: 18.75% (30/160)
  Chemical: 32.50% (52/160)
  Electric: 21.25% (34/160)
  Impulsive: 27.50% (44/160)
Epoch [81/100], Training Loss: 1.3865
Validation Loss: 1.3863, Validation Accuracy: 25.00%

Per-Class Validation Accuracy:
  No Thrust: 18.75% (30/160)
  Chemical: 32.50% (52/160)
  Electric: 21.25% (34/160)
  Impulsive: 27.50% (44/160)
Epoch [82/100], Training Loss: 1.3864
Validation Loss: 1.3863, Validation Accuracy: 25.00%

Per-Class Validation Accuracy:
  No Thrust: 18.75% (30/160)
  Chemical: 32.50% (52/160)
  Electric: 21.25% (34/160)
  Impulsive: 27.50% (44/160)
Epoch [83/100], Training Loss: 1.3867
Validation Loss: 1.3863, Validation Accuracy: 25.00%

Per-Class Validation Accuracy:
  No Thrust: 18.75% (30/160)
  Chemical: 32.50% (52/160)
  Electric: 21.25% (34/160)
  Impulsive: 27.50% (44/160)
Epoch [84/100], Training Loss: 1.3865
Validation Loss: 1.3863, Validation Accuracy: 25.00%

Per-Class Validation Accuracy:
  No Thrust: 18.75% (30/160)
  Chemical: 32.50% (52/160)
  Electric: 21.25% (34/160)
  Impulsive: 27.50% (44/160)
Epoch [85/100], Training Loss: 1.3860
Validation Loss: 1.3863, Validation Accuracy: 25.00%

Per-Class Validation Accuracy:
  No Thrust: 18.75% (30/160)
  Chemical: 32.50% (52/160)
  Electric: 21.25% (34/160)
  Impulsive: 27.50% (44/160)
Epoch [86/100], Training Loss: 1.3860
Validation Loss: 1.3863, Validation Accuracy: 25.00%

Per-Class Validation Accuracy:
  No Thrust: 18.75% (30/160)
  Chemical: 32.50% (52/160)
  Electric: 21.25% (34/160)
  Impulsive: 27.50% (44/160)
Epoch [87/100], Training Loss: 1.3865
Validation Loss: 1.3863, Validation Accuracy: 25.00%

Per-Class Validation Accuracy:
  No Thrust: 18.75% (30/160)
  Chemical: 32.50% (52/160)
  Electric: 21.25% (34/160)
  Impulsive: 27.50% (44/160)
Epoch [88/100], Training Loss: 1.3861
Validation Loss: 1.3863, Validation Accuracy: 25.00%

Per-Class Validation Accuracy:
  No Thrust: 18.75% (30/160)
  Chemical: 32.50% (52/160)
  Electric: 21.25% (34/160)
  Impulsive: 27.50% (44/160)
Epoch [89/100], Training Loss: 1.3862
Validation Loss: 1.3863, Validation Accuracy: 25.00%

Per-Class Validation Accuracy:
  No Thrust: 18.75% (30/160)
  Chemical: 32.50% (52/160)
  Electric: 21.25% (34/160)
  Impulsive: 27.50% (44/160)
Epoch [90/100], Training Loss: 1.3865
Validation Loss: 1.3863, Validation Accuracy: 25.00%

Per-Class Validation Accuracy:
  No Thrust: 18.75% (30/160)
  Chemical: 32.50% (52/160)
  Electric: 21.25% (34/160)
  Impulsive: 27.50% (44/160)
Epoch [91/100], Training Loss: 1.3862
Validation Loss: 1.3863, Validation Accuracy: 25.00%

Per-Class Validation Accuracy:
  No Thrust: 18.75% (30/160)
  Chemical: 32.50% (52/160)
  Electric: 21.25% (34/160)
  Impulsive: 27.50% (44/160)
Epoch [92/100], Training Loss: 1.3866
Validation Loss: 1.3863, Validation Accuracy: 25.00%

Per-Class Validation Accuracy:
  No Thrust: 18.75% (30/160)
  Chemical: 32.50% (52/160)
  Electric: 21.25% (34/160)
  Impulsive: 27.50% (44/160)
Epoch [93/100], Training Loss: 1.3862
Validation Loss: 1.3863, Validation Accuracy: 25.00%

Per-Class Validation Accuracy:
  No Thrust: 18.75% (30/160)
  Chemical: 32.50% (52/160)
  Electric: 21.25% (34/160)
  Impulsive: 27.50% (44/160)
Epoch [94/100], Training Loss: 1.3864
Validation Loss: 1.3863, Validation Accuracy: 25.00%

Per-Class Validation Accuracy:
  No Thrust: 18.75% (30/160)
  Chemical: 32.50% (52/160)
  Electric: 21.25% (34/160)
  Impulsive: 27.50% (44/160)
Epoch [95/100], Training Loss: 1.3866
Validation Loss: 1.3863, Validation Accuracy: 25.00%

Per-Class Validation Accuracy:
  No Thrust: 18.75% (30/160)
  Chemical: 32.50% (52/160)
  Electric: 21.25% (34/160)
  Impulsive: 27.50% (44/160)
Epoch [96/100], Training Loss: 1.3863
Validation Loss: 1.3863, Validation Accuracy: 25.00%

Per-Class Validation Accuracy:
  No Thrust: 18.75% (30/160)
  Chemical: 32.50% (52/160)
  Electric: 21.25% (34/160)
  Impulsive: 27.50% (44/160)
Epoch [97/100], Training Loss: 1.3861
Validation Loss: 1.3863, Validation Accuracy: 25.00%

Per-Class Validation Accuracy:
  No Thrust: 18.75% (30/160)
  Chemical: 32.50% (52/160)
  Electric: 21.25% (34/160)
  Impulsive: 27.50% (44/160)
Epoch [98/100], Training Loss: 1.3865
Validation Loss: 1.3863, Validation Accuracy: 25.00%

Per-Class Validation Accuracy:
  No Thrust: 18.75% (30/160)
  Chemical: 32.50% (52/160)
  Electric: 21.25% (34/160)
  Impulsive: 27.50% (44/160)
Epoch [99/100], Training Loss: 1.3867
Validation Loss: 1.3863, Validation Accuracy: 25.00%

Per-Class Validation Accuracy:
  No Thrust: 18.75% (30/160)
  Chemical: 32.50% (52/160)
  Electric: 21.25% (34/160)
  Impulsive: 27.50% (44/160)
Epoch [100/100], Training Loss: 1.3860
Validation Loss: 1.3863, Validation Accuracy: 25.00%

Per-Class Validation Accuracy:
  No Thrust: 18.75% (30/160)
  Chemical: 32.50% (52/160)
  Electric: 21.25% (34/160)
  Impulsive: 27.50% (44/160)

	Elapsed time is 34.6015 seconds.

==========================================================================================
Total parameters: 6106
Total memory (bytes): 48848
Total memory (MB): 0.0465850830078125
==========================================================================================

Mamba Validation
Validation Loss: 1.3863, Validation Accuracy: 25.00%

Per-Class Validation Accuracy:
  No Thrust: 18.75% (30/160)
  Chemical: 32.50% (52/160)
  Electric: 21.25% (34/160)
  Impulsive: 27.50% (44/160)

Classification Report:
              precision    recall  f1-score   support

   No Thrust     0.2500    0.1875    0.2143       160
    Chemical     0.2500    0.3250    0.2826       160
    Electric     0.2500    0.2125    0.2297       160
   Impulsive     0.2500    0.2750    0.2619       160

    accuracy                         0.2500       640
   macro avg     0.2500    0.2500    0.2471       640
weighted avg     0.2500    0.2500    0.2471       640


Confusion Matrix (rows = true, cols = predicted):
             P_No Thrust  P_Chemical  P_Electric  P_Impulsive
T_No Thrust           30          52          34           44
T_Chemical            30          52          34           44
T_Electric            30          52          34           44
T_Impulsive           30          52          34           44

Mamba Inference Time	Elapsed time is 0.1326 seconds.

Entering Transformer Training Loop
Epoch [1/100], Training Loss: 1.4736
Validation Loss: 1.3929, Validation Accuracy: 25.00%

Per-Class Validation Accuracy:
  No Thrust: 30.62% (49/160)
  Chemical: 41.25% (66/160)
  Electric: 21.25% (34/160)
  Impulsive: 6.88% (11/160)
Epoch [2/100], Training Loss: 1.4215
Validation Loss: 1.3956, Validation Accuracy: 25.00%

Per-Class Validation Accuracy:
  No Thrust: 61.88% (99/160)
  Chemical: 0.00% (0/160)
  Electric: 38.12% (61/160)
  Impulsive: 0.00% (0/160)
Epoch [3/100], Training Loss: 1.4156
Validation Loss: 1.3968, Validation Accuracy: 25.00%

Per-Class Validation Accuracy:
  No Thrust: 0.00% (0/160)
  Chemical: 0.00% (0/160)
  Electric: 0.00% (0/160)
  Impulsive: 100.00% (160/160)
Epoch [4/100], Training Loss: 1.4032
Validation Loss: 1.4050, Validation Accuracy: 25.00%

Per-Class Validation Accuracy:
  No Thrust: 0.00% (0/160)
  Chemical: 0.00% (0/160)
  Electric: 0.00% (0/160)
  Impulsive: 100.00% (160/160)
Epoch [5/100], Training Loss: 1.4260
Validation Loss: 1.3992, Validation Accuracy: 25.00%

Per-Class Validation Accuracy:
  No Thrust: 0.00% (0/160)
  Chemical: 0.00% (0/160)
  Electric: 0.00% (0/160)
  Impulsive: 100.00% (160/160)
Epoch [6/100], Training Loss: 1.4081
Validation Loss: 1.3873, Validation Accuracy: 25.00%

Per-Class Validation Accuracy:
  No Thrust: 98.12% (157/160)
  Chemical: 0.00% (0/160)
  Electric: 0.00% (0/160)
  Impulsive: 1.88% (3/160)
Epoch [7/100], Training Loss: 1.4055
Validation Loss: 1.3925, Validation Accuracy: 25.00%

Per-Class Validation Accuracy:
  No Thrust: 0.00% (0/160)
  Chemical: 100.00% (160/160)
  Electric: 0.00% (0/160)
  Impulsive: 0.00% (0/160)
Epoch [8/100], Training Loss: 1.3974
Validation Loss: 1.3933, Validation Accuracy: 25.00%

Per-Class Validation Accuracy:
  No Thrust: 77.50% (124/160)
  Chemical: 0.00% (0/160)
  Electric: 0.00% (0/160)
  Impulsive: 22.50% (36/160)
Epoch [9/100], Training Loss: 1.4078
Validation Loss: 1.3872, Validation Accuracy: 25.00%

Per-Class Validation Accuracy:
  No Thrust: 63.75% (102/160)
  Chemical: 35.62% (57/160)
  Electric: 0.62% (1/160)
  Impulsive: 0.00% (0/160)
Epoch [10/100], Training Loss: 1.4009
Validation Loss: 1.3904, Validation Accuracy: 25.00%

Per-Class Validation Accuracy:
  No Thrust: 100.00% (160/160)
  Chemical: 0.00% (0/160)
  Electric: 0.00% (0/160)
  Impulsive: 0.00% (0/160)
Epoch [11/100], Training Loss: 1.3959
Validation Loss: 1.3908, Validation Accuracy: 25.00%

Per-Class Validation Accuracy:
  No Thrust: 0.00% (0/160)
  Chemical: 0.00% (0/160)
  Electric: 100.00% (160/160)
  Impulsive: 0.00% (0/160)
Epoch [12/100], Training Loss: 1.3955
Validation Loss: 1.3872, Validation Accuracy: 25.00%

Per-Class Validation Accuracy:
  No Thrust: 100.00% (160/160)
  Chemical: 0.00% (0/160)
  Electric: 0.00% (0/160)
  Impulsive: 0.00% (0/160)
Epoch [13/100], Training Loss: 1.4020
Validation Loss: 1.3869, Validation Accuracy: 25.00%

Per-Class Validation Accuracy:
  No Thrust: 0.00% (0/160)
  Chemical: 70.62% (113/160)
  Electric: 0.00% (0/160)
  Impulsive: 29.38% (47/160)
Epoch [14/100], Training Loss: 1.3963
Validation Loss: 1.3865, Validation Accuracy: 25.00%

Per-Class Validation Accuracy:
  No Thrust: 15.00% (24/160)
  Chemical: 1.25% (2/160)
  Electric: 68.75% (110/160)
  Impulsive: 15.00% (24/160)
Epoch [15/100], Training Loss: 1.3978
Validation Loss: 1.3876, Validation Accuracy: 25.00%

Per-Class Validation Accuracy:
  No Thrust: 0.00% (0/160)
  Chemical: 0.00% (0/160)
  Electric: 100.00% (160/160)
  Impulsive: 0.00% (0/160)
Epoch [16/100], Training Loss: 1.3985
Validation Loss: 1.3869, Validation Accuracy: 25.00%

Per-Class Validation Accuracy:
  No Thrust: 0.00% (0/160)
  Chemical: 0.00% (0/160)
  Electric: 0.00% (0/160)
  Impulsive: 100.00% (160/160)
Epoch [17/100], Training Loss: 1.3888
Validation Loss: 1.3864, Validation Accuracy: 25.00%

Per-Class Validation Accuracy:
  No Thrust: 0.00% (0/160)
  Chemical: 25.62% (41/160)
  Electric: 74.38% (119/160)
  Impulsive: 0.00% (0/160)
Epoch [18/100], Training Loss: 1.3995
Validation Loss: 1.3879, Validation Accuracy: 25.00%

Per-Class Validation Accuracy:
  No Thrust: 13.75% (22/160)
  Chemical: 0.00% (0/160)
  Electric: 86.25% (138/160)
  Impulsive: 0.00% (0/160)
Epoch [19/100], Training Loss: 1.3953
Validation Loss: 1.3864, Validation Accuracy: 25.00%

Per-Class Validation Accuracy:
  No Thrust: 3.75% (6/160)
  Chemical: 1.25% (2/160)
  Electric: 13.75% (22/160)
  Impulsive: 81.25% (130/160)
Epoch [20/100], Training Loss: 1.3978
Validation Loss: 1.3866, Validation Accuracy: 25.00%

Per-Class Validation Accuracy:
  No Thrust: 0.00% (0/160)
  Chemical: 99.38% (159/160)
  Electric: 0.00% (0/160)
  Impulsive: 0.62% (1/160)
Epoch [21/100], Training Loss: 1.3904
Validation Loss: 1.3866, Validation Accuracy: 25.00%

Per-Class Validation Accuracy:
  No Thrust: 0.00% (0/160)
  Chemical: 0.00% (0/160)
  Electric: 12.50% (20/160)
  Impulsive: 87.50% (140/160)
Epoch [22/100], Training Loss: 1.3892
Validation Loss: 1.3866, Validation Accuracy: 25.00%

Per-Class Validation Accuracy:
  No Thrust: 0.00% (0/160)
  Chemical: 15.00% (24/160)
  Electric: 85.00% (136/160)
  Impulsive: 0.00% (0/160)
Epoch [23/100], Training Loss: 1.3905
Validation Loss: 1.3864, Validation Accuracy: 25.16%

Per-Class Validation Accuracy:
  No Thrust: 0.00% (0/160)
  Chemical: 0.00% (0/160)
  Electric: 83.75% (134/160)
  Impulsive: 16.88% (27/160)
Epoch [24/100], Training Loss: 1.3877
Validation Loss: 1.3866, Validation Accuracy: 25.00%

Per-Class Validation Accuracy:
  No Thrust: 0.00% (0/160)
  Chemical: 5.00% (8/160)
  Electric: 0.00% (0/160)
  Impulsive: 95.00% (152/160)
Epoch [25/100], Training Loss: 1.3897
Validation Loss: 1.3863, Validation Accuracy: 25.00%

Per-Class Validation Accuracy:
  No Thrust: 45.00% (72/160)
  Chemical: 14.38% (23/160)
  Electric: 25.62% (41/160)
  Impulsive: 15.00% (24/160)
Epoch [26/100], Training Loss: 1.3898
Validation Loss: 1.3866, Validation Accuracy: 25.00%

Per-Class Validation Accuracy:
  No Thrust: 36.25% (58/160)
  Chemical: 0.00% (0/160)
  Electric: 63.75% (102/160)
  Impulsive: 0.00% (0/160)
Epoch [27/100], Training Loss: 1.3879
Validation Loss: 1.3864, Validation Accuracy: 25.00%

Per-Class Validation Accuracy:
  No Thrust: 1.88% (3/160)
  Chemical: 0.00% (0/160)
  Electric: 93.75% (150/160)
  Impulsive: 4.38% (7/160)
Epoch [28/100], Training Loss: 1.3884
Validation Loss: 1.3864, Validation Accuracy: 25.00%

Per-Class Validation Accuracy:
  No Thrust: 36.88% (59/160)
  Chemical: 19.38% (31/160)
  Electric: 43.75% (70/160)
  Impulsive: 0.00% (0/160)
Epoch [29/100], Training Loss: 1.3853
Validation Loss: 1.3864, Validation Accuracy: 25.00%

Per-Class Validation Accuracy:
  No Thrust: 0.00% (0/160)
  Chemical: 73.75% (118/160)
  Electric: 20.00% (32/160)
  Impulsive: 6.25% (10/160)
Epoch [30/100], Training Loss: 1.3916
Validation Loss: 1.3864, Validation Accuracy: 25.00%

Per-Class Validation Accuracy:
  No Thrust: 20.62% (33/160)
  Chemical: 10.00% (16/160)
  Electric: 0.00% (0/160)
  Impulsive: 69.38% (111/160)
Epoch [31/100], Training Loss: 1.3857
Validation Loss: 1.3864, Validation Accuracy: 25.00%

Per-Class Validation Accuracy:
  No Thrust: 5.62% (9/160)
  Chemical: 33.75% (54/160)
  Electric: 60.62% (97/160)
  Impulsive: 0.00% (0/160)
Epoch [32/100], Training Loss: 1.3892
Validation Loss: 1.3863, Validation Accuracy: 25.00%

Per-Class Validation Accuracy:
  No Thrust: 0.00% (0/160)
  Chemical: 40.00% (64/160)
  Electric: 46.88% (75/160)
  Impulsive: 13.12% (21/160)
Epoch [33/100], Training Loss: 1.3927
Validation Loss: 1.3864, Validation Accuracy: 25.31%

Per-Class Validation Accuracy:
  No Thrust: 0.00% (0/160)
  Chemical: 18.75% (30/160)
  Electric: 75.00% (120/160)
  Impulsive: 7.50% (12/160)
Epoch [34/100], Training Loss: 1.3906
Validation Loss: 1.3863, Validation Accuracy: 25.00%

Per-Class Validation Accuracy:
  No Thrust: 0.00% (0/160)
  Chemical: 6.25% (10/160)
  Electric: 85.62% (137/160)
  Impulsive: 8.12% (13/160)
Epoch [35/100], Training Loss: 1.3893
Validation Loss: 1.3864, Validation Accuracy: 25.00%

Per-Class Validation Accuracy:
  No Thrust: 0.00% (0/160)
  Chemical: 0.00% (0/160)
  Electric: 100.00% (160/160)
  Impulsive: 0.00% (0/160)
Epoch [36/100], Training Loss: 1.3887
Validation Loss: 1.3863, Validation Accuracy: 25.00%

Per-Class Validation Accuracy:
  No Thrust: 15.62% (25/160)
  Chemical: 48.12% (77/160)
  Electric: 1.25% (2/160)
  Impulsive: 35.00% (56/160)
Epoch [37/100], Training Loss: 1.3907
Validation Loss: 1.3863, Validation Accuracy: 25.00%

Per-Class Validation Accuracy:
  No Thrust: 3.75% (6/160)
  Chemical: 20.00% (32/160)
  Electric: 28.75% (46/160)
  Impulsive: 47.50% (76/160)
Epoch [38/100], Training Loss: 1.3868
Validation Loss: 1.3863, Validation Accuracy: 25.00%

Per-Class Validation Accuracy:
  No Thrust: 8.75% (14/160)
  Chemical: 19.38% (31/160)
  Electric: 68.75% (110/160)
  Impulsive: 3.12% (5/160)
Epoch [39/100], Training Loss: 1.3904
Validation Loss: 1.3863, Validation Accuracy: 25.00%

Per-Class Validation Accuracy:
  No Thrust: 10.62% (17/160)
  Chemical: 15.00% (24/160)
  Electric: 71.88% (115/160)
  Impulsive: 2.50% (4/160)
Epoch [40/100], Training Loss: 1.3846
Validation Loss: 1.3863, Validation Accuracy: 25.00%

Per-Class Validation Accuracy:
  No Thrust: 11.25% (18/160)
  Chemical: 13.75% (22/160)
  Electric: 72.50% (116/160)
  Impulsive: 2.50% (4/160)
Epoch [41/100], Training Loss: 1.3867
Validation Loss: 1.3863, Validation Accuracy: 25.00%

Per-Class Validation Accuracy:
  No Thrust: 28.12% (45/160)
  Chemical: 32.50% (52/160)
  Electric: 25.62% (41/160)
  Impulsive: 13.75% (22/160)
Epoch [42/100], Training Loss: 1.3835
Validation Loss: 1.3863, Validation Accuracy: 25.00%

Per-Class Validation Accuracy:
  No Thrust: 17.50% (28/160)
  Chemical: 30.00% (48/160)
  Electric: 45.62% (73/160)
  Impulsive: 6.88% (11/160)
Epoch [43/100], Training Loss: 1.3889
Validation Loss: 1.3863, Validation Accuracy: 25.00%

Per-Class Validation Accuracy:
  No Thrust: 9.38% (15/160)
  Chemical: 38.75% (62/160)
  Electric: 30.00% (48/160)
  Impulsive: 21.88% (35/160)
Epoch [44/100], Training Loss: 1.3856
Validation Loss: 1.3863, Validation Accuracy: 25.00%

Per-Class Validation Accuracy:
  No Thrust: 5.00% (8/160)
  Chemical: 20.62% (33/160)
  Electric: 64.38% (103/160)
  Impulsive: 10.00% (16/160)
Epoch [45/100], Training Loss: 1.3868
Validation Loss: 1.3863, Validation Accuracy: 25.00%

Per-Class Validation Accuracy:
  No Thrust: 7.50% (12/160)
  Chemical: 13.12% (21/160)
  Electric: 66.25% (106/160)
  Impulsive: 13.12% (21/160)
Epoch [46/100], Training Loss: 1.3868
Validation Loss: 1.3863, Validation Accuracy: 25.00%

Per-Class Validation Accuracy:
  No Thrust: 8.75% (14/160)
  Chemical: 12.50% (20/160)
  Electric: 63.12% (101/160)
  Impulsive: 15.62% (25/160)
Epoch [47/100], Training Loss: 1.3899
Validation Loss: 1.3863, Validation Accuracy: 25.00%

Per-Class Validation Accuracy:
  No Thrust: 10.00% (16/160)
  Chemical: 16.25% (26/160)
  Electric: 62.50% (100/160)
  Impulsive: 11.25% (18/160)
Epoch [48/100], Training Loss: 1.3842
Validation Loss: 1.3863, Validation Accuracy: 24.84%

Per-Class Validation Accuracy:
  No Thrust: 5.62% (9/160)
  Chemical: 31.25% (50/160)
  Electric: 51.88% (83/160)
  Impulsive: 10.62% (17/160)
Epoch [49/100], Training Loss: 1.3901
Validation Loss: 1.3863, Validation Accuracy: 25.00%

Per-Class Validation Accuracy:
  No Thrust: 9.38% (15/160)
  Chemical: 25.00% (40/160)
  Electric: 48.75% (78/160)
  Impulsive: 16.88% (27/160)
Epoch [50/100], Training Loss: 1.3824
Validation Loss: 1.3863, Validation Accuracy: 25.00%

Per-Class Validation Accuracy:
  No Thrust: 10.62% (17/160)
  Chemical: 20.00% (32/160)
  Electric: 57.50% (92/160)
  Impulsive: 11.88% (19/160)
Epoch [51/100], Training Loss: 1.3863
Validation Loss: 1.3863, Validation Accuracy: 25.00%

Per-Class Validation Accuracy:
  No Thrust: 8.12% (13/160)
  Chemical: 21.25% (34/160)
  Electric: 58.12% (93/160)
  Impulsive: 12.50% (20/160)
Epoch [52/100], Training Loss: 1.3872
Validation Loss: 1.3863, Validation Accuracy: 25.00%

Per-Class Validation Accuracy:
  No Thrust: 10.00% (16/160)
  Chemical: 25.62% (41/160)
  Electric: 53.75% (86/160)
  Impulsive: 10.62% (17/160)
Epoch [53/100], Training Loss: 1.3889
Validation Loss: 1.3863, Validation Accuracy: 25.00%

Per-Class Validation Accuracy:
  No Thrust: 9.38% (15/160)
  Chemical: 26.88% (43/160)
  Electric: 46.88% (75/160)
  Impulsive: 16.88% (27/160)
Epoch [54/100], Training Loss: 1.3928
Validation Loss: 1.3863, Validation Accuracy: 25.00%

Per-Class Validation Accuracy:
  No Thrust: 10.00% (16/160)
  Chemical: 20.62% (33/160)
  Electric: 56.25% (90/160)
  Impulsive: 13.12% (21/160)
Epoch [55/100], Training Loss: 1.3873
Validation Loss: 1.3863, Validation Accuracy: 25.00%

Per-Class Validation Accuracy:
  No Thrust: 8.12% (13/160)
  Chemical: 20.00% (32/160)
  Electric: 58.75% (94/160)
  Impulsive: 13.12% (21/160)
Epoch [56/100], Training Loss: 1.3884
Validation Loss: 1.3863, Validation Accuracy: 25.00%

Per-Class Validation Accuracy:
  No Thrust: 10.00% (16/160)
  Chemical: 20.62% (33/160)
  Electric: 55.00% (88/160)
  Impulsive: 14.38% (23/160)
Epoch [57/100], Training Loss: 1.3886
Validation Loss: 1.3863, Validation Accuracy: 25.00%

Per-Class Validation Accuracy:
  No Thrust: 8.12% (13/160)
  Chemical: 25.00% (40/160)
  Electric: 52.50% (84/160)
  Impulsive: 14.38% (23/160)
Epoch [58/100], Training Loss: 1.3894
Validation Loss: 1.3863, Validation Accuracy: 25.00%

Per-Class Validation Accuracy:
  No Thrust: 9.38% (15/160)
  Chemical: 21.25% (34/160)
  Electric: 56.25% (90/160)
  Impulsive: 13.12% (21/160)
Epoch [59/100], Training Loss: 1.3868
Validation Loss: 1.3863, Validation Accuracy: 24.84%

Per-Class Validation Accuracy:
  No Thrust: 8.75% (14/160)
  Chemical: 20.00% (32/160)
  Electric: 57.50% (92/160)
  Impulsive: 13.12% (21/160)
Epoch [60/100], Training Loss: 1.3881
Validation Loss: 1.3863, Validation Accuracy: 25.31%

Per-Class Validation Accuracy:
  No Thrust: 8.75% (14/160)
  Chemical: 19.38% (31/160)
  Electric: 60.62% (97/160)
  Impulsive: 12.50% (20/160)
Epoch [61/100], Training Loss: 1.3876
Validation Loss: 1.3863, Validation Accuracy: 25.31%

Per-Class Validation Accuracy:
  No Thrust: 10.00% (16/160)
  Chemical: 20.00% (32/160)
  Electric: 58.12% (93/160)
  Impulsive: 13.12% (21/160)
Epoch [62/100], Training Loss: 1.3887
Validation Loss: 1.3863, Validation Accuracy: 25.00%

Per-Class Validation Accuracy:
  No Thrust: 8.75% (14/160)
  Chemical: 19.38% (31/160)
  Electric: 59.38% (95/160)
  Impulsive: 12.50% (20/160)
Epoch [63/100], Training Loss: 1.3846
Validation Loss: 1.3863, Validation Accuracy: 25.16%

Per-Class Validation Accuracy:
  No Thrust: 8.12% (13/160)
  Chemical: 19.38% (31/160)
  Electric: 60.62% (97/160)
  Impulsive: 12.50% (20/160)
Early stopping triggered.

	Elapsed time is 31.5282 seconds.

==========================================================================================
Total parameters: 41940
Total memory (bytes): 335520
Total memory (MB): 0.319976806640625
==========================================================================================

Transformer Validation
Validation Loss: 1.3863, Validation Accuracy: 25.16%

Per-Class Validation Accuracy:
  No Thrust: 8.12% (13/160)
  Chemical: 19.38% (31/160)
  Electric: 60.62% (97/160)
  Impulsive: 12.50% (20/160)

Classification Report:
              precision    recall  f1-score   support

   No Thrust     0.2500    0.0813    0.1226       160
    Chemical     0.2500    0.1938    0.2183       160
    Electric     0.2506    0.6062    0.3547       160
   Impulsive     0.2597    0.1250    0.1688       160

    accuracy                         0.2516       640
   macro avg     0.2526    0.2516    0.2161       640
weighted avg     0.2526    0.2516    0.2161       640


Confusion Matrix (rows = true, cols = predicted):
             P_No Thrust  P_Chemical  P_Electric  P_Impulsive
T_No Thrust           13          31          97           19
T_Chemical            13          31          97           19
T_Electric            13          31          97           19
T_Impulsive           13          31          96           20

Transformer Inference Time	Elapsed time is 0.1240 seconds.

Entering MLP Training Loop
Validation Loss: 0.2758, Validation Accuracy: 25.00%

Per-Class Validation Accuracy:
  No Thrust: 32.50% (52/160)
  Chemical: 3.75% (6/160)
  Electric: 42.50% (68/160)
  Impulsive: 21.25% (34/160)
Epoch [1/100], Training Loss: 0.2827
Validation Loss: 0.2763, Validation Accuracy: 25.00%

Per-Class Validation Accuracy:
  No Thrust: 28.12% (45/160)
  Chemical: 13.75% (22/160)
  Electric: 33.12% (53/160)
  Impulsive: 25.00% (40/160)
Epoch [2/100], Training Loss: 0.1386
Validation Loss: 0.2785, Validation Accuracy: 25.00%

Per-Class Validation Accuracy:
  No Thrust: 24.38% (39/160)
  Chemical: 18.12% (29/160)
  Electric: 30.62% (49/160)
  Impulsive: 26.88% (43/160)
Epoch [3/100], Training Loss: 0.0932
Validation Loss: 0.2803, Validation Accuracy: 25.16%

Per-Class Validation Accuracy:
  No Thrust: 20.00% (32/160)
  Chemical: 24.38% (39/160)
  Electric: 28.12% (45/160)
  Impulsive: 28.12% (45/160)
Epoch [4/100], Training Loss: 0.0697
Validation Loss: 0.2805, Validation Accuracy: 25.00%

Per-Class Validation Accuracy:
  No Thrust: 18.12% (29/160)
  Chemical: 30.00% (48/160)
  Electric: 26.88% (43/160)
  Impulsive: 25.00% (40/160)
Epoch [5/100], Training Loss: 0.0565
Validation Loss: 0.2809, Validation Accuracy: 25.00%

Per-Class Validation Accuracy:
  No Thrust: 15.00% (24/160)
  Chemical: 35.00% (56/160)
  Electric: 25.62% (41/160)
  Impulsive: 24.38% (39/160)
Epoch [6/100], Training Loss: 0.0459
Validation Loss: 0.2789, Validation Accuracy: 25.00%

Per-Class Validation Accuracy:
  No Thrust: 15.62% (25/160)
  Chemical: 30.62% (49/160)
  Electric: 25.00% (40/160)
  Impulsive: 28.75% (46/160)
Epoch [7/100], Training Loss: 0.0396
Validation Loss: 0.2770, Validation Accuracy: 25.16%

Per-Class Validation Accuracy:
  No Thrust: 18.75% (30/160)
  Chemical: 28.12% (45/160)
  Electric: 24.38% (39/160)
  Impulsive: 29.38% (47/160)
Epoch [8/100], Training Loss: 0.0346
Validation Loss: 0.2763, Validation Accuracy: 24.69%

Per-Class Validation Accuracy:
  No Thrust: 19.38% (31/160)
  Chemical: 24.38% (39/160)
  Electric: 23.12% (37/160)
  Impulsive: 31.88% (51/160)
Epoch [9/100], Training Loss: 0.0308
Validation Loss: 0.2763, Validation Accuracy: 25.00%

Per-Class Validation Accuracy:
  No Thrust: 19.38% (31/160)
  Chemical: 25.62% (41/160)
  Electric: 23.12% (37/160)
  Impulsive: 31.88% (51/160)
Epoch [10/100], Training Loss: 0.0278
Validation Loss: 0.2755, Validation Accuracy: 25.00%

Per-Class Validation Accuracy:
  No Thrust: 20.00% (32/160)
  Chemical: 25.00% (40/160)
  Electric: 25.00% (40/160)
  Impulsive: 30.00% (48/160)
Epoch [11/100], Training Loss: 0.0253
Validation Loss: 0.2771, Validation Accuracy: 25.00%

Per-Class Validation Accuracy:
  No Thrust: 16.88% (27/160)
  Chemical: 23.12% (37/160)
  Electric: 28.12% (45/160)
  Impulsive: 31.88% (51/160)
Epoch [12/100], Training Loss: 0.0232
Validation Loss: 0.2772, Validation Accuracy: 25.16%

Per-Class Validation Accuracy:
  No Thrust: 18.12% (29/160)
  Chemical: 23.75% (38/160)
  Electric: 26.88% (43/160)
  Impulsive: 31.88% (51/160)
Epoch [13/100], Training Loss: 0.0213
Validation Loss: 0.2779, Validation Accuracy: 25.00%

Per-Class Validation Accuracy:
  No Thrust: 16.88% (27/160)
  Chemical: 25.62% (41/160)
  Electric: 25.62% (41/160)
  Impulsive: 31.88% (51/160)
Epoch [14/100], Training Loss: 0.0198
Validation Loss: 0.2774, Validation Accuracy: 25.00%

Per-Class Validation Accuracy:
  No Thrust: 18.12% (29/160)
  Chemical: 23.12% (37/160)
  Electric: 25.00% (40/160)
  Impulsive: 33.75% (54/160)
Epoch [15/100], Training Loss: 0.0185
Validation Loss: 0.2766, Validation Accuracy: 25.00%

Per-Class Validation Accuracy:
  No Thrust: 20.00% (32/160)
  Chemical: 23.12% (37/160)
  Electric: 25.62% (41/160)
  Impulsive: 31.25% (50/160)
Epoch [16/100], Training Loss: 0.0172
Validation Loss: 0.2756, Validation Accuracy: 25.00%

Per-Class Validation Accuracy:
  No Thrust: 23.75% (38/160)
  Chemical: 18.12% (29/160)
  Electric: 24.38% (39/160)
  Impulsive: 33.75% (54/160)
Epoch [17/100], Training Loss: 0.0164
Validation Loss: 0.2769, Validation Accuracy: 25.00%

Per-Class Validation Accuracy:
  No Thrust: 20.00% (32/160)
  Chemical: 19.38% (31/160)
  Electric: 25.62% (41/160)
  Impulsive: 35.00% (56/160)
Epoch [18/100], Training Loss: 0.0155
Validation Loss: 0.2779, Validation Accuracy: 25.00%

Per-Class Validation Accuracy:
  No Thrust: 17.50% (28/160)
  Chemical: 21.25% (34/160)
  Electric: 25.00% (40/160)
  Impulsive: 36.25% (58/160)
Epoch [19/100], Training Loss: 0.0146
Validation Loss: 0.2772, Validation Accuracy: 25.00%

Per-Class Validation Accuracy:
  No Thrust: 18.75% (30/160)
  Chemical: 25.00% (40/160)
  Electric: 19.38% (31/160)
  Impulsive: 36.88% (59/160)
Epoch [20/100], Training Loss: 0.0138
Validation Loss: 0.2765, Validation Accuracy: 25.16%

Per-Class Validation Accuracy:
  No Thrust: 20.62% (33/160)
  Chemical: 27.50% (44/160)
  Electric: 17.50% (28/160)
  Impulsive: 35.00% (56/160)
Epoch [21/100], Training Loss: 0.0132
Validation Loss: 0.2772, Validation Accuracy: 25.00%

Per-Class Validation Accuracy:
  No Thrust: 18.75% (30/160)
  Chemical: 25.62% (41/160)
  Electric: 21.88% (35/160)
  Impulsive: 33.75% (54/160)
Epoch [22/100], Training Loss: 0.0127
Validation Loss: 0.2767, Validation Accuracy: 25.00%

Per-Class Validation Accuracy:
  No Thrust: 20.62% (33/160)
  Chemical: 20.00% (32/160)
  Electric: 25.00% (40/160)
  Impulsive: 34.38% (55/160)
Epoch [23/100], Training Loss: 0.0121
Validation Loss: 0.2771, Validation Accuracy: 25.00%

Per-Class Validation Accuracy:
  No Thrust: 18.75% (30/160)
  Chemical: 16.88% (27/160)
  Electric: 26.25% (42/160)
  Impulsive: 38.12% (61/160)
Epoch [24/100], Training Loss: 0.0116
Validation Loss: 0.2762, Validation Accuracy: 25.00%

Per-Class Validation Accuracy:
  No Thrust: 21.25% (34/160)
  Chemical: 19.38% (31/160)
  Electric: 23.75% (38/160)
  Impulsive: 35.62% (57/160)
Epoch [25/100], Training Loss: 0.0111
Validation Loss: 0.2772, Validation Accuracy: 25.00%

Per-Class Validation Accuracy:
  No Thrust: 20.00% (32/160)
  Chemical: 20.00% (32/160)
  Electric: 24.38% (39/160)
  Impulsive: 35.62% (57/160)
Epoch [26/100], Training Loss: 0.0107
Validation Loss: 0.2773, Validation Accuracy: 25.00%

Per-Class Validation Accuracy:
  No Thrust: 19.38% (31/160)
  Chemical: 20.00% (32/160)
  Electric: 27.50% (44/160)
  Impulsive: 33.12% (53/160)
Epoch [27/100], Training Loss: 0.0102
Validation Loss: 0.2757, Validation Accuracy: 25.00%

Per-Class Validation Accuracy:
  No Thrust: 21.88% (35/160)
  Chemical: 20.62% (33/160)
  Electric: 24.38% (39/160)
  Impulsive: 33.12% (53/160)
Epoch [28/100], Training Loss: 0.0100
Validation Loss: 0.2755, Validation Accuracy: 25.00%

Per-Class Validation Accuracy:
  No Thrust: 21.88% (35/160)
  Chemical: 17.50% (28/160)
  Electric: 25.00% (40/160)
  Impulsive: 35.62% (57/160)
Epoch [29/100], Training Loss: 0.0096
Validation Loss: 0.2757, Validation Accuracy: 25.00%

Per-Class Validation Accuracy:
  No Thrust: 22.50% (36/160)
  Chemical: 18.12% (29/160)
  Electric: 24.38% (39/160)
  Impulsive: 35.00% (56/160)
Epoch [30/100], Training Loss: 0.0093
Validation Loss: 0.2761, Validation Accuracy: 25.00%

Per-Class Validation Accuracy:
  No Thrust: 21.88% (35/160)
  Chemical: 20.00% (32/160)
  Electric: 23.12% (37/160)
  Impulsive: 35.00% (56/160)
Epoch [31/100], Training Loss: 0.0090
Validation Loss: 0.2773, Validation Accuracy: 25.00%

Per-Class Validation Accuracy:
  No Thrust: 20.62% (33/160)
  Chemical: 19.38% (31/160)
  Electric: 25.00% (40/160)
  Impulsive: 35.00% (56/160)
Epoch [32/100], Training Loss: 0.0087
Validation Loss: 0.2773, Validation Accuracy: 25.00%

Per-Class Validation Accuracy:
  No Thrust: 19.38% (31/160)
  Chemical: 18.75% (30/160)
  Electric: 25.00% (40/160)
  Impulsive: 36.88% (59/160)
Epoch [33/100], Training Loss: 0.0084
Validation Loss: 0.2777, Validation Accuracy: 25.00%

Per-Class Validation Accuracy:
  No Thrust: 17.50% (28/160)
  Chemical: 21.88% (35/160)
  Electric: 25.62% (41/160)
  Impulsive: 35.00% (56/160)
Epoch [34/100], Training Loss: 0.0082
Validation Loss: 0.2769, Validation Accuracy: 25.00%

Per-Class Validation Accuracy:
  No Thrust: 20.62% (33/160)
  Chemical: 19.38% (31/160)
  Electric: 26.25% (42/160)
  Impulsive: 33.75% (54/160)
Epoch [35/100], Training Loss: 0.0079
Validation Loss: 0.2770, Validation Accuracy: 25.00%

Per-Class Validation Accuracy:
  No Thrust: 18.12% (29/160)
  Chemical: 20.62% (33/160)
  Electric: 25.62% (41/160)
  Impulsive: 35.62% (57/160)
Epoch [36/100], Training Loss: 0.0077
Validation Loss: 0.2771, Validation Accuracy: 25.16%

Per-Class Validation Accuracy:
  No Thrust: 18.75% (30/160)
  Chemical: 19.38% (31/160)
  Electric: 25.62% (41/160)
  Impulsive: 36.88% (59/160)
Epoch [37/100], Training Loss: 0.0075
Validation Loss: 0.2771, Validation Accuracy: 25.00%

Per-Class Validation Accuracy:
  No Thrust: 19.38% (31/160)
  Chemical: 20.00% (32/160)
  Electric: 25.00% (40/160)
  Impulsive: 35.62% (57/160)
Epoch [38/100], Training Loss: 0.0073
Validation Loss: 0.2773, Validation Accuracy: 25.00%

Per-Class Validation Accuracy:
  No Thrust: 18.75% (30/160)
  Chemical: 19.38% (31/160)
  Electric: 25.00% (40/160)
  Impulsive: 36.88% (59/160)
Epoch [39/100], Training Loss: 0.0071
Validation Loss: 0.2770, Validation Accuracy: 25.16%

Per-Class Validation Accuracy:
  No Thrust: 20.00% (32/160)
  Chemical: 21.25% (34/160)
  Electric: 25.00% (40/160)
  Impulsive: 34.38% (55/160)
Epoch [40/100], Training Loss: 0.0069
Validation Loss: 0.2767, Validation Accuracy: 25.00%

Per-Class Validation Accuracy:
  No Thrust: 21.88% (35/160)
  Chemical: 19.38% (31/160)
  Electric: 24.38% (39/160)
  Impulsive: 34.38% (55/160)
Epoch [41/100], Training Loss: 0.0068
Validation Loss: 0.2763, Validation Accuracy: 25.00%

Per-Class Validation Accuracy:
  No Thrust: 23.75% (38/160)
  Chemical: 18.75% (30/160)
  Electric: 22.50% (36/160)
  Impulsive: 35.00% (56/160)
Epoch [42/100], Training Loss: 0.0066
Validation Loss: 0.2764, Validation Accuracy: 25.00%

Per-Class Validation Accuracy:
  No Thrust: 22.50% (36/160)
  Chemical: 20.00% (32/160)
  Electric: 25.00% (40/160)
  Impulsive: 32.50% (52/160)
Epoch [43/100], Training Loss: 0.0065
Validation Loss: 0.2762, Validation Accuracy: 25.16%

Per-Class Validation Accuracy:
  No Thrust: 23.75% (38/160)
  Chemical: 17.50% (28/160)
  Electric: 24.38% (39/160)
  Impulsive: 35.00% (56/160)
Epoch [44/100], Training Loss: 0.0063
Validation Loss: 0.2773, Validation Accuracy: 25.00%

Per-Class Validation Accuracy:
  No Thrust: 18.75% (30/160)
  Chemical: 16.88% (27/160)
  Electric: 28.12% (45/160)
  Impulsive: 36.25% (58/160)
Epoch [45/100], Training Loss: 0.0062
Validation Loss: 0.2778, Validation Accuracy: 25.00%

Per-Class Validation Accuracy:
  No Thrust: 17.50% (28/160)
  Chemical: 16.88% (27/160)
  Electric: 27.50% (44/160)
  Impulsive: 38.12% (61/160)
Epoch [46/100], Training Loss: 0.0060
Validation Loss: 0.2775, Validation Accuracy: 25.00%

Per-Class Validation Accuracy:
  No Thrust: 18.75% (30/160)
  Chemical: 16.25% (26/160)
  Electric: 27.50% (44/160)
  Impulsive: 37.50% (60/160)
Epoch [47/100], Training Loss: 0.0059
Validation Loss: 0.2771, Validation Accuracy: 25.00%

Per-Class Validation Accuracy:
  No Thrust: 21.25% (34/160)
  Chemical: 20.00% (32/160)
  Electric: 25.00% (40/160)
  Impulsive: 33.75% (54/160)
Epoch [48/100], Training Loss: 0.0058
Validation Loss: 0.2768, Validation Accuracy: 25.00%

Per-Class Validation Accuracy:
  No Thrust: 23.12% (37/160)
  Chemical: 19.38% (31/160)
  Electric: 24.38% (39/160)
  Impulsive: 33.12% (53/160)
Epoch [49/100], Training Loss: 0.0057
Validation Loss: 0.2768, Validation Accuracy: 25.00%

Per-Class Validation Accuracy:
  No Thrust: 22.50% (36/160)
  Chemical: 22.50% (36/160)
  Electric: 21.88% (35/160)
  Impulsive: 33.12% (53/160)
Epoch [50/100], Training Loss: 0.0055
Validation Loss: 0.2776, Validation Accuracy: 24.84%

Per-Class Validation Accuracy:
  No Thrust: 18.75% (30/160)
  Chemical: 21.88% (35/160)
  Electric: 23.12% (37/160)
  Impulsive: 35.62% (57/160)
Epoch [51/100], Training Loss: 0.0055
Validation Loss: 0.2772, Validation Accuracy: 25.00%

Per-Class Validation Accuracy:
  No Thrust: 20.62% (33/160)
  Chemical: 20.62% (33/160)
  Electric: 25.00% (40/160)
  Impulsive: 33.75% (54/160)
Epoch [52/100], Training Loss: 0.0053
Validation Loss: 0.2765, Validation Accuracy: 25.00%

Per-Class Validation Accuracy:
  No Thrust: 24.38% (39/160)
  Chemical: 20.62% (33/160)
  Electric: 24.38% (39/160)
  Impulsive: 30.62% (49/160)
Epoch [53/100], Training Loss: 0.0052
Validation Loss: 0.2767, Validation Accuracy: 25.00%

Per-Class Validation Accuracy:
  No Thrust: 23.75% (38/160)
  Chemical: 21.25% (34/160)
  Electric: 24.38% (39/160)
  Impulsive: 30.62% (49/160)
Epoch [54/100], Training Loss: 0.0051
Validation Loss: 0.2765, Validation Accuracy: 25.00%

Per-Class Validation Accuracy:
  No Thrust: 25.00% (40/160)
  Chemical: 19.38% (31/160)
  Electric: 24.38% (39/160)
  Impulsive: 31.25% (50/160)
Epoch [55/100], Training Loss: 0.0050
Validation Loss: 0.2767, Validation Accuracy: 25.00%

Per-Class Validation Accuracy:
  No Thrust: 23.75% (38/160)
  Chemical: 19.38% (31/160)
  Electric: 25.62% (41/160)
  Impulsive: 31.25% (50/160)
Epoch [56/100], Training Loss: 0.0049
Validation Loss: 0.2768, Validation Accuracy: 25.16%

Per-Class Validation Accuracy:
  No Thrust: 25.00% (40/160)
  Chemical: 16.88% (27/160)
  Electric: 26.25% (42/160)
  Impulsive: 32.50% (52/160)
Epoch [57/100], Training Loss: 0.0049
Validation Loss: 0.2769, Validation Accuracy: 25.00%

Per-Class Validation Accuracy:
  No Thrust: 23.12% (37/160)
  Chemical: 17.50% (28/160)
  Electric: 28.75% (46/160)
  Impulsive: 30.62% (49/160)
Epoch [58/100], Training Loss: 0.0048
Validation Loss: 0.2769, Validation Accuracy: 25.00%

Per-Class Validation Accuracy:
  No Thrust: 23.75% (38/160)
  Chemical: 17.50% (28/160)
  Electric: 26.25% (42/160)
  Impulsive: 32.50% (52/160)
Epoch [59/100], Training Loss: 0.0047
Validation Loss: 0.2771, Validation Accuracy: 25.16%

Per-Class Validation Accuracy:
  No Thrust: 21.88% (35/160)
  Chemical: 16.88% (27/160)
  Electric: 26.88% (43/160)
  Impulsive: 35.00% (56/160)
Epoch [60/100], Training Loss: 0.0046
Validation Loss: 0.2768, Validation Accuracy: 25.16%

Per-Class Validation Accuracy:
  No Thrust: 24.38% (39/160)
  Chemical: 17.50% (28/160)
  Electric: 26.25% (42/160)
  Impulsive: 32.50% (52/160)
Epoch [61/100], Training Loss: 0.0046
Validation Loss: 0.2770, Validation Accuracy: 25.16%

Per-Class Validation Accuracy:
  No Thrust: 23.75% (38/160)
  Chemical: 19.38% (31/160)
  Electric: 23.75% (38/160)
  Impulsive: 33.75% (54/160)
Epoch [62/100], Training Loss: 0.0045
Validation Loss: 0.2768, Validation Accuracy: 25.00%

Per-Class Validation Accuracy:
  No Thrust: 23.75% (38/160)
  Chemical: 19.38% (31/160)
  Electric: 23.75% (38/160)
  Impulsive: 33.12% (53/160)
Epoch [63/100], Training Loss: 0.0044
Validation Loss: 0.2770, Validation Accuracy: 24.84%

Per-Class Validation Accuracy:
  No Thrust: 23.12% (37/160)
  Chemical: 20.00% (32/160)
  Electric: 23.75% (38/160)
  Impulsive: 32.50% (52/160)
Epoch [64/100], Training Loss: 0.0043
Validation Loss: 0.2769, Validation Accuracy: 25.16%

Per-Class Validation Accuracy:
  No Thrust: 24.38% (39/160)
  Chemical: 20.62% (33/160)
  Electric: 23.75% (38/160)
  Impulsive: 31.88% (51/160)
Epoch [65/100], Training Loss: 0.0043
Validation Loss: 0.2769, Validation Accuracy: 25.00%

Per-Class Validation Accuracy:
  No Thrust: 24.38% (39/160)
  Chemical: 21.25% (34/160)
  Electric: 24.38% (39/160)
  Impulsive: 30.00% (48/160)
Epoch [66/100], Training Loss: 0.0042
Validation Loss: 0.2772, Validation Accuracy: 25.16%

Per-Class Validation Accuracy:
  No Thrust: 22.50% (36/160)
  Chemical: 22.50% (36/160)
  Electric: 24.38% (39/160)
  Impulsive: 31.25% (50/160)
Epoch [67/100], Training Loss: 0.0041
Validation Loss: 0.2771, Validation Accuracy: 25.16%

Per-Class Validation Accuracy:
  No Thrust: 23.12% (37/160)
  Chemical: 19.38% (31/160)
  Electric: 24.38% (39/160)
  Impulsive: 33.75% (54/160)
Epoch [68/100], Training Loss: 0.0041
Validation Loss: 0.2771, Validation Accuracy: 25.16%

Per-Class Validation Accuracy:
  No Thrust: 23.75% (38/160)
  Chemical: 19.38% (31/160)
  Electric: 23.75% (38/160)
  Impulsive: 33.75% (54/160)
Epoch [69/100], Training Loss: 0.0040
Validation Loss: 0.2773, Validation Accuracy: 25.16%

Per-Class Validation Accuracy:
  No Thrust: 22.50% (36/160)
  Chemical: 19.38% (31/160)
  Electric: 25.00% (40/160)
  Impulsive: 33.75% (54/160)
Epoch [70/100], Training Loss: 0.0039
Validation Loss: 0.2770, Validation Accuracy: 25.00%

Per-Class Validation Accuracy:
  No Thrust: 23.75% (38/160)
  Chemical: 18.75% (30/160)
  Electric: 25.00% (40/160)
  Impulsive: 32.50% (52/160)
Epoch [71/100], Training Loss: 0.0039
Validation Loss: 0.2769, Validation Accuracy: 25.00%

Per-Class Validation Accuracy:
  No Thrust: 24.38% (39/160)
  Chemical: 18.75% (30/160)
  Electric: 24.38% (39/160)
  Impulsive: 32.50% (52/160)
Epoch [72/100], Training Loss: 0.0039
Validation Loss: 0.2771, Validation Accuracy: 25.16%

Per-Class Validation Accuracy:
  No Thrust: 22.50% (36/160)
  Chemical: 19.38% (31/160)
  Electric: 25.62% (41/160)
  Impulsive: 33.12% (53/160)
Epoch [73/100], Training Loss: 0.0038
Validation Loss: 0.2770, Validation Accuracy: 25.00%

Per-Class Validation Accuracy:
  No Thrust: 23.75% (38/160)
  Chemical: 18.12% (29/160)
  Electric: 25.00% (40/160)
  Impulsive: 33.12% (53/160)
Epoch [74/100], Training Loss: 0.0037
Validation Loss: 0.2771, Validation Accuracy: 24.84%

Per-Class Validation Accuracy:
  No Thrust: 22.50% (36/160)
  Chemical: 18.75% (30/160)
  Electric: 25.62% (41/160)
  Impulsive: 32.50% (52/160)
Epoch [75/100], Training Loss: 0.0037
Validation Loss: 0.2771, Validation Accuracy: 25.16%

Per-Class Validation Accuracy:
  No Thrust: 23.75% (38/160)
  Chemical: 18.12% (29/160)
  Electric: 26.88% (43/160)
  Impulsive: 31.88% (51/160)
Epoch [76/100], Training Loss: 0.0036
Validation Loss: 0.2770, Validation Accuracy: 25.00%

Per-Class Validation Accuracy:
  No Thrust: 23.75% (38/160)
  Chemical: 17.50% (28/160)
  Electric: 26.88% (43/160)
  Impulsive: 31.88% (51/160)
Epoch [77/100], Training Loss: 0.0036
Validation Loss: 0.2769, Validation Accuracy: 25.16%

Per-Class Validation Accuracy:
  No Thrust: 24.38% (39/160)
  Chemical: 17.50% (28/160)
  Electric: 26.88% (43/160)
  Impulsive: 31.88% (51/160)
Epoch [78/100], Training Loss: 0.0035
Validation Loss: 0.2771, Validation Accuracy: 25.00%

Per-Class Validation Accuracy:
  No Thrust: 23.75% (38/160)
  Chemical: 17.50% (28/160)
  Electric: 26.88% (43/160)
  Impulsive: 31.88% (51/160)
Epoch [79/100], Training Loss: 0.0035
Validation Loss: 0.2771, Validation Accuracy: 25.16%

Per-Class Validation Accuracy:
  No Thrust: 23.75% (38/160)
  Chemical: 17.50% (28/160)
  Electric: 26.88% (43/160)
  Impulsive: 32.50% (52/160)
Epoch [80/100], Training Loss: 0.0035
Validation Loss: 0.2771, Validation Accuracy: 25.00%

Per-Class Validation Accuracy:
  No Thrust: 23.75% (38/160)
  Chemical: 17.50% (28/160)
  Electric: 26.88% (43/160)
  Impulsive: 31.88% (51/160)
Epoch [81/100], Training Loss: 0.0034
Validation Loss: 0.2772, Validation Accuracy: 24.84%

Per-Class Validation Accuracy:
  No Thrust: 23.12% (37/160)
  Chemical: 17.50% (28/160)
  Electric: 26.25% (42/160)
  Impulsive: 32.50% (52/160)
Epoch [82/100], Training Loss: 0.0034
Validation Loss: 0.2771, Validation Accuracy: 24.84%

Per-Class Validation Accuracy:
  No Thrust: 23.12% (37/160)
  Chemical: 17.50% (28/160)
  Electric: 26.25% (42/160)
  Impulsive: 32.50% (52/160)
Epoch [83/100], Training Loss: 0.0033
Validation Loss: 0.2770, Validation Accuracy: 25.00%

Per-Class Validation Accuracy:
  No Thrust: 23.75% (38/160)
  Chemical: 17.50% (28/160)
  Electric: 26.25% (42/160)
  Impulsive: 32.50% (52/160)
Epoch [84/100], Training Loss: 0.0033
Validation Loss: 0.2770, Validation Accuracy: 25.00%

Per-Class Validation Accuracy:
  No Thrust: 23.75% (38/160)
  Chemical: 17.50% (28/160)
  Electric: 26.88% (43/160)
  Impulsive: 31.88% (51/160)
Epoch [85/100], Training Loss: 0.0033
Validation Loss: 0.2771, Validation Accuracy: 25.00%

Per-Class Validation Accuracy:
  No Thrust: 23.75% (38/160)
  Chemical: 17.50% (28/160)
  Electric: 26.25% (42/160)
  Impulsive: 32.50% (52/160)
Epoch [86/100], Training Loss: 0.0032
Validation Loss: 0.2771, Validation Accuracy: 25.00%

Per-Class Validation Accuracy:
  No Thrust: 23.75% (38/160)
  Chemical: 17.50% (28/160)
  Electric: 26.25% (42/160)
  Impulsive: 32.50% (52/160)
Epoch [87/100], Training Loss: 0.0032
Validation Loss: 0.2771, Validation Accuracy: 25.00%

Per-Class Validation Accuracy:
  No Thrust: 23.75% (38/160)
  Chemical: 17.50% (28/160)
  Electric: 26.25% (42/160)
  Impulsive: 32.50% (52/160)
Epoch [88/100], Training Loss: 0.0031
Validation Loss: 0.2771, Validation Accuracy: 25.31%

Per-Class Validation Accuracy:
  No Thrust: 23.75% (38/160)
  Chemical: 18.12% (29/160)
  Electric: 26.88% (43/160)
  Impulsive: 32.50% (52/160)
Epoch [89/100], Training Loss: 0.0031
Validation Loss: 0.2770, Validation Accuracy: 25.31%

Per-Class Validation Accuracy:
  No Thrust: 24.38% (39/160)
  Chemical: 18.12% (29/160)
  Electric: 26.25% (42/160)
  Impulsive: 32.50% (52/160)
Epoch [90/100], Training Loss: 0.0031
Validation Loss: 0.2770, Validation Accuracy: 25.00%

Per-Class Validation Accuracy:
  No Thrust: 23.75% (38/160)
  Chemical: 17.50% (28/160)
  Electric: 26.25% (42/160)
  Impulsive: 32.50% (52/160)
Epoch [91/100], Training Loss: 0.0030
Validation Loss: 0.2771, Validation Accuracy: 25.00%

Per-Class Validation Accuracy:
  No Thrust: 23.75% (38/160)
  Chemical: 17.50% (28/160)
  Electric: 26.25% (42/160)
  Impulsive: 32.50% (52/160)
Epoch [92/100], Training Loss: 0.0030
Validation Loss: 0.2771, Validation Accuracy: 25.00%

Per-Class Validation Accuracy:
  No Thrust: 23.75% (38/160)
  Chemical: 17.50% (28/160)
  Electric: 26.25% (42/160)
  Impulsive: 32.50% (52/160)
Epoch [93/100], Training Loss: 0.0030
Validation Loss: 0.2771, Validation Accuracy: 25.00%

Per-Class Validation Accuracy:
  No Thrust: 23.75% (38/160)
  Chemical: 17.50% (28/160)
  Electric: 26.25% (42/160)
  Impulsive: 32.50% (52/160)
Epoch [94/100], Training Loss: 0.0029
Validation Loss: 0.2771, Validation Accuracy: 25.00%

Per-Class Validation Accuracy:
  No Thrust: 23.75% (38/160)
  Chemical: 17.50% (28/160)
  Electric: 26.25% (42/160)
  Impulsive: 32.50% (52/160)
Epoch [95/100], Training Loss: 0.0029
Validation Loss: 0.2771, Validation Accuracy: 25.00%

Per-Class Validation Accuracy:
  No Thrust: 23.75% (38/160)
  Chemical: 17.50% (28/160)
  Electric: 26.25% (42/160)
  Impulsive: 32.50% (52/160)
Epoch [96/100], Training Loss: 0.0029
Validation Loss: 0.2771, Validation Accuracy: 25.00%

Per-Class Validation Accuracy:
  No Thrust: 23.75% (38/160)
  Chemical: 17.50% (28/160)
  Electric: 26.25% (42/160)
  Impulsive: 32.50% (52/160)
Epoch [97/100], Training Loss: 0.0029
Validation Loss: 0.2771, Validation Accuracy: 25.00%

Per-Class Validation Accuracy:
  No Thrust: 23.75% (38/160)
  Chemical: 17.50% (28/160)
  Electric: 26.25% (42/160)
  Impulsive: 32.50% (52/160)
Epoch [98/100], Training Loss: 0.0028
Validation Loss: 0.2771, Validation Accuracy: 25.00%

Per-Class Validation Accuracy:
  No Thrust: 23.75% (38/160)
  Chemical: 17.50% (28/160)
  Electric: 26.25% (42/160)
  Impulsive: 32.50% (52/160)
Epoch [99/100], Training Loss: 0.0028
Validation Loss: 0.2771, Validation Accuracy: 25.00%

Per-Class Validation Accuracy:
  No Thrust: 23.75% (38/160)
  Chemical: 17.50% (28/160)
  Electric: 26.25% (42/160)
  Impulsive: 32.50% (52/160)
Epoch [100/100], Training Loss: 0.0028

	Elapsed time is 6.1903 seconds.

==========================================================================================
Total parameters: 644
Total memory (bytes): 5152
Total memory (MB): 0.004913330078125
==========================================================================================

MLP Validation
Validation Loss: 0.2771, Validation Accuracy: 25.00%

Per-Class Validation Accuracy:
  No Thrust: 23.75% (38/160)
  Chemical: 17.50% (28/160)
  Electric: 26.25% (42/160)
  Impulsive: 32.50% (52/160)

MLP Inference Time	Elapsed time is 0.0598 seconds.

Classification Report:
              precision    recall  f1-score   support

           0     0.2484    0.2375    0.2428       160
           1     0.2500    0.1750    0.2059       160
           2     0.2515    0.2625    0.2569       160
           3     0.2500    0.3250    0.2826       160

    accuracy                         0.2500       640
   macro avg     0.2500    0.2500    0.2470       640
weighted avg     0.2500    0.2500    0.2470       640


Confusion Matrix (rows = true, cols = predicted):
             P_No Thrust  P_Chemical  P_Electric  P_Impulsive
T_No Thrust           38          28          42           52
T_Chemical            38          28          42           52
T_Electric            38          28          42           52
T_Impulsive           39          28          41           52
