Processing datasets for vleo with 10 minutes and 800 random systems.
GPU is available
Training data location: C:/Users/hu650776/GMAT-Thrust-Data/data/classification/vleo/10min-800
Test data location: C:/Users/hu650776/GMAT-Thrust-Data/data/classification/vleo/10min-800

Entering Decision Trees Training Loop

	Elapsed time is 0.2268 seconds.

==========================================================================================
Total parameters: NaN
Total memory (bytes): 413923
Total memory (MB): 0.3947477340698242
==========================================================================================

Decision Trees Validation
Validation Loss: 0.7618, Validation Accuracy: 64.79%

Per-Class Validation Accuracy:
  No Thrust: 41.67% (50/120)
  Chemical: 75.00% (90/120)
  Electric: 42.50% (51/120)
  Impulsive: 100.00% (120/120)

Classification Report:
              precision    recall  f1-score   support

   No Thrust     0.4098    0.4167    0.4132       120
    Chemical     0.7377    0.7500    0.7438       120
    Electric     0.4397    0.4250    0.4322       120
   Impulsive     1.0000    1.0000    1.0000       120

    accuracy                         0.6479       480
   macro avg     0.6468    0.6479    0.6473       480
weighted avg     0.6468    0.6479    0.6473       480


Confusion Matrix (rows = true, cols = predicted):
             P_No Thrust  P_Chemical  P_Electric  P_Impulsive
T_No Thrust           50          18          52            0
T_Chemical            17          90          13            0
T_Electric            55          14          51            0
T_Impulsive            0           0           0          120

Decision Trees Inference Time	Elapsed time is 0.0194 seconds.

Entering LSTM Training Loop
Epoch [1/100], Training Loss: 1.3791
Validation Loss: 1.2243, Validation Accuracy: 38.96%

Per-Class Validation Accuracy:
  No Thrust: 86.67% (104/120)
  Chemical: 0.83% (1/120)
  Electric: 2.50% (3/120)
  Impulsive: 65.83% (79/120)
Epoch [2/100], Training Loss: 1.2208
Validation Loss: 1.0649, Validation Accuracy: 46.04%

Per-Class Validation Accuracy:
  No Thrust: 74.17% (89/120)
  Chemical: 9.17% (11/120)
  Electric: 0.83% (1/120)
  Impulsive: 100.00% (120/120)
Epoch [3/100], Training Loss: 1.1076
Validation Loss: 1.0467, Validation Accuracy: 46.25%

Per-Class Validation Accuracy:
  No Thrust: 74.17% (89/120)
  Chemical: 11.67% (14/120)
  Electric: 0.00% (0/120)
  Impulsive: 99.17% (119/120)
Epoch [4/100], Training Loss: 1.0581
Validation Loss: 1.0558, Validation Accuracy: 47.92%

Per-Class Validation Accuracy:
  No Thrust: 0.00% (0/120)
  Chemical: 13.33% (16/120)
  Electric: 80.00% (96/120)
  Impulsive: 98.33% (118/120)
Epoch [5/100], Training Loss: 1.0649
Validation Loss: 1.0106, Validation Accuracy: 48.54%

Per-Class Validation Accuracy:
  No Thrust: 0.00% (0/120)
  Chemical: 18.33% (22/120)
  Electric: 80.83% (97/120)
  Impulsive: 95.00% (114/120)
Epoch [6/100], Training Loss: 1.0345
Validation Loss: 0.9770, Validation Accuracy: 49.79%

Per-Class Validation Accuracy:
  No Thrust: 0.00% (0/120)
  Chemical: 22.50% (27/120)
  Electric: 85.83% (103/120)
  Impulsive: 90.83% (109/120)
Epoch [7/100], Training Loss: 1.0178
Validation Loss: 0.9973, Validation Accuracy: 47.08%

Per-Class Validation Accuracy:
  No Thrust: 85.83% (103/120)
  Chemical: 18.33% (22/120)
  Electric: 0.00% (0/120)
  Impulsive: 84.17% (101/120)
Epoch [8/100], Training Loss: 1.0050
Validation Loss: 0.9844, Validation Accuracy: 50.00%

Per-Class Validation Accuracy:
  No Thrust: 80.83% (97/120)
  Chemical: 20.83% (25/120)
  Electric: 0.00% (0/120)
  Impulsive: 98.33% (118/120)
Epoch [9/100], Training Loss: 0.9946
Validation Loss: 0.9814, Validation Accuracy: 50.83%

Per-Class Validation Accuracy:
  No Thrust: 80.83% (97/120)
  Chemical: 29.17% (35/120)
  Electric: 0.00% (0/120)
  Impulsive: 93.33% (112/120)
Epoch [10/100], Training Loss: 0.9975
Validation Loss: 1.0212, Validation Accuracy: 48.12%

Per-Class Validation Accuracy:
  No Thrust: 0.00% (0/120)
  Chemical: 14.17% (17/120)
  Electric: 79.17% (95/120)
  Impulsive: 99.17% (119/120)
Epoch [11/100], Training Loss: 0.9947
Validation Loss: 0.9774, Validation Accuracy: 46.88%

Per-Class Validation Accuracy:
  No Thrust: 87.50% (105/120)
  Chemical: 20.83% (25/120)
  Electric: 0.00% (0/120)
  Impulsive: 79.17% (95/120)
Epoch [12/100], Training Loss: 0.9801
Validation Loss: 1.0083, Validation Accuracy: 49.17%

Per-Class Validation Accuracy:
  No Thrust: 83.33% (100/120)
  Chemical: 15.00% (18/120)
  Electric: 0.00% (0/120)
  Impulsive: 98.33% (118/120)
Epoch [13/100], Training Loss: 0.9722
Validation Loss: 0.9604, Validation Accuracy: 52.71%

Per-Class Validation Accuracy:
  No Thrust: 0.00% (0/120)
  Chemical: 35.83% (43/120)
  Electric: 82.50% (99/120)
  Impulsive: 92.50% (111/120)
Epoch [14/100], Training Loss: 0.9628
Validation Loss: 0.9521, Validation Accuracy: 50.62%

Per-Class Validation Accuracy:
  No Thrust: 9.17% (11/120)
  Chemical: 20.00% (24/120)
  Electric: 79.17% (95/120)
  Impulsive: 94.17% (113/120)
Epoch [15/100], Training Loss: 0.9518
Validation Loss: 0.9546, Validation Accuracy: 51.88%

Per-Class Validation Accuracy:
  No Thrust: 0.00% (0/120)
  Chemical: 27.50% (33/120)
  Electric: 81.67% (98/120)
  Impulsive: 98.33% (118/120)
Epoch [16/100], Training Loss: 0.9610
Validation Loss: 0.9416, Validation Accuracy: 50.00%

Per-Class Validation Accuracy:
  No Thrust: 0.00% (0/120)
  Chemical: 20.00% (24/120)
  Electric: 85.83% (103/120)
  Impulsive: 94.17% (113/120)
Epoch [17/100], Training Loss: 0.9493
Validation Loss: 0.9375, Validation Accuracy: 52.71%

Per-Class Validation Accuracy:
  No Thrust: 86.67% (104/120)
  Chemical: 34.17% (41/120)
  Electric: 0.00% (0/120)
  Impulsive: 90.00% (108/120)
Epoch [18/100], Training Loss: 0.9558
Validation Loss: 0.9625, Validation Accuracy: 51.67%

Per-Class Validation Accuracy:
  No Thrust: 10.83% (13/120)
  Chemical: 33.33% (40/120)
  Electric: 63.33% (76/120)
  Impulsive: 99.17% (119/120)
Epoch [19/100], Training Loss: 0.9452
Validation Loss: 0.9457, Validation Accuracy: 51.88%

Per-Class Validation Accuracy:
  No Thrust: 85.00% (102/120)
  Chemical: 27.50% (33/120)
  Electric: 0.00% (0/120)
  Impulsive: 95.00% (114/120)
Epoch [20/100], Training Loss: 0.9494
Validation Loss: 0.9445, Validation Accuracy: 51.46%

Per-Class Validation Accuracy:
  No Thrust: 85.00% (102/120)
  Chemical: 35.00% (42/120)
  Electric: 0.00% (0/120)
  Impulsive: 85.83% (103/120)
Epoch [21/100], Training Loss: 0.9457
Validation Loss: 0.9376, Validation Accuracy: 53.75%

Per-Class Validation Accuracy:
  No Thrust: 83.33% (100/120)
  Chemical: 41.67% (50/120)
  Electric: 0.00% (0/120)
  Impulsive: 90.00% (108/120)
Epoch [22/100], Training Loss: 0.9327
Validation Loss: 0.9640, Validation Accuracy: 55.21%

Per-Class Validation Accuracy:
  No Thrust: 6.67% (8/120)
  Chemical: 43.33% (52/120)
  Electric: 76.67% (92/120)
  Impulsive: 94.17% (113/120)
Epoch [23/100], Training Loss: 0.9275
Validation Loss: 0.9537, Validation Accuracy: 53.12%

Per-Class Validation Accuracy:
  No Thrust: 58.33% (70/120)
  Chemical: 35.83% (43/120)
  Electric: 31.67% (38/120)
  Impulsive: 86.67% (104/120)
Epoch [24/100], Training Loss: 0.9122
Validation Loss: 0.9316, Validation Accuracy: 54.17%

Per-Class Validation Accuracy:
  No Thrust: 75.83% (91/120)
  Chemical: 42.50% (51/120)
  Electric: 9.17% (11/120)
  Impulsive: 89.17% (107/120)
Epoch [25/100], Training Loss: 0.9135
Validation Loss: 0.9394, Validation Accuracy: 52.71%

Per-Class Validation Accuracy:
  No Thrust: 9.17% (11/120)
  Chemical: 35.00% (42/120)
  Electric: 78.33% (94/120)
  Impulsive: 88.33% (106/120)
Epoch [26/100], Training Loss: 0.9090
Validation Loss: 0.9362, Validation Accuracy: 52.92%

Per-Class Validation Accuracy:
  No Thrust: 80.83% (97/120)
  Chemical: 34.17% (41/120)
  Electric: 8.33% (10/120)
  Impulsive: 88.33% (106/120)
Epoch [27/100], Training Loss: 0.9121
Validation Loss: 0.9507, Validation Accuracy: 54.58%

Per-Class Validation Accuracy:
  No Thrust: 8.33% (10/120)
  Chemical: 39.17% (47/120)
  Electric: 76.67% (92/120)
  Impulsive: 94.17% (113/120)
Epoch [28/100], Training Loss: 0.9081
Validation Loss: 0.9259, Validation Accuracy: 55.62%

Per-Class Validation Accuracy:
  No Thrust: 71.67% (86/120)
  Chemical: 40.00% (48/120)
  Electric: 17.50% (21/120)
  Impulsive: 93.33% (112/120)
Epoch [29/100], Training Loss: 0.8978
Validation Loss: 0.9214, Validation Accuracy: 55.42%

Per-Class Validation Accuracy:
  No Thrust: 8.33% (10/120)
  Chemical: 44.17% (53/120)
  Electric: 78.33% (94/120)
  Impulsive: 90.83% (109/120)
Epoch [30/100], Training Loss: 0.8930
Validation Loss: 0.9327, Validation Accuracy: 54.58%

Per-Class Validation Accuracy:
  No Thrust: 35.83% (43/120)
  Chemical: 50.00% (60/120)
  Electric: 44.17% (53/120)
  Impulsive: 88.33% (106/120)
Epoch [31/100], Training Loss: 0.9039
Validation Loss: 0.9722, Validation Accuracy: 52.50%

Per-Class Validation Accuracy:
  No Thrust: 74.17% (89/120)
  Chemical: 38.33% (46/120)
  Electric: 15.83% (19/120)
  Impulsive: 81.67% (98/120)
Epoch [32/100], Training Loss: 0.8973
Validation Loss: 0.9771, Validation Accuracy: 51.46%

Per-Class Validation Accuracy:
  No Thrust: 84.17% (101/120)
  Chemical: 44.17% (53/120)
  Electric: 0.00% (0/120)
  Impulsive: 77.50% (93/120)
Epoch [33/100], Training Loss: 0.8920
Validation Loss: 0.9731, Validation Accuracy: 51.46%

Per-Class Validation Accuracy:
  No Thrust: 0.00% (0/120)
  Chemical: 36.67% (44/120)
  Electric: 89.17% (107/120)
  Impulsive: 80.00% (96/120)
Epoch [34/100], Training Loss: 0.8797
Validation Loss: 0.9739, Validation Accuracy: 53.75%

Per-Class Validation Accuracy:
  No Thrust: 50.00% (60/120)
  Chemical: 49.17% (59/120)
  Electric: 38.33% (46/120)
  Impulsive: 77.50% (93/120)
Epoch [35/100], Training Loss: 0.8767
Validation Loss: 0.9551, Validation Accuracy: 53.96%

Per-Class Validation Accuracy:
  No Thrust: 80.00% (96/120)
  Chemical: 43.33% (52/120)
  Electric: 4.17% (5/120)
  Impulsive: 88.33% (106/120)
Epoch [36/100], Training Loss: 0.8601
Validation Loss: 0.9623, Validation Accuracy: 53.54%

Per-Class Validation Accuracy:
  No Thrust: 57.50% (69/120)
  Chemical: 45.83% (55/120)
  Electric: 28.33% (34/120)
  Impulsive: 82.50% (99/120)
Epoch [37/100], Training Loss: 0.8735
Validation Loss: 0.9562, Validation Accuracy: 54.79%

Per-Class Validation Accuracy:
  No Thrust: 59.17% (71/120)
  Chemical: 46.67% (56/120)
  Electric: 27.50% (33/120)
  Impulsive: 85.83% (103/120)
Epoch [38/100], Training Loss: 0.8604
Validation Loss: 0.9609, Validation Accuracy: 52.71%

Per-Class Validation Accuracy:
  No Thrust: 17.50% (21/120)
  Chemical: 47.50% (57/120)
  Electric: 67.50% (81/120)
  Impulsive: 78.33% (94/120)
Epoch [39/100], Training Loss: 0.8576
Validation Loss: 0.9597, Validation Accuracy: 52.29%

Per-Class Validation Accuracy:
  No Thrust: 75.83% (91/120)
  Chemical: 45.00% (54/120)
  Electric: 10.00% (12/120)
  Impulsive: 78.33% (94/120)
Early stopping triggered.

	Elapsed time is 28.7856 seconds.

==========================================================================================
Total parameters: 18004
Total memory (bytes): 144032
Total memory (MB): 0.137359619140625
==========================================================================================

LSTM Validation
Validation Loss: 0.9597, Validation Accuracy: 52.29%

Per-Class Validation Accuracy:
  No Thrust: 75.83% (91/120)
  Chemical: 45.00% (54/120)
  Electric: 10.00% (12/120)
  Impulsive: 78.33% (94/120)

Classification Report:
              precision    recall  f1-score   support

   No Thrust     0.4009    0.7583    0.5245       120
    Chemical     0.4954    0.4500    0.4716       120
    Electric     0.3333    0.1000    0.1538       120
   Impulsive     0.8704    0.7833    0.8246       120

    accuracy                         0.5229       480
   macro avg     0.5250    0.5229    0.4936       480
weighted avg     0.5250    0.5229    0.4936       480


Confusion Matrix (rows = true, cols = predicted):
             P_No Thrust  P_Chemical  P_Electric  P_Impulsive
T_No Thrust           91          16          12            1
T_Chemical            42          54          12           12
T_Electric            94          13          12            1
T_Impulsive            0          26           0           94

LSTM Inference Time	Elapsed time is 0.1901 seconds.

Entering Mamba Training Loop
Epoch [1/100], Training Loss: 1.3630
Validation Loss: 1.2694, Validation Accuracy: 38.54%

Per-Class Validation Accuracy:
  No Thrust: 55.83% (67/120)
  Chemical: 19.17% (23/120)
  Electric: 21.67% (26/120)
  Impulsive: 57.50% (69/120)
Epoch [2/100], Training Loss: 1.2140
Validation Loss: 1.1688, Validation Accuracy: 41.25%

Per-Class Validation Accuracy:
  No Thrust: 67.50% (81/120)
  Chemical: 11.67% (14/120)
  Electric: 0.00% (0/120)
  Impulsive: 85.83% (103/120)
Epoch [3/100], Training Loss: 1.1578
Validation Loss: 1.1399, Validation Accuracy: 43.54%

Per-Class Validation Accuracy:
  No Thrust: 1.67% (2/120)
  Chemical: 35.00% (42/120)
  Electric: 54.17% (65/120)
  Impulsive: 83.33% (100/120)
Epoch [4/100], Training Loss: 1.1372
Validation Loss: 1.1279, Validation Accuracy: 43.96%

Per-Class Validation Accuracy:
  No Thrust: 9.17% (11/120)
  Chemical: 30.00% (36/120)
  Electric: 43.33% (52/120)
  Impulsive: 93.33% (112/120)
Epoch [5/100], Training Loss: 1.1233
Validation Loss: 1.1196, Validation Accuracy: 44.58%

Per-Class Validation Accuracy:
  No Thrust: 20.00% (24/120)
  Chemical: 25.83% (31/120)
  Electric: 36.67% (44/120)
  Impulsive: 95.83% (115/120)
Epoch [6/100], Training Loss: 1.1110
Validation Loss: 1.1055, Validation Accuracy: 43.96%

Per-Class Validation Accuracy:
  No Thrust: 48.33% (58/120)
  Chemical: 22.50% (27/120)
  Electric: 12.50% (15/120)
  Impulsive: 92.50% (111/120)
Epoch [7/100], Training Loss: 1.0961
Validation Loss: 1.0972, Validation Accuracy: 45.00%

Per-Class Validation Accuracy:
  No Thrust: 55.00% (66/120)
  Chemical: 21.67% (26/120)
  Electric: 10.00% (12/120)
  Impulsive: 93.33% (112/120)
Epoch [8/100], Training Loss: 1.0844
Validation Loss: 1.0900, Validation Accuracy: 43.33%

Per-Class Validation Accuracy:
  No Thrust: 5.00% (6/120)
  Chemical: 40.83% (49/120)
  Electric: 35.83% (43/120)
  Impulsive: 91.67% (110/120)
Epoch [9/100], Training Loss: 1.0750
Validation Loss: 1.0668, Validation Accuracy: 44.17%

Per-Class Validation Accuracy:
  No Thrust: 0.00% (0/120)
  Chemical: 15.00% (18/120)
  Electric: 64.17% (77/120)
  Impulsive: 97.50% (117/120)
Epoch [10/100], Training Loss: 1.0550
Validation Loss: 1.0504, Validation Accuracy: 46.04%

Per-Class Validation Accuracy:
  No Thrust: 20.00% (24/120)
  Chemical: 25.00% (30/120)
  Electric: 41.67% (50/120)
  Impulsive: 97.50% (117/120)
Epoch [11/100], Training Loss: 1.0475
Validation Loss: 1.0454, Validation Accuracy: 46.46%

Per-Class Validation Accuracy:
  No Thrust: 4.17% (5/120)
  Chemical: 37.50% (45/120)
  Electric: 46.67% (56/120)
  Impulsive: 97.50% (117/120)
Epoch [12/100], Training Loss: 1.0235
Validation Loss: 1.0139, Validation Accuracy: 48.12%

Per-Class Validation Accuracy:
  No Thrust: 61.67% (74/120)
  Chemical: 34.17% (41/120)
  Electric: 0.83% (1/120)
  Impulsive: 95.83% (115/120)
Epoch [13/100], Training Loss: 1.0126
Validation Loss: 0.9892, Validation Accuracy: 47.08%

Per-Class Validation Accuracy:
  No Thrust: 33.33% (40/120)
  Chemical: 29.17% (35/120)
  Electric: 30.00% (36/120)
  Impulsive: 95.83% (115/120)
Epoch [14/100], Training Loss: 1.0011
Validation Loss: 0.9822, Validation Accuracy: 49.17%

Per-Class Validation Accuracy:
  No Thrust: 0.00% (0/120)
  Chemical: 40.83% (49/120)
  Electric: 58.33% (70/120)
  Impulsive: 97.50% (117/120)
Epoch [15/100], Training Loss: 0.9765
Validation Loss: 0.9526, Validation Accuracy: 51.04%

Per-Class Validation Accuracy:
  No Thrust: 13.33% (16/120)
  Chemical: 44.17% (53/120)
  Electric: 51.67% (62/120)
  Impulsive: 95.00% (114/120)
Epoch [16/100], Training Loss: 0.9612
Validation Loss: 0.9424, Validation Accuracy: 49.79%

Per-Class Validation Accuracy:
  No Thrust: 45.00% (54/120)
  Chemical: 40.83% (49/120)
  Electric: 18.33% (22/120)
  Impulsive: 95.00% (114/120)
Epoch [17/100], Training Loss: 0.9509
Validation Loss: 0.9247, Validation Accuracy: 49.79%

Per-Class Validation Accuracy:
  No Thrust: 35.00% (42/120)
  Chemical: 57.50% (69/120)
  Electric: 12.50% (15/120)
  Impulsive: 94.17% (113/120)
Epoch [18/100], Training Loss: 0.9394
Validation Loss: 0.9133, Validation Accuracy: 53.33%

Per-Class Validation Accuracy:
  No Thrust: 1.67% (2/120)
  Chemical: 46.67% (56/120)
  Electric: 70.00% (84/120)
  Impulsive: 95.00% (114/120)
Epoch [19/100], Training Loss: 0.9233
Validation Loss: 0.8917, Validation Accuracy: 52.08%

Per-Class Validation Accuracy:
  No Thrust: 0.00% (0/120)
  Chemical: 45.00% (54/120)
  Electric: 67.50% (81/120)
  Impulsive: 95.83% (115/120)
Epoch [20/100], Training Loss: 0.9162
Validation Loss: 0.8829, Validation Accuracy: 54.79%

Per-Class Validation Accuracy:
  No Thrust: 4.17% (5/120)
  Chemical: 58.33% (70/120)
  Electric: 60.83% (73/120)
  Impulsive: 95.83% (115/120)
Epoch [21/100], Training Loss: 0.9001
Validation Loss: 0.8854, Validation Accuracy: 56.88%

Per-Class Validation Accuracy:
  No Thrust: 58.33% (70/120)
  Chemical: 59.17% (71/120)
  Electric: 15.83% (19/120)
  Impulsive: 94.17% (113/120)
Epoch [22/100], Training Loss: 0.8950
Validation Loss: 0.8701, Validation Accuracy: 53.96%

Per-Class Validation Accuracy:
  No Thrust: 14.17% (17/120)
  Chemical: 58.33% (70/120)
  Electric: 48.33% (58/120)
  Impulsive: 95.00% (114/120)
Epoch [23/100], Training Loss: 0.8826
Validation Loss: 0.8600, Validation Accuracy: 56.04%

Per-Class Validation Accuracy:
  No Thrust: 35.83% (43/120)
  Chemical: 60.00% (72/120)
  Electric: 33.33% (40/120)
  Impulsive: 95.00% (114/120)
Epoch [24/100], Training Loss: 0.8824
Validation Loss: 0.8685, Validation Accuracy: 55.42%

Per-Class Validation Accuracy:
  No Thrust: 40.00% (48/120)
  Chemical: 48.33% (58/120)
  Electric: 38.33% (46/120)
  Impulsive: 95.00% (114/120)
Epoch [25/100], Training Loss: 0.8781
Validation Loss: 0.8719, Validation Accuracy: 57.71%

Per-Class Validation Accuracy:
  No Thrust: 40.00% (48/120)
  Chemical: 65.83% (79/120)
  Electric: 28.33% (34/120)
  Impulsive: 96.67% (116/120)
Epoch [26/100], Training Loss: 0.8589
Validation Loss: 0.8694, Validation Accuracy: 56.46%

Per-Class Validation Accuracy:
  No Thrust: 66.67% (80/120)
  Chemical: 52.50% (63/120)
  Electric: 9.17% (11/120)
  Impulsive: 97.50% (117/120)
Epoch [27/100], Training Loss: 0.8549
Validation Loss: 0.8753, Validation Accuracy: 57.50%

Per-Class Validation Accuracy:
  No Thrust: 27.50% (33/120)
  Chemical: 61.67% (74/120)
  Electric: 46.67% (56/120)
  Impulsive: 94.17% (113/120)
Epoch [28/100], Training Loss: 0.8500
Validation Loss: 0.8753, Validation Accuracy: 57.08%

Per-Class Validation Accuracy:
  No Thrust: 25.83% (31/120)
  Chemical: 71.67% (86/120)
  Electric: 34.17% (41/120)
  Impulsive: 96.67% (116/120)
Epoch [29/100], Training Loss: 0.8441
Validation Loss: 0.8408, Validation Accuracy: 57.50%

Per-Class Validation Accuracy:
  No Thrust: 65.00% (78/120)
  Chemical: 57.50% (69/120)
  Electric: 10.83% (13/120)
  Impulsive: 96.67% (116/120)
Epoch [30/100], Training Loss: 0.8465
Validation Loss: 0.8501, Validation Accuracy: 59.58%

Per-Class Validation Accuracy:
  No Thrust: 10.00% (12/120)
  Chemical: 61.67% (74/120)
  Electric: 69.17% (83/120)
  Impulsive: 97.50% (117/120)
Epoch [31/100], Training Loss: 0.8412
Validation Loss: 0.8698, Validation Accuracy: 59.38%

Per-Class Validation Accuracy:
  No Thrust: 44.17% (53/120)
  Chemical: 62.50% (75/120)
  Electric: 35.00% (42/120)
  Impulsive: 95.83% (115/120)
Epoch [32/100], Training Loss: 0.8251
Validation Loss: 0.8809, Validation Accuracy: 58.12%

Per-Class Validation Accuracy:
  No Thrust: 65.00% (78/120)
  Chemical: 57.50% (69/120)
  Electric: 14.17% (17/120)
  Impulsive: 95.83% (115/120)
Epoch [33/100], Training Loss: 0.8219
Validation Loss: 0.8836, Validation Accuracy: 55.62%

Per-Class Validation Accuracy:
  No Thrust: 32.50% (39/120)
  Chemical: 82.50% (99/120)
  Electric: 11.67% (14/120)
  Impulsive: 95.83% (115/120)
Epoch [34/100], Training Loss: 0.8341
Validation Loss: 0.8759, Validation Accuracy: 58.12%

Per-Class Validation Accuracy:
  No Thrust: 30.83% (37/120)
  Chemical: 70.00% (84/120)
  Electric: 34.17% (41/120)
  Impulsive: 97.50% (117/120)
Epoch [35/100], Training Loss: 0.8214
Validation Loss: 0.8465, Validation Accuracy: 58.33%

Per-Class Validation Accuracy:
  No Thrust: 52.50% (63/120)
  Chemical: 69.17% (83/120)
  Electric: 15.83% (19/120)
  Impulsive: 95.83% (115/120)
Epoch [36/100], Training Loss: 0.8141
Validation Loss: 0.8523, Validation Accuracy: 56.67%

Per-Class Validation Accuracy:
  No Thrust: 15.83% (19/120)
  Chemical: 57.50% (69/120)
  Electric: 57.50% (69/120)
  Impulsive: 95.83% (115/120)
Epoch [37/100], Training Loss: 0.8127
Validation Loss: 0.8686, Validation Accuracy: 57.92%

Per-Class Validation Accuracy:
  No Thrust: 60.00% (72/120)
  Chemical: 62.50% (75/120)
  Electric: 13.33% (16/120)
  Impulsive: 95.83% (115/120)
Epoch [38/100], Training Loss: 0.8081
Validation Loss: 0.8407, Validation Accuracy: 57.92%

Per-Class Validation Accuracy:
  No Thrust: 34.17% (41/120)
  Chemical: 65.00% (78/120)
  Electric: 34.17% (41/120)
  Impulsive: 98.33% (118/120)
Epoch [39/100], Training Loss: 0.8073
Validation Loss: 0.8478, Validation Accuracy: 56.25%

Per-Class Validation Accuracy:
  No Thrust: 22.50% (27/120)
  Chemical: 68.33% (82/120)
  Electric: 37.50% (45/120)
  Impulsive: 96.67% (116/120)
Epoch [40/100], Training Loss: 0.8063
Validation Loss: 0.8585, Validation Accuracy: 58.33%

Per-Class Validation Accuracy:
  No Thrust: 27.50% (33/120)
  Chemical: 62.50% (75/120)
  Electric: 47.50% (57/120)
  Impulsive: 95.83% (115/120)
Epoch [41/100], Training Loss: 0.8165
Validation Loss: 0.8601, Validation Accuracy: 58.33%

Per-Class Validation Accuracy:
  No Thrust: 50.83% (61/120)
  Chemical: 72.50% (87/120)
  Electric: 13.33% (16/120)
  Impulsive: 96.67% (116/120)
Epoch [42/100], Training Loss: 0.8064
Validation Loss: 0.8947, Validation Accuracy: 56.46%

Per-Class Validation Accuracy:
  No Thrust: 53.33% (64/120)
  Chemical: 62.50% (75/120)
  Electric: 14.17% (17/120)
  Impulsive: 95.83% (115/120)
Epoch [43/100], Training Loss: 0.7970
Validation Loss: 0.8731, Validation Accuracy: 58.75%

Per-Class Validation Accuracy:
  No Thrust: 58.33% (70/120)
  Chemical: 65.00% (78/120)
  Electric: 13.33% (16/120)
  Impulsive: 98.33% (118/120)
Epoch [44/100], Training Loss: 0.8048
Validation Loss: 0.8557, Validation Accuracy: 57.92%

Per-Class Validation Accuracy:
  No Thrust: 61.67% (74/120)
  Chemical: 64.17% (77/120)
  Electric: 10.00% (12/120)
  Impulsive: 95.83% (115/120)
Epoch [45/100], Training Loss: 0.7913
Validation Loss: 0.8556, Validation Accuracy: 57.50%

Per-Class Validation Accuracy:
  No Thrust: 53.33% (64/120)
  Chemical: 63.33% (76/120)
  Electric: 17.50% (21/120)
  Impulsive: 95.83% (115/120)
Epoch [46/100], Training Loss: 0.7908
Validation Loss: 0.8497, Validation Accuracy: 59.38%

Per-Class Validation Accuracy:
  No Thrust: 32.50% (39/120)
  Chemical: 69.17% (83/120)
  Electric: 39.17% (47/120)
  Impulsive: 96.67% (116/120)
Epoch [47/100], Training Loss: 0.7946
Validation Loss: 0.8674, Validation Accuracy: 57.92%

Per-Class Validation Accuracy:
  No Thrust: 46.67% (56/120)
  Chemical: 61.67% (74/120)
  Electric: 26.67% (32/120)
  Impulsive: 96.67% (116/120)
Epoch [48/100], Training Loss: 0.7950
Validation Loss: 0.8596, Validation Accuracy: 59.79%

Per-Class Validation Accuracy:
  No Thrust: 55.00% (66/120)
  Chemical: 67.50% (81/120)
  Electric: 20.00% (24/120)
  Impulsive: 96.67% (116/120)
Early stopping triggered.

	Elapsed time is 45.8136 seconds.

==========================================================================================
Total parameters: 6106
Total memory (bytes): 48848
Total memory (MB): 0.0465850830078125
==========================================================================================

Mamba Validation
Validation Loss: 0.8596, Validation Accuracy: 59.79%

Per-Class Validation Accuracy:
  No Thrust: 55.00% (66/120)
  Chemical: 67.50% (81/120)
  Electric: 20.00% (24/120)
  Impulsive: 96.67% (116/120)

Classification Report:
              precision    recall  f1-score   support

   No Thrust     0.4231    0.5500    0.4783       120
    Chemical     0.5473    0.6750    0.6045       120
    Electric     0.4211    0.2000    0.2712       120
   Impulsive     0.9748    0.9667    0.9707       120

    accuracy                         0.5979       480
   macro avg     0.5916    0.5979    0.5812       480
weighted avg     0.5916    0.5979    0.5812       480


Confusion Matrix (rows = true, cols = predicted):
             P_No Thrust  P_Chemical  P_Electric  P_Impulsive
T_No Thrust           66          33          21            0
T_Chemical            24          81          12            3
T_Electric            66          30          24            0
T_Impulsive            0           4           0          116

Mamba Inference Time	Elapsed time is 0.2337 seconds.
