Processing datasets for vleo with 10 minutes and 800 random systems.
GPU is available
Training data location: C:/Users/hu650776/GMAT-Thrust-Data/data/classification/vleo/10min-800
Test data location: C:/Users/hu650776/GMAT-Thrust-Data/data/classification/vleo/10min-800

Entering Decision Trees Training Loop

	Elapsed time is 0.2677 seconds.

==========================================================================================
Total parameters: NaN
Total memory (bytes): 428175
Total memory (MB): 0.4083395004272461
==========================================================================================

Decision Trees Validation
Validation Loss: 1.3896, Validation Accuracy: 24.38%

Per-Class Validation Accuracy:
  No Thrust: 20.83% (25/120)
  Chemical: 19.17% (23/120)
  Electric: 21.67% (26/120)
  Impulsive: 35.83% (43/120)

Classification Report:
              precision    recall  f1-score   support

   No Thrust     0.2604    0.2083    0.2315       120
    Chemical     0.2255    0.1917    0.2072       120
    Electric     0.2430    0.2167    0.2291       120
   Impulsive     0.2457    0.3583    0.2915       120

    accuracy                         0.2437       480
   macro avg     0.2437    0.2438    0.2398       480
weighted avg     0.2437    0.2437    0.2398       480


Confusion Matrix (rows = true, cols = predicted):
             P_No Thrust  P_Chemical  P_Electric  P_Impulsive
T_No Thrust           25          25          27           43
T_Chemical            24          23          27           46
T_Electric            25          26          26           43
T_Impulsive           22          28          27           43

Decision Trees Inference Time	Elapsed time is 0.0116 seconds.

Entering LSTM Training Loop
Epoch [1/100], Training Loss: 1.3887
Validation Loss: 1.3866, Validation Accuracy: 25.00%

Per-Class Validation Accuracy:
  No Thrust: 0.00% (0/120)
  Chemical: 0.00% (0/120)
  Electric: 0.00% (0/120)
  Impulsive: 100.00% (120/120)
Epoch [2/100], Training Loss: 1.3878
Validation Loss: 1.3867, Validation Accuracy: 25.00%

Per-Class Validation Accuracy:
  No Thrust: 0.00% (0/120)
  Chemical: 13.33% (16/120)
  Electric: 0.00% (0/120)
  Impulsive: 86.67% (104/120)
Epoch [3/100], Training Loss: 1.3873
Validation Loss: 1.3875, Validation Accuracy: 21.67%

Per-Class Validation Accuracy:
  No Thrust: 0.00% (0/120)
  Chemical: 0.00% (0/120)
  Electric: 73.33% (88/120)
  Impulsive: 13.33% (16/120)
Epoch [4/100], Training Loss: 1.3884
Validation Loss: 1.3864, Validation Accuracy: 25.00%

Per-Class Validation Accuracy:
  No Thrust: 100.00% (120/120)
  Chemical: 0.00% (0/120)
  Electric: 0.00% (0/120)
  Impulsive: 0.00% (0/120)
Epoch [5/100], Training Loss: 1.3878
Validation Loss: 1.3865, Validation Accuracy: 25.00%

Per-Class Validation Accuracy:
  No Thrust: 0.00% (0/120)
  Chemical: 0.00% (0/120)
  Electric: 0.00% (0/120)
  Impulsive: 100.00% (120/120)
Epoch [6/100], Training Loss: 1.3880
Validation Loss: 1.3865, Validation Accuracy: 25.00%

Per-Class Validation Accuracy:
  No Thrust: 0.00% (0/120)
  Chemical: 100.00% (120/120)
  Electric: 0.00% (0/120)
  Impulsive: 0.00% (0/120)
Epoch [7/100], Training Loss: 1.3872
Validation Loss: 1.3864, Validation Accuracy: 25.00%

Per-Class Validation Accuracy:
  No Thrust: 0.00% (0/120)
  Chemical: 0.00% (0/120)
  Electric: 100.00% (120/120)
  Impulsive: 0.00% (0/120)
Epoch [8/100], Training Loss: 1.3872
Validation Loss: 1.3865, Validation Accuracy: 25.00%

Per-Class Validation Accuracy:
  No Thrust: 0.00% (0/120)
  Chemical: 0.00% (0/120)
  Electric: 0.00% (0/120)
  Impulsive: 100.00% (120/120)
Epoch [9/100], Training Loss: 1.3873
Validation Loss: 1.3867, Validation Accuracy: 25.00%

Per-Class Validation Accuracy:
  No Thrust: 0.00% (0/120)
  Chemical: 0.00% (0/120)
  Electric: 100.00% (120/120)
  Impulsive: 0.00% (0/120)
Epoch [10/100], Training Loss: 1.3869
Validation Loss: 1.3866, Validation Accuracy: 25.00%

Per-Class Validation Accuracy:
  No Thrust: 0.00% (0/120)
  Chemical: 100.00% (120/120)
  Electric: 0.00% (0/120)
  Impulsive: 0.00% (0/120)
Epoch [11/100], Training Loss: 1.3869
Validation Loss: 1.3865, Validation Accuracy: 21.67%

Per-Class Validation Accuracy:
  No Thrust: 40.00% (48/120)
  Chemical: 46.67% (56/120)
  Electric: 0.00% (0/120)
  Impulsive: 0.00% (0/120)
Epoch [12/100], Training Loss: 1.3870
Validation Loss: 1.3864, Validation Accuracy: 21.67%

Per-Class Validation Accuracy:
  No Thrust: 40.00% (48/120)
  Chemical: 13.33% (16/120)
  Electric: 0.00% (0/120)
  Impulsive: 33.33% (40/120)
Epoch [13/100], Training Loss: 1.3869
Validation Loss: 1.3864, Validation Accuracy: 18.33%

Per-Class Validation Accuracy:
  No Thrust: 40.00% (48/120)
  Chemical: 33.33% (40/120)
  Electric: 0.00% (0/120)
  Impulsive: 0.00% (0/120)
Epoch [14/100], Training Loss: 1.3868
Validation Loss: 1.3864, Validation Accuracy: 21.67%

Per-Class Validation Accuracy:
  No Thrust: 0.00% (0/120)
  Chemical: 86.67% (104/120)
  Electric: 0.00% (0/120)
  Impulsive: 0.00% (0/120)
Early stopping triggered.

	Elapsed time is 10.5493 seconds.

==========================================================================================
Total parameters: 18004
Total memory (bytes): 144032
Total memory (MB): 0.137359619140625
==========================================================================================

LSTM Validation
Validation Loss: 1.3864, Validation Accuracy: 21.67%

Per-Class Validation Accuracy:
  No Thrust: 0.00% (0/120)
  Chemical: 86.67% (104/120)
  Electric: 0.00% (0/120)
  Impulsive: 0.00% (0/120)

Classification Report:
              precision    recall  f1-score   support

   No Thrust     0.0000    0.0000    0.0000       120
    Chemical     0.2321    0.8667    0.3662       120
    Electric     0.0000    0.0000    0.0000       120
   Impulsive     0.0000    0.0000    0.0000       120

    accuracy                         0.2167       480
   macro avg     0.0580    0.2167    0.0915       480
weighted avg     0.0580    0.2167    0.0915       480


Confusion Matrix (rows = true, cols = predicted):
             P_No Thrust  P_Chemical  P_Electric  P_Impulsive
T_No Thrust            0         120           0            0
T_Chemical            16         104           0            0
T_Electric             0         120           0            0
T_Impulsive           16         104           0            0

LSTM Inference Time	Elapsed time is 0.1709 seconds.

Entering Mamba Training Loop
Epoch [1/100], Training Loss: 1.3919
Validation Loss: 1.3888, Validation Accuracy: 25.00%

Per-Class Validation Accuracy:
  No Thrust: 50.83% (61/120)
  Chemical: 0.00% (0/120)
  Electric: 4.17% (5/120)
  Impulsive: 45.00% (54/120)
Epoch [2/100], Training Loss: 1.3889
Validation Loss: 1.3875, Validation Accuracy: 25.00%

Per-Class Validation Accuracy:
  No Thrust: 47.50% (57/120)
  Chemical: 3.33% (4/120)
  Electric: 3.33% (4/120)
  Impulsive: 45.83% (55/120)
Epoch [3/100], Training Loss: 1.3887
Validation Loss: 1.3870, Validation Accuracy: 24.79%

Per-Class Validation Accuracy:
  No Thrust: 45.83% (55/120)
  Chemical: 3.33% (4/120)
  Electric: 5.00% (6/120)
  Impulsive: 45.00% (54/120)
Epoch [4/100], Training Loss: 1.3877
Validation Loss: 1.3867, Validation Accuracy: 25.00%

Per-Class Validation Accuracy:
  No Thrust: 41.67% (50/120)
  Chemical: 9.17% (11/120)
  Electric: 12.50% (15/120)
  Impulsive: 36.67% (44/120)
Epoch [5/100], Training Loss: 1.3873
Validation Loss: 1.3866, Validation Accuracy: 24.79%

Per-Class Validation Accuracy:
  No Thrust: 43.33% (52/120)
  Chemical: 6.67% (8/120)
  Electric: 11.67% (14/120)
  Impulsive: 37.50% (45/120)
Epoch [6/100], Training Loss: 1.3874
Validation Loss: 1.3865, Validation Accuracy: 25.00%

Per-Class Validation Accuracy:
  No Thrust: 45.00% (54/120)
  Chemical: 5.00% (6/120)
  Electric: 4.17% (5/120)
  Impulsive: 45.83% (55/120)
Epoch [7/100], Training Loss: 1.3875
Validation Loss: 1.3865, Validation Accuracy: 25.00%

Per-Class Validation Accuracy:
  No Thrust: 53.33% (64/120)
  Chemical: 5.00% (6/120)
  Electric: 8.33% (10/120)
  Impulsive: 33.33% (40/120)
Epoch [8/100], Training Loss: 1.3874
Validation Loss: 1.3864, Validation Accuracy: 25.00%

Per-Class Validation Accuracy:
  No Thrust: 56.67% (68/120)
  Chemical: 5.00% (6/120)
  Electric: 20.83% (25/120)
  Impulsive: 17.50% (21/120)
Epoch [9/100], Training Loss: 1.3869
Validation Loss: 1.3864, Validation Accuracy: 25.00%

Per-Class Validation Accuracy:
  No Thrust: 36.67% (44/120)
  Chemical: 9.17% (11/120)
  Electric: 20.83% (25/120)
  Impulsive: 33.33% (40/120)
Epoch [10/100], Training Loss: 1.3868
Validation Loss: 1.3864, Validation Accuracy: 25.00%

Per-Class Validation Accuracy:
  No Thrust: 43.33% (52/120)
  Chemical: 22.50% (27/120)
  Electric: 11.67% (14/120)
  Impulsive: 22.50% (27/120)
Epoch [11/100], Training Loss: 1.3868
Validation Loss: 1.3864, Validation Accuracy: 25.00%

Per-Class Validation Accuracy:
  No Thrust: 38.33% (46/120)
  Chemical: 8.33% (10/120)
  Electric: 35.00% (42/120)
  Impulsive: 18.33% (22/120)
Epoch [12/100], Training Loss: 1.3868
Validation Loss: 1.3863, Validation Accuracy: 25.00%

Per-Class Validation Accuracy:
  No Thrust: 54.17% (65/120)
  Chemical: 25.00% (30/120)
  Electric: 9.17% (11/120)
  Impulsive: 11.67% (14/120)
Epoch [13/100], Training Loss: 1.3869
Validation Loss: 1.3863, Validation Accuracy: 25.00%

Per-Class Validation Accuracy:
  No Thrust: 51.67% (62/120)
  Chemical: 20.83% (25/120)
  Electric: 19.17% (23/120)
  Impulsive: 8.33% (10/120)
Epoch [14/100], Training Loss: 1.3868
Validation Loss: 1.3863, Validation Accuracy: 25.00%

Per-Class Validation Accuracy:
  No Thrust: 37.50% (45/120)
  Chemical: 18.33% (22/120)
  Electric: 22.50% (27/120)
  Impulsive: 21.67% (26/120)
Epoch [15/100], Training Loss: 1.3869
Validation Loss: 1.3863, Validation Accuracy: 24.79%

Per-Class Validation Accuracy:
  No Thrust: 40.83% (49/120)
  Chemical: 14.17% (17/120)
  Electric: 21.67% (26/120)
  Impulsive: 22.50% (27/120)
Epoch [16/100], Training Loss: 1.3865
Validation Loss: 1.3863, Validation Accuracy: 25.00%

Per-Class Validation Accuracy:
  No Thrust: 37.50% (45/120)
  Chemical: 20.00% (24/120)
  Electric: 20.83% (25/120)
  Impulsive: 21.67% (26/120)
Epoch [17/100], Training Loss: 1.3868
Validation Loss: 1.3863, Validation Accuracy: 25.00%

Per-Class Validation Accuracy:
  No Thrust: 35.00% (42/120)
  Chemical: 16.67% (20/120)
  Electric: 15.00% (18/120)
  Impulsive: 33.33% (40/120)
Epoch [18/100], Training Loss: 1.3866
Validation Loss: 1.3863, Validation Accuracy: 25.00%

Per-Class Validation Accuracy:
  No Thrust: 33.33% (40/120)
  Chemical: 17.50% (21/120)
  Electric: 14.17% (17/120)
  Impulsive: 35.00% (42/120)
Epoch [19/100], Training Loss: 1.3866
Validation Loss: 1.3863, Validation Accuracy: 25.00%

Per-Class Validation Accuracy:
  No Thrust: 38.33% (46/120)
  Chemical: 17.50% (21/120)
  Electric: 15.83% (19/120)
  Impulsive: 28.33% (34/120)
Epoch [20/100], Training Loss: 1.3865
Validation Loss: 1.3863, Validation Accuracy: 24.79%

Per-Class Validation Accuracy:
  No Thrust: 25.00% (30/120)
  Chemical: 19.17% (23/120)
  Electric: 20.00% (24/120)
  Impulsive: 35.00% (42/120)
Epoch [21/100], Training Loss: 1.3868
Validation Loss: 1.3863, Validation Accuracy: 25.00%

Per-Class Validation Accuracy:
  No Thrust: 48.33% (58/120)
  Chemical: 16.67% (20/120)
  Electric: 18.33% (22/120)
  Impulsive: 16.67% (20/120)
Epoch [22/100], Training Loss: 1.3865
Validation Loss: 1.3863, Validation Accuracy: 25.00%

Per-Class Validation Accuracy:
  No Thrust: 45.00% (54/120)
  Chemical: 18.33% (22/120)
  Electric: 18.33% (22/120)
  Impulsive: 18.33% (22/120)
Epoch [23/100], Training Loss: 1.3865
Validation Loss: 1.3863, Validation Accuracy: 25.21%

Per-Class Validation Accuracy:
  No Thrust: 40.83% (49/120)
  Chemical: 16.67% (20/120)
  Electric: 17.50% (21/120)
  Impulsive: 25.83% (31/120)
Epoch [24/100], Training Loss: 1.3865
Validation Loss: 1.3863, Validation Accuracy: 25.00%

Per-Class Validation Accuracy:
  No Thrust: 38.33% (46/120)
  Chemical: 18.33% (22/120)
  Electric: 21.67% (26/120)
  Impulsive: 21.67% (26/120)
Epoch [25/100], Training Loss: 1.3865
Validation Loss: 1.3863, Validation Accuracy: 24.58%

Per-Class Validation Accuracy:
  No Thrust: 42.50% (51/120)
  Chemical: 16.67% (20/120)
  Electric: 18.33% (22/120)
  Impulsive: 20.83% (25/120)
Epoch [26/100], Training Loss: 1.3863
Validation Loss: 1.3863, Validation Accuracy: 25.00%

Per-Class Validation Accuracy:
  No Thrust: 39.17% (47/120)
  Chemical: 19.17% (23/120)
  Electric: 20.00% (24/120)
  Impulsive: 21.67% (26/120)
Epoch [27/100], Training Loss: 1.3865
Validation Loss: 1.3863, Validation Accuracy: 25.00%

Per-Class Validation Accuracy:
  No Thrust: 46.67% (56/120)
  Chemical: 19.17% (23/120)
  Electric: 16.67% (20/120)
  Impulsive: 17.50% (21/120)
Epoch [28/100], Training Loss: 1.3863
Validation Loss: 1.3863, Validation Accuracy: 25.00%

Per-Class Validation Accuracy:
  No Thrust: 44.17% (53/120)
  Chemical: 20.00% (24/120)
  Electric: 15.83% (19/120)
  Impulsive: 20.00% (24/120)
Epoch [29/100], Training Loss: 1.3864
Validation Loss: 1.3863, Validation Accuracy: 25.00%

Per-Class Validation Accuracy:
  No Thrust: 40.83% (49/120)
  Chemical: 18.33% (22/120)
  Electric: 21.67% (26/120)
  Impulsive: 19.17% (23/120)
Epoch [30/100], Training Loss: 1.3864
Validation Loss: 1.3863, Validation Accuracy: 25.00%

Per-Class Validation Accuracy:
  No Thrust: 45.83% (55/120)
  Chemical: 20.00% (24/120)
  Electric: 16.67% (20/120)
  Impulsive: 17.50% (21/120)
Epoch [31/100], Training Loss: 1.3864
Validation Loss: 1.3863, Validation Accuracy: 25.00%

Per-Class Validation Accuracy:
  No Thrust: 45.83% (55/120)
  Chemical: 20.00% (24/120)
  Electric: 16.67% (20/120)
  Impulsive: 17.50% (21/120)
Epoch [32/100], Training Loss: 1.3863
Validation Loss: 1.3863, Validation Accuracy: 25.00%

Per-Class Validation Accuracy:
  No Thrust: 46.67% (56/120)
  Chemical: 20.00% (24/120)
  Electric: 17.50% (21/120)
  Impulsive: 15.83% (19/120)
Epoch [33/100], Training Loss: 1.3862
Validation Loss: 1.3863, Validation Accuracy: 25.00%

Per-Class Validation Accuracy:
  No Thrust: 45.83% (55/120)
  Chemical: 20.00% (24/120)
  Electric: 17.50% (21/120)
  Impulsive: 16.67% (20/120)
Epoch [34/100], Training Loss: 1.3864
Validation Loss: 1.3863, Validation Accuracy: 25.00%

Per-Class Validation Accuracy:
  No Thrust: 45.83% (55/120)
  Chemical: 20.00% (24/120)
  Electric: 17.50% (21/120)
  Impulsive: 16.67% (20/120)
Epoch [35/100], Training Loss: 1.3863
Validation Loss: 1.3863, Validation Accuracy: 25.00%

Per-Class Validation Accuracy:
  No Thrust: 44.17% (53/120)
  Chemical: 20.00% (24/120)
  Electric: 16.67% (20/120)
  Impulsive: 19.17% (23/120)
Epoch [36/100], Training Loss: 1.3864
Validation Loss: 1.3863, Validation Accuracy: 25.00%

Per-Class Validation Accuracy:
  No Thrust: 47.50% (57/120)
  Chemical: 20.00% (24/120)
  Electric: 17.50% (21/120)
  Impulsive: 15.00% (18/120)
Epoch [37/100], Training Loss: 1.3863
Validation Loss: 1.3863, Validation Accuracy: 25.00%

Per-Class Validation Accuracy:
  No Thrust: 46.67% (56/120)
  Chemical: 20.00% (24/120)
  Electric: 17.50% (21/120)
  Impulsive: 15.83% (19/120)
Epoch [38/100], Training Loss: 1.3864
Validation Loss: 1.3863, Validation Accuracy: 25.00%

Per-Class Validation Accuracy:
  No Thrust: 45.83% (55/120)
  Chemical: 20.00% (24/120)
  Electric: 16.67% (20/120)
  Impulsive: 17.50% (21/120)
Epoch [39/100], Training Loss: 1.3864
Validation Loss: 1.3863, Validation Accuracy: 24.79%

Per-Class Validation Accuracy:
  No Thrust: 44.17% (53/120)
  Chemical: 20.00% (24/120)
  Electric: 17.50% (21/120)
  Impulsive: 17.50% (21/120)
Epoch [40/100], Training Loss: 1.3863
Validation Loss: 1.3863, Validation Accuracy: 25.00%

Per-Class Validation Accuracy:
  No Thrust: 45.00% (54/120)
  Chemical: 20.00% (24/120)
  Electric: 18.33% (22/120)
  Impulsive: 16.67% (20/120)
Epoch [41/100], Training Loss: 1.3865
Validation Loss: 1.3863, Validation Accuracy: 25.21%

Per-Class Validation Accuracy:
  No Thrust: 45.83% (55/120)
  Chemical: 20.00% (24/120)
  Electric: 17.50% (21/120)
  Impulsive: 17.50% (21/120)
Epoch [42/100], Training Loss: 1.3862
Validation Loss: 1.3863, Validation Accuracy: 25.00%

Per-Class Validation Accuracy:
  No Thrust: 45.00% (54/120)
  Chemical: 20.00% (24/120)
  Electric: 17.50% (21/120)
  Impulsive: 17.50% (21/120)
Epoch [43/100], Training Loss: 1.3865
Validation Loss: 1.3863, Validation Accuracy: 25.00%

Per-Class Validation Accuracy:
  No Thrust: 45.83% (55/120)
  Chemical: 20.00% (24/120)
  Electric: 17.50% (21/120)
  Impulsive: 16.67% (20/120)
Epoch [44/100], Training Loss: 1.3864
Validation Loss: 1.3863, Validation Accuracy: 25.00%

Per-Class Validation Accuracy:
  No Thrust: 45.83% (55/120)
  Chemical: 20.00% (24/120)
  Electric: 17.50% (21/120)
  Impulsive: 16.67% (20/120)
Epoch [45/100], Training Loss: 1.3863
Validation Loss: 1.3863, Validation Accuracy: 25.00%

Per-Class Validation Accuracy:
  No Thrust: 45.83% (55/120)
  Chemical: 20.00% (24/120)
  Electric: 17.50% (21/120)
  Impulsive: 16.67% (20/120)
Epoch [46/100], Training Loss: 1.3863
Validation Loss: 1.3863, Validation Accuracy: 25.00%

Per-Class Validation Accuracy:
  No Thrust: 45.83% (55/120)
  Chemical: 20.00% (24/120)
  Electric: 17.50% (21/120)
  Impulsive: 16.67% (20/120)
Epoch [47/100], Training Loss: 1.3862
Validation Loss: 1.3863, Validation Accuracy: 25.00%

Per-Class Validation Accuracy:
  No Thrust: 45.83% (55/120)
  Chemical: 20.00% (24/120)
  Electric: 17.50% (21/120)
  Impulsive: 16.67% (20/120)
Epoch [48/100], Training Loss: 1.3864
Validation Loss: 1.3863, Validation Accuracy: 25.00%

Per-Class Validation Accuracy:
  No Thrust: 45.83% (55/120)
  Chemical: 20.00% (24/120)
  Electric: 17.50% (21/120)
  Impulsive: 16.67% (20/120)
Epoch [49/100], Training Loss: 1.3864
Validation Loss: 1.3863, Validation Accuracy: 25.00%

Per-Class Validation Accuracy:
  No Thrust: 45.83% (55/120)
  Chemical: 20.00% (24/120)
  Electric: 17.50% (21/120)
  Impulsive: 16.67% (20/120)
Epoch [50/100], Training Loss: 1.3863
Validation Loss: 1.3863, Validation Accuracy: 25.00%

Per-Class Validation Accuracy:
  No Thrust: 45.83% (55/120)
  Chemical: 20.00% (24/120)
  Electric: 17.50% (21/120)
  Impulsive: 16.67% (20/120)
Epoch [51/100], Training Loss: 1.3863
Validation Loss: 1.3863, Validation Accuracy: 25.00%

Per-Class Validation Accuracy:
  No Thrust: 45.83% (55/120)
  Chemical: 20.00% (24/120)
  Electric: 17.50% (21/120)
  Impulsive: 16.67% (20/120)
Epoch [52/100], Training Loss: 1.3863
Validation Loss: 1.3863, Validation Accuracy: 25.00%

Per-Class Validation Accuracy:
  No Thrust: 45.83% (55/120)
  Chemical: 20.00% (24/120)
  Electric: 17.50% (21/120)
  Impulsive: 16.67% (20/120)
Epoch [53/100], Training Loss: 1.3864
Validation Loss: 1.3863, Validation Accuracy: 25.00%

Per-Class Validation Accuracy:
  No Thrust: 45.83% (55/120)
  Chemical: 20.00% (24/120)
  Electric: 17.50% (21/120)
  Impulsive: 16.67% (20/120)
Epoch [54/100], Training Loss: 1.3863
Validation Loss: 1.3863, Validation Accuracy: 25.00%

Per-Class Validation Accuracy:
  No Thrust: 45.83% (55/120)
  Chemical: 20.00% (24/120)
  Electric: 17.50% (21/120)
  Impulsive: 16.67% (20/120)
Epoch [55/100], Training Loss: 1.3863
Validation Loss: 1.3863, Validation Accuracy: 24.79%

Per-Class Validation Accuracy:
  No Thrust: 45.00% (54/120)
  Chemical: 20.00% (24/120)
  Electric: 17.50% (21/120)
  Impulsive: 16.67% (20/120)
Epoch [56/100], Training Loss: 1.3863
Validation Loss: 1.3863, Validation Accuracy: 25.00%

Per-Class Validation Accuracy:
  No Thrust: 45.83% (55/120)
  Chemical: 20.00% (24/120)
  Electric: 17.50% (21/120)
  Impulsive: 16.67% (20/120)
Epoch [57/100], Training Loss: 1.3863
Validation Loss: 1.3863, Validation Accuracy: 25.00%

Per-Class Validation Accuracy:
  No Thrust: 45.83% (55/120)
  Chemical: 20.00% (24/120)
  Electric: 17.50% (21/120)
  Impulsive: 16.67% (20/120)
Epoch [58/100], Training Loss: 1.3863
Validation Loss: 1.3863, Validation Accuracy: 25.00%

Per-Class Validation Accuracy:
  No Thrust: 45.83% (55/120)
  Chemical: 20.00% (24/120)
  Electric: 17.50% (21/120)
  Impulsive: 16.67% (20/120)
Epoch [59/100], Training Loss: 1.3864
Validation Loss: 1.3863, Validation Accuracy: 25.00%

Per-Class Validation Accuracy:
  No Thrust: 45.83% (55/120)
  Chemical: 20.00% (24/120)
  Electric: 17.50% (21/120)
  Impulsive: 16.67% (20/120)
Epoch [60/100], Training Loss: 1.3863
Validation Loss: 1.3863, Validation Accuracy: 25.00%

Per-Class Validation Accuracy:
  No Thrust: 45.83% (55/120)
  Chemical: 20.00% (24/120)
  Electric: 17.50% (21/120)
  Impulsive: 16.67% (20/120)
Epoch [61/100], Training Loss: 1.3862
Validation Loss: 1.3863, Validation Accuracy: 24.79%

Per-Class Validation Accuracy:
  No Thrust: 45.00% (54/120)
  Chemical: 20.00% (24/120)
  Electric: 17.50% (21/120)
  Impulsive: 16.67% (20/120)
Epoch [62/100], Training Loss: 1.3863
Validation Loss: 1.3863, Validation Accuracy: 25.00%

Per-Class Validation Accuracy:
  No Thrust: 45.83% (55/120)
  Chemical: 20.00% (24/120)
  Electric: 17.50% (21/120)
  Impulsive: 16.67% (20/120)
Epoch [63/100], Training Loss: 1.3864
Validation Loss: 1.3863, Validation Accuracy: 24.79%

Per-Class Validation Accuracy:
  No Thrust: 45.00% (54/120)
  Chemical: 20.00% (24/120)
  Electric: 17.50% (21/120)
  Impulsive: 16.67% (20/120)
Epoch [64/100], Training Loss: 1.3864
Validation Loss: 1.3863, Validation Accuracy: 24.79%

Per-Class Validation Accuracy:
  No Thrust: 45.00% (54/120)
  Chemical: 20.00% (24/120)
  Electric: 17.50% (21/120)
  Impulsive: 16.67% (20/120)
Epoch [65/100], Training Loss: 1.3862
Validation Loss: 1.3863, Validation Accuracy: 24.79%

Per-Class Validation Accuracy:
  No Thrust: 45.00% (54/120)
  Chemical: 20.00% (24/120)
  Electric: 17.50% (21/120)
  Impulsive: 16.67% (20/120)
Epoch [66/100], Training Loss: 1.3864
Validation Loss: 1.3863, Validation Accuracy: 24.79%

Per-Class Validation Accuracy:
  No Thrust: 45.00% (54/120)
  Chemical: 20.00% (24/120)
  Electric: 17.50% (21/120)
  Impulsive: 16.67% (20/120)
Epoch [67/100], Training Loss: 1.3863
Validation Loss: 1.3863, Validation Accuracy: 24.79%

Per-Class Validation Accuracy:
  No Thrust: 45.00% (54/120)
  Chemical: 20.00% (24/120)
  Electric: 17.50% (21/120)
  Impulsive: 16.67% (20/120)
Epoch [68/100], Training Loss: 1.3863
Validation Loss: 1.3863, Validation Accuracy: 24.79%

Per-Class Validation Accuracy:
  No Thrust: 45.00% (54/120)
  Chemical: 20.00% (24/120)
  Electric: 17.50% (21/120)
  Impulsive: 16.67% (20/120)
Epoch [69/100], Training Loss: 1.3863
Validation Loss: 1.3863, Validation Accuracy: 24.79%

Per-Class Validation Accuracy:
  No Thrust: 45.00% (54/120)
  Chemical: 20.00% (24/120)
  Electric: 17.50% (21/120)
  Impulsive: 16.67% (20/120)
Epoch [70/100], Training Loss: 1.3862
Validation Loss: 1.3863, Validation Accuracy: 24.79%

Per-Class Validation Accuracy:
  No Thrust: 45.00% (54/120)
  Chemical: 20.00% (24/120)
  Electric: 17.50% (21/120)
  Impulsive: 16.67% (20/120)
Epoch [71/100], Training Loss: 1.3864
Validation Loss: 1.3863, Validation Accuracy: 24.79%

Per-Class Validation Accuracy:
  No Thrust: 45.00% (54/120)
  Chemical: 20.00% (24/120)
  Electric: 17.50% (21/120)
  Impulsive: 16.67% (20/120)
Epoch [72/100], Training Loss: 1.3865
Validation Loss: 1.3863, Validation Accuracy: 24.79%

Per-Class Validation Accuracy:
  No Thrust: 45.00% (54/120)
  Chemical: 20.00% (24/120)
  Electric: 17.50% (21/120)
  Impulsive: 16.67% (20/120)
Epoch [73/100], Training Loss: 1.3863
Validation Loss: 1.3863, Validation Accuracy: 24.79%

Per-Class Validation Accuracy:
  No Thrust: 45.00% (54/120)
  Chemical: 20.00% (24/120)
  Electric: 17.50% (21/120)
  Impulsive: 16.67% (20/120)
Epoch [74/100], Training Loss: 1.3863
Validation Loss: 1.3863, Validation Accuracy: 24.79%

Per-Class Validation Accuracy:
  No Thrust: 45.00% (54/120)
  Chemical: 20.00% (24/120)
  Electric: 17.50% (21/120)
  Impulsive: 16.67% (20/120)
Epoch [75/100], Training Loss: 1.3864
Validation Loss: 1.3863, Validation Accuracy: 24.79%

Per-Class Validation Accuracy:
  No Thrust: 45.00% (54/120)
  Chemical: 20.00% (24/120)
  Electric: 17.50% (21/120)
  Impulsive: 16.67% (20/120)
Epoch [76/100], Training Loss: 1.3863
Validation Loss: 1.3863, Validation Accuracy: 24.79%

Per-Class Validation Accuracy:
  No Thrust: 45.00% (54/120)
  Chemical: 20.00% (24/120)
  Electric: 17.50% (21/120)
  Impulsive: 16.67% (20/120)
Epoch [77/100], Training Loss: 1.3862
Validation Loss: 1.3863, Validation Accuracy: 24.79%

Per-Class Validation Accuracy:
  No Thrust: 45.00% (54/120)
  Chemical: 20.00% (24/120)
  Electric: 17.50% (21/120)
  Impulsive: 16.67% (20/120)
Epoch [78/100], Training Loss: 1.3865
Validation Loss: 1.3863, Validation Accuracy: 24.79%

Per-Class Validation Accuracy:
  No Thrust: 45.00% (54/120)
  Chemical: 20.00% (24/120)
  Electric: 17.50% (21/120)
  Impulsive: 16.67% (20/120)
Epoch [79/100], Training Loss: 1.3862
Validation Loss: 1.3863, Validation Accuracy: 24.79%

Per-Class Validation Accuracy:
  No Thrust: 45.00% (54/120)
  Chemical: 20.00% (24/120)
  Electric: 17.50% (21/120)
  Impulsive: 16.67% (20/120)
Epoch [80/100], Training Loss: 1.3863
Validation Loss: 1.3863, Validation Accuracy: 24.79%

Per-Class Validation Accuracy:
  No Thrust: 45.00% (54/120)
  Chemical: 20.00% (24/120)
  Electric: 17.50% (21/120)
  Impulsive: 16.67% (20/120)
Epoch [81/100], Training Loss: 1.3864
Validation Loss: 1.3863, Validation Accuracy: 24.79%

Per-Class Validation Accuracy:
  No Thrust: 45.00% (54/120)
  Chemical: 20.00% (24/120)
  Electric: 17.50% (21/120)
  Impulsive: 16.67% (20/120)
Epoch [82/100], Training Loss: 1.3864
Validation Loss: 1.3863, Validation Accuracy: 24.79%

Per-Class Validation Accuracy:
  No Thrust: 45.00% (54/120)
  Chemical: 20.00% (24/120)
  Electric: 17.50% (21/120)
  Impulsive: 16.67% (20/120)
Epoch [83/100], Training Loss: 1.3863
Validation Loss: 1.3863, Validation Accuracy: 24.79%

Per-Class Validation Accuracy:
  No Thrust: 45.00% (54/120)
  Chemical: 20.00% (24/120)
  Electric: 17.50% (21/120)
  Impulsive: 16.67% (20/120)
Epoch [84/100], Training Loss: 1.3863
Validation Loss: 1.3863, Validation Accuracy: 24.79%

Per-Class Validation Accuracy:
  No Thrust: 45.00% (54/120)
  Chemical: 20.00% (24/120)
  Electric: 17.50% (21/120)
  Impulsive: 16.67% (20/120)
Epoch [85/100], Training Loss: 1.3864
Validation Loss: 1.3863, Validation Accuracy: 24.79%

Per-Class Validation Accuracy:
  No Thrust: 45.00% (54/120)
  Chemical: 20.00% (24/120)
  Electric: 17.50% (21/120)
  Impulsive: 16.67% (20/120)
Epoch [86/100], Training Loss: 1.3863
Validation Loss: 1.3863, Validation Accuracy: 24.79%

Per-Class Validation Accuracy:
  No Thrust: 45.00% (54/120)
  Chemical: 20.00% (24/120)
  Electric: 17.50% (21/120)
  Impulsive: 16.67% (20/120)
Epoch [87/100], Training Loss: 1.3862
Validation Loss: 1.3863, Validation Accuracy: 24.79%

Per-Class Validation Accuracy:
  No Thrust: 45.00% (54/120)
  Chemical: 20.00% (24/120)
  Electric: 17.50% (21/120)
  Impulsive: 16.67% (20/120)
Epoch [88/100], Training Loss: 1.3863
Validation Loss: 1.3863, Validation Accuracy: 24.79%

Per-Class Validation Accuracy:
  No Thrust: 45.00% (54/120)
  Chemical: 20.00% (24/120)
  Electric: 17.50% (21/120)
  Impulsive: 16.67% (20/120)
Epoch [89/100], Training Loss: 1.3862
Validation Loss: 1.3863, Validation Accuracy: 24.79%

Per-Class Validation Accuracy:
  No Thrust: 45.00% (54/120)
  Chemical: 20.00% (24/120)
  Electric: 17.50% (21/120)
  Impulsive: 16.67% (20/120)
Epoch [90/100], Training Loss: 1.3863
Validation Loss: 1.3863, Validation Accuracy: 24.79%

Per-Class Validation Accuracy:
  No Thrust: 45.00% (54/120)
  Chemical: 20.00% (24/120)
  Electric: 17.50% (21/120)
  Impulsive: 16.67% (20/120)
Epoch [91/100], Training Loss: 1.3864
Validation Loss: 1.3863, Validation Accuracy: 24.79%

Per-Class Validation Accuracy:
  No Thrust: 45.00% (54/120)
  Chemical: 20.00% (24/120)
  Electric: 17.50% (21/120)
  Impulsive: 16.67% (20/120)
Epoch [92/100], Training Loss: 1.3863
Validation Loss: 1.3863, Validation Accuracy: 24.79%

Per-Class Validation Accuracy:
  No Thrust: 45.00% (54/120)
  Chemical: 20.00% (24/120)
  Electric: 17.50% (21/120)
  Impulsive: 16.67% (20/120)
Epoch [93/100], Training Loss: 1.3864
Validation Loss: 1.3863, Validation Accuracy: 24.79%

Per-Class Validation Accuracy:
  No Thrust: 45.00% (54/120)
  Chemical: 20.00% (24/120)
  Electric: 17.50% (21/120)
  Impulsive: 16.67% (20/120)
Epoch [94/100], Training Loss: 1.3863
Validation Loss: 1.3863, Validation Accuracy: 24.79%

Per-Class Validation Accuracy:
  No Thrust: 45.00% (54/120)
  Chemical: 20.00% (24/120)
  Electric: 17.50% (21/120)
  Impulsive: 16.67% (20/120)
Epoch [95/100], Training Loss: 1.3864
Validation Loss: 1.3863, Validation Accuracy: 24.79%

Per-Class Validation Accuracy:
  No Thrust: 45.00% (54/120)
  Chemical: 20.00% (24/120)
  Electric: 17.50% (21/120)
  Impulsive: 16.67% (20/120)
Epoch [96/100], Training Loss: 1.3862
Validation Loss: 1.3863, Validation Accuracy: 24.79%

Per-Class Validation Accuracy:
  No Thrust: 45.00% (54/120)
  Chemical: 20.00% (24/120)
  Electric: 17.50% (21/120)
  Impulsive: 16.67% (20/120)
Epoch [97/100], Training Loss: 1.3864
Validation Loss: 1.3863, Validation Accuracy: 24.79%

Per-Class Validation Accuracy:
  No Thrust: 45.00% (54/120)
  Chemical: 20.00% (24/120)
  Electric: 17.50% (21/120)
  Impulsive: 16.67% (20/120)
Epoch [98/100], Training Loss: 1.3863
Validation Loss: 1.3863, Validation Accuracy: 24.79%

Per-Class Validation Accuracy:
  No Thrust: 45.00% (54/120)
  Chemical: 20.00% (24/120)
  Electric: 17.50% (21/120)
  Impulsive: 16.67% (20/120)
Epoch [99/100], Training Loss: 1.3863
Validation Loss: 1.3863, Validation Accuracy: 24.79%

Per-Class Validation Accuracy:
  No Thrust: 45.00% (54/120)
  Chemical: 20.00% (24/120)
  Electric: 17.50% (21/120)
  Impulsive: 16.67% (20/120)
Epoch [100/100], Training Loss: 1.3864
Validation Loss: 1.3863, Validation Accuracy: 24.79%

Per-Class Validation Accuracy:
  No Thrust: 45.00% (54/120)
  Chemical: 20.00% (24/120)
  Electric: 17.50% (21/120)
  Impulsive: 16.67% (20/120)

	Elapsed time is 93.8622 seconds.

==========================================================================================
Total parameters: 6106
Total memory (bytes): 48848
Total memory (MB): 0.0465850830078125
==========================================================================================

Mamba Validation
Validation Loss: 1.3863, Validation Accuracy: 24.79%

Per-Class Validation Accuracy:
  No Thrust: 45.00% (54/120)
  Chemical: 20.00% (24/120)
  Electric: 17.50% (21/120)
  Impulsive: 16.67% (20/120)

Classification Report:
              precision    recall  f1-score   support

   No Thrust     0.2488    0.4500    0.3205       120
    Chemical     0.2500    0.2000    0.2222       120
    Electric     0.2500    0.1750    0.2059       120
   Impulsive     0.2410    0.1667    0.1970       120

    accuracy                         0.2479       480
   macro avg     0.2475    0.2479    0.2364       480
weighted avg     0.2475    0.2479    0.2364       480


Confusion Matrix (rows = true, cols = predicted):
             P_No Thrust  P_Chemical  P_Electric  P_Impulsive
T_No Thrust           54          24          21           21
T_Chemical            54          24          21           21
T_Electric            54          24          21           21
T_Impulsive           55          24          21           20

Mamba Inference Time	Elapsed time is 0.1827 seconds.
