Processing datasets for vleo with 10 minutes and 800 random systems.
GPU is available
Training data location: /home/hunter/git/GMAT-Thrust-Data/data/classification/vleo/10min-800
Test data location: /home/hunter/git/GMAT-Thrust-Data/data/classification/vleo/10min-800

Entering Decision Trees Training Loop

	Elapsed time is 0.1040 seconds.

==========================================================================================
Total parameters: NaN
Total memory (bytes): 352022
Total memory (MB): 0.33571434020996094
==========================================================================================

Decision Trees Validation
Validation Loss: 0.7983, Validation Accuracy: 62.50%

Per-Class Validation Accuracy:
  No Thrust: 42.50% (68/160)
  Chemical: 69.38% (111/160)
  Electric: 38.75% (62/160)
  Impulsive: 99.38% (159/160)

Classification Report:
              precision    recall  f1-score   support

   No Thrust     0.4331    0.4250    0.4290       160
    Chemical     0.6727    0.6937    0.6831       160
    Electric     0.3899    0.3875    0.3887       160
   Impulsive     1.0000    0.9938    0.9969       160

    accuracy                         0.6250       640
   macro avg     0.6239    0.6250    0.6244       640
weighted avg     0.6239    0.6250    0.6244       640


Confusion Matrix (rows = true, cols = predicted):
             P_No Thrust  P_Chemical  P_Electric  P_Impulsive
T_No Thrust           68          26          66            0
T_Chemical            18         111          31            0
T_Electric            71          27          62            0
T_Impulsive            0           1           0          159

Decision Trees Inference Time	Elapsed time is 0.0198 seconds.

Entering Nearest Neighbor Training Loop

	Elapsed time is 0.0632 seconds.

==========================================================================================
Total parameters: NaN (non-parametric model)
Total memory (bytes): 3591167
Total memory (MB): 3.4248
==========================================================================================

1-NN Validation
Validation Loss: NaN, Validation Accuracy: 45.78%

Per-Class Validation Accuracy:
  No Thrust: 27.50% (44/160)
  Chemical: 45.00% (72/160)
  Electric: 31.25% (50/160)
  Impulsive: 79.38% (127/160)

Classification Report:
              precision    recall  f1-score   support

   No Thrust     0.3793    0.2750    0.3188       160
    Chemical     0.3636    0.4500    0.4022       160
    Electric     0.3571    0.3125    0.3333       160
   Impulsive     0.6828    0.7937    0.7341       160

    accuracy                         0.4578       640
   macro avg     0.4457    0.4578    0.4471       640
weighted avg     0.4457    0.4578    0.4471       640


Confusion Matrix (rows = true, cols = predicted):
             P_No Thrust  P_Chemical  P_Electric  P_Impulsive
T_No Thrust           44          52          51           13
T_Chemical            25          72          33           30
T_Electric            43          51          50           16
T_Impulsive            4          23           6          127

1-NN Inference Time	Elapsed time is 0.7533 seconds.

Entering MiniRocket Training Loop

	Elapsed time is 3.9874 seconds.

==========================================================================================
Total parameters: 9996
Total memory (bytes): 606683
Total memory (MB): 0.5786
==========================================================================================

MiniRocket Validation
Validation Loss: NaN, Validation Accuracy: 67.81%

Per-Class Validation Accuracy:
  No Thrust: 47.50% (76/160)
  Chemical: 78.12% (125/160)
  Electric: 46.88% (75/160)
  Impulsive: 98.75% (158/160)

Classification Report:
              precision    recall  f1-score   support

   No Thrust     0.4578    0.4750    0.4663       160
    Chemical     0.7764    0.7812    0.7788       160
    Electric     0.4839    0.4688    0.4762       160
   Impulsive     1.0000    0.9875    0.9937       160

    accuracy                         0.6781       640
   macro avg     0.6795    0.6781    0.6787       640
weighted avg     0.6795    0.6781    0.6787       640


Confusion Matrix (rows = true, cols = predicted):
             P_No Thrust  P_Chemical  P_Electric  P_Impulsive
T_No Thrust           76          20          64            0
T_Chemical            19         125          16            0
T_Electric            69          16          75            0
T_Impulsive            2           0           0          158

MiniRocket Inference Time	Elapsed time is 1.2924 seconds.

Entering LSTM Training Loop
Epoch [1/100], Training Loss: 1.3925
Validation Loss: 1.3899, Validation Accuracy: 25.00%

Per-Class Validation Accuracy:
  No Thrust: 0.00% (0/160)
  Chemical: 0.00% (0/160)
  Electric: 100.00% (160/160)
  Impulsive: 0.00% (0/160)
Epoch [2/100], Training Loss: 1.3888
Validation Loss: 1.3882, Validation Accuracy: 13.28%

Per-Class Validation Accuracy:
  No Thrust: 53.12% (85/160)
  Chemical: 0.00% (0/160)
  Electric: 0.00% (0/160)
  Impulsive: 0.00% (0/160)
Epoch [3/100], Training Loss: 1.3896
Validation Loss: 1.3874, Validation Accuracy: 24.84%

Per-Class Validation Accuracy:
  No Thrust: 50.00% (80/160)
  Chemical: 0.00% (0/160)
  Electric: 49.38% (79/160)
  Impulsive: 0.00% (0/160)
Epoch [4/100], Training Loss: 1.3900
Validation Loss: 1.3872, Validation Accuracy: 24.69%

Per-Class Validation Accuracy:
  No Thrust: 0.00% (0/160)
  Chemical: 0.00% (0/160)
  Electric: 98.75% (158/160)
  Impulsive: 0.00% (0/160)
Epoch [5/100], Training Loss: 1.3854
Validation Loss: 1.3897, Validation Accuracy: 17.97%

Per-Class Validation Accuracy:
  No Thrust: 67.50% (108/160)
  Chemical: 0.00% (0/160)
  Electric: 0.00% (0/160)
  Impulsive: 4.38% (7/160)
Epoch [6/100], Training Loss: 1.3485
Validation Loss: 1.3457, Validation Accuracy: 31.25%

Per-Class Validation Accuracy:
  No Thrust: 0.00% (0/160)
  Chemical: 1.88% (3/160)
  Electric: 84.38% (135/160)
  Impulsive: 38.75% (62/160)
Epoch [7/100], Training Loss: 1.2617
Validation Loss: 1.3047, Validation Accuracy: 34.38%

Per-Class Validation Accuracy:
  No Thrust: 0.00% (0/160)
  Chemical: 7.50% (12/160)
  Electric: 78.12% (125/160)
  Impulsive: 51.88% (83/160)
Epoch [8/100], Training Loss: 1.1989
Validation Loss: 1.3083, Validation Accuracy: 35.47%

Per-Class Validation Accuracy:
  No Thrust: 81.88% (131/160)
  Chemical: 11.88% (19/160)
  Electric: 0.00% (0/160)
  Impulsive: 48.12% (77/160)
Epoch [9/100], Training Loss: 1.1400
Validation Loss: 1.2550, Validation Accuracy: 38.12%

Per-Class Validation Accuracy:
  No Thrust: 9.38% (15/160)
  Chemical: 8.12% (13/160)
  Electric: 71.88% (115/160)
  Impulsive: 63.12% (101/160)
Epoch [10/100], Training Loss: 1.1182
Validation Loss: 1.3406, Validation Accuracy: 35.78%

Per-Class Validation Accuracy:
  No Thrust: 0.00% (0/160)
  Chemical: 16.25% (26/160)
  Electric: 67.50% (108/160)
  Impulsive: 59.38% (95/160)
Epoch [11/100], Training Loss: 1.0994
Validation Loss: 1.2658, Validation Accuracy: 36.72%

Per-Class Validation Accuracy:
  No Thrust: 0.00% (0/160)
  Chemical: 24.38% (39/160)
  Electric: 74.38% (119/160)
  Impulsive: 48.12% (77/160)
Epoch [12/100], Training Loss: 1.0616
Validation Loss: 1.1866, Validation Accuracy: 42.34%

Per-Class Validation Accuracy:
  No Thrust: 84.38% (135/160)
  Chemical: 22.50% (36/160)
  Electric: 0.00% (0/160)
  Impulsive: 62.50% (100/160)
Epoch [13/100], Training Loss: 1.0434
Validation Loss: 1.1948, Validation Accuracy: 41.09%

Per-Class Validation Accuracy:
  No Thrust: 83.12% (133/160)
  Chemical: 22.50% (36/160)
  Electric: 0.00% (0/160)
  Impulsive: 58.75% (94/160)
Epoch [14/100], Training Loss: 1.0357
Validation Loss: 1.1960, Validation Accuracy: 41.25%

Per-Class Validation Accuracy:
  No Thrust: 81.88% (131/160)
  Chemical: 15.62% (25/160)
  Electric: 0.00% (0/160)
  Impulsive: 67.50% (108/160)
Epoch [15/100], Training Loss: 1.0422
Validation Loss: 1.1708, Validation Accuracy: 39.69%

Per-Class Validation Accuracy:
  No Thrust: 39.38% (63/160)
  Chemical: 20.62% (33/160)
  Electric: 31.25% (50/160)
  Impulsive: 67.50% (108/160)
Epoch [16/100], Training Loss: 1.0171
Validation Loss: 1.2010, Validation Accuracy: 41.09%

Per-Class Validation Accuracy:
  No Thrust: 0.00% (0/160)
  Chemical: 9.38% (15/160)
  Electric: 86.25% (138/160)
  Impulsive: 68.75% (110/160)
Epoch [17/100], Training Loss: 1.0404
Validation Loss: 1.2086, Validation Accuracy: 44.06%

Per-Class Validation Accuracy:
  No Thrust: 0.00% (0/160)
  Chemical: 21.25% (34/160)
  Electric: 77.50% (124/160)
  Impulsive: 77.50% (124/160)
Epoch [18/100], Training Loss: 1.0372
Validation Loss: 1.1695, Validation Accuracy: 44.69%

Per-Class Validation Accuracy:
  No Thrust: 75.00% (120/160)
  Chemical: 38.75% (62/160)
  Electric: 2.50% (4/160)
  Impulsive: 62.50% (100/160)
Epoch [19/100], Training Loss: 1.0316
Validation Loss: 1.1651, Validation Accuracy: 43.75%

Per-Class Validation Accuracy:
  No Thrust: 0.00% (0/160)
  Chemical: 23.75% (38/160)
  Electric: 82.50% (132/160)
  Impulsive: 68.75% (110/160)
Epoch [20/100], Training Loss: 1.0154
Validation Loss: 1.1826, Validation Accuracy: 42.34%

Per-Class Validation Accuracy:
  No Thrust: 81.25% (130/160)
  Chemical: 17.50% (28/160)
  Electric: 0.00% (0/160)
  Impulsive: 70.62% (113/160)
Epoch [21/100], Training Loss: 1.0217
Validation Loss: 1.1771, Validation Accuracy: 47.19%

Per-Class Validation Accuracy:
  No Thrust: 73.12% (117/160)
  Chemical: 38.12% (61/160)
  Electric: 0.00% (0/160)
  Impulsive: 77.50% (124/160)
Epoch [22/100], Training Loss: 1.0138
Validation Loss: 1.1914, Validation Accuracy: 42.03%

Per-Class Validation Accuracy:
  No Thrust: 0.00% (0/160)
  Chemical: 25.00% (40/160)
  Electric: 82.50% (132/160)
  Impulsive: 60.62% (97/160)
Epoch [23/100], Training Loss: 1.0262
Validation Loss: 1.1706, Validation Accuracy: 44.22%

Per-Class Validation Accuracy:
  No Thrust: 0.00% (0/160)
  Chemical: 51.88% (83/160)
  Electric: 60.62% (97/160)
  Impulsive: 64.38% (103/160)
Epoch [24/100], Training Loss: 1.0031
Validation Loss: 1.1990, Validation Accuracy: 43.59%

Per-Class Validation Accuracy:
  No Thrust: 77.50% (124/160)
  Chemical: 11.88% (19/160)
  Electric: 4.38% (7/160)
  Impulsive: 80.62% (129/160)
Epoch [25/100], Training Loss: 1.0256
Validation Loss: 1.1567, Validation Accuracy: 45.47%

Per-Class Validation Accuracy:
  No Thrust: 80.62% (129/160)
  Chemical: 26.25% (42/160)
  Electric: 5.00% (8/160)
  Impulsive: 70.00% (112/160)
Epoch [26/100], Training Loss: 0.9943
Validation Loss: 1.1358, Validation Accuracy: 46.88%

Per-Class Validation Accuracy:
  No Thrust: 0.00% (0/160)
  Chemical: 33.12% (53/160)
  Electric: 80.62% (129/160)
  Impulsive: 73.75% (118/160)
Epoch [27/100], Training Loss: 0.9792
Validation Loss: 1.1338, Validation Accuracy: 44.22%

Per-Class Validation Accuracy:
  No Thrust: 0.00% (0/160)
  Chemical: 17.50% (28/160)
  Electric: 86.25% (138/160)
  Impulsive: 73.12% (117/160)
Epoch [28/100], Training Loss: 1.0058
Validation Loss: 1.2083, Validation Accuracy: 40.00%

Per-Class Validation Accuracy:
  No Thrust: 81.88% (131/160)
  Chemical: 15.62% (25/160)
  Electric: 0.00% (0/160)
  Impulsive: 62.50% (100/160)
Epoch [29/100], Training Loss: 0.9669
Validation Loss: 1.1936, Validation Accuracy: 45.00%

Per-Class Validation Accuracy:
  No Thrust: 71.25% (114/160)
  Chemical: 16.88% (27/160)
  Electric: 11.88% (19/160)
  Impulsive: 80.00% (128/160)
Epoch [30/100], Training Loss: 0.9555
Validation Loss: 1.1693, Validation Accuracy: 45.31%

Per-Class Validation Accuracy:
  No Thrust: 37.50% (60/160)
  Chemical: 11.88% (19/160)
  Electric: 58.75% (94/160)
  Impulsive: 73.12% (117/160)
Epoch [31/100], Training Loss: 0.9744
Validation Loss: 1.1771, Validation Accuracy: 41.56%

Per-Class Validation Accuracy:
  No Thrust: 83.75% (134/160)
  Chemical: 20.62% (33/160)
  Electric: 0.00% (0/160)
  Impulsive: 61.88% (99/160)
Epoch [32/100], Training Loss: 0.9855
Validation Loss: 1.1593, Validation Accuracy: 45.00%

Per-Class Validation Accuracy:
  No Thrust: 48.12% (77/160)
  Chemical: 26.88% (43/160)
  Electric: 38.12% (61/160)
  Impulsive: 66.88% (107/160)
Epoch [33/100], Training Loss: 0.9878
Validation Loss: 1.1696, Validation Accuracy: 42.34%

Per-Class Validation Accuracy:
  No Thrust: 0.00% (0/160)
  Chemical: 18.12% (29/160)
  Electric: 84.38% (135/160)
  Impulsive: 66.88% (107/160)
Epoch [34/100], Training Loss: 0.9568
Validation Loss: 1.1712, Validation Accuracy: 44.84%

Per-Class Validation Accuracy:
  No Thrust: 48.75% (78/160)
  Chemical: 16.25% (26/160)
  Electric: 43.75% (70/160)
  Impulsive: 70.62% (113/160)
Epoch [35/100], Training Loss: 0.9411
Validation Loss: 1.1672, Validation Accuracy: 42.81%

Per-Class Validation Accuracy:
  No Thrust: 73.75% (118/160)
  Chemical: 18.12% (29/160)
  Electric: 11.25% (18/160)
  Impulsive: 68.12% (109/160)
Epoch [36/100], Training Loss: 0.9407
Validation Loss: 1.1677, Validation Accuracy: 42.19%

Per-Class Validation Accuracy:
  No Thrust: 15.62% (25/160)
  Chemical: 16.25% (26/160)
  Electric: 70.62% (113/160)
  Impulsive: 66.25% (106/160)
Epoch [37/100], Training Loss: 0.9337
Validation Loss: 1.1730, Validation Accuracy: 45.16%

Per-Class Validation Accuracy:
  No Thrust: 87.50% (140/160)
  Chemical: 20.62% (33/160)
  Electric: 5.62% (9/160)
  Impulsive: 66.88% (107/160)
Early stopping triggered.

	Elapsed time is 7.4268 seconds.

==========================================================================================
Total parameters: 18004
Total memory (bytes): 144032
Total memory (MB): 0.137359619140625
==========================================================================================

LSTM Validation
Validation Loss: 1.1730, Validation Accuracy: 45.16%

Per-Class Validation Accuracy:
  No Thrust: 87.50% (140/160)
  Chemical: 20.62% (33/160)
  Electric: 5.62% (9/160)
  Impulsive: 66.88% (107/160)

Classification Report:
              precision    recall  f1-score   support

   No Thrust     0.3804    0.8750    0.5303       160
    Chemical     0.3056    0.2062    0.2463       160
    Electric     0.4737    0.0563    0.1006       160
   Impulsive     0.7379    0.6687    0.7016       160

    accuracy                         0.4516       640
   macro avg     0.4744    0.4516    0.3947       640
weighted avg     0.4744    0.4516    0.3947       640


Confusion Matrix (rows = true, cols = predicted):
             P_No Thrust  P_Chemical  P_Electric  P_Impulsive
T_No Thrust          140          14           0            6
T_Chemical            95          33           9           23
T_Electric           133           9           9            9
T_Impulsive            0          52           1          107

LSTM Inference Time	Elapsed time is 0.1010 seconds.

Entering Mamba Training Loop
Epoch [1/100], Training Loss: 1.3832
Validation Loss: 1.3729, Validation Accuracy: 33.44%

Per-Class Validation Accuracy:
  No Thrust: 0.62% (1/160)
  Chemical: 35.00% (56/160)
  Electric: 0.62% (1/160)
  Impulsive: 97.50% (156/160)
Epoch [2/100], Training Loss: 1.3628
Validation Loss: 1.3372, Validation Accuracy: 39.06%

Per-Class Validation Accuracy:
  No Thrust: 17.50% (28/160)
  Chemical: 34.38% (55/160)
  Electric: 18.75% (30/160)
  Impulsive: 85.62% (137/160)
Epoch [3/100], Training Loss: 1.2935
Validation Loss: 1.2364, Validation Accuracy: 38.12%

Per-Class Validation Accuracy:
  No Thrust: 12.50% (20/160)
  Chemical: 8.12% (13/160)
  Electric: 55.00% (88/160)
  Impulsive: 76.88% (123/160)
Epoch [4/100], Training Loss: 1.2268
Validation Loss: 1.1913, Validation Accuracy: 40.47%

Per-Class Validation Accuracy:
  No Thrust: 55.00% (88/160)
  Chemical: 6.88% (11/160)
  Electric: 24.38% (39/160)
  Impulsive: 75.62% (121/160)
Epoch [5/100], Training Loss: 1.1916
Validation Loss: 1.1639, Validation Accuracy: 41.88%

Per-Class Validation Accuracy:
  No Thrust: 48.12% (77/160)
  Chemical: 15.62% (25/160)
  Electric: 21.25% (34/160)
  Impulsive: 82.50% (132/160)
Epoch [6/100], Training Loss: 1.1689
Validation Loss: 1.1421, Validation Accuracy: 42.97%

Per-Class Validation Accuracy:
  No Thrust: 30.00% (48/160)
  Chemical: 20.00% (32/160)
  Electric: 37.50% (60/160)
  Impulsive: 84.38% (135/160)
Epoch [7/100], Training Loss: 1.1629
Validation Loss: 1.1359, Validation Accuracy: 42.97%

Per-Class Validation Accuracy:
  No Thrust: 48.75% (78/160)
  Chemical: 26.88% (43/160)
  Electric: 12.50% (20/160)
  Impulsive: 83.75% (134/160)
Epoch [8/100], Training Loss: 1.1527
Validation Loss: 1.1225, Validation Accuracy: 42.97%

Per-Class Validation Accuracy:
  No Thrust: 36.88% (59/160)
  Chemical: 31.88% (51/160)
  Electric: 19.38% (31/160)
  Impulsive: 83.75% (134/160)
Epoch [9/100], Training Loss: 1.1426
Validation Loss: 1.1224, Validation Accuracy: 44.06%

Per-Class Validation Accuracy:
  No Thrust: 56.88% (91/160)
  Chemical: 31.88% (51/160)
  Electric: 4.38% (7/160)
  Impulsive: 83.12% (133/160)
Epoch [10/100], Training Loss: 1.1466
Validation Loss: 1.1194, Validation Accuracy: 43.28%

Per-Class Validation Accuracy:
  No Thrust: 43.12% (69/160)
  Chemical: 33.75% (54/160)
  Electric: 13.12% (21/160)
  Impulsive: 83.12% (133/160)
Epoch [11/100], Training Loss: 1.1297
Validation Loss: 1.1097, Validation Accuracy: 44.53%

Per-Class Validation Accuracy:
  No Thrust: 39.38% (63/160)
  Chemical: 28.75% (46/160)
  Electric: 27.50% (44/160)
  Impulsive: 82.50% (132/160)
Epoch [12/100], Training Loss: 1.1367
Validation Loss: 1.1068, Validation Accuracy: 44.38%

Per-Class Validation Accuracy:
  No Thrust: 65.00% (104/160)
  Chemical: 23.12% (37/160)
  Electric: 3.75% (6/160)
  Impulsive: 85.62% (137/160)
Epoch [13/100], Training Loss: 1.1159
Validation Loss: 1.1074, Validation Accuracy: 45.16%

Per-Class Validation Accuracy:
  No Thrust: 45.62% (73/160)
  Chemical: 33.75% (54/160)
  Electric: 18.75% (30/160)
  Impulsive: 82.50% (132/160)
Epoch [14/100], Training Loss: 1.1237
Validation Loss: 1.1017, Validation Accuracy: 44.22%

Per-Class Validation Accuracy:
  No Thrust: 53.12% (85/160)
  Chemical: 33.12% (53/160)
  Electric: 6.88% (11/160)
  Impulsive: 83.75% (134/160)
Epoch [15/100], Training Loss: 1.1229
Validation Loss: 1.0989, Validation Accuracy: 45.31%

Per-Class Validation Accuracy:
  No Thrust: 57.50% (92/160)
  Chemical: 31.88% (51/160)
  Electric: 6.88% (11/160)
  Impulsive: 85.00% (136/160)
Epoch [16/100], Training Loss: 1.1229
Validation Loss: 1.1002, Validation Accuracy: 44.84%

Per-Class Validation Accuracy:
  No Thrust: 49.38% (79/160)
  Chemical: 28.12% (45/160)
  Electric: 18.75% (30/160)
  Impulsive: 83.12% (133/160)
Epoch [17/100], Training Loss: 1.1135
Validation Loss: 1.0933, Validation Accuracy: 44.69%

Per-Class Validation Accuracy:
  No Thrust: 31.88% (51/160)
  Chemical: 33.75% (54/160)
  Electric: 28.75% (46/160)
  Impulsive: 84.38% (135/160)
Epoch [18/100], Training Loss: 1.1082
Validation Loss: 1.0904, Validation Accuracy: 45.47%

Per-Class Validation Accuracy:
  No Thrust: 32.50% (52/160)
  Chemical: 33.75% (54/160)
  Electric: 30.62% (49/160)
  Impulsive: 85.00% (136/160)
Epoch [19/100], Training Loss: 1.1137
Validation Loss: 1.0852, Validation Accuracy: 44.69%

Per-Class Validation Accuracy:
  No Thrust: 45.00% (72/160)
  Chemical: 34.38% (55/160)
  Electric: 13.12% (21/160)
  Impulsive: 86.25% (138/160)
Epoch [20/100], Training Loss: 1.0998
Validation Loss: 1.0861, Validation Accuracy: 45.47%

Per-Class Validation Accuracy:
  No Thrust: 55.00% (88/160)
  Chemical: 34.38% (55/160)
  Electric: 5.62% (9/160)
  Impulsive: 86.88% (139/160)
Epoch [21/100], Training Loss: 1.1042
Validation Loss: 1.0884, Validation Accuracy: 45.16%

Per-Class Validation Accuracy:
  No Thrust: 31.88% (51/160)
  Chemical: 44.38% (71/160)
  Electric: 18.12% (29/160)
  Impulsive: 86.25% (138/160)
Epoch [22/100], Training Loss: 1.0957
Validation Loss: 1.0776, Validation Accuracy: 46.56%

Per-Class Validation Accuracy:
  No Thrust: 36.88% (59/160)
  Chemical: 28.75% (46/160)
  Electric: 33.12% (53/160)
  Impulsive: 87.50% (140/160)
Epoch [23/100], Training Loss: 1.0977
Validation Loss: 1.0740, Validation Accuracy: 46.88%

Per-Class Validation Accuracy:
  No Thrust: 57.50% (92/160)
  Chemical: 33.12% (53/160)
  Electric: 8.75% (14/160)
  Impulsive: 88.12% (141/160)
Epoch [24/100], Training Loss: 1.0863
Validation Loss: 1.0658, Validation Accuracy: 46.25%

Per-Class Validation Accuracy:
  No Thrust: 32.50% (52/160)
  Chemical: 34.38% (55/160)
  Electric: 28.12% (45/160)
  Impulsive: 90.00% (144/160)
Epoch [25/100], Training Loss: 1.0916
Validation Loss: 1.0672, Validation Accuracy: 46.41%

Per-Class Validation Accuracy:
  No Thrust: 43.75% (70/160)
  Chemical: 37.50% (60/160)
  Electric: 15.00% (24/160)
  Impulsive: 89.38% (143/160)
Epoch [26/100], Training Loss: 1.0848
Validation Loss: 1.0524, Validation Accuracy: 47.19%

Per-Class Validation Accuracy:
  No Thrust: 35.00% (56/160)
  Chemical: 29.38% (47/160)
  Electric: 33.75% (54/160)
  Impulsive: 90.62% (145/160)
Epoch [27/100], Training Loss: 1.0680
Validation Loss: 1.0523, Validation Accuracy: 47.03%

Per-Class Validation Accuracy:
  No Thrust: 56.88% (91/160)
  Chemical: 28.12% (45/160)
  Electric: 13.12% (21/160)
  Impulsive: 90.00% (144/160)
Epoch [28/100], Training Loss: 1.0649
Validation Loss: 1.0493, Validation Accuracy: 46.56%

Per-Class Validation Accuracy:
  No Thrust: 45.62% (73/160)
  Chemical: 33.12% (53/160)
  Electric: 18.12% (29/160)
  Impulsive: 89.38% (143/160)
Epoch [29/100], Training Loss: 1.0625
Validation Loss: 1.0600, Validation Accuracy: 47.66%

Per-Class Validation Accuracy:
  No Thrust: 42.50% (68/160)
  Chemical: 27.50% (44/160)
  Electric: 30.62% (49/160)
  Impulsive: 90.00% (144/160)
Epoch [30/100], Training Loss: 1.0510
Validation Loss: 1.0560, Validation Accuracy: 46.25%

Per-Class Validation Accuracy:
  No Thrust: 23.75% (38/160)
  Chemical: 43.12% (69/160)
  Electric: 27.50% (44/160)
  Impulsive: 90.62% (145/160)
Epoch [31/100], Training Loss: 1.0518
Validation Loss: 1.0678, Validation Accuracy: 48.75%

Per-Class Validation Accuracy:
  No Thrust: 8.75% (14/160)
  Chemical: 40.00% (64/160)
  Electric: 58.75% (94/160)
  Impulsive: 87.50% (140/160)
Epoch [32/100], Training Loss: 1.0394
Validation Loss: 1.0390, Validation Accuracy: 48.91%

Per-Class Validation Accuracy:
  No Thrust: 31.88% (51/160)
  Chemical: 35.62% (57/160)
  Electric: 38.12% (61/160)
  Impulsive: 90.00% (144/160)
Epoch [33/100], Training Loss: 1.0280
Validation Loss: 1.0501, Validation Accuracy: 49.53%

Per-Class Validation Accuracy:
  No Thrust: 11.25% (18/160)
  Chemical: 46.88% (75/160)
  Electric: 51.88% (83/160)
  Impulsive: 88.12% (141/160)
Epoch [34/100], Training Loss: 1.0372
Validation Loss: 1.0430, Validation Accuracy: 48.28%

Per-Class Validation Accuracy:
  No Thrust: 9.38% (15/160)
  Chemical: 40.62% (65/160)
  Electric: 51.25% (82/160)
  Impulsive: 91.88% (147/160)
Epoch [35/100], Training Loss: 1.0169
Validation Loss: 1.0363, Validation Accuracy: 48.91%

Per-Class Validation Accuracy:
  No Thrust: 54.38% (87/160)
  Chemical: 39.38% (63/160)
  Electric: 13.12% (21/160)
  Impulsive: 88.75% (142/160)
Epoch [36/100], Training Loss: 1.0081
Validation Loss: 1.0451, Validation Accuracy: 50.31%

Per-Class Validation Accuracy:
  No Thrust: 23.75% (38/160)
  Chemical: 46.25% (74/160)
  Electric: 42.50% (68/160)
  Impulsive: 88.75% (142/160)
Epoch [37/100], Training Loss: 1.0004
Validation Loss: 1.0259, Validation Accuracy: 50.31%

Per-Class Validation Accuracy:
  No Thrust: 49.38% (79/160)
  Chemical: 36.25% (58/160)
  Electric: 22.50% (36/160)
  Impulsive: 93.12% (149/160)
Epoch [38/100], Training Loss: 1.0067
Validation Loss: 1.0178, Validation Accuracy: 51.25%

Per-Class Validation Accuracy:
  No Thrust: 43.12% (69/160)
  Chemical: 50.62% (81/160)
  Electric: 19.38% (31/160)
  Impulsive: 91.88% (147/160)
Epoch [39/100], Training Loss: 0.9829
Validation Loss: 1.0036, Validation Accuracy: 50.78%

Per-Class Validation Accuracy:
  No Thrust: 40.00% (64/160)
  Chemical: 47.50% (76/160)
  Electric: 21.25% (34/160)
  Impulsive: 94.38% (151/160)
Epoch [40/100], Training Loss: 0.9783
Validation Loss: 1.0509, Validation Accuracy: 49.53%

Per-Class Validation Accuracy:
  No Thrust: 35.62% (57/160)
  Chemical: 36.25% (58/160)
  Electric: 30.62% (49/160)
  Impulsive: 95.62% (153/160)
Epoch [41/100], Training Loss: 0.9716
Validation Loss: 0.9983, Validation Accuracy: 48.75%

Per-Class Validation Accuracy:
  No Thrust: 28.75% (46/160)
  Chemical: 31.88% (51/160)
  Electric: 39.38% (63/160)
  Impulsive: 95.00% (152/160)
Epoch [42/100], Training Loss: 0.9796
Validation Loss: 0.9838, Validation Accuracy: 52.81%

Per-Class Validation Accuracy:
  No Thrust: 54.38% (87/160)
  Chemical: 40.62% (65/160)
  Electric: 21.25% (34/160)
  Impulsive: 95.00% (152/160)
Epoch [43/100], Training Loss: 0.9534
Validation Loss: 1.0012, Validation Accuracy: 50.47%

Per-Class Validation Accuracy:
  No Thrust: 38.75% (62/160)
  Chemical: 46.88% (75/160)
  Electric: 25.62% (41/160)
  Impulsive: 90.62% (145/160)
Epoch [44/100], Training Loss: 0.9512
Validation Loss: 0.9768, Validation Accuracy: 52.19%

Per-Class Validation Accuracy:
  No Thrust: 48.12% (77/160)
  Chemical: 48.75% (78/160)
  Electric: 18.75% (30/160)
  Impulsive: 93.12% (149/160)
Epoch [45/100], Training Loss: 0.9442
Validation Loss: 0.9740, Validation Accuracy: 53.28%

Per-Class Validation Accuracy:
  No Thrust: 46.25% (74/160)
  Chemical: 50.00% (80/160)
  Electric: 23.12% (37/160)
  Impulsive: 93.75% (150/160)
Epoch [46/100], Training Loss: 0.9100
Validation Loss: 0.9702, Validation Accuracy: 51.88%

Per-Class Validation Accuracy:
  No Thrust: 35.00% (56/160)
  Chemical: 47.50% (76/160)
  Electric: 30.62% (49/160)
  Impulsive: 94.38% (151/160)
Epoch [47/100], Training Loss: 0.8962
Validation Loss: 0.9713, Validation Accuracy: 52.66%

Per-Class Validation Accuracy:
  No Thrust: 45.62% (73/160)
  Chemical: 46.88% (75/160)
  Electric: 23.12% (37/160)
  Impulsive: 95.00% (152/160)
Epoch [48/100], Training Loss: 0.8951
Validation Loss: 0.9558, Validation Accuracy: 53.59%

Per-Class Validation Accuracy:
  No Thrust: 47.50% (76/160)
  Chemical: 45.00% (72/160)
  Electric: 26.88% (43/160)
  Impulsive: 95.00% (152/160)
Epoch [49/100], Training Loss: 0.8735
Validation Loss: 0.9653, Validation Accuracy: 54.84%

Per-Class Validation Accuracy:
  No Thrust: 23.75% (38/160)
  Chemical: 46.25% (74/160)
  Electric: 56.25% (90/160)
  Impulsive: 93.12% (149/160)
Epoch [50/100], Training Loss: 0.9200
Validation Loss: 0.9582, Validation Accuracy: 52.97%

Per-Class Validation Accuracy:
  No Thrust: 41.88% (67/160)
  Chemical: 40.00% (64/160)
  Electric: 40.00% (64/160)
  Impulsive: 90.00% (144/160)
Epoch [51/100], Training Loss: 0.8674
Validation Loss: 0.9479, Validation Accuracy: 53.91%

Per-Class Validation Accuracy:
  No Thrust: 45.00% (72/160)
  Chemical: 50.00% (80/160)
  Electric: 24.38% (39/160)
  Impulsive: 96.25% (154/160)
Epoch [52/100], Training Loss: 0.8631
Validation Loss: 0.9678, Validation Accuracy: 53.75%

Per-Class Validation Accuracy:
  No Thrust: 30.00% (48/160)
  Chemical: 48.12% (77/160)
  Electric: 41.25% (66/160)
  Impulsive: 95.62% (153/160)
Epoch [53/100], Training Loss: 0.8631
Validation Loss: 0.9478, Validation Accuracy: 52.50%

Per-Class Validation Accuracy:
  No Thrust: 50.00% (80/160)
  Chemical: 38.12% (61/160)
  Electric: 26.88% (43/160)
  Impulsive: 95.00% (152/160)
Epoch [54/100], Training Loss: 0.8564
Validation Loss: 0.9385, Validation Accuracy: 53.75%

Per-Class Validation Accuracy:
  No Thrust: 22.50% (36/160)
  Chemical: 46.88% (75/160)
  Electric: 52.50% (84/160)
  Impulsive: 93.12% (149/160)
Epoch [55/100], Training Loss: 0.8539
Validation Loss: 0.9470, Validation Accuracy: 55.47%

Per-Class Validation Accuracy:
  No Thrust: 40.00% (64/160)
  Chemical: 68.12% (109/160)
  Electric: 19.38% (31/160)
  Impulsive: 94.38% (151/160)
Epoch [56/100], Training Loss: 0.8924
Validation Loss: 0.9360, Validation Accuracy: 54.38%

Per-Class Validation Accuracy:
  No Thrust: 16.25% (26/160)
  Chemical: 55.62% (89/160)
  Electric: 54.38% (87/160)
  Impulsive: 91.25% (146/160)
Epoch [57/100], Training Loss: 0.8368
Validation Loss: 0.9329, Validation Accuracy: 54.69%

Per-Class Validation Accuracy:
  No Thrust: 50.00% (80/160)
  Chemical: 47.50% (76/160)
  Electric: 27.50% (44/160)
  Impulsive: 93.75% (150/160)
Epoch [58/100], Training Loss: 0.8397
Validation Loss: 0.9353, Validation Accuracy: 53.59%

Per-Class Validation Accuracy:
  No Thrust: 50.62% (81/160)
  Chemical: 38.12% (61/160)
  Electric: 30.62% (49/160)
  Impulsive: 95.00% (152/160)
Epoch [59/100], Training Loss: 0.8437
Validation Loss: 0.9451, Validation Accuracy: 55.78%

Per-Class Validation Accuracy:
  No Thrust: 46.88% (75/160)
  Chemical: 54.38% (87/160)
  Electric: 26.88% (43/160)
  Impulsive: 95.00% (152/160)
Epoch [60/100], Training Loss: 0.8095
Validation Loss: 0.9201, Validation Accuracy: 56.09%

Per-Class Validation Accuracy:
  No Thrust: 41.25% (66/160)
  Chemical: 54.38% (87/160)
  Electric: 33.12% (53/160)
  Impulsive: 95.62% (153/160)
Epoch [61/100], Training Loss: 0.8670
Validation Loss: 0.9364, Validation Accuracy: 53.91%

Per-Class Validation Accuracy:
  No Thrust: 66.25% (106/160)
  Chemical: 40.00% (64/160)
  Electric: 16.88% (27/160)
  Impulsive: 92.50% (148/160)
Epoch [62/100], Training Loss: 0.8461
Validation Loss: 0.9867, Validation Accuracy: 53.12%

Per-Class Validation Accuracy:
  No Thrust: 32.50% (52/160)
  Chemical: 48.12% (77/160)
  Electric: 35.00% (56/160)
  Impulsive: 96.88% (155/160)
Epoch [63/100], Training Loss: 0.8273
Validation Loss: 0.9154, Validation Accuracy: 55.94%

Per-Class Validation Accuracy:
  No Thrust: 31.88% (51/160)
  Chemical: 50.62% (81/160)
  Electric: 45.62% (73/160)
  Impulsive: 95.62% (153/160)
Epoch [64/100], Training Loss: 0.7990
Validation Loss: 0.9217, Validation Accuracy: 55.62%

Per-Class Validation Accuracy:
  No Thrust: 49.38% (79/160)
  Chemical: 51.88% (83/160)
  Electric: 25.62% (41/160)
  Impulsive: 95.62% (153/160)
Epoch [65/100], Training Loss: 0.8219
Validation Loss: 0.9431, Validation Accuracy: 55.94%

Per-Class Validation Accuracy:
  No Thrust: 43.75% (70/160)
  Chemical: 50.00% (80/160)
  Electric: 32.50% (52/160)
  Impulsive: 97.50% (156/160)
Epoch [66/100], Training Loss: 0.8052
Validation Loss: 0.9413, Validation Accuracy: 56.25%

Per-Class Validation Accuracy:
  No Thrust: 48.75% (78/160)
  Chemical: 63.12% (101/160)
  Electric: 17.50% (28/160)
  Impulsive: 95.62% (153/160)
Epoch [67/100], Training Loss: 0.8059
Validation Loss: 1.0040, Validation Accuracy: 53.59%

Per-Class Validation Accuracy:
  No Thrust: 34.38% (55/160)
  Chemical: 53.12% (85/160)
  Electric: 30.62% (49/160)
  Impulsive: 96.25% (154/160)
Epoch [68/100], Training Loss: 0.8451
Validation Loss: 0.9029, Validation Accuracy: 57.03%

Per-Class Validation Accuracy:
  No Thrust: 43.75% (70/160)
  Chemical: 60.00% (96/160)
  Electric: 30.00% (48/160)
  Impulsive: 94.38% (151/160)
Epoch [69/100], Training Loss: 0.8122
Validation Loss: 0.9142, Validation Accuracy: 56.72%

Per-Class Validation Accuracy:
  No Thrust: 41.88% (67/160)
  Chemical: 60.00% (96/160)
  Electric: 32.50% (52/160)
  Impulsive: 92.50% (148/160)
Epoch [70/100], Training Loss: 0.7872
Validation Loss: 0.9373, Validation Accuracy: 54.84%

Per-Class Validation Accuracy:
  No Thrust: 30.62% (49/160)
  Chemical: 48.75% (78/160)
  Electric: 45.00% (72/160)
  Impulsive: 95.00% (152/160)
Epoch [71/100], Training Loss: 0.7852
Validation Loss: 0.9192, Validation Accuracy: 57.50%

Per-Class Validation Accuracy:
  No Thrust: 34.38% (55/160)
  Chemical: 71.25% (114/160)
  Electric: 30.00% (48/160)
  Impulsive: 94.38% (151/160)
Epoch [72/100], Training Loss: 0.7996
Validation Loss: 0.8999, Validation Accuracy: 56.88%

Per-Class Validation Accuracy:
  No Thrust: 37.50% (60/160)
  Chemical: 61.88% (99/160)
  Electric: 35.00% (56/160)
  Impulsive: 93.12% (149/160)
Epoch [73/100], Training Loss: 0.8281
Validation Loss: 0.9153, Validation Accuracy: 54.69%

Per-Class Validation Accuracy:
  No Thrust: 40.00% (64/160)
  Chemical: 48.75% (78/160)
  Electric: 36.25% (58/160)
  Impulsive: 93.75% (150/160)
Epoch [74/100], Training Loss: 0.7940
Validation Loss: 0.9246, Validation Accuracy: 55.62%

Per-Class Validation Accuracy:
  No Thrust: 55.62% (89/160)
  Chemical: 50.00% (80/160)
  Electric: 26.88% (43/160)
  Impulsive: 90.00% (144/160)
Epoch [75/100], Training Loss: 0.7818
Validation Loss: 0.9270, Validation Accuracy: 55.94%

Per-Class Validation Accuracy:
  No Thrust: 49.38% (79/160)
  Chemical: 48.75% (78/160)
  Electric: 31.88% (51/160)
  Impulsive: 93.75% (150/160)
Epoch [76/100], Training Loss: 0.7871
Validation Loss: 0.9168, Validation Accuracy: 55.94%

Per-Class Validation Accuracy:
  No Thrust: 16.25% (26/160)
  Chemical: 51.88% (83/160)
  Electric: 63.75% (102/160)
  Impulsive: 91.88% (147/160)
Epoch [77/100], Training Loss: 0.7752
Validation Loss: 0.9052, Validation Accuracy: 56.72%

Per-Class Validation Accuracy:
  No Thrust: 47.50% (76/160)
  Chemical: 51.88% (83/160)
  Electric: 33.75% (54/160)
  Impulsive: 93.75% (150/160)
Epoch [78/100], Training Loss: 0.8030
Validation Loss: 0.8916, Validation Accuracy: 56.56%

Per-Class Validation Accuracy:
  No Thrust: 33.12% (53/160)
  Chemical: 55.62% (89/160)
  Electric: 43.75% (70/160)
  Impulsive: 93.75% (150/160)
Epoch [79/100], Training Loss: 0.8191
Validation Loss: 0.9048, Validation Accuracy: 56.41%

Per-Class Validation Accuracy:
  No Thrust: 30.00% (48/160)
  Chemical: 52.50% (84/160)
  Electric: 51.25% (82/160)
  Impulsive: 91.88% (147/160)
Epoch [80/100], Training Loss: 0.7713
Validation Loss: 0.9239, Validation Accuracy: 55.47%

Per-Class Validation Accuracy:
  No Thrust: 36.88% (59/160)
  Chemical: 58.75% (94/160)
  Electric: 30.00% (48/160)
  Impulsive: 96.25% (154/160)
Epoch [81/100], Training Loss: 0.7933
Validation Loss: 0.8974, Validation Accuracy: 56.41%

Per-Class Validation Accuracy:
  No Thrust: 60.62% (97/160)
  Chemical: 56.25% (90/160)
  Electric: 14.38% (23/160)
  Impulsive: 94.38% (151/160)
Epoch [82/100], Training Loss: 0.7877
Validation Loss: 0.9033, Validation Accuracy: 57.19%

Per-Class Validation Accuracy:
  No Thrust: 20.00% (32/160)
  Chemical: 56.88% (91/160)
  Electric: 60.00% (96/160)
  Impulsive: 91.88% (147/160)
Epoch [83/100], Training Loss: 0.7791
Validation Loss: 0.9737, Validation Accuracy: 55.16%

Per-Class Validation Accuracy:
  No Thrust: 45.62% (73/160)
  Chemical: 51.25% (82/160)
  Electric: 26.88% (43/160)
  Impulsive: 96.88% (155/160)
Epoch [84/100], Training Loss: 0.7914
Validation Loss: 0.9555, Validation Accuracy: 55.47%

Per-Class Validation Accuracy:
  No Thrust: 15.62% (25/160)
  Chemical: 50.62% (81/160)
  Electric: 60.00% (96/160)
  Impulsive: 95.62% (153/160)
Epoch [85/100], Training Loss: 0.7632
Validation Loss: 0.9151, Validation Accuracy: 56.56%

Per-Class Validation Accuracy:
  No Thrust: 23.75% (38/160)
  Chemical: 52.50% (84/160)
  Electric: 57.50% (92/160)
  Impulsive: 92.50% (148/160)
Epoch [86/100], Training Loss: 0.7566
Validation Loss: 0.9232, Validation Accuracy: 56.09%

Per-Class Validation Accuracy:
  No Thrust: 38.12% (61/160)
  Chemical: 50.62% (81/160)
  Electric: 40.00% (64/160)
  Impulsive: 95.62% (153/160)
Epoch [87/100], Training Loss: 0.7408
Validation Loss: 0.9701, Validation Accuracy: 55.62%

Per-Class Validation Accuracy:
  No Thrust: 31.88% (51/160)
  Chemical: 55.62% (89/160)
  Electric: 38.75% (62/160)
  Impulsive: 96.25% (154/160)
Epoch [88/100], Training Loss: 0.7502
Validation Loss: 1.0178, Validation Accuracy: 55.16%

Per-Class Validation Accuracy:
  No Thrust: 41.25% (66/160)
  Chemical: 53.12% (85/160)
  Electric: 29.38% (47/160)
  Impulsive: 96.88% (155/160)
Early stopping triggered.

	Elapsed time is 30.8832 seconds.

==========================================================================================
Total parameters: 6106
Total memory (bytes): 48848
Total memory (MB): 0.0465850830078125
==========================================================================================

Mamba Validation
Validation Loss: 1.0178, Validation Accuracy: 55.16%

Per-Class Validation Accuracy:
  No Thrust: 41.25% (66/160)
  Chemical: 53.12% (85/160)
  Electric: 29.38% (47/160)
  Impulsive: 96.88% (155/160)

Classification Report:
              precision    recall  f1-score   support

   No Thrust     0.3860    0.4125    0.3988       160
    Chemical     0.5090    0.5312    0.5199       160
    Electric     0.3917    0.2938    0.3357       160
   Impulsive     0.8516    0.9688    0.9064       160

    accuracy                         0.5516       640
   macro avg     0.5346    0.5516    0.5402       640
weighted avg     0.5346    0.5516    0.5402       640


Confusion Matrix (rows = true, cols = predicted):
             P_No Thrust  P_Chemical  P_Electric  P_Impulsive
T_No Thrust           66          43          47            4
T_Chemical            30          85          26           19
T_Electric            74          35          47            4
T_Impulsive            1           4           0          155

Mamba Inference Time	Elapsed time is 0.1387 seconds.

Entering Transformer Training Loop
Epoch [1/100], Training Loss: 1.4165
Validation Loss: 1.3074, Validation Accuracy: 32.97%

Per-Class Validation Accuracy:
  No Thrust: 15.00% (24/160)
  Chemical: 35.62% (57/160)
  Electric: 30.62% (49/160)
  Impulsive: 50.62% (81/160)
Epoch [2/100], Training Loss: 1.3216
Validation Loss: 1.2638, Validation Accuracy: 36.72%

Per-Class Validation Accuracy:
  No Thrust: 15.62% (25/160)
  Chemical: 0.00% (0/160)
  Electric: 70.00% (112/160)
  Impulsive: 61.25% (98/160)
Epoch [3/100], Training Loss: 1.2604
Validation Loss: 1.1782, Validation Accuracy: 41.09%

Per-Class Validation Accuracy:
  No Thrust: 3.75% (6/160)
  Chemical: 15.00% (24/160)
  Electric: 70.00% (112/160)
  Impulsive: 75.62% (121/160)
Epoch [4/100], Training Loss: 1.1957
Validation Loss: 1.1442, Validation Accuracy: 42.50%

Per-Class Validation Accuracy:
  No Thrust: 1.25% (2/160)
  Chemical: 3.75% (6/160)
  Electric: 87.50% (140/160)
  Impulsive: 77.50% (124/160)
Epoch [5/100], Training Loss: 1.1671
Validation Loss: 1.1633, Validation Accuracy: 44.38%

Per-Class Validation Accuracy:
  No Thrust: 0.00% (0/160)
  Chemical: 0.00% (0/160)
  Electric: 78.75% (126/160)
  Impulsive: 98.75% (158/160)
Epoch [6/100], Training Loss: 1.1507
Validation Loss: 1.0655, Validation Accuracy: 48.91%

Per-Class Validation Accuracy:
  No Thrust: 40.62% (65/160)
  Chemical: 51.88% (83/160)
  Electric: 13.75% (22/160)
  Impulsive: 89.38% (143/160)
Epoch [7/100], Training Loss: 1.1029
Validation Loss: 1.0470, Validation Accuracy: 47.03%

Per-Class Validation Accuracy:
  No Thrust: 32.50% (52/160)
  Chemical: 5.00% (8/160)
  Electric: 53.12% (85/160)
  Impulsive: 97.50% (156/160)
Epoch [8/100], Training Loss: 1.0685
Validation Loss: 1.0094, Validation Accuracy: 47.97%

Per-Class Validation Accuracy:
  No Thrust: 1.25% (2/160)
  Chemical: 23.75% (38/160)
  Electric: 76.88% (123/160)
  Impulsive: 90.00% (144/160)
Epoch [9/100], Training Loss: 1.0651
Validation Loss: 1.0288, Validation Accuracy: 47.50%

Per-Class Validation Accuracy:
  No Thrust: 25.00% (40/160)
  Chemical: 19.38% (31/160)
  Electric: 47.50% (76/160)
  Impulsive: 98.12% (157/160)
Epoch [10/100], Training Loss: 1.0423
Validation Loss: 0.9973, Validation Accuracy: 51.41%

Per-Class Validation Accuracy:
  No Thrust: 73.12% (117/160)
  Chemical: 35.62% (57/160)
  Electric: 5.62% (9/160)
  Impulsive: 91.25% (146/160)
Epoch [11/100], Training Loss: 1.0204
Validation Loss: 0.9890, Validation Accuracy: 50.16%

Per-Class Validation Accuracy:
  No Thrust: 75.62% (121/160)
  Chemical: 28.12% (45/160)
  Electric: 1.88% (3/160)
  Impulsive: 95.00% (152/160)
Epoch [12/100], Training Loss: 1.0222
Validation Loss: 0.9811, Validation Accuracy: 50.00%

Per-Class Validation Accuracy:
  No Thrust: 38.75% (62/160)
  Chemical: 27.50% (44/160)
  Electric: 41.88% (67/160)
  Impulsive: 91.88% (147/160)
Epoch [13/100], Training Loss: 1.0113
Validation Loss: 0.9898, Validation Accuracy: 51.25%

Per-Class Validation Accuracy:
  No Thrust: 73.12% (117/160)
  Chemical: 43.75% (70/160)
  Electric: 1.25% (2/160)
  Impulsive: 86.88% (139/160)
Epoch [14/100], Training Loss: 1.0165
Validation Loss: 1.0193, Validation Accuracy: 47.50%

Per-Class Validation Accuracy:
  No Thrust: 75.00% (120/160)
  Chemical: 21.25% (34/160)
  Electric: 9.38% (15/160)
  Impulsive: 84.38% (135/160)
Epoch [15/100], Training Loss: 1.0138
Validation Loss: 0.9921, Validation Accuracy: 51.56%

Per-Class Validation Accuracy:
  No Thrust: 25.62% (41/160)
  Chemical: 28.12% (45/160)
  Electric: 60.62% (97/160)
  Impulsive: 91.88% (147/160)
Epoch [16/100], Training Loss: 1.0162
Validation Loss: 1.0117, Validation Accuracy: 48.44%

Per-Class Validation Accuracy:
  No Thrust: 43.12% (69/160)
  Chemical: 11.25% (18/160)
  Electric: 42.50% (68/160)
  Impulsive: 96.88% (155/160)
Epoch [17/100], Training Loss: 1.0120
Validation Loss: 0.9943, Validation Accuracy: 50.47%

Per-Class Validation Accuracy:
  No Thrust: 30.00% (48/160)
  Chemical: 53.75% (86/160)
  Electric: 25.00% (40/160)
  Impulsive: 93.12% (149/160)
Epoch [18/100], Training Loss: 0.9923
Validation Loss: 0.9818, Validation Accuracy: 51.41%

Per-Class Validation Accuracy:
  No Thrust: 56.25% (90/160)
  Chemical: 39.38% (63/160)
  Electric: 19.38% (31/160)
  Impulsive: 90.62% (145/160)
Epoch [19/100], Training Loss: 0.9694
Validation Loss: 0.9897, Validation Accuracy: 48.75%

Per-Class Validation Accuracy:
  No Thrust: 37.50% (60/160)
  Chemical: 26.25% (42/160)
  Electric: 41.25% (66/160)
  Impulsive: 90.00% (144/160)
Epoch [20/100], Training Loss: 0.9543
Validation Loss: 0.9726, Validation Accuracy: 49.69%

Per-Class Validation Accuracy:
  No Thrust: 46.25% (74/160)
  Chemical: 30.62% (49/160)
  Electric: 25.62% (41/160)
  Impulsive: 96.25% (154/160)
Epoch [21/100], Training Loss: 0.9536
Validation Loss: 0.9704, Validation Accuracy: 50.31%

Per-Class Validation Accuracy:
  No Thrust: 76.25% (122/160)
  Chemical: 30.62% (49/160)
  Electric: 3.12% (5/160)
  Impulsive: 91.25% (146/160)
Epoch [22/100], Training Loss: 0.9466
Validation Loss: 0.9531, Validation Accuracy: 51.09%

Per-Class Validation Accuracy:
  No Thrust: 49.38% (79/160)
  Chemical: 35.00% (56/160)
  Electric: 28.75% (46/160)
  Impulsive: 91.25% (146/160)
Epoch [23/100], Training Loss: 0.9724
Validation Loss: 0.9546, Validation Accuracy: 50.00%

Per-Class Validation Accuracy:
  No Thrust: 26.25% (42/160)
  Chemical: 30.00% (48/160)
  Electric: 52.50% (84/160)
  Impulsive: 91.25% (146/160)
Epoch [24/100], Training Loss: 0.9523
Validation Loss: 0.9660, Validation Accuracy: 50.47%

Per-Class Validation Accuracy:
  No Thrust: 73.12% (117/160)
  Chemical: 28.12% (45/160)
  Electric: 9.38% (15/160)
  Impulsive: 91.25% (146/160)
Epoch [25/100], Training Loss: 0.9346
Validation Loss: 0.9691, Validation Accuracy: 51.09%

Per-Class Validation Accuracy:
  No Thrust: 55.00% (88/160)
  Chemical: 26.25% (42/160)
  Electric: 31.25% (50/160)
  Impulsive: 91.88% (147/160)
Epoch [26/100], Training Loss: 0.9455
Validation Loss: 0.9739, Validation Accuracy: 49.84%

Per-Class Validation Accuracy:
  No Thrust: 17.50% (28/160)
  Chemical: 23.75% (38/160)
  Electric: 66.25% (106/160)
  Impulsive: 91.88% (147/160)
Epoch [27/100], Training Loss: 0.9380
Validation Loss: 0.9926, Validation Accuracy: 50.94%

Per-Class Validation Accuracy:
  No Thrust: 70.62% (113/160)
  Chemical: 24.38% (39/160)
  Electric: 11.25% (18/160)
  Impulsive: 97.50% (156/160)
Epoch [28/100], Training Loss: 0.9383
Validation Loss: 0.9623, Validation Accuracy: 51.41%

Per-Class Validation Accuracy:
  No Thrust: 74.38% (119/160)
  Chemical: 28.75% (46/160)
  Electric: 9.38% (15/160)
  Impulsive: 93.12% (149/160)
Epoch [29/100], Training Loss: 0.9154
Validation Loss: 0.9513, Validation Accuracy: 51.25%

Per-Class Validation Accuracy:
  No Thrust: 56.25% (90/160)
  Chemical: 31.88% (51/160)
  Electric: 25.00% (40/160)
  Impulsive: 91.88% (147/160)
Epoch [30/100], Training Loss: 0.9124
Validation Loss: 0.9550, Validation Accuracy: 52.97%

Per-Class Validation Accuracy:
  No Thrust: 53.12% (85/160)
  Chemical: 43.12% (69/160)
  Electric: 21.25% (34/160)
  Impulsive: 94.38% (151/160)
Epoch [31/100], Training Loss: 0.9153
Validation Loss: 0.9532, Validation Accuracy: 50.94%

Per-Class Validation Accuracy:
  No Thrust: 60.00% (96/160)
  Chemical: 30.00% (48/160)
  Electric: 20.62% (33/160)
  Impulsive: 93.12% (149/160)
Epoch [32/100], Training Loss: 0.9057
Validation Loss: 0.9469, Validation Accuracy: 52.34%

Per-Class Validation Accuracy:
  No Thrust: 58.75% (94/160)
  Chemical: 31.88% (51/160)
  Electric: 26.88% (43/160)
  Impulsive: 91.88% (147/160)
Epoch [33/100], Training Loss: 0.9063
Validation Loss: 0.9443, Validation Accuracy: 52.50%

Per-Class Validation Accuracy:
  No Thrust: 48.75% (78/160)
  Chemical: 33.75% (54/160)
  Electric: 35.00% (56/160)
  Impulsive: 92.50% (148/160)
Epoch [34/100], Training Loss: 0.9184
Validation Loss: 0.9530, Validation Accuracy: 52.97%

Per-Class Validation Accuracy:
  No Thrust: 40.00% (64/160)
  Chemical: 38.75% (62/160)
  Electric: 38.75% (62/160)
  Impulsive: 94.38% (151/160)
Epoch [35/100], Training Loss: 0.8981
Validation Loss: 0.9382, Validation Accuracy: 53.59%

Per-Class Validation Accuracy:
  No Thrust: 54.38% (87/160)
  Chemical: 38.75% (62/160)
  Electric: 25.00% (40/160)
  Impulsive: 96.25% (154/160)
Epoch [36/100], Training Loss: 0.8980
Validation Loss: 0.9454, Validation Accuracy: 52.50%

Per-Class Validation Accuracy:
  No Thrust: 74.38% (119/160)
  Chemical: 38.75% (62/160)
  Electric: 4.38% (7/160)
  Impulsive: 92.50% (148/160)
Epoch [37/100], Training Loss: 0.8877
Validation Loss: 0.9442, Validation Accuracy: 53.59%

Per-Class Validation Accuracy:
  No Thrust: 29.38% (47/160)
  Chemical: 42.50% (68/160)
  Electric: 48.75% (78/160)
  Impulsive: 93.75% (150/160)
Epoch [38/100], Training Loss: 0.8942
Validation Loss: 0.9521, Validation Accuracy: 50.31%

Per-Class Validation Accuracy:
  No Thrust: 58.12% (93/160)
  Chemical: 24.38% (39/160)
  Electric: 26.25% (42/160)
  Impulsive: 92.50% (148/160)
Epoch [39/100], Training Loss: 0.8990
Validation Loss: 0.9529, Validation Accuracy: 52.66%

Per-Class Validation Accuracy:
  No Thrust: 13.75% (22/160)
  Chemical: 35.00% (56/160)
  Electric: 67.50% (108/160)
  Impulsive: 94.38% (151/160)
Epoch [40/100], Training Loss: 0.8808
Validation Loss: 0.9470, Validation Accuracy: 54.69%

Per-Class Validation Accuracy:
  No Thrust: 61.25% (98/160)
  Chemical: 45.00% (72/160)
  Electric: 16.88% (27/160)
  Impulsive: 95.62% (153/160)
Epoch [41/100], Training Loss: 0.8882
Validation Loss: 0.9473, Validation Accuracy: 54.38%

Per-Class Validation Accuracy:
  No Thrust: 51.88% (83/160)
  Chemical: 41.25% (66/160)
  Electric: 30.00% (48/160)
  Impulsive: 94.38% (151/160)
Epoch [42/100], Training Loss: 0.8598
Validation Loss: 0.9502, Validation Accuracy: 55.47%

Per-Class Validation Accuracy:
  No Thrust: 50.62% (81/160)
  Chemical: 43.75% (70/160)
  Electric: 31.25% (50/160)
  Impulsive: 96.25% (154/160)
Epoch [43/100], Training Loss: 0.8770
Validation Loss: 0.9495, Validation Accuracy: 53.44%

Per-Class Validation Accuracy:
  No Thrust: 51.88% (83/160)
  Chemical: 43.12% (69/160)
  Electric: 26.25% (42/160)
  Impulsive: 92.50% (148/160)
Epoch [44/100], Training Loss: 0.8766
Validation Loss: 0.9579, Validation Accuracy: 53.91%

Per-Class Validation Accuracy:
  No Thrust: 49.38% (79/160)
  Chemical: 33.12% (53/160)
  Electric: 41.25% (66/160)
  Impulsive: 91.88% (147/160)
Epoch [45/100], Training Loss: 0.8771
Validation Loss: 0.9499, Validation Accuracy: 54.06%

Per-Class Validation Accuracy:
  No Thrust: 50.62% (81/160)
  Chemical: 40.00% (64/160)
  Electric: 32.50% (52/160)
  Impulsive: 93.12% (149/160)
Early stopping triggered.

	Elapsed time is 22.4569 seconds.

==========================================================================================
Total parameters: 41940
Total memory (bytes): 335520
Total memory (MB): 0.319976806640625
==========================================================================================

Transformer Validation
Validation Loss: 0.9499, Validation Accuracy: 54.06%

Per-Class Validation Accuracy:
  No Thrust: 50.62% (81/160)
  Chemical: 40.00% (64/160)
  Electric: 32.50% (52/160)
  Impulsive: 93.12% (149/160)

Classification Report:
              precision    recall  f1-score   support

   No Thrust     0.4197    0.5062    0.4589       160
    Chemical     0.5424    0.4000    0.4604       160
    Electric     0.3662    0.3250    0.3444       160
   Impulsive     0.7968    0.9313    0.8588       160

    accuracy                         0.5406       640
   macro avg     0.5313    0.5406    0.5306       640
weighted avg     0.5313    0.5406    0.5306       640


Confusion Matrix (rows = true, cols = predicted):
             P_No Thrust  P_Chemical  P_Electric  P_Impulsive
T_No Thrust           81          20          50            9
T_Chemical            39          64          37           20
T_Electric            73          26          52            9
T_Impulsive            0           8           3          149

Transformer Inference Time	Elapsed time is 0.1305 seconds.

Entering MLP Training Loop
Validation Loss: 0.2821, Validation Accuracy: 28.75%

Per-Class Validation Accuracy:
  No Thrust: 21.25% (34/160)
  Chemical: 3.75% (6/160)
  Electric: 70.62% (113/160)
  Impulsive: 19.38% (31/160)
Epoch [1/100], Training Loss: 0.2769
Validation Loss: 0.2785, Validation Accuracy: 33.59%

Per-Class Validation Accuracy:
  No Thrust: 23.12% (37/160)
  Chemical: 3.12% (5/160)
  Electric: 64.38% (103/160)
  Impulsive: 43.75% (70/160)
Epoch [2/100], Training Loss: 0.1343
Validation Loss: 0.2740, Validation Accuracy: 36.25%

Per-Class Validation Accuracy:
  No Thrust: 25.00% (40/160)
  Chemical: 3.75% (6/160)
  Electric: 54.38% (87/160)
  Impulsive: 61.88% (99/160)
Epoch [3/100], Training Loss: 0.0886
Validation Loss: 0.2713, Validation Accuracy: 40.00%

Per-Class Validation Accuracy:
  No Thrust: 31.25% (50/160)
  Chemical: 5.00% (8/160)
  Electric: 48.75% (78/160)
  Impulsive: 75.00% (120/160)
Epoch [4/100], Training Loss: 0.0665
Validation Loss: 0.2691, Validation Accuracy: 41.09%

Per-Class Validation Accuracy:
  No Thrust: 34.38% (55/160)
  Chemical: 4.38% (7/160)
  Electric: 43.75% (70/160)
  Impulsive: 81.88% (131/160)
Epoch [5/100], Training Loss: 0.0525
Validation Loss: 0.2664, Validation Accuracy: 41.09%

Per-Class Validation Accuracy:
  No Thrust: 36.88% (59/160)
  Chemical: 5.62% (9/160)
  Electric: 37.50% (60/160)
  Impulsive: 84.38% (135/160)
Epoch [6/100], Training Loss: 0.0434
Validation Loss: 0.2648, Validation Accuracy: 40.78%

Per-Class Validation Accuracy:
  No Thrust: 36.88% (59/160)
  Chemical: 5.62% (9/160)
  Electric: 33.12% (53/160)
  Impulsive: 87.50% (140/160)
Epoch [7/100], Training Loss: 0.0349
Validation Loss: 0.2635, Validation Accuracy: 41.25%

Per-Class Validation Accuracy:
  No Thrust: 39.38% (63/160)
  Chemical: 5.62% (9/160)
  Electric: 30.62% (49/160)
  Impulsive: 89.38% (143/160)
Epoch [8/100], Training Loss: 0.0319
Validation Loss: 0.2631, Validation Accuracy: 41.25%

Per-Class Validation Accuracy:
  No Thrust: 39.38% (63/160)
  Chemical: 5.62% (9/160)
  Electric: 30.00% (48/160)
  Impulsive: 90.00% (144/160)
Epoch [9/100], Training Loss: 0.0281
Validation Loss: 0.2620, Validation Accuracy: 41.25%

Per-Class Validation Accuracy:
  No Thrust: 40.62% (65/160)
  Chemical: 5.00% (8/160)
  Electric: 29.38% (47/160)
  Impulsive: 90.00% (144/160)
Epoch [10/100], Training Loss: 0.0244
Validation Loss: 0.2624, Validation Accuracy: 41.09%

Per-Class Validation Accuracy:
  No Thrust: 39.38% (63/160)
  Chemical: 5.00% (8/160)
  Electric: 30.00% (48/160)
  Impulsive: 90.00% (144/160)
Epoch [11/100], Training Loss: 0.0218
Validation Loss: 0.2617, Validation Accuracy: 41.41%

Per-Class Validation Accuracy:
  No Thrust: 39.38% (63/160)
  Chemical: 5.00% (8/160)
  Electric: 31.25% (50/160)
  Impulsive: 90.00% (144/160)
Epoch [12/100], Training Loss: 0.0196
Validation Loss: 0.2616, Validation Accuracy: 41.56%

Per-Class Validation Accuracy:
  No Thrust: 38.75% (62/160)
  Chemical: 5.00% (8/160)
  Electric: 32.50% (52/160)
  Impulsive: 90.00% (144/160)
Epoch [13/100], Training Loss: 0.0187
Validation Loss: 0.2614, Validation Accuracy: 41.56%

Per-Class Validation Accuracy:
  No Thrust: 38.12% (61/160)
  Chemical: 5.00% (8/160)
  Electric: 33.12% (53/160)
  Impulsive: 90.00% (144/160)
Epoch [14/100], Training Loss: 0.0161
Validation Loss: 0.2610, Validation Accuracy: 42.03%

Per-Class Validation Accuracy:
  No Thrust: 36.88% (59/160)
  Chemical: 6.25% (10/160)
  Electric: 35.00% (56/160)
  Impulsive: 90.00% (144/160)
Epoch [15/100], Training Loss: 0.0156
Validation Loss: 0.2598, Validation Accuracy: 42.19%

Per-Class Validation Accuracy:
  No Thrust: 37.50% (60/160)
  Chemical: 6.88% (11/160)
  Electric: 35.00% (56/160)
  Impulsive: 89.38% (143/160)
Epoch [16/100], Training Loss: 0.0143
Validation Loss: 0.2587, Validation Accuracy: 42.03%

Per-Class Validation Accuracy:
  No Thrust: 35.62% (57/160)
  Chemical: 8.12% (13/160)
  Electric: 35.62% (57/160)
  Impulsive: 88.75% (142/160)
Epoch [17/100], Training Loss: 0.0144
Validation Loss: 0.2572, Validation Accuracy: 42.34%

Per-Class Validation Accuracy:
  No Thrust: 36.88% (59/160)
  Chemical: 8.75% (14/160)
  Electric: 35.62% (57/160)
  Impulsive: 88.12% (141/160)
Epoch [18/100], Training Loss: 0.0131
Validation Loss: 0.2564, Validation Accuracy: 42.66%

Per-Class Validation Accuracy:
  No Thrust: 37.50% (60/160)
  Chemical: 8.12% (13/160)
  Electric: 36.88% (59/160)
  Impulsive: 88.12% (141/160)
Epoch [19/100], Training Loss: 0.0116
Validation Loss: 0.2562, Validation Accuracy: 42.34%

Per-Class Validation Accuracy:
  No Thrust: 35.62% (57/160)
  Chemical: 8.12% (13/160)
  Electric: 37.50% (60/160)
  Impulsive: 88.12% (141/160)
Epoch [20/100], Training Loss: 0.0118
Validation Loss: 0.2563, Validation Accuracy: 41.72%

Per-Class Validation Accuracy:
  No Thrust: 33.75% (54/160)
  Chemical: 7.50% (12/160)
  Electric: 37.50% (60/160)
  Impulsive: 88.12% (141/160)
Epoch [21/100], Training Loss: 0.0110
Validation Loss: 0.2564, Validation Accuracy: 41.72%

Per-Class Validation Accuracy:
  No Thrust: 30.00% (48/160)
  Chemical: 7.50% (12/160)
  Electric: 41.88% (67/160)
  Impulsive: 87.50% (140/160)
Epoch [22/100], Training Loss: 0.0108
Validation Loss: 0.2556, Validation Accuracy: 41.09%

Per-Class Validation Accuracy:
  No Thrust: 30.62% (49/160)
  Chemical: 8.75% (14/160)
  Electric: 38.12% (61/160)
  Impulsive: 86.88% (139/160)
Epoch [23/100], Training Loss: 0.0100
Validation Loss: 0.2545, Validation Accuracy: 41.25%

Per-Class Validation Accuracy:
  No Thrust: 33.75% (54/160)
  Chemical: 8.12% (13/160)
  Electric: 36.88% (59/160)
  Impulsive: 86.25% (138/160)
Epoch [24/100], Training Loss: 0.0096
Validation Loss: 0.2546, Validation Accuracy: 41.41%

Per-Class Validation Accuracy:
  No Thrust: 31.25% (50/160)
  Chemical: 10.00% (16/160)
  Electric: 38.12% (61/160)
  Impulsive: 86.25% (138/160)
Epoch [25/100], Training Loss: 0.0092
Validation Loss: 0.2542, Validation Accuracy: 41.09%

Per-Class Validation Accuracy:
  No Thrust: 31.25% (50/160)
  Chemical: 12.50% (20/160)
  Electric: 35.00% (56/160)
  Impulsive: 85.62% (137/160)
Epoch [26/100], Training Loss: 0.0086
Validation Loss: 0.2545, Validation Accuracy: 41.09%

Per-Class Validation Accuracy:
  No Thrust: 27.50% (44/160)
  Chemical: 13.75% (22/160)
  Electric: 37.50% (60/160)
  Impulsive: 85.62% (137/160)
Epoch [27/100], Training Loss: 0.0081
Validation Loss: 0.2547, Validation Accuracy: 41.41%

Per-Class Validation Accuracy:
  No Thrust: 25.62% (41/160)
  Chemical: 15.62% (25/160)
  Electric: 38.75% (62/160)
  Impulsive: 85.62% (137/160)
Epoch [28/100], Training Loss: 0.0076
Validation Loss: 0.2533, Validation Accuracy: 40.94%

Per-Class Validation Accuracy:
  No Thrust: 26.88% (43/160)
  Chemical: 13.75% (22/160)
  Electric: 37.50% (60/160)
  Impulsive: 85.62% (137/160)
Epoch [29/100], Training Loss: 0.0080
Validation Loss: 0.2528, Validation Accuracy: 40.47%

Per-Class Validation Accuracy:
  No Thrust: 26.88% (43/160)
  Chemical: 13.75% (22/160)
  Electric: 36.88% (59/160)
  Impulsive: 84.38% (135/160)
Epoch [30/100], Training Loss: 0.0072
Validation Loss: 0.2522, Validation Accuracy: 40.00%

Per-Class Validation Accuracy:
  No Thrust: 28.12% (45/160)
  Chemical: 13.75% (22/160)
  Electric: 33.75% (54/160)
  Impulsive: 84.38% (135/160)
Epoch [31/100], Training Loss: 0.0071
Validation Loss: 0.2523, Validation Accuracy: 40.31%

Per-Class Validation Accuracy:
  No Thrust: 27.50% (44/160)
  Chemical: 15.00% (24/160)
  Electric: 35.00% (56/160)
  Impulsive: 83.75% (134/160)
Epoch [32/100], Training Loss: 0.0072
Validation Loss: 0.2525, Validation Accuracy: 40.78%

Per-Class Validation Accuracy:
  No Thrust: 26.25% (42/160)
  Chemical: 16.25% (26/160)
  Electric: 36.88% (59/160)
  Impulsive: 83.75% (134/160)
Epoch [33/100], Training Loss: 0.0071
Validation Loss: 0.2520, Validation Accuracy: 40.31%

Per-Class Validation Accuracy:
  No Thrust: 27.50% (44/160)
  Chemical: 13.75% (22/160)
  Electric: 36.25% (58/160)
  Impulsive: 83.75% (134/160)
Epoch [34/100], Training Loss: 0.0066
Validation Loss: 0.2516, Validation Accuracy: 40.94%

Per-Class Validation Accuracy:
  No Thrust: 28.12% (45/160)
  Chemical: 15.62% (25/160)
  Electric: 36.25% (58/160)
  Impulsive: 83.75% (134/160)
Epoch [35/100], Training Loss: 0.0064
Validation Loss: 0.2512, Validation Accuracy: 40.94%

Per-Class Validation Accuracy:
  No Thrust: 28.75% (46/160)
  Chemical: 15.62% (25/160)
  Electric: 35.62% (57/160)
  Impulsive: 83.75% (134/160)
Epoch [36/100], Training Loss: 0.0062
Validation Loss: 0.2513, Validation Accuracy: 40.94%

Per-Class Validation Accuracy:
  No Thrust: 28.75% (46/160)
  Chemical: 16.25% (26/160)
  Electric: 35.00% (56/160)
  Impulsive: 83.75% (134/160)
Epoch [37/100], Training Loss: 0.0060
Validation Loss: 0.2514, Validation Accuracy: 40.94%

Per-Class Validation Accuracy:
  No Thrust: 26.88% (43/160)
  Chemical: 16.25% (26/160)
  Electric: 36.88% (59/160)
  Impulsive: 83.75% (134/160)
Epoch [38/100], Training Loss: 0.0055
Validation Loss: 0.2517, Validation Accuracy: 41.72%

Per-Class Validation Accuracy:
  No Thrust: 27.50% (44/160)
  Chemical: 18.12% (29/160)
  Electric: 37.50% (60/160)
  Impulsive: 83.75% (134/160)
Epoch [39/100], Training Loss: 0.0056
Validation Loss: 0.2518, Validation Accuracy: 41.41%

Per-Class Validation Accuracy:
  No Thrust: 26.25% (42/160)
  Chemical: 19.38% (31/160)
  Electric: 36.25% (58/160)
  Impulsive: 83.75% (134/160)
Epoch [40/100], Training Loss: 0.0058
Validation Loss: 0.2516, Validation Accuracy: 41.88%

Per-Class Validation Accuracy:
  No Thrust: 26.25% (42/160)
  Chemical: 20.62% (33/160)
  Electric: 36.88% (59/160)
  Impulsive: 83.75% (134/160)
Epoch [41/100], Training Loss: 0.0053
Validation Loss: 0.2514, Validation Accuracy: 42.03%

Per-Class Validation Accuracy:
  No Thrust: 26.88% (43/160)
  Chemical: 21.25% (34/160)
  Electric: 36.25% (58/160)
  Impulsive: 83.75% (134/160)
Epoch [42/100], Training Loss: 0.0051
Validation Loss: 0.2501, Validation Accuracy: 41.88%

Per-Class Validation Accuracy:
  No Thrust: 29.38% (47/160)
  Chemical: 19.38% (31/160)
  Electric: 35.00% (56/160)
  Impulsive: 83.75% (134/160)
Epoch [43/100], Training Loss: 0.0048
Validation Loss: 0.2499, Validation Accuracy: 41.88%

Per-Class Validation Accuracy:
  No Thrust: 29.38% (47/160)
  Chemical: 19.38% (31/160)
  Electric: 35.00% (56/160)
  Impulsive: 83.75% (134/160)
Epoch [44/100], Training Loss: 0.0050
Validation Loss: 0.2504, Validation Accuracy: 42.34%

Per-Class Validation Accuracy:
  No Thrust: 29.38% (47/160)
  Chemical: 21.25% (34/160)
  Electric: 35.00% (56/160)
  Impulsive: 83.75% (134/160)
Epoch [45/100], Training Loss: 0.0048
Validation Loss: 0.2498, Validation Accuracy: 42.03%

Per-Class Validation Accuracy:
  No Thrust: 29.38% (47/160)
  Chemical: 20.62% (33/160)
  Electric: 34.38% (55/160)
  Impulsive: 83.75% (134/160)
Epoch [46/100], Training Loss: 0.0047
Validation Loss: 0.2505, Validation Accuracy: 41.88%

Per-Class Validation Accuracy:
  No Thrust: 27.50% (44/160)
  Chemical: 21.25% (34/160)
  Electric: 35.00% (56/160)
  Impulsive: 83.75% (134/160)
Epoch [47/100], Training Loss: 0.0049
Validation Loss: 0.2503, Validation Accuracy: 42.19%

Per-Class Validation Accuracy:
  No Thrust: 28.12% (45/160)
  Chemical: 21.25% (34/160)
  Electric: 35.62% (57/160)
  Impulsive: 83.75% (134/160)
Epoch [48/100], Training Loss: 0.0045
Validation Loss: 0.2510, Validation Accuracy: 41.72%

Per-Class Validation Accuracy:
  No Thrust: 25.62% (41/160)
  Chemical: 22.50% (36/160)
  Electric: 35.62% (57/160)
  Impulsive: 83.12% (133/160)
Epoch [49/100], Training Loss: 0.0046
Validation Loss: 0.2507, Validation Accuracy: 41.56%

Per-Class Validation Accuracy:
  No Thrust: 26.25% (42/160)
  Chemical: 21.25% (34/160)
  Electric: 35.62% (57/160)
  Impulsive: 83.12% (133/160)
Epoch [50/100], Training Loss: 0.0044
Validation Loss: 0.2504, Validation Accuracy: 42.03%

Per-Class Validation Accuracy:
  No Thrust: 26.25% (42/160)
  Chemical: 23.12% (37/160)
  Electric: 35.62% (57/160)
  Impulsive: 83.12% (133/160)
Epoch [51/100], Training Loss: 0.0041
Validation Loss: 0.2500, Validation Accuracy: 41.56%

Per-Class Validation Accuracy:
  No Thrust: 26.88% (43/160)
  Chemical: 21.88% (35/160)
  Electric: 34.38% (55/160)
  Impulsive: 83.12% (133/160)
Epoch [52/100], Training Loss: 0.0040
Validation Loss: 0.2498, Validation Accuracy: 41.72%

Per-Class Validation Accuracy:
  No Thrust: 27.50% (44/160)
  Chemical: 21.88% (35/160)
  Electric: 34.38% (55/160)
  Impulsive: 83.12% (133/160)
Epoch [53/100], Training Loss: 0.0043
Validation Loss: 0.2498, Validation Accuracy: 41.56%

Per-Class Validation Accuracy:
  No Thrust: 26.88% (43/160)
  Chemical: 21.88% (35/160)
  Electric: 34.38% (55/160)
  Impulsive: 83.12% (133/160)
Epoch [54/100], Training Loss: 0.0042
Validation Loss: 0.2503, Validation Accuracy: 42.03%

Per-Class Validation Accuracy:
  No Thrust: 26.25% (42/160)
  Chemical: 23.12% (37/160)
  Electric: 35.62% (57/160)
  Impulsive: 83.12% (133/160)
Epoch [55/100], Training Loss: 0.0038
Validation Loss: 0.2502, Validation Accuracy: 41.72%

Per-Class Validation Accuracy:
  No Thrust: 25.62% (41/160)
  Chemical: 22.50% (36/160)
  Electric: 35.62% (57/160)
  Impulsive: 83.12% (133/160)
Epoch [56/100], Training Loss: 0.0040
Validation Loss: 0.2500, Validation Accuracy: 41.72%

Per-Class Validation Accuracy:
  No Thrust: 26.88% (43/160)
  Chemical: 21.25% (34/160)
  Electric: 35.62% (57/160)
  Impulsive: 83.12% (133/160)
Epoch [57/100], Training Loss: 0.0039
Validation Loss: 0.2494, Validation Accuracy: 41.88%

Per-Class Validation Accuracy:
  No Thrust: 28.12% (45/160)
  Chemical: 21.25% (34/160)
  Electric: 35.62% (57/160)
  Impulsive: 82.50% (132/160)
Epoch [58/100], Training Loss: 0.0037
Validation Loss: 0.2493, Validation Accuracy: 41.88%

Per-Class Validation Accuracy:
  No Thrust: 28.12% (45/160)
  Chemical: 21.25% (34/160)
  Electric: 35.62% (57/160)
  Impulsive: 82.50% (132/160)
Epoch [59/100], Training Loss: 0.0038
Validation Loss: 0.2497, Validation Accuracy: 41.41%

Per-Class Validation Accuracy:
  No Thrust: 26.25% (42/160)
  Chemical: 21.88% (35/160)
  Electric: 35.00% (56/160)
  Impulsive: 82.50% (132/160)
Epoch [60/100], Training Loss: 0.0037
Validation Loss: 0.2495, Validation Accuracy: 41.41%

Per-Class Validation Accuracy:
  No Thrust: 26.88% (43/160)
  Chemical: 21.25% (34/160)
  Electric: 35.00% (56/160)
  Impulsive: 82.50% (132/160)
Epoch [61/100], Training Loss: 0.0039
Validation Loss: 0.2495, Validation Accuracy: 41.56%

Per-Class Validation Accuracy:
  No Thrust: 26.25% (42/160)
  Chemical: 21.88% (35/160)
  Electric: 35.62% (57/160)
  Impulsive: 82.50% (132/160)
Epoch [62/100], Training Loss: 0.0034
Validation Loss: 0.2493, Validation Accuracy: 41.25%

Per-Class Validation Accuracy:
  No Thrust: 26.25% (42/160)
  Chemical: 21.88% (35/160)
  Electric: 34.38% (55/160)
  Impulsive: 82.50% (132/160)
Epoch [63/100], Training Loss: 0.0036
Validation Loss: 0.2495, Validation Accuracy: 41.41%

Per-Class Validation Accuracy:
  No Thrust: 26.25% (42/160)
  Chemical: 21.88% (35/160)
  Electric: 35.00% (56/160)
  Impulsive: 82.50% (132/160)
Epoch [64/100], Training Loss: 0.0034
Validation Loss: 0.2494, Validation Accuracy: 41.72%

Per-Class Validation Accuracy:
  No Thrust: 26.25% (42/160)
  Chemical: 23.12% (37/160)
  Electric: 35.00% (56/160)
  Impulsive: 82.50% (132/160)
Epoch [65/100], Training Loss: 0.0035
Validation Loss: 0.2495, Validation Accuracy: 41.88%

Per-Class Validation Accuracy:
  No Thrust: 26.25% (42/160)
  Chemical: 24.38% (39/160)
  Electric: 34.38% (55/160)
  Impulsive: 82.50% (132/160)
Epoch [66/100], Training Loss: 0.0032
Validation Loss: 0.2492, Validation Accuracy: 41.72%

Per-Class Validation Accuracy:
  No Thrust: 26.25% (42/160)
  Chemical: 23.75% (38/160)
  Electric: 34.38% (55/160)
  Impulsive: 82.50% (132/160)
Epoch [67/100], Training Loss: 0.0030
Validation Loss: 0.2493, Validation Accuracy: 41.88%

Per-Class Validation Accuracy:
  No Thrust: 26.25% (42/160)
  Chemical: 23.75% (38/160)
  Electric: 35.00% (56/160)
  Impulsive: 82.50% (132/160)
Epoch [68/100], Training Loss: 0.0032
Validation Loss: 0.2491, Validation Accuracy: 41.88%

Per-Class Validation Accuracy:
  No Thrust: 26.25% (42/160)
  Chemical: 23.75% (38/160)
  Electric: 35.00% (56/160)
  Impulsive: 82.50% (132/160)
Epoch [69/100], Training Loss: 0.0031
Validation Loss: 0.2495, Validation Accuracy: 41.72%

Per-Class Validation Accuracy:
  No Thrust: 25.62% (41/160)
  Chemical: 23.75% (38/160)
  Electric: 35.00% (56/160)
  Impulsive: 82.50% (132/160)
Epoch [70/100], Training Loss: 0.0031
Validation Loss: 0.2495, Validation Accuracy: 42.19%

Per-Class Validation Accuracy:
  No Thrust: 26.25% (42/160)
  Chemical: 25.00% (40/160)
  Electric: 35.00% (56/160)
  Impulsive: 82.50% (132/160)
Epoch [71/100], Training Loss: 0.0029
Validation Loss: 0.2493, Validation Accuracy: 41.88%

Per-Class Validation Accuracy:
  No Thrust: 26.25% (42/160)
  Chemical: 23.75% (38/160)
  Electric: 35.00% (56/160)
  Impulsive: 82.50% (132/160)
Epoch [72/100], Training Loss: 0.0033
Validation Loss: 0.2494, Validation Accuracy: 42.03%

Per-Class Validation Accuracy:
  No Thrust: 26.25% (42/160)
  Chemical: 24.38% (39/160)
  Electric: 35.00% (56/160)
  Impulsive: 82.50% (132/160)
Epoch [73/100], Training Loss: 0.0030
Validation Loss: 0.2496, Validation Accuracy: 42.03%

Per-Class Validation Accuracy:
  No Thrust: 25.00% (40/160)
  Chemical: 25.00% (40/160)
  Electric: 35.62% (57/160)
  Impulsive: 82.50% (132/160)
Epoch [74/100], Training Loss: 0.0029
Validation Loss: 0.2495, Validation Accuracy: 41.88%

Per-Class Validation Accuracy:
  No Thrust: 25.62% (41/160)
  Chemical: 24.38% (39/160)
  Electric: 35.00% (56/160)
  Impulsive: 82.50% (132/160)
Epoch [75/100], Training Loss: 0.0028
Validation Loss: 0.2493, Validation Accuracy: 42.03%

Per-Class Validation Accuracy:
  No Thrust: 26.25% (42/160)
  Chemical: 24.38% (39/160)
  Electric: 35.00% (56/160)
  Impulsive: 82.50% (132/160)
Epoch [76/100], Training Loss: 0.0028
Validation Loss: 0.2494, Validation Accuracy: 42.03%

Per-Class Validation Accuracy:
  No Thrust: 26.25% (42/160)
  Chemical: 24.38% (39/160)
  Electric: 35.00% (56/160)
  Impulsive: 82.50% (132/160)
Epoch [77/100], Training Loss: 0.0029
Validation Loss: 0.2494, Validation Accuracy: 42.03%

Per-Class Validation Accuracy:
  No Thrust: 26.25% (42/160)
  Chemical: 24.38% (39/160)
  Electric: 35.00% (56/160)
  Impulsive: 82.50% (132/160)
Epoch [78/100], Training Loss: 0.0029
Validation Loss: 0.2492, Validation Accuracy: 42.03%

Per-Class Validation Accuracy:
  No Thrust: 26.25% (42/160)
  Chemical: 24.38% (39/160)
  Electric: 35.00% (56/160)
  Impulsive: 82.50% (132/160)
Epoch [79/100], Training Loss: 0.0028
Validation Loss: 0.2493, Validation Accuracy: 42.03%

Per-Class Validation Accuracy:
  No Thrust: 26.25% (42/160)
  Chemical: 24.38% (39/160)
  Electric: 35.00% (56/160)
  Impulsive: 82.50% (132/160)
Epoch [80/100], Training Loss: 0.0027
Validation Loss: 0.2493, Validation Accuracy: 42.03%

Per-Class Validation Accuracy:
  No Thrust: 26.25% (42/160)
  Chemical: 24.38% (39/160)
  Electric: 35.00% (56/160)
  Impulsive: 82.50% (132/160)
Epoch [81/100], Training Loss: 0.0028
Validation Loss: 0.2492, Validation Accuracy: 42.03%

Per-Class Validation Accuracy:
  No Thrust: 26.25% (42/160)
  Chemical: 24.38% (39/160)
  Electric: 35.00% (56/160)
  Impulsive: 82.50% (132/160)
Epoch [82/100], Training Loss: 0.0028
Validation Loss: 0.2492, Validation Accuracy: 41.88%

Per-Class Validation Accuracy:
  No Thrust: 26.25% (42/160)
  Chemical: 23.75% (38/160)
  Electric: 35.00% (56/160)
  Impulsive: 82.50% (132/160)
Epoch [83/100], Training Loss: 0.0026
Validation Loss: 0.2491, Validation Accuracy: 41.88%

Per-Class Validation Accuracy:
  No Thrust: 26.25% (42/160)
  Chemical: 23.75% (38/160)
  Electric: 35.00% (56/160)
  Impulsive: 82.50% (132/160)
Epoch [84/100], Training Loss: 0.0026
Validation Loss: 0.2492, Validation Accuracy: 41.88%

Per-Class Validation Accuracy:
  No Thrust: 26.25% (42/160)
  Chemical: 23.75% (38/160)
  Electric: 35.00% (56/160)
  Impulsive: 82.50% (132/160)
Epoch [85/100], Training Loss: 0.0025
Validation Loss: 0.2492, Validation Accuracy: 41.88%

Per-Class Validation Accuracy:
  No Thrust: 26.25% (42/160)
  Chemical: 23.75% (38/160)
  Electric: 35.00% (56/160)
  Impulsive: 82.50% (132/160)
Epoch [86/100], Training Loss: 0.0026
Validation Loss: 0.2492, Validation Accuracy: 41.88%

Per-Class Validation Accuracy:
  No Thrust: 26.25% (42/160)
  Chemical: 23.75% (38/160)
  Electric: 35.00% (56/160)
  Impulsive: 82.50% (132/160)
Epoch [87/100], Training Loss: 0.0026
Validation Loss: 0.2492, Validation Accuracy: 41.88%

Per-Class Validation Accuracy:
  No Thrust: 26.25% (42/160)
  Chemical: 23.75% (38/160)
  Electric: 35.00% (56/160)
  Impulsive: 82.50% (132/160)
Epoch [88/100], Training Loss: 0.0025
Validation Loss: 0.2492, Validation Accuracy: 42.03%

Per-Class Validation Accuracy:
  No Thrust: 26.25% (42/160)
  Chemical: 24.38% (39/160)
  Electric: 35.00% (56/160)
  Impulsive: 82.50% (132/160)
Epoch [89/100], Training Loss: 0.0023
Validation Loss: 0.2492, Validation Accuracy: 42.03%

Per-Class Validation Accuracy:
  No Thrust: 26.25% (42/160)
  Chemical: 24.38% (39/160)
  Electric: 35.00% (56/160)
  Impulsive: 82.50% (132/160)
Epoch [90/100], Training Loss: 0.0026
Validation Loss: 0.2492, Validation Accuracy: 42.03%

Per-Class Validation Accuracy:
  No Thrust: 26.25% (42/160)
  Chemical: 24.38% (39/160)
  Electric: 35.00% (56/160)
  Impulsive: 82.50% (132/160)
Epoch [91/100], Training Loss: 0.0022
Validation Loss: 0.2492, Validation Accuracy: 41.88%

Per-Class Validation Accuracy:
  No Thrust: 26.25% (42/160)
  Chemical: 23.75% (38/160)
  Electric: 35.00% (56/160)
  Impulsive: 82.50% (132/160)
Epoch [92/100], Training Loss: 0.0023
Validation Loss: 0.2492, Validation Accuracy: 42.03%

Per-Class Validation Accuracy:
  No Thrust: 26.25% (42/160)
  Chemical: 24.38% (39/160)
  Electric: 35.00% (56/160)
  Impulsive: 82.50% (132/160)
Epoch [93/100], Training Loss: 0.0023
Validation Loss: 0.2492, Validation Accuracy: 41.88%

Per-Class Validation Accuracy:
  No Thrust: 26.25% (42/160)
  Chemical: 23.75% (38/160)
  Electric: 35.00% (56/160)
  Impulsive: 82.50% (132/160)
Epoch [94/100], Training Loss: 0.0023
Validation Loss: 0.2492, Validation Accuracy: 42.03%

Per-Class Validation Accuracy:
  No Thrust: 26.25% (42/160)
  Chemical: 24.38% (39/160)
  Electric: 35.00% (56/160)
  Impulsive: 82.50% (132/160)
Epoch [95/100], Training Loss: 0.0022
Validation Loss: 0.2492, Validation Accuracy: 41.88%

Per-Class Validation Accuracy:
  No Thrust: 26.25% (42/160)
  Chemical: 23.75% (38/160)
  Electric: 35.00% (56/160)
  Impulsive: 82.50% (132/160)
Epoch [96/100], Training Loss: 0.0023
Validation Loss: 0.2492, Validation Accuracy: 42.03%

Per-Class Validation Accuracy:
  No Thrust: 26.25% (42/160)
  Chemical: 24.38% (39/160)
  Electric: 35.00% (56/160)
  Impulsive: 82.50% (132/160)
Epoch [97/100], Training Loss: 0.0024
Validation Loss: 0.2492, Validation Accuracy: 41.88%

Per-Class Validation Accuracy:
  No Thrust: 26.25% (42/160)
  Chemical: 23.75% (38/160)
  Electric: 35.00% (56/160)
  Impulsive: 82.50% (132/160)
Epoch [98/100], Training Loss: 0.0022
Validation Loss: 0.2492, Validation Accuracy: 42.03%

Per-Class Validation Accuracy:
  No Thrust: 26.25% (42/160)
  Chemical: 24.38% (39/160)
  Electric: 35.00% (56/160)
  Impulsive: 82.50% (132/160)
Epoch [99/100], Training Loss: 0.0020
Validation Loss: 0.2492, Validation Accuracy: 42.03%

Per-Class Validation Accuracy:
  No Thrust: 26.25% (42/160)
  Chemical: 24.38% (39/160)
  Electric: 35.00% (56/160)
  Impulsive: 82.50% (132/160)
Epoch [100/100], Training Loss: 0.0021

	Elapsed time is 6.7481 seconds.

==========================================================================================
Total parameters: 644
Total memory (bytes): 5152
Total memory (MB): 0.004913330078125
==========================================================================================

MLP Validation
Validation Loss: 0.2492, Validation Accuracy: 42.03%

Per-Class Validation Accuracy:
  No Thrust: 26.25% (42/160)
  Chemical: 24.38% (39/160)
  Electric: 35.00% (56/160)
  Impulsive: 82.50% (132/160)

MLP Inference Time	Elapsed time is 0.0562 seconds.

Classification Report:
              precision    recall  f1-score   support

           0     0.3066    0.2625    0.2828       160
           1     0.3023    0.2437    0.2699       160
           2     0.3544    0.3500    0.3522       160
           3     0.6111    0.8250    0.7021       160

    accuracy                         0.4203       640
   macro avg     0.3936    0.4203    0.4018       640
weighted avg     0.3936    0.4203    0.4018       640


Confusion Matrix (rows = true, cols = predicted):
             P_No Thrust  P_Chemical  P_Electric  P_Impulsive
T_No Thrust           42          37          54           27
T_Chemical            44          39          45           32
T_Electric            42          37          56           25
T_Impulsive            9          16           3          132
